5.6691 	WARNING 	User requested fullscreen with size [1024  768], but screen is actually [1280, 800]. Using actual size
6.3947 	EXP 	Created window1 = Window(allowGUI=False, allowStencil=False, args=UNKNOWN, autoLog=True, bitsMode=UNKNOWN, blendMode='avg', color=array([-1., -1., -1.]), colorSpace='rgb', fullscr=UNKNOWN, gamma=None, kwargs=UNKNOWN, lms=UNKNOWN, monitor=<psychopy.monitors.calibTools.Monitor object at 0x112320a58>, multiSample=False, name='window1', numSamples=2, pos=[0.0, 0.0], screen=0, size=array([2560, 1600]), stereo=False, units='norm', useFBO=True, useRetina=True, viewOri=0.0, viewPos=None, viewScale=None, waitBlanking=True, winType='pyglet')
6.3947 	EXP 	window1: recordFrameIntervals = False
6.5611 	EXP 	window1: recordFrameIntervals = True
6.7438 	EXP 	window1: recordFrameIntervals = False
6.7515 	EXP 	<method-wrapper '__getattribute__' of attributeSetter object at 0x105f8feb8>: vertices = array([[-0.25,  0.25],
       [ 0.25,  0.25],
       [ 0.25, -0.25],
       [-0.25, -0.25]])
6.7531 	EXP 	Created whitesquare = Rect(__class__=<class 'psychopy.visual.rect.Rect'>, autoDraw=False, autoLog=True, closeShape=True, contrast=1.0, depth=0.0, fillColor=array([1., 1., 1.]), fillColorSpace='rgb', fillRGB=array([1., 1., 1.]), interpolate=True, lineColor=array([1., 1., 1.]), lineColorSpace='rgb', lineRGB=array([1., 1., 1.]), lineWidth=1, name='whitesquare', opacity=0.9, ori=array(0.), pos=array([14.9, 11.2]), size=array([1., 1.]), units='cm', vertices=ndarray(...), win=Window(...))
6.8727 	EXP 	Created intro_text = TextStim(__class__=<class 'psychopy.visual.text.TextStim'>, alignHoriz='center', alignVert='center', antialias=True, autoLog=True, bold=False, color='white', colorSpace='named', contrast=1.0, depth=0.0, flipHoriz=False, flipVert=False, font='Arial', fontFiles=[], height=0.1, italic=False, name='intro_text', opacity=1.0, ori=0, pos=array([0., 0.]), rgb=array([255., 255., 255.]), text=str(...), units='norm', win=Window(...), wrapWidth=1)
6.8983 	EXP 	Created intro_text = TextStim(__class__=<class 'psychopy.visual.text.TextStim'>, alignHoriz='center', alignVert='center', antialias=True, autoLog=True, bold=False, color='white', colorSpace='named', contrast=1.0, depth=0.0, flipHoriz=False, flipVert=False, font='Arial', fontFiles=[], height=0.1, italic=False, name='intro_text', opacity=1.0, ori=0, pos=array([0., 0.]), rgb=array([255., 255., 255.]), text=str(...), units='norm', win=Window(...), wrapWidth=1)
6.9131 	EXP 	Created open_text = TextStim(__class__=<class 'psychopy.visual.text.TextStim'>, alignHoriz='center', alignVert='center', antialias=True, autoLog=True, bold=False, color='white', colorSpace='named', contrast=1.0, depth=0.0, flipHoriz=False, flipVert=False, font='Arial', fontFiles=[], height=0.1, italic=False, name='open_text', opacity=1.0, ori=0, pos=array([0., 0.]), rgb=array([255., 255., 255.]), text=str(...), units='norm', win=Window(...), wrapWidth=1)
6.9187 	EXP 	Created fixation = TextStim(__class__=<class 'psychopy.visual.text.TextStim'>, alignHoriz='center', alignVert='center', antialias=True, autoLog=True, bold=False, color='white', colorSpace='named', contrast=1.0, depth=-1.0, flipHoriz=False, flipVert=False, font='Arial', fontFiles=[], height=0.1, italic=False, name='fixation', opacity=1.0, ori=0, pos=array([0., 0.]), rgb=array([255., 255., 255.]), text='+\n', units='norm', win=Window(...), wrapWidth=1)
6.9359 	EXP 	Created close_text = TextStim(__class__=<class 'psychopy.visual.text.TextStim'>, alignHoriz='center', alignVert='center', antialias=True, autoLog=True, bold=False, color='white', colorSpace='named', contrast=1.0, depth=0.0, flipHoriz=False, flipVert=False, font='Arial', fontFiles=[], height=0.1, italic=False, name='close_text', opacity=1.0, ori=0, pos=array([0., 0.]), rgb=array([255., 255., 255.]), text=str(...), units='norm', win=Window(...), wrapWidth=1)
6.9434 	EXP 	Created blank = TextStim(__class__=<class 'psychopy.visual.text.TextStim'>, alignHoriz='center', alignVert='center', antialias=True, autoLog=True, bold=False, color='white', colorSpace='named', contrast=1.0, depth=-1.0, flipHoriz=False, flipVert=False, font='Arial', fontFiles=[], height=0.1, italic=False, name='blank', opacity=1.0, ori=0, pos=array([0., 0.]), rgb=array([255., 255., 255.]), text=' ', units='norm', win=Window(...), wrapWidth=1)
7.0216 	EXP 	Set  sound=./sound/open_speak.wav
7.0216 	EXP 	Set Sound  volume=1.000
7.0411 	EXP 	Created gaze_text = TextStim(__class__=<class 'psychopy.visual.text.TextStim'>, alignHoriz='center', alignVert='center', antialias=True, autoLog=True, bold=False, color='white', colorSpace='named', contrast=1.0, depth=0.0, flipHoriz=False, flipVert=False, font='Arial', fontFiles=[], height=0.1, italic=False, name='gaze_text', opacity=1.0, ori=0, pos=array([0., 0.]), rgb=array([255., 255., 255.]), text=str(...), units='norm', win=Window(...), wrapWidth=1)
7.0442 	EXP 	Created center = ShapeStim(__class__=<class 'psychopy.visual.shape.ShapeStim'>, autoDraw=False, autoLog=True, closeShape=True, contrast=1.0, depth=0.0, fillColor=array([1., 1., 1.]), fillColorSpace='rgb', interpolate=True, lineColor=array([1., 1., 1.]), lineColorSpace='rgb', lineWidth=1, name='center', opacity=1.0, ori=array(0.), pos=array([0., 0.]), size=array([0.5, 0.5]), units='cm', vertices=ndarray(...), win=Window(...), windingRule=None)
7.0452 	EXP 	Set  sound=./sound/left_speak.wav
7.0453 	EXP 	Set Sound  volume=1.000
7.0479 	EXP 	Created left = ShapeStim(__class__=<class 'psychopy.visual.shape.ShapeStim'>, autoDraw=False, autoLog=True, closeShape=True, contrast=1.0, depth=0.0, fillColor=array([1., 1., 1.]), fillColorSpace='rgb', interpolate=True, lineColor=array([1., 1., 1.]), lineColorSpace='rgb', lineWidth=1, name='left', opacity=1.0, ori=array(0.), pos=array([-10.,   0.]), size=array([0.5, 0.5]), units='cm', vertices=ndarray(...), win=Window(...), windingRule=None)
7.0487 	EXP 	Set  sound=./sound/right_speak.wav
7.0487 	EXP 	Set Sound  volume=1.000
7.0508 	EXP 	Created right = ShapeStim(__class__=<class 'psychopy.visual.shape.ShapeStim'>, autoDraw=False, autoLog=True, closeShape=True, contrast=1.0, depth=0.0, fillColor=array([1., 1., 1.]), fillColorSpace='rgb', interpolate=True, lineColor=array([1., 1., 1.]), lineColorSpace='rgb', lineWidth=1, name='right', opacity=1.0, ori=array(0.), pos=array([10.,  0.]), size=array([0.5, 0.5]), units='cm', vertices=ndarray(...), win=Window(...), windingRule=None)
7.0517 	EXP 	Set  sound=./sound/up_speak.wav
7.0518 	EXP 	Set Sound  volume=1.000
7.0538 	EXP 	Created up = ShapeStim(__class__=<class 'psychopy.visual.shape.ShapeStim'>, autoDraw=False, autoLog=True, closeShape=True, contrast=1.0, depth=0.0, fillColor=array([1., 1., 1.]), fillColorSpace='rgb', interpolate=True, lineColor=array([1., 1., 1.]), lineColorSpace='rgb', lineWidth=1, name='up', opacity=1.0, ori=array(0.), pos=array([ 0., 10.]), size=array([0.5, 0.5]), units='cm', vertices=ndarray(...), win=Window(...), windingRule=None)
7.0548 	EXP 	Set  sound=./sound/down_speak.wav
7.0548 	EXP 	Set Sound  volume=1.000
7.0576 	EXP 	Created down = ShapeStim(__class__=<class 'psychopy.visual.shape.ShapeStim'>, autoDraw=False, autoLog=True, closeShape=True, contrast=1.0, depth=0.0, fillColor=array([1., 1., 1.]), fillColorSpace='rgb', interpolate=True, lineColor=array([1., 1., 1.]), lineColorSpace='rgb', lineWidth=1, name='down', opacity=1.0, ori=array(0.), pos=array([  0., -10.]), size=array([0.5, 0.5]), units='cm', vertices=ndarray(...), win=Window(...), windingRule=None)
7.0694 	EXP 	Created esc = TextStim(__class__=<class 'psychopy.visual.text.TextStim'>, alignHoriz='center', alignVert='center', antialias=True, autoLog=True, bold=False, color='white', colorSpace='named', contrast=1.0, depth=0.0, flipHoriz=False, flipVert=False, font='Arial', fontFiles=[], height=0.1, italic=False, name='esc', opacity=1.0, ori=0, pos=array([0., 0.]), rgb=array([255., 255., 255.]), text="End of test\n\nPress 'esc'", units='norm', win=Window(...), wrapWidth=1)
7.0954 	EXP 	intro_text: autoDraw = True
7.0954 	EXP 	whitesquare: autoDraw = True
7.6985 	DATA 	Keypress: space
7.7106 	EXP 	intro_text: autoDraw = False
7.7106 	EXP 	whitesquare: autoDraw = False
7.7106 	EXP 	intro_text: autoDraw = True
8.0641 	DATA 	Keypress: space
8.0773 	EXP 	intro_text: autoDraw = False
10.5636 	DATA 	wsqS
10.5791 	EXP 	whitesquare: autoDraw = True
10.5797 	DATA 	wsqS
10.5963 	EXP 	whitesquare: autoDraw = True
10.5963 	EXP 	whitesquare: autoDraw = False
10.5969 	DATA 	wsqS
10.6127 	EXP 	whitesquare: autoDraw = True
10.6127 	EXP 	whitesquare: autoDraw = False
10.6133 	DATA 	wsqS
10.6298 	EXP 	whitesquare: autoDraw = True
10.6298 	EXP 	whitesquare: autoDraw = False
10.6305 	DATA 	wsqS
10.6456 	EXP 	whitesquare: autoDraw = True
10.6456 	EXP 	whitesquare: autoDraw = False
10.6461 	DATA 	wsqS
10.6625 	EXP 	whitesquare: autoDraw = True
10.6625 	EXP 	whitesquare: autoDraw = False
10.6630 	DATA 	wsqS
10.6788 	EXP 	whitesquare: autoDraw = True
10.6788 	EXP 	whitesquare: autoDraw = False
10.6794 	DATA 	wsqS
10.6958 	EXP 	whitesquare: autoDraw = True
10.6958 	EXP 	whitesquare: autoDraw = False
10.6964 	DATA 	wsqS
10.7122 	EXP 	whitesquare: autoDraw = True
10.7122 	EXP 	whitesquare: autoDraw = False
10.7128 	DATA 	wsqS
10.7292 	EXP 	whitesquare: autoDraw = True
10.7292 	EXP 	whitesquare: autoDraw = False
10.7296 	DATA 	wsqS
10.7453 	EXP 	whitesquare: autoDraw = True
10.7453 	EXP 	whitesquare: autoDraw = False
10.7459 	DATA 	wsqS
10.7628 	EXP 	whitesquare: autoDraw = True
10.7628 	EXP 	whitesquare: autoDraw = False
10.7634 	DATA 	wsqS
10.7786 	EXP 	whitesquare: autoDraw = True
10.7786 	EXP 	whitesquare: autoDraw = False
10.7791 	DATA 	wsqS
10.7958 	EXP 	whitesquare: autoDraw = True
10.7958 	EXP 	whitesquare: autoDraw = False
10.7964 	DATA 	wsqS
10.8128 	EXP 	whitesquare: autoDraw = True
10.8128 	EXP 	whitesquare: autoDraw = False
10.8134 	DATA 	wsqS
10.8294 	EXP 	whitesquare: autoDraw = True
10.8294 	EXP 	whitesquare: autoDraw = False
10.8301 	DATA 	wsqS
10.8461 	EXP 	whitesquare: autoDraw = True
10.8461 	EXP 	whitesquare: autoDraw = False
10.8467 	DATA 	wsqS
10.8626 	EXP 	whitesquare: autoDraw = True
10.8626 	EXP 	whitesquare: autoDraw = False
10.8634 	DATA 	wsqS
10.8787 	EXP 	whitesquare: autoDraw = True
10.8787 	EXP 	whitesquare: autoDraw = False
10.8796 	DATA 	wsqS
10.8956 	EXP 	whitesquare: autoDraw = True
10.8956 	EXP 	whitesquare: autoDraw = False
10.8965 	DATA 	wsqS
10.9120 	EXP 	whitesquare: autoDraw = True
10.9120 	EXP 	whitesquare: autoDraw = False
10.9128 	DATA 	wsqS
10.9291 	EXP 	whitesquare: autoDraw = True
10.9291 	EXP 	whitesquare: autoDraw = False
10.9298 	DATA 	wsqS
10.9456 	EXP 	whitesquare: autoDraw = True
10.9456 	EXP 	whitesquare: autoDraw = False
10.9463 	DATA 	wsqS
10.9625 	EXP 	whitesquare: autoDraw = True
10.9625 	EXP 	whitesquare: autoDraw = False
10.9633 	DATA 	wsqS
10.9787 	EXP 	whitesquare: autoDraw = True
10.9787 	EXP 	whitesquare: autoDraw = False
10.9795 	DATA 	wsqS
10.9959 	EXP 	whitesquare: autoDraw = True
10.9959 	EXP 	whitesquare: autoDraw = False
10.9966 	DATA 	wsqS
11.0121 	EXP 	whitesquare: autoDraw = True
11.0121 	EXP 	whitesquare: autoDraw = False
11.0128 	DATA 	wsqS
11.0291 	EXP 	whitesquare: autoDraw = True
11.0291 	EXP 	whitesquare: autoDraw = False
11.0300 	DATA 	wsqS
11.0453 	EXP 	whitesquare: autoDraw = True
11.0453 	EXP 	whitesquare: autoDraw = False
11.0461 	DATA 	wsqS
11.0624 	EXP 	whitesquare: autoDraw = True
11.0624 	EXP 	whitesquare: autoDraw = False
11.0632 	DATA 	wsqS
11.0786 	EXP 	whitesquare: autoDraw = True
11.0786 	EXP 	whitesquare: autoDraw = False
11.0795 	DATA 	wsqS
11.0957 	EXP 	whitesquare: autoDraw = True
11.0957 	EXP 	whitesquare: autoDraw = False
11.0965 	DATA 	wsqS
11.1120 	EXP 	whitesquare: autoDraw = True
11.1120 	EXP 	whitesquare: autoDraw = False
11.1128 	DATA 	wsqS
11.1291 	EXP 	whitesquare: autoDraw = True
11.1291 	EXP 	whitesquare: autoDraw = False
11.1298 	DATA 	wsqS
11.1455 	EXP 	whitesquare: autoDraw = True
11.1455 	EXP 	whitesquare: autoDraw = False
11.1462 	DATA 	wsqS
11.1624 	EXP 	whitesquare: autoDraw = True
11.1624 	EXP 	whitesquare: autoDraw = False
11.1631 	DATA 	wsqS
11.1789 	EXP 	whitesquare: autoDraw = True
11.1789 	EXP 	whitesquare: autoDraw = False
11.1796 	DATA 	wsqS
11.1958 	EXP 	whitesquare: autoDraw = True
11.1958 	EXP 	whitesquare: autoDraw = False
11.1968 	DATA 	wsqS
11.2122 	EXP 	whitesquare: autoDraw = True
11.2122 	EXP 	whitesquare: autoDraw = False
11.2131 	DATA 	wsqS
11.2291 	EXP 	whitesquare: autoDraw = True
11.2291 	EXP 	whitesquare: autoDraw = False
11.2301 	DATA 	wsqS
11.2455 	EXP 	whitesquare: autoDraw = True
11.2455 	EXP 	whitesquare: autoDraw = False
11.2464 	DATA 	wsqS
11.2626 	EXP 	whitesquare: autoDraw = True
11.2626 	EXP 	whitesquare: autoDraw = False
11.2634 	DATA 	wsqS
11.2790 	EXP 	whitesquare: autoDraw = True
11.2790 	EXP 	whitesquare: autoDraw = False
11.2797 	DATA 	wsqS
11.2961 	EXP 	whitesquare: autoDraw = True
11.2961 	EXP 	whitesquare: autoDraw = False
11.2966 	DATA 	wsqS
11.3122 	EXP 	whitesquare: autoDraw = True
11.3122 	EXP 	whitesquare: autoDraw = False
11.3131 	DATA 	wsqS
11.3294 	EXP 	whitesquare: autoDraw = True
11.3294 	EXP 	whitesquare: autoDraw = False
11.3301 	DATA 	wsqS
11.3456 	EXP 	whitesquare: autoDraw = True
11.3456 	EXP 	whitesquare: autoDraw = False
11.3464 	DATA 	wsqS
11.3627 	EXP 	whitesquare: autoDraw = True
11.3627 	EXP 	whitesquare: autoDraw = False
11.3634 	DATA 	wsqS
11.3790 	EXP 	whitesquare: autoDraw = True
11.3790 	EXP 	whitesquare: autoDraw = False
11.3798 	DATA 	wsqS
11.3959 	EXP 	whitesquare: autoDraw = True
11.3959 	EXP 	whitesquare: autoDraw = False
11.3967 	DATA 	wsqS
11.4123 	EXP 	whitesquare: autoDraw = True
11.4123 	EXP 	whitesquare: autoDraw = False
11.4130 	DATA 	wsqS
11.4292 	EXP 	whitesquare: autoDraw = True
11.4292 	EXP 	whitesquare: autoDraw = False
11.4299 	DATA 	wsqS
11.4455 	EXP 	whitesquare: autoDraw = True
11.4455 	EXP 	whitesquare: autoDraw = False
11.4462 	DATA 	wsqS
11.4625 	EXP 	whitesquare: autoDraw = True
11.4625 	EXP 	whitesquare: autoDraw = False
11.4633 	DATA 	wsqS
11.4788 	EXP 	whitesquare: autoDraw = True
11.4788 	EXP 	whitesquare: autoDraw = False
11.4795 	DATA 	wsqS
11.4959 	EXP 	whitesquare: autoDraw = True
11.4959 	EXP 	whitesquare: autoDraw = False
11.4968 	DATA 	wsqS
11.5126 	EXP 	whitesquare: autoDraw = True
11.5126 	EXP 	whitesquare: autoDraw = False
11.5133 	DATA 	wsqS
11.5294 	EXP 	whitesquare: autoDraw = True
11.5294 	EXP 	whitesquare: autoDraw = False
11.5301 	DATA 	wsqS
11.5455 	EXP 	whitesquare: autoDraw = True
11.5455 	EXP 	whitesquare: autoDraw = False
11.5463 	DATA 	wsqS
11.5627 	EXP 	whitesquare: autoDraw = True
11.5627 	EXP 	whitesquare: autoDraw = False
11.5636 	DATA 	wsqS
11.5789 	EXP 	whitesquare: autoDraw = True
11.5789 	EXP 	whitesquare: autoDraw = False
11.5797 	DATA 	wsqS
11.5960 	EXP 	whitesquare: autoDraw = True
11.5960 	EXP 	whitesquare: autoDraw = False
11.5968 	DATA 	wsqS
11.6123 	EXP 	whitesquare: autoDraw = True
11.6123 	EXP 	whitesquare: autoDraw = False
11.6131 	DATA 	wsqS
11.6294 	EXP 	whitesquare: autoDraw = True
11.6294 	EXP 	whitesquare: autoDraw = False
11.6302 	DATA 	wsqS
11.6457 	EXP 	whitesquare: autoDraw = True
11.6457 	EXP 	whitesquare: autoDraw = False
11.6465 	DATA 	wsqS
11.6628 	EXP 	whitesquare: autoDraw = True
11.6628 	EXP 	whitesquare: autoDraw = False
11.6635 	DATA 	wsqS
11.6791 	EXP 	whitesquare: autoDraw = True
11.6791 	EXP 	whitesquare: autoDraw = False
11.6798 	DATA 	wsqS
11.6961 	EXP 	whitesquare: autoDraw = True
11.6961 	EXP 	whitesquare: autoDraw = False
11.6968 	DATA 	wsqS
11.7124 	EXP 	whitesquare: autoDraw = True
11.7124 	EXP 	whitesquare: autoDraw = False
11.7132 	DATA 	wsqS
11.7295 	EXP 	whitesquare: autoDraw = True
11.7295 	EXP 	whitesquare: autoDraw = False
11.7302 	DATA 	wsqS
11.7457 	EXP 	whitesquare: autoDraw = True
11.7457 	EXP 	whitesquare: autoDraw = False
11.7464 	DATA 	wsqS
11.7628 	EXP 	whitesquare: autoDraw = True
11.7628 	EXP 	whitesquare: autoDraw = False
11.7636 	DATA 	wsqS
11.7790 	EXP 	whitesquare: autoDraw = True
11.7790 	EXP 	whitesquare: autoDraw = False
11.7798 	DATA 	wsqS
11.7961 	EXP 	whitesquare: autoDraw = True
11.7961 	EXP 	whitesquare: autoDraw = False
11.7970 	DATA 	wsqS
11.8123 	EXP 	whitesquare: autoDraw = True
11.8123 	EXP 	whitesquare: autoDraw = False
11.8131 	DATA 	wsqS
11.8295 	EXP 	whitesquare: autoDraw = True
11.8295 	EXP 	whitesquare: autoDraw = False
11.8302 	DATA 	wsqS
11.8457 	EXP 	whitesquare: autoDraw = True
11.8457 	EXP 	whitesquare: autoDraw = False
11.8464 	DATA 	wsqS
11.8628 	EXP 	whitesquare: autoDraw = True
11.8628 	EXP 	whitesquare: autoDraw = False
11.8635 	DATA 	wsqS
11.8790 	EXP 	whitesquare: autoDraw = True
11.8790 	EXP 	whitesquare: autoDraw = False
11.8798 	DATA 	wsqS
11.8961 	EXP 	whitesquare: autoDraw = True
11.8961 	EXP 	whitesquare: autoDraw = False
11.8969 	DATA 	wsqS
11.9124 	EXP 	whitesquare: autoDraw = True
11.9124 	EXP 	whitesquare: autoDraw = False
11.9132 	DATA 	wsqS
11.9294 	EXP 	whitesquare: autoDraw = True
11.9294 	EXP 	whitesquare: autoDraw = False
11.9304 	DATA 	wsqS
11.9459 	EXP 	whitesquare: autoDraw = True
11.9459 	EXP 	whitesquare: autoDraw = False
11.9469 	DATA 	wsqS
11.9630 	EXP 	whitesquare: autoDraw = True
11.9630 	EXP 	whitesquare: autoDraw = False
11.9639 	DATA 	wsqS
11.9792 	EXP 	whitesquare: autoDraw = True
11.9792 	EXP 	whitesquare: autoDraw = False
11.9800 	DATA 	wsqS
11.9962 	EXP 	whitesquare: autoDraw = True
11.9962 	EXP 	whitesquare: autoDraw = False
11.9971 	DATA 	wsqS
12.0126 	EXP 	whitesquare: autoDraw = True
12.0126 	EXP 	whitesquare: autoDraw = False
12.0134 	DATA 	wsqS
12.0298 	EXP 	whitesquare: autoDraw = True
12.0298 	EXP 	whitesquare: autoDraw = False
12.0305 	DATA 	wsqS
12.0460 	EXP 	whitesquare: autoDraw = True
12.0460 	EXP 	whitesquare: autoDraw = False
12.0467 	DATA 	wsqS
12.0632 	EXP 	whitesquare: autoDraw = True
12.0632 	EXP 	whitesquare: autoDraw = False
12.0641 	DATA 	wsqS
12.0793 	EXP 	whitesquare: autoDraw = True
12.0793 	EXP 	whitesquare: autoDraw = False
12.0800 	DATA 	wsqS
12.0964 	EXP 	whitesquare: autoDraw = True
12.0964 	EXP 	whitesquare: autoDraw = False
12.0971 	DATA 	wsqS
12.1126 	EXP 	whitesquare: autoDraw = True
12.1126 	EXP 	whitesquare: autoDraw = False
12.1133 	DATA 	wsqS
12.1300 	EXP 	whitesquare: autoDraw = True
12.1300 	EXP 	whitesquare: autoDraw = False
12.1305 	DATA 	wsqS
12.1458 	EXP 	whitesquare: autoDraw = True
12.1458 	EXP 	whitesquare: autoDraw = False
12.1466 	DATA 	wsqS
12.1629 	EXP 	whitesquare: autoDraw = True
12.1629 	EXP 	whitesquare: autoDraw = False
12.1637 	DATA 	wsqS
12.1792 	EXP 	whitesquare: autoDraw = True
12.1792 	EXP 	whitesquare: autoDraw = False
12.1800 	DATA 	wsqS
12.1963 	EXP 	whitesquare: autoDraw = True
12.1963 	EXP 	whitesquare: autoDraw = False
12.1971 	DATA 	wsqS
12.2126 	EXP 	whitesquare: autoDraw = True
12.2126 	EXP 	whitesquare: autoDraw = False
12.2133 	DATA 	wsqS
12.2296 	EXP 	whitesquare: autoDraw = True
12.2296 	EXP 	whitesquare: autoDraw = False
12.2304 	DATA 	wsqS
12.2459 	EXP 	whitesquare: autoDraw = True
12.2459 	EXP 	whitesquare: autoDraw = False
12.2467 	DATA 	wsqS
12.2629 	EXP 	whitesquare: autoDraw = True
12.2629 	EXP 	whitesquare: autoDraw = False
12.2638 	DATA 	wsqS
12.2793 	EXP 	whitesquare: autoDraw = True
12.2793 	EXP 	whitesquare: autoDraw = False
12.2800 	DATA 	wsqS
12.2966 	EXP 	whitesquare: autoDraw = True
12.2966 	EXP 	whitesquare: autoDraw = False
12.2972 	DATA 	wsqS
12.3126 	EXP 	whitesquare: autoDraw = True
12.3126 	EXP 	whitesquare: autoDraw = False
12.3135 	DATA 	wsqS
12.3300 	EXP 	whitesquare: autoDraw = True
12.3300 	EXP 	whitesquare: autoDraw = False
12.3307 	DATA 	wsqS
12.3463 	EXP 	whitesquare: autoDraw = True
12.3463 	EXP 	whitesquare: autoDraw = False
12.3470 	DATA 	wsqS
12.3633 	EXP 	whitesquare: autoDraw = True
12.3633 	EXP 	whitesquare: autoDraw = False
12.3640 	DATA 	wsqS
12.3794 	EXP 	whitesquare: autoDraw = True
12.3794 	EXP 	whitesquare: autoDraw = False
12.3802 	DATA 	wsqS
12.3965 	EXP 	whitesquare: autoDraw = True
12.3965 	EXP 	whitesquare: autoDraw = False
12.3973 	DATA 	wsqS
12.4127 	EXP 	whitesquare: autoDraw = True
12.4127 	EXP 	whitesquare: autoDraw = False
12.4135 	DATA 	wsqS
12.4298 	EXP 	whitesquare: autoDraw = True
12.4298 	EXP 	whitesquare: autoDraw = False
12.4305 	DATA 	wsqS
12.4465 	EXP 	whitesquare: autoDraw = True
12.4465 	EXP 	whitesquare: autoDraw = False
12.4473 	DATA 	wsqS
12.4632 	EXP 	whitesquare: autoDraw = True
12.4632 	EXP 	whitesquare: autoDraw = False
12.4639 	DATA 	wsqS
12.4795 	EXP 	whitesquare: autoDraw = True
12.4795 	EXP 	whitesquare: autoDraw = False
12.4802 	DATA 	wsqS
12.4964 	EXP 	whitesquare: autoDraw = True
12.4964 	EXP 	whitesquare: autoDraw = False
12.4971 	DATA 	wsqS
12.5127 	EXP 	whitesquare: autoDraw = True
12.5127 	EXP 	whitesquare: autoDraw = False
12.5135 	DATA 	wsqS
12.5299 	EXP 	whitesquare: autoDraw = True
12.5299 	EXP 	whitesquare: autoDraw = False
12.5304 	DATA 	wsqS
12.5460 	EXP 	whitesquare: autoDraw = True
12.5460 	EXP 	whitesquare: autoDraw = False
12.5469 	DATA 	wsqS
12.5631 	EXP 	whitesquare: autoDraw = True
12.5631 	EXP 	whitesquare: autoDraw = False
12.5640 	DATA 	wsqS
12.5649 	EXP 	Set  sound=./sound/open_speak.wav
12.5795 	EXP 	whitesquare: autoDraw = True
12.5795 	EXP 	whitesquare: autoDraw = False
15.0658 	DATA 	wsqS
15.0805 	EXP 	whitesquare: autoDraw = True
15.0813 	DATA 	wsqS
15.0979 	EXP 	whitesquare: autoDraw = True
15.0979 	EXP 	whitesquare: autoDraw = False
15.0987 	DATA 	wsqS
15.1140 	EXP 	whitesquare: autoDraw = True
15.1140 	EXP 	whitesquare: autoDraw = False
15.1148 	DATA 	wsqS
15.1310 	EXP 	whitesquare: autoDraw = True
15.1310 	EXP 	whitesquare: autoDraw = False
15.1317 	DATA 	wsqS
15.1473 	EXP 	whitesquare: autoDraw = True
15.1473 	EXP 	whitesquare: autoDraw = False
15.1481 	DATA 	wsqS
15.1644 	EXP 	whitesquare: autoDraw = True
15.1644 	EXP 	whitesquare: autoDraw = False
15.1650 	DATA 	wsqS
15.1808 	EXP 	whitesquare: autoDraw = True
15.1808 	EXP 	whitesquare: autoDraw = False
15.1813 	DATA 	wsqS
15.1979 	EXP 	whitesquare: autoDraw = True
15.1979 	EXP 	whitesquare: autoDraw = False
15.1986 	DATA 	wsqS
15.2141 	EXP 	whitesquare: autoDraw = True
15.2141 	EXP 	whitesquare: autoDraw = False
15.2147 	DATA 	wsqS
15.2318 	EXP 	whitesquare: autoDraw = True
15.2318 	EXP 	whitesquare: autoDraw = False
15.2323 	DATA 	wsqS
15.2482 	EXP 	whitesquare: autoDraw = True
15.2482 	EXP 	whitesquare: autoDraw = False
15.2488 	DATA 	wsqS
15.2644 	EXP 	whitesquare: autoDraw = True
15.2644 	EXP 	whitesquare: autoDraw = False
15.2649 	DATA 	wsqS
15.2808 	EXP 	whitesquare: autoDraw = True
15.2808 	EXP 	whitesquare: autoDraw = False
15.2813 	DATA 	wsqS
15.2981 	EXP 	whitesquare: autoDraw = True
15.2981 	EXP 	whitesquare: autoDraw = False
15.2987 	DATA 	wsqS
15.3142 	EXP 	whitesquare: autoDraw = True
15.3142 	EXP 	whitesquare: autoDraw = False
15.3147 	DATA 	wsqS
15.3315 	EXP 	whitesquare: autoDraw = True
15.3315 	EXP 	whitesquare: autoDraw = False
15.3321 	DATA 	wsqS
15.3477 	EXP 	whitesquare: autoDraw = True
15.3477 	EXP 	whitesquare: autoDraw = False
15.3482 	DATA 	wsqS
15.3647 	EXP 	whitesquare: autoDraw = True
15.3647 	EXP 	whitesquare: autoDraw = False
15.3653 	DATA 	wsqS
15.3814 	EXP 	whitesquare: autoDraw = True
15.3814 	EXP 	whitesquare: autoDraw = False
15.3822 	DATA 	wsqS
15.3987 	EXP 	whitesquare: autoDraw = True
15.3987 	EXP 	whitesquare: autoDraw = False
15.3994 	DATA 	wsqS
15.4144 	EXP 	whitesquare: autoDraw = True
15.4144 	EXP 	whitesquare: autoDraw = False
15.4154 	DATA 	wsqS
15.4313 	EXP 	whitesquare: autoDraw = True
15.4313 	EXP 	whitesquare: autoDraw = False
15.4319 	DATA 	wsqS
15.4475 	EXP 	whitesquare: autoDraw = True
15.4475 	EXP 	whitesquare: autoDraw = False
15.4480 	DATA 	wsqS
15.4652 	EXP 	whitesquare: autoDraw = True
15.4652 	EXP 	whitesquare: autoDraw = False
15.4657 	DATA 	wsqS
15.4808 	EXP 	whitesquare: autoDraw = True
15.4808 	EXP 	whitesquare: autoDraw = False
15.4813 	DATA 	wsqS
15.4981 	EXP 	whitesquare: autoDraw = True
15.4981 	EXP 	whitesquare: autoDraw = False
15.4987 	DATA 	wsqS
15.5143 	EXP 	whitesquare: autoDraw = True
15.5143 	EXP 	whitesquare: autoDraw = False
15.5148 	DATA 	wsqS
15.5319 	EXP 	whitesquare: autoDraw = True
15.5319 	EXP 	whitesquare: autoDraw = False
15.5324 	DATA 	wsqS
15.5485 	EXP 	whitesquare: autoDraw = True
15.5485 	EXP 	whitesquare: autoDraw = False
15.5492 	DATA 	wsqS
15.5647 	EXP 	whitesquare: autoDraw = True
15.5647 	EXP 	whitesquare: autoDraw = False
15.5652 	DATA 	wsqS
15.5810 	EXP 	whitesquare: autoDraw = True
15.5810 	EXP 	whitesquare: autoDraw = False
15.5816 	DATA 	wsqS
15.5980 	EXP 	whitesquare: autoDraw = True
15.5980 	EXP 	whitesquare: autoDraw = False
15.5986 	DATA 	wsqS
15.6144 	EXP 	whitesquare: autoDraw = True
15.6144 	EXP 	whitesquare: autoDraw = False
15.6152 	DATA 	wsqS
15.6313 	EXP 	whitesquare: autoDraw = True
15.6313 	EXP 	whitesquare: autoDraw = False
15.6321 	DATA 	wsqS
15.6477 	EXP 	whitesquare: autoDraw = True
15.6477 	EXP 	whitesquare: autoDraw = False
15.6483 	DATA 	wsqS
15.6652 	EXP 	whitesquare: autoDraw = True
15.6652 	EXP 	whitesquare: autoDraw = False
15.6657 	DATA 	wsqS
15.6813 	EXP 	whitesquare: autoDraw = True
15.6813 	EXP 	whitesquare: autoDraw = False
15.6819 	DATA 	wsqS
15.6981 	EXP 	whitesquare: autoDraw = True
15.6981 	EXP 	whitesquare: autoDraw = False
15.6987 	DATA 	wsqS
15.7143 	EXP 	whitesquare: autoDraw = True
15.7143 	EXP 	whitesquare: autoDraw = False
15.7149 	DATA 	wsqS
15.7315 	EXP 	whitesquare: autoDraw = True
15.7315 	EXP 	whitesquare: autoDraw = False
15.7321 	DATA 	wsqS
15.7479 	EXP 	whitesquare: autoDraw = True
15.7479 	EXP 	whitesquare: autoDraw = False
15.7484 	DATA 	wsqS
15.7655 	EXP 	whitesquare: autoDraw = True
15.7655 	EXP 	whitesquare: autoDraw = False
15.7662 	DATA 	wsqS
15.7815 	EXP 	whitesquare: autoDraw = True
15.7815 	EXP 	whitesquare: autoDraw = False
15.7820 	DATA 	wsqS
15.7986 	EXP 	whitesquare: autoDraw = True
15.7986 	EXP 	whitesquare: autoDraw = False
15.7992 	DATA 	wsqS
15.8144 	EXP 	whitesquare: autoDraw = True
15.8144 	EXP 	whitesquare: autoDraw = False
15.8152 	DATA 	wsqS
15.8313 	EXP 	whitesquare: autoDraw = True
15.8313 	EXP 	whitesquare: autoDraw = False
15.8321 	DATA 	wsqS
15.8476 	EXP 	whitesquare: autoDraw = True
15.8476 	EXP 	whitesquare: autoDraw = False
15.8484 	DATA 	wsqS
15.8646 	EXP 	whitesquare: autoDraw = True
15.8646 	EXP 	whitesquare: autoDraw = False
15.8654 	DATA 	wsqS
15.8810 	EXP 	whitesquare: autoDraw = True
15.8810 	EXP 	whitesquare: autoDraw = False
15.8819 	DATA 	wsqS
15.8980 	EXP 	whitesquare: autoDraw = True
15.8980 	EXP 	whitesquare: autoDraw = False
15.8988 	DATA 	wsqS
15.9143 	EXP 	whitesquare: autoDraw = True
15.9143 	EXP 	whitesquare: autoDraw = False
15.9151 	DATA 	wsqS
15.9314 	EXP 	whitesquare: autoDraw = True
15.9314 	EXP 	whitesquare: autoDraw = False
15.9322 	DATA 	wsqS
15.9477 	EXP 	whitesquare: autoDraw = True
15.9477 	EXP 	whitesquare: autoDraw = False
15.9486 	DATA 	wsqS
15.9647 	EXP 	whitesquare: autoDraw = True
15.9647 	EXP 	whitesquare: autoDraw = False
15.9655 	DATA 	wsqS
15.9809 	EXP 	whitesquare: autoDraw = True
15.9809 	EXP 	whitesquare: autoDraw = False
15.9818 	DATA 	wsqS
15.9980 	EXP 	whitesquare: autoDraw = True
15.9980 	EXP 	whitesquare: autoDraw = False
15.9989 	DATA 	wsqS
16.0143 	EXP 	whitesquare: autoDraw = True
16.0143 	EXP 	whitesquare: autoDraw = False
16.0150 	DATA 	wsqS
16.0316 	EXP 	whitesquare: autoDraw = True
16.0316 	EXP 	whitesquare: autoDraw = False
16.0324 	DATA 	wsqS
16.0477 	EXP 	whitesquare: autoDraw = True
16.0477 	EXP 	whitesquare: autoDraw = False
16.0484 	DATA 	wsqS
16.0648 	EXP 	whitesquare: autoDraw = True
16.0648 	EXP 	whitesquare: autoDraw = False
16.0656 	DATA 	wsqS
16.0810 	EXP 	whitesquare: autoDraw = True
16.0810 	EXP 	whitesquare: autoDraw = False
16.0818 	DATA 	wsqS
16.0980 	EXP 	whitesquare: autoDraw = True
16.0980 	EXP 	whitesquare: autoDraw = False
16.0989 	DATA 	wsqS
16.1145 	EXP 	whitesquare: autoDraw = True
16.1145 	EXP 	whitesquare: autoDraw = False
16.1152 	DATA 	wsqS
16.1315 	EXP 	whitesquare: autoDraw = True
16.1315 	EXP 	whitesquare: autoDraw = False
16.1323 	DATA 	wsqS
16.1478 	EXP 	whitesquare: autoDraw = True
16.1478 	EXP 	whitesquare: autoDraw = False
16.1485 	DATA 	wsqS
16.1650 	EXP 	whitesquare: autoDraw = True
16.1650 	EXP 	whitesquare: autoDraw = False
16.1657 	DATA 	wsqS
16.1811 	EXP 	whitesquare: autoDraw = True
16.1811 	EXP 	whitesquare: autoDraw = False
16.1819 	DATA 	wsqS
16.1981 	EXP 	whitesquare: autoDraw = True
16.1981 	EXP 	whitesquare: autoDraw = False
16.1990 	DATA 	wsqS
16.2144 	EXP 	whitesquare: autoDraw = True
16.2144 	EXP 	whitesquare: autoDraw = False
16.2153 	DATA 	wsqS
16.2316 	EXP 	whitesquare: autoDraw = True
16.2316 	EXP 	whitesquare: autoDraw = False
16.2325 	DATA 	wsqS
16.2480 	EXP 	whitesquare: autoDraw = True
16.2480 	EXP 	whitesquare: autoDraw = False
16.2487 	DATA 	wsqS
16.2649 	EXP 	whitesquare: autoDraw = True
16.2649 	EXP 	whitesquare: autoDraw = False
16.2657 	DATA 	wsqS
16.2811 	EXP 	whitesquare: autoDraw = True
16.2811 	EXP 	whitesquare: autoDraw = False
16.2819 	DATA 	wsqS
16.2982 	EXP 	whitesquare: autoDraw = True
16.2982 	EXP 	whitesquare: autoDraw = False
16.2990 	DATA 	wsqS
16.3145 	EXP 	whitesquare: autoDraw = True
16.3145 	EXP 	whitesquare: autoDraw = False
16.3153 	DATA 	wsqS
16.3318 	EXP 	whitesquare: autoDraw = True
16.3318 	EXP 	whitesquare: autoDraw = False
16.3323 	DATA 	wsqS
16.3478 	EXP 	whitesquare: autoDraw = True
16.3478 	EXP 	whitesquare: autoDraw = False
16.3486 	DATA 	wsqS
16.3649 	EXP 	whitesquare: autoDraw = True
16.3649 	EXP 	whitesquare: autoDraw = False
16.3657 	DATA 	wsqS
16.3811 	EXP 	whitesquare: autoDraw = True
16.3811 	EXP 	whitesquare: autoDraw = False
16.3821 	DATA 	wsqS
16.3984 	EXP 	whitesquare: autoDraw = True
16.3984 	EXP 	whitesquare: autoDraw = False
16.3991 	DATA 	wsqS
16.4146 	EXP 	whitesquare: autoDraw = True
16.4146 	EXP 	whitesquare: autoDraw = False
16.4154 	DATA 	wsqS
16.4318 	EXP 	whitesquare: autoDraw = True
16.4318 	EXP 	whitesquare: autoDraw = False
16.4326 	DATA 	wsqS
16.4480 	EXP 	whitesquare: autoDraw = True
16.4480 	EXP 	whitesquare: autoDraw = False
16.4487 	DATA 	wsqS
16.4649 	EXP 	whitesquare: autoDraw = True
16.4649 	EXP 	whitesquare: autoDraw = False
16.4657 	DATA 	wsqS
16.4812 	EXP 	whitesquare: autoDraw = True
16.4812 	EXP 	whitesquare: autoDraw = False
16.4821 	DATA 	wsqS
16.4982 	EXP 	whitesquare: autoDraw = True
16.4982 	EXP 	whitesquare: autoDraw = False
16.4992 	DATA 	wsqS
16.5145 	EXP 	whitesquare: autoDraw = True
16.5145 	EXP 	whitesquare: autoDraw = False
16.5153 	DATA 	wsqS
16.5317 	EXP 	whitesquare: autoDraw = True
16.5317 	EXP 	whitesquare: autoDraw = False
16.5324 	DATA 	wsqS
16.5482 	EXP 	whitesquare: autoDraw = True
16.5482 	EXP 	whitesquare: autoDraw = False
16.5487 	DATA 	wsqS
16.5656 	EXP 	whitesquare: autoDraw = True
16.5656 	EXP 	whitesquare: autoDraw = False
16.5661 	DATA 	wsqS
16.5814 	EXP 	whitesquare: autoDraw = True
16.5814 	EXP 	whitesquare: autoDraw = False
16.5819 	DATA 	wsqS
16.5988 	EXP 	whitesquare: autoDraw = True
16.5988 	EXP 	whitesquare: autoDraw = False
16.5993 	DATA 	wsqS
16.6151 	EXP 	whitesquare: autoDraw = True
16.6151 	EXP 	whitesquare: autoDraw = False
16.6157 	DATA 	wsqS
16.6316 	EXP 	whitesquare: autoDraw = True
16.6316 	EXP 	whitesquare: autoDraw = False
16.6324 	DATA 	wsqS
16.6480 	EXP 	whitesquare: autoDraw = True
16.6480 	EXP 	whitesquare: autoDraw = False
16.6488 	DATA 	wsqS
16.6654 	EXP 	whitesquare: autoDraw = True
16.6654 	EXP 	whitesquare: autoDraw = False
16.6661 	DATA 	wsqS
16.6819 	EXP 	whitesquare: autoDraw = True
16.6819 	EXP 	whitesquare: autoDraw = False
16.6825 	DATA 	wsqS
16.6983 	EXP 	whitesquare: autoDraw = True
16.6983 	EXP 	whitesquare: autoDraw = False
16.6991 	DATA 	wsqS
16.7147 	EXP 	whitesquare: autoDraw = True
16.7147 	EXP 	whitesquare: autoDraw = False
16.7154 	DATA 	wsqS
16.7317 	EXP 	whitesquare: autoDraw = True
16.7317 	EXP 	whitesquare: autoDraw = False
16.7324 	DATA 	wsqS
16.7481 	EXP 	whitesquare: autoDraw = True
16.7481 	EXP 	whitesquare: autoDraw = False
16.7489 	DATA 	wsqS
16.7650 	EXP 	whitesquare: autoDraw = True
16.7650 	EXP 	whitesquare: autoDraw = False
16.7658 	DATA 	wsqS
16.7813 	EXP 	whitesquare: autoDraw = True
16.7813 	EXP 	whitesquare: autoDraw = False
16.7821 	DATA 	wsqS
16.7984 	EXP 	whitesquare: autoDraw = True
16.7984 	EXP 	whitesquare: autoDraw = False
16.7992 	DATA 	wsqS
16.8147 	EXP 	whitesquare: autoDraw = True
16.8147 	EXP 	whitesquare: autoDraw = False
16.8154 	DATA 	wsqS
16.8319 	EXP 	whitesquare: autoDraw = True
16.8319 	EXP 	whitesquare: autoDraw = False
16.8327 	DATA 	wsqS
16.8481 	EXP 	whitesquare: autoDraw = True
16.8481 	EXP 	whitesquare: autoDraw = False
16.8488 	DATA 	wsqS
16.8652 	EXP 	whitesquare: autoDraw = True
16.8652 	EXP 	whitesquare: autoDraw = False
16.8658 	DATA 	wsqS
16.8814 	EXP 	whitesquare: autoDraw = True
16.8814 	EXP 	whitesquare: autoDraw = False
16.8822 	DATA 	wsqS
16.8985 	EXP 	whitesquare: autoDraw = True
16.8985 	EXP 	whitesquare: autoDraw = False
16.8993 	DATA 	wsqS
16.9147 	EXP 	whitesquare: autoDraw = True
16.9147 	EXP 	whitesquare: autoDraw = False
16.9157 	DATA 	wsqS
16.9318 	EXP 	whitesquare: autoDraw = True
16.9318 	EXP 	whitesquare: autoDraw = False
16.9326 	DATA 	wsqS
16.9483 	EXP 	whitesquare: autoDraw = True
16.9483 	EXP 	whitesquare: autoDraw = False
16.9491 	DATA 	wsqS
16.9654 	EXP 	whitesquare: autoDraw = True
16.9654 	EXP 	whitesquare: autoDraw = False
16.9662 	DATA 	wsqS
16.9820 	EXP 	whitesquare: autoDraw = True
16.9820 	EXP 	whitesquare: autoDraw = False
16.9828 	DATA 	wsqS
16.9985 	EXP 	whitesquare: autoDraw = True
16.9985 	EXP 	whitesquare: autoDraw = False
16.9993 	DATA 	wsqS
17.0148 	EXP 	whitesquare: autoDraw = True
17.0148 	EXP 	whitesquare: autoDraw = False
17.0156 	DATA 	wsqS
17.0318 	EXP 	whitesquare: autoDraw = True
17.0318 	EXP 	whitesquare: autoDraw = False
17.0328 	DATA 	wsqS
17.0483 	EXP 	whitesquare: autoDraw = True
17.0483 	EXP 	whitesquare: autoDraw = False
17.0490 	DATA 	wsqS
17.0654 	EXP 	whitesquare: autoDraw = True
17.0654 	EXP 	whitesquare: autoDraw = False
17.0661 	DATA 	wsqS
17.0662 	EXP 	Sound  started
18.0674 	EXP 	Sound  stopped
18.0678 	EXP 	Set  sound=./sound/left_speak.wav
18.0679 	EXP 	Set  sound=./sound/right_speak.wav
18.0680 	EXP 	Set  sound=./sound/up_speak.wav
18.0682 	EXP 	Set  sound=./sound/down_speak.wav
18.0824 	EXP 	whitesquare: autoDraw = True
18.0824 	EXP 	whitesquare: autoDraw = False
20.5853 	EXP 	Sound  started
21.5866 	EXP 	Sound  stopped
24.6040 	EXP 	Sound  started
25.6053 	EXP 	Sound  stopped
28.6225 	EXP 	Sound  started
29.6229 	EXP 	Sound  stopped
32.4278 	DATA 	Keypress: escape
32.9021 	EXP 	window1: mouseVisible = True
