5.5747 	WARNING 	User requested fullscreen with size [1024  768], but screen is actually [1280, 800]. Using actual size
6.4613 	EXP 	Created window1 = Window(allowGUI=False, allowStencil=False, args=UNKNOWN, autoLog=True, bitsMode=UNKNOWN, blendMode='avg', color=array([-1., -1., -1.]), colorSpace='rgb', fullscr=UNKNOWN, gamma=None, kwargs=UNKNOWN, lms=UNKNOWN, monitor=<psychopy.monitors.calibTools.Monitor object at 0x1124c25c0>, multiSample=False, name='window1', numSamples=2, pos=[0.0, 0.0], screen=0, size=array([2560, 1600]), stereo=False, units='norm', useFBO=True, useRetina=True, viewOri=0.0, viewPos=None, viewScale=None, waitBlanking=True, winType='pyglet')
6.4613 	EXP 	window1: recordFrameIntervals = False
6.6257 	EXP 	window1: recordFrameIntervals = True
6.8093 	EXP 	window1: recordFrameIntervals = False
6.8175 	EXP 	<method-wrapper '__getattribute__' of attributeSetter object at 0x10452d198>: vertices = array([[-0.25,  0.25],
       [ 0.25,  0.25],
       [ 0.25, -0.25],
       [-0.25, -0.25]])
6.8190 	EXP 	Created whitesquare = Rect(__class__=<class 'psychopy.visual.rect.Rect'>, autoDraw=False, autoLog=True, closeShape=True, contrast=1.0, depth=0.0, fillColor=array([1., 1., 1.]), fillColorSpace='rgb', fillRGB=array([1., 1., 1.]), interpolate=True, lineColor=array([1., 1., 1.]), lineColorSpace='rgb', lineRGB=array([1., 1., 1.]), lineWidth=1, name='whitesquare', opacity=0.9, ori=array(0.), pos=array([14.9, 11.2]), size=array([1., 1.]), units='cm', vertices=ndarray(...), win=Window(...))
6.9477 	EXP 	Created intro_text = TextStim(__class__=<class 'psychopy.visual.text.TextStim'>, alignHoriz='center', alignVert='center', antialias=True, autoLog=True, bold=False, color='white', colorSpace='named', contrast=1.0, depth=0.0, flipHoriz=False, flipVert=False, font='Arial', fontFiles=[], height=0.1, italic=False, name='intro_text', opacity=1.0, ori=0, pos=array([0., 0.]), rgb=array([255., 255., 255.]), text=str(...), units='norm', win=Window(...), wrapWidth=1)
6.9708 	EXP 	Created intro_text = TextStim(__class__=<class 'psychopy.visual.text.TextStim'>, alignHoriz='center', alignVert='center', antialias=True, autoLog=True, bold=False, color='white', colorSpace='named', contrast=1.0, depth=0.0, flipHoriz=False, flipVert=False, font='Arial', fontFiles=[], height=0.1, italic=False, name='intro_text', opacity=1.0, ori=0, pos=array([0., 0.]), rgb=array([255., 255., 255.]), text=str(...), units='norm', win=Window(...), wrapWidth=1)
6.9862 	EXP 	Created open_text = TextStim(__class__=<class 'psychopy.visual.text.TextStim'>, alignHoriz='center', alignVert='center', antialias=True, autoLog=True, bold=False, color='white', colorSpace='named', contrast=1.0, depth=0.0, flipHoriz=False, flipVert=False, font='Arial', fontFiles=[], height=0.1, italic=False, name='open_text', opacity=1.0, ori=0, pos=array([0., 0.]), rgb=array([255., 255., 255.]), text=str(...), units='norm', win=Window(...), wrapWidth=1)
6.9911 	EXP 	Created fixation = TextStim(__class__=<class 'psychopy.visual.text.TextStim'>, alignHoriz='center', alignVert='center', antialias=True, autoLog=True, bold=False, color='white', colorSpace='named', contrast=1.0, depth=-1.0, flipHoriz=False, flipVert=False, font='Arial', fontFiles=[], height=0.1, italic=False, name='fixation', opacity=1.0, ori=0, pos=array([0., 0.]), rgb=array([255., 255., 255.]), text='+\n', units='norm', win=Window(...), wrapWidth=1)
7.0055 	EXP 	Created close_text = TextStim(__class__=<class 'psychopy.visual.text.TextStim'>, alignHoriz='center', alignVert='center', antialias=True, autoLog=True, bold=False, color='white', colorSpace='named', contrast=1.0, depth=0.0, flipHoriz=False, flipVert=False, font='Arial', fontFiles=[], height=0.1, italic=False, name='close_text', opacity=1.0, ori=0, pos=array([0., 0.]), rgb=array([255., 255., 255.]), text=str(...), units='norm', win=Window(...), wrapWidth=1)
7.0083 	EXP 	Created blank = TextStim(__class__=<class 'psychopy.visual.text.TextStim'>, alignHoriz='center', alignVert='center', antialias=True, autoLog=True, bold=False, color='white', colorSpace='named', contrast=1.0, depth=-1.0, flipHoriz=False, flipVert=False, font='Arial', fontFiles=[], height=0.1, italic=False, name='blank', opacity=1.0, ori=0, pos=array([0., 0.]), rgb=array([255., 255., 255.]), text=' ', units='norm', win=Window(...), wrapWidth=1)
7.0675 	EXP 	Set  sound=./sound/open_speak.wav
7.0676 	EXP 	Set Sound  volume=1.000
7.0813 	EXP 	Created gaze_text = TextStim(__class__=<class 'psychopy.visual.text.TextStim'>, alignHoriz='center', alignVert='center', antialias=True, autoLog=True, bold=False, color='white', colorSpace='named', contrast=1.0, depth=0.0, flipHoriz=False, flipVert=False, font='Arial', fontFiles=[], height=0.1, italic=False, name='gaze_text', opacity=1.0, ori=0, pos=array([0., 0.]), rgb=array([255., 255., 255.]), text=str(...), units='norm', win=Window(...), wrapWidth=1)
7.0848 	EXP 	Created center = ShapeStim(__class__=<class 'psychopy.visual.shape.ShapeStim'>, autoDraw=False, autoLog=True, closeShape=True, contrast=1.0, depth=0.0, fillColor=array([1., 1., 1.]), fillColorSpace='rgb', interpolate=True, lineColor=array([1., 1., 1.]), lineColorSpace='rgb', lineWidth=1, name='center', opacity=1.0, ori=array(0.), pos=array([0., 0.]), size=array([0.5, 0.5]), units='cm', vertices=ndarray(...), win=Window(...), windingRule=None)
7.0864 	EXP 	Set  sound=./sound/left_speak.wav
7.0865 	EXP 	Set Sound  volume=1.000
7.0889 	EXP 	Created left = ShapeStim(__class__=<class 'psychopy.visual.shape.ShapeStim'>, autoDraw=False, autoLog=True, closeShape=True, contrast=1.0, depth=0.0, fillColor=array([1., 1., 1.]), fillColorSpace='rgb', interpolate=True, lineColor=array([1., 1., 1.]), lineColorSpace='rgb', lineWidth=1, name='left', opacity=1.0, ori=array(0.), pos=array([-14.,   0.]), size=array([0.5, 0.5]), units='cm', vertices=ndarray(...), win=Window(...), windingRule=None)
7.0897 	EXP 	Set  sound=./sound/right_speak.wav
7.0898 	EXP 	Set Sound  volume=1.000
7.0919 	EXP 	Created right = ShapeStim(__class__=<class 'psychopy.visual.shape.ShapeStim'>, autoDraw=False, autoLog=True, closeShape=True, contrast=1.0, depth=0.0, fillColor=array([1., 1., 1.]), fillColorSpace='rgb', interpolate=True, lineColor=array([1., 1., 1.]), lineColorSpace='rgb', lineWidth=1, name='right', opacity=1.0, ori=array(0.), pos=array([14.,  0.]), size=array([0.5, 0.5]), units='cm', vertices=ndarray(...), win=Window(...), windingRule=None)
7.0928 	EXP 	Set  sound=./sound/up_speak.wav
7.0928 	EXP 	Set Sound  volume=1.000
7.0955 	EXP 	Created up = ShapeStim(__class__=<class 'psychopy.visual.shape.ShapeStim'>, autoDraw=False, autoLog=True, closeShape=True, contrast=1.0, depth=0.0, fillColor=array([1., 1., 1.]), fillColorSpace='rgb', interpolate=True, lineColor=array([1., 1., 1.]), lineColorSpace='rgb', lineWidth=1, name='up', opacity=1.0, ori=array(0.), pos=array([ 0., 14.]), size=array([0.5, 0.5]), units='cm', vertices=ndarray(...), win=Window(...), windingRule=None)
7.0964 	EXP 	Set  sound=./sound/down_speak.wav
7.0964 	EXP 	Set Sound  volume=1.000
7.0991 	EXP 	Created down = ShapeStim(__class__=<class 'psychopy.visual.shape.ShapeStim'>, autoDraw=False, autoLog=True, closeShape=True, contrast=1.0, depth=0.0, fillColor=array([1., 1., 1.]), fillColorSpace='rgb', interpolate=True, lineColor=array([1., 1., 1.]), lineColorSpace='rgb', lineWidth=1, name='down', opacity=1.0, ori=array(0.), pos=array([  0., -14.]), size=array([0.5, 0.5]), units='cm', vertices=ndarray(...), win=Window(...), windingRule=None)
7.1079 	EXP 	Created esc = TextStim(__class__=<class 'psychopy.visual.text.TextStim'>, alignHoriz='center', alignVert='center', antialias=True, autoLog=True, bold=False, color='white', colorSpace='named', contrast=1.0, depth=0.0, flipHoriz=False, flipVert=False, font='Arial', fontFiles=[], height=0.1, italic=False, name='esc', opacity=1.0, ori=0, pos=array([0., 0.]), rgb=array([255., 255., 255.]), text="End of test\n\nPress 'esc'", units='norm', win=Window(...), wrapWidth=1)
7.1277 	EXP 	intro_text: autoDraw = True
7.1277 	EXP 	whitesquare: autoDraw = True
8.4315 	DATA 	Keypress: space
8.4597 	EXP 	intro_text: autoDraw = False
8.4597 	EXP 	whitesquare: autoDraw = False
8.4597 	EXP 	intro_text: autoDraw = True
8.7975 	DATA 	Keypress: space
8.8266 	EXP 	intro_text: autoDraw = False
8.8266 	EXP 	open_text: autoDraw = True
11.3126 	DATA 	wsqS
11.3276 	EXP 	open_text: autoDraw = False
11.3276 	EXP 	fixation: autoDraw = True
11.3276 	EXP 	whitesquare: autoDraw = True
11.3447 	EXP 	whitesquare: autoDraw = False
11.3613 	EXP 	whitesquare: autoDraw = False
11.3780 	EXP 	whitesquare: autoDraw = False
11.3943 	EXP 	whitesquare: autoDraw = False
11.4115 	EXP 	whitesquare: autoDraw = False
11.4278 	EXP 	whitesquare: autoDraw = False
11.4446 	EXP 	whitesquare: autoDraw = False
11.4616 	EXP 	whitesquare: autoDraw = False
11.4784 	EXP 	whitesquare: autoDraw = False
11.4945 	EXP 	whitesquare: autoDraw = False
11.5121 	EXP 	whitesquare: autoDraw = False
11.5281 	EXP 	whitesquare: autoDraw = False
11.5449 	EXP 	whitesquare: autoDraw = False
11.5613 	EXP 	whitesquare: autoDraw = False
11.5788 	EXP 	whitesquare: autoDraw = False
11.5947 	EXP 	whitesquare: autoDraw = False
11.6123 	EXP 	whitesquare: autoDraw = False
11.6279 	EXP 	whitesquare: autoDraw = False
11.6448 	EXP 	whitesquare: autoDraw = False
11.6619 	EXP 	whitesquare: autoDraw = False
11.6785 	EXP 	whitesquare: autoDraw = False
11.6941 	EXP 	whitesquare: autoDraw = False
11.7114 	EXP 	whitesquare: autoDraw = False
11.7275 	EXP 	whitesquare: autoDraw = False
11.7446 	EXP 	whitesquare: autoDraw = False
11.7612 	EXP 	whitesquare: autoDraw = False
11.7783 	EXP 	whitesquare: autoDraw = False
11.7941 	EXP 	whitesquare: autoDraw = False
11.8119 	EXP 	whitesquare: autoDraw = False
11.8278 	EXP 	whitesquare: autoDraw = False
11.8445 	EXP 	whitesquare: autoDraw = False
11.8614 	EXP 	whitesquare: autoDraw = False
11.8780 	EXP 	whitesquare: autoDraw = False
11.8942 	EXP 	whitesquare: autoDraw = False
11.9115 	EXP 	whitesquare: autoDraw = False
11.9279 	EXP 	whitesquare: autoDraw = False
11.9447 	EXP 	whitesquare: autoDraw = False
11.9614 	EXP 	whitesquare: autoDraw = False
11.9780 	EXP 	whitesquare: autoDraw = False
11.9942 	EXP 	whitesquare: autoDraw = False
12.0119 	EXP 	whitesquare: autoDraw = False
12.0277 	EXP 	whitesquare: autoDraw = False
12.0448 	EXP 	whitesquare: autoDraw = False
12.0611 	EXP 	whitesquare: autoDraw = False
12.0782 	EXP 	whitesquare: autoDraw = False
12.0943 	EXP 	whitesquare: autoDraw = False
12.1116 	EXP 	whitesquare: autoDraw = False
12.1278 	EXP 	whitesquare: autoDraw = False
12.1450 	EXP 	whitesquare: autoDraw = False
12.1616 	EXP 	whitesquare: autoDraw = False
12.1781 	EXP 	whitesquare: autoDraw = False
12.1944 	EXP 	whitesquare: autoDraw = False
12.2122 	EXP 	whitesquare: autoDraw = False
12.2278 	EXP 	whitesquare: autoDraw = False
12.2447 	EXP 	whitesquare: autoDraw = False
12.2613 	EXP 	whitesquare: autoDraw = False
12.2783 	EXP 	whitesquare: autoDraw = False
12.2943 	EXP 	whitesquare: autoDraw = False
12.3118 	EXP 	whitesquare: autoDraw = False
12.3278 	EXP 	whitesquare: autoDraw = False
12.3448 	EXP 	whitesquare: autoDraw = False
12.3617 	EXP 	whitesquare: autoDraw = False
12.3784 	EXP 	whitesquare: autoDraw = False
12.3945 	EXP 	whitesquare: autoDraw = False
12.4122 	EXP 	whitesquare: autoDraw = False
12.4280 	EXP 	whitesquare: autoDraw = False
12.4448 	EXP 	whitesquare: autoDraw = False
12.4615 	EXP 	whitesquare: autoDraw = False
12.4788 	EXP 	whitesquare: autoDraw = False
12.4946 	EXP 	whitesquare: autoDraw = False
12.5119 	EXP 	whitesquare: autoDraw = False
12.5281 	EXP 	whitesquare: autoDraw = False
12.5451 	EXP 	whitesquare: autoDraw = False
12.5618 	EXP 	whitesquare: autoDraw = False
12.5785 	EXP 	whitesquare: autoDraw = False
12.5946 	EXP 	whitesquare: autoDraw = False
12.6119 	EXP 	whitesquare: autoDraw = False
12.6281 	EXP 	whitesquare: autoDraw = False
12.6450 	EXP 	whitesquare: autoDraw = False
12.6621 	EXP 	whitesquare: autoDraw = False
12.6784 	EXP 	whitesquare: autoDraw = False
12.6946 	EXP 	whitesquare: autoDraw = False
12.7123 	EXP 	whitesquare: autoDraw = False
12.7283 	EXP 	whitesquare: autoDraw = False
12.7451 	EXP 	whitesquare: autoDraw = False
12.7616 	EXP 	whitesquare: autoDraw = False
12.7788 	EXP 	whitesquare: autoDraw = False
12.7946 	EXP 	whitesquare: autoDraw = False
12.8120 	EXP 	whitesquare: autoDraw = False
12.8280 	EXP 	whitesquare: autoDraw = False
12.8453 	EXP 	whitesquare: autoDraw = False
12.8618 	EXP 	whitesquare: autoDraw = False
12.8785 	EXP 	whitesquare: autoDraw = False
12.8947 	EXP 	whitesquare: autoDraw = False
12.9124 	EXP 	whitesquare: autoDraw = False
12.9282 	EXP 	whitesquare: autoDraw = False
12.9453 	EXP 	whitesquare: autoDraw = False
12.9617 	EXP 	whitesquare: autoDraw = False
12.9790 	EXP 	whitesquare: autoDraw = False
12.9947 	EXP 	whitesquare: autoDraw = False
13.0125 	EXP 	whitesquare: autoDraw = False
13.0282 	EXP 	whitesquare: autoDraw = False
13.0452 	EXP 	whitesquare: autoDraw = False
13.0618 	EXP 	whitesquare: autoDraw = False
13.0789 	EXP 	whitesquare: autoDraw = False
13.0947 	EXP 	whitesquare: autoDraw = False
13.1122 	EXP 	whitesquare: autoDraw = False
13.1287 	EXP 	whitesquare: autoDraw = False
13.1451 	EXP 	whitesquare: autoDraw = False
13.1618 	EXP 	whitesquare: autoDraw = False
13.1787 	EXP 	whitesquare: autoDraw = False
13.1949 	EXP 	whitesquare: autoDraw = False
13.2122 	EXP 	whitesquare: autoDraw = False
13.2284 	EXP 	whitesquare: autoDraw = False
13.2455 	EXP 	whitesquare: autoDraw = False
13.2621 	EXP 	whitesquare: autoDraw = False
13.2787 	EXP 	whitesquare: autoDraw = False
13.2949 	EXP 	whitesquare: autoDraw = False
13.3124 	EXP 	whitesquare: autoDraw = False
13.3139 	EXP 	Set  sound=./sound/open_speak.wav
13.3283 	EXP 	whitesquare: autoDraw = False
13.3283 	EXP 	fixation: autoDraw = False
13.3283 	EXP 	open_text: autoDraw = False
13.3283 	EXP 	fixation: autoDraw = False
13.3283 	EXP 	close_text: autoDraw = True
15.8148 	DATA 	wsqS
15.8303 	EXP 	close_text: autoDraw = False
15.8303 	EXP 	blank: autoDraw = True
15.8303 	EXP 	whitesquare: autoDraw = True
15.8469 	EXP 	whitesquare: autoDraw = False
15.8634 	EXP 	whitesquare: autoDraw = False
15.8802 	EXP 	whitesquare: autoDraw = False
15.8963 	EXP 	whitesquare: autoDraw = False
15.9143 	EXP 	whitesquare: autoDraw = False
15.9298 	EXP 	whitesquare: autoDraw = False
15.9469 	EXP 	whitesquare: autoDraw = False
15.9637 	EXP 	whitesquare: autoDraw = False
15.9808 	EXP 	whitesquare: autoDraw = False
15.9968 	EXP 	whitesquare: autoDraw = False
16.0147 	EXP 	whitesquare: autoDraw = False
16.0301 	EXP 	whitesquare: autoDraw = False
16.0477 	EXP 	whitesquare: autoDraw = False
16.0638 	EXP 	whitesquare: autoDraw = False
16.0804 	EXP 	whitesquare: autoDraw = False
16.0965 	EXP 	whitesquare: autoDraw = False
16.1144 	EXP 	whitesquare: autoDraw = False
16.1300 	EXP 	whitesquare: autoDraw = False
16.1470 	EXP 	whitesquare: autoDraw = False
16.1639 	EXP 	whitesquare: autoDraw = False
16.1804 	EXP 	whitesquare: autoDraw = False
16.1965 	EXP 	whitesquare: autoDraw = False
16.2144 	EXP 	whitesquare: autoDraw = False
16.2303 	EXP 	whitesquare: autoDraw = False
16.2475 	EXP 	whitesquare: autoDraw = False
16.2645 	EXP 	whitesquare: autoDraw = False
16.2809 	EXP 	whitesquare: autoDraw = False
16.2972 	EXP 	whitesquare: autoDraw = False
16.3138 	EXP 	whitesquare: autoDraw = False
16.3302 	EXP 	whitesquare: autoDraw = False
16.3473 	EXP 	whitesquare: autoDraw = False
16.3637 	EXP 	whitesquare: autoDraw = False
16.3809 	EXP 	whitesquare: autoDraw = False
16.3970 	EXP 	whitesquare: autoDraw = False
16.4135 	EXP 	whitesquare: autoDraw = False
16.4304 	EXP 	whitesquare: autoDraw = False
16.4477 	EXP 	whitesquare: autoDraw = False
16.4636 	EXP 	whitesquare: autoDraw = False
16.4809 	EXP 	whitesquare: autoDraw = False
16.4969 	EXP 	whitesquare: autoDraw = False
16.5140 	EXP 	whitesquare: autoDraw = False
16.5306 	EXP 	whitesquare: autoDraw = False
16.5471 	EXP 	whitesquare: autoDraw = False
16.5633 	EXP 	whitesquare: autoDraw = False
16.5813 	EXP 	whitesquare: autoDraw = False
16.5966 	EXP 	whitesquare: autoDraw = False
16.6141 	EXP 	whitesquare: autoDraw = False
16.6309 	EXP 	whitesquare: autoDraw = False
16.6482 	EXP 	whitesquare: autoDraw = False
16.6634 	EXP 	whitesquare: autoDraw = False
16.6808 	EXP 	whitesquare: autoDraw = False
16.6968 	EXP 	whitesquare: autoDraw = False
16.7138 	EXP 	whitesquare: autoDraw = False
16.7306 	EXP 	whitesquare: autoDraw = False
16.7473 	EXP 	whitesquare: autoDraw = False
16.7633 	EXP 	whitesquare: autoDraw = False
16.7810 	EXP 	whitesquare: autoDraw = False
16.7967 	EXP 	whitesquare: autoDraw = False
16.8141 	EXP 	whitesquare: autoDraw = False
16.8305 	EXP 	whitesquare: autoDraw = False
16.8474 	EXP 	whitesquare: autoDraw = False
16.8633 	EXP 	whitesquare: autoDraw = False
16.8808 	EXP 	whitesquare: autoDraw = False
16.8968 	EXP 	whitesquare: autoDraw = False
16.9137 	EXP 	whitesquare: autoDraw = False
16.9305 	EXP 	whitesquare: autoDraw = False
16.9476 	EXP 	whitesquare: autoDraw = False
16.9633 	EXP 	whitesquare: autoDraw = False
16.9816 	EXP 	whitesquare: autoDraw = False
16.9969 	EXP 	whitesquare: autoDraw = False
17.0138 	EXP 	whitesquare: autoDraw = False
17.0305 	EXP 	whitesquare: autoDraw = False
17.0474 	EXP 	whitesquare: autoDraw = False
17.0633 	EXP 	whitesquare: autoDraw = False
17.0810 	EXP 	whitesquare: autoDraw = False
17.0970 	EXP 	whitesquare: autoDraw = False
17.1139 	EXP 	whitesquare: autoDraw = False
17.1307 	EXP 	whitesquare: autoDraw = False
17.1476 	EXP 	whitesquare: autoDraw = False
17.1634 	EXP 	whitesquare: autoDraw = False
17.1812 	EXP 	whitesquare: autoDraw = False
17.1969 	EXP 	whitesquare: autoDraw = False
17.2138 	EXP 	whitesquare: autoDraw = False
17.2308 	EXP 	whitesquare: autoDraw = False
17.2476 	EXP 	whitesquare: autoDraw = False
17.2635 	EXP 	whitesquare: autoDraw = False
17.2809 	EXP 	whitesquare: autoDraw = False
17.2970 	EXP 	whitesquare: autoDraw = False
17.3139 	EXP 	whitesquare: autoDraw = False
17.3306 	EXP 	whitesquare: autoDraw = False
17.3475 	EXP 	whitesquare: autoDraw = False
17.3636 	EXP 	whitesquare: autoDraw = False
17.3811 	EXP 	whitesquare: autoDraw = False
17.3972 	EXP 	whitesquare: autoDraw = False
17.4139 	EXP 	whitesquare: autoDraw = False
17.4309 	EXP 	whitesquare: autoDraw = False
17.4478 	EXP 	whitesquare: autoDraw = False
17.4636 	EXP 	whitesquare: autoDraw = False
17.4813 	EXP 	whitesquare: autoDraw = False
17.4973 	EXP 	whitesquare: autoDraw = False
17.5141 	EXP 	whitesquare: autoDraw = False
17.5308 	EXP 	whitesquare: autoDraw = False
17.5476 	EXP 	whitesquare: autoDraw = False
17.5636 	EXP 	whitesquare: autoDraw = False
17.5815 	EXP 	whitesquare: autoDraw = False
17.5971 	EXP 	whitesquare: autoDraw = False
17.6141 	EXP 	whitesquare: autoDraw = False
17.6309 	EXP 	whitesquare: autoDraw = False
17.6477 	EXP 	whitesquare: autoDraw = False
17.6637 	EXP 	whitesquare: autoDraw = False
17.6813 	EXP 	whitesquare: autoDraw = False
17.6972 	EXP 	whitesquare: autoDraw = False
17.7140 	EXP 	whitesquare: autoDraw = False
17.7309 	EXP 	whitesquare: autoDraw = False
17.7477 	EXP 	whitesquare: autoDraw = False
17.7638 	EXP 	whitesquare: autoDraw = False
17.7812 	EXP 	whitesquare: autoDraw = False
17.7972 	EXP 	whitesquare: autoDraw = False
17.8142 	EXP 	whitesquare: autoDraw = False
17.8147 	EXP 	Sound  started
18.8157 	EXP 	Sound  stopped
18.8161 	EXP 	Set  sound=./sound/left_speak.wav
18.8163 	EXP 	Set  sound=./sound/right_speak.wav
18.8164 	EXP 	Set  sound=./sound/up_speak.wav
18.8166 	EXP 	Set  sound=./sound/down_speak.wav
18.8321 	EXP 	whitesquare: autoDraw = False
18.8321 	EXP 	blank: autoDraw = False
18.8321 	EXP 	close_text: autoDraw = False
18.8321 	EXP 	blank: autoDraw = False
18.8321 	EXP 	gaze_text: autoDraw = True
21.3334 	DATA 	wsqS
21.3494 	EXP 	gaze_text: autoDraw = False
21.3494 	EXP 	left: autoDraw = True
21.3494 	EXP 	whitesquare: autoDraw = True
21.3662 	EXP 	whitesquare: autoDraw = False
21.3827 	EXP 	whitesquare: autoDraw = False
21.3998 	EXP 	whitesquare: autoDraw = False
21.4158 	EXP 	whitesquare: autoDraw = False
21.4335 	EXP 	whitesquare: autoDraw = False
21.4500 	EXP 	whitesquare: autoDraw = False
21.4659 	EXP 	whitesquare: autoDraw = False
21.4829 	EXP 	whitesquare: autoDraw = False
21.5002 	EXP 	whitesquare: autoDraw = False
21.5158 	EXP 	whitesquare: autoDraw = False
21.5335 	EXP 	whitesquare: autoDraw = False
21.5492 	EXP 	whitesquare: autoDraw = False
21.5662 	EXP 	whitesquare: autoDraw = False
21.5829 	EXP 	whitesquare: autoDraw = False
21.5999 	EXP 	whitesquare: autoDraw = False
21.6158 	EXP 	whitesquare: autoDraw = False
21.6336 	EXP 	whitesquare: autoDraw = False
21.6493 	EXP 	whitesquare: autoDraw = False
21.6666 	EXP 	whitesquare: autoDraw = False
21.6834 	EXP 	whitesquare: autoDraw = False
21.7003 	EXP 	whitesquare: autoDraw = False
21.7163 	EXP 	whitesquare: autoDraw = False
21.7332 	EXP 	whitesquare: autoDraw = False
21.7492 	EXP 	whitesquare: autoDraw = False
21.7660 	EXP 	whitesquare: autoDraw = False
21.7827 	EXP 	whitesquare: autoDraw = False
21.7998 	EXP 	whitesquare: autoDraw = False
21.8156 	EXP 	whitesquare: autoDraw = False
21.8335 	EXP 	whitesquare: autoDraw = False
21.8493 	EXP 	whitesquare: autoDraw = False
21.8666 	EXP 	whitesquare: autoDraw = False
21.8830 	EXP 	whitesquare: autoDraw = False
21.8999 	EXP 	whitesquare: autoDraw = False
21.9156 	EXP 	whitesquare: autoDraw = False
21.9334 	EXP 	whitesquare: autoDraw = False
21.9495 	EXP 	whitesquare: autoDraw = False
21.9661 	EXP 	whitesquare: autoDraw = False
21.9833 	EXP 	whitesquare: autoDraw = False
22.0000 	EXP 	whitesquare: autoDraw = False
22.0158 	EXP 	whitesquare: autoDraw = False
22.0337 	EXP 	whitesquare: autoDraw = False
22.0495 	EXP 	whitesquare: autoDraw = False
22.0663 	EXP 	whitesquare: autoDraw = False
22.0831 	EXP 	whitesquare: autoDraw = False
22.1000 	EXP 	whitesquare: autoDraw = False
22.1158 	EXP 	whitesquare: autoDraw = False
22.1338 	EXP 	whitesquare: autoDraw = False
22.1495 	EXP 	whitesquare: autoDraw = False
22.1663 	EXP 	whitesquare: autoDraw = False
22.1831 	EXP 	whitesquare: autoDraw = False
22.2000 	EXP 	whitesquare: autoDraw = False
22.2160 	EXP 	whitesquare: autoDraw = False
22.2334 	EXP 	whitesquare: autoDraw = False
22.2496 	EXP 	whitesquare: autoDraw = False
22.2663 	EXP 	whitesquare: autoDraw = False
22.2832 	EXP 	whitesquare: autoDraw = False
22.3001 	EXP 	whitesquare: autoDraw = False
22.3159 	EXP 	whitesquare: autoDraw = False
22.3341 	EXP 	whitesquare: autoDraw = False
22.3498 	EXP 	whitesquare: autoDraw = False
22.3667 	EXP 	whitesquare: autoDraw = False
22.3831 	EXP 	whitesquare: autoDraw = False
22.4002 	EXP 	whitesquare: autoDraw = False
22.4159 	EXP 	whitesquare: autoDraw = False
22.4339 	EXP 	whitesquare: autoDraw = False
22.4497 	EXP 	whitesquare: autoDraw = False
22.4664 	EXP 	whitesquare: autoDraw = False
22.4833 	EXP 	whitesquare: autoDraw = False
22.5001 	EXP 	whitesquare: autoDraw = False
22.5163 	EXP 	whitesquare: autoDraw = False
22.5339 	EXP 	whitesquare: autoDraw = False
22.5498 	EXP 	whitesquare: autoDraw = False
22.5665 	EXP 	whitesquare: autoDraw = False
22.5832 	EXP 	whitesquare: autoDraw = False
22.6003 	EXP 	whitesquare: autoDraw = False
22.6161 	EXP 	whitesquare: autoDraw = False
22.6339 	EXP 	whitesquare: autoDraw = False
22.6497 	EXP 	whitesquare: autoDraw = False
22.6665 	EXP 	whitesquare: autoDraw = False
22.6833 	EXP 	whitesquare: autoDraw = False
22.7003 	EXP 	whitesquare: autoDraw = False
22.7163 	EXP 	whitesquare: autoDraw = False
22.7339 	EXP 	whitesquare: autoDraw = False
22.7501 	EXP 	whitesquare: autoDraw = False
22.7669 	EXP 	whitesquare: autoDraw = False
22.7837 	EXP 	whitesquare: autoDraw = False
22.8004 	EXP 	whitesquare: autoDraw = False
22.8163 	EXP 	whitesquare: autoDraw = False
22.8338 	EXP 	whitesquare: autoDraw = False
22.8498 	EXP 	whitesquare: autoDraw = False
22.8668 	EXP 	whitesquare: autoDraw = False
22.8835 	EXP 	whitesquare: autoDraw = False
22.9007 	EXP 	whitesquare: autoDraw = False
22.9165 	EXP 	whitesquare: autoDraw = False
22.9342 	EXP 	whitesquare: autoDraw = False
22.9499 	EXP 	whitesquare: autoDraw = False
22.9666 	EXP 	whitesquare: autoDraw = False
22.9838 	EXP 	whitesquare: autoDraw = False
23.0004 	EXP 	whitesquare: autoDraw = False
23.0167 	EXP 	whitesquare: autoDraw = False
23.0345 	EXP 	whitesquare: autoDraw = False
23.0501 	EXP 	whitesquare: autoDraw = False
23.0666 	EXP 	whitesquare: autoDraw = False
23.0838 	EXP 	whitesquare: autoDraw = False
23.1005 	EXP 	whitesquare: autoDraw = False
23.1167 	EXP 	whitesquare: autoDraw = False
23.1343 	EXP 	whitesquare: autoDraw = False
23.1501 	EXP 	whitesquare: autoDraw = False
23.1671 	EXP 	whitesquare: autoDraw = False
23.1837 	EXP 	whitesquare: autoDraw = False
23.2008 	EXP 	whitesquare: autoDraw = False
23.2164 	EXP 	whitesquare: autoDraw = False
23.2342 	EXP 	whitesquare: autoDraw = False
23.2502 	EXP 	whitesquare: autoDraw = False
23.2672 	EXP 	whitesquare: autoDraw = False
23.2840 	EXP 	whitesquare: autoDraw = False
23.3007 	EXP 	whitesquare: autoDraw = False
23.3168 	EXP 	whitesquare: autoDraw = False
23.3346 	EXP 	whitesquare: autoDraw = False
23.3501 	EXP 	whitesquare: autoDraw = False
23.3676 	EXP 	whitesquare: autoDraw = False
23.3839 	EXP 	whitesquare: autoDraw = False
23.4008 	EXP 	whitesquare: autoDraw = False
23.4168 	EXP 	whitesquare: autoDraw = False
23.4347 	EXP 	whitesquare: autoDraw = False
23.4503 	EXP 	whitesquare: autoDraw = False
23.4672 	EXP 	whitesquare: autoDraw = False
23.4840 	EXP 	whitesquare: autoDraw = False
23.5009 	EXP 	whitesquare: autoDraw = False
23.5172 	EXP 	whitesquare: autoDraw = False
23.5346 	EXP 	whitesquare: autoDraw = False
23.5505 	EXP 	whitesquare: autoDraw = False
23.5676 	EXP 	whitesquare: autoDraw = False
23.5842 	EXP 	whitesquare: autoDraw = False
23.6009 	EXP 	whitesquare: autoDraw = False
23.6166 	EXP 	whitesquare: autoDraw = False
23.6347 	EXP 	whitesquare: autoDraw = False
23.6504 	EXP 	whitesquare: autoDraw = False
23.6679 	EXP 	whitesquare: autoDraw = False
23.6841 	EXP 	whitesquare: autoDraw = False
23.7009 	EXP 	whitesquare: autoDraw = False
23.7172 	EXP 	whitesquare: autoDraw = False
23.7347 	EXP 	whitesquare: autoDraw = False
23.7507 	EXP 	whitesquare: autoDraw = False
23.7676 	EXP 	whitesquare: autoDraw = False
23.7842 	EXP 	whitesquare: autoDraw = False
23.8009 	EXP 	whitesquare: autoDraw = False
23.8174 	EXP 	whitesquare: autoDraw = False
23.8347 	EXP 	whitesquare: autoDraw = False
23.8508 	EXP 	whitesquare: autoDraw = False
23.8678 	EXP 	whitesquare: autoDraw = False
23.8841 	EXP 	whitesquare: autoDraw = False
23.9011 	EXP 	whitesquare: autoDraw = False
23.9174 	EXP 	whitesquare: autoDraw = False
23.9348 	EXP 	whitesquare: autoDraw = False
23.9506 	EXP 	whitesquare: autoDraw = False
23.9679 	EXP 	whitesquare: autoDraw = False
23.9841 	EXP 	whitesquare: autoDraw = False
24.0010 	EXP 	whitesquare: autoDraw = False
24.0170 	EXP 	whitesquare: autoDraw = False
24.0348 	EXP 	whitesquare: autoDraw = False
24.0510 	EXP 	whitesquare: autoDraw = False
24.0674 	EXP 	whitesquare: autoDraw = False
24.0842 	EXP 	whitesquare: autoDraw = False
24.1014 	EXP 	whitesquare: autoDraw = False
24.1176 	EXP 	whitesquare: autoDraw = False
24.1347 	EXP 	whitesquare: autoDraw = False
24.1510 	EXP 	whitesquare: autoDraw = False
24.1681 	EXP 	whitesquare: autoDraw = False
24.1842 	EXP 	whitesquare: autoDraw = False
24.2017 	EXP 	whitesquare: autoDraw = False
24.2175 	EXP 	whitesquare: autoDraw = False
24.2348 	EXP 	whitesquare: autoDraw = False
24.2510 	EXP 	whitesquare: autoDraw = False
24.2675 	EXP 	whitesquare: autoDraw = False
24.2842 	EXP 	whitesquare: autoDraw = False
24.3015 	EXP 	whitesquare: autoDraw = False
24.3178 	EXP 	whitesquare: autoDraw = False
24.3348 	EXP 	whitesquare: autoDraw = False
24.3511 	EXP 	whitesquare: autoDraw = False
24.3683 	EXP 	whitesquare: autoDraw = False
24.3843 	EXP 	whitesquare: autoDraw = False
24.4013 	EXP 	whitesquare: autoDraw = False
24.4176 	EXP 	whitesquare: autoDraw = False
24.4350 	EXP 	whitesquare: autoDraw = False
24.4512 	EXP 	whitesquare: autoDraw = False
24.4683 	EXP 	whitesquare: autoDraw = False
24.4844 	EXP 	whitesquare: autoDraw = False
24.5018 	EXP 	whitesquare: autoDraw = False
24.5175 	EXP 	whitesquare: autoDraw = False
24.5348 	EXP 	whitesquare: autoDraw = False
24.5512 	EXP 	whitesquare: autoDraw = False
24.5683 	EXP 	whitesquare: autoDraw = False
24.5843 	EXP 	whitesquare: autoDraw = False
24.6017 	EXP 	whitesquare: autoDraw = False
24.6178 	EXP 	whitesquare: autoDraw = False
24.6351 	EXP 	whitesquare: autoDraw = False
24.6513 	EXP 	whitesquare: autoDraw = False
24.6682 	EXP 	whitesquare: autoDraw = False
24.6844 	EXP 	whitesquare: autoDraw = False
24.7017 	EXP 	whitesquare: autoDraw = False
24.7178 	EXP 	whitesquare: autoDraw = False
24.7351 	EXP 	whitesquare: autoDraw = False
24.7512 	EXP 	whitesquare: autoDraw = False
24.7684 	EXP 	whitesquare: autoDraw = False
24.7846 	EXP 	whitesquare: autoDraw = False
24.8018 	EXP 	whitesquare: autoDraw = False
24.8178 	EXP 	whitesquare: autoDraw = False
24.8350 	EXP 	whitesquare: autoDraw = False
24.8513 	EXP 	whitesquare: autoDraw = False
24.8684 	EXP 	whitesquare: autoDraw = False
24.8846 	EXP 	whitesquare: autoDraw = False
24.9018 	EXP 	whitesquare: autoDraw = False
24.9180 	EXP 	whitesquare: autoDraw = False
24.9353 	EXP 	whitesquare: autoDraw = False
24.9513 	EXP 	whitesquare: autoDraw = False
24.9685 	EXP 	whitesquare: autoDraw = False
24.9845 	EXP 	whitesquare: autoDraw = False
25.0021 	EXP 	whitesquare: autoDraw = False
25.0180 	EXP 	whitesquare: autoDraw = False
25.0352 	EXP 	whitesquare: autoDraw = False
25.0515 	EXP 	whitesquare: autoDraw = False
25.0684 	EXP 	whitesquare: autoDraw = False
25.0846 	EXP 	whitesquare: autoDraw = False
25.1019 	EXP 	whitesquare: autoDraw = False
25.1180 	EXP 	whitesquare: autoDraw = False
25.1353 	EXP 	whitesquare: autoDraw = False
25.1515 	EXP 	whitesquare: autoDraw = False
25.1685 	EXP 	whitesquare: autoDraw = False
25.1846 	EXP 	whitesquare: autoDraw = False
25.2020 	EXP 	whitesquare: autoDraw = False
25.2179 	EXP 	whitesquare: autoDraw = False
25.2354 	EXP 	whitesquare: autoDraw = False
25.2516 	EXP 	whitesquare: autoDraw = False
25.2686 	EXP 	whitesquare: autoDraw = False
25.2846 	EXP 	whitesquare: autoDraw = False
25.3021 	EXP 	whitesquare: autoDraw = False
25.3181 	EXP 	whitesquare: autoDraw = False
25.3352 	EXP 	whitesquare: autoDraw = False
25.3518 	EXP 	whitesquare: autoDraw = False
25.3686 	EXP 	whitesquare: autoDraw = False
25.3850 	EXP 	whitesquare: autoDraw = False
25.4021 	EXP 	whitesquare: autoDraw = False
25.4182 	EXP 	whitesquare: autoDraw = False
25.4355 	EXP 	whitesquare: autoDraw = False
25.4518 	EXP 	whitesquare: autoDraw = False
25.4687 	EXP 	whitesquare: autoDraw = False
25.4850 	EXP 	whitesquare: autoDraw = False
25.5022 	EXP 	whitesquare: autoDraw = False
25.5182 	EXP 	whitesquare: autoDraw = False
25.5354 	EXP 	whitesquare: autoDraw = False
25.5518 	EXP 	whitesquare: autoDraw = False
25.5687 	EXP 	whitesquare: autoDraw = False
25.5847 	EXP 	whitesquare: autoDraw = False
25.6021 	EXP 	whitesquare: autoDraw = False
25.6181 	EXP 	whitesquare: autoDraw = False
25.6350 	EXP 	whitesquare: autoDraw = False
25.6515 	EXP 	whitesquare: autoDraw = False
25.6691 	EXP 	whitesquare: autoDraw = False
25.6852 	EXP 	whitesquare: autoDraw = False
25.7022 	EXP 	whitesquare: autoDraw = False
25.7185 	EXP 	whitesquare: autoDraw = False
25.7356 	EXP 	whitesquare: autoDraw = False
25.7518 	EXP 	whitesquare: autoDraw = False
25.7685 	EXP 	whitesquare: autoDraw = False
25.7851 	EXP 	whitesquare: autoDraw = False
25.8025 	EXP 	whitesquare: autoDraw = False
25.8185 	EXP 	whitesquare: autoDraw = False
25.8357 	EXP 	whitesquare: autoDraw = False
25.8519 	EXP 	whitesquare: autoDraw = False
25.8691 	EXP 	whitesquare: autoDraw = False
25.8851 	EXP 	whitesquare: autoDraw = False
25.9023 	EXP 	whitesquare: autoDraw = False
25.9184 	EXP 	whitesquare: autoDraw = False
25.9356 	EXP 	whitesquare: autoDraw = False
25.9523 	EXP 	whitesquare: autoDraw = False
25.9690 	EXP 	whitesquare: autoDraw = False
25.9853 	EXP 	whitesquare: autoDraw = False
26.0029 	EXP 	whitesquare: autoDraw = False
26.0186 	EXP 	whitesquare: autoDraw = False
26.0359 	EXP 	whitesquare: autoDraw = False
26.0518 	EXP 	whitesquare: autoDraw = False
26.0693 	EXP 	whitesquare: autoDraw = False
26.0854 	EXP 	whitesquare: autoDraw = False
26.1027 	EXP 	whitesquare: autoDraw = False
26.1188 	EXP 	whitesquare: autoDraw = False
26.1363 	EXP 	whitesquare: autoDraw = False
26.1520 	EXP 	whitesquare: autoDraw = False
26.1693 	EXP 	whitesquare: autoDraw = False
26.1855 	EXP 	whitesquare: autoDraw = False
26.2027 	EXP 	whitesquare: autoDraw = False
26.2187 	EXP 	whitesquare: autoDraw = False
26.2361 	EXP 	whitesquare: autoDraw = False
26.2533 	EXP 	whitesquare: autoDraw = False
26.2693 	EXP 	whitesquare: autoDraw = False
26.2856 	EXP 	whitesquare: autoDraw = False
26.3029 	EXP 	whitesquare: autoDraw = False
26.3189 	EXP 	whitesquare: autoDraw = False
26.3360 	EXP 	whitesquare: autoDraw = False
26.3520 	EXP 	whitesquare: autoDraw = False
26.3520 	EXP 	left: autoDraw = False
26.3694 	EXP 	whitesquare: autoDraw = False
26.3851 	EXP 	whitesquare: autoDraw = False
26.4025 	EXP 	whitesquare: autoDraw = False
26.4189 	EXP 	whitesquare: autoDraw = False
26.4359 	EXP 	whitesquare: autoDraw = False
26.4518 	EXP 	whitesquare: autoDraw = False
26.4698 	EXP 	whitesquare: autoDraw = False
26.4856 	EXP 	whitesquare: autoDraw = False
26.5028 	EXP 	whitesquare: autoDraw = False
26.5186 	EXP 	whitesquare: autoDraw = False
26.5361 	EXP 	whitesquare: autoDraw = False
26.5517 	EXP 	whitesquare: autoDraw = False
26.5698 	EXP 	whitesquare: autoDraw = False
26.5855 	EXP 	whitesquare: autoDraw = False
26.6028 	EXP 	whitesquare: autoDraw = False
26.6189 	EXP 	whitesquare: autoDraw = False
26.6361 	EXP 	whitesquare: autoDraw = False
26.6521 	EXP 	whitesquare: autoDraw = False
26.6695 	EXP 	whitesquare: autoDraw = False
26.6855 	EXP 	whitesquare: autoDraw = False
26.7025 	EXP 	whitesquare: autoDraw = False
26.7187 	EXP 	whitesquare: autoDraw = False
26.7359 	EXP 	whitesquare: autoDraw = False
26.7520 	EXP 	whitesquare: autoDraw = False
26.7695 	EXP 	whitesquare: autoDraw = False
26.7857 	EXP 	whitesquare: autoDraw = False
26.8029 	EXP 	whitesquare: autoDraw = False
26.8194 	EXP 	whitesquare: autoDraw = False
26.8356 	EXP 	whitesquare: autoDraw = False
26.8523 	EXP 	whitesquare: autoDraw = False
26.8693 	EXP 	whitesquare: autoDraw = False
26.8856 	EXP 	whitesquare: autoDraw = False
26.9027 	EXP 	whitesquare: autoDraw = False
26.9193 	EXP 	whitesquare: autoDraw = False
26.9363 	EXP 	whitesquare: autoDraw = False
26.9522 	EXP 	whitesquare: autoDraw = False
26.9696 	EXP 	whitesquare: autoDraw = False
26.9858 	EXP 	whitesquare: autoDraw = False
27.0025 	EXP 	whitesquare: autoDraw = False
27.0190 	EXP 	whitesquare: autoDraw = False
27.0358 	EXP 	whitesquare: autoDraw = False
27.0519 	EXP 	whitesquare: autoDraw = False
27.0696 	EXP 	whitesquare: autoDraw = False
27.0853 	EXP 	whitesquare: autoDraw = False
27.1026 	EXP 	whitesquare: autoDraw = False
27.1191 	EXP 	whitesquare: autoDraw = False
27.1362 	EXP 	whitesquare: autoDraw = False
27.1522 	EXP 	whitesquare: autoDraw = False
27.1694 	EXP 	whitesquare: autoDraw = False
27.1855 	EXP 	whitesquare: autoDraw = False
27.2026 	EXP 	whitesquare: autoDraw = False
27.2191 	EXP 	whitesquare: autoDraw = False
27.2361 	EXP 	whitesquare: autoDraw = False
27.2522 	EXP 	whitesquare: autoDraw = False
27.2696 	EXP 	whitesquare: autoDraw = False
27.2853 	EXP 	whitesquare: autoDraw = False
27.3027 	EXP 	whitesquare: autoDraw = False
27.3191 	EXP 	whitesquare: autoDraw = False
27.3362 	EXP 	whitesquare: autoDraw = False
27.3522 	EXP 	whitesquare: autoDraw = False
27.3696 	EXP 	whitesquare: autoDraw = False
27.3855 	EXP 	whitesquare: autoDraw = False
27.4026 	EXP 	whitesquare: autoDraw = False
27.4191 	EXP 	whitesquare: autoDraw = False
27.4360 	EXP 	whitesquare: autoDraw = False
27.4521 	EXP 	whitesquare: autoDraw = False
27.4696 	EXP 	whitesquare: autoDraw = False
27.4857 	EXP 	whitesquare: autoDraw = False
27.5027 	EXP 	whitesquare: autoDraw = False
27.5192 	EXP 	whitesquare: autoDraw = False
27.5361 	EXP 	whitesquare: autoDraw = False
27.5522 	EXP 	whitesquare: autoDraw = False
27.5698 	EXP 	whitesquare: autoDraw = False
27.5854 	EXP 	whitesquare: autoDraw = False
27.6025 	EXP 	whitesquare: autoDraw = False
27.6200 	EXP 	whitesquare: autoDraw = False
27.6360 	EXP 	whitesquare: autoDraw = False
27.6523 	EXP 	whitesquare: autoDraw = False
27.6697 	EXP 	whitesquare: autoDraw = False
27.6855 	EXP 	whitesquare: autoDraw = False
27.7026 	EXP 	whitesquare: autoDraw = False
27.7203 	EXP 	whitesquare: autoDraw = False
27.7361 	EXP 	whitesquare: autoDraw = False
27.7523 	EXP 	whitesquare: autoDraw = False
27.7700 	EXP 	whitesquare: autoDraw = False
27.7855 	EXP 	whitesquare: autoDraw = False
27.8028 	EXP 	whitesquare: autoDraw = False
27.8193 	EXP 	whitesquare: autoDraw = False
27.8362 	EXP 	whitesquare: autoDraw = False
27.8522 	EXP 	whitesquare: autoDraw = False
27.8700 	EXP 	whitesquare: autoDraw = False
27.8857 	EXP 	whitesquare: autoDraw = False
27.9028 	EXP 	whitesquare: autoDraw = False
27.9202 	EXP 	whitesquare: autoDraw = False
27.9361 	EXP 	whitesquare: autoDraw = False
27.9525 	EXP 	whitesquare: autoDraw = False
27.9700 	EXP 	whitesquare: autoDraw = False
27.9859 	EXP 	whitesquare: autoDraw = False
28.0029 	EXP 	whitesquare: autoDraw = False
28.0195 	EXP 	whitesquare: autoDraw = False
28.0361 	EXP 	whitesquare: autoDraw = False
28.0524 	EXP 	whitesquare: autoDraw = False
28.0705 	EXP 	whitesquare: autoDraw = False
28.0855 	EXP 	whitesquare: autoDraw = False
28.1029 	EXP 	whitesquare: autoDraw = False
28.1195 	EXP 	whitesquare: autoDraw = False
28.1364 	EXP 	whitesquare: autoDraw = False
28.1524 	EXP 	whitesquare: autoDraw = False
28.1708 	EXP 	whitesquare: autoDraw = False
28.1859 	EXP 	whitesquare: autoDraw = False
28.2028 	EXP 	whitesquare: autoDraw = False
28.2203 	EXP 	whitesquare: autoDraw = False
28.2362 	EXP 	whitesquare: autoDraw = False
28.2526 	EXP 	whitesquare: autoDraw = False
28.2699 	EXP 	whitesquare: autoDraw = False
28.2857 	EXP 	whitesquare: autoDraw = False
28.3029 	EXP 	whitesquare: autoDraw = False
28.3195 	EXP 	whitesquare: autoDraw = False
28.3362 	EXP 	whitesquare: autoDraw = False
28.3525 	EXP 	whitesquare: autoDraw = False
28.3704 	EXP 	whitesquare: autoDraw = False
28.3860 	EXP 	whitesquare: autoDraw = False
28.4028 	EXP 	whitesquare: autoDraw = False
28.4205 	EXP 	whitesquare: autoDraw = False
28.4363 	EXP 	whitesquare: autoDraw = False
28.4525 	EXP 	whitesquare: autoDraw = False
28.4701 	EXP 	whitesquare: autoDraw = False
28.4863 	EXP 	whitesquare: autoDraw = False
28.5030 	EXP 	whitesquare: autoDraw = False
28.5206 	EXP 	whitesquare: autoDraw = False
28.5365 	EXP 	whitesquare: autoDraw = False
28.5525 	EXP 	whitesquare: autoDraw = False
28.5702 	EXP 	whitesquare: autoDraw = False
28.5858 	EXP 	whitesquare: autoDraw = False
28.6032 	EXP 	whitesquare: autoDraw = False
28.6197 	EXP 	whitesquare: autoDraw = False
28.6364 	EXP 	whitesquare: autoDraw = False
28.6526 	EXP 	whitesquare: autoDraw = False
28.6711 	EXP 	whitesquare: autoDraw = False
28.6859 	EXP 	whitesquare: autoDraw = False
28.7030 	EXP 	whitesquare: autoDraw = False
28.7197 	EXP 	whitesquare: autoDraw = False
28.7362 	EXP 	whitesquare: autoDraw = False
28.7527 	EXP 	whitesquare: autoDraw = False
28.7703 	EXP 	whitesquare: autoDraw = False
28.7861 	EXP 	whitesquare: autoDraw = False
28.8031 	EXP 	whitesquare: autoDraw = False
28.8205 	EXP 	whitesquare: autoDraw = False
28.8364 	EXP 	whitesquare: autoDraw = False
28.8525 	EXP 	whitesquare: autoDraw = False
28.8703 	EXP 	whitesquare: autoDraw = False
28.8858 	EXP 	whitesquare: autoDraw = False
28.9034 	EXP 	whitesquare: autoDraw = False
28.9197 	EXP 	whitesquare: autoDraw = False
28.9366 	EXP 	whitesquare: autoDraw = False
28.9526 	EXP 	whitesquare: autoDraw = False
28.9701 	EXP 	whitesquare: autoDraw = False
28.9858 	EXP 	whitesquare: autoDraw = False
29.0031 	EXP 	whitesquare: autoDraw = False
29.0199 	EXP 	whitesquare: autoDraw = False
29.0366 	EXP 	whitesquare: autoDraw = False
29.0526 	EXP 	whitesquare: autoDraw = False
29.0713 	EXP 	whitesquare: autoDraw = False
29.0860 	EXP 	whitesquare: autoDraw = False
29.1031 	EXP 	whitesquare: autoDraw = False
29.1199 	EXP 	whitesquare: autoDraw = False
29.1370 	EXP 	whitesquare: autoDraw = False
29.1528 	EXP 	whitesquare: autoDraw = False
29.1712 	EXP 	whitesquare: autoDraw = False
29.1860 	EXP 	whitesquare: autoDraw = False
29.2032 	EXP 	whitesquare: autoDraw = False
29.2197 	EXP 	whitesquare: autoDraw = False
29.2366 	EXP 	whitesquare: autoDraw = False
29.2527 	EXP 	whitesquare: autoDraw = False
29.2705 	EXP 	whitesquare: autoDraw = False
29.2861 	EXP 	whitesquare: autoDraw = False
29.3033 	EXP 	whitesquare: autoDraw = False
29.3207 	EXP 	whitesquare: autoDraw = False
29.3369 	EXP 	whitesquare: autoDraw = False
29.3528 	EXP 	whitesquare: autoDraw = False
29.3704 	EXP 	whitesquare: autoDraw = False
29.3864 	EXP 	whitesquare: autoDraw = False
29.4035 	EXP 	whitesquare: autoDraw = False
29.4209 	EXP 	whitesquare: autoDraw = False
29.4370 	EXP 	whitesquare: autoDraw = False
29.4527 	EXP 	whitesquare: autoDraw = False
29.4706 	EXP 	whitesquare: autoDraw = False
29.4865 	EXP 	whitesquare: autoDraw = False
29.5032 	EXP 	whitesquare: autoDraw = False
29.5204 	EXP 	whitesquare: autoDraw = False
29.5371 	EXP 	whitesquare: autoDraw = False
29.5527 	EXP 	whitesquare: autoDraw = False
29.5704 	EXP 	whitesquare: autoDraw = False
29.5861 	EXP 	whitesquare: autoDraw = False
29.6033 	EXP 	whitesquare: autoDraw = False
29.6207 	EXP 	whitesquare: autoDraw = False
29.6371 	EXP 	whitesquare: autoDraw = False
29.6528 	EXP 	whitesquare: autoDraw = False
29.6705 	EXP 	whitesquare: autoDraw = False
29.6861 	EXP 	whitesquare: autoDraw = False
29.7033 	EXP 	whitesquare: autoDraw = False
29.7202 	EXP 	whitesquare: autoDraw = False
29.7370 	EXP 	whitesquare: autoDraw = False
29.7528 	EXP 	whitesquare: autoDraw = False
29.7706 	EXP 	whitesquare: autoDraw = False
29.7862 	EXP 	whitesquare: autoDraw = False
29.8034 	EXP 	whitesquare: autoDraw = False
29.8200 	EXP 	whitesquare: autoDraw = False
29.8370 	EXP 	whitesquare: autoDraw = False
29.8528 	EXP 	whitesquare: autoDraw = False
29.8705 	EXP 	whitesquare: autoDraw = False
29.8868 	EXP 	whitesquare: autoDraw = False
29.9033 	EXP 	whitesquare: autoDraw = False
29.9208 	EXP 	whitesquare: autoDraw = False
29.9376 	EXP 	whitesquare: autoDraw = False
29.9529 	EXP 	whitesquare: autoDraw = False
29.9707 	EXP 	whitesquare: autoDraw = False
29.9862 	EXP 	whitesquare: autoDraw = False
30.0034 	EXP 	whitesquare: autoDraw = False
30.0201 	EXP 	whitesquare: autoDraw = False
30.0366 	EXP 	whitesquare: autoDraw = False
30.0531 	EXP 	whitesquare: autoDraw = False
30.0574 	DATA 	Keypress: escape
30.3606 	EXP 	window1: mouseVisible = True
