5.4345 	WARNING 	User requested fullscreen with size [1024  768], but screen is actually [1280, 800]. Using actual size
6.2242 	EXP 	Created window1 = Window(allowGUI=False, allowStencil=False, args=UNKNOWN, autoLog=True, bitsMode=UNKNOWN, blendMode='avg', color=array([-1., -1., -1.]), colorSpace='rgb', fullscr=UNKNOWN, gamma=None, kwargs=UNKNOWN, lms=UNKNOWN, monitor=<psychopy.monitors.calibTools.Monitor object at 0x1124c7588>, multiSample=False, name='window1', numSamples=2, pos=[0.0, 0.0], screen=0, size=array([2560, 1600]), stereo=False, units='norm', useFBO=True, useRetina=True, viewOri=0.0, viewPos=None, viewScale=None, waitBlanking=True, winType='pyglet')
6.2242 	EXP 	window1: recordFrameIntervals = False
6.3892 	EXP 	window1: recordFrameIntervals = True
6.5726 	EXP 	window1: recordFrameIntervals = False
6.5801 	EXP 	<method-wrapper '__getattribute__' of attributeSetter object at 0x1076ab160>: vertices = array([[-0.25,  0.25],
       [ 0.25,  0.25],
       [ 0.25, -0.25],
       [-0.25, -0.25]])
6.5816 	EXP 	Created whitesquare = Rect(__class__=<class 'psychopy.visual.rect.Rect'>, autoDraw=False, autoLog=True, closeShape=True, contrast=1.0, depth=0.0, fillColor=array([1., 1., 1.]), fillColorSpace='rgb', fillRGB=array([1., 1., 1.]), interpolate=True, lineColor=array([1., 1., 1.]), lineColorSpace='rgb', lineRGB=array([1., 1., 1.]), lineWidth=1, name='whitesquare', opacity=0.9, ori=array(0.), pos=array([14.9, 11.2]), size=array([1., 1.]), units='cm', vertices=ndarray(...), win=Window(...))
6.7153 	EXP 	Created intro_text = TextStim(__class__=<class 'psychopy.visual.text.TextStim'>, alignHoriz='center', alignVert='center', antialias=True, autoLog=True, bold=False, color='white', colorSpace='named', contrast=1.0, depth=0.0, flipHoriz=False, flipVert=False, font='Arial', fontFiles=[], height=0.1, italic=False, name='intro_text', opacity=1.0, ori=0, pos=array([0., 0.]), rgb=array([255., 255., 255.]), text=str(...), units='norm', win=Window(...), wrapWidth=1)
6.7368 	EXP 	Created intro_text = TextStim(__class__=<class 'psychopy.visual.text.TextStim'>, alignHoriz='center', alignVert='center', antialias=True, autoLog=True, bold=False, color='white', colorSpace='named', contrast=1.0, depth=0.0, flipHoriz=False, flipVert=False, font='Arial', fontFiles=[], height=0.1, italic=False, name='intro_text', opacity=1.0, ori=0, pos=array([0., 0.]), rgb=array([255., 255., 255.]), text=str(...), units='norm', win=Window(...), wrapWidth=1)
6.7494 	EXP 	Created open_text = TextStim(__class__=<class 'psychopy.visual.text.TextStim'>, alignHoriz='center', alignVert='center', antialias=True, autoLog=True, bold=False, color='white', colorSpace='named', contrast=1.0, depth=0.0, flipHoriz=False, flipVert=False, font='Arial', fontFiles=[], height=0.1, italic=False, name='open_text', opacity=1.0, ori=0, pos=array([0., 0.]), rgb=array([255., 255., 255.]), text=str(...), units='norm', win=Window(...), wrapWidth=1)
6.7535 	EXP 	Created fixation = TextStim(__class__=<class 'psychopy.visual.text.TextStim'>, alignHoriz='center', alignVert='center', antialias=True, autoLog=True, bold=False, color='white', colorSpace='named', contrast=1.0, depth=-1.0, flipHoriz=False, flipVert=False, font='Arial', fontFiles=[], height=0.1, italic=False, name='fixation', opacity=1.0, ori=0, pos=array([0., 0.]), rgb=array([255., 255., 255.]), text='+\n', units='norm', win=Window(...), wrapWidth=1)
6.7654 	EXP 	Created close_text = TextStim(__class__=<class 'psychopy.visual.text.TextStim'>, alignHoriz='center', alignVert='center', antialias=True, autoLog=True, bold=False, color='white', colorSpace='named', contrast=1.0, depth=0.0, flipHoriz=False, flipVert=False, font='Arial', fontFiles=[], height=0.1, italic=False, name='close_text', opacity=1.0, ori=0, pos=array([0., 0.]), rgb=array([255., 255., 255.]), text=str(...), units='norm', win=Window(...), wrapWidth=1)
6.7680 	EXP 	Created blank = TextStim(__class__=<class 'psychopy.visual.text.TextStim'>, alignHoriz='center', alignVert='center', antialias=True, autoLog=True, bold=False, color='white', colorSpace='named', contrast=1.0, depth=-1.0, flipHoriz=False, flipVert=False, font='Arial', fontFiles=[], height=0.1, italic=False, name='blank', opacity=1.0, ori=0, pos=array([0., 0.]), rgb=array([255., 255., 255.]), text=' ', units='norm', win=Window(...), wrapWidth=1)
6.8266 	EXP 	Set  sound=./sound/open_speak.wav
6.8266 	EXP 	Set Sound  volume=1.000
6.8433 	EXP 	Created gaze_text = TextStim(__class__=<class 'psychopy.visual.text.TextStim'>, alignHoriz='center', alignVert='center', antialias=True, autoLog=True, bold=False, color='white', colorSpace='named', contrast=1.0, depth=0.0, flipHoriz=False, flipVert=False, font='Arial', fontFiles=[], height=0.1, italic=False, name='gaze_text', opacity=1.0, ori=0, pos=array([0., 0.]), rgb=array([255., 255., 255.]), text=str(...), units='norm', win=Window(...), wrapWidth=1)
6.8467 	EXP 	Created center = ShapeStim(__class__=<class 'psychopy.visual.shape.ShapeStim'>, autoDraw=False, autoLog=True, closeShape=True, contrast=1.0, depth=0.0, fillColor=array([1., 1., 1.]), fillColorSpace='rgb', interpolate=True, lineColor=array([1., 1., 1.]), lineColorSpace='rgb', lineWidth=1, name='center', opacity=1.0, ori=array(0.), pos=array([0., 0.]), size=array([0.5, 0.5]), units='cm', vertices=ndarray(...), win=Window(...), windingRule=None)
6.8477 	EXP 	Set  sound=./sound/left_speak.wav
6.8478 	EXP 	Set Sound  volume=1.000
6.8506 	EXP 	Created left = ShapeStim(__class__=<class 'psychopy.visual.shape.ShapeStim'>, autoDraw=False, autoLog=True, closeShape=True, contrast=1.0, depth=0.0, fillColor=array([1., 1., 1.]), fillColorSpace='rgb', interpolate=True, lineColor=array([1., 1., 1.]), lineColorSpace='rgb', lineWidth=1, name='left', opacity=1.0, ori=array(0.), pos=array([-14.,   0.]), size=array([0.5, 0.5]), units='cm', vertices=ndarray(...), win=Window(...), windingRule=None)
6.8513 	EXP 	Set  sound=./sound/right_speak.wav
6.8514 	EXP 	Set Sound  volume=1.000
6.8533 	EXP 	Created right = ShapeStim(__class__=<class 'psychopy.visual.shape.ShapeStim'>, autoDraw=False, autoLog=True, closeShape=True, contrast=1.0, depth=0.0, fillColor=array([1., 1., 1.]), fillColorSpace='rgb', interpolate=True, lineColor=array([1., 1., 1.]), lineColorSpace='rgb', lineWidth=1, name='right', opacity=1.0, ori=array(0.), pos=array([14.,  0.]), size=array([0.5, 0.5]), units='cm', vertices=ndarray(...), win=Window(...), windingRule=None)
6.8542 	EXP 	Set  sound=./sound/up_speak.wav
6.8542 	EXP 	Set Sound  volume=1.000
6.8560 	EXP 	Created up = ShapeStim(__class__=<class 'psychopy.visual.shape.ShapeStim'>, autoDraw=False, autoLog=True, closeShape=True, contrast=1.0, depth=0.0, fillColor=array([1., 1., 1.]), fillColorSpace='rgb', interpolate=True, lineColor=array([1., 1., 1.]), lineColorSpace='rgb', lineWidth=1, name='up', opacity=1.0, ori=array(0.), pos=array([ 0., 14.]), size=array([0.5, 0.5]), units='cm', vertices=ndarray(...), win=Window(...), windingRule=None)
6.8569 	EXP 	Set  sound=./sound/down_speak.wav
6.8569 	EXP 	Set Sound  volume=1.000
6.8588 	EXP 	Created down = ShapeStim(__class__=<class 'psychopy.visual.shape.ShapeStim'>, autoDraw=False, autoLog=True, closeShape=True, contrast=1.0, depth=0.0, fillColor=array([1., 1., 1.]), fillColorSpace='rgb', interpolate=True, lineColor=array([1., 1., 1.]), lineColorSpace='rgb', lineWidth=1, name='down', opacity=1.0, ori=array(0.), pos=array([  0., -14.]), size=array([0.5, 0.5]), units='cm', vertices=ndarray(...), win=Window(...), windingRule=None)
6.8680 	EXP 	Created esc = TextStim(__class__=<class 'psychopy.visual.text.TextStim'>, alignHoriz='center', alignVert='center', antialias=True, autoLog=True, bold=False, color='white', colorSpace='named', contrast=1.0, depth=0.0, flipHoriz=False, flipVert=False, font='Arial', fontFiles=[], height=0.1, italic=False, name='esc', opacity=1.0, ori=0, pos=array([0., 0.]), rgb=array([255., 255., 255.]), text="End of test\n\nPress 'esc'", units='norm', win=Window(...), wrapWidth=1)
6.8915 	EXP 	intro_text: autoDraw = True
6.8915 	EXP 	whitesquare: autoDraw = True
7.4326 	DATA 	Keypress: space
7.4558 	EXP 	intro_text: autoDraw = False
7.4558 	EXP 	whitesquare: autoDraw = False
7.4558 	EXP 	intro_text: autoDraw = True
7.7590 	DATA 	Keypress: space
7.8168 	DATA 	wsqS
7.8173 	DATA 	wsqS
7.8177 	DATA 	wsqS
7.8182 	DATA 	wsqS
7.8187 	DATA 	wsqS
7.8191 	DATA 	wsqS
7.8196 	DATA 	wsqS
7.8200 	DATA 	wsqS
7.8205 	DATA 	wsqS
7.8209 	DATA 	wsqS
7.8213 	DATA 	wsqS
7.8217 	DATA 	wsqS
7.8221 	DATA 	wsqS
7.8226 	DATA 	wsqS
7.8230 	DATA 	wsqS
7.8234 	DATA 	wsqS
7.8238 	DATA 	wsqS
7.8242 	DATA 	wsqS
7.8247 	DATA 	wsqS
7.8252 	DATA 	wsqS
7.8256 	DATA 	wsqS
7.8259 	DATA 	wsqS
7.8263 	DATA 	wsqS
7.8267 	DATA 	wsqS
7.8271 	DATA 	wsqS
7.8275 	DATA 	wsqS
7.8279 	DATA 	wsqS
7.8284 	DATA 	wsqS
7.8288 	DATA 	wsqS
7.8292 	DATA 	wsqS
7.8296 	DATA 	wsqS
7.8301 	DATA 	wsqS
7.8305 	DATA 	wsqS
7.8309 	DATA 	wsqS
7.8313 	DATA 	wsqS
7.8319 	DATA 	wsqS
7.8324 	DATA 	wsqS
7.8329 	DATA 	wsqS
7.8334 	DATA 	wsqS
7.8338 	DATA 	wsqS
7.8343 	DATA 	wsqS
7.8347 	DATA 	wsqS
7.8351 	DATA 	wsqS
7.8355 	DATA 	wsqS
7.8359 	DATA 	wsqS
7.8363 	DATA 	wsqS
7.8367 	DATA 	wsqS
7.8372 	DATA 	wsqS
7.8382 	DATA 	wsqS
7.8390 	DATA 	wsqS
7.8397 	DATA 	wsqS
7.8404 	DATA 	wsqS
7.8410 	DATA 	wsqS
7.8417 	DATA 	wsqS
7.8423 	DATA 	wsqS
7.8430 	DATA 	wsqS
7.8437 	DATA 	wsqS
7.8444 	DATA 	wsqS
7.8450 	DATA 	wsqS
7.8455 	DATA 	wsqS
7.8460 	DATA 	wsqS
7.8464 	DATA 	wsqS
7.8468 	DATA 	wsqS
7.8472 	DATA 	wsqS
7.8476 	DATA 	wsqS
7.8480 	DATA 	wsqS
7.8484 	DATA 	wsqS
7.8488 	DATA 	wsqS
7.8492 	DATA 	wsqS
7.8496 	DATA 	wsqS
7.8500 	DATA 	wsqS
7.8504 	DATA 	wsqS
7.8508 	DATA 	wsqS
7.8512 	DATA 	wsqS
7.8516 	DATA 	wsqS
7.8520 	DATA 	wsqS
7.8524 	DATA 	wsqS
7.8527 	DATA 	wsqS
7.8531 	DATA 	wsqS
7.8535 	DATA 	wsqS
7.8540 	DATA 	wsqS
7.8544 	DATA 	wsqS
7.8548 	DATA 	wsqS
7.8552 	DATA 	wsqS
7.8556 	DATA 	wsqS
7.8563 	DATA 	wsqS
7.8573 	DATA 	wsqS
7.8581 	DATA 	wsqS
7.8589 	DATA 	wsqS
7.8596 	DATA 	wsqS
7.8602 	DATA 	wsqS
7.8607 	DATA 	wsqS
7.8611 	DATA 	wsqS
7.8616 	DATA 	wsqS
7.8620 	DATA 	wsqS
7.8625 	DATA 	wsqS
7.8629 	DATA 	wsqS
7.8633 	DATA 	wsqS
7.8638 	DATA 	wsqS
7.8642 	DATA 	wsqS
7.8646 	DATA 	wsqS
7.8651 	DATA 	wsqS
7.8655 	DATA 	wsqS
7.8660 	DATA 	wsqS
7.8664 	DATA 	wsqS
7.8668 	DATA 	wsqS
7.8672 	DATA 	wsqS
7.8678 	DATA 	wsqS
7.8683 	DATA 	wsqS
7.8687 	DATA 	wsqS
7.8691 	DATA 	wsqS
7.8695 	DATA 	wsqS
7.8700 	DATA 	wsqS
7.8704 	DATA 	wsqS
7.8708 	DATA 	wsqS
7.8712 	DATA 	wsqS
7.8717 	DATA 	wsqS
7.8721 	DATA 	wsqS
7.8725 	DATA 	wsqS
7.8729 	DATA 	wsqS
7.8736 	EXP 	Set  sound=./sound/open_speak.wav
7.8905 	EXP 	intro_text: autoDraw = False
7.8905 	EXP 	whitesquare: autoDraw = True
7.8905 	EXP 	whitesquare: autoDraw = False
7.8905 	EXP 	whitesquare: autoDraw = True
7.8905 	EXP 	whitesquare: autoDraw = False
7.8905 	EXP 	whitesquare: autoDraw = True
7.8905 	EXP 	whitesquare: autoDraw = False
7.8905 	EXP 	whitesquare: autoDraw = True
7.8905 	EXP 	whitesquare: autoDraw = False
7.8905 	EXP 	whitesquare: autoDraw = True
7.8905 	EXP 	whitesquare: autoDraw = False
7.8905 	EXP 	whitesquare: autoDraw = True
7.8905 	EXP 	whitesquare: autoDraw = False
7.8905 	EXP 	whitesquare: autoDraw = True
7.8905 	EXP 	whitesquare: autoDraw = False
7.8905 	EXP 	whitesquare: autoDraw = True
7.8905 	EXP 	whitesquare: autoDraw = False
7.8905 	EXP 	whitesquare: autoDraw = True
7.8905 	EXP 	whitesquare: autoDraw = False
7.8905 	EXP 	whitesquare: autoDraw = True
7.8905 	EXP 	whitesquare: autoDraw = False
7.8905 	EXP 	whitesquare: autoDraw = True
7.8905 	EXP 	whitesquare: autoDraw = False
7.8905 	EXP 	whitesquare: autoDraw = True
7.8905 	EXP 	whitesquare: autoDraw = False
7.8905 	EXP 	whitesquare: autoDraw = True
7.8905 	EXP 	whitesquare: autoDraw = False
7.8905 	EXP 	whitesquare: autoDraw = True
7.8905 	EXP 	whitesquare: autoDraw = False
7.8905 	EXP 	whitesquare: autoDraw = True
7.8905 	EXP 	whitesquare: autoDraw = False
7.8905 	EXP 	whitesquare: autoDraw = True
7.8905 	EXP 	whitesquare: autoDraw = False
7.8905 	EXP 	whitesquare: autoDraw = True
7.8905 	EXP 	whitesquare: autoDraw = False
7.8905 	EXP 	whitesquare: autoDraw = True
7.8905 	EXP 	whitesquare: autoDraw = False
7.8905 	EXP 	whitesquare: autoDraw = True
7.8905 	EXP 	whitesquare: autoDraw = False
7.8905 	EXP 	whitesquare: autoDraw = True
7.8905 	EXP 	whitesquare: autoDraw = False
7.8905 	EXP 	whitesquare: autoDraw = True
7.8905 	EXP 	whitesquare: autoDraw = False
7.8905 	EXP 	whitesquare: autoDraw = True
7.8905 	EXP 	whitesquare: autoDraw = False
7.8905 	EXP 	whitesquare: autoDraw = True
7.8905 	EXP 	whitesquare: autoDraw = False
7.8905 	EXP 	whitesquare: autoDraw = True
7.8905 	EXP 	whitesquare: autoDraw = False
7.8905 	EXP 	whitesquare: autoDraw = True
7.8905 	EXP 	whitesquare: autoDraw = False
7.8905 	EXP 	whitesquare: autoDraw = True
7.8905 	EXP 	whitesquare: autoDraw = False
7.8905 	EXP 	whitesquare: autoDraw = True
7.8905 	EXP 	whitesquare: autoDraw = False
7.8905 	EXP 	whitesquare: autoDraw = True
7.8905 	EXP 	whitesquare: autoDraw = False
7.8905 	EXP 	whitesquare: autoDraw = True
7.8905 	EXP 	whitesquare: autoDraw = False
7.8905 	EXP 	whitesquare: autoDraw = True
7.8905 	EXP 	whitesquare: autoDraw = False
7.8905 	EXP 	whitesquare: autoDraw = True
7.8905 	EXP 	whitesquare: autoDraw = False
7.8905 	EXP 	whitesquare: autoDraw = True
7.8905 	EXP 	whitesquare: autoDraw = False
7.8905 	EXP 	whitesquare: autoDraw = True
7.8905 	EXP 	whitesquare: autoDraw = False
7.8905 	EXP 	whitesquare: autoDraw = True
7.8905 	EXP 	whitesquare: autoDraw = False
7.8905 	EXP 	whitesquare: autoDraw = True
7.8905 	EXP 	whitesquare: autoDraw = False
7.8905 	EXP 	whitesquare: autoDraw = True
7.8905 	EXP 	whitesquare: autoDraw = False
7.8905 	EXP 	whitesquare: autoDraw = True
7.8905 	EXP 	whitesquare: autoDraw = False
7.8905 	EXP 	whitesquare: autoDraw = True
7.8905 	EXP 	whitesquare: autoDraw = False
7.8905 	EXP 	whitesquare: autoDraw = True
7.8905 	EXP 	whitesquare: autoDraw = False
7.8905 	EXP 	whitesquare: autoDraw = True
7.8905 	EXP 	whitesquare: autoDraw = False
7.8905 	EXP 	whitesquare: autoDraw = True
7.8905 	EXP 	whitesquare: autoDraw = False
7.8905 	EXP 	whitesquare: autoDraw = True
7.8905 	EXP 	whitesquare: autoDraw = False
7.8905 	EXP 	whitesquare: autoDraw = True
7.8905 	EXP 	whitesquare: autoDraw = False
7.8905 	EXP 	whitesquare: autoDraw = True
7.8905 	EXP 	whitesquare: autoDraw = False
7.8905 	EXP 	whitesquare: autoDraw = True
7.8905 	EXP 	whitesquare: autoDraw = False
7.8905 	EXP 	whitesquare: autoDraw = True
7.8905 	EXP 	whitesquare: autoDraw = False
7.8905 	EXP 	whitesquare: autoDraw = True
7.8905 	EXP 	whitesquare: autoDraw = False
7.8905 	EXP 	whitesquare: autoDraw = True
7.8905 	EXP 	whitesquare: autoDraw = False
7.8905 	EXP 	whitesquare: autoDraw = True
7.8905 	EXP 	whitesquare: autoDraw = False
7.8905 	EXP 	whitesquare: autoDraw = True
7.8905 	EXP 	whitesquare: autoDraw = False
7.8905 	EXP 	whitesquare: autoDraw = True
7.8905 	EXP 	whitesquare: autoDraw = False
7.8905 	EXP 	whitesquare: autoDraw = True
7.8905 	EXP 	whitesquare: autoDraw = False
7.8905 	EXP 	whitesquare: autoDraw = True
7.8905 	EXP 	whitesquare: autoDraw = False
7.8905 	EXP 	whitesquare: autoDraw = True
7.8905 	EXP 	whitesquare: autoDraw = False
7.8905 	EXP 	whitesquare: autoDraw = True
7.8905 	EXP 	whitesquare: autoDraw = False
7.8905 	EXP 	whitesquare: autoDraw = True
7.8905 	EXP 	whitesquare: autoDraw = False
7.8905 	EXP 	whitesquare: autoDraw = True
7.8905 	EXP 	whitesquare: autoDraw = False
7.8905 	EXP 	whitesquare: autoDraw = True
7.8905 	EXP 	whitesquare: autoDraw = False
7.8905 	EXP 	whitesquare: autoDraw = True
7.8905 	EXP 	whitesquare: autoDraw = False
7.8905 	EXP 	whitesquare: autoDraw = True
7.8905 	EXP 	whitesquare: autoDraw = False
7.8905 	EXP 	whitesquare: autoDraw = True
7.8905 	EXP 	whitesquare: autoDraw = False
7.8905 	EXP 	whitesquare: autoDraw = True
7.8905 	EXP 	whitesquare: autoDraw = False
7.8905 	EXP 	whitesquare: autoDraw = True
7.8905 	EXP 	whitesquare: autoDraw = False
7.8905 	EXP 	whitesquare: autoDraw = True
7.8905 	EXP 	whitesquare: autoDraw = False
7.8905 	EXP 	whitesquare: autoDraw = True
7.8905 	EXP 	whitesquare: autoDraw = False
7.8905 	EXP 	whitesquare: autoDraw = True
7.8905 	EXP 	whitesquare: autoDraw = False
7.8905 	EXP 	whitesquare: autoDraw = True
7.8905 	EXP 	whitesquare: autoDraw = False
7.8905 	EXP 	whitesquare: autoDraw = True
7.8905 	EXP 	whitesquare: autoDraw = False
7.8905 	EXP 	whitesquare: autoDraw = True
7.8905 	EXP 	whitesquare: autoDraw = False
7.8905 	EXP 	whitesquare: autoDraw = True
7.8905 	EXP 	whitesquare: autoDraw = False
7.8905 	EXP 	whitesquare: autoDraw = True
7.8905 	EXP 	whitesquare: autoDraw = False
7.8905 	EXP 	whitesquare: autoDraw = True
7.8905 	EXP 	whitesquare: autoDraw = False
7.8905 	EXP 	whitesquare: autoDraw = True
7.8905 	EXP 	whitesquare: autoDraw = False
7.8905 	EXP 	whitesquare: autoDraw = True
7.8905 	EXP 	whitesquare: autoDraw = False
7.8905 	EXP 	whitesquare: autoDraw = True
7.8905 	EXP 	whitesquare: autoDraw = False
7.8905 	EXP 	whitesquare: autoDraw = True
7.8905 	EXP 	whitesquare: autoDraw = False
7.8905 	EXP 	whitesquare: autoDraw = True
7.8905 	EXP 	whitesquare: autoDraw = False
7.8905 	EXP 	whitesquare: autoDraw = True
7.8905 	EXP 	whitesquare: autoDraw = False
7.8905 	EXP 	whitesquare: autoDraw = True
7.8905 	EXP 	whitesquare: autoDraw = False
7.8905 	EXP 	whitesquare: autoDraw = True
7.8905 	EXP 	whitesquare: autoDraw = False
7.8905 	EXP 	whitesquare: autoDraw = True
7.8905 	EXP 	whitesquare: autoDraw = False
7.8905 	EXP 	whitesquare: autoDraw = True
7.8905 	EXP 	whitesquare: autoDraw = False
7.8905 	EXP 	whitesquare: autoDraw = True
7.8905 	EXP 	whitesquare: autoDraw = False
7.8905 	EXP 	whitesquare: autoDraw = True
7.8905 	EXP 	whitesquare: autoDraw = False
7.8905 	EXP 	whitesquare: autoDraw = True
7.8905 	EXP 	whitesquare: autoDraw = False
7.8905 	EXP 	whitesquare: autoDraw = True
7.8905 	EXP 	whitesquare: autoDraw = False
7.8905 	EXP 	whitesquare: autoDraw = True
7.8905 	EXP 	whitesquare: autoDraw = False
7.8905 	EXP 	whitesquare: autoDraw = True
7.8905 	EXP 	whitesquare: autoDraw = False
7.8905 	EXP 	whitesquare: autoDraw = True
7.8905 	EXP 	whitesquare: autoDraw = False
7.8905 	EXP 	whitesquare: autoDraw = True
7.8905 	EXP 	whitesquare: autoDraw = False
7.8905 	EXP 	whitesquare: autoDraw = True
7.8905 	EXP 	whitesquare: autoDraw = False
7.8905 	EXP 	whitesquare: autoDraw = True
7.8905 	EXP 	whitesquare: autoDraw = False
7.8905 	EXP 	whitesquare: autoDraw = True
7.8905 	EXP 	whitesquare: autoDraw = False
7.8905 	EXP 	whitesquare: autoDraw = True
7.8905 	EXP 	whitesquare: autoDraw = False
7.8905 	EXP 	whitesquare: autoDraw = True
7.8905 	EXP 	whitesquare: autoDraw = False
7.8905 	EXP 	whitesquare: autoDraw = True
7.8905 	EXP 	whitesquare: autoDraw = False
7.8905 	EXP 	whitesquare: autoDraw = True
7.8905 	EXP 	whitesquare: autoDraw = False
7.8905 	EXP 	whitesquare: autoDraw = True
7.8905 	EXP 	whitesquare: autoDraw = False
7.8905 	EXP 	whitesquare: autoDraw = True
7.8905 	EXP 	whitesquare: autoDraw = False
7.8905 	EXP 	whitesquare: autoDraw = True
7.8905 	EXP 	whitesquare: autoDraw = False
7.8905 	EXP 	whitesquare: autoDraw = True
7.8905 	EXP 	whitesquare: autoDraw = False
7.8905 	EXP 	whitesquare: autoDraw = True
7.8905 	EXP 	whitesquare: autoDraw = False
7.8905 	EXP 	whitesquare: autoDraw = True
7.8905 	EXP 	whitesquare: autoDraw = False
7.8905 	EXP 	whitesquare: autoDraw = True
7.8905 	EXP 	whitesquare: autoDraw = False
7.8905 	EXP 	whitesquare: autoDraw = True
7.8905 	EXP 	whitesquare: autoDraw = False
7.8905 	EXP 	whitesquare: autoDraw = True
7.8905 	EXP 	whitesquare: autoDraw = False
7.8905 	EXP 	whitesquare: autoDraw = True
7.8905 	EXP 	whitesquare: autoDraw = False
7.8905 	EXP 	whitesquare: autoDraw = True
7.8905 	EXP 	whitesquare: autoDraw = False
7.8905 	EXP 	whitesquare: autoDraw = True
7.8905 	EXP 	whitesquare: autoDraw = False
7.8905 	EXP 	whitesquare: autoDraw = True
7.8905 	EXP 	whitesquare: autoDraw = False
7.8905 	EXP 	whitesquare: autoDraw = True
7.8905 	EXP 	whitesquare: autoDraw = False
7.8905 	EXP 	whitesquare: autoDraw = True
7.8905 	EXP 	whitesquare: autoDraw = False
7.8905 	EXP 	whitesquare: autoDraw = True
7.8905 	EXP 	whitesquare: autoDraw = False
7.8905 	EXP 	whitesquare: autoDraw = True
7.8905 	EXP 	whitesquare: autoDraw = False
7.8905 	EXP 	whitesquare: autoDraw = True
7.8905 	EXP 	whitesquare: autoDraw = False
7.8905 	EXP 	whitesquare: autoDraw = True
7.8905 	EXP 	whitesquare: autoDraw = False
7.8905 	EXP 	whitesquare: autoDraw = True
7.8905 	EXP 	whitesquare: autoDraw = False
7.8905 	EXP 	whitesquare: autoDraw = True
7.8905 	EXP 	whitesquare: autoDraw = False
7.8905 	EXP 	whitesquare: autoDraw = True
7.8905 	EXP 	whitesquare: autoDraw = False
7.8905 	EXP 	whitesquare: autoDraw = True
7.8905 	EXP 	whitesquare: autoDraw = False
7.8905 	EXP 	open_text: autoDraw = False
7.8905 	EXP 	fixation: autoDraw = False
7.8905 	EXP 	close_text: autoDraw = True
10.3742 	DATA 	wsqS
10.3910 	EXP 	close_text: autoDraw = False
10.3910 	EXP 	blank: autoDraw = True
10.3910 	EXP 	whitesquare: autoDraw = True
10.4071 	EXP 	whitesquare: autoDraw = False
10.4246 	EXP 	whitesquare: autoDraw = False
10.4409 	EXP 	whitesquare: autoDraw = False
10.4588 	EXP 	whitesquare: autoDraw = False
10.4743 	EXP 	whitesquare: autoDraw = False
10.4915 	EXP 	whitesquare: autoDraw = False
10.5073 	EXP 	whitesquare: autoDraw = False
10.5243 	EXP 	whitesquare: autoDraw = False
10.5407 	EXP 	whitesquare: autoDraw = False
10.5579 	EXP 	whitesquare: autoDraw = False
10.5744 	EXP 	whitesquare: autoDraw = False
10.5914 	EXP 	whitesquare: autoDraw = False
10.6074 	EXP 	whitesquare: autoDraw = False
10.6244 	EXP 	whitesquare: autoDraw = False
10.6411 	EXP 	whitesquare: autoDraw = False
10.6590 	EXP 	whitesquare: autoDraw = False
10.6745 	EXP 	whitesquare: autoDraw = False
10.6921 	EXP 	whitesquare: autoDraw = False
10.7078 	EXP 	whitesquare: autoDraw = False
10.7249 	EXP 	whitesquare: autoDraw = False
10.7416 	EXP 	whitesquare: autoDraw = False
10.7587 	EXP 	whitesquare: autoDraw = False
10.7745 	EXP 	whitesquare: autoDraw = False
10.7922 	EXP 	whitesquare: autoDraw = False
10.8078 	EXP 	whitesquare: autoDraw = False
10.8246 	EXP 	whitesquare: autoDraw = False
10.8413 	EXP 	whitesquare: autoDraw = False
10.8583 	EXP 	whitesquare: autoDraw = False
10.8747 	EXP 	whitesquare: autoDraw = False
10.8919 	EXP 	whitesquare: autoDraw = False
10.9076 	EXP 	whitesquare: autoDraw = False
10.9249 	EXP 	whitesquare: autoDraw = False
10.9409 	EXP 	whitesquare: autoDraw = False
10.9582 	EXP 	whitesquare: autoDraw = False
10.9747 	EXP 	whitesquare: autoDraw = False
10.9916 	EXP 	whitesquare: autoDraw = False
11.0077 	EXP 	whitesquare: autoDraw = False
11.0250 	EXP 	whitesquare: autoDraw = False
11.0408 	EXP 	whitesquare: autoDraw = False
11.0583 	EXP 	whitesquare: autoDraw = False
11.0744 	EXP 	whitesquare: autoDraw = False
11.0918 	EXP 	whitesquare: autoDraw = False
11.1082 	EXP 	whitesquare: autoDraw = False
11.1249 	EXP 	whitesquare: autoDraw = False
11.1411 	EXP 	whitesquare: autoDraw = False
11.1581 	EXP 	whitesquare: autoDraw = False
11.1742 	EXP 	whitesquare: autoDraw = False
11.1914 	EXP 	whitesquare: autoDraw = False
11.2075 	EXP 	whitesquare: autoDraw = False
11.2246 	EXP 	whitesquare: autoDraw = False
11.2409 	EXP 	whitesquare: autoDraw = False
11.2583 	EXP 	whitesquare: autoDraw = False
11.2744 	EXP 	whitesquare: autoDraw = False
11.2913 	EXP 	whitesquare: autoDraw = False
11.3083 	EXP 	whitesquare: autoDraw = False
11.3246 	EXP 	whitesquare: autoDraw = False
11.3412 	EXP 	whitesquare: autoDraw = False
11.3582 	EXP 	whitesquare: autoDraw = False
11.3743 	EXP 	whitesquare: autoDraw = False
11.3913 	EXP 	whitesquare: autoDraw = False
11.4077 	EXP 	whitesquare: autoDraw = False
11.4248 	EXP 	whitesquare: autoDraw = False
11.4410 	EXP 	whitesquare: autoDraw = False
11.4583 	EXP 	whitesquare: autoDraw = False
11.4742 	EXP 	whitesquare: autoDraw = False
11.4914 	EXP 	whitesquare: autoDraw = False
11.5076 	EXP 	whitesquare: autoDraw = False
11.5249 	EXP 	whitesquare: autoDraw = False
11.5410 	EXP 	whitesquare: autoDraw = False
11.5585 	EXP 	whitesquare: autoDraw = False
11.5745 	EXP 	whitesquare: autoDraw = False
11.5914 	EXP 	whitesquare: autoDraw = False
11.6077 	EXP 	whitesquare: autoDraw = False
11.6248 	EXP 	whitesquare: autoDraw = False
11.6412 	EXP 	whitesquare: autoDraw = False
11.6586 	EXP 	whitesquare: autoDraw = False
11.6745 	EXP 	whitesquare: autoDraw = False
11.6914 	EXP 	whitesquare: autoDraw = False
11.7077 	EXP 	whitesquare: autoDraw = False
11.7255 	EXP 	whitesquare: autoDraw = False
11.7411 	EXP 	whitesquare: autoDraw = False
11.7591 	EXP 	whitesquare: autoDraw = False
11.7746 	EXP 	whitesquare: autoDraw = False
11.7915 	EXP 	whitesquare: autoDraw = False
11.8079 	EXP 	whitesquare: autoDraw = False
11.8249 	EXP 	whitesquare: autoDraw = False
11.8414 	EXP 	whitesquare: autoDraw = False
11.8585 	EXP 	whitesquare: autoDraw = False
11.8746 	EXP 	whitesquare: autoDraw = False
11.8915 	EXP 	whitesquare: autoDraw = False
11.9078 	EXP 	whitesquare: autoDraw = False
11.9249 	EXP 	whitesquare: autoDraw = False
11.9412 	EXP 	whitesquare: autoDraw = False
11.9586 	EXP 	whitesquare: autoDraw = False
11.9745 	EXP 	whitesquare: autoDraw = False
11.9916 	EXP 	whitesquare: autoDraw = False
12.0080 	EXP 	whitesquare: autoDraw = False
12.0251 	EXP 	whitesquare: autoDraw = False
12.0413 	EXP 	whitesquare: autoDraw = False
12.0586 	EXP 	whitesquare: autoDraw = False
12.0746 	EXP 	whitesquare: autoDraw = False
12.0916 	EXP 	whitesquare: autoDraw = False
12.1080 	EXP 	whitesquare: autoDraw = False
12.1250 	EXP 	whitesquare: autoDraw = False
12.1417 	EXP 	whitesquare: autoDraw = False
12.1588 	EXP 	whitesquare: autoDraw = False
12.1746 	EXP 	whitesquare: autoDraw = False
12.1918 	EXP 	whitesquare: autoDraw = False
12.2085 	EXP 	whitesquare: autoDraw = False
12.2252 	EXP 	whitesquare: autoDraw = False
12.2413 	EXP 	whitesquare: autoDraw = False
12.2588 	EXP 	whitesquare: autoDraw = False
12.2748 	EXP 	whitesquare: autoDraw = False
12.2918 	EXP 	whitesquare: autoDraw = False
12.3081 	EXP 	whitesquare: autoDraw = False
12.3251 	EXP 	whitesquare: autoDraw = False
12.3417 	EXP 	whitesquare: autoDraw = False
12.3588 	EXP 	whitesquare: autoDraw = False
12.3748 	EXP 	whitesquare: autoDraw = False
12.3750 	EXP 	Sound  started
13.3760 	EXP 	Sound  stopped
13.3764 	EXP 	Set  sound=./sound/left_speak.wav
13.3765 	EXP 	Set  sound=./sound/right_speak.wav
13.3766 	EXP 	Set  sound=./sound/up_speak.wav
13.3767 	EXP 	Set  sound=./sound/down_speak.wav
13.3925 	EXP 	whitesquare: autoDraw = False
13.3925 	EXP 	blank: autoDraw = False
13.3925 	EXP 	close_text: autoDraw = False
13.3925 	EXP 	blank: autoDraw = False
13.3925 	EXP 	gaze_text: autoDraw = True
13.4481 	DATA 	Keypress: escape
13.7454 	EXP 	window1: mouseVisible = True
