4.9870 	WARNING 	User requested fullscreen with size [1024  768], but screen is actually [1280, 800]. Using actual size
5.7041 	EXP 	Created window1 = Window(allowGUI=False, allowStencil=False, args=UNKNOWN, autoLog=True, bitsMode=UNKNOWN, blendMode='avg', color=array([-1., -1., -1.]), colorSpace='rgb', fullscr=UNKNOWN, gamma=None, kwargs=UNKNOWN, lms=UNKNOWN, monitor=<psychopy.monitors.calibTools.Monitor object at 0x112402320>, multiSample=False, name='window1', numSamples=2, pos=[0.0, 0.0], screen=0, size=array([2560, 1600]), stereo=False, units='norm', useFBO=True, useRetina=True, viewOri=0.0, viewPos=None, viewScale=None, waitBlanking=True, winType='pyglet')
5.7041 	EXP 	window1: recordFrameIntervals = False
5.8697 	EXP 	window1: recordFrameIntervals = True
6.0530 	EXP 	window1: recordFrameIntervals = False
6.0618 	EXP 	<method-wrapper '__getattribute__' of attributeSetter object at 0x105f90eb8>: vertices = array([[-0.25,  0.25],
       [ 0.25,  0.25],
       [ 0.25, -0.25],
       [-0.25, -0.25]])
6.0634 	EXP 	Created whitesquare = Rect(__class__=<class 'psychopy.visual.rect.Rect'>, autoDraw=False, autoLog=True, closeShape=True, contrast=1.0, depth=0.0, fillColor=array([1., 1., 1.]), fillColorSpace='rgb', fillRGB=array([1., 1., 1.]), interpolate=True, lineColor=array([1., 1., 1.]), lineColorSpace='rgb', lineRGB=array([1., 1., 1.]), lineWidth=1, name='whitesquare', opacity=0.9, ori=array(0.), pos=array([14.9, 11.2]), size=array([1., 1.]), units='cm', vertices=ndarray(...), win=Window(...))
6.1717 	EXP 	Created intro_text = TextStim(__class__=<class 'psychopy.visual.text.TextStim'>, alignHoriz='center', alignVert='center', antialias=True, autoLog=True, bold=False, color='white', colorSpace='named', contrast=1.0, depth=0.0, flipHoriz=False, flipVert=False, font='Arial', fontFiles=[], height=0.1, italic=False, name='intro_text', opacity=1.0, ori=0, pos=array([0., 0.]), rgb=array([255., 255., 255.]), text=str(...), units='norm', win=Window(...), wrapWidth=1)
6.1932 	EXP 	Created intro_text = TextStim(__class__=<class 'psychopy.visual.text.TextStim'>, alignHoriz='center', alignVert='center', antialias=True, autoLog=True, bold=False, color='white', colorSpace='named', contrast=1.0, depth=0.0, flipHoriz=False, flipVert=False, font='Arial', fontFiles=[], height=0.1, italic=False, name='intro_text', opacity=1.0, ori=0, pos=array([0., 0.]), rgb=array([255., 255., 255.]), text=str(...), units='norm', win=Window(...), wrapWidth=1)
6.2055 	EXP 	Created open_text = TextStim(__class__=<class 'psychopy.visual.text.TextStim'>, alignHoriz='center', alignVert='center', antialias=True, autoLog=True, bold=False, color='white', colorSpace='named', contrast=1.0, depth=0.0, flipHoriz=False, flipVert=False, font='Arial', fontFiles=[], height=0.1, italic=False, name='open_text', opacity=1.0, ori=0, pos=array([0., 0.]), rgb=array([255., 255., 255.]), text=str(...), units='norm', win=Window(...), wrapWidth=1)
6.2096 	EXP 	Created fixation = TextStim(__class__=<class 'psychopy.visual.text.TextStim'>, alignHoriz='center', alignVert='center', antialias=True, autoLog=True, bold=False, color='white', colorSpace='named', contrast=1.0, depth=-1.0, flipHoriz=False, flipVert=False, font='Arial', fontFiles=[], height=0.1, italic=False, name='fixation', opacity=1.0, ori=0, pos=array([0., 0.]), rgb=array([255., 255., 255.]), text='+\n', units='norm', win=Window(...), wrapWidth=1)
6.2242 	EXP 	Created close_text = TextStim(__class__=<class 'psychopy.visual.text.TextStim'>, alignHoriz='center', alignVert='center', antialias=True, autoLog=True, bold=False, color='white', colorSpace='named', contrast=1.0, depth=0.0, flipHoriz=False, flipVert=False, font='Arial', fontFiles=[], height=0.1, italic=False, name='close_text', opacity=1.0, ori=0, pos=array([0., 0.]), rgb=array([255., 255., 255.]), text=str(...), units='norm', win=Window(...), wrapWidth=1)
6.2269 	EXP 	Created blank = TextStim(__class__=<class 'psychopy.visual.text.TextStim'>, alignHoriz='center', alignVert='center', antialias=True, autoLog=True, bold=False, color='white', colorSpace='named', contrast=1.0, depth=-1.0, flipHoriz=False, flipVert=False, font='Arial', fontFiles=[], height=0.1, italic=False, name='blank', opacity=1.0, ori=0, pos=array([0., 0.]), rgb=array([255., 255., 255.]), text=' ', units='norm', win=Window(...), wrapWidth=1)
6.2796 	EXP 	Set  sound=./sound/open_speak.wav
6.2796 	EXP 	Set Sound  volume=1.000
6.2896 	EXP 	Created gaze_text = TextStim(__class__=<class 'psychopy.visual.text.TextStim'>, alignHoriz='center', alignVert='center', antialias=True, autoLog=True, bold=False, color='white', colorSpace='named', contrast=1.0, depth=0.0, flipHoriz=False, flipVert=False, font='Arial', fontFiles=[], height=0.1, italic=False, name='gaze_text', opacity=1.0, ori=0, pos=array([0., 0.]), rgb=array([255., 255., 255.]), text=str(...), units='norm', win=Window(...), wrapWidth=1)
6.2915 	EXP 	Created center = ShapeStim(__class__=<class 'psychopy.visual.shape.ShapeStim'>, autoDraw=False, autoLog=True, closeShape=True, contrast=1.0, depth=0.0, fillColor=array([1., 1., 1.]), fillColorSpace='rgb', interpolate=True, lineColor=array([1., 1., 1.]), lineColorSpace='rgb', lineWidth=1, name='center', opacity=1.0, ori=array(0.), pos=array([0., 0.]), size=array([0.5, 0.5]), units='cm', vertices=ndarray(...), win=Window(...), windingRule=None)
6.2924 	EXP 	Set  sound=./sound/left_speak.wav
6.2925 	EXP 	Set Sound  volume=1.000
6.2943 	EXP 	Created left = ShapeStim(__class__=<class 'psychopy.visual.shape.ShapeStim'>, autoDraw=False, autoLog=True, closeShape=True, contrast=1.0, depth=0.0, fillColor=array([1., 1., 1.]), fillColorSpace='rgb', interpolate=True, lineColor=array([1., 1., 1.]), lineColorSpace='rgb', lineWidth=1, name='left', opacity=1.0, ori=array(0.), pos=array([-10.,   0.]), size=array([0.5, 0.5]), units='cm', vertices=ndarray(...), win=Window(...), windingRule=None)
6.2950 	EXP 	Set  sound=./sound/right_speak.wav
6.2950 	EXP 	Set Sound  volume=1.000
6.2969 	EXP 	Created right = ShapeStim(__class__=<class 'psychopy.visual.shape.ShapeStim'>, autoDraw=False, autoLog=True, closeShape=True, contrast=1.0, depth=0.0, fillColor=array([1., 1., 1.]), fillColorSpace='rgb', interpolate=True, lineColor=array([1., 1., 1.]), lineColorSpace='rgb', lineWidth=1, name='right', opacity=1.0, ori=array(0.), pos=array([10.,  0.]), size=array([0.5, 0.5]), units='cm', vertices=ndarray(...), win=Window(...), windingRule=None)
6.2978 	EXP 	Set  sound=./sound/up_speak.wav
6.2978 	EXP 	Set Sound  volume=1.000
6.2996 	EXP 	Created up = ShapeStim(__class__=<class 'psychopy.visual.shape.ShapeStim'>, autoDraw=False, autoLog=True, closeShape=True, contrast=1.0, depth=0.0, fillColor=array([1., 1., 1.]), fillColorSpace='rgb', interpolate=True, lineColor=array([1., 1., 1.]), lineColorSpace='rgb', lineWidth=1, name='up', opacity=1.0, ori=array(0.), pos=array([ 0., 10.]), size=array([0.5, 0.5]), units='cm', vertices=ndarray(...), win=Window(...), windingRule=None)
6.3006 	EXP 	Set  sound=./sound/down_speak.wav
6.3006 	EXP 	Set Sound  volume=1.000
6.3025 	EXP 	Created down = ShapeStim(__class__=<class 'psychopy.visual.shape.ShapeStim'>, autoDraw=False, autoLog=True, closeShape=True, contrast=1.0, depth=0.0, fillColor=array([1., 1., 1.]), fillColorSpace='rgb', interpolate=True, lineColor=array([1., 1., 1.]), lineColorSpace='rgb', lineWidth=1, name='down', opacity=1.0, ori=array(0.), pos=array([  0., -10.]), size=array([0.5, 0.5]), units='cm', vertices=ndarray(...), win=Window(...), windingRule=None)
6.3106 	EXP 	Created esc = TextStim(__class__=<class 'psychopy.visual.text.TextStim'>, alignHoriz='center', alignVert='center', antialias=True, autoLog=True, bold=False, color='white', colorSpace='named', contrast=1.0, depth=0.0, flipHoriz=False, flipVert=False, font='Arial', fontFiles=[], height=0.1, italic=False, name='esc', opacity=1.0, ori=0, pos=array([0., 0.]), rgb=array([255., 255., 255.]), text="End of test\n\nPress 'esc'", units='norm', win=Window(...), wrapWidth=1)
6.3377 	EXP 	intro_text: autoDraw = True
6.3377 	EXP 	whitesquare: autoDraw = True
7.1076 	DATA 	Keypress: space
7.1200 	EXP 	intro_text: autoDraw = False
7.1200 	EXP 	whitesquare: autoDraw = False
7.1200 	EXP 	intro_text: autoDraw = True
7.6568 	DATA 	Keypress: space
7.6869 	EXP 	intro_text: autoDraw = False
10.1731 	DATA 	wsqS
10.1880 	EXP 	whitesquare: autoDraw = True
10.1886 	DATA 	wsqS
10.2051 	EXP 	whitesquare: autoDraw = True
10.2051 	EXP 	whitesquare: autoDraw = False
10.2059 	DATA 	wsqS
10.2213 	EXP 	whitesquare: autoDraw = True
10.2213 	EXP 	whitesquare: autoDraw = False
10.2220 	DATA 	wsqS
10.2385 	EXP 	whitesquare: autoDraw = True
10.2385 	EXP 	whitesquare: autoDraw = False
10.2392 	DATA 	wsqS
10.2547 	EXP 	whitesquare: autoDraw = True
10.2547 	EXP 	whitesquare: autoDraw = False
10.2554 	DATA 	wsqS
10.2717 	EXP 	whitesquare: autoDraw = True
10.2717 	EXP 	whitesquare: autoDraw = False
10.2727 	DATA 	wsqS
10.2880 	EXP 	whitesquare: autoDraw = True
10.2880 	EXP 	whitesquare: autoDraw = False
10.2888 	DATA 	wsqS
10.3051 	EXP 	whitesquare: autoDraw = True
10.3051 	EXP 	whitesquare: autoDraw = False
10.3059 	DATA 	wsqS
10.3217 	EXP 	whitesquare: autoDraw = True
10.3217 	EXP 	whitesquare: autoDraw = False
10.3225 	DATA 	wsqS
10.3386 	EXP 	whitesquare: autoDraw = True
10.3386 	EXP 	whitesquare: autoDraw = False
10.3393 	DATA 	wsqS
10.3548 	EXP 	whitesquare: autoDraw = True
10.3548 	EXP 	whitesquare: autoDraw = False
10.3555 	DATA 	wsqS
10.3718 	EXP 	whitesquare: autoDraw = True
10.3718 	EXP 	whitesquare: autoDraw = False
10.3726 	DATA 	wsqS
10.3881 	EXP 	whitesquare: autoDraw = True
10.3881 	EXP 	whitesquare: autoDraw = False
10.3889 	DATA 	wsqS
10.4051 	EXP 	whitesquare: autoDraw = True
10.4051 	EXP 	whitesquare: autoDraw = False
10.4060 	DATA 	wsqS
10.4219 	EXP 	whitesquare: autoDraw = True
10.4219 	EXP 	whitesquare: autoDraw = False
10.4225 	DATA 	wsqS
10.4387 	EXP 	whitesquare: autoDraw = True
10.4387 	EXP 	whitesquare: autoDraw = False
10.4396 	DATA 	wsqS
10.4548 	EXP 	whitesquare: autoDraw = True
10.4548 	EXP 	whitesquare: autoDraw = False
10.4556 	DATA 	wsqS
10.4719 	EXP 	whitesquare: autoDraw = True
10.4719 	EXP 	whitesquare: autoDraw = False
10.4727 	DATA 	wsqS
10.4882 	EXP 	whitesquare: autoDraw = True
10.4882 	EXP 	whitesquare: autoDraw = False
10.4889 	DATA 	wsqS
10.5052 	EXP 	whitesquare: autoDraw = True
10.5052 	EXP 	whitesquare: autoDraw = False
10.5060 	DATA 	wsqS
10.5215 	EXP 	whitesquare: autoDraw = True
10.5215 	EXP 	whitesquare: autoDraw = False
10.5222 	DATA 	wsqS
10.5385 	EXP 	whitesquare: autoDraw = True
10.5385 	EXP 	whitesquare: autoDraw = False
10.5395 	DATA 	wsqS
10.5548 	EXP 	whitesquare: autoDraw = True
10.5548 	EXP 	whitesquare: autoDraw = False
10.5556 	DATA 	wsqS
10.5719 	EXP 	whitesquare: autoDraw = True
10.5719 	EXP 	whitesquare: autoDraw = False
10.5728 	DATA 	wsqS
10.5883 	EXP 	whitesquare: autoDraw = True
10.5883 	EXP 	whitesquare: autoDraw = False
10.5890 	DATA 	wsqS
10.6052 	EXP 	whitesquare: autoDraw = True
10.6052 	EXP 	whitesquare: autoDraw = False
10.6059 	DATA 	wsqS
10.6215 	EXP 	whitesquare: autoDraw = True
10.6215 	EXP 	whitesquare: autoDraw = False
10.6223 	DATA 	wsqS
10.6389 	EXP 	whitesquare: autoDraw = True
10.6389 	EXP 	whitesquare: autoDraw = False
10.6397 	DATA 	wsqS
10.6553 	EXP 	whitesquare: autoDraw = True
10.6553 	EXP 	whitesquare: autoDraw = False
10.6558 	DATA 	wsqS
10.6719 	EXP 	whitesquare: autoDraw = True
10.6719 	EXP 	whitesquare: autoDraw = False
10.6728 	DATA 	wsqS
10.6889 	EXP 	whitesquare: autoDraw = True
10.6889 	EXP 	whitesquare: autoDraw = False
10.6896 	DATA 	wsqS
10.7060 	EXP 	whitesquare: autoDraw = True
10.7060 	EXP 	whitesquare: autoDraw = False
10.7066 	DATA 	wsqS
10.7216 	EXP 	whitesquare: autoDraw = True
10.7216 	EXP 	whitesquare: autoDraw = False
10.7223 	DATA 	wsqS
10.7391 	EXP 	whitesquare: autoDraw = True
10.7391 	EXP 	whitesquare: autoDraw = False
10.7398 	DATA 	wsqS
10.7549 	EXP 	whitesquare: autoDraw = True
10.7549 	EXP 	whitesquare: autoDraw = False
10.7556 	DATA 	wsqS
10.7721 	EXP 	whitesquare: autoDraw = True
10.7721 	EXP 	whitesquare: autoDraw = False
10.7729 	DATA 	wsqS
10.7883 	EXP 	whitesquare: autoDraw = True
10.7883 	EXP 	whitesquare: autoDraw = False
10.7890 	DATA 	wsqS
10.8053 	EXP 	whitesquare: autoDraw = True
10.8053 	EXP 	whitesquare: autoDraw = False
10.8062 	DATA 	wsqS
10.8216 	EXP 	whitesquare: autoDraw = True
10.8216 	EXP 	whitesquare: autoDraw = False
10.8223 	DATA 	wsqS
10.8386 	EXP 	whitesquare: autoDraw = True
10.8386 	EXP 	whitesquare: autoDraw = False
10.8395 	DATA 	wsqS
10.8551 	EXP 	whitesquare: autoDraw = True
10.8551 	EXP 	whitesquare: autoDraw = False
10.8559 	DATA 	wsqS
10.8721 	EXP 	whitesquare: autoDraw = True
10.8721 	EXP 	whitesquare: autoDraw = False
10.8728 	DATA 	wsqS
10.8887 	EXP 	whitesquare: autoDraw = True
10.8887 	EXP 	whitesquare: autoDraw = False
10.8894 	DATA 	wsqS
10.9053 	EXP 	whitesquare: autoDraw = True
10.9053 	EXP 	whitesquare: autoDraw = False
10.9061 	DATA 	wsqS
10.9221 	EXP 	whitesquare: autoDraw = True
10.9221 	EXP 	whitesquare: autoDraw = False
10.9230 	DATA 	wsqS
10.9387 	EXP 	whitesquare: autoDraw = True
10.9387 	EXP 	whitesquare: autoDraw = False
10.9397 	DATA 	wsqS
10.9551 	EXP 	whitesquare: autoDraw = True
10.9551 	EXP 	whitesquare: autoDraw = False
10.9559 	DATA 	wsqS
10.9722 	EXP 	whitesquare: autoDraw = True
10.9722 	EXP 	whitesquare: autoDraw = False
10.9730 	DATA 	wsqS
10.9884 	EXP 	whitesquare: autoDraw = True
10.9884 	EXP 	whitesquare: autoDraw = False
10.9892 	DATA 	wsqS
11.0055 	EXP 	whitesquare: autoDraw = True
11.0055 	EXP 	whitesquare: autoDraw = False
11.0061 	DATA 	wsqS
11.0217 	EXP 	whitesquare: autoDraw = True
11.0217 	EXP 	whitesquare: autoDraw = False
11.0225 	DATA 	wsqS
11.0389 	EXP 	whitesquare: autoDraw = True
11.0389 	EXP 	whitesquare: autoDraw = False
11.0396 	DATA 	wsqS
11.0551 	EXP 	whitesquare: autoDraw = True
11.0551 	EXP 	whitesquare: autoDraw = False
11.0558 	DATA 	wsqS
11.0721 	EXP 	whitesquare: autoDraw = True
11.0721 	EXP 	whitesquare: autoDraw = False
11.0728 	DATA 	wsqS
11.0884 	EXP 	whitesquare: autoDraw = True
11.0884 	EXP 	whitesquare: autoDraw = False
11.0892 	DATA 	wsqS
11.1054 	EXP 	whitesquare: autoDraw = True
11.1054 	EXP 	whitesquare: autoDraw = False
11.1062 	DATA 	wsqS
11.1218 	EXP 	whitesquare: autoDraw = True
11.1218 	EXP 	whitesquare: autoDraw = False
11.1226 	DATA 	wsqS
11.1389 	EXP 	whitesquare: autoDraw = True
11.1389 	EXP 	whitesquare: autoDraw = False
11.1396 	DATA 	wsqS
11.1552 	EXP 	whitesquare: autoDraw = True
11.1552 	EXP 	whitesquare: autoDraw = False
11.1561 	DATA 	wsqS
11.1722 	EXP 	whitesquare: autoDraw = True
11.1722 	EXP 	whitesquare: autoDraw = False
11.1730 	DATA 	wsqS
11.1888 	EXP 	whitesquare: autoDraw = True
11.1888 	EXP 	whitesquare: autoDraw = False
11.1895 	DATA 	wsqS
11.2055 	EXP 	whitesquare: autoDraw = True
11.2055 	EXP 	whitesquare: autoDraw = False
11.2063 	DATA 	wsqS
11.2218 	EXP 	whitesquare: autoDraw = True
11.2218 	EXP 	whitesquare: autoDraw = False
11.2226 	DATA 	wsqS
11.2389 	EXP 	whitesquare: autoDraw = True
11.2389 	EXP 	whitesquare: autoDraw = False
11.2396 	DATA 	wsqS
11.2551 	EXP 	whitesquare: autoDraw = True
11.2551 	EXP 	whitesquare: autoDraw = False
11.2559 	DATA 	wsqS
11.2723 	EXP 	whitesquare: autoDraw = True
11.2723 	EXP 	whitesquare: autoDraw = False
11.2731 	DATA 	wsqS
11.2887 	EXP 	whitesquare: autoDraw = True
11.2887 	EXP 	whitesquare: autoDraw = False
11.2893 	DATA 	wsqS
11.3056 	EXP 	whitesquare: autoDraw = True
11.3056 	EXP 	whitesquare: autoDraw = False
11.3063 	DATA 	wsqS
11.3219 	EXP 	whitesquare: autoDraw = True
11.3219 	EXP 	whitesquare: autoDraw = False
11.3226 	DATA 	wsqS
11.3389 	EXP 	whitesquare: autoDraw = True
11.3389 	EXP 	whitesquare: autoDraw = False
11.3397 	DATA 	wsqS
11.3555 	EXP 	whitesquare: autoDraw = True
11.3555 	EXP 	whitesquare: autoDraw = False
11.3561 	DATA 	wsqS
11.3724 	EXP 	whitesquare: autoDraw = True
11.3724 	EXP 	whitesquare: autoDraw = False
11.3731 	DATA 	wsqS
11.3886 	EXP 	whitesquare: autoDraw = True
11.3886 	EXP 	whitesquare: autoDraw = False
11.3893 	DATA 	wsqS
11.4056 	EXP 	whitesquare: autoDraw = True
11.4056 	EXP 	whitesquare: autoDraw = False
11.4063 	DATA 	wsqS
11.4219 	EXP 	whitesquare: autoDraw = True
11.4219 	EXP 	whitesquare: autoDraw = False
11.4226 	DATA 	wsqS
11.4399 	EXP 	whitesquare: autoDraw = True
11.4399 	EXP 	whitesquare: autoDraw = False
11.4408 	DATA 	wsqS
11.4553 	EXP 	whitesquare: autoDraw = True
11.4553 	EXP 	whitesquare: autoDraw = False
11.4560 	DATA 	wsqS
11.4727 	EXP 	whitesquare: autoDraw = True
11.4727 	EXP 	whitesquare: autoDraw = False
11.4734 	DATA 	wsqS
11.4889 	EXP 	whitesquare: autoDraw = True
11.4889 	EXP 	whitesquare: autoDraw = False
11.4896 	DATA 	wsqS
11.5058 	EXP 	whitesquare: autoDraw = True
11.5058 	EXP 	whitesquare: autoDraw = False
11.5065 	DATA 	wsqS
11.5219 	EXP 	whitesquare: autoDraw = True
11.5219 	EXP 	whitesquare: autoDraw = False
11.5228 	DATA 	wsqS
11.5390 	EXP 	whitesquare: autoDraw = True
11.5390 	EXP 	whitesquare: autoDraw = False
11.5398 	DATA 	wsqS
11.5553 	EXP 	whitesquare: autoDraw = True
11.5553 	EXP 	whitesquare: autoDraw = False
11.5560 	DATA 	wsqS
11.5723 	EXP 	whitesquare: autoDraw = True
11.5723 	EXP 	whitesquare: autoDraw = False
11.5734 	DATA 	wsqS
11.5887 	EXP 	whitesquare: autoDraw = True
11.5887 	EXP 	whitesquare: autoDraw = False
11.5894 	DATA 	wsqS
11.6060 	EXP 	whitesquare: autoDraw = True
11.6060 	EXP 	whitesquare: autoDraw = False
11.6068 	DATA 	wsqS
11.6221 	EXP 	whitesquare: autoDraw = True
11.6221 	EXP 	whitesquare: autoDraw = False
11.6228 	DATA 	wsqS
11.6396 	EXP 	whitesquare: autoDraw = True
11.6396 	EXP 	whitesquare: autoDraw = False
11.6401 	DATA 	wsqS
11.6557 	EXP 	whitesquare: autoDraw = True
11.6557 	EXP 	whitesquare: autoDraw = False
11.6564 	DATA 	wsqS
11.6729 	EXP 	whitesquare: autoDraw = True
11.6729 	EXP 	whitesquare: autoDraw = False
11.6739 	DATA 	wsqS
11.6888 	EXP 	whitesquare: autoDraw = True
11.6888 	EXP 	whitesquare: autoDraw = False
11.6895 	DATA 	wsqS
11.7058 	EXP 	whitesquare: autoDraw = True
11.7058 	EXP 	whitesquare: autoDraw = False
11.7064 	DATA 	wsqS
11.7220 	EXP 	whitesquare: autoDraw = True
11.7220 	EXP 	whitesquare: autoDraw = False
11.7228 	DATA 	wsqS
11.7391 	EXP 	whitesquare: autoDraw = True
11.7391 	EXP 	whitesquare: autoDraw = False
11.7398 	DATA 	wsqS
11.7554 	EXP 	whitesquare: autoDraw = True
11.7554 	EXP 	whitesquare: autoDraw = False
11.7562 	DATA 	wsqS
11.7727 	EXP 	whitesquare: autoDraw = True
11.7727 	EXP 	whitesquare: autoDraw = False
11.7736 	DATA 	wsqS
11.7889 	EXP 	whitesquare: autoDraw = True
11.7889 	EXP 	whitesquare: autoDraw = False
11.7896 	DATA 	wsqS
11.8058 	EXP 	whitesquare: autoDraw = True
11.8058 	EXP 	whitesquare: autoDraw = False
11.8066 	DATA 	wsqS
11.8221 	EXP 	whitesquare: autoDraw = True
11.8221 	EXP 	whitesquare: autoDraw = False
11.8229 	DATA 	wsqS
11.8391 	EXP 	whitesquare: autoDraw = True
11.8391 	EXP 	whitesquare: autoDraw = False
11.8400 	DATA 	wsqS
11.8556 	EXP 	whitesquare: autoDraw = True
11.8556 	EXP 	whitesquare: autoDraw = False
11.8561 	DATA 	wsqS
11.8725 	EXP 	whitesquare: autoDraw = True
11.8725 	EXP 	whitesquare: autoDraw = False
11.8736 	DATA 	wsqS
11.8892 	EXP 	whitesquare: autoDraw = True
11.8892 	EXP 	whitesquare: autoDraw = False
11.8899 	DATA 	wsqS
11.9060 	EXP 	whitesquare: autoDraw = True
11.9060 	EXP 	whitesquare: autoDraw = False
11.9067 	DATA 	wsqS
11.9222 	EXP 	whitesquare: autoDraw = True
11.9222 	EXP 	whitesquare: autoDraw = False
11.9230 	DATA 	wsqS
11.9394 	EXP 	whitesquare: autoDraw = True
11.9394 	EXP 	whitesquare: autoDraw = False
11.9402 	DATA 	wsqS
11.9556 	EXP 	whitesquare: autoDraw = True
11.9556 	EXP 	whitesquare: autoDraw = False
11.9564 	DATA 	wsqS
11.9726 	EXP 	whitesquare: autoDraw = True
11.9726 	EXP 	whitesquare: autoDraw = False
11.9734 	DATA 	wsqS
11.9888 	EXP 	whitesquare: autoDraw = True
11.9888 	EXP 	whitesquare: autoDraw = False
11.9896 	DATA 	wsqS
12.0059 	EXP 	whitesquare: autoDraw = True
12.0059 	EXP 	whitesquare: autoDraw = False
12.0067 	DATA 	wsqS
12.0222 	EXP 	whitesquare: autoDraw = True
12.0222 	EXP 	whitesquare: autoDraw = False
12.0229 	DATA 	wsqS
12.0394 	EXP 	whitesquare: autoDraw = True
12.0394 	EXP 	whitesquare: autoDraw = False
12.0401 	DATA 	wsqS
12.0557 	EXP 	whitesquare: autoDraw = True
12.0557 	EXP 	whitesquare: autoDraw = False
12.0564 	DATA 	wsqS
12.0728 	EXP 	whitesquare: autoDraw = True
12.0728 	EXP 	whitesquare: autoDraw = False
12.0735 	DATA 	wsqS
12.0889 	EXP 	whitesquare: autoDraw = True
12.0889 	EXP 	whitesquare: autoDraw = False
12.0896 	DATA 	wsqS
12.1059 	EXP 	whitesquare: autoDraw = True
12.1059 	EXP 	whitesquare: autoDraw = False
12.1067 	DATA 	wsqS
12.1222 	EXP 	whitesquare: autoDraw = True
12.1222 	EXP 	whitesquare: autoDraw = False
12.1230 	DATA 	wsqS
12.1392 	EXP 	whitesquare: autoDraw = True
12.1392 	EXP 	whitesquare: autoDraw = False
12.1401 	DATA 	wsqS
12.1557 	EXP 	whitesquare: autoDraw = True
12.1557 	EXP 	whitesquare: autoDraw = False
12.1565 	DATA 	wsqS
12.1727 	EXP 	whitesquare: autoDraw = True
12.1727 	EXP 	whitesquare: autoDraw = False
12.1735 	DATA 	wsqS
12.1744 	EXP 	Set  sound=./sound/open_speak.wav
12.1889 	EXP 	whitesquare: autoDraw = True
12.1889 	EXP 	whitesquare: autoDraw = False
14.6754 	DATA 	wsqS
14.6901 	EXP 	whitesquare: autoDraw = True
14.6908 	DATA 	wsqS
14.7071 	EXP 	whitesquare: autoDraw = True
14.7071 	EXP 	whitesquare: autoDraw = False
14.7080 	DATA 	wsqS
14.7235 	EXP 	whitesquare: autoDraw = True
14.7235 	EXP 	whitesquare: autoDraw = False
14.7242 	DATA 	wsqS
14.7405 	EXP 	whitesquare: autoDraw = True
14.7405 	EXP 	whitesquare: autoDraw = False
14.7413 	DATA 	wsqS
14.7569 	EXP 	whitesquare: autoDraw = True
14.7569 	EXP 	whitesquare: autoDraw = False
14.7577 	DATA 	wsqS
14.7741 	EXP 	whitesquare: autoDraw = True
14.7741 	EXP 	whitesquare: autoDraw = False
14.7749 	DATA 	wsqS
14.7902 	EXP 	whitesquare: autoDraw = True
14.7902 	EXP 	whitesquare: autoDraw = False
14.7910 	DATA 	wsqS
14.8073 	EXP 	whitesquare: autoDraw = True
14.8073 	EXP 	whitesquare: autoDraw = False
14.8080 	DATA 	wsqS
14.8236 	EXP 	whitesquare: autoDraw = True
14.8236 	EXP 	whitesquare: autoDraw = False
14.8244 	DATA 	wsqS
14.8405 	EXP 	whitesquare: autoDraw = True
14.8405 	EXP 	whitesquare: autoDraw = False
14.8414 	DATA 	wsqS
14.8568 	EXP 	whitesquare: autoDraw = True
14.8568 	EXP 	whitesquare: autoDraw = False
14.8577 	DATA 	wsqS
14.8741 	EXP 	whitesquare: autoDraw = True
14.8741 	EXP 	whitesquare: autoDraw = False
14.8749 	DATA 	wsqS
14.8904 	EXP 	whitesquare: autoDraw = True
14.8904 	EXP 	whitesquare: autoDraw = False
14.8909 	DATA 	wsqS
14.9073 	EXP 	whitesquare: autoDraw = True
14.9073 	EXP 	whitesquare: autoDraw = False
14.9081 	DATA 	wsqS
14.9236 	EXP 	whitesquare: autoDraw = True
14.9236 	EXP 	whitesquare: autoDraw = False
14.9243 	DATA 	wsqS
14.9406 	EXP 	whitesquare: autoDraw = True
14.9406 	EXP 	whitesquare: autoDraw = False
14.9414 	DATA 	wsqS
14.9569 	EXP 	whitesquare: autoDraw = True
14.9569 	EXP 	whitesquare: autoDraw = False
14.9576 	DATA 	wsqS
14.9742 	EXP 	whitesquare: autoDraw = True
14.9742 	EXP 	whitesquare: autoDraw = False
14.9749 	DATA 	wsqS
14.9902 	EXP 	whitesquare: autoDraw = True
14.9902 	EXP 	whitesquare: autoDraw = False
14.9909 	DATA 	wsqS
15.0073 	EXP 	whitesquare: autoDraw = True
15.0073 	EXP 	whitesquare: autoDraw = False
15.0081 	DATA 	wsqS
15.0239 	EXP 	whitesquare: autoDraw = True
15.0239 	EXP 	whitesquare: autoDraw = False
15.0246 	DATA 	wsqS
15.0406 	EXP 	whitesquare: autoDraw = True
15.0406 	EXP 	whitesquare: autoDraw = False
15.0414 	DATA 	wsqS
15.0570 	EXP 	whitesquare: autoDraw = True
15.0570 	EXP 	whitesquare: autoDraw = False
15.0577 	DATA 	wsqS
15.0742 	EXP 	whitesquare: autoDraw = True
15.0742 	EXP 	whitesquare: autoDraw = False
15.0749 	DATA 	wsqS
15.0903 	EXP 	whitesquare: autoDraw = True
15.0903 	EXP 	whitesquare: autoDraw = False
15.0910 	DATA 	wsqS
15.1073 	EXP 	whitesquare: autoDraw = True
15.1073 	EXP 	whitesquare: autoDraw = False
15.1081 	DATA 	wsqS
15.1236 	EXP 	whitesquare: autoDraw = True
15.1236 	EXP 	whitesquare: autoDraw = False
15.1244 	DATA 	wsqS
15.1407 	EXP 	whitesquare: autoDraw = True
15.1407 	EXP 	whitesquare: autoDraw = False
15.1414 	DATA 	wsqS
15.1570 	EXP 	whitesquare: autoDraw = True
15.1570 	EXP 	whitesquare: autoDraw = False
15.1583 	DATA 	wsqS
15.1743 	EXP 	whitesquare: autoDraw = True
15.1743 	EXP 	whitesquare: autoDraw = False
15.1752 	DATA 	wsqS
15.1904 	EXP 	whitesquare: autoDraw = True
15.1904 	EXP 	whitesquare: autoDraw = False
15.1911 	DATA 	wsqS
15.2074 	EXP 	whitesquare: autoDraw = True
15.2074 	EXP 	whitesquare: autoDraw = False
15.2082 	DATA 	wsqS
15.2237 	EXP 	whitesquare: autoDraw = True
15.2237 	EXP 	whitesquare: autoDraw = False
15.2244 	DATA 	wsqS
15.2407 	EXP 	whitesquare: autoDraw = True
15.2407 	EXP 	whitesquare: autoDraw = False
15.2416 	DATA 	wsqS
15.2570 	EXP 	whitesquare: autoDraw = True
15.2570 	EXP 	whitesquare: autoDraw = False
15.2577 	DATA 	wsqS
15.2743 	EXP 	whitesquare: autoDraw = True
15.2743 	EXP 	whitesquare: autoDraw = False
15.2750 	DATA 	wsqS
15.2905 	EXP 	whitesquare: autoDraw = True
15.2905 	EXP 	whitesquare: autoDraw = False
15.2911 	DATA 	wsqS
15.3074 	EXP 	whitesquare: autoDraw = True
15.3074 	EXP 	whitesquare: autoDraw = False
15.3081 	DATA 	wsqS
15.3238 	EXP 	whitesquare: autoDraw = True
15.3238 	EXP 	whitesquare: autoDraw = False
15.3245 	DATA 	wsqS
15.3408 	EXP 	whitesquare: autoDraw = True
15.3408 	EXP 	whitesquare: autoDraw = False
15.3415 	DATA 	wsqS
15.3571 	EXP 	whitesquare: autoDraw = True
15.3571 	EXP 	whitesquare: autoDraw = False
15.3579 	DATA 	wsqS
15.3743 	EXP 	whitesquare: autoDraw = True
15.3743 	EXP 	whitesquare: autoDraw = False
15.3751 	DATA 	wsqS
15.3905 	EXP 	whitesquare: autoDraw = True
15.3905 	EXP 	whitesquare: autoDraw = False
15.3912 	DATA 	wsqS
15.4075 	EXP 	whitesquare: autoDraw = True
15.4075 	EXP 	whitesquare: autoDraw = False
15.4083 	DATA 	wsqS
15.4238 	EXP 	whitesquare: autoDraw = True
15.4238 	EXP 	whitesquare: autoDraw = False
15.4245 	DATA 	wsqS
15.4413 	EXP 	whitesquare: autoDraw = True
15.4413 	EXP 	whitesquare: autoDraw = False
15.4419 	DATA 	wsqS
15.4572 	EXP 	whitesquare: autoDraw = True
15.4572 	EXP 	whitesquare: autoDraw = False
15.4578 	DATA 	wsqS
15.4745 	EXP 	whitesquare: autoDraw = True
15.4745 	EXP 	whitesquare: autoDraw = False
15.4752 	DATA 	wsqS
15.4909 	EXP 	whitesquare: autoDraw = True
15.4909 	EXP 	whitesquare: autoDraw = False
15.4917 	DATA 	wsqS
15.5075 	EXP 	whitesquare: autoDraw = True
15.5075 	EXP 	whitesquare: autoDraw = False
15.5082 	DATA 	wsqS
15.5238 	EXP 	whitesquare: autoDraw = True
15.5238 	EXP 	whitesquare: autoDraw = False
15.5246 	DATA 	wsqS
15.5409 	EXP 	whitesquare: autoDraw = True
15.5409 	EXP 	whitesquare: autoDraw = False
15.5416 	DATA 	wsqS
15.5572 	EXP 	whitesquare: autoDraw = True
15.5572 	EXP 	whitesquare: autoDraw = False
15.5580 	DATA 	wsqS
15.5750 	EXP 	whitesquare: autoDraw = True
15.5750 	EXP 	whitesquare: autoDraw = False
15.5757 	DATA 	wsqS
15.5907 	EXP 	whitesquare: autoDraw = True
15.5907 	EXP 	whitesquare: autoDraw = False
15.5914 	DATA 	wsqS
15.6076 	EXP 	whitesquare: autoDraw = True
15.6076 	EXP 	whitesquare: autoDraw = False
15.6083 	DATA 	wsqS
15.6238 	EXP 	whitesquare: autoDraw = True
15.6238 	EXP 	whitesquare: autoDraw = False
15.6248 	DATA 	wsqS
15.6409 	EXP 	whitesquare: autoDraw = True
15.6409 	EXP 	whitesquare: autoDraw = False
15.6417 	DATA 	wsqS
15.6572 	EXP 	whitesquare: autoDraw = True
15.6572 	EXP 	whitesquare: autoDraw = False
15.6580 	DATA 	wsqS
15.6746 	EXP 	whitesquare: autoDraw = True
15.6746 	EXP 	whitesquare: autoDraw = False
15.6753 	DATA 	wsqS
15.6907 	EXP 	whitesquare: autoDraw = True
15.6907 	EXP 	whitesquare: autoDraw = False
15.6914 	DATA 	wsqS
15.7076 	EXP 	whitesquare: autoDraw = True
15.7076 	EXP 	whitesquare: autoDraw = False
15.7085 	DATA 	wsqS
15.7239 	EXP 	whitesquare: autoDraw = True
15.7239 	EXP 	whitesquare: autoDraw = False
15.7246 	DATA 	wsqS
15.7410 	EXP 	whitesquare: autoDraw = True
15.7410 	EXP 	whitesquare: autoDraw = False
15.7417 	DATA 	wsqS
15.7573 	EXP 	whitesquare: autoDraw = True
15.7573 	EXP 	whitesquare: autoDraw = False
15.7579 	DATA 	wsqS
15.7748 	EXP 	whitesquare: autoDraw = True
15.7748 	EXP 	whitesquare: autoDraw = False
15.7755 	DATA 	wsqS
15.7907 	EXP 	whitesquare: autoDraw = True
15.7907 	EXP 	whitesquare: autoDraw = False
15.7915 	DATA 	wsqS
15.8077 	EXP 	whitesquare: autoDraw = True
15.8077 	EXP 	whitesquare: autoDraw = False
15.8085 	DATA 	wsqS
15.8240 	EXP 	whitesquare: autoDraw = True
15.8240 	EXP 	whitesquare: autoDraw = False
15.8248 	DATA 	wsqS
15.8410 	EXP 	whitesquare: autoDraw = True
15.8410 	EXP 	whitesquare: autoDraw = False
15.8417 	DATA 	wsqS
15.8574 	EXP 	whitesquare: autoDraw = True
15.8574 	EXP 	whitesquare: autoDraw = False
15.8582 	DATA 	wsqS
15.8746 	EXP 	whitesquare: autoDraw = True
15.8746 	EXP 	whitesquare: autoDraw = False
15.8753 	DATA 	wsqS
15.8907 	EXP 	whitesquare: autoDraw = True
15.8907 	EXP 	whitesquare: autoDraw = False
15.8916 	DATA 	wsqS
15.9079 	EXP 	whitesquare: autoDraw = True
15.9079 	EXP 	whitesquare: autoDraw = False
15.9085 	DATA 	wsqS
15.9240 	EXP 	whitesquare: autoDraw = True
15.9240 	EXP 	whitesquare: autoDraw = False
15.9247 	DATA 	wsqS
15.9411 	EXP 	whitesquare: autoDraw = True
15.9411 	EXP 	whitesquare: autoDraw = False
15.9418 	DATA 	wsqS
15.9574 	EXP 	whitesquare: autoDraw = True
15.9574 	EXP 	whitesquare: autoDraw = False
15.9580 	DATA 	wsqS
15.9747 	EXP 	whitesquare: autoDraw = True
15.9747 	EXP 	whitesquare: autoDraw = False
15.9754 	DATA 	wsqS
15.9907 	EXP 	whitesquare: autoDraw = True
15.9907 	EXP 	whitesquare: autoDraw = False
15.9915 	DATA 	wsqS
16.0078 	EXP 	whitesquare: autoDraw = True
16.0078 	EXP 	whitesquare: autoDraw = False
16.0086 	DATA 	wsqS
16.0240 	EXP 	whitesquare: autoDraw = True
16.0240 	EXP 	whitesquare: autoDraw = False
16.0248 	DATA 	wsqS
16.0411 	EXP 	whitesquare: autoDraw = True
16.0411 	EXP 	whitesquare: autoDraw = False
16.0420 	DATA 	wsqS
16.0576 	EXP 	whitesquare: autoDraw = True
16.0576 	EXP 	whitesquare: autoDraw = False
16.0583 	DATA 	wsqS
16.0748 	EXP 	whitesquare: autoDraw = True
16.0748 	EXP 	whitesquare: autoDraw = False
16.0755 	DATA 	wsqS
16.0908 	EXP 	whitesquare: autoDraw = True
16.0908 	EXP 	whitesquare: autoDraw = False
16.0916 	DATA 	wsqS
16.1078 	EXP 	whitesquare: autoDraw = True
16.1078 	EXP 	whitesquare: autoDraw = False
16.1086 	DATA 	wsqS
16.1242 	EXP 	whitesquare: autoDraw = True
16.1242 	EXP 	whitesquare: autoDraw = False
16.1249 	DATA 	wsqS
16.1412 	EXP 	whitesquare: autoDraw = True
16.1412 	EXP 	whitesquare: autoDraw = False
16.1419 	DATA 	wsqS
16.1574 	EXP 	whitesquare: autoDraw = True
16.1574 	EXP 	whitesquare: autoDraw = False
16.1582 	DATA 	wsqS
16.1748 	EXP 	whitesquare: autoDraw = True
16.1748 	EXP 	whitesquare: autoDraw = False
16.1755 	DATA 	wsqS
16.1910 	EXP 	whitesquare: autoDraw = True
16.1910 	EXP 	whitesquare: autoDraw = False
16.1916 	DATA 	wsqS
16.2079 	EXP 	whitesquare: autoDraw = True
16.2079 	EXP 	whitesquare: autoDraw = False
16.2087 	DATA 	wsqS
16.2242 	EXP 	whitesquare: autoDraw = True
16.2242 	EXP 	whitesquare: autoDraw = False
16.2249 	DATA 	wsqS
16.2413 	EXP 	whitesquare: autoDraw = True
16.2413 	EXP 	whitesquare: autoDraw = False
16.2420 	DATA 	wsqS
16.2575 	EXP 	whitesquare: autoDraw = True
16.2575 	EXP 	whitesquare: autoDraw = False
16.2582 	DATA 	wsqS
16.2748 	EXP 	whitesquare: autoDraw = True
16.2748 	EXP 	whitesquare: autoDraw = False
16.2756 	DATA 	wsqS
16.2908 	EXP 	whitesquare: autoDraw = True
16.2908 	EXP 	whitesquare: autoDraw = False
16.2916 	DATA 	wsqS
16.3079 	EXP 	whitesquare: autoDraw = True
16.3079 	EXP 	whitesquare: autoDraw = False
16.3087 	DATA 	wsqS
16.3242 	EXP 	whitesquare: autoDraw = True
16.3242 	EXP 	whitesquare: autoDraw = False
16.3249 	DATA 	wsqS
16.3412 	EXP 	whitesquare: autoDraw = True
16.3412 	EXP 	whitesquare: autoDraw = False
16.3419 	DATA 	wsqS
16.3576 	EXP 	whitesquare: autoDraw = True
16.3576 	EXP 	whitesquare: autoDraw = False
16.3584 	DATA 	wsqS
16.3748 	EXP 	whitesquare: autoDraw = True
16.3748 	EXP 	whitesquare: autoDraw = False
16.3756 	DATA 	wsqS
16.3910 	EXP 	whitesquare: autoDraw = True
16.3910 	EXP 	whitesquare: autoDraw = False
16.3917 	DATA 	wsqS
16.4079 	EXP 	whitesquare: autoDraw = True
16.4079 	EXP 	whitesquare: autoDraw = False
16.4086 	DATA 	wsqS
16.4245 	EXP 	whitesquare: autoDraw = True
16.4245 	EXP 	whitesquare: autoDraw = False
16.4251 	DATA 	wsqS
16.4416 	EXP 	whitesquare: autoDraw = True
16.4416 	EXP 	whitesquare: autoDraw = False
16.4422 	DATA 	wsqS
16.4576 	EXP 	whitesquare: autoDraw = True
16.4576 	EXP 	whitesquare: autoDraw = False
16.4584 	DATA 	wsqS
16.4750 	EXP 	whitesquare: autoDraw = True
16.4750 	EXP 	whitesquare: autoDraw = False
16.4757 	DATA 	wsqS
16.4910 	EXP 	whitesquare: autoDraw = True
16.4910 	EXP 	whitesquare: autoDraw = False
16.4917 	DATA 	wsqS
16.5081 	EXP 	whitesquare: autoDraw = True
16.5081 	EXP 	whitesquare: autoDraw = False
16.5088 	DATA 	wsqS
16.5243 	EXP 	whitesquare: autoDraw = True
16.5243 	EXP 	whitesquare: autoDraw = False
16.5250 	DATA 	wsqS
16.5413 	EXP 	whitesquare: autoDraw = True
16.5413 	EXP 	whitesquare: autoDraw = False
16.5421 	DATA 	wsqS
16.5576 	EXP 	whitesquare: autoDraw = True
16.5576 	EXP 	whitesquare: autoDraw = False
16.5584 	DATA 	wsqS
16.5750 	EXP 	whitesquare: autoDraw = True
16.5750 	EXP 	whitesquare: autoDraw = False
16.5758 	DATA 	wsqS
16.5913 	EXP 	whitesquare: autoDraw = True
16.5913 	EXP 	whitesquare: autoDraw = False
16.5920 	DATA 	wsqS
16.6081 	EXP 	whitesquare: autoDraw = True
16.6081 	EXP 	whitesquare: autoDraw = False
16.6087 	DATA 	wsqS
16.6244 	EXP 	whitesquare: autoDraw = True
16.6244 	EXP 	whitesquare: autoDraw = False
16.6251 	DATA 	wsqS
16.6414 	EXP 	whitesquare: autoDraw = True
16.6414 	EXP 	whitesquare: autoDraw = False
16.6421 	DATA 	wsqS
16.6579 	EXP 	whitesquare: autoDraw = True
16.6579 	EXP 	whitesquare: autoDraw = False
16.6587 	DATA 	wsqS
16.6750 	EXP 	whitesquare: autoDraw = True
16.6750 	EXP 	whitesquare: autoDraw = False
16.6756 	DATA 	wsqS
16.6757 	EXP 	Sound  started
17.6769 	EXP 	Sound  stopped
17.6773 	EXP 	Set  sound=./sound/left_speak.wav
17.6774 	EXP 	Set  sound=./sound/right_speak.wav
17.6776 	EXP 	Set  sound=./sound/up_speak.wav
17.6778 	EXP 	Set  sound=./sound/down_speak.wav
17.6920 	EXP 	whitesquare: autoDraw = True
17.6920 	EXP 	whitesquare: autoDraw = False
26.8793 	EXP 	esc: autoDraw = True
28.1506 	EXP 	window1: mouseVisible = True
4.0565 	WARNING 	User requested fullscreen with size [1024  768], but screen is actually [1280, 800]. Using actual size
4.7376 	EXP 	Created window1 = Window(allowGUI=False, allowStencil=False, args=UNKNOWN, autoLog=True, bitsMode=UNKNOWN, blendMode='avg', color=array([-1., -1., -1.]), colorSpace='rgb', fullscr=UNKNOWN, gamma=None, kwargs=UNKNOWN, lms=UNKNOWN, monitor=<psychopy.monitors.calibTools.Monitor object at 0x112588320>, multiSample=False, name='window1', numSamples=2, pos=[0.0, 0.0], screen=0, size=array([2560, 1600]), stereo=False, units='norm', useFBO=True, useRetina=True, viewOri=0.0, viewPos=None, viewScale=None, waitBlanking=True, winType='pyglet')
4.7376 	EXP 	window1: recordFrameIntervals = False
4.9032 	EXP 	window1: recordFrameIntervals = True
5.0866 	EXP 	window1: recordFrameIntervals = False
5.0936 	EXP 	<method-wrapper '__getattribute__' of attributeSetter object at 0x105f8feb8>: vertices = array([[-0.25,  0.25],
       [ 0.25,  0.25],
       [ 0.25, -0.25],
       [-0.25, -0.25]])
5.0952 	EXP 	Created whitesquare = Rect(__class__=<class 'psychopy.visual.rect.Rect'>, autoDraw=False, autoLog=True, closeShape=True, contrast=1.0, depth=0.0, fillColor=array([1., 1., 1.]), fillColorSpace='rgb', fillRGB=array([1., 1., 1.]), interpolate=True, lineColor=array([1., 1., 1.]), lineColorSpace='rgb', lineRGB=array([1., 1., 1.]), lineWidth=1, name='whitesquare', opacity=0.9, ori=array(0.), pos=array([14.9, 11.2]), size=array([1., 1.]), units='cm', vertices=ndarray(...), win=Window(...))
5.1910 	EXP 	Created intro_text = TextStim(__class__=<class 'psychopy.visual.text.TextStim'>, alignHoriz='center', alignVert='center', antialias=True, autoLog=True, bold=False, color='white', colorSpace='named', contrast=1.0, depth=0.0, flipHoriz=False, flipVert=False, font='Arial', fontFiles=[], height=0.1, italic=False, name='intro_text', opacity=1.0, ori=0, pos=array([0., 0.]), rgb=array([255., 255., 255.]), text=str(...), units='norm', win=Window(...), wrapWidth=1)
5.2124 	EXP 	Created intro_text = TextStim(__class__=<class 'psychopy.visual.text.TextStim'>, alignHoriz='center', alignVert='center', antialias=True, autoLog=True, bold=False, color='white', colorSpace='named', contrast=1.0, depth=0.0, flipHoriz=False, flipVert=False, font='Arial', fontFiles=[], height=0.1, italic=False, name='intro_text', opacity=1.0, ori=0, pos=array([0., 0.]), rgb=array([255., 255., 255.]), text=str(...), units='norm', win=Window(...), wrapWidth=1)
5.2250 	EXP 	Created open_text = TextStim(__class__=<class 'psychopy.visual.text.TextStim'>, alignHoriz='center', alignVert='center', antialias=True, autoLog=True, bold=False, color='white', colorSpace='named', contrast=1.0, depth=0.0, flipHoriz=False, flipVert=False, font='Arial', fontFiles=[], height=0.1, italic=False, name='open_text', opacity=1.0, ori=0, pos=array([0., 0.]), rgb=array([255., 255., 255.]), text=str(...), units='norm', win=Window(...), wrapWidth=1)
5.2289 	EXP 	Created fixation = TextStim(__class__=<class 'psychopy.visual.text.TextStim'>, alignHoriz='center', alignVert='center', antialias=True, autoLog=True, bold=False, color='white', colorSpace='named', contrast=1.0, depth=-1.0, flipHoriz=False, flipVert=False, font='Arial', fontFiles=[], height=0.1, italic=False, name='fixation', opacity=1.0, ori=0, pos=array([0., 0.]), rgb=array([255., 255., 255.]), text='+\n', units='norm', win=Window(...), wrapWidth=1)
5.2402 	EXP 	Created close_text = TextStim(__class__=<class 'psychopy.visual.text.TextStim'>, alignHoriz='center', alignVert='center', antialias=True, autoLog=True, bold=False, color='white', colorSpace='named', contrast=1.0, depth=0.0, flipHoriz=False, flipVert=False, font='Arial', fontFiles=[], height=0.1, italic=False, name='close_text', opacity=1.0, ori=0, pos=array([0., 0.]), rgb=array([255., 255., 255.]), text=str(...), units='norm', win=Window(...), wrapWidth=1)
5.2427 	EXP 	Created blank = TextStim(__class__=<class 'psychopy.visual.text.TextStim'>, alignHoriz='center', alignVert='center', antialias=True, autoLog=True, bold=False, color='white', colorSpace='named', contrast=1.0, depth=-1.0, flipHoriz=False, flipVert=False, font='Arial', fontFiles=[], height=0.1, italic=False, name='blank', opacity=1.0, ori=0, pos=array([0., 0.]), rgb=array([255., 255., 255.]), text=' ', units='norm', win=Window(...), wrapWidth=1)
5.2846 	EXP 	Set  sound=./sound/open_speak.wav
5.2846 	EXP 	Set Sound  volume=1.000
5.2955 	EXP 	Created gaze_text = TextStim(__class__=<class 'psychopy.visual.text.TextStim'>, alignHoriz='center', alignVert='center', antialias=True, autoLog=True, bold=False, color='white', colorSpace='named', contrast=1.0, depth=0.0, flipHoriz=False, flipVert=False, font='Arial', fontFiles=[], height=0.1, italic=False, name='gaze_text', opacity=1.0, ori=0, pos=array([0., 0.]), rgb=array([255., 255., 255.]), text=str(...), units='norm', win=Window(...), wrapWidth=1)
5.2973 	EXP 	Created center = ShapeStim(__class__=<class 'psychopy.visual.shape.ShapeStim'>, autoDraw=False, autoLog=True, closeShape=True, contrast=1.0, depth=0.0, fillColor=array([1., 1., 1.]), fillColorSpace='rgb', interpolate=True, lineColor=array([1., 1., 1.]), lineColorSpace='rgb', lineWidth=1, name='center', opacity=1.0, ori=array(0.), pos=array([0., 0.]), size=array([0.5, 0.5]), units='cm', vertices=ndarray(...), win=Window(...), windingRule=None)
5.2975 	EXP 	Set  sound=./sound/left_speak.wav
5.2975 	EXP 	Set Sound  volume=1.000
5.2991 	EXP 	Created left = ShapeStim(__class__=<class 'psychopy.visual.shape.ShapeStim'>, autoDraw=False, autoLog=True, closeShape=True, contrast=1.0, depth=0.0, fillColor=array([1., 1., 1.]), fillColorSpace='rgb', interpolate=True, lineColor=array([1., 1., 1.]), lineColorSpace='rgb', lineWidth=1, name='left', opacity=1.0, ori=array(0.), pos=array([-10.,   0.]), size=array([0.5, 0.5]), units='cm', vertices=ndarray(...), win=Window(...), windingRule=None)
5.2993 	EXP 	Set  sound=./sound/right_speak.wav
5.2993 	EXP 	Set Sound  volume=1.000
5.3008 	EXP 	Created right = ShapeStim(__class__=<class 'psychopy.visual.shape.ShapeStim'>, autoDraw=False, autoLog=True, closeShape=True, contrast=1.0, depth=0.0, fillColor=array([1., 1., 1.]), fillColorSpace='rgb', interpolate=True, lineColor=array([1., 1., 1.]), lineColorSpace='rgb', lineWidth=1, name='right', opacity=1.0, ori=array(0.), pos=array([10.,  0.]), size=array([0.5, 0.5]), units='cm', vertices=ndarray(...), win=Window(...), windingRule=None)
5.3010 	EXP 	Set  sound=./sound/up_speak.wav
5.3010 	EXP 	Set Sound  volume=1.000
5.3026 	EXP 	Created up = ShapeStim(__class__=<class 'psychopy.visual.shape.ShapeStim'>, autoDraw=False, autoLog=True, closeShape=True, contrast=1.0, depth=0.0, fillColor=array([1., 1., 1.]), fillColorSpace='rgb', interpolate=True, lineColor=array([1., 1., 1.]), lineColorSpace='rgb', lineWidth=1, name='up', opacity=1.0, ori=array(0.), pos=array([ 0., 10.]), size=array([0.5, 0.5]), units='cm', vertices=ndarray(...), win=Window(...), windingRule=None)
5.3028 	EXP 	Set  sound=./sound/down_speak.wav
5.3028 	EXP 	Set Sound  volume=1.000
5.3043 	EXP 	Created down = ShapeStim(__class__=<class 'psychopy.visual.shape.ShapeStim'>, autoDraw=False, autoLog=True, closeShape=True, contrast=1.0, depth=0.0, fillColor=array([1., 1., 1.]), fillColorSpace='rgb', interpolate=True, lineColor=array([1., 1., 1.]), lineColorSpace='rgb', lineWidth=1, name='down', opacity=1.0, ori=array(0.), pos=array([  0., -10.]), size=array([0.5, 0.5]), units='cm', vertices=ndarray(...), win=Window(...), windingRule=None)
5.3158 	EXP 	Created esc = TextStim(__class__=<class 'psychopy.visual.text.TextStim'>, alignHoriz='center', alignVert='center', antialias=True, autoLog=True, bold=False, color='white', colorSpace='named', contrast=1.0, depth=0.0, flipHoriz=False, flipVert=False, font='Arial', fontFiles=[], height=0.1, italic=False, name='esc', opacity=1.0, ori=0, pos=array([0., 0.]), rgb=array([255., 255., 255.]), text="End of test\n\nPress 'esc'", units='norm', win=Window(...), wrapWidth=1)
5.3388 	EXP 	intro_text: autoDraw = True
5.3388 	EXP 	whitesquare: autoDraw = True
5.8767 	DATA 	Keypress: space
5.9037 	EXP 	intro_text: autoDraw = False
5.9037 	EXP 	whitesquare: autoDraw = False
5.9037 	EXP 	intro_text: autoDraw = True
6.3233 	DATA 	Keypress: space
6.3373 	EXP 	intro_text: autoDraw = False
8.8227 	DATA 	wsqS
8.8387 	EXP 	whitesquare: autoDraw = True
8.8393 	DATA 	wsqS
8.8552 	EXP 	whitesquare: autoDraw = True
8.8552 	EXP 	whitesquare: autoDraw = False
8.8558 	DATA 	wsqS
8.8728 	EXP 	whitesquare: autoDraw = True
8.8728 	EXP 	whitesquare: autoDraw = False
8.8737 	DATA 	wsqS
8.8886 	EXP 	whitesquare: autoDraw = True
8.8886 	EXP 	whitesquare: autoDraw = False
8.8893 	DATA 	wsqS
8.9054 	EXP 	whitesquare: autoDraw = True
8.9054 	EXP 	whitesquare: autoDraw = False
8.9062 	DATA 	wsqS
8.9218 	EXP 	whitesquare: autoDraw = True
8.9218 	EXP 	whitesquare: autoDraw = False
8.9224 	DATA 	wsqS
8.9389 	EXP 	whitesquare: autoDraw = True
8.9389 	EXP 	whitesquare: autoDraw = False
8.9397 	DATA 	wsqS
8.9552 	EXP 	whitesquare: autoDraw = True
8.9552 	EXP 	whitesquare: autoDraw = False
8.9560 	DATA 	wsqS
8.9723 	EXP 	whitesquare: autoDraw = True
8.9723 	EXP 	whitesquare: autoDraw = False
8.9730 	DATA 	wsqS
8.9889 	EXP 	whitesquare: autoDraw = True
8.9889 	EXP 	whitesquare: autoDraw = False
8.9895 	DATA 	wsqS
9.0054 	EXP 	whitesquare: autoDraw = True
9.0054 	EXP 	whitesquare: autoDraw = False
9.0062 	DATA 	wsqS
9.0219 	EXP 	whitesquare: autoDraw = True
9.0219 	EXP 	whitesquare: autoDraw = False
9.0227 	DATA 	wsqS
9.0392 	EXP 	whitesquare: autoDraw = True
9.0392 	EXP 	whitesquare: autoDraw = False
9.0398 	DATA 	wsqS
9.0551 	EXP 	whitesquare: autoDraw = True
9.0551 	EXP 	whitesquare: autoDraw = False
9.0557 	DATA 	wsqS
9.0721 	EXP 	whitesquare: autoDraw = True
9.0721 	EXP 	whitesquare: autoDraw = False
9.0727 	DATA 	wsqS
9.0883 	EXP 	whitesquare: autoDraw = True
9.0883 	EXP 	whitesquare: autoDraw = False
9.0889 	DATA 	wsqS
9.1055 	EXP 	whitesquare: autoDraw = True
9.1055 	EXP 	whitesquare: autoDraw = False
9.1061 	DATA 	wsqS
9.1224 	EXP 	whitesquare: autoDraw = True
9.1224 	EXP 	whitesquare: autoDraw = False
9.1230 	DATA 	wsqS
9.1399 	EXP 	whitesquare: autoDraw = True
9.1399 	EXP 	whitesquare: autoDraw = False
9.1407 	DATA 	wsqS
9.1552 	EXP 	whitesquare: autoDraw = True
9.1552 	EXP 	whitesquare: autoDraw = False
9.1557 	DATA 	wsqS
9.1720 	EXP 	whitesquare: autoDraw = True
9.1720 	EXP 	whitesquare: autoDraw = False
9.1726 	DATA 	wsqS
9.1883 	EXP 	whitesquare: autoDraw = True
9.1883 	EXP 	whitesquare: autoDraw = False
9.1891 	DATA 	wsqS
9.2053 	EXP 	whitesquare: autoDraw = True
9.2053 	EXP 	whitesquare: autoDraw = False
9.2062 	DATA 	wsqS
9.2216 	EXP 	whitesquare: autoDraw = True
9.2216 	EXP 	whitesquare: autoDraw = False
9.2223 	DATA 	wsqS
9.2389 	EXP 	whitesquare: autoDraw = True
9.2389 	EXP 	whitesquare: autoDraw = False
9.2396 	DATA 	wsqS
9.2549 	EXP 	whitesquare: autoDraw = True
9.2549 	EXP 	whitesquare: autoDraw = False
9.2556 	DATA 	wsqS
9.2721 	EXP 	whitesquare: autoDraw = True
9.2721 	EXP 	whitesquare: autoDraw = False
9.2728 	DATA 	wsqS
9.2882 	EXP 	whitesquare: autoDraw = True
9.2882 	EXP 	whitesquare: autoDraw = False
9.2890 	DATA 	wsqS
9.3053 	EXP 	whitesquare: autoDraw = True
9.3053 	EXP 	whitesquare: autoDraw = False
9.3061 	DATA 	wsqS
9.3215 	EXP 	whitesquare: autoDraw = True
9.3215 	EXP 	whitesquare: autoDraw = False
9.3223 	DATA 	wsqS
9.3386 	EXP 	whitesquare: autoDraw = True
9.3386 	EXP 	whitesquare: autoDraw = False
9.3394 	DATA 	wsqS
9.3549 	EXP 	whitesquare: autoDraw = True
9.3549 	EXP 	whitesquare: autoDraw = False
9.3556 	DATA 	wsqS
9.3719 	EXP 	whitesquare: autoDraw = True
9.3719 	EXP 	whitesquare: autoDraw = False
9.3728 	DATA 	wsqS
9.3883 	EXP 	whitesquare: autoDraw = True
9.3883 	EXP 	whitesquare: autoDraw = False
9.3890 	DATA 	wsqS
9.4055 	EXP 	whitesquare: autoDraw = True
9.4055 	EXP 	whitesquare: autoDraw = False
9.4067 	DATA 	wsqS
9.4217 	EXP 	whitesquare: autoDraw = True
9.4217 	EXP 	whitesquare: autoDraw = False
9.4224 	DATA 	wsqS
9.4388 	EXP 	whitesquare: autoDraw = True
9.4388 	EXP 	whitesquare: autoDraw = False
9.4397 	DATA 	wsqS
9.4552 	EXP 	whitesquare: autoDraw = True
9.4552 	EXP 	whitesquare: autoDraw = False
9.4559 	DATA 	wsqS
9.4724 	EXP 	whitesquare: autoDraw = True
9.4724 	EXP 	whitesquare: autoDraw = False
9.4729 	DATA 	wsqS
9.4890 	EXP 	whitesquare: autoDraw = True
9.4890 	EXP 	whitesquare: autoDraw = False
9.4894 	DATA 	wsqS
9.5058 	EXP 	whitesquare: autoDraw = True
9.5058 	EXP 	whitesquare: autoDraw = False
9.5064 	DATA 	wsqS
9.5222 	EXP 	whitesquare: autoDraw = True
9.5222 	EXP 	whitesquare: autoDraw = False
9.5228 	DATA 	wsqS
9.5407 	EXP 	whitesquare: autoDraw = True
9.5407 	EXP 	whitesquare: autoDraw = False
9.5412 	DATA 	wsqS
9.5550 	EXP 	whitesquare: autoDraw = True
9.5550 	EXP 	whitesquare: autoDraw = False
9.5555 	DATA 	wsqS
9.5721 	EXP 	whitesquare: autoDraw = True
9.5721 	EXP 	whitesquare: autoDraw = False
9.5728 	DATA 	wsqS
9.5883 	EXP 	whitesquare: autoDraw = True
9.5883 	EXP 	whitesquare: autoDraw = False
9.5891 	DATA 	wsqS
9.6055 	EXP 	whitesquare: autoDraw = True
9.6055 	EXP 	whitesquare: autoDraw = False
9.6064 	DATA 	wsqS
9.6217 	EXP 	whitesquare: autoDraw = True
9.6217 	EXP 	whitesquare: autoDraw = False
9.6226 	DATA 	wsqS
9.6387 	EXP 	whitesquare: autoDraw = True
9.6387 	EXP 	whitesquare: autoDraw = False
9.6396 	DATA 	wsqS
9.6555 	EXP 	whitesquare: autoDraw = True
9.6555 	EXP 	whitesquare: autoDraw = False
9.6562 	DATA 	wsqS
9.6721 	EXP 	whitesquare: autoDraw = True
9.6721 	EXP 	whitesquare: autoDraw = False
9.6728 	DATA 	wsqS
9.6884 	EXP 	whitesquare: autoDraw = True
9.6884 	EXP 	whitesquare: autoDraw = False
9.6892 	DATA 	wsqS
9.7054 	EXP 	whitesquare: autoDraw = True
9.7054 	EXP 	whitesquare: autoDraw = False
9.7063 	DATA 	wsqS
9.7217 	EXP 	whitesquare: autoDraw = True
9.7217 	EXP 	whitesquare: autoDraw = False
9.7225 	DATA 	wsqS
9.7387 	EXP 	whitesquare: autoDraw = True
9.7387 	EXP 	whitesquare: autoDraw = False
9.7395 	DATA 	wsqS
9.7550 	EXP 	whitesquare: autoDraw = True
9.7550 	EXP 	whitesquare: autoDraw = False
9.7560 	DATA 	wsqS
9.7722 	EXP 	whitesquare: autoDraw = True
9.7722 	EXP 	whitesquare: autoDraw = False
9.7731 	DATA 	wsqS
9.7884 	EXP 	whitesquare: autoDraw = True
9.7884 	EXP 	whitesquare: autoDraw = False
9.7892 	DATA 	wsqS
9.8055 	EXP 	whitesquare: autoDraw = True
9.8055 	EXP 	whitesquare: autoDraw = False
9.8064 	DATA 	wsqS
9.8218 	EXP 	whitesquare: autoDraw = True
9.8218 	EXP 	whitesquare: autoDraw = False
9.8225 	DATA 	wsqS
9.8388 	EXP 	whitesquare: autoDraw = True
9.8388 	EXP 	whitesquare: autoDraw = False
9.8396 	DATA 	wsqS
9.8551 	EXP 	whitesquare: autoDraw = True
9.8551 	EXP 	whitesquare: autoDraw = False
9.8559 	DATA 	wsqS
9.8722 	EXP 	whitesquare: autoDraw = True
9.8722 	EXP 	whitesquare: autoDraw = False
9.8731 	DATA 	wsqS
9.8885 	EXP 	whitesquare: autoDraw = True
9.8885 	EXP 	whitesquare: autoDraw = False
9.8892 	DATA 	wsqS
9.9055 	EXP 	whitesquare: autoDraw = True
9.9055 	EXP 	whitesquare: autoDraw = False
9.9064 	DATA 	wsqS
9.9218 	EXP 	whitesquare: autoDraw = True
9.9218 	EXP 	whitesquare: autoDraw = False
9.9226 	DATA 	wsqS
9.9389 	EXP 	whitesquare: autoDraw = True
9.9389 	EXP 	whitesquare: autoDraw = False
9.9397 	DATA 	wsqS
9.9552 	EXP 	whitesquare: autoDraw = True
9.9552 	EXP 	whitesquare: autoDraw = False
9.9560 	DATA 	wsqS
9.9723 	EXP 	whitesquare: autoDraw = True
9.9723 	EXP 	whitesquare: autoDraw = False
9.9731 	DATA 	wsqS
9.9885 	EXP 	whitesquare: autoDraw = True
9.9885 	EXP 	whitesquare: autoDraw = False
9.9893 	DATA 	wsqS
10.0055 	EXP 	whitesquare: autoDraw = True
10.0055 	EXP 	whitesquare: autoDraw = False
10.0064 	DATA 	wsqS
10.0219 	EXP 	whitesquare: autoDraw = True
10.0219 	EXP 	whitesquare: autoDraw = False
10.0228 	DATA 	wsqS
10.0390 	EXP 	whitesquare: autoDraw = True
10.0390 	EXP 	whitesquare: autoDraw = False
10.0402 	DATA 	wsqS
10.0552 	EXP 	whitesquare: autoDraw = True
10.0552 	EXP 	whitesquare: autoDraw = False
10.0559 	DATA 	wsqS
10.0728 	EXP 	whitesquare: autoDraw = True
10.0728 	EXP 	whitesquare: autoDraw = False
10.0735 	DATA 	wsqS
10.0886 	EXP 	whitesquare: autoDraw = True
10.0886 	EXP 	whitesquare: autoDraw = False
10.0894 	DATA 	wsqS
10.1056 	EXP 	whitesquare: autoDraw = True
10.1056 	EXP 	whitesquare: autoDraw = False
10.1064 	DATA 	wsqS
10.1219 	EXP 	whitesquare: autoDraw = True
10.1219 	EXP 	whitesquare: autoDraw = False
10.1226 	DATA 	wsqS
10.1390 	EXP 	whitesquare: autoDraw = True
10.1390 	EXP 	whitesquare: autoDraw = False
10.1398 	DATA 	wsqS
10.1552 	EXP 	whitesquare: autoDraw = True
10.1552 	EXP 	whitesquare: autoDraw = False
10.1561 	DATA 	wsqS
10.1723 	EXP 	whitesquare: autoDraw = True
10.1723 	EXP 	whitesquare: autoDraw = False
10.1730 	DATA 	wsqS
10.1886 	EXP 	whitesquare: autoDraw = True
10.1886 	EXP 	whitesquare: autoDraw = False
10.1893 	DATA 	wsqS
10.2057 	EXP 	whitesquare: autoDraw = True
10.2057 	EXP 	whitesquare: autoDraw = False
10.2066 	DATA 	wsqS
10.2221 	EXP 	whitesquare: autoDraw = True
10.2221 	EXP 	whitesquare: autoDraw = False
10.2228 	DATA 	wsqS
10.2390 	EXP 	whitesquare: autoDraw = True
10.2390 	EXP 	whitesquare: autoDraw = False
10.2399 	DATA 	wsqS
10.2554 	EXP 	whitesquare: autoDraw = True
10.2554 	EXP 	whitesquare: autoDraw = False
10.2561 	DATA 	wsqS
10.2723 	EXP 	whitesquare: autoDraw = True
10.2723 	EXP 	whitesquare: autoDraw = False
10.2733 	DATA 	wsqS
10.2894 	EXP 	whitesquare: autoDraw = True
10.2894 	EXP 	whitesquare: autoDraw = False
10.2900 	DATA 	wsqS
10.3057 	EXP 	whitesquare: autoDraw = True
10.3057 	EXP 	whitesquare: autoDraw = False
10.3066 	DATA 	wsqS
10.3220 	EXP 	whitesquare: autoDraw = True
10.3220 	EXP 	whitesquare: autoDraw = False
10.3228 	DATA 	wsqS
10.3391 	EXP 	whitesquare: autoDraw = True
10.3391 	EXP 	whitesquare: autoDraw = False
10.3399 	DATA 	wsqS
10.3553 	EXP 	whitesquare: autoDraw = True
10.3553 	EXP 	whitesquare: autoDraw = False
10.3561 	DATA 	wsqS
10.3724 	EXP 	whitesquare: autoDraw = True
10.3724 	EXP 	whitesquare: autoDraw = False
10.3732 	DATA 	wsqS
10.3887 	EXP 	whitesquare: autoDraw = True
10.3887 	EXP 	whitesquare: autoDraw = False
10.3894 	DATA 	wsqS
10.4059 	EXP 	whitesquare: autoDraw = True
10.4059 	EXP 	whitesquare: autoDraw = False
10.4068 	DATA 	wsqS
10.4220 	EXP 	whitesquare: autoDraw = True
10.4220 	EXP 	whitesquare: autoDraw = False
10.4228 	DATA 	wsqS
10.4391 	EXP 	whitesquare: autoDraw = True
10.4391 	EXP 	whitesquare: autoDraw = False
10.4399 	DATA 	wsqS
10.4555 	EXP 	whitesquare: autoDraw = True
10.4555 	EXP 	whitesquare: autoDraw = False
10.4562 	DATA 	wsqS
10.4725 	EXP 	whitesquare: autoDraw = True
10.4725 	EXP 	whitesquare: autoDraw = False
10.4732 	DATA 	wsqS
10.4894 	EXP 	whitesquare: autoDraw = True
10.4894 	EXP 	whitesquare: autoDraw = False
10.4903 	DATA 	wsqS
10.5057 	EXP 	whitesquare: autoDraw = True
10.5057 	EXP 	whitesquare: autoDraw = False
10.5066 	DATA 	wsqS
10.5221 	EXP 	whitesquare: autoDraw = True
10.5221 	EXP 	whitesquare: autoDraw = False
10.5230 	DATA 	wsqS
10.5391 	EXP 	whitesquare: autoDraw = True
10.5391 	EXP 	whitesquare: autoDraw = False
10.5400 	DATA 	wsqS
10.5554 	EXP 	whitesquare: autoDraw = True
10.5554 	EXP 	whitesquare: autoDraw = False
10.5561 	DATA 	wsqS
10.5725 	EXP 	whitesquare: autoDraw = True
10.5725 	EXP 	whitesquare: autoDraw = False
10.5734 	DATA 	wsqS
10.5887 	EXP 	whitesquare: autoDraw = True
10.5887 	EXP 	whitesquare: autoDraw = False
10.5895 	DATA 	wsqS
10.6060 	EXP 	whitesquare: autoDraw = True
10.6060 	EXP 	whitesquare: autoDraw = False
10.6068 	DATA 	wsqS
10.6223 	EXP 	whitesquare: autoDraw = True
10.6223 	EXP 	whitesquare: autoDraw = False
10.6230 	DATA 	wsqS
10.6392 	EXP 	whitesquare: autoDraw = True
10.6392 	EXP 	whitesquare: autoDraw = False
10.6401 	DATA 	wsqS
10.6555 	EXP 	whitesquare: autoDraw = True
10.6555 	EXP 	whitesquare: autoDraw = False
10.6562 	DATA 	wsqS
10.6725 	EXP 	whitesquare: autoDraw = True
10.6725 	EXP 	whitesquare: autoDraw = False
10.6734 	DATA 	wsqS
10.6888 	EXP 	whitesquare: autoDraw = True
10.6888 	EXP 	whitesquare: autoDraw = False
10.6896 	DATA 	wsqS
10.7059 	EXP 	whitesquare: autoDraw = True
10.7059 	EXP 	whitesquare: autoDraw = False
10.7067 	DATA 	wsqS
10.7223 	EXP 	whitesquare: autoDraw = True
10.7223 	EXP 	whitesquare: autoDraw = False
10.7230 	DATA 	wsqS
10.7393 	EXP 	whitesquare: autoDraw = True
10.7393 	EXP 	whitesquare: autoDraw = False
10.7401 	DATA 	wsqS
10.7556 	EXP 	whitesquare: autoDraw = True
10.7556 	EXP 	whitesquare: autoDraw = False
10.7563 	DATA 	wsqS
10.7725 	EXP 	whitesquare: autoDraw = True
10.7725 	EXP 	whitesquare: autoDraw = False
10.7733 	DATA 	wsqS
10.7890 	EXP 	whitesquare: autoDraw = True
10.7890 	EXP 	whitesquare: autoDraw = False
10.7897 	DATA 	wsqS
10.8060 	EXP 	whitesquare: autoDraw = True
10.8060 	EXP 	whitesquare: autoDraw = False
10.8070 	DATA 	wsqS
10.8223 	EXP 	whitesquare: autoDraw = True
10.8223 	EXP 	whitesquare: autoDraw = False
10.8230 	DATA 	wsqS
10.8240 	EXP 	Set  sound=./sound/open_speak.wav
10.8393 	EXP 	whitesquare: autoDraw = True
10.8393 	EXP 	whitesquare: autoDraw = False
13.3249 	DATA 	wsqS
13.3404 	EXP 	whitesquare: autoDraw = True
13.3413 	DATA 	wsqS
13.3568 	EXP 	whitesquare: autoDraw = True
13.3568 	EXP 	whitesquare: autoDraw = False
13.3575 	DATA 	wsqS
13.3738 	EXP 	whitesquare: autoDraw = True
13.3738 	EXP 	whitesquare: autoDraw = False
13.3745 	DATA 	wsqS
13.3907 	EXP 	whitesquare: autoDraw = True
13.3907 	EXP 	whitesquare: autoDraw = False
13.3913 	DATA 	wsqS
13.4072 	EXP 	whitesquare: autoDraw = True
13.4072 	EXP 	whitesquare: autoDraw = False
13.4080 	DATA 	wsqS
13.4235 	EXP 	whitesquare: autoDraw = True
13.4235 	EXP 	whitesquare: autoDraw = False
13.4244 	DATA 	wsqS
13.4409 	EXP 	whitesquare: autoDraw = True
13.4409 	EXP 	whitesquare: autoDraw = False
13.4415 	DATA 	wsqS
13.4571 	EXP 	whitesquare: autoDraw = True
13.4571 	EXP 	whitesquare: autoDraw = False
13.4576 	DATA 	wsqS
13.4743 	EXP 	whitesquare: autoDraw = True
13.4743 	EXP 	whitesquare: autoDraw = False
13.4749 	DATA 	wsqS
13.4906 	EXP 	whitesquare: autoDraw = True
13.4906 	EXP 	whitesquare: autoDraw = False
13.4913 	DATA 	wsqS
13.5080 	EXP 	whitesquare: autoDraw = True
13.5080 	EXP 	whitesquare: autoDraw = False
13.5087 	DATA 	wsqS
13.5242 	EXP 	whitesquare: autoDraw = True
13.5242 	EXP 	whitesquare: autoDraw = False
13.5247 	DATA 	wsqS
13.5415 	EXP 	whitesquare: autoDraw = True
13.5415 	EXP 	whitesquare: autoDraw = False
13.5421 	DATA 	wsqS
13.5573 	EXP 	whitesquare: autoDraw = True
13.5573 	EXP 	whitesquare: autoDraw = False
13.5579 	DATA 	wsqS
13.5743 	EXP 	whitesquare: autoDraw = True
13.5743 	EXP 	whitesquare: autoDraw = False
13.5750 	DATA 	wsqS
13.5907 	EXP 	whitesquare: autoDraw = True
13.5907 	EXP 	whitesquare: autoDraw = False
13.5913 	DATA 	wsqS
13.6078 	EXP 	whitesquare: autoDraw = True
13.6078 	EXP 	whitesquare: autoDraw = False
13.6084 	DATA 	wsqS
13.6241 	EXP 	whitesquare: autoDraw = True
13.6241 	EXP 	whitesquare: autoDraw = False
13.6247 	DATA 	wsqS
13.6410 	EXP 	whitesquare: autoDraw = True
13.6410 	EXP 	whitesquare: autoDraw = False
13.6416 	DATA 	wsqS
13.6571 	EXP 	whitesquare: autoDraw = True
13.6571 	EXP 	whitesquare: autoDraw = False
13.6577 	DATA 	wsqS
13.6747 	EXP 	whitesquare: autoDraw = True
13.6747 	EXP 	whitesquare: autoDraw = False
13.6753 	DATA 	wsqS
13.6909 	EXP 	whitesquare: autoDraw = True
13.6909 	EXP 	whitesquare: autoDraw = False
13.6915 	DATA 	wsqS
13.7081 	EXP 	whitesquare: autoDraw = True
13.7081 	EXP 	whitesquare: autoDraw = False
13.7088 	DATA 	wsqS
13.7239 	EXP 	whitesquare: autoDraw = True
13.7239 	EXP 	whitesquare: autoDraw = False
13.7244 	DATA 	wsqS
13.7409 	EXP 	whitesquare: autoDraw = True
13.7409 	EXP 	whitesquare: autoDraw = False
13.7414 	DATA 	wsqS
13.7572 	EXP 	whitesquare: autoDraw = True
13.7572 	EXP 	whitesquare: autoDraw = False
13.7578 	DATA 	wsqS
13.7742 	EXP 	whitesquare: autoDraw = True
13.7742 	EXP 	whitesquare: autoDraw = False
13.7748 	DATA 	wsqS
13.7905 	EXP 	whitesquare: autoDraw = True
13.7905 	EXP 	whitesquare: autoDraw = False
13.7911 	DATA 	wsqS
13.8079 	EXP 	whitesquare: autoDraw = True
13.8079 	EXP 	whitesquare: autoDraw = False
13.8088 	DATA 	wsqS
13.8238 	EXP 	whitesquare: autoDraw = True
13.8238 	EXP 	whitesquare: autoDraw = False
13.8243 	DATA 	wsqS
13.8415 	EXP 	whitesquare: autoDraw = True
13.8415 	EXP 	whitesquare: autoDraw = False
13.8423 	DATA 	wsqS
13.8578 	EXP 	whitesquare: autoDraw = True
13.8578 	EXP 	whitesquare: autoDraw = False
13.8586 	DATA 	wsqS
13.8753 	EXP 	whitesquare: autoDraw = True
13.8753 	EXP 	whitesquare: autoDraw = False
13.8759 	DATA 	wsqS
13.8914 	EXP 	whitesquare: autoDraw = True
13.8914 	EXP 	whitesquare: autoDraw = False
13.8921 	DATA 	wsqS
13.9088 	EXP 	whitesquare: autoDraw = True
13.9088 	EXP 	whitesquare: autoDraw = False
13.9094 	DATA 	wsqS
13.9247 	EXP 	whitesquare: autoDraw = True
13.9247 	EXP 	whitesquare: autoDraw = False
13.9255 	DATA 	wsqS
13.9420 	EXP 	whitesquare: autoDraw = True
13.9420 	EXP 	whitesquare: autoDraw = False
13.9427 	DATA 	wsqS
13.9581 	EXP 	whitesquare: autoDraw = True
13.9581 	EXP 	whitesquare: autoDraw = False
13.9590 	DATA 	wsqS
13.9754 	EXP 	whitesquare: autoDraw = True
13.9754 	EXP 	whitesquare: autoDraw = False
13.9762 	DATA 	wsqS
13.9909 	EXP 	whitesquare: autoDraw = True
13.9909 	EXP 	whitesquare: autoDraw = False
13.9923 	DATA 	wsqS
14.0080 	EXP 	whitesquare: autoDraw = True
14.0080 	EXP 	whitesquare: autoDraw = False
14.0087 	DATA 	wsqS
14.0240 	EXP 	whitesquare: autoDraw = True
14.0240 	EXP 	whitesquare: autoDraw = False
14.0245 	DATA 	wsqS
14.0416 	EXP 	whitesquare: autoDraw = True
14.0416 	EXP 	whitesquare: autoDraw = False
14.0423 	DATA 	wsqS
14.0573 	EXP 	whitesquare: autoDraw = True
14.0573 	EXP 	whitesquare: autoDraw = False
14.0579 	DATA 	wsqS
14.0744 	EXP 	whitesquare: autoDraw = True
14.0744 	EXP 	whitesquare: autoDraw = False
14.0751 	DATA 	wsqS
14.0906 	EXP 	whitesquare: autoDraw = True
14.0906 	EXP 	whitesquare: autoDraw = False
14.0912 	DATA 	wsqS
14.1081 	EXP 	whitesquare: autoDraw = True
14.1081 	EXP 	whitesquare: autoDraw = False
14.1087 	DATA 	wsqS
14.1241 	EXP 	whitesquare: autoDraw = True
14.1241 	EXP 	whitesquare: autoDraw = False
14.1247 	DATA 	wsqS
14.1415 	EXP 	whitesquare: autoDraw = True
14.1415 	EXP 	whitesquare: autoDraw = False
14.1423 	DATA 	wsqS
14.1578 	EXP 	whitesquare: autoDraw = True
14.1578 	EXP 	whitesquare: autoDraw = False
14.1585 	DATA 	wsqS
14.1753 	EXP 	whitesquare: autoDraw = True
14.1753 	EXP 	whitesquare: autoDraw = False
14.1761 	DATA 	wsqS
14.1908 	EXP 	whitesquare: autoDraw = True
14.1908 	EXP 	whitesquare: autoDraw = False
14.1913 	DATA 	wsqS
14.2078 	EXP 	whitesquare: autoDraw = True
14.2078 	EXP 	whitesquare: autoDraw = False
14.2085 	DATA 	wsqS
14.2241 	EXP 	whitesquare: autoDraw = True
14.2241 	EXP 	whitesquare: autoDraw = False
14.2248 	DATA 	wsqS
14.2412 	EXP 	whitesquare: autoDraw = True
14.2412 	EXP 	whitesquare: autoDraw = False
14.2419 	DATA 	wsqS
14.2573 	EXP 	whitesquare: autoDraw = True
14.2573 	EXP 	whitesquare: autoDraw = False
14.2580 	DATA 	wsqS
14.2743 	EXP 	whitesquare: autoDraw = True
14.2743 	EXP 	whitesquare: autoDraw = False
14.2751 	DATA 	wsqS
14.2907 	EXP 	whitesquare: autoDraw = True
14.2907 	EXP 	whitesquare: autoDraw = False
14.2915 	DATA 	wsqS
14.3078 	EXP 	whitesquare: autoDraw = True
14.3078 	EXP 	whitesquare: autoDraw = False
14.3086 	DATA 	wsqS
14.3239 	EXP 	whitesquare: autoDraw = True
14.3239 	EXP 	whitesquare: autoDraw = False
14.3246 	DATA 	wsqS
14.3409 	EXP 	whitesquare: autoDraw = True
14.3409 	EXP 	whitesquare: autoDraw = False
14.3419 	DATA 	wsqS
14.3578 	EXP 	whitesquare: autoDraw = True
14.3578 	EXP 	whitesquare: autoDraw = False
14.3583 	DATA 	wsqS
14.3749 	EXP 	whitesquare: autoDraw = True
14.3749 	EXP 	whitesquare: autoDraw = False
14.3755 	DATA 	wsqS
14.3907 	EXP 	whitesquare: autoDraw = True
14.3907 	EXP 	whitesquare: autoDraw = False
14.3914 	DATA 	wsqS
14.4078 	EXP 	whitesquare: autoDraw = True
14.4078 	EXP 	whitesquare: autoDraw = False
14.4089 	DATA 	wsqS
14.4240 	EXP 	whitesquare: autoDraw = True
14.4240 	EXP 	whitesquare: autoDraw = False
14.4247 	DATA 	wsqS
14.4410 	EXP 	whitesquare: autoDraw = True
14.4410 	EXP 	whitesquare: autoDraw = False
14.4417 	DATA 	wsqS
14.4573 	EXP 	whitesquare: autoDraw = True
14.4573 	EXP 	whitesquare: autoDraw = False
14.4581 	DATA 	wsqS
14.4744 	EXP 	whitesquare: autoDraw = True
14.4744 	EXP 	whitesquare: autoDraw = False
14.4751 	DATA 	wsqS
14.4906 	EXP 	whitesquare: autoDraw = True
14.4906 	EXP 	whitesquare: autoDraw = False
14.4914 	DATA 	wsqS
14.5079 	EXP 	whitesquare: autoDraw = True
14.5079 	EXP 	whitesquare: autoDraw = False
14.5087 	DATA 	wsqS
14.5240 	EXP 	whitesquare: autoDraw = True
14.5240 	EXP 	whitesquare: autoDraw = False
14.5248 	DATA 	wsqS
14.5412 	EXP 	whitesquare: autoDraw = True
14.5412 	EXP 	whitesquare: autoDraw = False
14.5420 	DATA 	wsqS
14.5575 	EXP 	whitesquare: autoDraw = True
14.5575 	EXP 	whitesquare: autoDraw = False
14.5582 	DATA 	wsqS
14.5746 	EXP 	whitesquare: autoDraw = True
14.5746 	EXP 	whitesquare: autoDraw = False
14.5753 	DATA 	wsqS
14.5906 	EXP 	whitesquare: autoDraw = True
14.5906 	EXP 	whitesquare: autoDraw = False
14.5914 	DATA 	wsqS
14.6079 	EXP 	whitesquare: autoDraw = True
14.6079 	EXP 	whitesquare: autoDraw = False
14.6087 	DATA 	wsqS
14.6241 	EXP 	whitesquare: autoDraw = True
14.6241 	EXP 	whitesquare: autoDraw = False
14.6249 	DATA 	wsqS
14.6411 	EXP 	whitesquare: autoDraw = True
14.6411 	EXP 	whitesquare: autoDraw = False
14.6418 	DATA 	wsqS
14.6579 	EXP 	whitesquare: autoDraw = True
14.6579 	EXP 	whitesquare: autoDraw = False
14.6586 	DATA 	wsqS
14.6745 	EXP 	whitesquare: autoDraw = True
14.6745 	EXP 	whitesquare: autoDraw = False
14.6752 	DATA 	wsqS
14.6908 	EXP 	whitesquare: autoDraw = True
14.6908 	EXP 	whitesquare: autoDraw = False
14.6916 	DATA 	wsqS
14.7079 	EXP 	whitesquare: autoDraw = True
14.7079 	EXP 	whitesquare: autoDraw = False
14.7088 	DATA 	wsqS
14.7240 	EXP 	whitesquare: autoDraw = True
14.7240 	EXP 	whitesquare: autoDraw = False
14.7250 	DATA 	wsqS
14.7411 	EXP 	whitesquare: autoDraw = True
14.7411 	EXP 	whitesquare: autoDraw = False
14.7419 	DATA 	wsqS
14.7576 	EXP 	whitesquare: autoDraw = True
14.7576 	EXP 	whitesquare: autoDraw = False
14.7583 	DATA 	wsqS
14.7745 	EXP 	whitesquare: autoDraw = True
14.7745 	EXP 	whitesquare: autoDraw = False
14.7753 	DATA 	wsqS
14.7908 	EXP 	whitesquare: autoDraw = True
14.7908 	EXP 	whitesquare: autoDraw = False
14.7915 	DATA 	wsqS
14.8082 	EXP 	whitesquare: autoDraw = True
14.8082 	EXP 	whitesquare: autoDraw = False
14.8090 	DATA 	wsqS
14.8241 	EXP 	whitesquare: autoDraw = True
14.8241 	EXP 	whitesquare: autoDraw = False
14.8248 	DATA 	wsqS
14.8412 	EXP 	whitesquare: autoDraw = True
14.8412 	EXP 	whitesquare: autoDraw = False
14.8419 	DATA 	wsqS
14.8576 	EXP 	whitesquare: autoDraw = True
14.8576 	EXP 	whitesquare: autoDraw = False
14.8584 	DATA 	wsqS
14.8745 	EXP 	whitesquare: autoDraw = True
14.8745 	EXP 	whitesquare: autoDraw = False
14.8754 	DATA 	wsqS
14.8908 	EXP 	whitesquare: autoDraw = True
14.8908 	EXP 	whitesquare: autoDraw = False
14.8915 	DATA 	wsqS
14.9081 	EXP 	whitesquare: autoDraw = True
14.9081 	EXP 	whitesquare: autoDraw = False
14.9089 	DATA 	wsqS
14.9243 	EXP 	whitesquare: autoDraw = True
14.9243 	EXP 	whitesquare: autoDraw = False
14.9250 	DATA 	wsqS
14.9412 	EXP 	whitesquare: autoDraw = True
14.9412 	EXP 	whitesquare: autoDraw = False
14.9419 	DATA 	wsqS
14.9576 	EXP 	whitesquare: autoDraw = True
14.9576 	EXP 	whitesquare: autoDraw = False
14.9583 	DATA 	wsqS
14.9746 	EXP 	whitesquare: autoDraw = True
14.9746 	EXP 	whitesquare: autoDraw = False
14.9753 	DATA 	wsqS
14.9915 	EXP 	whitesquare: autoDraw = True
14.9915 	EXP 	whitesquare: autoDraw = False
14.9920 	DATA 	wsqS
15.0082 	EXP 	whitesquare: autoDraw = True
15.0082 	EXP 	whitesquare: autoDraw = False
15.0090 	DATA 	wsqS
15.0243 	EXP 	whitesquare: autoDraw = True
15.0243 	EXP 	whitesquare: autoDraw = False
15.0250 	DATA 	wsqS
15.0414 	EXP 	whitesquare: autoDraw = True
15.0414 	EXP 	whitesquare: autoDraw = False
15.0422 	DATA 	wsqS
15.0577 	EXP 	whitesquare: autoDraw = True
15.0577 	EXP 	whitesquare: autoDraw = False
15.0584 	DATA 	wsqS
15.0750 	EXP 	whitesquare: autoDraw = True
15.0750 	EXP 	whitesquare: autoDraw = False
15.0757 	DATA 	wsqS
15.0909 	EXP 	whitesquare: autoDraw = True
15.0909 	EXP 	whitesquare: autoDraw = False
15.0917 	DATA 	wsqS
15.1082 	EXP 	whitesquare: autoDraw = True
15.1082 	EXP 	whitesquare: autoDraw = False
15.1090 	DATA 	wsqS
15.1243 	EXP 	whitesquare: autoDraw = True
15.1243 	EXP 	whitesquare: autoDraw = False
15.1250 	DATA 	wsqS
15.1413 	EXP 	whitesquare: autoDraw = True
15.1413 	EXP 	whitesquare: autoDraw = False
15.1421 	DATA 	wsqS
15.1576 	EXP 	whitesquare: autoDraw = True
15.1576 	EXP 	whitesquare: autoDraw = False
15.1584 	DATA 	wsqS
15.1747 	EXP 	whitesquare: autoDraw = True
15.1747 	EXP 	whitesquare: autoDraw = False
15.1754 	DATA 	wsqS
15.1911 	EXP 	whitesquare: autoDraw = True
15.1911 	EXP 	whitesquare: autoDraw = False
15.1918 	DATA 	wsqS
15.2083 	EXP 	whitesquare: autoDraw = True
15.2083 	EXP 	whitesquare: autoDraw = False
15.2091 	DATA 	wsqS
15.2244 	EXP 	whitesquare: autoDraw = True
15.2244 	EXP 	whitesquare: autoDraw = False
15.2251 	DATA 	wsqS
15.2413 	EXP 	whitesquare: autoDraw = True
15.2413 	EXP 	whitesquare: autoDraw = False
15.2420 	DATA 	wsqS
15.2577 	EXP 	whitesquare: autoDraw = True
15.2577 	EXP 	whitesquare: autoDraw = False
15.2585 	DATA 	wsqS
15.2748 	EXP 	whitesquare: autoDraw = True
15.2748 	EXP 	whitesquare: autoDraw = False
15.2755 	DATA 	wsqS
15.2911 	EXP 	whitesquare: autoDraw = True
15.2911 	EXP 	whitesquare: autoDraw = False
15.2918 	DATA 	wsqS
15.3084 	EXP 	whitesquare: autoDraw = True
15.3084 	EXP 	whitesquare: autoDraw = False
15.3092 	DATA 	wsqS
15.3244 	EXP 	whitesquare: autoDraw = True
15.3244 	EXP 	whitesquare: autoDraw = False
15.3251 	DATA 	wsqS
15.3252 	EXP 	Sound  started
16.3265 	EXP 	Sound  stopped
16.3269 	EXP 	Set  sound=./sound/left_speak.wav
16.3270 	EXP 	Set  sound=./sound/right_speak.wav
16.3271 	EXP 	Set  sound=./sound/up_speak.wav
16.3273 	EXP 	Set  sound=./sound/down_speak.wav
16.3423 	EXP 	whitesquare: autoDraw = True
16.3423 	EXP 	whitesquare: autoDraw = False
25.5296 	EXP 	esc: autoDraw = True
26.7964 	EXP 	window1: mouseVisible = True
