4.8357 	WARNING 	User requested fullscreen with size [1024  768], but screen is actually [1280, 800]. Using actual size
5.5344 	EXP 	Created window1 = Window(allowGUI=False, allowStencil=False, args=UNKNOWN, autoLog=True, bitsMode=UNKNOWN, blendMode='avg', color=array([-1., -1., -1.]), colorSpace='rgb', fullscr=UNKNOWN, gamma=None, kwargs=UNKNOWN, lms=UNKNOWN, monitor=<psychopy.monitors.calibTools.Monitor object at 0x1124024e0>, multiSample=False, name='window1', numSamples=2, pos=[0.0, 0.0], screen=0, size=array([2560, 1600]), stereo=False, units='norm', useFBO=True, useRetina=True, viewOri=0.0, viewPos=None, viewScale=None, waitBlanking=True, winType='pyglet')
5.5345 	EXP 	window1: recordFrameIntervals = False
5.7002 	EXP 	window1: recordFrameIntervals = True
5.8835 	EXP 	window1: recordFrameIntervals = False
5.8926 	EXP 	<method-wrapper '__getattribute__' of attributeSetter object at 0x103dd00b8>: vertices = array([[-0.25,  0.25],
       [ 0.25,  0.25],
       [ 0.25, -0.25],
       [-0.25, -0.25]])
5.8941 	EXP 	Created whitesquare = Rect(__class__=<class 'psychopy.visual.rect.Rect'>, autoDraw=False, autoLog=True, closeShape=True, contrast=1.0, depth=0.0, fillColor=array([1., 1., 1.]), fillColorSpace='rgb', fillRGB=array([1., 1., 1.]), interpolate=True, lineColor=array([1., 1., 1.]), lineColorSpace='rgb', lineRGB=array([1., 1., 1.]), lineWidth=1, name='whitesquare', opacity=0.9, ori=array(0.), pos=array([14.9, 11.2]), size=array([1., 1.]), units='cm', vertices=ndarray(...), win=Window(...))
6.0013 	EXP 	Created intro_text = TextStim(__class__=<class 'psychopy.visual.text.TextStim'>, alignHoriz='center', alignVert='center', antialias=True, autoLog=True, bold=False, color='white', colorSpace='named', contrast=1.0, depth=0.0, flipHoriz=False, flipVert=False, font='Arial', fontFiles=[], height=0.1, italic=False, name='intro_text', opacity=1.0, ori=0, pos=array([0., 0.]), rgb=array([255., 255., 255.]), text=str(...), units='norm', win=Window(...), wrapWidth=1)
6.0224 	EXP 	Created intro_text = TextStim(__class__=<class 'psychopy.visual.text.TextStim'>, alignHoriz='center', alignVert='center', antialias=True, autoLog=True, bold=False, color='white', colorSpace='named', contrast=1.0, depth=0.0, flipHoriz=False, flipVert=False, font='Arial', fontFiles=[], height=0.1, italic=False, name='intro_text', opacity=1.0, ori=0, pos=array([0., 0.]), rgb=array([255., 255., 255.]), text=str(...), units='norm', win=Window(...), wrapWidth=1)
6.0346 	EXP 	Created open_text = TextStim(__class__=<class 'psychopy.visual.text.TextStim'>, alignHoriz='center', alignVert='center', antialias=True, autoLog=True, bold=False, color='white', colorSpace='named', contrast=1.0, depth=0.0, flipHoriz=False, flipVert=False, font='Arial', fontFiles=[], height=0.1, italic=False, name='open_text', opacity=1.0, ori=0, pos=array([0., 0.]), rgb=array([255., 255., 255.]), text=str(...), units='norm', win=Window(...), wrapWidth=1)
6.0387 	EXP 	Created fixation = TextStim(__class__=<class 'psychopy.visual.text.TextStim'>, alignHoriz='center', alignVert='center', antialias=True, autoLog=True, bold=False, color='white', colorSpace='named', contrast=1.0, depth=-1.0, flipHoriz=False, flipVert=False, font='Arial', fontFiles=[], height=0.1, italic=False, name='fixation', opacity=1.0, ori=0, pos=array([0., 0.]), rgb=array([255., 255., 255.]), text='+\n', units='norm', win=Window(...), wrapWidth=1)
6.0513 	EXP 	Created close_text = TextStim(__class__=<class 'psychopy.visual.text.TextStim'>, alignHoriz='center', alignVert='center', antialias=True, autoLog=True, bold=False, color='white', colorSpace='named', contrast=1.0, depth=0.0, flipHoriz=False, flipVert=False, font='Arial', fontFiles=[], height=0.1, italic=False, name='close_text', opacity=1.0, ori=0, pos=array([0., 0.]), rgb=array([255., 255., 255.]), text=str(...), units='norm', win=Window(...), wrapWidth=1)
6.0542 	EXP 	Created blank = TextStim(__class__=<class 'psychopy.visual.text.TextStim'>, alignHoriz='center', alignVert='center', antialias=True, autoLog=True, bold=False, color='white', colorSpace='named', contrast=1.0, depth=-1.0, flipHoriz=False, flipVert=False, font='Arial', fontFiles=[], height=0.1, italic=False, name='blank', opacity=1.0, ori=0, pos=array([0., 0.]), rgb=array([255., 255., 255.]), text=' ', units='norm', win=Window(...), wrapWidth=1)
6.1107 	EXP 	Set  sound=./sound/open_speak.wav
6.1108 	EXP 	Set Sound  volume=1.000
6.1203 	EXP 	Created gaze_text = TextStim(__class__=<class 'psychopy.visual.text.TextStim'>, alignHoriz='center', alignVert='center', antialias=True, autoLog=True, bold=False, color='white', colorSpace='named', contrast=1.0, depth=0.0, flipHoriz=False, flipVert=False, font='Arial', fontFiles=[], height=0.1, italic=False, name='gaze_text', opacity=1.0, ori=0, pos=array([0., 0.]), rgb=array([255., 255., 255.]), text=str(...), units='norm', win=Window(...), wrapWidth=1)
6.1221 	EXP 	Created center = ShapeStim(__class__=<class 'psychopy.visual.shape.ShapeStim'>, autoDraw=False, autoLog=True, closeShape=True, contrast=1.0, depth=0.0, fillColor=array([1., 1., 1.]), fillColorSpace='rgb', interpolate=True, lineColor=array([1., 1., 1.]), lineColorSpace='rgb', lineWidth=1, name='center', opacity=1.0, ori=array(0.), pos=array([0., 0.]), size=array([0.5, 0.5]), units='cm', vertices=ndarray(...), win=Window(...), windingRule=None)
6.1230 	EXP 	Set  sound=./sound/left_speak.wav
6.1230 	EXP 	Set Sound  volume=1.000
6.1248 	EXP 	Created left = ShapeStim(__class__=<class 'psychopy.visual.shape.ShapeStim'>, autoDraw=False, autoLog=True, closeShape=True, contrast=1.0, depth=0.0, fillColor=array([1., 1., 1.]), fillColorSpace='rgb', interpolate=True, lineColor=array([1., 1., 1.]), lineColorSpace='rgb', lineWidth=1, name='left', opacity=1.0, ori=array(0.), pos=array([-10.,   0.]), size=array([0.5, 0.5]), units='cm', vertices=ndarray(...), win=Window(...), windingRule=None)
6.1256 	EXP 	Set  sound=./sound/right_speak.wav
6.1257 	EXP 	Set Sound  volume=1.000
6.1274 	EXP 	Created right = ShapeStim(__class__=<class 'psychopy.visual.shape.ShapeStim'>, autoDraw=False, autoLog=True, closeShape=True, contrast=1.0, depth=0.0, fillColor=array([1., 1., 1.]), fillColorSpace='rgb', interpolate=True, lineColor=array([1., 1., 1.]), lineColorSpace='rgb', lineWidth=1, name='right', opacity=1.0, ori=array(0.), pos=array([10.,  0.]), size=array([0.5, 0.5]), units='cm', vertices=ndarray(...), win=Window(...), windingRule=None)
6.1283 	EXP 	Set  sound=./sound/up_speak.wav
6.1283 	EXP 	Set Sound  volume=1.000
6.1301 	EXP 	Created up = ShapeStim(__class__=<class 'psychopy.visual.shape.ShapeStim'>, autoDraw=False, autoLog=True, closeShape=True, contrast=1.0, depth=0.0, fillColor=array([1., 1., 1.]), fillColorSpace='rgb', interpolate=True, lineColor=array([1., 1., 1.]), lineColorSpace='rgb', lineWidth=1, name='up', opacity=1.0, ori=array(0.), pos=array([ 0., 10.]), size=array([0.5, 0.5]), units='cm', vertices=ndarray(...), win=Window(...), windingRule=None)
6.1311 	EXP 	Set  sound=./sound/down_speak.wav
6.1311 	EXP 	Set Sound  volume=1.000
6.1329 	EXP 	Created down = ShapeStim(__class__=<class 'psychopy.visual.shape.ShapeStim'>, autoDraw=False, autoLog=True, closeShape=True, contrast=1.0, depth=0.0, fillColor=array([1., 1., 1.]), fillColorSpace='rgb', interpolate=True, lineColor=array([1., 1., 1.]), lineColorSpace='rgb', lineWidth=1, name='down', opacity=1.0, ori=array(0.), pos=array([  0., -10.]), size=array([0.5, 0.5]), units='cm', vertices=ndarray(...), win=Window(...), windingRule=None)
6.1411 	EXP 	Created esc = TextStim(__class__=<class 'psychopy.visual.text.TextStim'>, alignHoriz='center', alignVert='center', antialias=True, autoLog=True, bold=False, color='white', colorSpace='named', contrast=1.0, depth=0.0, flipHoriz=False, flipVert=False, font='Arial', fontFiles=[], height=0.1, italic=False, name='esc', opacity=1.0, ori=0, pos=array([0., 0.]), rgb=array([255., 255., 255.]), text="End of test\n\nPress 'esc'", units='norm', win=Window(...), wrapWidth=1)
6.1682 	EXP 	intro_text: autoDraw = True
6.1682 	EXP 	whitesquare: autoDraw = True
6.8221 	DATA 	Keypress: space
6.8349 	EXP 	intro_text: autoDraw = False
6.8349 	EXP 	whitesquare: autoDraw = False
6.8349 	EXP 	intro_text: autoDraw = True
7.5378 	DATA 	Keypress: space
7.5677 	EXP 	intro_text: autoDraw = False
10.0532 	DATA 	wsqS
10.0690 	EXP 	whitesquare: autoDraw = True
10.0698 	DATA 	wsqS
10.0851 	EXP 	whitesquare: autoDraw = True
10.0851 	EXP 	whitesquare: autoDraw = False
10.0861 	DATA 	wsqS
10.1022 	EXP 	whitesquare: autoDraw = True
10.1022 	EXP 	whitesquare: autoDraw = False
10.1029 	DATA 	wsqS
10.1186 	EXP 	whitesquare: autoDraw = True
10.1186 	EXP 	whitesquare: autoDraw = False
10.1193 	DATA 	wsqS
10.1355 	EXP 	whitesquare: autoDraw = True
10.1355 	EXP 	whitesquare: autoDraw = False
10.1364 	DATA 	wsqS
10.1520 	EXP 	whitesquare: autoDraw = True
10.1520 	EXP 	whitesquare: autoDraw = False
10.1527 	DATA 	wsqS
10.1689 	EXP 	whitesquare: autoDraw = True
10.1689 	EXP 	whitesquare: autoDraw = False
10.1697 	DATA 	wsqS
10.1852 	EXP 	whitesquare: autoDraw = True
10.1852 	EXP 	whitesquare: autoDraw = False
10.1859 	DATA 	wsqS
10.2022 	EXP 	whitesquare: autoDraw = True
10.2022 	EXP 	whitesquare: autoDraw = False
10.2030 	DATA 	wsqS
10.2185 	EXP 	whitesquare: autoDraw = True
10.2185 	EXP 	whitesquare: autoDraw = False
10.2193 	DATA 	wsqS
10.2356 	EXP 	whitesquare: autoDraw = True
10.2356 	EXP 	whitesquare: autoDraw = False
10.2363 	DATA 	wsqS
10.2520 	EXP 	whitesquare: autoDraw = True
10.2520 	EXP 	whitesquare: autoDraw = False
10.2527 	DATA 	wsqS
10.2691 	EXP 	whitesquare: autoDraw = True
10.2691 	EXP 	whitesquare: autoDraw = False
10.2698 	DATA 	wsqS
10.2853 	EXP 	whitesquare: autoDraw = True
10.2853 	EXP 	whitesquare: autoDraw = False
10.2860 	DATA 	wsqS
10.3023 	EXP 	whitesquare: autoDraw = True
10.3023 	EXP 	whitesquare: autoDraw = False
10.3031 	DATA 	wsqS
10.3187 	EXP 	whitesquare: autoDraw = True
10.3187 	EXP 	whitesquare: autoDraw = False
10.3195 	DATA 	wsqS
10.3358 	EXP 	whitesquare: autoDraw = True
10.3358 	EXP 	whitesquare: autoDraw = False
10.3363 	DATA 	wsqS
10.3519 	EXP 	whitesquare: autoDraw = True
10.3519 	EXP 	whitesquare: autoDraw = False
10.3526 	DATA 	wsqS
10.3692 	EXP 	whitesquare: autoDraw = True
10.3692 	EXP 	whitesquare: autoDraw = False
10.3698 	DATA 	wsqS
10.3856 	EXP 	whitesquare: autoDraw = True
10.3856 	EXP 	whitesquare: autoDraw = False
10.3863 	DATA 	wsqS
10.4024 	EXP 	whitesquare: autoDraw = True
10.4024 	EXP 	whitesquare: autoDraw = False
10.4030 	DATA 	wsqS
10.4187 	EXP 	whitesquare: autoDraw = True
10.4187 	EXP 	whitesquare: autoDraw = False
10.4193 	DATA 	wsqS
10.4356 	EXP 	whitesquare: autoDraw = True
10.4356 	EXP 	whitesquare: autoDraw = False
10.4364 	DATA 	wsqS
10.4520 	EXP 	whitesquare: autoDraw = True
10.4520 	EXP 	whitesquare: autoDraw = False
10.4528 	DATA 	wsqS
10.4690 	EXP 	whitesquare: autoDraw = True
10.4690 	EXP 	whitesquare: autoDraw = False
10.4696 	DATA 	wsqS
10.4853 	EXP 	whitesquare: autoDraw = True
10.4853 	EXP 	whitesquare: autoDraw = False
10.4861 	DATA 	wsqS
10.5024 	EXP 	whitesquare: autoDraw = True
10.5024 	EXP 	whitesquare: autoDraw = False
10.5030 	DATA 	wsqS
10.5187 	EXP 	whitesquare: autoDraw = True
10.5187 	EXP 	whitesquare: autoDraw = False
10.5194 	DATA 	wsqS
10.5358 	EXP 	whitesquare: autoDraw = True
10.5358 	EXP 	whitesquare: autoDraw = False
10.5365 	DATA 	wsqS
10.5520 	EXP 	whitesquare: autoDraw = True
10.5520 	EXP 	whitesquare: autoDraw = False
10.5528 	DATA 	wsqS
10.5691 	EXP 	whitesquare: autoDraw = True
10.5691 	EXP 	whitesquare: autoDraw = False
10.5700 	DATA 	wsqS
10.5854 	EXP 	whitesquare: autoDraw = True
10.5854 	EXP 	whitesquare: autoDraw = False
10.5862 	DATA 	wsqS
10.6025 	EXP 	whitesquare: autoDraw = True
10.6025 	EXP 	whitesquare: autoDraw = False
10.6032 	DATA 	wsqS
10.6187 	EXP 	whitesquare: autoDraw = True
10.6187 	EXP 	whitesquare: autoDraw = False
10.6195 	DATA 	wsqS
10.6358 	EXP 	whitesquare: autoDraw = True
10.6358 	EXP 	whitesquare: autoDraw = False
10.6366 	DATA 	wsqS
10.6522 	EXP 	whitesquare: autoDraw = True
10.6522 	EXP 	whitesquare: autoDraw = False
10.6529 	DATA 	wsqS
10.6692 	EXP 	whitesquare: autoDraw = True
10.6692 	EXP 	whitesquare: autoDraw = False
10.6700 	DATA 	wsqS
10.6855 	EXP 	whitesquare: autoDraw = True
10.6855 	EXP 	whitesquare: autoDraw = False
10.6862 	DATA 	wsqS
10.7025 	EXP 	whitesquare: autoDraw = True
10.7025 	EXP 	whitesquare: autoDraw = False
10.7033 	DATA 	wsqS
10.7194 	EXP 	whitesquare: autoDraw = True
10.7194 	EXP 	whitesquare: autoDraw = False
10.7200 	DATA 	wsqS
10.7358 	EXP 	whitesquare: autoDraw = True
10.7358 	EXP 	whitesquare: autoDraw = False
10.7365 	DATA 	wsqS
10.7527 	EXP 	whitesquare: autoDraw = True
10.7527 	EXP 	whitesquare: autoDraw = False
10.7535 	DATA 	wsqS
10.7692 	EXP 	whitesquare: autoDraw = True
10.7692 	EXP 	whitesquare: autoDraw = False
10.7699 	DATA 	wsqS
10.7855 	EXP 	whitesquare: autoDraw = True
10.7855 	EXP 	whitesquare: autoDraw = False
10.7862 	DATA 	wsqS
10.8031 	EXP 	whitesquare: autoDraw = True
10.8031 	EXP 	whitesquare: autoDraw = False
10.8039 	DATA 	wsqS
10.8188 	EXP 	whitesquare: autoDraw = True
10.8188 	EXP 	whitesquare: autoDraw = False
10.8197 	DATA 	wsqS
10.8359 	EXP 	whitesquare: autoDraw = True
10.8359 	EXP 	whitesquare: autoDraw = False
10.8366 	DATA 	wsqS
10.8522 	EXP 	whitesquare: autoDraw = True
10.8522 	EXP 	whitesquare: autoDraw = False
10.8528 	DATA 	wsqS
10.8692 	EXP 	whitesquare: autoDraw = True
10.8692 	EXP 	whitesquare: autoDraw = False
10.8699 	DATA 	wsqS
10.8855 	EXP 	whitesquare: autoDraw = True
10.8855 	EXP 	whitesquare: autoDraw = False
10.8863 	DATA 	wsqS
10.9026 	EXP 	whitesquare: autoDraw = True
10.9026 	EXP 	whitesquare: autoDraw = False
10.9033 	DATA 	wsqS
10.9189 	EXP 	whitesquare: autoDraw = True
10.9189 	EXP 	whitesquare: autoDraw = False
10.9197 	DATA 	wsqS
10.9359 	EXP 	whitesquare: autoDraw = True
10.9359 	EXP 	whitesquare: autoDraw = False
10.9367 	DATA 	wsqS
10.9522 	EXP 	whitesquare: autoDraw = True
10.9522 	EXP 	whitesquare: autoDraw = False
10.9530 	DATA 	wsqS
10.9692 	EXP 	whitesquare: autoDraw = True
10.9692 	EXP 	whitesquare: autoDraw = False
10.9699 	DATA 	wsqS
10.9861 	EXP 	whitesquare: autoDraw = True
10.9861 	EXP 	whitesquare: autoDraw = False
10.9866 	DATA 	wsqS
11.0027 	EXP 	whitesquare: autoDraw = True
11.0027 	EXP 	whitesquare: autoDraw = False
11.0035 	DATA 	wsqS
11.0190 	EXP 	whitesquare: autoDraw = True
11.0190 	EXP 	whitesquare: autoDraw = False
11.0198 	DATA 	wsqS
11.0361 	EXP 	whitesquare: autoDraw = True
11.0361 	EXP 	whitesquare: autoDraw = False
11.0369 	DATA 	wsqS
11.0523 	EXP 	whitesquare: autoDraw = True
11.0523 	EXP 	whitesquare: autoDraw = False
11.0530 	DATA 	wsqS
11.0694 	EXP 	whitesquare: autoDraw = True
11.0694 	EXP 	whitesquare: autoDraw = False
11.0702 	DATA 	wsqS
11.0856 	EXP 	whitesquare: autoDraw = True
11.0856 	EXP 	whitesquare: autoDraw = False
11.0863 	DATA 	wsqS
11.1027 	EXP 	whitesquare: autoDraw = True
11.1027 	EXP 	whitesquare: autoDraw = False
11.1035 	DATA 	wsqS
11.1190 	EXP 	whitesquare: autoDraw = True
11.1190 	EXP 	whitesquare: autoDraw = False
11.1196 	DATA 	wsqS
11.1360 	EXP 	whitesquare: autoDraw = True
11.1360 	EXP 	whitesquare: autoDraw = False
11.1368 	DATA 	wsqS
11.1523 	EXP 	whitesquare: autoDraw = True
11.1523 	EXP 	whitesquare: autoDraw = False
11.1531 	DATA 	wsqS
11.1694 	EXP 	whitesquare: autoDraw = True
11.1694 	EXP 	whitesquare: autoDraw = False
11.1701 	DATA 	wsqS
11.1857 	EXP 	whitesquare: autoDraw = True
11.1857 	EXP 	whitesquare: autoDraw = False
11.1865 	DATA 	wsqS
11.2027 	EXP 	whitesquare: autoDraw = True
11.2027 	EXP 	whitesquare: autoDraw = False
11.2035 	DATA 	wsqS
11.2191 	EXP 	whitesquare: autoDraw = True
11.2191 	EXP 	whitesquare: autoDraw = False
11.2199 	DATA 	wsqS
11.2361 	EXP 	whitesquare: autoDraw = True
11.2361 	EXP 	whitesquare: autoDraw = False
11.2369 	DATA 	wsqS
11.2523 	EXP 	whitesquare: autoDraw = True
11.2523 	EXP 	whitesquare: autoDraw = False
11.2531 	DATA 	wsqS
11.2694 	EXP 	whitesquare: autoDraw = True
11.2694 	EXP 	whitesquare: autoDraw = False
11.2701 	DATA 	wsqS
11.2857 	EXP 	whitesquare: autoDraw = True
11.2857 	EXP 	whitesquare: autoDraw = False
11.2864 	DATA 	wsqS
11.3029 	EXP 	whitesquare: autoDraw = True
11.3029 	EXP 	whitesquare: autoDraw = False
11.3036 	DATA 	wsqS
11.3191 	EXP 	whitesquare: autoDraw = True
11.3191 	EXP 	whitesquare: autoDraw = False
11.3199 	DATA 	wsqS
11.3362 	EXP 	whitesquare: autoDraw = True
11.3362 	EXP 	whitesquare: autoDraw = False
11.3372 	DATA 	wsqS
11.3524 	EXP 	whitesquare: autoDraw = True
11.3524 	EXP 	whitesquare: autoDraw = False
11.3531 	DATA 	wsqS
11.3697 	EXP 	whitesquare: autoDraw = True
11.3697 	EXP 	whitesquare: autoDraw = False
11.3702 	DATA 	wsqS
11.3857 	EXP 	whitesquare: autoDraw = True
11.3857 	EXP 	whitesquare: autoDraw = False
11.3865 	DATA 	wsqS
11.4029 	EXP 	whitesquare: autoDraw = True
11.4029 	EXP 	whitesquare: autoDraw = False
11.4038 	DATA 	wsqS
11.4191 	EXP 	whitesquare: autoDraw = True
11.4191 	EXP 	whitesquare: autoDraw = False
11.4198 	DATA 	wsqS
11.4362 	EXP 	whitesquare: autoDraw = True
11.4362 	EXP 	whitesquare: autoDraw = False
11.4370 	DATA 	wsqS
11.4530 	EXP 	whitesquare: autoDraw = True
11.4530 	EXP 	whitesquare: autoDraw = False
11.4537 	DATA 	wsqS
11.4695 	EXP 	whitesquare: autoDraw = True
11.4695 	EXP 	whitesquare: autoDraw = False
11.4702 	DATA 	wsqS
11.4859 	EXP 	whitesquare: autoDraw = True
11.4859 	EXP 	whitesquare: autoDraw = False
11.4865 	DATA 	wsqS
11.5031 	EXP 	whitesquare: autoDraw = True
11.5031 	EXP 	whitesquare: autoDraw = False
11.5038 	DATA 	wsqS
11.5192 	EXP 	whitesquare: autoDraw = True
11.5192 	EXP 	whitesquare: autoDraw = False
11.5200 	DATA 	wsqS
11.5364 	EXP 	whitesquare: autoDraw = True
11.5364 	EXP 	whitesquare: autoDraw = False
11.5372 	DATA 	wsqS
11.5525 	EXP 	whitesquare: autoDraw = True
11.5525 	EXP 	whitesquare: autoDraw = False
11.5533 	DATA 	wsqS
11.5698 	EXP 	whitesquare: autoDraw = True
11.5698 	EXP 	whitesquare: autoDraw = False
11.5703 	DATA 	wsqS
11.5859 	EXP 	whitesquare: autoDraw = True
11.5859 	EXP 	whitesquare: autoDraw = False
11.5866 	DATA 	wsqS
11.6031 	EXP 	whitesquare: autoDraw = True
11.6031 	EXP 	whitesquare: autoDraw = False
11.6041 	DATA 	wsqS
11.6193 	EXP 	whitesquare: autoDraw = True
11.6193 	EXP 	whitesquare: autoDraw = False
11.6200 	DATA 	wsqS
11.6363 	EXP 	whitesquare: autoDraw = True
11.6363 	EXP 	whitesquare: autoDraw = False
11.6372 	DATA 	wsqS
11.6525 	EXP 	whitesquare: autoDraw = True
11.6525 	EXP 	whitesquare: autoDraw = False
11.6534 	DATA 	wsqS
11.6695 	EXP 	whitesquare: autoDraw = True
11.6695 	EXP 	whitesquare: autoDraw = False
11.6702 	DATA 	wsqS
11.6860 	EXP 	whitesquare: autoDraw = True
11.6860 	EXP 	whitesquare: autoDraw = False
11.6867 	DATA 	wsqS
11.7030 	EXP 	whitesquare: autoDraw = True
11.7030 	EXP 	whitesquare: autoDraw = False
11.7039 	DATA 	wsqS
11.7193 	EXP 	whitesquare: autoDraw = True
11.7193 	EXP 	whitesquare: autoDraw = False
11.7201 	DATA 	wsqS
11.7363 	EXP 	whitesquare: autoDraw = True
11.7363 	EXP 	whitesquare: autoDraw = False
11.7370 	DATA 	wsqS
11.7526 	EXP 	whitesquare: autoDraw = True
11.7526 	EXP 	whitesquare: autoDraw = False
11.7533 	DATA 	wsqS
11.7696 	EXP 	whitesquare: autoDraw = True
11.7696 	EXP 	whitesquare: autoDraw = False
11.7704 	DATA 	wsqS
11.7859 	EXP 	whitesquare: autoDraw = True
11.7859 	EXP 	whitesquare: autoDraw = False
11.7866 	DATA 	wsqS
11.8038 	EXP 	whitesquare: autoDraw = True
11.8038 	EXP 	whitesquare: autoDraw = False
11.8044 	DATA 	wsqS
11.8193 	EXP 	whitesquare: autoDraw = True
11.8193 	EXP 	whitesquare: autoDraw = False
11.8201 	DATA 	wsqS
11.8364 	EXP 	whitesquare: autoDraw = True
11.8364 	EXP 	whitesquare: autoDraw = False
11.8371 	DATA 	wsqS
11.8527 	EXP 	whitesquare: autoDraw = True
11.8527 	EXP 	whitesquare: autoDraw = False
11.8534 	DATA 	wsqS
11.8697 	EXP 	whitesquare: autoDraw = True
11.8697 	EXP 	whitesquare: autoDraw = False
11.8704 	DATA 	wsqS
11.8860 	EXP 	whitesquare: autoDraw = True
11.8860 	EXP 	whitesquare: autoDraw = False
11.8867 	DATA 	wsqS
11.9030 	EXP 	whitesquare: autoDraw = True
11.9030 	EXP 	whitesquare: autoDraw = False
11.9038 	DATA 	wsqS
11.9193 	EXP 	whitesquare: autoDraw = True
11.9193 	EXP 	whitesquare: autoDraw = False
11.9200 	DATA 	wsqS
11.9364 	EXP 	whitesquare: autoDraw = True
11.9364 	EXP 	whitesquare: autoDraw = False
11.9372 	DATA 	wsqS
11.9530 	EXP 	whitesquare: autoDraw = True
11.9530 	EXP 	whitesquare: autoDraw = False
11.9537 	DATA 	wsqS
11.9697 	EXP 	whitesquare: autoDraw = True
11.9697 	EXP 	whitesquare: autoDraw = False
11.9704 	DATA 	wsqS
11.9865 	EXP 	whitesquare: autoDraw = True
11.9865 	EXP 	whitesquare: autoDraw = False
11.9872 	DATA 	wsqS
12.0031 	EXP 	whitesquare: autoDraw = True
12.0031 	EXP 	whitesquare: autoDraw = False
12.0038 	DATA 	wsqS
12.0195 	EXP 	whitesquare: autoDraw = True
12.0195 	EXP 	whitesquare: autoDraw = False
12.0203 	DATA 	wsqS
12.0364 	EXP 	whitesquare: autoDraw = True
12.0364 	EXP 	whitesquare: autoDraw = False
12.0371 	DATA 	wsqS
12.0529 	EXP 	whitesquare: autoDraw = True
12.0529 	EXP 	whitesquare: autoDraw = False
12.0538 	DATA 	wsqS
12.0547 	EXP 	Set  sound=./sound/open_speak.wav
12.0698 	EXP 	whitesquare: autoDraw = True
12.0698 	EXP 	whitesquare: autoDraw = False
14.5561 	DATA 	wsqS
14.5710 	EXP 	whitesquare: autoDraw = True
14.5714 	DATA 	wsqS
14.5876 	EXP 	whitesquare: autoDraw = True
14.5876 	EXP 	whitesquare: autoDraw = False
14.5880 	DATA 	wsqS
14.6047 	EXP 	whitesquare: autoDraw = True
14.6047 	EXP 	whitesquare: autoDraw = False
14.6055 	DATA 	wsqS
14.6212 	EXP 	whitesquare: autoDraw = True
14.6212 	EXP 	whitesquare: autoDraw = False
14.6216 	DATA 	wsqS
14.6382 	EXP 	whitesquare: autoDraw = True
14.6382 	EXP 	whitesquare: autoDraw = False
14.6390 	DATA 	wsqS
14.6542 	EXP 	whitesquare: autoDraw = True
14.6542 	EXP 	whitesquare: autoDraw = False
14.6548 	DATA 	wsqS
14.6713 	EXP 	whitesquare: autoDraw = True
14.6713 	EXP 	whitesquare: autoDraw = False
14.6718 	DATA 	wsqS
14.6876 	EXP 	whitesquare: autoDraw = True
14.6876 	EXP 	whitesquare: autoDraw = False
14.6881 	DATA 	wsqS
14.7053 	EXP 	whitesquare: autoDraw = True
14.7053 	EXP 	whitesquare: autoDraw = False
14.7058 	DATA 	wsqS
14.7215 	EXP 	whitesquare: autoDraw = True
14.7215 	EXP 	whitesquare: autoDraw = False
14.7221 	DATA 	wsqS
14.7384 	EXP 	whitesquare: autoDraw = True
14.7384 	EXP 	whitesquare: autoDraw = False
14.7390 	DATA 	wsqS
14.7541 	EXP 	whitesquare: autoDraw = True
14.7541 	EXP 	whitesquare: autoDraw = False
14.7548 	DATA 	wsqS
14.7714 	EXP 	whitesquare: autoDraw = True
14.7714 	EXP 	whitesquare: autoDraw = False
14.7721 	DATA 	wsqS
14.7874 	EXP 	whitesquare: autoDraw = True
14.7874 	EXP 	whitesquare: autoDraw = False
14.7881 	DATA 	wsqS
14.8045 	EXP 	whitesquare: autoDraw = True
14.8045 	EXP 	whitesquare: autoDraw = False
14.8052 	DATA 	wsqS
14.8207 	EXP 	whitesquare: autoDraw = True
14.8207 	EXP 	whitesquare: autoDraw = False
14.8214 	DATA 	wsqS
14.8382 	EXP 	whitesquare: autoDraw = True
14.8382 	EXP 	whitesquare: autoDraw = False
14.8389 	DATA 	wsqS
14.8541 	EXP 	whitesquare: autoDraw = True
14.8541 	EXP 	whitesquare: autoDraw = False
14.8548 	DATA 	wsqS
14.8711 	EXP 	whitesquare: autoDraw = True
14.8711 	EXP 	whitesquare: autoDraw = False
14.8719 	DATA 	wsqS
14.8875 	EXP 	whitesquare: autoDraw = True
14.8875 	EXP 	whitesquare: autoDraw = False
14.8881 	DATA 	wsqS
14.9044 	EXP 	whitesquare: autoDraw = True
14.9044 	EXP 	whitesquare: autoDraw = False
14.9051 	DATA 	wsqS
14.9207 	EXP 	whitesquare: autoDraw = True
14.9207 	EXP 	whitesquare: autoDraw = False
14.9215 	DATA 	wsqS
14.9380 	EXP 	whitesquare: autoDraw = True
14.9380 	EXP 	whitesquare: autoDraw = False
14.9389 	DATA 	wsqS
14.9541 	EXP 	whitesquare: autoDraw = True
14.9541 	EXP 	whitesquare: autoDraw = False
14.9548 	DATA 	wsqS
14.9712 	EXP 	whitesquare: autoDraw = True
14.9712 	EXP 	whitesquare: autoDraw = False
14.9719 	DATA 	wsqS
14.9875 	EXP 	whitesquare: autoDraw = True
14.9875 	EXP 	whitesquare: autoDraw = False
14.9886 	DATA 	wsqS
15.0046 	EXP 	whitesquare: autoDraw = True
15.0046 	EXP 	whitesquare: autoDraw = False
15.0053 	DATA 	wsqS
15.0209 	EXP 	whitesquare: autoDraw = True
15.0209 	EXP 	whitesquare: autoDraw = False
15.0216 	DATA 	wsqS
15.0380 	EXP 	whitesquare: autoDraw = True
15.0380 	EXP 	whitesquare: autoDraw = False
15.0388 	DATA 	wsqS
15.0542 	EXP 	whitesquare: autoDraw = True
15.0542 	EXP 	whitesquare: autoDraw = False
15.0549 	DATA 	wsqS
15.0712 	EXP 	whitesquare: autoDraw = True
15.0712 	EXP 	whitesquare: autoDraw = False
15.0720 	DATA 	wsqS
15.0876 	EXP 	whitesquare: autoDraw = True
15.0876 	EXP 	whitesquare: autoDraw = False
15.0884 	DATA 	wsqS
15.1046 	EXP 	whitesquare: autoDraw = True
15.1046 	EXP 	whitesquare: autoDraw = False
15.1054 	DATA 	wsqS
15.1211 	EXP 	whitesquare: autoDraw = True
15.1211 	EXP 	whitesquare: autoDraw = False
15.1218 	DATA 	wsqS
15.1381 	EXP 	whitesquare: autoDraw = True
15.1381 	EXP 	whitesquare: autoDraw = False
15.1388 	DATA 	wsqS
15.1543 	EXP 	whitesquare: autoDraw = True
15.1543 	EXP 	whitesquare: autoDraw = False
15.1550 	DATA 	wsqS
15.1713 	EXP 	whitesquare: autoDraw = True
15.1713 	EXP 	whitesquare: autoDraw = False
15.1720 	DATA 	wsqS
15.1876 	EXP 	whitesquare: autoDraw = True
15.1876 	EXP 	whitesquare: autoDraw = False
15.1883 	DATA 	wsqS
15.2046 	EXP 	whitesquare: autoDraw = True
15.2046 	EXP 	whitesquare: autoDraw = False
15.2053 	DATA 	wsqS
15.2210 	EXP 	whitesquare: autoDraw = True
15.2210 	EXP 	whitesquare: autoDraw = False
15.2217 	DATA 	wsqS
15.2382 	EXP 	whitesquare: autoDraw = True
15.2382 	EXP 	whitesquare: autoDraw = False
15.2389 	DATA 	wsqS
15.2543 	EXP 	whitesquare: autoDraw = True
15.2543 	EXP 	whitesquare: autoDraw = False
15.2548 	DATA 	wsqS
15.2714 	EXP 	whitesquare: autoDraw = True
15.2714 	EXP 	whitesquare: autoDraw = False
15.2720 	DATA 	wsqS
15.2877 	EXP 	whitesquare: autoDraw = True
15.2877 	EXP 	whitesquare: autoDraw = False
15.2884 	DATA 	wsqS
15.3046 	EXP 	whitesquare: autoDraw = True
15.3046 	EXP 	whitesquare: autoDraw = False
15.3055 	DATA 	wsqS
15.3209 	EXP 	whitesquare: autoDraw = True
15.3209 	EXP 	whitesquare: autoDraw = False
15.3217 	DATA 	wsqS
15.3381 	EXP 	whitesquare: autoDraw = True
15.3381 	EXP 	whitesquare: autoDraw = False
15.3388 	DATA 	wsqS
15.3544 	EXP 	whitesquare: autoDraw = True
15.3544 	EXP 	whitesquare: autoDraw = False
15.3550 	DATA 	wsqS
15.3716 	EXP 	whitesquare: autoDraw = True
15.3716 	EXP 	whitesquare: autoDraw = False
15.3722 	DATA 	wsqS
15.3877 	EXP 	whitesquare: autoDraw = True
15.3877 	EXP 	whitesquare: autoDraw = False
15.3884 	DATA 	wsqS
15.4048 	EXP 	whitesquare: autoDraw = True
15.4048 	EXP 	whitesquare: autoDraw = False
15.4054 	DATA 	wsqS
15.4211 	EXP 	whitesquare: autoDraw = True
15.4211 	EXP 	whitesquare: autoDraw = False
15.4219 	DATA 	wsqS
15.4382 	EXP 	whitesquare: autoDraw = True
15.4382 	EXP 	whitesquare: autoDraw = False
15.4390 	DATA 	wsqS
15.4543 	EXP 	whitesquare: autoDraw = True
15.4543 	EXP 	whitesquare: autoDraw = False
15.4551 	DATA 	wsqS
15.4714 	EXP 	whitesquare: autoDraw = True
15.4714 	EXP 	whitesquare: autoDraw = False
15.4721 	DATA 	wsqS
15.4878 	EXP 	whitesquare: autoDraw = True
15.4878 	EXP 	whitesquare: autoDraw = False
15.4885 	DATA 	wsqS
15.5049 	EXP 	whitesquare: autoDraw = True
15.5049 	EXP 	whitesquare: autoDraw = False
15.5056 	DATA 	wsqS
15.5211 	EXP 	whitesquare: autoDraw = True
15.5211 	EXP 	whitesquare: autoDraw = False
15.5218 	DATA 	wsqS
15.5383 	EXP 	whitesquare: autoDraw = True
15.5383 	EXP 	whitesquare: autoDraw = False
15.5390 	DATA 	wsqS
15.5544 	EXP 	whitesquare: autoDraw = True
15.5544 	EXP 	whitesquare: autoDraw = False
15.5551 	DATA 	wsqS
15.5714 	EXP 	whitesquare: autoDraw = True
15.5714 	EXP 	whitesquare: autoDraw = False
15.5725 	DATA 	wsqS
15.5878 	EXP 	whitesquare: autoDraw = True
15.5878 	EXP 	whitesquare: autoDraw = False
15.5885 	DATA 	wsqS
15.6048 	EXP 	whitesquare: autoDraw = True
15.6048 	EXP 	whitesquare: autoDraw = False
15.6055 	DATA 	wsqS
15.6212 	EXP 	whitesquare: autoDraw = True
15.6212 	EXP 	whitesquare: autoDraw = False
15.6219 	DATA 	wsqS
15.6383 	EXP 	whitesquare: autoDraw = True
15.6383 	EXP 	whitesquare: autoDraw = False
15.6391 	DATA 	wsqS
15.6546 	EXP 	whitesquare: autoDraw = True
15.6546 	EXP 	whitesquare: autoDraw = False
15.6553 	DATA 	wsqS
15.6715 	EXP 	whitesquare: autoDraw = True
15.6715 	EXP 	whitesquare: autoDraw = False
15.6723 	DATA 	wsqS
15.6878 	EXP 	whitesquare: autoDraw = True
15.6878 	EXP 	whitesquare: autoDraw = False
15.6885 	DATA 	wsqS
15.7054 	EXP 	whitesquare: autoDraw = True
15.7054 	EXP 	whitesquare: autoDraw = False
15.7061 	DATA 	wsqS
15.7211 	EXP 	whitesquare: autoDraw = True
15.7211 	EXP 	whitesquare: autoDraw = False
15.7218 	DATA 	wsqS
15.7385 	EXP 	whitesquare: autoDraw = True
15.7385 	EXP 	whitesquare: autoDraw = False
15.7393 	DATA 	wsqS
15.7545 	EXP 	whitesquare: autoDraw = True
15.7545 	EXP 	whitesquare: autoDraw = False
15.7553 	DATA 	wsqS
15.7716 	EXP 	whitesquare: autoDraw = True
15.7716 	EXP 	whitesquare: autoDraw = False
15.7723 	DATA 	wsqS
15.7879 	EXP 	whitesquare: autoDraw = True
15.7879 	EXP 	whitesquare: autoDraw = False
15.7885 	DATA 	wsqS
15.8053 	EXP 	whitesquare: autoDraw = True
15.8053 	EXP 	whitesquare: autoDraw = False
15.8061 	DATA 	wsqS
15.8212 	EXP 	whitesquare: autoDraw = True
15.8212 	EXP 	whitesquare: autoDraw = False
15.8222 	DATA 	wsqS
15.8384 	EXP 	whitesquare: autoDraw = True
15.8384 	EXP 	whitesquare: autoDraw = False
15.8393 	DATA 	wsqS
15.8546 	EXP 	whitesquare: autoDraw = True
15.8546 	EXP 	whitesquare: autoDraw = False
15.8554 	DATA 	wsqS
15.8716 	EXP 	whitesquare: autoDraw = True
15.8716 	EXP 	whitesquare: autoDraw = False
15.8724 	DATA 	wsqS
15.8880 	EXP 	whitesquare: autoDraw = True
15.8880 	EXP 	whitesquare: autoDraw = False
15.8887 	DATA 	wsqS
15.9052 	EXP 	whitesquare: autoDraw = True
15.9052 	EXP 	whitesquare: autoDraw = False
15.9060 	DATA 	wsqS
15.9213 	EXP 	whitesquare: autoDraw = True
15.9213 	EXP 	whitesquare: autoDraw = False
15.9220 	DATA 	wsqS
15.9385 	EXP 	whitesquare: autoDraw = True
15.9385 	EXP 	whitesquare: autoDraw = False
15.9392 	DATA 	wsqS
15.9546 	EXP 	whitesquare: autoDraw = True
15.9546 	EXP 	whitesquare: autoDraw = False
15.9555 	DATA 	wsqS
15.9716 	EXP 	whitesquare: autoDraw = True
15.9716 	EXP 	whitesquare: autoDraw = False
15.9723 	DATA 	wsqS
15.9881 	EXP 	whitesquare: autoDraw = True
15.9881 	EXP 	whitesquare: autoDraw = False
15.9889 	DATA 	wsqS
16.0051 	EXP 	whitesquare: autoDraw = True
16.0051 	EXP 	whitesquare: autoDraw = False
16.0058 	DATA 	wsqS
16.0215 	EXP 	whitesquare: autoDraw = True
16.0215 	EXP 	whitesquare: autoDraw = False
16.0222 	DATA 	wsqS
16.0391 	EXP 	whitesquare: autoDraw = True
16.0391 	EXP 	whitesquare: autoDraw = False
16.0397 	DATA 	wsqS
16.0547 	EXP 	whitesquare: autoDraw = True
16.0547 	EXP 	whitesquare: autoDraw = False
16.0555 	DATA 	wsqS
16.0718 	EXP 	whitesquare: autoDraw = True
16.0718 	EXP 	whitesquare: autoDraw = False
16.0725 	DATA 	wsqS
16.0880 	EXP 	whitesquare: autoDraw = True
16.0880 	EXP 	whitesquare: autoDraw = False
16.0887 	DATA 	wsqS
16.1050 	EXP 	whitesquare: autoDraw = True
16.1050 	EXP 	whitesquare: autoDraw = False
16.1059 	DATA 	wsqS
16.1215 	EXP 	whitesquare: autoDraw = True
16.1215 	EXP 	whitesquare: autoDraw = False
16.1222 	DATA 	wsqS
16.1385 	EXP 	whitesquare: autoDraw = True
16.1385 	EXP 	whitesquare: autoDraw = False
16.1392 	DATA 	wsqS
16.1549 	EXP 	whitesquare: autoDraw = True
16.1549 	EXP 	whitesquare: autoDraw = False
16.1557 	DATA 	wsqS
16.1718 	EXP 	whitesquare: autoDraw = True
16.1718 	EXP 	whitesquare: autoDraw = False
16.1725 	DATA 	wsqS
16.1884 	EXP 	whitesquare: autoDraw = True
16.1884 	EXP 	whitesquare: autoDraw = False
16.1891 	DATA 	wsqS
16.2051 	EXP 	whitesquare: autoDraw = True
16.2051 	EXP 	whitesquare: autoDraw = False
16.2058 	DATA 	wsqS
16.2214 	EXP 	whitesquare: autoDraw = True
16.2214 	EXP 	whitesquare: autoDraw = False
16.2223 	DATA 	wsqS
16.2388 	EXP 	whitesquare: autoDraw = True
16.2388 	EXP 	whitesquare: autoDraw = False
16.2395 	DATA 	wsqS
16.2547 	EXP 	whitesquare: autoDraw = True
16.2547 	EXP 	whitesquare: autoDraw = False
16.2556 	DATA 	wsqS
16.2718 	EXP 	whitesquare: autoDraw = True
16.2718 	EXP 	whitesquare: autoDraw = False
16.2726 	DATA 	wsqS
16.2883 	EXP 	whitesquare: autoDraw = True
16.2883 	EXP 	whitesquare: autoDraw = False
16.2890 	DATA 	wsqS
16.3052 	EXP 	whitesquare: autoDraw = True
16.3052 	EXP 	whitesquare: autoDraw = False
16.3059 	DATA 	wsqS
16.3215 	EXP 	whitesquare: autoDraw = True
16.3215 	EXP 	whitesquare: autoDraw = False
16.3222 	DATA 	wsqS
16.3387 	EXP 	whitesquare: autoDraw = True
16.3387 	EXP 	whitesquare: autoDraw = False
16.3394 	DATA 	wsqS
16.3549 	EXP 	whitesquare: autoDraw = True
16.3549 	EXP 	whitesquare: autoDraw = False
16.3557 	DATA 	wsqS
16.3718 	EXP 	whitesquare: autoDraw = True
16.3718 	EXP 	whitesquare: autoDraw = False
16.3727 	DATA 	wsqS
16.3882 	EXP 	whitesquare: autoDraw = True
16.3882 	EXP 	whitesquare: autoDraw = False
16.3889 	DATA 	wsqS
16.4055 	EXP 	whitesquare: autoDraw = True
16.4055 	EXP 	whitesquare: autoDraw = False
16.4063 	DATA 	wsqS
16.4216 	EXP 	whitesquare: autoDraw = True
16.4216 	EXP 	whitesquare: autoDraw = False
16.4224 	DATA 	wsqS
16.4389 	EXP 	whitesquare: autoDraw = True
16.4389 	EXP 	whitesquare: autoDraw = False
16.4396 	DATA 	wsqS
16.4550 	EXP 	whitesquare: autoDraw = True
16.4550 	EXP 	whitesquare: autoDraw = False
16.4557 	DATA 	wsqS
16.4719 	EXP 	whitesquare: autoDraw = True
16.4719 	EXP 	whitesquare: autoDraw = False
16.4726 	DATA 	wsqS
16.4882 	EXP 	whitesquare: autoDraw = True
16.4882 	EXP 	whitesquare: autoDraw = False
16.4890 	DATA 	wsqS
16.5052 	EXP 	whitesquare: autoDraw = True
16.5052 	EXP 	whitesquare: autoDraw = False
16.5060 	DATA 	wsqS
16.5216 	EXP 	whitesquare: autoDraw = True
16.5216 	EXP 	whitesquare: autoDraw = False
16.5224 	DATA 	wsqS
16.5392 	EXP 	whitesquare: autoDraw = True
16.5392 	EXP 	whitesquare: autoDraw = False
16.5399 	DATA 	wsqS
16.5549 	EXP 	whitesquare: autoDraw = True
16.5549 	EXP 	whitesquare: autoDraw = False
16.5556 	DATA 	wsqS
16.5556 	EXP 	Sound  started
17.5566 	EXP 	Sound  stopped
17.5570 	EXP 	Set  sound=./sound/left_speak.wav
17.5572 	EXP 	Set  sound=./sound/right_speak.wav
17.5573 	EXP 	Set  sound=./sound/up_speak.wav
17.5574 	EXP 	Set  sound=./sound/down_speak.wav
17.5728 	EXP 	whitesquare: autoDraw = True
17.5728 	EXP 	whitesquare: autoDraw = False
20.0762 	EXP 	Sound  started
23.0775 	EXP 	Sound  stopped
23.0775 	EXP 	Sound  started
26.0788 	EXP 	Sound  stopped
26.0788 	EXP 	Sound  started
29.0800 	EXP 	Sound  stopped
29.0800 	EXP 	Sound  started
32.0808 	EXP 	Sound  stopped
32.0808 	EXP 	Sound  started
34.8847 	DATA 	Keypress: escape
35.0812 	EXP 	Sound  stopped
35.0812 	EXP 	Sound  started
37.8858 	DATA 	Keypress: escape
38.0825 	EXP 	Sound  stopped
38.0826 	EXP 	Sound  started
41.0831 	EXP 	Sound  stopped
41.0831 	EXP 	Sound  started
44.0835 	EXP 	Sound  stopped
44.3662 	EXP 	window1: mouseVisible = True
