4.6676 	WARNING 	User requested fullscreen with size [1024  768], but screen is actually [1280, 800]. Using actual size
5.3743 	EXP 	Created window1 = Window(allowGUI=False, allowStencil=False, args=UNKNOWN, autoLog=True, bitsMode=UNKNOWN, blendMode='avg', color=array([-1., -1., -1.]), colorSpace='rgb', fullscr=UNKNOWN, gamma=None, kwargs=UNKNOWN, lms=UNKNOWN, monitor=<psychopy.monitors.calibTools.Monitor object at 0x112ac24a8>, multiSample=False, name='window1', numSamples=2, pos=[0.0, 0.0], screen=0, size=array([2560, 1600]), stereo=False, units='norm', useFBO=True, useRetina=True, viewOri=0.0, viewPos=None, viewScale=None, waitBlanking=True, winType='pyglet')
5.3744 	EXP 	window1: recordFrameIntervals = False
5.5399 	EXP 	window1: recordFrameIntervals = True
5.7233 	EXP 	window1: recordFrameIntervals = False
5.7323 	EXP 	<method-wrapper '__getattribute__' of attributeSetter object at 0x10aa47e48>: vertices = array([[-0.25,  0.25],
       [ 0.25,  0.25],
       [ 0.25, -0.25],
       [-0.25, -0.25]])
5.7339 	EXP 	Created whitesquare = Rect(__class__=<class 'psychopy.visual.rect.Rect'>, autoDraw=False, autoLog=True, closeShape=True, contrast=1.0, depth=0.0, fillColor=array([1., 1., 1.]), fillColorSpace='rgb', fillRGB=array([1., 1., 1.]), interpolate=True, lineColor=array([1., 1., 1.]), lineColorSpace='rgb', lineRGB=array([1., 1., 1.]), lineWidth=1, name='whitesquare', opacity=0.9, ori=array(0.), pos=array([14.9, 11.2]), size=array([1., 1.]), units='cm', vertices=ndarray(...), win=Window(...))
5.8412 	EXP 	Created intro_text = TextStim(__class__=<class 'psychopy.visual.text.TextStim'>, alignHoriz='center', alignVert='center', antialias=True, autoLog=True, bold=False, color='white', colorSpace='named', contrast=1.0, depth=0.0, flipHoriz=False, flipVert=False, font='Arial', fontFiles=[], height=0.1, italic=False, name='intro_text', opacity=1.0, ori=0, pos=array([0., 0.]), rgb=array([255., 255., 255.]), text=str(...), units='norm', win=Window(...), wrapWidth=1)
5.8620 	EXP 	Created intro_text = TextStim(__class__=<class 'psychopy.visual.text.TextStim'>, alignHoriz='center', alignVert='center', antialias=True, autoLog=True, bold=False, color='white', colorSpace='named', contrast=1.0, depth=0.0, flipHoriz=False, flipVert=False, font='Arial', fontFiles=[], height=0.1, italic=False, name='intro_text', opacity=1.0, ori=0, pos=array([0., 0.]), rgb=array([255., 255., 255.]), text=str(...), units='norm', win=Window(...), wrapWidth=1)
5.8764 	EXP 	Created open_text = TextStim(__class__=<class 'psychopy.visual.text.TextStim'>, alignHoriz='center', alignVert='center', antialias=True, autoLog=True, bold=False, color='white', colorSpace='named', contrast=1.0, depth=0.0, flipHoriz=False, flipVert=False, font='Arial', fontFiles=[], height=0.1, italic=False, name='open_text', opacity=1.0, ori=0, pos=array([0., 0.]), rgb=array([255., 255., 255.]), text=str(...), units='norm', win=Window(...), wrapWidth=1)
5.8805 	EXP 	Created fixation = TextStim(__class__=<class 'psychopy.visual.text.TextStim'>, alignHoriz='center', alignVert='center', antialias=True, autoLog=True, bold=False, color='white', colorSpace='named', contrast=1.0, depth=-1.0, flipHoriz=False, flipVert=False, font='Arial', fontFiles=[], height=0.1, italic=False, name='fixation', opacity=1.0, ori=0, pos=array([0., 0.]), rgb=array([255., 255., 255.]), text='+\n', units='norm', win=Window(...), wrapWidth=1)
5.8919 	EXP 	Created close_text = TextStim(__class__=<class 'psychopy.visual.text.TextStim'>, alignHoriz='center', alignVert='center', antialias=True, autoLog=True, bold=False, color='white', colorSpace='named', contrast=1.0, depth=0.0, flipHoriz=False, flipVert=False, font='Arial', fontFiles=[], height=0.1, italic=False, name='close_text', opacity=1.0, ori=0, pos=array([0., 0.]), rgb=array([255., 255., 255.]), text=str(...), units='norm', win=Window(...), wrapWidth=1)
5.8948 	EXP 	Created blank = TextStim(__class__=<class 'psychopy.visual.text.TextStim'>, alignHoriz='center', alignVert='center', antialias=True, autoLog=True, bold=False, color='white', colorSpace='named', contrast=1.0, depth=-1.0, flipHoriz=False, flipVert=False, font='Arial', fontFiles=[], height=0.1, italic=False, name='blank', opacity=1.0, ori=0, pos=array([0., 0.]), rgb=array([255., 255., 255.]), text=' ', units='norm', win=Window(...), wrapWidth=1)
5.9491 	EXP 	Set  sound=./sound/open_speak.wav
5.9491 	EXP 	Set Sound  volume=1.000
5.9643 	EXP 	Created gaze_text = TextStim(__class__=<class 'psychopy.visual.text.TextStim'>, alignHoriz='center', alignVert='center', antialias=True, autoLog=True, bold=False, color='white', colorSpace='named', contrast=1.0, depth=0.0, flipHoriz=False, flipVert=False, font='Arial', fontFiles=[], height=0.1, italic=False, name='gaze_text', opacity=1.0, ori=0, pos=array([0., 0.]), rgb=array([255., 255., 255.]), text=str(...), units='norm', win=Window(...), wrapWidth=1)
5.9668 	EXP 	Created left = TextStim(__class__=<class 'psychopy.visual.text.TextStim'>, alignHoriz='center', alignVert='center', antialias=True, autoLog=True, bold=False, color='white', colorSpace='named', contrast=1.0, depth=-1.0, flipHoriz=False, flipVert=False, font='Arial', fontFiles=[], height=0.1, italic=False, name='left', opacity=1.0, ori=0, pos=array([-0.9,  0. ]), rgb=array([255., 255., 255.]), text='+', units='norm', win=Window(...), wrapWidth=1)
5.9694 	EXP 	Created right = TextStim(__class__=<class 'psychopy.visual.text.TextStim'>, alignHoriz='center', alignVert='center', antialias=True, autoLog=True, bold=False, color='white', colorSpace='named', contrast=1.0, depth=-2.0, flipHoriz=False, flipVert=False, font='Arial', fontFiles=[], height=0.1, italic=False, name='right', opacity=1.0, ori=0, pos=array([0.9, 0. ]), rgb=array([255., 255., 255.]), text='+\n', units='norm', win=Window(...), wrapWidth=1)
5.9719 	EXP 	Created up = TextStim(__class__=<class 'psychopy.visual.text.TextStim'>, alignHoriz='center', alignVert='center', antialias=True, autoLog=True, bold=False, color='white', colorSpace='named', contrast=1.0, depth=-3.0, flipHoriz=False, flipVert=False, font='Arial', fontFiles=[], height=0.1, italic=False, name='up', opacity=1.0, ori=0, pos=array([0. , 0.9]), rgb=array([255., 255., 255.]), text='+', units='norm', win=Window(...), wrapWidth=1)
5.9743 	EXP 	Created down = TextStim(__class__=<class 'psychopy.visual.text.TextStim'>, alignHoriz='center', alignVert='center', antialias=True, autoLog=True, bold=False, color='white', colorSpace='named', contrast=1.0, depth=-4.0, flipHoriz=False, flipVert=False, font='Arial', fontFiles=[], height=0.1, italic=False, name='down', opacity=1.0, ori=0, pos=array([ 0. , -0.9]), rgb=array([255., 255., 255.]), text='+', units='norm', win=Window(...), wrapWidth=1)
5.9842 	EXP 	Created esc = TextStim(__class__=<class 'psychopy.visual.text.TextStim'>, alignHoriz='center', alignVert='center', antialias=True, autoLog=True, bold=False, color='white', colorSpace='named', contrast=1.0, depth=0.0, flipHoriz=False, flipVert=False, font='Arial', fontFiles=[], height=0.1, italic=False, name='esc', opacity=1.0, ori=0, pos=array([0., 0.]), rgb=array([255., 255., 255.]), text="End of test\n\nPress 'esc'", units='norm', win=Window(...), wrapWidth=1)
6.0079 	EXP 	intro_text: autoDraw = True
6.0079 	EXP 	whitesquare: autoDraw = True
6.5779 	DATA 	Keypress: space
6.5900 	EXP 	intro_text: autoDraw = False
6.5900 	EXP 	whitesquare: autoDraw = False
6.5900 	EXP 	intro_text: autoDraw = True
7.0600 	DATA 	Keypress: space
7.0740 	EXP 	intro_text: autoDraw = False
7.0740 	EXP 	open_text: autoDraw = True
11.0590 	DATA 	wsqS
11.0758 	EXP 	open_text: autoDraw = False
11.0758 	EXP 	fixation: autoDraw = True
11.0758 	EXP 	whitesquare: autoDraw = True
11.0921 	EXP 	whitesquare: autoDraw = False
11.1092 	EXP 	whitesquare: autoDraw = False
11.1255 	EXP 	whitesquare: autoDraw = False
11.1425 	EXP 	whitesquare: autoDraw = False
11.1589 	EXP 	whitesquare: autoDraw = False
11.1759 	EXP 	whitesquare: autoDraw = False
11.1922 	EXP 	whitesquare: autoDraw = False
11.2092 	EXP 	whitesquare: autoDraw = False
11.2255 	EXP 	whitesquare: autoDraw = False
11.2426 	EXP 	whitesquare: autoDraw = False
11.2589 	EXP 	whitesquare: autoDraw = False
11.2760 	EXP 	whitesquare: autoDraw = False
11.2923 	EXP 	whitesquare: autoDraw = False
11.3095 	EXP 	whitesquare: autoDraw = False
11.3256 	EXP 	whitesquare: autoDraw = False
11.3426 	EXP 	whitesquare: autoDraw = False
11.3591 	EXP 	whitesquare: autoDraw = False
11.3760 	EXP 	whitesquare: autoDraw = False
11.3925 	EXP 	whitesquare: autoDraw = False
11.4094 	EXP 	whitesquare: autoDraw = False
11.4257 	EXP 	whitesquare: autoDraw = False
11.4427 	EXP 	whitesquare: autoDraw = False
11.4590 	EXP 	whitesquare: autoDraw = False
11.4760 	EXP 	whitesquare: autoDraw = False
11.4924 	EXP 	whitesquare: autoDraw = False
11.5094 	EXP 	whitesquare: autoDraw = False
11.5257 	EXP 	whitesquare: autoDraw = False
11.5429 	EXP 	whitesquare: autoDraw = False
11.5590 	EXP 	whitesquare: autoDraw = False
11.5761 	EXP 	whitesquare: autoDraw = False
11.5924 	EXP 	whitesquare: autoDraw = False
11.6095 	EXP 	whitesquare: autoDraw = False
11.6260 	EXP 	whitesquare: autoDraw = False
11.6428 	EXP 	whitesquare: autoDraw = False
11.6592 	EXP 	whitesquare: autoDraw = False
11.6761 	EXP 	whitesquare: autoDraw = False
11.6925 	EXP 	whitesquare: autoDraw = False
11.7095 	EXP 	whitesquare: autoDraw = False
11.7258 	EXP 	whitesquare: autoDraw = False
11.7428 	EXP 	whitesquare: autoDraw = False
11.7591 	EXP 	whitesquare: autoDraw = False
11.7762 	EXP 	whitesquare: autoDraw = False
11.7925 	EXP 	whitesquare: autoDraw = False
11.8096 	EXP 	whitesquare: autoDraw = False
11.8258 	EXP 	whitesquare: autoDraw = False
11.8429 	EXP 	whitesquare: autoDraw = False
11.8593 	EXP 	whitesquare: autoDraw = False
11.8762 	EXP 	whitesquare: autoDraw = False
11.8926 	EXP 	whitesquare: autoDraw = False
11.9096 	EXP 	whitesquare: autoDraw = False
11.9260 	EXP 	whitesquare: autoDraw = False
11.9429 	EXP 	whitesquare: autoDraw = False
11.9593 	EXP 	whitesquare: autoDraw = False
11.9763 	EXP 	whitesquare: autoDraw = False
11.9926 	EXP 	whitesquare: autoDraw = False
12.0096 	EXP 	whitesquare: autoDraw = False
12.0259 	EXP 	whitesquare: autoDraw = False
12.0434 	EXP 	whitesquare: autoDraw = False
12.0594 	EXP 	whitesquare: autoDraw = False
12.0764 	EXP 	whitesquare: autoDraw = False
12.0928 	EXP 	whitesquare: autoDraw = False
12.1097 	EXP 	whitesquare: autoDraw = False
12.1260 	EXP 	whitesquare: autoDraw = False
12.1430 	EXP 	whitesquare: autoDraw = False
12.1597 	EXP 	whitesquare: autoDraw = False
12.1763 	EXP 	whitesquare: autoDraw = False
12.1930 	EXP 	whitesquare: autoDraw = False
12.2098 	EXP 	whitesquare: autoDraw = False
12.2261 	EXP 	whitesquare: autoDraw = False
12.2430 	EXP 	whitesquare: autoDraw = False
12.2595 	EXP 	whitesquare: autoDraw = False
12.2764 	EXP 	whitesquare: autoDraw = False
12.2927 	EXP 	whitesquare: autoDraw = False
12.3098 	EXP 	whitesquare: autoDraw = False
12.3261 	EXP 	whitesquare: autoDraw = False
12.3431 	EXP 	whitesquare: autoDraw = False
12.3594 	EXP 	whitesquare: autoDraw = False
12.3764 	EXP 	whitesquare: autoDraw = False
12.3928 	EXP 	whitesquare: autoDraw = False
12.4098 	EXP 	whitesquare: autoDraw = False
12.4262 	EXP 	whitesquare: autoDraw = False
12.4433 	EXP 	whitesquare: autoDraw = False
12.4598 	EXP 	whitesquare: autoDraw = False
12.4765 	EXP 	whitesquare: autoDraw = False
12.4928 	EXP 	whitesquare: autoDraw = False
12.5099 	EXP 	whitesquare: autoDraw = False
12.5262 	EXP 	whitesquare: autoDraw = False
12.5432 	EXP 	whitesquare: autoDraw = False
12.5595 	EXP 	whitesquare: autoDraw = False
12.5767 	EXP 	whitesquare: autoDraw = False
12.5929 	EXP 	whitesquare: autoDraw = False
12.6102 	EXP 	whitesquare: autoDraw = False
12.6262 	EXP 	whitesquare: autoDraw = False
12.6433 	EXP 	whitesquare: autoDraw = False
12.6596 	EXP 	whitesquare: autoDraw = False
12.6766 	EXP 	whitesquare: autoDraw = False
12.6929 	EXP 	whitesquare: autoDraw = False
12.7099 	EXP 	whitesquare: autoDraw = False
12.7264 	EXP 	whitesquare: autoDraw = False
12.7433 	EXP 	whitesquare: autoDraw = False
12.7596 	EXP 	whitesquare: autoDraw = False
12.7767 	EXP 	whitesquare: autoDraw = False
12.7930 	EXP 	whitesquare: autoDraw = False
12.8101 	EXP 	whitesquare: autoDraw = False
12.8263 	EXP 	whitesquare: autoDraw = False
12.8434 	EXP 	whitesquare: autoDraw = False
12.8603 	EXP 	whitesquare: autoDraw = False
12.8774 	EXP 	whitesquare: autoDraw = False
12.8934 	EXP 	whitesquare: autoDraw = False
12.9102 	EXP 	whitesquare: autoDraw = False
12.9265 	EXP 	whitesquare: autoDraw = False
12.9437 	EXP 	whitesquare: autoDraw = False
12.9602 	EXP 	whitesquare: autoDraw = False
12.9770 	EXP 	whitesquare: autoDraw = False
12.9934 	EXP 	whitesquare: autoDraw = False
13.0103 	EXP 	whitesquare: autoDraw = False
13.0266 	EXP 	whitesquare: autoDraw = False
13.0437 	EXP 	whitesquare: autoDraw = False
13.0599 	EXP 	whitesquare: autoDraw = False
13.0775 	EXP 	whitesquare: autoDraw = False
13.0942 	EXP 	whitesquare: autoDraw = False
13.1106 	EXP 	whitesquare: autoDraw = False
13.1266 	EXP 	whitesquare: autoDraw = False
13.1438 	EXP 	whitesquare: autoDraw = False
13.1600 	EXP 	whitesquare: autoDraw = False
13.1771 	EXP 	whitesquare: autoDraw = False
13.1934 	EXP 	whitesquare: autoDraw = False
13.2105 	EXP 	whitesquare: autoDraw = False
13.2272 	EXP 	whitesquare: autoDraw = False
13.2443 	EXP 	whitesquare: autoDraw = False
13.2606 	EXP 	whitesquare: autoDraw = False
13.2774 	EXP 	whitesquare: autoDraw = False
13.2934 	EXP 	whitesquare: autoDraw = False
13.3105 	EXP 	whitesquare: autoDraw = False
13.3268 	EXP 	whitesquare: autoDraw = False
13.3444 	EXP 	whitesquare: autoDraw = False
13.3602 	EXP 	whitesquare: autoDraw = False
13.3774 	EXP 	whitesquare: autoDraw = False
13.3938 	EXP 	whitesquare: autoDraw = False
13.4105 	EXP 	whitesquare: autoDraw = False
13.4269 	EXP 	whitesquare: autoDraw = False
13.4440 	EXP 	whitesquare: autoDraw = False
13.4602 	EXP 	whitesquare: autoDraw = False
13.4778 	EXP 	whitesquare: autoDraw = False
13.4945 	EXP 	whitesquare: autoDraw = False
13.5106 	EXP 	whitesquare: autoDraw = False
13.5267 	EXP 	whitesquare: autoDraw = False
13.5437 	EXP 	whitesquare: autoDraw = False
13.5600 	EXP 	whitesquare: autoDraw = False
13.5770 	EXP 	whitesquare: autoDraw = False
13.5933 	EXP 	whitesquare: autoDraw = False
13.6104 	EXP 	whitesquare: autoDraw = False
13.6267 	EXP 	whitesquare: autoDraw = False
13.6438 	EXP 	whitesquare: autoDraw = False
13.6600 	EXP 	whitesquare: autoDraw = False
13.6771 	EXP 	whitesquare: autoDraw = False
13.6937 	EXP 	whitesquare: autoDraw = False
13.7107 	EXP 	whitesquare: autoDraw = False
13.7286 	EXP 	whitesquare: autoDraw = False
13.7441 	EXP 	whitesquare: autoDraw = False
13.7605 	EXP 	whitesquare: autoDraw = False
13.7780 	EXP 	whitesquare: autoDraw = False
13.7937 	EXP 	whitesquare: autoDraw = False
13.8105 	EXP 	whitesquare: autoDraw = False
13.8268 	EXP 	whitesquare: autoDraw = False
13.8438 	EXP 	whitesquare: autoDraw = False
13.8601 	EXP 	whitesquare: autoDraw = False
13.8783 	EXP 	whitesquare: autoDraw = False
13.8937 	EXP 	whitesquare: autoDraw = False
13.9107 	EXP 	whitesquare: autoDraw = False
13.9269 	EXP 	whitesquare: autoDraw = False
13.9439 	EXP 	whitesquare: autoDraw = False
13.9602 	EXP 	whitesquare: autoDraw = False
13.9772 	EXP 	whitesquare: autoDraw = False
13.9945 	EXP 	whitesquare: autoDraw = False
14.0116 	EXP 	whitesquare: autoDraw = False
14.0272 	EXP 	whitesquare: autoDraw = False
14.0439 	EXP 	whitesquare: autoDraw = False
14.0602 	EXP 	whitesquare: autoDraw = False
14.0773 	EXP 	whitesquare: autoDraw = False
14.0936 	EXP 	whitesquare: autoDraw = False
14.1111 	EXP 	whitesquare: autoDraw = False
14.1270 	EXP 	whitesquare: autoDraw = False
14.1442 	EXP 	whitesquare: autoDraw = False
14.1604 	EXP 	whitesquare: autoDraw = False
14.1774 	EXP 	whitesquare: autoDraw = False
14.1937 	EXP 	whitesquare: autoDraw = False
14.2108 	EXP 	whitesquare: autoDraw = False
14.2271 	EXP 	whitesquare: autoDraw = False
14.2440 	EXP 	whitesquare: autoDraw = False
14.2604 	EXP 	whitesquare: autoDraw = False
14.2774 	EXP 	whitesquare: autoDraw = False
14.2938 	EXP 	whitesquare: autoDraw = False
14.3107 	EXP 	whitesquare: autoDraw = False
14.3271 	EXP 	whitesquare: autoDraw = False
14.3441 	EXP 	whitesquare: autoDraw = False
14.3605 	EXP 	whitesquare: autoDraw = False
14.3775 	EXP 	whitesquare: autoDraw = False
14.3938 	EXP 	whitesquare: autoDraw = False
14.4109 	EXP 	whitesquare: autoDraw = False
14.4271 	EXP 	whitesquare: autoDraw = False
14.4442 	EXP 	whitesquare: autoDraw = False
14.4606 	EXP 	whitesquare: autoDraw = False
14.4775 	EXP 	whitesquare: autoDraw = False
14.4938 	EXP 	whitesquare: autoDraw = False
14.5109 	EXP 	whitesquare: autoDraw = False
14.5272 	EXP 	whitesquare: autoDraw = False
14.5441 	EXP 	whitesquare: autoDraw = False
14.5607 	EXP 	whitesquare: autoDraw = False
14.5775 	EXP 	whitesquare: autoDraw = False
14.5938 	EXP 	whitesquare: autoDraw = False
14.6109 	EXP 	whitesquare: autoDraw = False
14.6273 	EXP 	whitesquare: autoDraw = False
14.6443 	EXP 	whitesquare: autoDraw = False
14.6605 	EXP 	whitesquare: autoDraw = False
14.6777 	EXP 	whitesquare: autoDraw = False
14.6939 	EXP 	whitesquare: autoDraw = False
14.7111 	EXP 	whitesquare: autoDraw = False
14.7273 	EXP 	whitesquare: autoDraw = False
14.7442 	EXP 	whitesquare: autoDraw = False
14.7606 	EXP 	whitesquare: autoDraw = False
14.7776 	EXP 	whitesquare: autoDraw = False
14.7940 	EXP 	whitesquare: autoDraw = False
14.8110 	EXP 	whitesquare: autoDraw = False
14.8274 	EXP 	whitesquare: autoDraw = False
14.8443 	EXP 	whitesquare: autoDraw = False
14.8611 	EXP 	whitesquare: autoDraw = False
14.8785 	EXP 	whitesquare: autoDraw = False
14.8945 	EXP 	whitesquare: autoDraw = False
14.9114 	EXP 	whitesquare: autoDraw = False
14.9278 	EXP 	whitesquare: autoDraw = False
14.9448 	EXP 	whitesquare: autoDraw = False
14.9611 	EXP 	whitesquare: autoDraw = False
14.9783 	EXP 	whitesquare: autoDraw = False
14.9947 	EXP 	whitesquare: autoDraw = False
15.0120 	EXP 	whitesquare: autoDraw = False
15.0284 	EXP 	whitesquare: autoDraw = False
15.0455 	EXP 	whitesquare: autoDraw = False
15.0617 	EXP 	whitesquare: autoDraw = False
15.0789 	EXP 	whitesquare: autoDraw = False
15.0951 	EXP 	whitesquare: autoDraw = False
15.1122 	EXP 	whitesquare: autoDraw = False
15.1284 	EXP 	whitesquare: autoDraw = False
15.1457 	EXP 	whitesquare: autoDraw = False
15.1620 	EXP 	whitesquare: autoDraw = False
15.1790 	EXP 	whitesquare: autoDraw = False
15.1943 	EXP 	whitesquare: autoDraw = False
15.2121 	EXP 	whitesquare: autoDraw = False
15.2283 	EXP 	whitesquare: autoDraw = False
15.2452 	EXP 	whitesquare: autoDraw = False
15.2614 	EXP 	whitesquare: autoDraw = False
15.2785 	EXP 	whitesquare: autoDraw = False
15.2947 	EXP 	whitesquare: autoDraw = False
15.3115 	EXP 	whitesquare: autoDraw = False
15.3276 	EXP 	whitesquare: autoDraw = False
15.3446 	EXP 	whitesquare: autoDraw = False
15.3610 	EXP 	whitesquare: autoDraw = False
15.3779 	EXP 	whitesquare: autoDraw = False
15.3943 	EXP 	whitesquare: autoDraw = False
15.4118 	EXP 	whitesquare: autoDraw = False
15.4285 	EXP 	whitesquare: autoDraw = False
15.4463 	EXP 	whitesquare: autoDraw = False
15.4612 	EXP 	whitesquare: autoDraw = False
15.4780 	EXP 	whitesquare: autoDraw = False
15.4943 	EXP 	whitesquare: autoDraw = False
15.5113 	EXP 	whitesquare: autoDraw = False
15.5277 	EXP 	whitesquare: autoDraw = False
15.5452 	EXP 	whitesquare: autoDraw = False
15.5610 	EXP 	whitesquare: autoDraw = False
15.5780 	EXP 	whitesquare: autoDraw = False
15.5944 	EXP 	whitesquare: autoDraw = False
15.6113 	EXP 	whitesquare: autoDraw = False
15.6276 	EXP 	whitesquare: autoDraw = False
15.6447 	EXP 	whitesquare: autoDraw = False
15.6610 	EXP 	whitesquare: autoDraw = False
15.6780 	EXP 	whitesquare: autoDraw = False
15.6944 	EXP 	whitesquare: autoDraw = False
15.7114 	EXP 	whitesquare: autoDraw = False
15.7282 	EXP 	whitesquare: autoDraw = False
15.7448 	EXP 	whitesquare: autoDraw = False
15.7610 	EXP 	whitesquare: autoDraw = False
15.7781 	EXP 	whitesquare: autoDraw = False
15.7946 	EXP 	whitesquare: autoDraw = False
15.8121 	EXP 	whitesquare: autoDraw = False
15.8283 	EXP 	whitesquare: autoDraw = False
15.8454 	EXP 	whitesquare: autoDraw = False
15.8617 	EXP 	whitesquare: autoDraw = False
15.8789 	EXP 	whitesquare: autoDraw = False
15.8953 	EXP 	whitesquare: autoDraw = False
15.9120 	EXP 	whitesquare: autoDraw = False
15.9287 	EXP 	whitesquare: autoDraw = False
15.9452 	EXP 	whitesquare: autoDraw = False
15.9615 	EXP 	whitesquare: autoDraw = False
15.9788 	EXP 	whitesquare: autoDraw = False
15.9953 	EXP 	whitesquare: autoDraw = False
16.0121 	EXP 	whitesquare: autoDraw = False
16.0285 	EXP 	whitesquare: autoDraw = False
16.0454 	EXP 	whitesquare: autoDraw = False
16.0617 	EXP 	whitesquare: autoDraw = False
16.0626 	EXP 	Set  sound=./sound/open_speak.wav
16.0787 	EXP 	whitesquare: autoDraw = False
16.0787 	EXP 	fixation: autoDraw = False
16.0787 	EXP 	open_text: autoDraw = False
16.0787 	EXP 	fixation: autoDraw = False
16.0787 	EXP 	close_text: autoDraw = True
20.0801 	DATA 	wsqS
20.0968 	EXP 	close_text: autoDraw = False
20.0968 	EXP 	blank: autoDraw = True
20.0968 	EXP 	whitesquare: autoDraw = True
20.1131 	EXP 	whitesquare: autoDraw = False
20.1301 	EXP 	whitesquare: autoDraw = False
20.1465 	EXP 	whitesquare: autoDraw = False
20.1635 	EXP 	whitesquare: autoDraw = False
20.1798 	EXP 	whitesquare: autoDraw = False
20.1968 	EXP 	whitesquare: autoDraw = False
20.2132 	EXP 	whitesquare: autoDraw = False
20.2302 	EXP 	whitesquare: autoDraw = False
20.2465 	EXP 	whitesquare: autoDraw = False
20.2637 	EXP 	whitesquare: autoDraw = False
20.2798 	EXP 	whitesquare: autoDraw = False
20.2969 	EXP 	whitesquare: autoDraw = False
20.3132 	EXP 	whitesquare: autoDraw = False
20.3304 	EXP 	whitesquare: autoDraw = False
20.3465 	EXP 	whitesquare: autoDraw = False
20.3636 	EXP 	whitesquare: autoDraw = False
20.3799 	EXP 	whitesquare: autoDraw = False
20.3969 	EXP 	whitesquare: autoDraw = False
20.4133 	EXP 	whitesquare: autoDraw = False
20.4303 	EXP 	whitesquare: autoDraw = False
20.4466 	EXP 	whitesquare: autoDraw = False
20.4636 	EXP 	whitesquare: autoDraw = False
20.4799 	EXP 	whitesquare: autoDraw = False
20.4969 	EXP 	whitesquare: autoDraw = False
20.5133 	EXP 	whitesquare: autoDraw = False
20.5304 	EXP 	whitesquare: autoDraw = False
20.5469 	EXP 	whitesquare: autoDraw = False
20.5638 	EXP 	whitesquare: autoDraw = False
20.5800 	EXP 	whitesquare: autoDraw = False
20.5970 	EXP 	whitesquare: autoDraw = False
20.6133 	EXP 	whitesquare: autoDraw = False
20.6304 	EXP 	whitesquare: autoDraw = False
20.6470 	EXP 	whitesquare: autoDraw = False
20.6637 	EXP 	whitesquare: autoDraw = False
20.6801 	EXP 	whitesquare: autoDraw = False
20.6971 	EXP 	whitesquare: autoDraw = False
20.7139 	EXP 	whitesquare: autoDraw = False
20.7308 	EXP 	whitesquare: autoDraw = False
20.7482 	EXP 	whitesquare: autoDraw = False
20.7638 	EXP 	whitesquare: autoDraw = False
20.7801 	EXP 	whitesquare: autoDraw = False
20.7972 	EXP 	whitesquare: autoDraw = False
20.8135 	EXP 	whitesquare: autoDraw = False
20.8305 	EXP 	whitesquare: autoDraw = False
20.8468 	EXP 	whitesquare: autoDraw = False
20.8639 	EXP 	whitesquare: autoDraw = False
20.8801 	EXP 	whitesquare: autoDraw = False
20.8976 	EXP 	whitesquare: autoDraw = False
20.9136 	EXP 	whitesquare: autoDraw = False
20.9305 	EXP 	whitesquare: autoDraw = False
20.9469 	EXP 	whitesquare: autoDraw = False
20.9639 	EXP 	whitesquare: autoDraw = False
20.9802 	EXP 	whitesquare: autoDraw = False
20.9972 	EXP 	whitesquare: autoDraw = False
21.0135 	EXP 	whitesquare: autoDraw = False
21.0305 	EXP 	whitesquare: autoDraw = False
21.0469 	EXP 	whitesquare: autoDraw = False
21.0643 	EXP 	whitesquare: autoDraw = False
21.0802 	EXP 	whitesquare: autoDraw = False
21.0973 	EXP 	whitesquare: autoDraw = False
21.1136 	EXP 	whitesquare: autoDraw = False
21.1306 	EXP 	whitesquare: autoDraw = False
21.1469 	EXP 	whitesquare: autoDraw = False
21.1643 	EXP 	whitesquare: autoDraw = False
21.1803 	EXP 	whitesquare: autoDraw = False
21.1973 	EXP 	whitesquare: autoDraw = False
21.2137 	EXP 	whitesquare: autoDraw = False
21.2307 	EXP 	whitesquare: autoDraw = False
21.2471 	EXP 	whitesquare: autoDraw = False
21.2642 	EXP 	whitesquare: autoDraw = False
21.2803 	EXP 	whitesquare: autoDraw = False
21.2973 	EXP 	whitesquare: autoDraw = False
21.3137 	EXP 	whitesquare: autoDraw = False
21.3308 	EXP 	whitesquare: autoDraw = False
21.3471 	EXP 	whitesquare: autoDraw = False
21.3641 	EXP 	whitesquare: autoDraw = False
21.3805 	EXP 	whitesquare: autoDraw = False
21.3974 	EXP 	whitesquare: autoDraw = False
21.4137 	EXP 	whitesquare: autoDraw = False
21.4307 	EXP 	whitesquare: autoDraw = False
21.4472 	EXP 	whitesquare: autoDraw = False
21.4642 	EXP 	whitesquare: autoDraw = False
21.4805 	EXP 	whitesquare: autoDraw = False
21.4974 	EXP 	whitesquare: autoDraw = False
21.5139 	EXP 	whitesquare: autoDraw = False
21.5309 	EXP 	whitesquare: autoDraw = False
21.5474 	EXP 	whitesquare: autoDraw = False
21.5642 	EXP 	whitesquare: autoDraw = False
21.5805 	EXP 	whitesquare: autoDraw = False
21.5975 	EXP 	whitesquare: autoDraw = False
21.6138 	EXP 	whitesquare: autoDraw = False
21.6309 	EXP 	whitesquare: autoDraw = False
21.6471 	EXP 	whitesquare: autoDraw = False
21.6642 	EXP 	whitesquare: autoDraw = False
21.6805 	EXP 	whitesquare: autoDraw = False
21.6975 	EXP 	whitesquare: autoDraw = False
21.7139 	EXP 	whitesquare: autoDraw = False
21.7309 	EXP 	whitesquare: autoDraw = False
21.7473 	EXP 	whitesquare: autoDraw = False
21.7642 	EXP 	whitesquare: autoDraw = False
21.7805 	EXP 	whitesquare: autoDraw = False
21.7976 	EXP 	whitesquare: autoDraw = False
21.8139 	EXP 	whitesquare: autoDraw = False
21.8310 	EXP 	whitesquare: autoDraw = False
21.8472 	EXP 	whitesquare: autoDraw = False
21.8643 	EXP 	whitesquare: autoDraw = False
21.8806 	EXP 	whitesquare: autoDraw = False
21.8977 	EXP 	whitesquare: autoDraw = False
21.9140 	EXP 	whitesquare: autoDraw = False
21.9310 	EXP 	whitesquare: autoDraw = False
21.9475 	EXP 	whitesquare: autoDraw = False
21.9644 	EXP 	whitesquare: autoDraw = False
21.9807 	EXP 	whitesquare: autoDraw = False
21.9977 	EXP 	whitesquare: autoDraw = False
22.0141 	EXP 	whitesquare: autoDraw = False
22.0311 	EXP 	whitesquare: autoDraw = False
22.0473 	EXP 	whitesquare: autoDraw = False
22.0644 	EXP 	whitesquare: autoDraw = False
22.0807 	EXP 	whitesquare: autoDraw = False
22.0986 	EXP 	whitesquare: autoDraw = False
22.1140 	EXP 	whitesquare: autoDraw = False
22.1312 	EXP 	whitesquare: autoDraw = False
22.1474 	EXP 	whitesquare: autoDraw = False
22.1645 	EXP 	whitesquare: autoDraw = False
22.1808 	EXP 	whitesquare: autoDraw = False
22.1978 	EXP 	whitesquare: autoDraw = False
22.2141 	EXP 	whitesquare: autoDraw = False
22.2311 	EXP 	whitesquare: autoDraw = False
22.2475 	EXP 	whitesquare: autoDraw = False
22.2645 	EXP 	whitesquare: autoDraw = False
22.2808 	EXP 	whitesquare: autoDraw = False
22.2978 	EXP 	whitesquare: autoDraw = False
22.3141 	EXP 	whitesquare: autoDraw = False
22.3312 	EXP 	whitesquare: autoDraw = False
22.3475 	EXP 	whitesquare: autoDraw = False
22.3646 	EXP 	whitesquare: autoDraw = False
22.3809 	EXP 	whitesquare: autoDraw = False
22.3979 	EXP 	whitesquare: autoDraw = False
22.4142 	EXP 	whitesquare: autoDraw = False
22.4314 	EXP 	whitesquare: autoDraw = False
22.4475 	EXP 	whitesquare: autoDraw = False
22.4646 	EXP 	whitesquare: autoDraw = False
22.4809 	EXP 	whitesquare: autoDraw = False
22.4979 	EXP 	whitesquare: autoDraw = False
22.5146 	EXP 	whitesquare: autoDraw = False
22.5313 	EXP 	whitesquare: autoDraw = False
22.5476 	EXP 	whitesquare: autoDraw = False
22.5646 	EXP 	whitesquare: autoDraw = False
22.5809 	EXP 	whitesquare: autoDraw = False
22.5979 	EXP 	whitesquare: autoDraw = False
22.6143 	EXP 	whitesquare: autoDraw = False
22.6314 	EXP 	whitesquare: autoDraw = False
22.6476 	EXP 	whitesquare: autoDraw = False
22.6649 	EXP 	whitesquare: autoDraw = False
22.6813 	EXP 	whitesquare: autoDraw = False
22.6983 	EXP 	whitesquare: autoDraw = False
22.7151 	EXP 	whitesquare: autoDraw = False
22.7314 	EXP 	whitesquare: autoDraw = False
22.7477 	EXP 	whitesquare: autoDraw = False
22.7647 	EXP 	whitesquare: autoDraw = False
22.7811 	EXP 	whitesquare: autoDraw = False
22.7981 	EXP 	whitesquare: autoDraw = False
22.8144 	EXP 	whitesquare: autoDraw = False
22.8314 	EXP 	whitesquare: autoDraw = False
22.8477 	EXP 	whitesquare: autoDraw = False
22.8648 	EXP 	whitesquare: autoDraw = False
22.8811 	EXP 	whitesquare: autoDraw = False
22.8984 	EXP 	whitesquare: autoDraw = False
22.9148 	EXP 	whitesquare: autoDraw = False
22.9322 	EXP 	whitesquare: autoDraw = False
22.9480 	EXP 	whitesquare: autoDraw = False
22.9650 	EXP 	whitesquare: autoDraw = False
22.9814 	EXP 	whitesquare: autoDraw = False
22.9985 	EXP 	whitesquare: autoDraw = False
23.0148 	EXP 	whitesquare: autoDraw = False
23.0317 	EXP 	whitesquare: autoDraw = False
23.0483 	EXP 	whitesquare: autoDraw = False
23.0653 	EXP 	whitesquare: autoDraw = False
23.0820 	EXP 	whitesquare: autoDraw = False
23.0994 	EXP 	whitesquare: autoDraw = False
23.1153 	EXP 	whitesquare: autoDraw = False
23.1318 	EXP 	whitesquare: autoDraw = False
23.1481 	EXP 	whitesquare: autoDraw = False
23.1653 	EXP 	whitesquare: autoDraw = False
23.1815 	EXP 	whitesquare: autoDraw = False
23.1986 	EXP 	whitesquare: autoDraw = False
23.2149 	EXP 	whitesquare: autoDraw = False
23.2323 	EXP 	whitesquare: autoDraw = False
23.2486 	EXP 	whitesquare: autoDraw = False
23.2656 	EXP 	whitesquare: autoDraw = False
23.2820 	EXP 	whitesquare: autoDraw = False
23.2985 	EXP 	whitesquare: autoDraw = False
23.3151 	EXP 	whitesquare: autoDraw = False
23.3319 	EXP 	whitesquare: autoDraw = False
23.3481 	EXP 	whitesquare: autoDraw = False
23.3652 	EXP 	whitesquare: autoDraw = False
23.3816 	EXP 	whitesquare: autoDraw = False
23.3988 	EXP 	whitesquare: autoDraw = False
23.4149 	EXP 	whitesquare: autoDraw = False
23.4321 	EXP 	whitesquare: autoDraw = False
23.4482 	EXP 	whitesquare: autoDraw = False
23.4658 	EXP 	whitesquare: autoDraw = False
23.4819 	EXP 	whitesquare: autoDraw = False
23.4988 	EXP 	whitesquare: autoDraw = False
23.5150 	EXP 	whitesquare: autoDraw = False
23.5318 	EXP 	whitesquare: autoDraw = False
23.5483 	EXP 	whitesquare: autoDraw = False
23.5651 	EXP 	whitesquare: autoDraw = False
23.5815 	EXP 	whitesquare: autoDraw = False
23.5984 	EXP 	whitesquare: autoDraw = False
23.6148 	EXP 	whitesquare: autoDraw = False
23.6318 	EXP 	whitesquare: autoDraw = False
23.6481 	EXP 	whitesquare: autoDraw = False
23.6659 	EXP 	whitesquare: autoDraw = False
23.6814 	EXP 	whitesquare: autoDraw = False
23.6986 	EXP 	whitesquare: autoDraw = False
23.7148 	EXP 	whitesquare: autoDraw = False
23.7319 	EXP 	whitesquare: autoDraw = False
23.7481 	EXP 	whitesquare: autoDraw = False
23.7652 	EXP 	whitesquare: autoDraw = False
23.7821 	EXP 	whitesquare: autoDraw = False
23.7985 	EXP 	whitesquare: autoDraw = False
23.8149 	EXP 	whitesquare: autoDraw = False
23.8319 	EXP 	whitesquare: autoDraw = False
23.8483 	EXP 	whitesquare: autoDraw = False
23.8652 	EXP 	whitesquare: autoDraw = False
23.8816 	EXP 	whitesquare: autoDraw = False
23.8986 	EXP 	whitesquare: autoDraw = False
23.9149 	EXP 	whitesquare: autoDraw = False
23.9320 	EXP 	whitesquare: autoDraw = False
23.9482 	EXP 	whitesquare: autoDraw = False
23.9658 	EXP 	whitesquare: autoDraw = False
23.9816 	EXP 	whitesquare: autoDraw = False
23.9988 	EXP 	whitesquare: autoDraw = False
24.0150 	EXP 	whitesquare: autoDraw = False
24.0320 	EXP 	whitesquare: autoDraw = False
24.0483 	EXP 	whitesquare: autoDraw = False
24.0654 	EXP 	whitesquare: autoDraw = False
24.0817 	EXP 	whitesquare: autoDraw = False
24.0987 	EXP 	whitesquare: autoDraw = False
24.1151 	EXP 	whitesquare: autoDraw = False
24.1320 	EXP 	whitesquare: autoDraw = False
24.1483 	EXP 	whitesquare: autoDraw = False
24.1654 	EXP 	whitesquare: autoDraw = False
24.1822 	EXP 	whitesquare: autoDraw = False
24.1988 	EXP 	whitesquare: autoDraw = False
24.2150 	EXP 	whitesquare: autoDraw = False
24.2322 	EXP 	whitesquare: autoDraw = False
24.2484 	EXP 	whitesquare: autoDraw = False
24.2655 	EXP 	whitesquare: autoDraw = False
24.2818 	EXP 	whitesquare: autoDraw = False
24.2988 	EXP 	whitesquare: autoDraw = False
24.3152 	EXP 	whitesquare: autoDraw = False
24.3321 	EXP 	whitesquare: autoDraw = False
24.3486 	EXP 	whitesquare: autoDraw = False
24.3658 	EXP 	whitesquare: autoDraw = False
24.3819 	EXP 	whitesquare: autoDraw = False
24.3988 	EXP 	whitesquare: autoDraw = False
24.4151 	EXP 	whitesquare: autoDraw = False
24.4322 	EXP 	whitesquare: autoDraw = False
24.4485 	EXP 	whitesquare: autoDraw = False
24.4657 	EXP 	whitesquare: autoDraw = False
24.4821 	EXP 	whitesquare: autoDraw = False
24.4991 	EXP 	whitesquare: autoDraw = False
24.5152 	EXP 	whitesquare: autoDraw = False
24.5323 	EXP 	whitesquare: autoDraw = False
24.5488 	EXP 	whitesquare: autoDraw = False
24.5656 	EXP 	whitesquare: autoDraw = False
24.5822 	EXP 	whitesquare: autoDraw = False
24.5989 	EXP 	whitesquare: autoDraw = False
24.6153 	EXP 	whitesquare: autoDraw = False
24.6323 	EXP 	whitesquare: autoDraw = False
24.6486 	EXP 	whitesquare: autoDraw = False
24.6663 	EXP 	whitesquare: autoDraw = False
24.6821 	EXP 	whitesquare: autoDraw = False
24.6996 	EXP 	whitesquare: autoDraw = False
24.7153 	EXP 	whitesquare: autoDraw = False
24.7324 	EXP 	whitesquare: autoDraw = False
24.7487 	EXP 	whitesquare: autoDraw = False
24.7658 	EXP 	whitesquare: autoDraw = False
24.7821 	EXP 	whitesquare: autoDraw = False
24.7990 	EXP 	whitesquare: autoDraw = False
24.8153 	EXP 	whitesquare: autoDraw = False
24.8324 	EXP 	whitesquare: autoDraw = False
24.8488 	EXP 	whitesquare: autoDraw = False
24.8658 	EXP 	whitesquare: autoDraw = False
24.8821 	EXP 	whitesquare: autoDraw = False
24.8991 	EXP 	whitesquare: autoDraw = False
24.9154 	EXP 	whitesquare: autoDraw = False
24.9324 	EXP 	whitesquare: autoDraw = False
24.9487 	EXP 	whitesquare: autoDraw = False
24.9659 	EXP 	whitesquare: autoDraw = False
24.9821 	EXP 	whitesquare: autoDraw = False
24.9995 	EXP 	whitesquare: autoDraw = False
25.0154 	EXP 	whitesquare: autoDraw = False
25.0326 	EXP 	whitesquare: autoDraw = False
25.0488 	EXP 	whitesquare: autoDraw = False
25.0658 	EXP 	whitesquare: autoDraw = False
25.0821 	EXP 	whitesquare: autoDraw = False
25.0824 	EXP 	Sound  started
26.5830 	EXP 	Sound  stopped
26.6003 	EXP 	whitesquare: autoDraw = False
26.6003 	EXP 	blank: autoDraw = False
26.6003 	EXP 	close_text: autoDraw = False
26.6003 	EXP 	blank: autoDraw = False
26.6003 	EXP 	gaze_text: autoDraw = True
30.5850 	DATA 	wsqS
30.6020 	EXP 	gaze_text: autoDraw = False
30.6020 	EXP 	left: autoDraw = True
30.6020 	EXP 	whitesquare: autoDraw = True
30.6182 	EXP 	whitesquare: autoDraw = False
30.6353 	EXP 	whitesquare: autoDraw = False
30.6515 	EXP 	whitesquare: autoDraw = False
30.6687 	EXP 	whitesquare: autoDraw = False
30.6848 	EXP 	whitesquare: autoDraw = False
30.7019 	EXP 	whitesquare: autoDraw = False
30.7181 	EXP 	whitesquare: autoDraw = False
30.7356 	EXP 	whitesquare: autoDraw = False
30.7515 	EXP 	whitesquare: autoDraw = False
30.7685 	EXP 	whitesquare: autoDraw = False
30.7848 	EXP 	whitesquare: autoDraw = False
30.8021 	EXP 	whitesquare: autoDraw = False
30.8181 	EXP 	whitesquare: autoDraw = False
30.8352 	EXP 	whitesquare: autoDraw = False
30.8516 	EXP 	whitesquare: autoDraw = False
30.8687 	EXP 	whitesquare: autoDraw = False
30.8849 	EXP 	whitesquare: autoDraw = False
30.9020 	EXP 	whitesquare: autoDraw = False
30.9183 	EXP 	whitesquare: autoDraw = False
30.9354 	EXP 	whitesquare: autoDraw = False
30.9516 	EXP 	whitesquare: autoDraw = False
30.9686 	EXP 	whitesquare: autoDraw = False
30.9849 	EXP 	whitesquare: autoDraw = False
31.0022 	EXP 	whitesquare: autoDraw = False
31.0182 	EXP 	whitesquare: autoDraw = False
31.0354 	EXP 	whitesquare: autoDraw = False
31.0516 	EXP 	whitesquare: autoDraw = False
31.0687 	EXP 	whitesquare: autoDraw = False
31.0849 	EXP 	whitesquare: autoDraw = False
31.1021 	EXP 	whitesquare: autoDraw = False
31.1185 	EXP 	whitesquare: autoDraw = False
31.1353 	EXP 	whitesquare: autoDraw = False
31.1517 	EXP 	whitesquare: autoDraw = False
31.1687 	EXP 	whitesquare: autoDraw = False
31.1851 	EXP 	whitesquare: autoDraw = False
31.2022 	EXP 	whitesquare: autoDraw = False
31.2184 	EXP 	whitesquare: autoDraw = False
31.2356 	EXP 	whitesquare: autoDraw = False
31.2517 	EXP 	whitesquare: autoDraw = False
31.2688 	EXP 	whitesquare: autoDraw = False
31.2850 	EXP 	whitesquare: autoDraw = False
31.3023 	EXP 	whitesquare: autoDraw = False
31.3184 	EXP 	whitesquare: autoDraw = False
31.3354 	EXP 	whitesquare: autoDraw = False
31.3518 	EXP 	whitesquare: autoDraw = False
31.3688 	EXP 	whitesquare: autoDraw = False
31.3851 	EXP 	whitesquare: autoDraw = False
31.4023 	EXP 	whitesquare: autoDraw = False
31.4185 	EXP 	whitesquare: autoDraw = False
31.4355 	EXP 	whitesquare: autoDraw = False
31.4519 	EXP 	whitesquare: autoDraw = False
31.4689 	EXP 	whitesquare: autoDraw = False
31.4851 	EXP 	whitesquare: autoDraw = False
31.5024 	EXP 	whitesquare: autoDraw = False
31.5185 	EXP 	whitesquare: autoDraw = False
31.5355 	EXP 	whitesquare: autoDraw = False
31.5519 	EXP 	whitesquare: autoDraw = False
31.5689 	EXP 	whitesquare: autoDraw = False
31.5852 	EXP 	whitesquare: autoDraw = False
31.6025 	EXP 	whitesquare: autoDraw = False
31.6187 	EXP 	whitesquare: autoDraw = False
31.6355 	EXP 	whitesquare: autoDraw = False
31.6520 	EXP 	whitesquare: autoDraw = False
31.6692 	EXP 	whitesquare: autoDraw = False
31.6853 	EXP 	whitesquare: autoDraw = False
31.7024 	EXP 	whitesquare: autoDraw = False
31.7189 	EXP 	whitesquare: autoDraw = False
31.7356 	EXP 	whitesquare: autoDraw = False
31.7519 	EXP 	whitesquare: autoDraw = False
31.7690 	EXP 	whitesquare: autoDraw = False
31.7853 	EXP 	whitesquare: autoDraw = False
31.8026 	EXP 	whitesquare: autoDraw = False
31.8186 	EXP 	whitesquare: autoDraw = False
31.8357 	EXP 	whitesquare: autoDraw = False
31.8520 	EXP 	whitesquare: autoDraw = False
31.8693 	EXP 	whitesquare: autoDraw = False
31.8853 	EXP 	whitesquare: autoDraw = False
31.9026 	EXP 	whitesquare: autoDraw = False
31.9187 	EXP 	whitesquare: autoDraw = False
31.9358 	EXP 	whitesquare: autoDraw = False
31.9521 	EXP 	whitesquare: autoDraw = False
31.9691 	EXP 	whitesquare: autoDraw = False
31.9854 	EXP 	whitesquare: autoDraw = False
32.0026 	EXP 	whitesquare: autoDraw = False
32.0187 	EXP 	whitesquare: autoDraw = False
32.0363 	EXP 	whitesquare: autoDraw = False
32.0521 	EXP 	whitesquare: autoDraw = False
32.0692 	EXP 	whitesquare: autoDraw = False
32.0855 	EXP 	whitesquare: autoDraw = False
32.1028 	EXP 	whitesquare: autoDraw = False
32.1188 	EXP 	whitesquare: autoDraw = False
32.1358 	EXP 	whitesquare: autoDraw = False
32.1521 	EXP 	whitesquare: autoDraw = False
32.1692 	EXP 	whitesquare: autoDraw = False
32.1855 	EXP 	whitesquare: autoDraw = False
32.2028 	EXP 	whitesquare: autoDraw = False
32.2188 	EXP 	whitesquare: autoDraw = False
32.2359 	EXP 	whitesquare: autoDraw = False
32.2522 	EXP 	whitesquare: autoDraw = False
32.2692 	EXP 	whitesquare: autoDraw = False
32.2858 	EXP 	whitesquare: autoDraw = False
32.3028 	EXP 	whitesquare: autoDraw = False
32.3189 	EXP 	whitesquare: autoDraw = False
32.3359 	EXP 	whitesquare: autoDraw = False
32.3522 	EXP 	whitesquare: autoDraw = False
32.3693 	EXP 	whitesquare: autoDraw = False
32.3857 	EXP 	whitesquare: autoDraw = False
32.4028 	EXP 	whitesquare: autoDraw = False
32.4189 	EXP 	whitesquare: autoDraw = False
32.4360 	EXP 	whitesquare: autoDraw = False
32.4523 	EXP 	whitesquare: autoDraw = False
32.4693 	EXP 	whitesquare: autoDraw = False
32.4857 	EXP 	whitesquare: autoDraw = False
32.5028 	EXP 	whitesquare: autoDraw = False
32.5189 	EXP 	whitesquare: autoDraw = False
32.5360 	EXP 	whitesquare: autoDraw = False
32.5523 	EXP 	whitesquare: autoDraw = False
32.5694 	EXP 	whitesquare: autoDraw = False
32.5856 	EXP 	whitesquare: autoDraw = False
32.6030 	EXP 	whitesquare: autoDraw = False
32.6190 	EXP 	whitesquare: autoDraw = False
32.6361 	EXP 	whitesquare: autoDraw = False
32.6523 	EXP 	whitesquare: autoDraw = False
32.6694 	EXP 	whitesquare: autoDraw = False
32.6858 	EXP 	whitesquare: autoDraw = False
32.7029 	EXP 	whitesquare: autoDraw = False
32.7195 	EXP 	whitesquare: autoDraw = False
32.7362 	EXP 	whitesquare: autoDraw = False
32.7528 	EXP 	whitesquare: autoDraw = False
32.7698 	EXP 	whitesquare: autoDraw = False
32.7861 	EXP 	whitesquare: autoDraw = False
32.8041 	EXP 	whitesquare: autoDraw = False
32.8194 	EXP 	whitesquare: autoDraw = False
32.8365 	EXP 	whitesquare: autoDraw = False
32.8527 	EXP 	whitesquare: autoDraw = False
32.8698 	EXP 	whitesquare: autoDraw = False
32.8860 	EXP 	whitesquare: autoDraw = False
32.9039 	EXP 	whitesquare: autoDraw = False
32.9199 	EXP 	whitesquare: autoDraw = False
32.9368 	EXP 	whitesquare: autoDraw = False
32.9532 	EXP 	whitesquare: autoDraw = False
32.9704 	EXP 	whitesquare: autoDraw = False
32.9864 	EXP 	whitesquare: autoDraw = False
33.0042 	EXP 	whitesquare: autoDraw = False
33.0199 	EXP 	whitesquare: autoDraw = False
33.0231 	DATA 	Keypress: escape
33.3087 	EXP 	window1: mouseVisible = True
