5.4905 	WARNING 	User requested fullscreen with size [1024  768], but screen is actually [1280, 800]. Using actual size
6.1896 	EXP 	Created window1 = Window(allowGUI=False, allowStencil=False, args=UNKNOWN, autoLog=True, bitsMode=UNKNOWN, blendMode='avg', color=array([-1., -1., -1.]), colorSpace='rgb', fullscr=UNKNOWN, gamma=None, kwargs=UNKNOWN, lms=UNKNOWN, monitor=<psychopy.monitors.calibTools.Monitor object at 0x112c024e0>, multiSample=False, name='window1', numSamples=2, pos=[0.0, 0.0], screen=0, size=array([2560, 1600]), stereo=False, units='norm', useFBO=True, useRetina=True, viewOri=0.0, viewPos=None, viewScale=None, waitBlanking=True, winType='pyglet')
6.1896 	EXP 	window1: recordFrameIntervals = False
6.3555 	EXP 	window1: recordFrameIntervals = True
6.5386 	EXP 	window1: recordFrameIntervals = False
6.5474 	EXP 	<method-wrapper '__getattribute__' of attributeSetter object at 0x103f080b8>: vertices = array([[-0.25,  0.25],
       [ 0.25,  0.25],
       [ 0.25, -0.25],
       [-0.25, -0.25]])
6.5502 	EXP 	Created whitesquare = Rect(__class__=<class 'psychopy.visual.rect.Rect'>, autoDraw=False, autoLog=True, closeShape=True, contrast=1.0, depth=0.0, fillColor=array([1., 1., 1.]), fillColorSpace='rgb', fillRGB=array([1., 1., 1.]), interpolate=True, lineColor=array([1., 1., 1.]), lineColorSpace='rgb', lineRGB=array([1., 1., 1.]), lineWidth=1, name='whitesquare', opacity=0.9, ori=array(0.), pos=array([14.9, 11.2]), size=array([1., 1.]), units='cm', vertices=ndarray(...), win=Window(...))
6.6824 	EXP 	Created intro_text = TextStim(__class__=<class 'psychopy.visual.text.TextStim'>, alignHoriz='center', alignVert='center', antialias=True, autoLog=True, bold=False, color='white', colorSpace='named', contrast=1.0, depth=0.0, flipHoriz=False, flipVert=False, font='Arial', fontFiles=[], height=0.1, italic=False, name='intro_text', opacity=1.0, ori=0, pos=array([0., 0.]), rgb=array([255., 255., 255.]), text=str(...), units='norm', win=Window(...), wrapWidth=1)
6.7211 	EXP 	Created intro_text = TextStim(__class__=<class 'psychopy.visual.text.TextStim'>, alignHoriz='center', alignVert='center', antialias=True, autoLog=True, bold=False, color='white', colorSpace='named', contrast=1.0, depth=0.0, flipHoriz=False, flipVert=False, font='Arial', fontFiles=[], height=0.1, italic=False, name='intro_text', opacity=1.0, ori=0, pos=array([0., 0.]), rgb=array([255., 255., 255.]), text=str(...), units='norm', win=Window(...), wrapWidth=1)
6.7382 	EXP 	Created open_text = TextStim(__class__=<class 'psychopy.visual.text.TextStim'>, alignHoriz='center', alignVert='center', antialias=True, autoLog=True, bold=False, color='white', colorSpace='named', contrast=1.0, depth=0.0, flipHoriz=False, flipVert=False, font='Arial', fontFiles=[], height=0.1, italic=False, name='open_text', opacity=1.0, ori=0, pos=array([0., 0.]), rgb=array([255., 255., 255.]), text=str(...), units='norm', win=Window(...), wrapWidth=1)
6.7425 	EXP 	Created fixation = TextStim(__class__=<class 'psychopy.visual.text.TextStim'>, alignHoriz='center', alignVert='center', antialias=True, autoLog=True, bold=False, color='white', colorSpace='named', contrast=1.0, depth=-1.0, flipHoriz=False, flipVert=False, font='Arial', fontFiles=[], height=0.1, italic=False, name='fixation', opacity=1.0, ori=0, pos=array([0., 0.]), rgb=array([255., 255., 255.]), text='+\n', units='norm', win=Window(...), wrapWidth=1)
6.7555 	EXP 	Created close_text = TextStim(__class__=<class 'psychopy.visual.text.TextStim'>, alignHoriz='center', alignVert='center', antialias=True, autoLog=True, bold=False, color='white', colorSpace='named', contrast=1.0, depth=0.0, flipHoriz=False, flipVert=False, font='Arial', fontFiles=[], height=0.1, italic=False, name='close_text', opacity=1.0, ori=0, pos=array([0., 0.]), rgb=array([255., 255., 255.]), text=str(...), units='norm', win=Window(...), wrapWidth=1)
6.7583 	EXP 	Created blank = TextStim(__class__=<class 'psychopy.visual.text.TextStim'>, alignHoriz='center', alignVert='center', antialias=True, autoLog=True, bold=False, color='white', colorSpace='named', contrast=1.0, depth=-1.0, flipHoriz=False, flipVert=False, font='Arial', fontFiles=[], height=0.1, italic=False, name='blank', opacity=1.0, ori=0, pos=array([0., 0.]), rgb=array([255., 255., 255.]), text=' ', units='norm', win=Window(...), wrapWidth=1)
6.8232 	EXP 	Set  sound=./sound/open_speak.wav
6.8232 	EXP 	Set Sound  volume=1.000
6.8362 	EXP 	Created gaze_text = TextStim(__class__=<class 'psychopy.visual.text.TextStim'>, alignHoriz='center', alignVert='center', antialias=True, autoLog=True, bold=False, color='white', colorSpace='named', contrast=1.0, depth=0.0, flipHoriz=False, flipVert=False, font='Arial', fontFiles=[], height=0.1, italic=False, name='gaze_text', opacity=1.0, ori=0, pos=array([0., 0.]), rgb=array([255., 255., 255.]), text=str(...), units='norm', win=Window(...), wrapWidth=1)
6.8383 	EXP 	Created center = ShapeStim(__class__=<class 'psychopy.visual.shape.ShapeStim'>, autoDraw=False, autoLog=True, closeShape=True, contrast=1.0, depth=0.0, fillColor=array([1., 1., 1.]), fillColorSpace='rgb', interpolate=True, lineColor=array([1., 1., 1.]), lineColorSpace='rgb', lineWidth=1, name='center', opacity=1.0, ori=array(0.), pos=array([0., 0.]), size=array([0.5, 0.5]), units='cm', vertices=ndarray(...), win=Window(...), windingRule=None)
6.8392 	EXP 	Set  sound=./sound/left_speak.wav
6.8393 	EXP 	Set Sound  volume=1.000
6.8416 	EXP 	Created left = ShapeStim(__class__=<class 'psychopy.visual.shape.ShapeStim'>, autoDraw=False, autoLog=True, closeShape=True, contrast=1.0, depth=0.0, fillColor=array([1., 1., 1.]), fillColorSpace='rgb', interpolate=True, lineColor=array([1., 1., 1.]), lineColorSpace='rgb', lineWidth=1, name='left', opacity=1.0, ori=array(0.), pos=array([-14.,   0.]), size=array([0.5, 0.5]), units='cm', vertices=ndarray(...), win=Window(...), windingRule=None)
6.8423 	EXP 	Set  sound=./sound/right_speak.wav
6.8423 	EXP 	Set Sound  volume=1.000
6.8444 	EXP 	Created right = ShapeStim(__class__=<class 'psychopy.visual.shape.ShapeStim'>, autoDraw=False, autoLog=True, closeShape=True, contrast=1.0, depth=0.0, fillColor=array([1., 1., 1.]), fillColorSpace='rgb', interpolate=True, lineColor=array([1., 1., 1.]), lineColorSpace='rgb', lineWidth=1, name='right', opacity=1.0, ori=array(0.), pos=array([14.,  0.]), size=array([0.5, 0.5]), units='cm', vertices=ndarray(...), win=Window(...), windingRule=None)
6.8452 	EXP 	Set  sound=./sound/up_speak.wav
6.8452 	EXP 	Set Sound  volume=1.000
6.8479 	EXP 	Created up = ShapeStim(__class__=<class 'psychopy.visual.shape.ShapeStim'>, autoDraw=False, autoLog=True, closeShape=True, contrast=1.0, depth=0.0, fillColor=array([1., 1., 1.]), fillColorSpace='rgb', interpolate=True, lineColor=array([1., 1., 1.]), lineColorSpace='rgb', lineWidth=1, name='up', opacity=1.0, ori=array(0.), pos=array([ 0., 14.]), size=array([0.5, 0.5]), units='cm', vertices=ndarray(...), win=Window(...), windingRule=None)
6.8490 	EXP 	Set  sound=./sound/down_speak.wav
6.8490 	EXP 	Set Sound  volume=1.000
6.8514 	EXP 	Created down = ShapeStim(__class__=<class 'psychopy.visual.shape.ShapeStim'>, autoDraw=False, autoLog=True, closeShape=True, contrast=1.0, depth=0.0, fillColor=array([1., 1., 1.]), fillColorSpace='rgb', interpolate=True, lineColor=array([1., 1., 1.]), lineColorSpace='rgb', lineWidth=1, name='down', opacity=1.0, ori=array(0.), pos=array([  0., -14.]), size=array([0.5, 0.5]), units='cm', vertices=ndarray(...), win=Window(...), windingRule=None)
6.8622 	EXP 	Created esc = TextStim(__class__=<class 'psychopy.visual.text.TextStim'>, alignHoriz='center', alignVert='center', antialias=True, autoLog=True, bold=False, color='white', colorSpace='named', contrast=1.0, depth=0.0, flipHoriz=False, flipVert=False, font='Arial', fontFiles=[], height=0.1, italic=False, name='esc', opacity=1.0, ori=0, pos=array([0., 0.]), rgb=array([255., 255., 255.]), text="End of test\n\nPress 'esc'", units='norm', win=Window(...), wrapWidth=1)
6.8895 	EXP 	intro_text: autoDraw = True
6.8895 	EXP 	whitesquare: autoDraw = True
7.7282 	DATA 	Keypress: space
7.7561 	EXP 	intro_text: autoDraw = False
7.7561 	EXP 	whitesquare: autoDraw = False
7.7561 	EXP 	intro_text: autoDraw = True
9.7934 	DATA 	Keypress: space
9.8067 	EXP 	intro_text: autoDraw = False
12.3088 	DATA 	wsqS
12.3249 	EXP 	whitesquare: autoDraw = True
12.3249 	EXP 	whitesquare: autoDraw = False
12.3258 	DATA 	wsqS
12.3411 	EXP 	whitesquare: autoDraw = True
12.3411 	EXP 	whitesquare: autoDraw = False
12.3417 	DATA 	wsqS
12.3581 	EXP 	whitesquare: autoDraw = True
12.3581 	EXP 	whitesquare: autoDraw = False
12.3590 	DATA 	wsqS
12.3744 	EXP 	whitesquare: autoDraw = True
12.3744 	EXP 	whitesquare: autoDraw = False
12.3751 	DATA 	wsqS
12.3915 	EXP 	whitesquare: autoDraw = True
12.3915 	EXP 	whitesquare: autoDraw = False
12.3923 	DATA 	wsqS
12.4079 	EXP 	whitesquare: autoDraw = True
12.4079 	EXP 	whitesquare: autoDraw = False
12.4087 	DATA 	wsqS
12.4248 	EXP 	whitesquare: autoDraw = True
12.4248 	EXP 	whitesquare: autoDraw = False
12.4257 	DATA 	wsqS
12.4412 	EXP 	whitesquare: autoDraw = True
12.4412 	EXP 	whitesquare: autoDraw = False
12.4419 	DATA 	wsqS
12.4582 	EXP 	whitesquare: autoDraw = True
12.4582 	EXP 	whitesquare: autoDraw = False
12.4589 	DATA 	wsqS
12.4745 	EXP 	whitesquare: autoDraw = True
12.4745 	EXP 	whitesquare: autoDraw = False
12.4752 	DATA 	wsqS
12.4923 	EXP 	whitesquare: autoDraw = True
12.4923 	EXP 	whitesquare: autoDraw = False
12.4931 	DATA 	wsqS
12.5078 	EXP 	whitesquare: autoDraw = True
12.5078 	EXP 	whitesquare: autoDraw = False
12.5086 	DATA 	wsqS
12.5251 	EXP 	whitesquare: autoDraw = True
12.5251 	EXP 	whitesquare: autoDraw = False
12.5258 	DATA 	wsqS
12.5412 	EXP 	whitesquare: autoDraw = True
12.5412 	EXP 	whitesquare: autoDraw = False
12.5419 	DATA 	wsqS
12.5582 	EXP 	whitesquare: autoDraw = True
12.5582 	EXP 	whitesquare: autoDraw = False
12.5590 	DATA 	wsqS
12.5745 	EXP 	whitesquare: autoDraw = True
12.5745 	EXP 	whitesquare: autoDraw = False
12.5753 	DATA 	wsqS
12.5917 	EXP 	whitesquare: autoDraw = True
12.5917 	EXP 	whitesquare: autoDraw = False
12.5924 	DATA 	wsqS
12.6079 	EXP 	whitesquare: autoDraw = True
12.6079 	EXP 	whitesquare: autoDraw = False
12.6086 	DATA 	wsqS
12.6249 	EXP 	whitesquare: autoDraw = True
12.6249 	EXP 	whitesquare: autoDraw = False
12.6256 	DATA 	wsqS
12.6414 	EXP 	whitesquare: autoDraw = True
12.6414 	EXP 	whitesquare: autoDraw = False
12.6421 	DATA 	wsqS
12.6582 	EXP 	whitesquare: autoDraw = True
12.6582 	EXP 	whitesquare: autoDraw = False
12.6590 	DATA 	wsqS
12.6746 	EXP 	whitesquare: autoDraw = True
12.6746 	EXP 	whitesquare: autoDraw = False
12.6755 	DATA 	wsqS
12.6916 	EXP 	whitesquare: autoDraw = True
12.6916 	EXP 	whitesquare: autoDraw = False
12.6924 	DATA 	wsqS
12.7080 	EXP 	whitesquare: autoDraw = True
12.7080 	EXP 	whitesquare: autoDraw = False
12.7088 	DATA 	wsqS
12.7249 	EXP 	whitesquare: autoDraw = True
12.7249 	EXP 	whitesquare: autoDraw = False
12.7258 	DATA 	wsqS
12.7412 	EXP 	whitesquare: autoDraw = True
12.7412 	EXP 	whitesquare: autoDraw = False
12.7420 	DATA 	wsqS
12.7583 	EXP 	whitesquare: autoDraw = True
12.7583 	EXP 	whitesquare: autoDraw = False
12.7591 	DATA 	wsqS
12.7748 	EXP 	whitesquare: autoDraw = True
12.7748 	EXP 	whitesquare: autoDraw = False
12.7755 	DATA 	wsqS
12.7917 	EXP 	whitesquare: autoDraw = True
12.7917 	EXP 	whitesquare: autoDraw = False
12.7926 	DATA 	wsqS
12.8080 	EXP 	whitesquare: autoDraw = True
12.8080 	EXP 	whitesquare: autoDraw = False
12.8088 	DATA 	wsqS
12.8251 	EXP 	whitesquare: autoDraw = True
12.8251 	EXP 	whitesquare: autoDraw = False
12.8258 	DATA 	wsqS
12.8413 	EXP 	whitesquare: autoDraw = True
12.8413 	EXP 	whitesquare: autoDraw = False
12.8420 	DATA 	wsqS
12.8584 	EXP 	whitesquare: autoDraw = True
12.8584 	EXP 	whitesquare: autoDraw = False
12.8591 	DATA 	wsqS
12.8747 	EXP 	whitesquare: autoDraw = True
12.8747 	EXP 	whitesquare: autoDraw = False
12.8754 	DATA 	wsqS
12.8917 	EXP 	whitesquare: autoDraw = True
12.8917 	EXP 	whitesquare: autoDraw = False
12.8925 	DATA 	wsqS
12.9081 	EXP 	whitesquare: autoDraw = True
12.9081 	EXP 	whitesquare: autoDraw = False
12.9087 	DATA 	wsqS
12.9250 	EXP 	whitesquare: autoDraw = True
12.9250 	EXP 	whitesquare: autoDraw = False
12.9258 	DATA 	wsqS
12.9414 	EXP 	whitesquare: autoDraw = True
12.9414 	EXP 	whitesquare: autoDraw = False
12.9421 	DATA 	wsqS
12.9586 	EXP 	whitesquare: autoDraw = True
12.9586 	EXP 	whitesquare: autoDraw = False
12.9592 	DATA 	wsqS
12.9748 	EXP 	whitesquare: autoDraw = True
12.9748 	EXP 	whitesquare: autoDraw = False
12.9755 	DATA 	wsqS
12.9918 	EXP 	whitesquare: autoDraw = True
12.9918 	EXP 	whitesquare: autoDraw = False
12.9925 	DATA 	wsqS
13.0080 	EXP 	whitesquare: autoDraw = True
13.0080 	EXP 	whitesquare: autoDraw = False
13.0088 	DATA 	wsqS
13.0250 	EXP 	whitesquare: autoDraw = True
13.0250 	EXP 	whitesquare: autoDraw = False
13.0259 	DATA 	wsqS
13.0414 	EXP 	whitesquare: autoDraw = True
13.0414 	EXP 	whitesquare: autoDraw = False
13.0422 	DATA 	wsqS
13.0589 	EXP 	whitesquare: autoDraw = True
13.0589 	EXP 	whitesquare: autoDraw = False
13.0595 	DATA 	wsqS
13.0747 	EXP 	whitesquare: autoDraw = True
13.0747 	EXP 	whitesquare: autoDraw = False
13.0755 	DATA 	wsqS
13.0919 	EXP 	whitesquare: autoDraw = True
13.0919 	EXP 	whitesquare: autoDraw = False
13.0925 	DATA 	wsqS
13.1081 	EXP 	whitesquare: autoDraw = True
13.1081 	EXP 	whitesquare: autoDraw = False
13.1088 	DATA 	wsqS
13.1256 	EXP 	whitesquare: autoDraw = True
13.1256 	EXP 	whitesquare: autoDraw = False
13.1263 	DATA 	wsqS
13.1414 	EXP 	whitesquare: autoDraw = True
13.1414 	EXP 	whitesquare: autoDraw = False
13.1421 	DATA 	wsqS
13.1585 	EXP 	whitesquare: autoDraw = True
13.1585 	EXP 	whitesquare: autoDraw = False
13.1592 	DATA 	wsqS
13.1749 	EXP 	whitesquare: autoDraw = True
13.1749 	EXP 	whitesquare: autoDraw = False
13.1755 	DATA 	wsqS
13.1918 	EXP 	whitesquare: autoDraw = True
13.1918 	EXP 	whitesquare: autoDraw = False
13.1926 	DATA 	wsqS
13.2084 	EXP 	whitesquare: autoDraw = True
13.2084 	EXP 	whitesquare: autoDraw = False
13.2091 	DATA 	wsqS
13.2252 	EXP 	whitesquare: autoDraw = True
13.2252 	EXP 	whitesquare: autoDraw = False
13.2259 	DATA 	wsqS
13.2416 	EXP 	whitesquare: autoDraw = True
13.2416 	EXP 	whitesquare: autoDraw = False
13.2422 	DATA 	wsqS
13.2585 	EXP 	whitesquare: autoDraw = True
13.2585 	EXP 	whitesquare: autoDraw = False
13.2592 	DATA 	wsqS
13.2749 	EXP 	whitesquare: autoDraw = True
13.2749 	EXP 	whitesquare: autoDraw = False
13.2757 	DATA 	wsqS
13.2919 	EXP 	whitesquare: autoDraw = True
13.2919 	EXP 	whitesquare: autoDraw = False
13.2926 	DATA 	wsqS
13.3083 	EXP 	whitesquare: autoDraw = True
13.3083 	EXP 	whitesquare: autoDraw = False
13.3091 	DATA 	wsqS
13.3253 	EXP 	whitesquare: autoDraw = True
13.3253 	EXP 	whitesquare: autoDraw = False
13.3261 	DATA 	wsqS
13.3416 	EXP 	whitesquare: autoDraw = True
13.3416 	EXP 	whitesquare: autoDraw = False
13.3422 	DATA 	wsqS
13.3587 	EXP 	whitesquare: autoDraw = True
13.3587 	EXP 	whitesquare: autoDraw = False
13.3594 	DATA 	wsqS
13.3751 	EXP 	whitesquare: autoDraw = True
13.3751 	EXP 	whitesquare: autoDraw = False
13.3757 	DATA 	wsqS
13.3921 	EXP 	whitesquare: autoDraw = True
13.3921 	EXP 	whitesquare: autoDraw = False
13.3926 	DATA 	wsqS
13.4084 	EXP 	whitesquare: autoDraw = True
13.4084 	EXP 	whitesquare: autoDraw = False
13.4091 	DATA 	wsqS
13.4253 	EXP 	whitesquare: autoDraw = True
13.4253 	EXP 	whitesquare: autoDraw = False
13.4262 	DATA 	wsqS
13.4416 	EXP 	whitesquare: autoDraw = True
13.4416 	EXP 	whitesquare: autoDraw = False
13.4423 	DATA 	wsqS
13.4586 	EXP 	whitesquare: autoDraw = True
13.4586 	EXP 	whitesquare: autoDraw = False
13.4593 	DATA 	wsqS
13.4752 	EXP 	whitesquare: autoDraw = True
13.4752 	EXP 	whitesquare: autoDraw = False
13.4760 	DATA 	wsqS
13.4920 	EXP 	whitesquare: autoDraw = True
13.4920 	EXP 	whitesquare: autoDraw = False
13.4927 	DATA 	wsqS
13.5083 	EXP 	whitesquare: autoDraw = True
13.5083 	EXP 	whitesquare: autoDraw = False
13.5092 	DATA 	wsqS
13.5259 	EXP 	whitesquare: autoDraw = True
13.5259 	EXP 	whitesquare: autoDraw = False
13.5265 	DATA 	wsqS
13.5416 	EXP 	whitesquare: autoDraw = True
13.5416 	EXP 	whitesquare: autoDraw = False
13.5423 	DATA 	wsqS
13.5587 	EXP 	whitesquare: autoDraw = True
13.5587 	EXP 	whitesquare: autoDraw = False
13.5594 	DATA 	wsqS
13.5750 	EXP 	whitesquare: autoDraw = True
13.5750 	EXP 	whitesquare: autoDraw = False
13.5758 	DATA 	wsqS
13.5921 	EXP 	whitesquare: autoDraw = True
13.5921 	EXP 	whitesquare: autoDraw = False
13.5928 	DATA 	wsqS
13.6085 	EXP 	whitesquare: autoDraw = True
13.6085 	EXP 	whitesquare: autoDraw = False
13.6092 	DATA 	wsqS
13.6255 	EXP 	whitesquare: autoDraw = True
13.6255 	EXP 	whitesquare: autoDraw = False
13.6263 	DATA 	wsqS
13.6417 	EXP 	whitesquare: autoDraw = True
13.6417 	EXP 	whitesquare: autoDraw = False
13.6424 	DATA 	wsqS
13.6587 	EXP 	whitesquare: autoDraw = True
13.6587 	EXP 	whitesquare: autoDraw = False
13.6595 	DATA 	wsqS
13.6750 	EXP 	whitesquare: autoDraw = True
13.6750 	EXP 	whitesquare: autoDraw = False
13.6757 	DATA 	wsqS
13.6921 	EXP 	whitesquare: autoDraw = True
13.6921 	EXP 	whitesquare: autoDraw = False
13.6928 	DATA 	wsqS
13.7084 	EXP 	whitesquare: autoDraw = True
13.7084 	EXP 	whitesquare: autoDraw = False
13.7092 	DATA 	wsqS
13.7255 	EXP 	whitesquare: autoDraw = True
13.7255 	EXP 	whitesquare: autoDraw = False
13.7261 	DATA 	wsqS
13.7417 	EXP 	whitesquare: autoDraw = True
13.7417 	EXP 	whitesquare: autoDraw = False
13.7425 	DATA 	wsqS
13.7587 	EXP 	whitesquare: autoDraw = True
13.7587 	EXP 	whitesquare: autoDraw = False
13.7594 	DATA 	wsqS
13.7751 	EXP 	whitesquare: autoDraw = True
13.7751 	EXP 	whitesquare: autoDraw = False
13.7759 	DATA 	wsqS
13.7924 	EXP 	whitesquare: autoDraw = True
13.7924 	EXP 	whitesquare: autoDraw = False
13.7931 	DATA 	wsqS
13.8084 	EXP 	whitesquare: autoDraw = True
13.8084 	EXP 	whitesquare: autoDraw = False
13.8092 	DATA 	wsqS
13.8256 	EXP 	whitesquare: autoDraw = True
13.8256 	EXP 	whitesquare: autoDraw = False
13.8264 	DATA 	wsqS
13.8418 	EXP 	whitesquare: autoDraw = True
13.8418 	EXP 	whitesquare: autoDraw = False
13.8424 	DATA 	wsqS
13.8588 	EXP 	whitesquare: autoDraw = True
13.8588 	EXP 	whitesquare: autoDraw = False
13.8595 	DATA 	wsqS
13.8751 	EXP 	whitesquare: autoDraw = True
13.8751 	EXP 	whitesquare: autoDraw = False
13.8758 	DATA 	wsqS
13.8923 	EXP 	whitesquare: autoDraw = True
13.8923 	EXP 	whitesquare: autoDraw = False
13.8930 	DATA 	wsqS
13.9087 	EXP 	whitesquare: autoDraw = True
13.9087 	EXP 	whitesquare: autoDraw = False
13.9092 	DATA 	wsqS
13.9255 	EXP 	whitesquare: autoDraw = True
13.9255 	EXP 	whitesquare: autoDraw = False
13.9265 	DATA 	wsqS
13.9418 	EXP 	whitesquare: autoDraw = True
13.9418 	EXP 	whitesquare: autoDraw = False
13.9426 	DATA 	wsqS
13.9588 	EXP 	whitesquare: autoDraw = True
13.9588 	EXP 	whitesquare: autoDraw = False
13.9596 	DATA 	wsqS
13.9752 	EXP 	whitesquare: autoDraw = True
13.9752 	EXP 	whitesquare: autoDraw = False
13.9759 	DATA 	wsqS
13.9922 	EXP 	whitesquare: autoDraw = True
13.9922 	EXP 	whitesquare: autoDraw = False
13.9930 	DATA 	wsqS
14.0086 	EXP 	whitesquare: autoDraw = True
14.0086 	EXP 	whitesquare: autoDraw = False
14.0094 	DATA 	wsqS
14.0256 	EXP 	whitesquare: autoDraw = True
14.0256 	EXP 	whitesquare: autoDraw = False
14.0264 	DATA 	wsqS
14.0419 	EXP 	whitesquare: autoDraw = True
14.0419 	EXP 	whitesquare: autoDraw = False
14.0426 	DATA 	wsqS
14.0590 	EXP 	whitesquare: autoDraw = True
14.0590 	EXP 	whitesquare: autoDraw = False
14.0597 	DATA 	wsqS
14.0752 	EXP 	whitesquare: autoDraw = True
14.0752 	EXP 	whitesquare: autoDraw = False
14.0759 	DATA 	wsqS
14.0923 	EXP 	whitesquare: autoDraw = True
14.0923 	EXP 	whitesquare: autoDraw = False
14.0932 	DATA 	wsqS
14.1086 	EXP 	whitesquare: autoDraw = True
14.1086 	EXP 	whitesquare: autoDraw = False
14.1093 	DATA 	wsqS
14.1257 	EXP 	whitesquare: autoDraw = True
14.1257 	EXP 	whitesquare: autoDraw = False
14.1265 	DATA 	wsqS
14.1419 	EXP 	whitesquare: autoDraw = True
14.1419 	EXP 	whitesquare: autoDraw = False
14.1426 	DATA 	wsqS
14.1590 	EXP 	whitesquare: autoDraw = True
14.1590 	EXP 	whitesquare: autoDraw = False
14.1598 	DATA 	wsqS
14.1753 	EXP 	whitesquare: autoDraw = True
14.1753 	EXP 	whitesquare: autoDraw = False
14.1760 	DATA 	wsqS
14.1923 	EXP 	whitesquare: autoDraw = True
14.1923 	EXP 	whitesquare: autoDraw = False
14.1932 	DATA 	wsqS
14.2090 	EXP 	whitesquare: autoDraw = True
14.2090 	EXP 	whitesquare: autoDraw = False
14.2096 	DATA 	wsqS
14.2256 	EXP 	whitesquare: autoDraw = True
14.2256 	EXP 	whitesquare: autoDraw = False
14.2265 	DATA 	wsqS
14.2420 	EXP 	whitesquare: autoDraw = True
14.2420 	EXP 	whitesquare: autoDraw = False
14.2427 	DATA 	wsqS
14.2591 	EXP 	whitesquare: autoDraw = True
14.2591 	EXP 	whitesquare: autoDraw = False
14.2598 	DATA 	wsqS
14.2754 	EXP 	whitesquare: autoDraw = True
14.2754 	EXP 	whitesquare: autoDraw = False
14.2761 	DATA 	wsqS
14.2924 	EXP 	whitesquare: autoDraw = True
14.2924 	EXP 	whitesquare: autoDraw = False
14.2931 	DATA 	wsqS
14.2939 	EXP 	Set  sound=./sound/open_speak.wav
14.3092 	EXP 	whitesquare: autoDraw = True
14.3092 	EXP 	whitesquare: autoDraw = False
16.8109 	DATA 	wsqS
16.8270 	EXP 	whitesquare: autoDraw = True
16.8270 	EXP 	whitesquare: autoDraw = False
16.8278 	DATA 	wsqS
16.8433 	EXP 	whitesquare: autoDraw = True
16.8433 	EXP 	whitesquare: autoDraw = False
16.8439 	DATA 	wsqS
16.8602 	EXP 	whitesquare: autoDraw = True
16.8602 	EXP 	whitesquare: autoDraw = False
16.8610 	DATA 	wsqS
16.8766 	EXP 	whitesquare: autoDraw = True
16.8766 	EXP 	whitesquare: autoDraw = False
16.8774 	DATA 	wsqS
16.8936 	EXP 	whitesquare: autoDraw = True
16.8936 	EXP 	whitesquare: autoDraw = False
16.8944 	DATA 	wsqS
16.9099 	EXP 	whitesquare: autoDraw = True
16.9099 	EXP 	whitesquare: autoDraw = False
16.9107 	DATA 	wsqS
16.9270 	EXP 	whitesquare: autoDraw = True
16.9270 	EXP 	whitesquare: autoDraw = False
16.9277 	DATA 	wsqS
16.9434 	EXP 	whitesquare: autoDraw = True
16.9434 	EXP 	whitesquare: autoDraw = False
16.9441 	DATA 	wsqS
16.9603 	EXP 	whitesquare: autoDraw = True
16.9603 	EXP 	whitesquare: autoDraw = False
16.9611 	DATA 	wsqS
16.9766 	EXP 	whitesquare: autoDraw = True
16.9766 	EXP 	whitesquare: autoDraw = False
16.9773 	DATA 	wsqS
16.9937 	EXP 	whitesquare: autoDraw = True
16.9937 	EXP 	whitesquare: autoDraw = False
16.9945 	DATA 	wsqS
17.0100 	EXP 	whitesquare: autoDraw = True
17.0100 	EXP 	whitesquare: autoDraw = False
17.0108 	DATA 	wsqS
17.0271 	EXP 	whitesquare: autoDraw = True
17.0271 	EXP 	whitesquare: autoDraw = False
17.0279 	DATA 	wsqS
17.0435 	EXP 	whitesquare: autoDraw = True
17.0435 	EXP 	whitesquare: autoDraw = False
17.0441 	DATA 	wsqS
17.0604 	EXP 	whitesquare: autoDraw = True
17.0604 	EXP 	whitesquare: autoDraw = False
17.0612 	DATA 	wsqS
17.0766 	EXP 	whitesquare: autoDraw = True
17.0766 	EXP 	whitesquare: autoDraw = False
17.0774 	DATA 	wsqS
17.0937 	EXP 	whitesquare: autoDraw = True
17.0937 	EXP 	whitesquare: autoDraw = False
17.0945 	DATA 	wsqS
17.1104 	EXP 	whitesquare: autoDraw = True
17.1104 	EXP 	whitesquare: autoDraw = False
17.1110 	DATA 	wsqS
17.1273 	EXP 	whitesquare: autoDraw = True
17.1273 	EXP 	whitesquare: autoDraw = False
17.1281 	DATA 	wsqS
17.1436 	EXP 	whitesquare: autoDraw = True
17.1436 	EXP 	whitesquare: autoDraw = False
17.1442 	DATA 	wsqS
17.1604 	EXP 	whitesquare: autoDraw = True
17.1604 	EXP 	whitesquare: autoDraw = False
17.1612 	DATA 	wsqS
17.1767 	EXP 	whitesquare: autoDraw = True
17.1767 	EXP 	whitesquare: autoDraw = False
17.1775 	DATA 	wsqS
17.1937 	EXP 	whitesquare: autoDraw = True
17.1937 	EXP 	whitesquare: autoDraw = False
17.1945 	DATA 	wsqS
17.2101 	EXP 	whitesquare: autoDraw = True
17.2101 	EXP 	whitesquare: autoDraw = False
17.2109 	DATA 	wsqS
17.2272 	EXP 	whitesquare: autoDraw = True
17.2272 	EXP 	whitesquare: autoDraw = False
17.2281 	DATA 	wsqS
17.2435 	EXP 	whitesquare: autoDraw = True
17.2435 	EXP 	whitesquare: autoDraw = False
17.2441 	DATA 	wsqS
17.2604 	EXP 	whitesquare: autoDraw = True
17.2604 	EXP 	whitesquare: autoDraw = False
17.2612 	DATA 	wsqS
17.2768 	EXP 	whitesquare: autoDraw = True
17.2768 	EXP 	whitesquare: autoDraw = False
17.2777 	DATA 	wsqS
17.2940 	EXP 	whitesquare: autoDraw = True
17.2940 	EXP 	whitesquare: autoDraw = False
17.2947 	DATA 	wsqS
17.3101 	EXP 	whitesquare: autoDraw = True
17.3101 	EXP 	whitesquare: autoDraw = False
17.3108 	DATA 	wsqS
17.3272 	EXP 	whitesquare: autoDraw = True
17.3272 	EXP 	whitesquare: autoDraw = False
17.3281 	DATA 	wsqS
17.3434 	EXP 	whitesquare: autoDraw = True
17.3434 	EXP 	whitesquare: autoDraw = False
17.3442 	DATA 	wsqS
17.3604 	EXP 	whitesquare: autoDraw = True
17.3604 	EXP 	whitesquare: autoDraw = False
17.3613 	DATA 	wsqS
17.3768 	EXP 	whitesquare: autoDraw = True
17.3768 	EXP 	whitesquare: autoDraw = False
17.3777 	DATA 	wsqS
17.3939 	EXP 	whitesquare: autoDraw = True
17.3939 	EXP 	whitesquare: autoDraw = False
17.3947 	DATA 	wsqS
17.4103 	EXP 	whitesquare: autoDraw = True
17.4103 	EXP 	whitesquare: autoDraw = False
17.4109 	DATA 	wsqS
17.4274 	EXP 	whitesquare: autoDraw = True
17.4274 	EXP 	whitesquare: autoDraw = False
17.4280 	DATA 	wsqS
17.4436 	EXP 	whitesquare: autoDraw = True
17.4436 	EXP 	whitesquare: autoDraw = False
17.4442 	DATA 	wsqS
17.4607 	EXP 	whitesquare: autoDraw = True
17.4607 	EXP 	whitesquare: autoDraw = False
17.4613 	DATA 	wsqS
17.4770 	EXP 	whitesquare: autoDraw = True
17.4770 	EXP 	whitesquare: autoDraw = False
17.4775 	DATA 	wsqS
17.4942 	EXP 	whitesquare: autoDraw = True
17.4942 	EXP 	whitesquare: autoDraw = False
17.4946 	DATA 	wsqS
17.5102 	EXP 	whitesquare: autoDraw = True
17.5102 	EXP 	whitesquare: autoDraw = False
17.5108 	DATA 	wsqS
17.5276 	EXP 	whitesquare: autoDraw = True
17.5276 	EXP 	whitesquare: autoDraw = False
17.5284 	DATA 	wsqS
17.5436 	EXP 	whitesquare: autoDraw = True
17.5436 	EXP 	whitesquare: autoDraw = False
17.5443 	DATA 	wsqS
17.5607 	EXP 	whitesquare: autoDraw = True
17.5607 	EXP 	whitesquare: autoDraw = False
17.5615 	DATA 	wsqS
17.5768 	EXP 	whitesquare: autoDraw = True
17.5768 	EXP 	whitesquare: autoDraw = False
17.5777 	DATA 	wsqS
17.5939 	EXP 	whitesquare: autoDraw = True
17.5939 	EXP 	whitesquare: autoDraw = False
17.5947 	DATA 	wsqS
17.6102 	EXP 	whitesquare: autoDraw = True
17.6102 	EXP 	whitesquare: autoDraw = False
17.6110 	DATA 	wsqS
17.6273 	EXP 	whitesquare: autoDraw = True
17.6273 	EXP 	whitesquare: autoDraw = False
17.6281 	DATA 	wsqS
17.6436 	EXP 	whitesquare: autoDraw = True
17.6436 	EXP 	whitesquare: autoDraw = False
17.6444 	DATA 	wsqS
17.6606 	EXP 	whitesquare: autoDraw = True
17.6606 	EXP 	whitesquare: autoDraw = False
17.6613 	DATA 	wsqS
17.6770 	EXP 	whitesquare: autoDraw = True
17.6770 	EXP 	whitesquare: autoDraw = False
17.6777 	DATA 	wsqS
17.6940 	EXP 	whitesquare: autoDraw = True
17.6940 	EXP 	whitesquare: autoDraw = False
17.6947 	DATA 	wsqS
17.7103 	EXP 	whitesquare: autoDraw = True
17.7103 	EXP 	whitesquare: autoDraw = False
17.7112 	DATA 	wsqS
17.7273 	EXP 	whitesquare: autoDraw = True
17.7273 	EXP 	whitesquare: autoDraw = False
17.7281 	DATA 	wsqS
17.7437 	EXP 	whitesquare: autoDraw = True
17.7437 	EXP 	whitesquare: autoDraw = False
17.7445 	DATA 	wsqS
17.7607 	EXP 	whitesquare: autoDraw = True
17.7607 	EXP 	whitesquare: autoDraw = False
17.7615 	DATA 	wsqS
17.7770 	EXP 	whitesquare: autoDraw = True
17.7770 	EXP 	whitesquare: autoDraw = False
17.7778 	DATA 	wsqS
17.7941 	EXP 	whitesquare: autoDraw = True
17.7941 	EXP 	whitesquare: autoDraw = False
17.7949 	DATA 	wsqS
17.8103 	EXP 	whitesquare: autoDraw = True
17.8103 	EXP 	whitesquare: autoDraw = False
17.8110 	DATA 	wsqS
17.8274 	EXP 	whitesquare: autoDraw = True
17.8274 	EXP 	whitesquare: autoDraw = False
17.8282 	DATA 	wsqS
17.8437 	EXP 	whitesquare: autoDraw = True
17.8437 	EXP 	whitesquare: autoDraw = False
17.8444 	DATA 	wsqS
17.8607 	EXP 	whitesquare: autoDraw = True
17.8607 	EXP 	whitesquare: autoDraw = False
17.8614 	DATA 	wsqS
17.8770 	EXP 	whitesquare: autoDraw = True
17.8770 	EXP 	whitesquare: autoDraw = False
17.8778 	DATA 	wsqS
17.8940 	EXP 	whitesquare: autoDraw = True
17.8940 	EXP 	whitesquare: autoDraw = False
17.8948 	DATA 	wsqS
17.9104 	EXP 	whitesquare: autoDraw = True
17.9104 	EXP 	whitesquare: autoDraw = False
17.9112 	DATA 	wsqS
17.9275 	EXP 	whitesquare: autoDraw = True
17.9275 	EXP 	whitesquare: autoDraw = False
17.9282 	DATA 	wsqS
17.9440 	EXP 	whitesquare: autoDraw = True
17.9440 	EXP 	whitesquare: autoDraw = False
17.9445 	DATA 	wsqS
17.9608 	EXP 	whitesquare: autoDraw = True
17.9608 	EXP 	whitesquare: autoDraw = False
17.9616 	DATA 	wsqS
17.9771 	EXP 	whitesquare: autoDraw = True
17.9771 	EXP 	whitesquare: autoDraw = False
17.9778 	DATA 	wsqS
17.9941 	EXP 	whitesquare: autoDraw = True
17.9941 	EXP 	whitesquare: autoDraw = False
17.9948 	DATA 	wsqS
18.0104 	EXP 	whitesquare: autoDraw = True
18.0104 	EXP 	whitesquare: autoDraw = False
18.0112 	DATA 	wsqS
18.0275 	EXP 	whitesquare: autoDraw = True
18.0275 	EXP 	whitesquare: autoDraw = False
18.0284 	DATA 	wsqS
18.0438 	EXP 	whitesquare: autoDraw = True
18.0438 	EXP 	whitesquare: autoDraw = False
18.0445 	DATA 	wsqS
18.0610 	EXP 	whitesquare: autoDraw = True
18.0610 	EXP 	whitesquare: autoDraw = False
18.0616 	DATA 	wsqS
18.0771 	EXP 	whitesquare: autoDraw = True
18.0771 	EXP 	whitesquare: autoDraw = False
18.0778 	DATA 	wsqS
18.0941 	EXP 	whitesquare: autoDraw = True
18.0941 	EXP 	whitesquare: autoDraw = False
18.0949 	DATA 	wsqS
18.1104 	EXP 	whitesquare: autoDraw = True
18.1104 	EXP 	whitesquare: autoDraw = False
18.1112 	DATA 	wsqS
18.1275 	EXP 	whitesquare: autoDraw = True
18.1275 	EXP 	whitesquare: autoDraw = False
18.1283 	DATA 	wsqS
18.1439 	EXP 	whitesquare: autoDraw = True
18.1439 	EXP 	whitesquare: autoDraw = False
18.1445 	DATA 	wsqS
18.1610 	EXP 	whitesquare: autoDraw = True
18.1610 	EXP 	whitesquare: autoDraw = False
18.1617 	DATA 	wsqS
18.1773 	EXP 	whitesquare: autoDraw = True
18.1773 	EXP 	whitesquare: autoDraw = False
18.1781 	DATA 	wsqS
18.1942 	EXP 	whitesquare: autoDraw = True
18.1942 	EXP 	whitesquare: autoDraw = False
18.1949 	DATA 	wsqS
18.2106 	EXP 	whitesquare: autoDraw = True
18.2106 	EXP 	whitesquare: autoDraw = False
18.2113 	DATA 	wsqS
18.2275 	EXP 	whitesquare: autoDraw = True
18.2275 	EXP 	whitesquare: autoDraw = False
18.2283 	DATA 	wsqS
18.2439 	EXP 	whitesquare: autoDraw = True
18.2439 	EXP 	whitesquare: autoDraw = False
18.2446 	DATA 	wsqS
18.2611 	EXP 	whitesquare: autoDraw = True
18.2611 	EXP 	whitesquare: autoDraw = False
18.2618 	DATA 	wsqS
18.2772 	EXP 	whitesquare: autoDraw = True
18.2772 	EXP 	whitesquare: autoDraw = False
18.2780 	DATA 	wsqS
18.2943 	EXP 	whitesquare: autoDraw = True
18.2943 	EXP 	whitesquare: autoDraw = False
18.2951 	DATA 	wsqS
18.3107 	EXP 	whitesquare: autoDraw = True
18.3107 	EXP 	whitesquare: autoDraw = False
18.3114 	DATA 	wsqS
18.3277 	EXP 	whitesquare: autoDraw = True
18.3277 	EXP 	whitesquare: autoDraw = False
18.3284 	DATA 	wsqS
18.3439 	EXP 	whitesquare: autoDraw = True
18.3439 	EXP 	whitesquare: autoDraw = False
18.3446 	DATA 	wsqS
18.3609 	EXP 	whitesquare: autoDraw = True
18.3609 	EXP 	whitesquare: autoDraw = False
18.3619 	DATA 	wsqS
18.3772 	EXP 	whitesquare: autoDraw = True
18.3772 	EXP 	whitesquare: autoDraw = False
18.3781 	DATA 	wsqS
18.3943 	EXP 	whitesquare: autoDraw = True
18.3943 	EXP 	whitesquare: autoDraw = False
18.3950 	DATA 	wsqS
18.4106 	EXP 	whitesquare: autoDraw = True
18.4106 	EXP 	whitesquare: autoDraw = False
18.4115 	DATA 	wsqS
18.4279 	EXP 	whitesquare: autoDraw = True
18.4279 	EXP 	whitesquare: autoDraw = False
18.4284 	DATA 	wsqS
18.4440 	EXP 	whitesquare: autoDraw = True
18.4440 	EXP 	whitesquare: autoDraw = False
18.4447 	DATA 	wsqS
18.4610 	EXP 	whitesquare: autoDraw = True
18.4610 	EXP 	whitesquare: autoDraw = False
18.4619 	DATA 	wsqS
18.4774 	EXP 	whitesquare: autoDraw = True
18.4774 	EXP 	whitesquare: autoDraw = False
18.4781 	DATA 	wsqS
18.4943 	EXP 	whitesquare: autoDraw = True
18.4943 	EXP 	whitesquare: autoDraw = False
18.4952 	DATA 	wsqS
18.5107 	EXP 	whitesquare: autoDraw = True
18.5107 	EXP 	whitesquare: autoDraw = False
18.5115 	DATA 	wsqS
18.5278 	EXP 	whitesquare: autoDraw = True
18.5278 	EXP 	whitesquare: autoDraw = False
18.5287 	DATA 	wsqS
18.5440 	EXP 	whitesquare: autoDraw = True
18.5440 	EXP 	whitesquare: autoDraw = False
18.5447 	DATA 	wsqS
18.5612 	EXP 	whitesquare: autoDraw = True
18.5612 	EXP 	whitesquare: autoDraw = False
18.5619 	DATA 	wsqS
18.5774 	EXP 	whitesquare: autoDraw = True
18.5774 	EXP 	whitesquare: autoDraw = False
18.5782 	DATA 	wsqS
18.5945 	EXP 	whitesquare: autoDraw = True
18.5945 	EXP 	whitesquare: autoDraw = False
18.5952 	DATA 	wsqS
18.6107 	EXP 	whitesquare: autoDraw = True
18.6107 	EXP 	whitesquare: autoDraw = False
18.6114 	DATA 	wsqS
18.6277 	EXP 	whitesquare: autoDraw = True
18.6277 	EXP 	whitesquare: autoDraw = False
18.6287 	DATA 	wsqS
18.6440 	EXP 	whitesquare: autoDraw = True
18.6440 	EXP 	whitesquare: autoDraw = False
18.6448 	DATA 	wsqS
18.6613 	EXP 	whitesquare: autoDraw = True
18.6613 	EXP 	whitesquare: autoDraw = False
18.6620 	DATA 	wsqS
18.6778 	EXP 	whitesquare: autoDraw = True
18.6778 	EXP 	whitesquare: autoDraw = False
18.6785 	DATA 	wsqS
18.6944 	EXP 	whitesquare: autoDraw = True
18.6944 	EXP 	whitesquare: autoDraw = False
18.6953 	DATA 	wsqS
18.7109 	EXP 	whitesquare: autoDraw = True
18.7109 	EXP 	whitesquare: autoDraw = False
18.7116 	DATA 	wsqS
18.7278 	EXP 	whitesquare: autoDraw = True
18.7278 	EXP 	whitesquare: autoDraw = False
18.7286 	DATA 	wsqS
18.7441 	EXP 	whitesquare: autoDraw = True
18.7441 	EXP 	whitesquare: autoDraw = False
18.7450 	DATA 	wsqS
18.7613 	EXP 	whitesquare: autoDraw = True
18.7613 	EXP 	whitesquare: autoDraw = False
18.7620 	DATA 	wsqS
18.7775 	EXP 	whitesquare: autoDraw = True
18.7775 	EXP 	whitesquare: autoDraw = False
18.7783 	DATA 	wsqS
18.7946 	EXP 	whitesquare: autoDraw = True
18.7946 	EXP 	whitesquare: autoDraw = False
18.7953 	DATA 	wsqS
18.7954 	EXP 	Sound  started
19.7964 	EXP 	Sound  stopped
19.7967 	EXP 	Set  sound=./sound/left_speak.wav
19.7968 	EXP 	Set  sound=./sound/right_speak.wav
19.7970 	EXP 	Set  sound=./sound/up_speak.wav
19.7971 	EXP 	Set  sound=./sound/down_speak.wav
19.8116 	EXP 	whitesquare: autoDraw = True
19.8116 	EXP 	whitesquare: autoDraw = False
19.8116 	EXP 	gaze_text: autoDraw = True
22.3131 	DATA 	wsqS
22.3292 	EXP 	gaze_text: autoDraw = False
22.3292 	EXP 	left: autoDraw = True
22.3292 	EXP 	whitesquare: autoDraw = True
22.3463 	EXP 	whitesquare: autoDraw = False
22.3625 	EXP 	whitesquare: autoDraw = False
22.3796 	EXP 	whitesquare: autoDraw = False
22.3958 	EXP 	whitesquare: autoDraw = False
22.4129 	EXP 	whitesquare: autoDraw = False
22.4292 	EXP 	whitesquare: autoDraw = False
22.4462 	EXP 	whitesquare: autoDraw = False
22.4626 	EXP 	whitesquare: autoDraw = False
22.4795 	EXP 	whitesquare: autoDraw = False
22.4959 	EXP 	whitesquare: autoDraw = False
22.5131 	EXP 	whitesquare: autoDraw = False
22.5293 	EXP 	whitesquare: autoDraw = False
22.5463 	EXP 	whitesquare: autoDraw = False
22.5627 	EXP 	whitesquare: autoDraw = False
22.5797 	EXP 	whitesquare: autoDraw = False
22.5959 	EXP 	whitesquare: autoDraw = False
22.6130 	EXP 	whitesquare: autoDraw = False
22.6293 	EXP 	whitesquare: autoDraw = False
22.6466 	EXP 	whitesquare: autoDraw = False
22.6630 	EXP 	whitesquare: autoDraw = False
22.6797 	EXP 	whitesquare: autoDraw = False
22.6960 	EXP 	whitesquare: autoDraw = False
22.7132 	EXP 	whitesquare: autoDraw = False
22.7294 	EXP 	whitesquare: autoDraw = False
22.7464 	EXP 	whitesquare: autoDraw = False
22.7627 	EXP 	whitesquare: autoDraw = False
22.7798 	EXP 	whitesquare: autoDraw = False
22.7962 	EXP 	whitesquare: autoDraw = False
22.8131 	EXP 	whitesquare: autoDraw = False
22.8294 	EXP 	whitesquare: autoDraw = False
22.8466 	EXP 	whitesquare: autoDraw = False
22.8628 	EXP 	whitesquare: autoDraw = False
22.8799 	EXP 	whitesquare: autoDraw = False
22.8961 	EXP 	whitesquare: autoDraw = False
22.9132 	EXP 	whitesquare: autoDraw = False
22.9294 	EXP 	whitesquare: autoDraw = False
22.9465 	EXP 	whitesquare: autoDraw = False
22.9629 	EXP 	whitesquare: autoDraw = False
22.9799 	EXP 	whitesquare: autoDraw = False
22.9962 	EXP 	whitesquare: autoDraw = False
23.0131 	EXP 	whitesquare: autoDraw = False
23.0298 	EXP 	whitesquare: autoDraw = False
23.0466 	EXP 	whitesquare: autoDraw = False
23.0629 	EXP 	whitesquare: autoDraw = False
23.0799 	EXP 	whitesquare: autoDraw = False
23.0962 	EXP 	whitesquare: autoDraw = False
23.1133 	EXP 	whitesquare: autoDraw = False
23.1295 	EXP 	whitesquare: autoDraw = False
23.1466 	EXP 	whitesquare: autoDraw = False
23.1629 	EXP 	whitesquare: autoDraw = False
23.1800 	EXP 	whitesquare: autoDraw = False
23.1962 	EXP 	whitesquare: autoDraw = False
23.2134 	EXP 	whitesquare: autoDraw = False
23.2296 	EXP 	whitesquare: autoDraw = False
23.2466 	EXP 	whitesquare: autoDraw = False
23.2629 	EXP 	whitesquare: autoDraw = False
23.2799 	EXP 	whitesquare: autoDraw = False
23.2964 	EXP 	whitesquare: autoDraw = False
23.3138 	EXP 	whitesquare: autoDraw = False
23.3296 	EXP 	whitesquare: autoDraw = False
23.3467 	EXP 	whitesquare: autoDraw = False
23.3629 	EXP 	whitesquare: autoDraw = False
23.3810 	EXP 	whitesquare: autoDraw = False
23.3963 	EXP 	whitesquare: autoDraw = False
23.4136 	EXP 	whitesquare: autoDraw = False
23.4298 	EXP 	whitesquare: autoDraw = False
23.4468 	EXP 	whitesquare: autoDraw = False
23.4501 	DATA 	Keypress: escape
23.7292 	EXP 	window1: mouseVisible = True
