4.6673 	WARNING 	User requested fullscreen with size [1024  768], but screen is actually [1280, 800]. Using actual size
5.3801 	EXP 	Created window1 = Window(allowGUI=False, allowStencil=False, args=UNKNOWN, autoLog=True, bitsMode=UNKNOWN, blendMode='avg', color=array([-1., -1., -1.]), colorSpace='rgb', fullscr=UNKNOWN, gamma=None, kwargs=UNKNOWN, lms=UNKNOWN, monitor=<psychopy.monitors.calibTools.Monitor object at 0x111d82320>, multiSample=False, name='window1', numSamples=2, pos=[0.0, 0.0], screen=0, size=array([2560, 1600]), stereo=False, units='norm', useFBO=True, useRetina=True, viewOri=0.0, viewPos=None, viewScale=None, waitBlanking=True, winType='pyglet')
5.3801 	EXP 	window1: recordFrameIntervals = False
5.5457 	EXP 	window1: recordFrameIntervals = True
5.7290 	EXP 	window1: recordFrameIntervals = False
5.7382 	EXP 	<method-wrapper '__getattribute__' of attributeSetter object at 0x105f8feb8>: vertices = array([[-0.25,  0.25],
       [ 0.25,  0.25],
       [ 0.25, -0.25],
       [-0.25, -0.25]])
5.7398 	EXP 	Created whitesquare = Rect(__class__=<class 'psychopy.visual.rect.Rect'>, autoDraw=False, autoLog=True, closeShape=True, contrast=1.0, depth=0.0, fillColor=array([1., 1., 1.]), fillColorSpace='rgb', fillRGB=array([1., 1., 1.]), interpolate=True, lineColor=array([1., 1., 1.]), lineColorSpace='rgb', lineRGB=array([1., 1., 1.]), lineWidth=1, name='whitesquare', opacity=0.9, ori=array(0.), pos=array([14.9, 11.2]), size=array([1., 1.]), units='cm', vertices=ndarray(...), win=Window(...))
5.8462 	EXP 	Created intro_text = TextStim(__class__=<class 'psychopy.visual.text.TextStim'>, alignHoriz='center', alignVert='center', antialias=True, autoLog=True, bold=False, color='white', colorSpace='named', contrast=1.0, depth=0.0, flipHoriz=False, flipVert=False, font='Arial', fontFiles=[], height=0.1, italic=False, name='intro_text', opacity=1.0, ori=0, pos=array([0., 0.]), rgb=array([255., 255., 255.]), text=str(...), units='norm', win=Window(...), wrapWidth=1)
5.8677 	EXP 	Created intro_text = TextStim(__class__=<class 'psychopy.visual.text.TextStim'>, alignHoriz='center', alignVert='center', antialias=True, autoLog=True, bold=False, color='white', colorSpace='named', contrast=1.0, depth=0.0, flipHoriz=False, flipVert=False, font='Arial', fontFiles=[], height=0.1, italic=False, name='intro_text', opacity=1.0, ori=0, pos=array([0., 0.]), rgb=array([255., 255., 255.]), text=str(...), units='norm', win=Window(...), wrapWidth=1)
5.8795 	EXP 	Created open_text = TextStim(__class__=<class 'psychopy.visual.text.TextStim'>, alignHoriz='center', alignVert='center', antialias=True, autoLog=True, bold=False, color='white', colorSpace='named', contrast=1.0, depth=0.0, flipHoriz=False, flipVert=False, font='Arial', fontFiles=[], height=0.1, italic=False, name='open_text', opacity=1.0, ori=0, pos=array([0., 0.]), rgb=array([255., 255., 255.]), text=str(...), units='norm', win=Window(...), wrapWidth=1)
5.8835 	EXP 	Created fixation = TextStim(__class__=<class 'psychopy.visual.text.TextStim'>, alignHoriz='center', alignVert='center', antialias=True, autoLog=True, bold=False, color='white', colorSpace='named', contrast=1.0, depth=-1.0, flipHoriz=False, flipVert=False, font='Arial', fontFiles=[], height=0.1, italic=False, name='fixation', opacity=1.0, ori=0, pos=array([0., 0.]), rgb=array([255., 255., 255.]), text='+\n', units='norm', win=Window(...), wrapWidth=1)
5.8958 	EXP 	Created close_text = TextStim(__class__=<class 'psychopy.visual.text.TextStim'>, alignHoriz='center', alignVert='center', antialias=True, autoLog=True, bold=False, color='white', colorSpace='named', contrast=1.0, depth=0.0, flipHoriz=False, flipVert=False, font='Arial', fontFiles=[], height=0.1, italic=False, name='close_text', opacity=1.0, ori=0, pos=array([0., 0.]), rgb=array([255., 255., 255.]), text=str(...), units='norm', win=Window(...), wrapWidth=1)
5.8990 	EXP 	Created blank = TextStim(__class__=<class 'psychopy.visual.text.TextStim'>, alignHoriz='center', alignVert='center', antialias=True, autoLog=True, bold=False, color='white', colorSpace='named', contrast=1.0, depth=-1.0, flipHoriz=False, flipVert=False, font='Arial', fontFiles=[], height=0.1, italic=False, name='blank', opacity=1.0, ori=0, pos=array([0., 0.]), rgb=array([255., 255., 255.]), text=' ', units='norm', win=Window(...), wrapWidth=1)
5.9538 	EXP 	Set  sound=./sound/open_speak.wav
5.9538 	EXP 	Set Sound  volume=1.000
5.9631 	EXP 	Created gaze_text = TextStim(__class__=<class 'psychopy.visual.text.TextStim'>, alignHoriz='center', alignVert='center', antialias=True, autoLog=True, bold=False, color='white', colorSpace='named', contrast=1.0, depth=0.0, flipHoriz=False, flipVert=False, font='Arial', fontFiles=[], height=0.1, italic=False, name='gaze_text', opacity=1.0, ori=0, pos=array([0., 0.]), rgb=array([255., 255., 255.]), text=str(...), units='norm', win=Window(...), wrapWidth=1)
5.9652 	EXP 	Created center = ShapeStim(__class__=<class 'psychopy.visual.shape.ShapeStim'>, autoDraw=False, autoLog=True, closeShape=True, contrast=1.0, depth=0.0, fillColor=array([1., 1., 1.]), fillColorSpace='rgb', interpolate=True, lineColor=array([1., 1., 1.]), lineColorSpace='rgb', lineWidth=1, name='center', opacity=1.0, ori=array(0.), pos=array([0., 0.]), size=array([0.5, 0.5]), units='cm', vertices=ndarray(...), win=Window(...), windingRule=None)
5.9661 	EXP 	Set  sound=./sound/left_speak.wav
5.9661 	EXP 	Set Sound  volume=1.000
5.9680 	EXP 	Created left = ShapeStim(__class__=<class 'psychopy.visual.shape.ShapeStim'>, autoDraw=False, autoLog=True, closeShape=True, contrast=1.0, depth=0.0, fillColor=array([1., 1., 1.]), fillColorSpace='rgb', interpolate=True, lineColor=array([1., 1., 1.]), lineColorSpace='rgb', lineWidth=1, name='left', opacity=1.0, ori=array(0.), pos=array([-10.,   0.]), size=array([0.5, 0.5]), units='cm', vertices=ndarray(...), win=Window(...), windingRule=None)
5.9687 	EXP 	Set  sound=./sound/right_speak.wav
5.9688 	EXP 	Set Sound  volume=1.000
5.9706 	EXP 	Created right = ShapeStim(__class__=<class 'psychopy.visual.shape.ShapeStim'>, autoDraw=False, autoLog=True, closeShape=True, contrast=1.0, depth=0.0, fillColor=array([1., 1., 1.]), fillColorSpace='rgb', interpolate=True, lineColor=array([1., 1., 1.]), lineColorSpace='rgb', lineWidth=1, name='right', opacity=1.0, ori=array(0.), pos=array([10.,  0.]), size=array([0.5, 0.5]), units='cm', vertices=ndarray(...), win=Window(...), windingRule=None)
5.9715 	EXP 	Set  sound=./sound/up_speak.wav
5.9715 	EXP 	Set Sound  volume=1.000
5.9733 	EXP 	Created up = ShapeStim(__class__=<class 'psychopy.visual.shape.ShapeStim'>, autoDraw=False, autoLog=True, closeShape=True, contrast=1.0, depth=0.0, fillColor=array([1., 1., 1.]), fillColorSpace='rgb', interpolate=True, lineColor=array([1., 1., 1.]), lineColorSpace='rgb', lineWidth=1, name='up', opacity=1.0, ori=array(0.), pos=array([ 0., 10.]), size=array([0.5, 0.5]), units='cm', vertices=ndarray(...), win=Window(...), windingRule=None)
5.9742 	EXP 	Set  sound=./sound/down_speak.wav
5.9742 	EXP 	Set Sound  volume=1.000
5.9760 	EXP 	Created down = ShapeStim(__class__=<class 'psychopy.visual.shape.ShapeStim'>, autoDraw=False, autoLog=True, closeShape=True, contrast=1.0, depth=0.0, fillColor=array([1., 1., 1.]), fillColorSpace='rgb', interpolate=True, lineColor=array([1., 1., 1.]), lineColorSpace='rgb', lineWidth=1, name='down', opacity=1.0, ori=array(0.), pos=array([  0., -10.]), size=array([0.5, 0.5]), units='cm', vertices=ndarray(...), win=Window(...), windingRule=None)
5.9841 	EXP 	Created esc = TextStim(__class__=<class 'psychopy.visual.text.TextStim'>, alignHoriz='center', alignVert='center', antialias=True, autoLog=True, bold=False, color='white', colorSpace='named', contrast=1.0, depth=0.0, flipHoriz=False, flipVert=False, font='Arial', fontFiles=[], height=0.1, italic=False, name='esc', opacity=1.0, ori=0, pos=array([0., 0.]), rgb=array([255., 255., 255.]), text="End of test\n\nPress 'esc'", units='norm', win=Window(...), wrapWidth=1)
6.0138 	EXP 	intro_text: autoDraw = True
6.0138 	EXP 	whitesquare: autoDraw = True
6.4667 	DATA 	Keypress: space
6.4971 	EXP 	intro_text: autoDraw = False
6.4971 	EXP 	whitesquare: autoDraw = False
6.4971 	EXP 	intro_text: autoDraw = True
6.7812 	DATA 	Keypress: space
6.7966 	EXP 	intro_text: autoDraw = False
9.2818 	DATA 	wsqS
9.2980 	EXP 	whitesquare: autoDraw = True
9.2991 	DATA 	wsqS
9.3147 	EXP 	whitesquare: autoDraw = True
9.3147 	EXP 	whitesquare: autoDraw = False
9.3155 	DATA 	wsqS
9.3309 	EXP 	whitesquare: autoDraw = True
9.3309 	EXP 	whitesquare: autoDraw = False
9.3317 	DATA 	wsqS
9.3484 	EXP 	whitesquare: autoDraw = True
9.3484 	EXP 	whitesquare: autoDraw = False
9.3490 	DATA 	wsqS
9.3650 	EXP 	whitesquare: autoDraw = True
9.3650 	EXP 	whitesquare: autoDraw = False
9.3660 	DATA 	wsqS
9.3807 	EXP 	whitesquare: autoDraw = True
9.3807 	EXP 	whitesquare: autoDraw = False
9.3814 	DATA 	wsqS
9.3982 	EXP 	whitesquare: autoDraw = True
9.3982 	EXP 	whitesquare: autoDraw = False
9.3989 	DATA 	wsqS
9.4148 	EXP 	whitesquare: autoDraw = True
9.4148 	EXP 	whitesquare: autoDraw = False
9.4155 	DATA 	wsqS
9.4308 	EXP 	whitesquare: autoDraw = True
9.4308 	EXP 	whitesquare: autoDraw = False
9.4317 	DATA 	wsqS
9.4477 	EXP 	whitesquare: autoDraw = True
9.4477 	EXP 	whitesquare: autoDraw = False
9.4484 	DATA 	wsqS
9.4653 	EXP 	whitesquare: autoDraw = True
9.4653 	EXP 	whitesquare: autoDraw = False
9.4660 	DATA 	wsqS
9.4806 	EXP 	whitesquare: autoDraw = True
9.4806 	EXP 	whitesquare: autoDraw = False
9.4812 	DATA 	wsqS
9.4980 	EXP 	whitesquare: autoDraw = True
9.4980 	EXP 	whitesquare: autoDraw = False
9.4987 	DATA 	wsqS
9.5145 	EXP 	whitesquare: autoDraw = True
9.5145 	EXP 	whitesquare: autoDraw = False
9.5150 	DATA 	wsqS
9.5308 	EXP 	whitesquare: autoDraw = True
9.5308 	EXP 	whitesquare: autoDraw = False
9.5317 	DATA 	wsqS
9.5480 	EXP 	whitesquare: autoDraw = True
9.5480 	EXP 	whitesquare: autoDraw = False
9.5487 	DATA 	wsqS
9.5654 	EXP 	whitesquare: autoDraw = True
9.5654 	EXP 	whitesquare: autoDraw = False
9.5661 	DATA 	wsqS
9.5806 	EXP 	whitesquare: autoDraw = True
9.5806 	EXP 	whitesquare: autoDraw = False
9.5814 	DATA 	wsqS
9.5977 	EXP 	whitesquare: autoDraw = True
9.5977 	EXP 	whitesquare: autoDraw = False
9.5985 	DATA 	wsqS
9.6140 	EXP 	whitesquare: autoDraw = True
9.6140 	EXP 	whitesquare: autoDraw = False
9.6146 	DATA 	wsqS
9.6309 	EXP 	whitesquare: autoDraw = True
9.6309 	EXP 	whitesquare: autoDraw = False
9.6316 	DATA 	wsqS
9.6472 	EXP 	whitesquare: autoDraw = True
9.6472 	EXP 	whitesquare: autoDraw = False
9.6481 	DATA 	wsqS
9.6643 	EXP 	whitesquare: autoDraw = True
9.6643 	EXP 	whitesquare: autoDraw = False
9.6651 	DATA 	wsqS
9.6806 	EXP 	whitesquare: autoDraw = True
9.6806 	EXP 	whitesquare: autoDraw = False
9.6814 	DATA 	wsqS
9.6976 	EXP 	whitesquare: autoDraw = True
9.6976 	EXP 	whitesquare: autoDraw = False
9.6982 	DATA 	wsqS
9.7140 	EXP 	whitesquare: autoDraw = True
9.7140 	EXP 	whitesquare: autoDraw = False
9.7147 	DATA 	wsqS
9.7310 	EXP 	whitesquare: autoDraw = True
9.7310 	EXP 	whitesquare: autoDraw = False
9.7316 	DATA 	wsqS
9.7473 	EXP 	whitesquare: autoDraw = True
9.7473 	EXP 	whitesquare: autoDraw = False
9.7480 	DATA 	wsqS
9.7643 	EXP 	whitesquare: autoDraw = True
9.7643 	EXP 	whitesquare: autoDraw = False
9.7651 	DATA 	wsqS
9.7806 	EXP 	whitesquare: autoDraw = True
9.7806 	EXP 	whitesquare: autoDraw = False
9.7812 	DATA 	wsqS
9.7976 	EXP 	whitesquare: autoDraw = True
9.7976 	EXP 	whitesquare: autoDraw = False
9.7984 	DATA 	wsqS
9.8140 	EXP 	whitesquare: autoDraw = True
9.8140 	EXP 	whitesquare: autoDraw = False
9.8148 	DATA 	wsqS
9.8311 	EXP 	whitesquare: autoDraw = True
9.8311 	EXP 	whitesquare: autoDraw = False
9.8320 	DATA 	wsqS
9.8472 	EXP 	whitesquare: autoDraw = True
9.8472 	EXP 	whitesquare: autoDraw = False
9.8479 	DATA 	wsqS
9.8643 	EXP 	whitesquare: autoDraw = True
9.8643 	EXP 	whitesquare: autoDraw = False
9.8652 	DATA 	wsqS
9.8807 	EXP 	whitesquare: autoDraw = True
9.8807 	EXP 	whitesquare: autoDraw = False
9.8814 	DATA 	wsqS
9.8977 	EXP 	whitesquare: autoDraw = True
9.8977 	EXP 	whitesquare: autoDraw = False
9.8984 	DATA 	wsqS
9.9141 	EXP 	whitesquare: autoDraw = True
9.9141 	EXP 	whitesquare: autoDraw = False
9.9149 	DATA 	wsqS
9.9310 	EXP 	whitesquare: autoDraw = True
9.9310 	EXP 	whitesquare: autoDraw = False
9.9318 	DATA 	wsqS
9.9475 	EXP 	whitesquare: autoDraw = True
9.9475 	EXP 	whitesquare: autoDraw = False
9.9483 	DATA 	wsqS
9.9644 	EXP 	whitesquare: autoDraw = True
9.9644 	EXP 	whitesquare: autoDraw = False
9.9653 	DATA 	wsqS
9.9807 	EXP 	whitesquare: autoDraw = True
9.9807 	EXP 	whitesquare: autoDraw = False
9.9815 	DATA 	wsqS
9.9977 	EXP 	whitesquare: autoDraw = True
9.9977 	EXP 	whitesquare: autoDraw = False
9.9985 	DATA 	wsqS
10.0141 	EXP 	whitesquare: autoDraw = True
10.0141 	EXP 	whitesquare: autoDraw = False
10.0148 	DATA 	wsqS
10.0313 	EXP 	whitesquare: autoDraw = True
10.0313 	EXP 	whitesquare: autoDraw = False
10.0321 	DATA 	wsqS
10.0474 	EXP 	whitesquare: autoDraw = True
10.0474 	EXP 	whitesquare: autoDraw = False
10.0481 	DATA 	wsqS
10.0645 	EXP 	whitesquare: autoDraw = True
10.0645 	EXP 	whitesquare: autoDraw = False
10.0652 	DATA 	wsqS
10.0808 	EXP 	whitesquare: autoDraw = True
10.0808 	EXP 	whitesquare: autoDraw = False
10.0815 	DATA 	wsqS
10.0978 	EXP 	whitesquare: autoDraw = True
10.0978 	EXP 	whitesquare: autoDraw = False
10.0986 	DATA 	wsqS
10.1142 	EXP 	whitesquare: autoDraw = True
10.1142 	EXP 	whitesquare: autoDraw = False
10.1150 	DATA 	wsqS
10.1311 	EXP 	whitesquare: autoDraw = True
10.1311 	EXP 	whitesquare: autoDraw = False
10.1320 	DATA 	wsqS
10.1477 	EXP 	whitesquare: autoDraw = True
10.1477 	EXP 	whitesquare: autoDraw = False
10.1484 	DATA 	wsqS
10.1644 	EXP 	whitesquare: autoDraw = True
10.1644 	EXP 	whitesquare: autoDraw = False
10.1652 	DATA 	wsqS
10.1808 	EXP 	whitesquare: autoDraw = True
10.1808 	EXP 	whitesquare: autoDraw = False
10.1816 	DATA 	wsqS
10.1978 	EXP 	whitesquare: autoDraw = True
10.1978 	EXP 	whitesquare: autoDraw = False
10.1986 	DATA 	wsqS
10.2143 	EXP 	whitesquare: autoDraw = True
10.2143 	EXP 	whitesquare: autoDraw = False
10.2150 	DATA 	wsqS
10.2315 	EXP 	whitesquare: autoDraw = True
10.2315 	EXP 	whitesquare: autoDraw = False
10.2323 	DATA 	wsqS
10.2474 	EXP 	whitesquare: autoDraw = True
10.2474 	EXP 	whitesquare: autoDraw = False
10.2482 	DATA 	wsqS
10.2645 	EXP 	whitesquare: autoDraw = True
10.2645 	EXP 	whitesquare: autoDraw = False
10.2653 	DATA 	wsqS
10.2808 	EXP 	whitesquare: autoDraw = True
10.2808 	EXP 	whitesquare: autoDraw = False
10.2816 	DATA 	wsqS
10.2979 	EXP 	whitesquare: autoDraw = True
10.2979 	EXP 	whitesquare: autoDraw = False
10.2987 	DATA 	wsqS
10.3145 	EXP 	whitesquare: autoDraw = True
10.3145 	EXP 	whitesquare: autoDraw = False
10.3152 	DATA 	wsqS
10.3313 	EXP 	whitesquare: autoDraw = True
10.3313 	EXP 	whitesquare: autoDraw = False
10.3320 	DATA 	wsqS
10.3475 	EXP 	whitesquare: autoDraw = True
10.3475 	EXP 	whitesquare: autoDraw = False
10.3483 	DATA 	wsqS
10.3646 	EXP 	whitesquare: autoDraw = True
10.3646 	EXP 	whitesquare: autoDraw = False
10.3653 	DATA 	wsqS
10.3808 	EXP 	whitesquare: autoDraw = True
10.3808 	EXP 	whitesquare: autoDraw = False
10.3815 	DATA 	wsqS
10.3980 	EXP 	whitesquare: autoDraw = True
10.3980 	EXP 	whitesquare: autoDraw = False
10.3987 	DATA 	wsqS
10.4143 	EXP 	whitesquare: autoDraw = True
10.4143 	EXP 	whitesquare: autoDraw = False
10.4150 	DATA 	wsqS
10.4312 	EXP 	whitesquare: autoDraw = True
10.4312 	EXP 	whitesquare: autoDraw = False
10.4320 	DATA 	wsqS
10.4476 	EXP 	whitesquare: autoDraw = True
10.4476 	EXP 	whitesquare: autoDraw = False
10.4482 	DATA 	wsqS
10.4646 	EXP 	whitesquare: autoDraw = True
10.4646 	EXP 	whitesquare: autoDraw = False
10.4653 	DATA 	wsqS
10.4811 	EXP 	whitesquare: autoDraw = True
10.4811 	EXP 	whitesquare: autoDraw = False
10.4818 	DATA 	wsqS
10.4986 	EXP 	whitesquare: autoDraw = True
10.4986 	EXP 	whitesquare: autoDraw = False
10.4995 	DATA 	wsqS
10.5147 	EXP 	whitesquare: autoDraw = True
10.5147 	EXP 	whitesquare: autoDraw = False
10.5156 	DATA 	wsqS
10.5316 	EXP 	whitesquare: autoDraw = True
10.5316 	EXP 	whitesquare: autoDraw = False
10.5322 	DATA 	wsqS
10.5482 	EXP 	whitesquare: autoDraw = True
10.5482 	EXP 	whitesquare: autoDraw = False
10.5491 	DATA 	wsqS
10.5654 	EXP 	whitesquare: autoDraw = True
10.5654 	EXP 	whitesquare: autoDraw = False
10.5662 	DATA 	wsqS
10.5816 	EXP 	whitesquare: autoDraw = True
10.5816 	EXP 	whitesquare: autoDraw = False
10.5825 	DATA 	wsqS
10.5992 	EXP 	whitesquare: autoDraw = True
10.5992 	EXP 	whitesquare: autoDraw = False
10.6000 	DATA 	wsqS
10.6151 	EXP 	whitesquare: autoDraw = True
10.6151 	EXP 	whitesquare: autoDraw = False
10.6159 	DATA 	wsqS
10.6317 	EXP 	whitesquare: autoDraw = True
10.6317 	EXP 	whitesquare: autoDraw = False
10.6328 	DATA 	wsqS
10.6477 	EXP 	whitesquare: autoDraw = True
10.6477 	EXP 	whitesquare: autoDraw = False
10.6482 	DATA 	wsqS
10.6646 	EXP 	whitesquare: autoDraw = True
10.6646 	EXP 	whitesquare: autoDraw = False
10.6655 	DATA 	wsqS
10.6811 	EXP 	whitesquare: autoDraw = True
10.6811 	EXP 	whitesquare: autoDraw = False
10.6819 	DATA 	wsqS
10.6980 	EXP 	whitesquare: autoDraw = True
10.6980 	EXP 	whitesquare: autoDraw = False
10.6988 	DATA 	wsqS
10.7146 	EXP 	whitesquare: autoDraw = True
10.7146 	EXP 	whitesquare: autoDraw = False
10.7153 	DATA 	wsqS
10.7314 	EXP 	whitesquare: autoDraw = True
10.7314 	EXP 	whitesquare: autoDraw = False
10.7322 	DATA 	wsqS
10.7478 	EXP 	whitesquare: autoDraw = True
10.7478 	EXP 	whitesquare: autoDraw = False
10.7486 	DATA 	wsqS
10.7647 	EXP 	whitesquare: autoDraw = True
10.7647 	EXP 	whitesquare: autoDraw = False
10.7655 	DATA 	wsqS
10.7810 	EXP 	whitesquare: autoDraw = True
10.7810 	EXP 	whitesquare: autoDraw = False
10.7818 	DATA 	wsqS
10.7980 	EXP 	whitesquare: autoDraw = True
10.7980 	EXP 	whitesquare: autoDraw = False
10.7989 	DATA 	wsqS
10.8147 	EXP 	whitesquare: autoDraw = True
10.8147 	EXP 	whitesquare: autoDraw = False
10.8155 	DATA 	wsqS
10.8314 	EXP 	whitesquare: autoDraw = True
10.8314 	EXP 	whitesquare: autoDraw = False
10.8322 	DATA 	wsqS
10.8477 	EXP 	whitesquare: autoDraw = True
10.8477 	EXP 	whitesquare: autoDraw = False
10.8485 	DATA 	wsqS
10.8648 	EXP 	whitesquare: autoDraw = True
10.8648 	EXP 	whitesquare: autoDraw = False
10.8655 	DATA 	wsqS
10.8811 	EXP 	whitesquare: autoDraw = True
10.8811 	EXP 	whitesquare: autoDraw = False
10.8819 	DATA 	wsqS
10.8983 	EXP 	whitesquare: autoDraw = True
10.8983 	EXP 	whitesquare: autoDraw = False
10.8991 	DATA 	wsqS
10.9146 	EXP 	whitesquare: autoDraw = True
10.9146 	EXP 	whitesquare: autoDraw = False
10.9154 	DATA 	wsqS
10.9316 	EXP 	whitesquare: autoDraw = True
10.9316 	EXP 	whitesquare: autoDraw = False
10.9324 	DATA 	wsqS
10.9478 	EXP 	whitesquare: autoDraw = True
10.9478 	EXP 	whitesquare: autoDraw = False
10.9486 	DATA 	wsqS
10.9649 	EXP 	whitesquare: autoDraw = True
10.9649 	EXP 	whitesquare: autoDraw = False
10.9657 	DATA 	wsqS
10.9815 	EXP 	whitesquare: autoDraw = True
10.9815 	EXP 	whitesquare: autoDraw = False
10.9822 	DATA 	wsqS
10.9982 	EXP 	whitesquare: autoDraw = True
10.9982 	EXP 	whitesquare: autoDraw = False
10.9989 	DATA 	wsqS
11.0148 	EXP 	whitesquare: autoDraw = True
11.0148 	EXP 	whitesquare: autoDraw = False
11.0155 	DATA 	wsqS
11.0318 	EXP 	whitesquare: autoDraw = True
11.0318 	EXP 	whitesquare: autoDraw = False
11.0325 	DATA 	wsqS
11.0478 	EXP 	whitesquare: autoDraw = True
11.0478 	EXP 	whitesquare: autoDraw = False
11.0487 	DATA 	wsqS
11.0648 	EXP 	whitesquare: autoDraw = True
11.0648 	EXP 	whitesquare: autoDraw = False
11.0659 	DATA 	wsqS
11.0811 	EXP 	whitesquare: autoDraw = True
11.0811 	EXP 	whitesquare: autoDraw = False
11.0820 	DATA 	wsqS
11.0983 	EXP 	whitesquare: autoDraw = True
11.0983 	EXP 	whitesquare: autoDraw = False
11.0990 	DATA 	wsqS
11.1148 	EXP 	whitesquare: autoDraw = True
11.1148 	EXP 	whitesquare: autoDraw = False
11.1155 	DATA 	wsqS
11.1318 	EXP 	whitesquare: autoDraw = True
11.1318 	EXP 	whitesquare: autoDraw = False
11.1325 	DATA 	wsqS
11.1482 	EXP 	whitesquare: autoDraw = True
11.1482 	EXP 	whitesquare: autoDraw = False
11.1490 	DATA 	wsqS
11.1649 	EXP 	whitesquare: autoDraw = True
11.1649 	EXP 	whitesquare: autoDraw = False
11.1658 	DATA 	wsqS
11.1812 	EXP 	whitesquare: autoDraw = True
11.1812 	EXP 	whitesquare: autoDraw = False
11.1819 	DATA 	wsqS
11.1982 	EXP 	whitesquare: autoDraw = True
11.1982 	EXP 	whitesquare: autoDraw = False
11.1991 	DATA 	wsqS
11.2149 	EXP 	whitesquare: autoDraw = True
11.2149 	EXP 	whitesquare: autoDraw = False
11.2155 	DATA 	wsqS
11.2318 	EXP 	whitesquare: autoDraw = True
11.2318 	EXP 	whitesquare: autoDraw = False
11.2330 	DATA 	wsqS
11.2481 	EXP 	whitesquare: autoDraw = True
11.2481 	EXP 	whitesquare: autoDraw = False
11.2488 	DATA 	wsqS
11.2652 	EXP 	whitesquare: autoDraw = True
11.2652 	EXP 	whitesquare: autoDraw = False
11.2657 	DATA 	wsqS
11.2816 	EXP 	whitesquare: autoDraw = True
11.2816 	EXP 	whitesquare: autoDraw = False
11.2821 	DATA 	wsqS
11.2828 	EXP 	Set  sound=./sound/open_speak.wav
11.2986 	EXP 	whitesquare: autoDraw = True
11.2986 	EXP 	whitesquare: autoDraw = False
13.7838 	DATA 	wsqS
13.7995 	EXP 	whitesquare: autoDraw = True
13.8002 	DATA 	wsqS
13.8160 	EXP 	whitesquare: autoDraw = True
13.8160 	EXP 	whitesquare: autoDraw = False
13.8167 	DATA 	wsqS
13.8328 	EXP 	whitesquare: autoDraw = True
13.8328 	EXP 	whitesquare: autoDraw = False
13.8335 	DATA 	wsqS
13.8492 	EXP 	whitesquare: autoDraw = True
13.8492 	EXP 	whitesquare: autoDraw = False
13.8499 	DATA 	wsqS
13.8663 	EXP 	whitesquare: autoDraw = True
13.8663 	EXP 	whitesquare: autoDraw = False
13.8670 	DATA 	wsqS
13.8827 	EXP 	whitesquare: autoDraw = True
13.8827 	EXP 	whitesquare: autoDraw = False
13.8835 	DATA 	wsqS
13.8995 	EXP 	whitesquare: autoDraw = True
13.8995 	EXP 	whitesquare: autoDraw = False
13.9002 	DATA 	wsqS
13.9161 	EXP 	whitesquare: autoDraw = True
13.9161 	EXP 	whitesquare: autoDraw = False
13.9169 	DATA 	wsqS
13.9329 	EXP 	whitesquare: autoDraw = True
13.9329 	EXP 	whitesquare: autoDraw = False
13.9337 	DATA 	wsqS
13.9492 	EXP 	whitesquare: autoDraw = True
13.9492 	EXP 	whitesquare: autoDraw = False
13.9499 	DATA 	wsqS
13.9664 	EXP 	whitesquare: autoDraw = True
13.9664 	EXP 	whitesquare: autoDraw = False
13.9672 	DATA 	wsqS
13.9825 	EXP 	whitesquare: autoDraw = True
13.9825 	EXP 	whitesquare: autoDraw = False
13.9833 	DATA 	wsqS
13.9997 	EXP 	whitesquare: autoDraw = True
13.9997 	EXP 	whitesquare: autoDraw = False
14.0005 	DATA 	wsqS
14.0163 	EXP 	whitesquare: autoDraw = True
14.0163 	EXP 	whitesquare: autoDraw = False
14.0170 	DATA 	wsqS
14.0329 	EXP 	whitesquare: autoDraw = True
14.0329 	EXP 	whitesquare: autoDraw = False
14.0337 	DATA 	wsqS
14.0497 	EXP 	whitesquare: autoDraw = True
14.0497 	EXP 	whitesquare: autoDraw = False
14.0505 	DATA 	wsqS
14.0663 	EXP 	whitesquare: autoDraw = True
14.0663 	EXP 	whitesquare: autoDraw = False
14.0670 	DATA 	wsqS
14.0826 	EXP 	whitesquare: autoDraw = True
14.0826 	EXP 	whitesquare: autoDraw = False
14.0835 	DATA 	wsqS
14.0996 	EXP 	whitesquare: autoDraw = True
14.0996 	EXP 	whitesquare: autoDraw = False
14.1004 	DATA 	wsqS
14.1162 	EXP 	whitesquare: autoDraw = True
14.1162 	EXP 	whitesquare: autoDraw = False
14.1168 	DATA 	wsqS
14.1330 	EXP 	whitesquare: autoDraw = True
14.1330 	EXP 	whitesquare: autoDraw = False
14.1337 	DATA 	wsqS
14.1493 	EXP 	whitesquare: autoDraw = True
14.1493 	EXP 	whitesquare: autoDraw = False
14.1500 	DATA 	wsqS
14.1664 	EXP 	whitesquare: autoDraw = True
14.1664 	EXP 	whitesquare: autoDraw = False
14.1670 	DATA 	wsqS
14.1826 	EXP 	whitesquare: autoDraw = True
14.1826 	EXP 	whitesquare: autoDraw = False
14.1833 	DATA 	wsqS
14.2004 	EXP 	whitesquare: autoDraw = True
14.2004 	EXP 	whitesquare: autoDraw = False
14.2009 	DATA 	wsqS
14.2162 	EXP 	whitesquare: autoDraw = True
14.2162 	EXP 	whitesquare: autoDraw = False
14.2169 	DATA 	wsqS
14.2331 	EXP 	whitesquare: autoDraw = True
14.2331 	EXP 	whitesquare: autoDraw = False
14.2339 	DATA 	wsqS
14.2493 	EXP 	whitesquare: autoDraw = True
14.2493 	EXP 	whitesquare: autoDraw = False
14.2503 	DATA 	wsqS
14.2665 	EXP 	whitesquare: autoDraw = True
14.2665 	EXP 	whitesquare: autoDraw = False
14.2673 	DATA 	wsqS
14.2827 	EXP 	whitesquare: autoDraw = True
14.2827 	EXP 	whitesquare: autoDraw = False
14.2836 	DATA 	wsqS
14.2998 	EXP 	whitesquare: autoDraw = True
14.2998 	EXP 	whitesquare: autoDraw = False
14.3007 	DATA 	wsqS
14.3163 	EXP 	whitesquare: autoDraw = True
14.3163 	EXP 	whitesquare: autoDraw = False
14.3169 	DATA 	wsqS
14.3332 	EXP 	whitesquare: autoDraw = True
14.3332 	EXP 	whitesquare: autoDraw = False
14.3339 	DATA 	wsqS
14.3494 	EXP 	whitesquare: autoDraw = True
14.3494 	EXP 	whitesquare: autoDraw = False
14.3502 	DATA 	wsqS
14.3664 	EXP 	whitesquare: autoDraw = True
14.3664 	EXP 	whitesquare: autoDraw = False
14.3673 	DATA 	wsqS
14.3828 	EXP 	whitesquare: autoDraw = True
14.3828 	EXP 	whitesquare: autoDraw = False
14.3835 	DATA 	wsqS
14.3998 	EXP 	whitesquare: autoDraw = True
14.3998 	EXP 	whitesquare: autoDraw = False
14.4006 	DATA 	wsqS
14.4164 	EXP 	whitesquare: autoDraw = True
14.4164 	EXP 	whitesquare: autoDraw = False
14.4170 	DATA 	wsqS
14.4332 	EXP 	whitesquare: autoDraw = True
14.4332 	EXP 	whitesquare: autoDraw = False
14.4339 	DATA 	wsqS
14.4495 	EXP 	whitesquare: autoDraw = True
14.4495 	EXP 	whitesquare: autoDraw = False
14.4501 	DATA 	wsqS
14.4665 	EXP 	whitesquare: autoDraw = True
14.4665 	EXP 	whitesquare: autoDraw = False
14.4671 	DATA 	wsqS
14.4828 	EXP 	whitesquare: autoDraw = True
14.4828 	EXP 	whitesquare: autoDraw = False
14.4836 	DATA 	wsqS
14.4999 	EXP 	whitesquare: autoDraw = True
14.4999 	EXP 	whitesquare: autoDraw = False
14.5008 	DATA 	wsqS
14.5167 	EXP 	whitesquare: autoDraw = True
14.5167 	EXP 	whitesquare: autoDraw = False
14.5173 	DATA 	wsqS
14.5332 	EXP 	whitesquare: autoDraw = True
14.5332 	EXP 	whitesquare: autoDraw = False
14.5341 	DATA 	wsqS
14.5495 	EXP 	whitesquare: autoDraw = True
14.5495 	EXP 	whitesquare: autoDraw = False
14.5502 	DATA 	wsqS
14.5665 	EXP 	whitesquare: autoDraw = True
14.5665 	EXP 	whitesquare: autoDraw = False
14.5674 	DATA 	wsqS
14.5829 	EXP 	whitesquare: autoDraw = True
14.5829 	EXP 	whitesquare: autoDraw = False
14.5842 	DATA 	wsqS
14.5999 	EXP 	whitesquare: autoDraw = True
14.5999 	EXP 	whitesquare: autoDraw = False
14.6006 	DATA 	wsqS
14.6168 	EXP 	whitesquare: autoDraw = True
14.6168 	EXP 	whitesquare: autoDraw = False
14.6175 	DATA 	wsqS
14.6332 	EXP 	whitesquare: autoDraw = True
14.6332 	EXP 	whitesquare: autoDraw = False
14.6340 	DATA 	wsqS
14.6497 	EXP 	whitesquare: autoDraw = True
14.6497 	EXP 	whitesquare: autoDraw = False
14.6504 	DATA 	wsqS
14.6666 	EXP 	whitesquare: autoDraw = True
14.6666 	EXP 	whitesquare: autoDraw = False
14.6673 	DATA 	wsqS
14.6829 	EXP 	whitesquare: autoDraw = True
14.6829 	EXP 	whitesquare: autoDraw = False
14.6837 	DATA 	wsqS
14.7001 	EXP 	whitesquare: autoDraw = True
14.7001 	EXP 	whitesquare: autoDraw = False
14.7008 	DATA 	wsqS
14.7166 	EXP 	whitesquare: autoDraw = True
14.7166 	EXP 	whitesquare: autoDraw = False
14.7173 	DATA 	wsqS
14.7334 	EXP 	whitesquare: autoDraw = True
14.7334 	EXP 	whitesquare: autoDraw = False
14.7341 	DATA 	wsqS
14.7496 	EXP 	whitesquare: autoDraw = True
14.7496 	EXP 	whitesquare: autoDraw = False
14.7504 	DATA 	wsqS
14.7668 	EXP 	whitesquare: autoDraw = True
14.7668 	EXP 	whitesquare: autoDraw = False
14.7676 	DATA 	wsqS
14.7829 	EXP 	whitesquare: autoDraw = True
14.7829 	EXP 	whitesquare: autoDraw = False
14.7838 	DATA 	wsqS
14.8001 	EXP 	whitesquare: autoDraw = True
14.8001 	EXP 	whitesquare: autoDraw = False
14.8009 	DATA 	wsqS
14.8165 	EXP 	whitesquare: autoDraw = True
14.8165 	EXP 	whitesquare: autoDraw = False
14.8172 	DATA 	wsqS
14.8334 	EXP 	whitesquare: autoDraw = True
14.8334 	EXP 	whitesquare: autoDraw = False
14.8342 	DATA 	wsqS
14.8496 	EXP 	whitesquare: autoDraw = True
14.8496 	EXP 	whitesquare: autoDraw = False
14.8505 	DATA 	wsqS
14.8668 	EXP 	whitesquare: autoDraw = True
14.8668 	EXP 	whitesquare: autoDraw = False
14.8675 	DATA 	wsqS
14.8831 	EXP 	whitesquare: autoDraw = True
14.8831 	EXP 	whitesquare: autoDraw = False
14.8837 	DATA 	wsqS
14.9001 	EXP 	whitesquare: autoDraw = True
14.9001 	EXP 	whitesquare: autoDraw = False
14.9010 	DATA 	wsqS
14.9166 	EXP 	whitesquare: autoDraw = True
14.9166 	EXP 	whitesquare: autoDraw = False
14.9173 	DATA 	wsqS
14.9334 	EXP 	whitesquare: autoDraw = True
14.9334 	EXP 	whitesquare: autoDraw = False
14.9341 	DATA 	wsqS
14.9497 	EXP 	whitesquare: autoDraw = True
14.9497 	EXP 	whitesquare: autoDraw = False
14.9505 	DATA 	wsqS
14.9669 	EXP 	whitesquare: autoDraw = True
14.9669 	EXP 	whitesquare: autoDraw = False
14.9676 	DATA 	wsqS
14.9832 	EXP 	whitesquare: autoDraw = True
14.9832 	EXP 	whitesquare: autoDraw = False
14.9840 	DATA 	wsqS
15.0006 	EXP 	whitesquare: autoDraw = True
15.0006 	EXP 	whitesquare: autoDraw = False
15.0013 	DATA 	wsqS
15.0166 	EXP 	whitesquare: autoDraw = True
15.0166 	EXP 	whitesquare: autoDraw = False
15.0173 	DATA 	wsqS
15.0337 	EXP 	whitesquare: autoDraw = True
15.0337 	EXP 	whitesquare: autoDraw = False
15.0344 	DATA 	wsqS
15.0498 	EXP 	whitesquare: autoDraw = True
15.0498 	EXP 	whitesquare: autoDraw = False
15.0504 	DATA 	wsqS
15.0670 	EXP 	whitesquare: autoDraw = True
15.0670 	EXP 	whitesquare: autoDraw = False
15.0677 	DATA 	wsqS
15.0835 	EXP 	whitesquare: autoDraw = True
15.0835 	EXP 	whitesquare: autoDraw = False
15.0840 	DATA 	wsqS
15.1003 	EXP 	whitesquare: autoDraw = True
15.1003 	EXP 	whitesquare: autoDraw = False
15.1009 	DATA 	wsqS
15.1167 	EXP 	whitesquare: autoDraw = True
15.1167 	EXP 	whitesquare: autoDraw = False
15.1172 	DATA 	wsqS
15.1340 	EXP 	whitesquare: autoDraw = True
15.1340 	EXP 	whitesquare: autoDraw = False
15.1346 	DATA 	wsqS
15.1500 	EXP 	whitesquare: autoDraw = True
15.1500 	EXP 	whitesquare: autoDraw = False
15.1506 	DATA 	wsqS
15.1670 	EXP 	whitesquare: autoDraw = True
15.1670 	EXP 	whitesquare: autoDraw = False
15.1677 	DATA 	wsqS
15.1841 	EXP 	whitesquare: autoDraw = True
15.1841 	EXP 	whitesquare: autoDraw = False
15.1848 	DATA 	wsqS
15.2004 	EXP 	whitesquare: autoDraw = True
15.2004 	EXP 	whitesquare: autoDraw = False
15.2010 	DATA 	wsqS
15.2169 	EXP 	whitesquare: autoDraw = True
15.2169 	EXP 	whitesquare: autoDraw = False
15.2175 	DATA 	wsqS
15.2339 	EXP 	whitesquare: autoDraw = True
15.2339 	EXP 	whitesquare: autoDraw = False
15.2347 	DATA 	wsqS
15.2501 	EXP 	whitesquare: autoDraw = True
15.2501 	EXP 	whitesquare: autoDraw = False
15.2506 	DATA 	wsqS
15.2672 	EXP 	whitesquare: autoDraw = True
15.2672 	EXP 	whitesquare: autoDraw = False
15.2677 	DATA 	wsqS
15.2835 	EXP 	whitesquare: autoDraw = True
15.2835 	EXP 	whitesquare: autoDraw = False
15.2840 	DATA 	wsqS
15.3006 	EXP 	whitesquare: autoDraw = True
15.3006 	EXP 	whitesquare: autoDraw = False
15.3012 	DATA 	wsqS
15.3174 	EXP 	whitesquare: autoDraw = True
15.3174 	EXP 	whitesquare: autoDraw = False
15.3182 	DATA 	wsqS
15.3345 	EXP 	whitesquare: autoDraw = True
15.3345 	EXP 	whitesquare: autoDraw = False
15.3354 	DATA 	wsqS
15.3506 	EXP 	whitesquare: autoDraw = True
15.3506 	EXP 	whitesquare: autoDraw = False
15.3512 	DATA 	wsqS
15.3677 	EXP 	whitesquare: autoDraw = True
15.3677 	EXP 	whitesquare: autoDraw = False
15.3683 	DATA 	wsqS
15.3835 	EXP 	whitesquare: autoDraw = True
15.3835 	EXP 	whitesquare: autoDraw = False
15.3840 	DATA 	wsqS
15.4004 	EXP 	whitesquare: autoDraw = True
15.4004 	EXP 	whitesquare: autoDraw = False
15.4012 	DATA 	wsqS
15.4172 	EXP 	whitesquare: autoDraw = True
15.4172 	EXP 	whitesquare: autoDraw = False
15.4178 	DATA 	wsqS
15.4339 	EXP 	whitesquare: autoDraw = True
15.4339 	EXP 	whitesquare: autoDraw = False
15.4345 	DATA 	wsqS
15.4502 	EXP 	whitesquare: autoDraw = True
15.4502 	EXP 	whitesquare: autoDraw = False
15.4508 	DATA 	wsqS
15.4674 	EXP 	whitesquare: autoDraw = True
15.4674 	EXP 	whitesquare: autoDraw = False
15.4680 	DATA 	wsqS
15.4842 	EXP 	whitesquare: autoDraw = True
15.4842 	EXP 	whitesquare: autoDraw = False
15.4851 	DATA 	wsqS
15.5009 	EXP 	whitesquare: autoDraw = True
15.5009 	EXP 	whitesquare: autoDraw = False
15.5015 	DATA 	wsqS
15.5171 	EXP 	whitesquare: autoDraw = True
15.5171 	EXP 	whitesquare: autoDraw = False
15.5177 	DATA 	wsqS
15.5343 	EXP 	whitesquare: autoDraw = True
15.5343 	EXP 	whitesquare: autoDraw = False
15.5349 	DATA 	wsqS
15.5507 	EXP 	whitesquare: autoDraw = True
15.5507 	EXP 	whitesquare: autoDraw = False
15.5511 	DATA 	wsqS
15.5677 	EXP 	whitesquare: autoDraw = True
15.5677 	EXP 	whitesquare: autoDraw = False
15.5683 	DATA 	wsqS
15.5836 	EXP 	whitesquare: autoDraw = True
15.5836 	EXP 	whitesquare: autoDraw = False
15.5841 	DATA 	wsqS
15.6008 	EXP 	whitesquare: autoDraw = True
15.6008 	EXP 	whitesquare: autoDraw = False
15.6014 	DATA 	wsqS
15.6170 	EXP 	whitesquare: autoDraw = True
15.6170 	EXP 	whitesquare: autoDraw = False
15.6174 	DATA 	wsqS
15.6342 	EXP 	whitesquare: autoDraw = True
15.6342 	EXP 	whitesquare: autoDraw = False
15.6347 	DATA 	wsqS
15.6506 	EXP 	whitesquare: autoDraw = True
15.6506 	EXP 	whitesquare: autoDraw = False
15.6510 	DATA 	wsqS
15.6673 	EXP 	whitesquare: autoDraw = True
15.6673 	EXP 	whitesquare: autoDraw = False
15.6678 	DATA 	wsqS
15.6837 	EXP 	whitesquare: autoDraw = True
15.6837 	EXP 	whitesquare: autoDraw = False
15.6841 	DATA 	wsqS
15.7008 	EXP 	whitesquare: autoDraw = True
15.7008 	EXP 	whitesquare: autoDraw = False
15.7012 	DATA 	wsqS
15.7173 	EXP 	whitesquare: autoDraw = True
15.7173 	EXP 	whitesquare: autoDraw = False
15.7179 	DATA 	wsqS
15.7346 	EXP 	whitesquare: autoDraw = True
15.7346 	EXP 	whitesquare: autoDraw = False
15.7353 	DATA 	wsqS
15.7508 	EXP 	whitesquare: autoDraw = True
15.7508 	EXP 	whitesquare: autoDraw = False
15.7516 	DATA 	wsqS
15.7680 	EXP 	whitesquare: autoDraw = True
15.7680 	EXP 	whitesquare: autoDraw = False
15.7685 	DATA 	wsqS
15.7838 	EXP 	whitesquare: autoDraw = True
15.7838 	EXP 	whitesquare: autoDraw = False
15.7845 	DATA 	wsqS
15.7846 	EXP 	Sound  started
16.7859 	EXP 	Sound  stopped
16.7862 	EXP 	Set  sound=./sound/left_speak.wav
16.7864 	EXP 	Set  sound=./sound/right_speak.wav
16.7865 	EXP 	Set  sound=./sound/up_speak.wav
16.7866 	EXP 	Set  sound=./sound/down_speak.wav
16.8013 	EXP 	whitesquare: autoDraw = True
16.8013 	EXP 	whitesquare: autoDraw = False
25.9720 	EXP 	esc: autoDraw = True
27.2374 	EXP 	window1: mouseVisible = True
