5.6409 	WARNING 	User requested fullscreen with size [1024  768], but screen is actually [1280, 800]. Using actual size
6.3825 	EXP 	Created window1 = Window(allowGUI=False, allowStencil=False, args=UNKNOWN, autoLog=True, bitsMode=UNKNOWN, blendMode='avg', color=array([-1., -1., -1.]), colorSpace='rgb', fullscr=UNKNOWN, gamma=None, kwargs=UNKNOWN, lms=UNKNOWN, monitor=<psychopy.monitors.calibTools.Monitor object at 0x1138823c8>, multiSample=False, name='window1', numSamples=2, pos=[0.0, 0.0], screen=0, size=array([2560, 1600]), stereo=False, units='norm', useFBO=True, useRetina=True, viewOri=0.0, viewPos=None, viewScale=None, waitBlanking=True, winType='pyglet')
6.3825 	EXP 	window1: recordFrameIntervals = False
6.5466 	EXP 	window1: recordFrameIntervals = True
6.7302 	EXP 	window1: recordFrameIntervals = False
6.7389 	EXP 	<method-wrapper '__getattribute__' of attributeSetter object at 0x105f8ef60>: vertices = array([[-0.25,  0.25],
       [ 0.25,  0.25],
       [ 0.25, -0.25],
       [-0.25, -0.25]])
6.7405 	EXP 	Created whitesquare = Rect(__class__=<class 'psychopy.visual.rect.Rect'>, autoDraw=False, autoLog=True, closeShape=True, contrast=1.0, depth=0.0, fillColor=array([1., 1., 1.]), fillColorSpace='rgb', fillRGB=array([1., 1., 1.]), interpolate=True, lineColor=array([1., 1., 1.]), lineColorSpace='rgb', lineRGB=array([1., 1., 1.]), lineWidth=1, name='whitesquare', opacity=0.9, ori=array(0.), pos=array([14.9, 11.2]), size=array([1., 1.]), units='cm', vertices=ndarray(...), win=Window(...))
6.8554 	EXP 	Created intro_text = TextStim(__class__=<class 'psychopy.visual.text.TextStim'>, alignHoriz='center', alignVert='center', antialias=True, autoLog=True, bold=False, color='white', colorSpace='named', contrast=1.0, depth=0.0, flipHoriz=False, flipVert=False, font='Arial', fontFiles=[], height=0.1, italic=False, name='intro_text', opacity=1.0, ori=0, pos=array([0., 0.]), rgb=array([255., 255., 255.]), text=str(...), units='norm', win=Window(...), wrapWidth=1)
6.8764 	EXP 	Created intro_text = TextStim(__class__=<class 'psychopy.visual.text.TextStim'>, alignHoriz='center', alignVert='center', antialias=True, autoLog=True, bold=False, color='white', colorSpace='named', contrast=1.0, depth=0.0, flipHoriz=False, flipVert=False, font='Arial', fontFiles=[], height=0.1, italic=False, name='intro_text', opacity=1.0, ori=0, pos=array([0., 0.]), rgb=array([255., 255., 255.]), text=str(...), units='norm', win=Window(...), wrapWidth=1)
6.8887 	EXP 	Created open_text = TextStim(__class__=<class 'psychopy.visual.text.TextStim'>, alignHoriz='center', alignVert='center', antialias=True, autoLog=True, bold=False, color='white', colorSpace='named', contrast=1.0, depth=0.0, flipHoriz=False, flipVert=False, font='Arial', fontFiles=[], height=0.1, italic=False, name='open_text', opacity=1.0, ori=0, pos=array([0., 0.]), rgb=array([255., 255., 255.]), text=str(...), units='norm', win=Window(...), wrapWidth=1)
6.8926 	EXP 	Created fixation = TextStim(__class__=<class 'psychopy.visual.text.TextStim'>, alignHoriz='center', alignVert='center', antialias=True, autoLog=True, bold=False, color='white', colorSpace='named', contrast=1.0, depth=-1.0, flipHoriz=False, flipVert=False, font='Arial', fontFiles=[], height=0.1, italic=False, name='fixation', opacity=1.0, ori=0, pos=array([0., 0.]), rgb=array([255., 255., 255.]), text='+\n', units='norm', win=Window(...), wrapWidth=1)
7.1714 	EXP 	window1: mouseVisible = True
5.4718 	WARNING 	User requested fullscreen with size [1024  768], but screen is actually [1280, 800]. Using actual size
6.1785 	EXP 	Created window1 = Window(allowGUI=False, allowStencil=False, args=UNKNOWN, autoLog=True, bitsMode=UNKNOWN, blendMode='avg', color=array([-1., -1., -1.]), colorSpace='rgb', fullscr=UNKNOWN, gamma=None, kwargs=UNKNOWN, lms=UNKNOWN, monitor=<psychopy.monitors.calibTools.Monitor object at 0x1124c2438>, multiSample=False, name='window1', numSamples=2, pos=[0.0, 0.0], screen=0, size=array([2560, 1600]), stereo=False, units='norm', useFBO=True, useRetina=True, viewOri=0.0, viewPos=None, viewScale=None, waitBlanking=True, winType='pyglet')
6.1785 	EXP 	window1: recordFrameIntervals = False
6.3441 	EXP 	window1: recordFrameIntervals = True
6.5273 	EXP 	window1: recordFrameIntervals = False
6.5363 	EXP 	<method-wrapper '__getattribute__' of attributeSetter object at 0x10779efd0>: vertices = array([[-0.25,  0.25],
       [ 0.25,  0.25],
       [ 0.25, -0.25],
       [-0.25, -0.25]])
6.5379 	EXP 	Created whitesquare = Rect(__class__=<class 'psychopy.visual.rect.Rect'>, autoDraw=False, autoLog=True, closeShape=True, contrast=1.0, depth=0.0, fillColor=array([1., 1., 1.]), fillColorSpace='rgb', fillRGB=array([1., 1., 1.]), interpolate=True, lineColor=array([1., 1., 1.]), lineColorSpace='rgb', lineRGB=array([1., 1., 1.]), lineWidth=1, name='whitesquare', opacity=0.9, ori=array(0.), pos=array([14.9, 11.2]), size=array([1., 1.]), units='cm', vertices=ndarray(...), win=Window(...))
6.6504 	EXP 	Created intro_text = TextStim(__class__=<class 'psychopy.visual.text.TextStim'>, alignHoriz='center', alignVert='center', antialias=True, autoLog=True, bold=False, color='white', colorSpace='named', contrast=1.0, depth=0.0, flipHoriz=False, flipVert=False, font='Arial', fontFiles=[], height=0.1, italic=False, name='intro_text', opacity=1.0, ori=0, pos=array([0., 0.]), rgb=array([255., 255., 255.]), text=str(...), units='norm', win=Window(...), wrapWidth=1)
6.6714 	EXP 	Created intro_text = TextStim(__class__=<class 'psychopy.visual.text.TextStim'>, alignHoriz='center', alignVert='center', antialias=True, autoLog=True, bold=False, color='white', colorSpace='named', contrast=1.0, depth=0.0, flipHoriz=False, flipVert=False, font='Arial', fontFiles=[], height=0.1, italic=False, name='intro_text', opacity=1.0, ori=0, pos=array([0., 0.]), rgb=array([255., 255., 255.]), text=str(...), units='norm', win=Window(...), wrapWidth=1)
6.6833 	EXP 	Created open_text = TextStim(__class__=<class 'psychopy.visual.text.TextStim'>, alignHoriz='center', alignVert='center', antialias=True, autoLog=True, bold=False, color='white', colorSpace='named', contrast=1.0, depth=0.0, flipHoriz=False, flipVert=False, font='Arial', fontFiles=[], height=0.1, italic=False, name='open_text', opacity=1.0, ori=0, pos=array([0., 0.]), rgb=array([255., 255., 255.]), text=str(...), units='norm', win=Window(...), wrapWidth=1)
6.6872 	EXP 	Created fixation = TextStim(__class__=<class 'psychopy.visual.text.TextStim'>, alignHoriz='center', alignVert='center', antialias=True, autoLog=True, bold=False, color='white', colorSpace='named', contrast=1.0, depth=-1.0, flipHoriz=False, flipVert=False, font='Arial', fontFiles=[], height=0.1, italic=False, name='fixation', opacity=1.0, ori=0, pos=array([0., 0.]), rgb=array([255., 255., 255.]), text='+\n', units='norm', win=Window(...), wrapWidth=1)
6.6992 	EXP 	Created close_text = TextStim(__class__=<class 'psychopy.visual.text.TextStim'>, alignHoriz='center', alignVert='center', antialias=True, autoLog=True, bold=False, color='white', colorSpace='named', contrast=1.0, depth=0.0, flipHoriz=False, flipVert=False, font='Arial', fontFiles=[], height=0.1, italic=False, name='close_text', opacity=1.0, ori=0, pos=array([0., 0.]), rgb=array([255., 255., 255.]), text=str(...), units='norm', win=Window(...), wrapWidth=1)
6.7017 	EXP 	Created blank = TextStim(__class__=<class 'psychopy.visual.text.TextStim'>, alignHoriz='center', alignVert='center', antialias=True, autoLog=True, bold=False, color='white', colorSpace='named', contrast=1.0, depth=-1.0, flipHoriz=False, flipVert=False, font='Arial', fontFiles=[], height=0.1, italic=False, name='blank', opacity=1.0, ori=0, pos=array([0., 0.]), rgb=array([255., 255., 255.]), text=' ', units='norm', win=Window(...), wrapWidth=1)
6.7615 	EXP 	Set  sound=open_speak.wav
6.7616 	EXP 	Set Sound  volume=1.000
6.7709 	EXP 	Created gaze_text = TextStim(__class__=<class 'psychopy.visual.text.TextStim'>, alignHoriz='center', alignVert='center', antialias=True, autoLog=True, bold=False, color='white', colorSpace='named', contrast=1.0, depth=0.0, flipHoriz=False, flipVert=False, font='Arial', fontFiles=[], height=0.1, italic=False, name='gaze_text', opacity=1.0, ori=0, pos=array([0., 0.]), rgb=array([255., 255., 255.]), text=str(...), units='norm', win=Window(...), wrapWidth=1)
6.7735 	EXP 	Created left = TextStim(__class__=<class 'psychopy.visual.text.TextStim'>, alignHoriz='center', alignVert='center', antialias=True, autoLog=True, bold=False, color='white', colorSpace='named', contrast=1.0, depth=-1.0, flipHoriz=False, flipVert=False, font='Arial', fontFiles=[], height=0.1, italic=False, name='left', opacity=1.0, ori=0, pos=array([-0.9,  0. ]), rgb=array([255., 255., 255.]), text='+', units='norm', win=Window(...), wrapWidth=1)
6.7764 	EXP 	Created right = TextStim(__class__=<class 'psychopy.visual.text.TextStim'>, alignHoriz='center', alignVert='center', antialias=True, autoLog=True, bold=False, color='white', colorSpace='named', contrast=1.0, depth=-2.0, flipHoriz=False, flipVert=False, font='Arial', fontFiles=[], height=0.1, italic=False, name='right', opacity=1.0, ori=0, pos=array([0.9, 0. ]), rgb=array([255., 255., 255.]), text='+\n', units='norm', win=Window(...), wrapWidth=1)
6.7790 	EXP 	Created up = TextStim(__class__=<class 'psychopy.visual.text.TextStim'>, alignHoriz='center', alignVert='center', antialias=True, autoLog=True, bold=False, color='white', colorSpace='named', contrast=1.0, depth=-3.0, flipHoriz=False, flipVert=False, font='Arial', fontFiles=[], height=0.1, italic=False, name='up', opacity=1.0, ori=0, pos=array([0. , 0.9]), rgb=array([255., 255., 255.]), text='+', units='norm', win=Window(...), wrapWidth=1)
6.7828 	EXP 	Created down = TextStim(__class__=<class 'psychopy.visual.text.TextStim'>, alignHoriz='center', alignVert='center', antialias=True, autoLog=True, bold=False, color='white', colorSpace='named', contrast=1.0, depth=-4.0, flipHoriz=False, flipVert=False, font='Arial', fontFiles=[], height=0.1, italic=False, name='down', opacity=1.0, ori=0, pos=array([ 0. , -0.9]), rgb=array([255., 255., 255.]), text='+', units='norm', win=Window(...), wrapWidth=1)
6.7920 	EXP 	Created esc = TextStim(__class__=<class 'psychopy.visual.text.TextStim'>, alignHoriz='center', alignVert='center', antialias=True, autoLog=True, bold=False, color='white', colorSpace='named', contrast=1.0, depth=0.0, flipHoriz=False, flipVert=False, font='Arial', fontFiles=[], height=0.1, italic=False, name='esc', opacity=1.0, ori=0, pos=array([0., 0.]), rgb=array([255., 255., 255.]), text="End of test\n\nPress 'esc'", units='norm', win=Window(...), wrapWidth=1)
6.8286 	EXP 	intro_text: autoDraw = True
6.8286 	EXP 	whitesquare: autoDraw = True
9.0994 	DATA 	Keypress: space
9.1115 	EXP 	intro_text: autoDraw = False
9.1115 	EXP 	whitesquare: autoDraw = False
9.1115 	EXP 	intro_text: autoDraw = True
9.9989 	DATA 	Keypress: space
10.0120 	EXP 	intro_text: autoDraw = False
10.0120 	EXP 	open_text: autoDraw = True
13.9978 	DATA 	wsqS
14.0139 	EXP 	open_text: autoDraw = False
14.0139 	EXP 	fixation: autoDraw = True
14.0139 	EXP 	whitesquare: autoDraw = True
14.0310 	EXP 	whitesquare: autoDraw = False
14.0479 	EXP 	whitesquare: autoDraw = False
14.1315 	EXP 	whitesquare: autoDraw = False
14.1488 	EXP 	whitesquare: autoDraw = False
14.1654 	EXP 	whitesquare: autoDraw = False
14.1822 	EXP 	whitesquare: autoDraw = False
14.1998 	EXP 	whitesquare: autoDraw = False
14.2161 	EXP 	whitesquare: autoDraw = False
14.2322 	EXP 	whitesquare: autoDraw = False
14.2478 	EXP 	whitesquare: autoDraw = False
14.2655 	EXP 	whitesquare: autoDraw = False
14.2809 	EXP 	whitesquare: autoDraw = False
14.2980 	EXP 	whitesquare: autoDraw = False
14.3142 	EXP 	whitesquare: autoDraw = False
14.3312 	EXP 	whitesquare: autoDraw = False
14.3474 	EXP 	whitesquare: autoDraw = False
14.3645 	EXP 	whitesquare: autoDraw = False
14.3808 	EXP 	whitesquare: autoDraw = False
14.3980 	EXP 	whitesquare: autoDraw = False
14.4142 	EXP 	whitesquare: autoDraw = False
14.4311 	EXP 	whitesquare: autoDraw = False
14.4474 	EXP 	whitesquare: autoDraw = False
14.4650 	EXP 	whitesquare: autoDraw = False
14.4811 	EXP 	whitesquare: autoDraw = False
14.4978 	EXP 	whitesquare: autoDraw = False
14.5141 	EXP 	whitesquare: autoDraw = False
14.5313 	EXP 	whitesquare: autoDraw = False
14.5475 	EXP 	whitesquare: autoDraw = False
14.5646 	EXP 	whitesquare: autoDraw = False
14.5811 	EXP 	whitesquare: autoDraw = False
14.5978 	EXP 	whitesquare: autoDraw = False
14.6144 	EXP 	whitesquare: autoDraw = False
14.6312 	EXP 	whitesquare: autoDraw = False
14.6475 	EXP 	whitesquare: autoDraw = False
14.6646 	EXP 	whitesquare: autoDraw = False
14.6810 	EXP 	whitesquare: autoDraw = False
14.6979 	EXP 	whitesquare: autoDraw = False
14.7144 	EXP 	whitesquare: autoDraw = False
14.7314 	EXP 	whitesquare: autoDraw = False
14.7479 	EXP 	whitesquare: autoDraw = False
14.7647 	EXP 	whitesquare: autoDraw = False
14.7814 	EXP 	whitesquare: autoDraw = False
14.7981 	EXP 	whitesquare: autoDraw = False
14.8143 	EXP 	whitesquare: autoDraw = False
14.8313 	EXP 	whitesquare: autoDraw = False
14.8476 	EXP 	whitesquare: autoDraw = False
14.8647 	EXP 	whitesquare: autoDraw = False
14.8811 	EXP 	whitesquare: autoDraw = False
14.8982 	EXP 	whitesquare: autoDraw = False
14.9145 	EXP 	whitesquare: autoDraw = False
14.9317 	EXP 	whitesquare: autoDraw = False
14.9478 	EXP 	whitesquare: autoDraw = False
14.9650 	EXP 	whitesquare: autoDraw = False
14.9812 	EXP 	whitesquare: autoDraw = False
14.9987 	EXP 	whitesquare: autoDraw = False
15.0145 	EXP 	whitesquare: autoDraw = False
15.0322 	EXP 	whitesquare: autoDraw = False
15.0477 	EXP 	whitesquare: autoDraw = False
15.0648 	EXP 	whitesquare: autoDraw = False
15.0811 	EXP 	whitesquare: autoDraw = False
15.0982 	EXP 	whitesquare: autoDraw = False
15.1145 	EXP 	whitesquare: autoDraw = False
15.1317 	EXP 	whitesquare: autoDraw = False
15.1481 	EXP 	whitesquare: autoDraw = False
15.1651 	EXP 	whitesquare: autoDraw = False
15.1813 	EXP 	whitesquare: autoDraw = False
15.1984 	EXP 	whitesquare: autoDraw = False
15.2146 	EXP 	whitesquare: autoDraw = False
15.2317 	EXP 	whitesquare: autoDraw = False
15.2484 	EXP 	whitesquare: autoDraw = False
15.2655 	EXP 	whitesquare: autoDraw = False
15.2819 	EXP 	whitesquare: autoDraw = False
15.2988 	EXP 	whitesquare: autoDraw = False
15.3152 	EXP 	whitesquare: autoDraw = False
15.3324 	EXP 	whitesquare: autoDraw = False
15.3479 	EXP 	whitesquare: autoDraw = False
15.3652 	EXP 	whitesquare: autoDraw = False
15.3816 	EXP 	whitesquare: autoDraw = False
15.3987 	EXP 	whitesquare: autoDraw = False
15.4149 	EXP 	whitesquare: autoDraw = False
15.4320 	EXP 	whitesquare: autoDraw = False
15.4483 	EXP 	whitesquare: autoDraw = False
15.4653 	EXP 	whitesquare: autoDraw = False
15.4820 	EXP 	whitesquare: autoDraw = False
15.4990 	EXP 	whitesquare: autoDraw = False
15.5151 	EXP 	whitesquare: autoDraw = False
15.5321 	EXP 	whitesquare: autoDraw = False
15.5486 	EXP 	whitesquare: autoDraw = False
15.5656 	EXP 	whitesquare: autoDraw = False
15.5818 	EXP 	whitesquare: autoDraw = False
15.5987 	EXP 	whitesquare: autoDraw = False
15.6151 	EXP 	whitesquare: autoDraw = False
15.6320 	EXP 	whitesquare: autoDraw = False
15.6482 	EXP 	whitesquare: autoDraw = False
15.6655 	EXP 	whitesquare: autoDraw = False
15.6820 	EXP 	whitesquare: autoDraw = False
15.6989 	EXP 	whitesquare: autoDraw = False
15.7151 	EXP 	whitesquare: autoDraw = False
15.7324 	EXP 	whitesquare: autoDraw = False
15.7484 	EXP 	whitesquare: autoDraw = False
15.7655 	EXP 	whitesquare: autoDraw = False
15.7821 	EXP 	whitesquare: autoDraw = False
15.7991 	EXP 	whitesquare: autoDraw = False
15.8153 	EXP 	whitesquare: autoDraw = False
15.8323 	EXP 	whitesquare: autoDraw = False
15.8486 	EXP 	whitesquare: autoDraw = False
15.8657 	EXP 	whitesquare: autoDraw = False
15.8818 	EXP 	whitesquare: autoDraw = False
15.8990 	EXP 	whitesquare: autoDraw = False
15.9153 	EXP 	whitesquare: autoDraw = False
15.9324 	EXP 	whitesquare: autoDraw = False
15.9485 	EXP 	whitesquare: autoDraw = False
15.9660 	EXP 	whitesquare: autoDraw = False
15.9828 	EXP 	whitesquare: autoDraw = False
15.9996 	EXP 	whitesquare: autoDraw = False
16.0159 	EXP 	whitesquare: autoDraw = False
16.0328 	EXP 	whitesquare: autoDraw = False
16.0494 	EXP 	whitesquare: autoDraw = False
16.0668 	EXP 	whitesquare: autoDraw = False
16.0822 	EXP 	whitesquare: autoDraw = False
16.0995 	EXP 	whitesquare: autoDraw = False
16.1158 	EXP 	whitesquare: autoDraw = False
16.1323 	EXP 	whitesquare: autoDraw = False
16.1489 	EXP 	whitesquare: autoDraw = False
16.1654 	EXP 	whitesquare: autoDraw = False
16.1817 	EXP 	whitesquare: autoDraw = False
16.1988 	EXP 	whitesquare: autoDraw = False
16.2151 	EXP 	whitesquare: autoDraw = False
16.2323 	EXP 	whitesquare: autoDraw = False
16.2484 	EXP 	whitesquare: autoDraw = False
16.2654 	EXP 	whitesquare: autoDraw = False
16.2818 	EXP 	whitesquare: autoDraw = False
16.2987 	EXP 	whitesquare: autoDraw = False
16.3152 	EXP 	whitesquare: autoDraw = False
16.3326 	EXP 	whitesquare: autoDraw = False
16.3486 	EXP 	whitesquare: autoDraw = False
16.3661 	EXP 	whitesquare: autoDraw = False
16.3823 	EXP 	whitesquare: autoDraw = False
16.3996 	EXP 	whitesquare: autoDraw = False
16.4155 	EXP 	whitesquare: autoDraw = False
16.4329 	EXP 	whitesquare: autoDraw = False
16.4488 	EXP 	whitesquare: autoDraw = False
16.4660 	EXP 	whitesquare: autoDraw = False
16.4823 	EXP 	whitesquare: autoDraw = False
16.4995 	EXP 	whitesquare: autoDraw = False
16.5157 	EXP 	whitesquare: autoDraw = False
16.5328 	EXP 	whitesquare: autoDraw = False
16.5491 	EXP 	whitesquare: autoDraw = False
16.5663 	EXP 	whitesquare: autoDraw = False
16.5827 	EXP 	whitesquare: autoDraw = False
16.5997 	EXP 	whitesquare: autoDraw = False
16.6160 	EXP 	whitesquare: autoDraw = False
16.6332 	EXP 	whitesquare: autoDraw = False
16.6494 	EXP 	whitesquare: autoDraw = False
16.6664 	EXP 	whitesquare: autoDraw = False
16.6827 	EXP 	whitesquare: autoDraw = False
16.6999 	EXP 	whitesquare: autoDraw = False
16.7161 	EXP 	whitesquare: autoDraw = False
16.7336 	EXP 	whitesquare: autoDraw = False
16.7491 	EXP 	whitesquare: autoDraw = False
16.7666 	EXP 	whitesquare: autoDraw = False
16.7826 	EXP 	whitesquare: autoDraw = False
16.7998 	EXP 	whitesquare: autoDraw = False
16.8158 	EXP 	whitesquare: autoDraw = False
16.8329 	EXP 	whitesquare: autoDraw = False
16.8493 	EXP 	whitesquare: autoDraw = False
16.8663 	EXP 	whitesquare: autoDraw = False
16.8826 	EXP 	whitesquare: autoDraw = False
16.8995 	EXP 	whitesquare: autoDraw = False
16.9159 	EXP 	whitesquare: autoDraw = False
16.9329 	EXP 	whitesquare: autoDraw = False
16.9493 	EXP 	whitesquare: autoDraw = False
16.9659 	EXP 	whitesquare: autoDraw = False
16.9820 	EXP 	whitesquare: autoDraw = False
16.9993 	EXP 	whitesquare: autoDraw = False
17.0155 	EXP 	whitesquare: autoDraw = False
17.0326 	EXP 	whitesquare: autoDraw = False
17.0492 	EXP 	whitesquare: autoDraw = False
17.0658 	EXP 	whitesquare: autoDraw = False
17.0823 	EXP 	whitesquare: autoDraw = False
17.0995 	EXP 	whitesquare: autoDraw = False
17.1155 	EXP 	whitesquare: autoDraw = False
17.1325 	EXP 	whitesquare: autoDraw = False
17.1488 	EXP 	whitesquare: autoDraw = False
17.1658 	EXP 	whitesquare: autoDraw = False
17.1822 	EXP 	whitesquare: autoDraw = False
17.1992 	EXP 	whitesquare: autoDraw = False
17.2155 	EXP 	whitesquare: autoDraw = False
17.2327 	EXP 	whitesquare: autoDraw = False
17.2488 	EXP 	whitesquare: autoDraw = False
17.2664 	EXP 	whitesquare: autoDraw = False
17.2823 	EXP 	whitesquare: autoDraw = False
17.2994 	EXP 	whitesquare: autoDraw = False
17.3158 	EXP 	whitesquare: autoDraw = False
17.3326 	EXP 	whitesquare: autoDraw = False
17.3490 	EXP 	whitesquare: autoDraw = False
17.3660 	EXP 	whitesquare: autoDraw = False
17.3823 	EXP 	whitesquare: autoDraw = False
17.3994 	EXP 	whitesquare: autoDraw = False
17.4157 	EXP 	whitesquare: autoDraw = False
17.4326 	EXP 	whitesquare: autoDraw = False
17.4490 	EXP 	whitesquare: autoDraw = False
17.4660 	EXP 	whitesquare: autoDraw = False
17.4825 	EXP 	whitesquare: autoDraw = False
17.4994 	EXP 	whitesquare: autoDraw = False
17.5157 	EXP 	whitesquare: autoDraw = False
17.5329 	EXP 	whitesquare: autoDraw = False
17.5490 	EXP 	whitesquare: autoDraw = False
17.5662 	EXP 	whitesquare: autoDraw = False
17.5827 	EXP 	whitesquare: autoDraw = False
17.5994 	EXP 	whitesquare: autoDraw = False
17.6163 	EXP 	whitesquare: autoDraw = False
17.6330 	EXP 	whitesquare: autoDraw = False
17.6492 	EXP 	whitesquare: autoDraw = False
17.6662 	EXP 	whitesquare: autoDraw = False
17.6826 	EXP 	whitesquare: autoDraw = False
17.6996 	EXP 	whitesquare: autoDraw = False
17.7158 	EXP 	whitesquare: autoDraw = False
17.7330 	EXP 	whitesquare: autoDraw = False
17.7491 	EXP 	whitesquare: autoDraw = False
17.7663 	EXP 	whitesquare: autoDraw = False
17.7826 	EXP 	whitesquare: autoDraw = False
17.7996 	EXP 	whitesquare: autoDraw = False
17.8159 	EXP 	whitesquare: autoDraw = False
17.8330 	EXP 	whitesquare: autoDraw = False
17.8492 	EXP 	whitesquare: autoDraw = False
17.8662 	EXP 	whitesquare: autoDraw = False
17.8826 	EXP 	whitesquare: autoDraw = False
17.8997 	EXP 	whitesquare: autoDraw = False
17.9161 	EXP 	whitesquare: autoDraw = False
17.9329 	EXP 	whitesquare: autoDraw = False
17.9493 	EXP 	whitesquare: autoDraw = False
17.9666 	EXP 	whitesquare: autoDraw = False
17.9826 	EXP 	whitesquare: autoDraw = False
18.0000 	EXP 	whitesquare: autoDraw = False
18.0159 	EXP 	whitesquare: autoDraw = False
18.0332 	EXP 	whitesquare: autoDraw = False
18.0493 	EXP 	whitesquare: autoDraw = False
18.0665 	EXP 	whitesquare: autoDraw = False
18.0827 	EXP 	whitesquare: autoDraw = False
18.0999 	EXP 	whitesquare: autoDraw = False
18.1161 	EXP 	whitesquare: autoDraw = False
18.1335 	EXP 	whitesquare: autoDraw = False
18.1494 	EXP 	whitesquare: autoDraw = False
18.1666 	EXP 	whitesquare: autoDraw = False
18.1828 	EXP 	whitesquare: autoDraw = False
18.1999 	EXP 	whitesquare: autoDraw = False
18.2163 	EXP 	whitesquare: autoDraw = False
18.2332 	EXP 	whitesquare: autoDraw = False
18.2494 	EXP 	whitesquare: autoDraw = False
18.2669 	EXP 	whitesquare: autoDraw = False
18.2828 	EXP 	whitesquare: autoDraw = False
18.2999 	EXP 	whitesquare: autoDraw = False
18.3171 	EXP 	whitesquare: autoDraw = False
18.3331 	EXP 	whitesquare: autoDraw = False
18.3494 	EXP 	whitesquare: autoDraw = False
18.3666 	EXP 	whitesquare: autoDraw = False
18.3828 	EXP 	whitesquare: autoDraw = False
18.4000 	EXP 	whitesquare: autoDraw = False
18.4165 	EXP 	whitesquare: autoDraw = False
18.4333 	EXP 	whitesquare: autoDraw = False
18.4497 	EXP 	whitesquare: autoDraw = False
18.4666 	EXP 	whitesquare: autoDraw = False
18.4828 	EXP 	whitesquare: autoDraw = False
18.4998 	EXP 	whitesquare: autoDraw = False
18.5162 	EXP 	whitesquare: autoDraw = False
18.5331 	EXP 	whitesquare: autoDraw = False
18.5494 	EXP 	whitesquare: autoDraw = False
18.5664 	EXP 	whitesquare: autoDraw = False
18.5828 	EXP 	whitesquare: autoDraw = False
18.5999 	EXP 	whitesquare: autoDraw = False
18.6161 	EXP 	whitesquare: autoDraw = False
18.6330 	EXP 	whitesquare: autoDraw = False
18.6497 	EXP 	whitesquare: autoDraw = False
18.6664 	EXP 	whitesquare: autoDraw = False
18.6828 	EXP 	whitesquare: autoDraw = False
18.6999 	EXP 	whitesquare: autoDraw = False
18.7161 	EXP 	whitesquare: autoDraw = False
18.7331 	EXP 	whitesquare: autoDraw = False
18.7494 	EXP 	whitesquare: autoDraw = False
18.7664 	EXP 	whitesquare: autoDraw = False
18.7828 	EXP 	whitesquare: autoDraw = False
18.7998 	EXP 	whitesquare: autoDraw = False
18.8161 	EXP 	whitesquare: autoDraw = False
18.8335 	EXP 	whitesquare: autoDraw = False
18.8494 	EXP 	whitesquare: autoDraw = False
18.8672 	EXP 	whitesquare: autoDraw = False
18.8828 	EXP 	whitesquare: autoDraw = False
18.9004 	EXP 	whitesquare: autoDraw = False
18.9162 	EXP 	whitesquare: autoDraw = False
18.9332 	EXP 	whitesquare: autoDraw = False
18.9495 	EXP 	whitesquare: autoDraw = False
18.9668 	EXP 	whitesquare: autoDraw = False
18.9829 	EXP 	whitesquare: autoDraw = False
18.9999 	EXP 	whitesquare: autoDraw = False
19.0163 	EXP 	whitesquare: autoDraw = False
19.0333 	EXP 	whitesquare: autoDraw = False
19.0495 	EXP 	whitesquare: autoDraw = False
19.0666 	EXP 	whitesquare: autoDraw = False
19.0820 	EXP 	Set  sound=A
19.1000 	EXP 	whitesquare: autoDraw = False
19.1000 	EXP 	fixation: autoDraw = False
19.1000 	EXP 	open_text: autoDraw = False
19.1000 	EXP 	fixation: autoDraw = False
19.1000 	EXP 	close_text: autoDraw = True
23.0854 	DATA 	wsqS
23.1015 	EXP 	close_text: autoDraw = False
23.1015 	EXP 	blank: autoDraw = True
23.1015 	EXP 	whitesquare: autoDraw = True
23.1187 	EXP 	whitesquare: autoDraw = False
23.1352 	EXP 	whitesquare: autoDraw = False
23.1519 	EXP 	whitesquare: autoDraw = False
23.1682 	EXP 	whitesquare: autoDraw = False
23.1853 	EXP 	whitesquare: autoDraw = False
23.2016 	EXP 	whitesquare: autoDraw = False
23.2189 	EXP 	whitesquare: autoDraw = False
23.2351 	EXP 	whitesquare: autoDraw = False
23.2520 	EXP 	whitesquare: autoDraw = False
23.2684 	EXP 	whitesquare: autoDraw = False
23.2853 	EXP 	whitesquare: autoDraw = False
23.3016 	EXP 	whitesquare: autoDraw = False
23.3190 	EXP 	whitesquare: autoDraw = False
23.3349 	EXP 	whitesquare: autoDraw = False
23.3519 	EXP 	whitesquare: autoDraw = False
23.3683 	EXP 	whitesquare: autoDraw = False
23.3854 	EXP 	whitesquare: autoDraw = False
23.4016 	EXP 	whitesquare: autoDraw = False
23.4187 	EXP 	whitesquare: autoDraw = False
23.4349 	EXP 	whitesquare: autoDraw = False
23.4520 	EXP 	whitesquare: autoDraw = False
23.4683 	EXP 	whitesquare: autoDraw = False
23.4853 	EXP 	whitesquare: autoDraw = False
23.5017 	EXP 	whitesquare: autoDraw = False
23.5189 	EXP 	whitesquare: autoDraw = False
23.5351 	EXP 	whitesquare: autoDraw = False
23.5520 	EXP 	whitesquare: autoDraw = False
23.5685 	EXP 	whitesquare: autoDraw = False
23.5854 	EXP 	whitesquare: autoDraw = False
23.6017 	EXP 	whitesquare: autoDraw = False
23.6187 	EXP 	whitesquare: autoDraw = False
23.6351 	EXP 	whitesquare: autoDraw = False
23.6521 	EXP 	whitesquare: autoDraw = False
23.6684 	EXP 	whitesquare: autoDraw = False
23.6855 	EXP 	whitesquare: autoDraw = False
23.7018 	EXP 	whitesquare: autoDraw = False
23.7188 	EXP 	whitesquare: autoDraw = False
23.7351 	EXP 	whitesquare: autoDraw = False
23.7521 	EXP 	whitesquare: autoDraw = False
23.7685 	EXP 	whitesquare: autoDraw = False
23.7856 	EXP 	whitesquare: autoDraw = False
23.8018 	EXP 	whitesquare: autoDraw = False
23.8188 	EXP 	whitesquare: autoDraw = False
23.8352 	EXP 	whitesquare: autoDraw = False
23.8522 	EXP 	whitesquare: autoDraw = False
23.8685 	EXP 	whitesquare: autoDraw = False
23.8857 	EXP 	whitesquare: autoDraw = False
23.9018 	EXP 	whitesquare: autoDraw = False
23.9189 	EXP 	whitesquare: autoDraw = False
23.9352 	EXP 	whitesquare: autoDraw = False
23.9524 	EXP 	whitesquare: autoDraw = False
23.9687 	EXP 	whitesquare: autoDraw = False
23.9856 	EXP 	whitesquare: autoDraw = False
24.0024 	EXP 	whitesquare: autoDraw = False
24.0189 	EXP 	whitesquare: autoDraw = False
24.0353 	EXP 	whitesquare: autoDraw = False
24.0525 	EXP 	whitesquare: autoDraw = False
24.0687 	EXP 	whitesquare: autoDraw = False
24.0857 	EXP 	whitesquare: autoDraw = False
24.1020 	EXP 	whitesquare: autoDraw = False
24.1190 	EXP 	whitesquare: autoDraw = False
24.1354 	EXP 	whitesquare: autoDraw = False
24.1527 	EXP 	whitesquare: autoDraw = False
24.1686 	EXP 	whitesquare: autoDraw = False
24.1858 	EXP 	whitesquare: autoDraw = False
24.2020 	EXP 	whitesquare: autoDraw = False
24.2191 	EXP 	whitesquare: autoDraw = False
24.2356 	EXP 	whitesquare: autoDraw = False
24.2524 	EXP 	whitesquare: autoDraw = False
24.2687 	EXP 	whitesquare: autoDraw = False
24.2858 	EXP 	whitesquare: autoDraw = False
24.3021 	EXP 	whitesquare: autoDraw = False
24.3191 	EXP 	whitesquare: autoDraw = False
24.3354 	EXP 	whitesquare: autoDraw = False
24.3524 	EXP 	whitesquare: autoDraw = False
24.3688 	EXP 	whitesquare: autoDraw = False
24.3858 	EXP 	whitesquare: autoDraw = False
24.4021 	EXP 	whitesquare: autoDraw = False
24.4192 	EXP 	whitesquare: autoDraw = False
24.4354 	EXP 	whitesquare: autoDraw = False
24.4525 	EXP 	whitesquare: autoDraw = False
24.4688 	EXP 	whitesquare: autoDraw = False
24.4860 	EXP 	whitesquare: autoDraw = False
24.5021 	EXP 	whitesquare: autoDraw = False
24.5192 	EXP 	whitesquare: autoDraw = False
24.5357 	EXP 	whitesquare: autoDraw = False
24.5524 	EXP 	whitesquare: autoDraw = False
24.5691 	EXP 	whitesquare: autoDraw = False
24.5860 	EXP 	whitesquare: autoDraw = False
24.6022 	EXP 	whitesquare: autoDraw = False
24.6192 	EXP 	whitesquare: autoDraw = False
24.6356 	EXP 	whitesquare: autoDraw = False
24.6525 	EXP 	whitesquare: autoDraw = False
24.6693 	EXP 	whitesquare: autoDraw = False
24.6862 	EXP 	whitesquare: autoDraw = False
24.7022 	EXP 	whitesquare: autoDraw = False
24.7193 	EXP 	whitesquare: autoDraw = False
24.7356 	EXP 	whitesquare: autoDraw = False
24.7526 	EXP 	whitesquare: autoDraw = False
24.7689 	EXP 	whitesquare: autoDraw = False
24.7860 	EXP 	whitesquare: autoDraw = False
24.8023 	EXP 	whitesquare: autoDraw = False
24.8193 	EXP 	whitesquare: autoDraw = False
24.8357 	EXP 	whitesquare: autoDraw = False
24.8527 	EXP 	whitesquare: autoDraw = False
24.8691 	EXP 	whitesquare: autoDraw = False
24.8860 	EXP 	whitesquare: autoDraw = False
24.9023 	EXP 	whitesquare: autoDraw = False
24.9194 	EXP 	whitesquare: autoDraw = False
24.9357 	EXP 	whitesquare: autoDraw = False
24.9527 	EXP 	whitesquare: autoDraw = False
24.9691 	EXP 	whitesquare: autoDraw = False
24.9861 	EXP 	whitesquare: autoDraw = False
25.0026 	EXP 	whitesquare: autoDraw = False
25.0194 	EXP 	whitesquare: autoDraw = False
25.0362 	EXP 	whitesquare: autoDraw = False
25.0533 	EXP 	whitesquare: autoDraw = False
25.0698 	EXP 	whitesquare: autoDraw = False
25.0862 	EXP 	whitesquare: autoDraw = False
25.1026 	EXP 	whitesquare: autoDraw = False
25.1203 	EXP 	whitesquare: autoDraw = False
25.1359 	EXP 	whitesquare: autoDraw = False
25.1531 	EXP 	whitesquare: autoDraw = False
25.1693 	EXP 	whitesquare: autoDraw = False
25.1864 	EXP 	whitesquare: autoDraw = False
25.2026 	EXP 	whitesquare: autoDraw = False
25.2199 	EXP 	whitesquare: autoDraw = False
25.2362 	EXP 	whitesquare: autoDraw = False
25.2531 	EXP 	whitesquare: autoDraw = False
25.2693 	EXP 	whitesquare: autoDraw = False
25.2865 	EXP 	whitesquare: autoDraw = False
25.3026 	EXP 	whitesquare: autoDraw = False
25.3201 	EXP 	whitesquare: autoDraw = False
25.3363 	EXP 	whitesquare: autoDraw = False
25.3532 	EXP 	whitesquare: autoDraw = False
25.3695 	EXP 	whitesquare: autoDraw = False
25.3873 	EXP 	whitesquare: autoDraw = False
25.4032 	EXP 	whitesquare: autoDraw = False
25.4203 	EXP 	whitesquare: autoDraw = False
25.4365 	EXP 	whitesquare: autoDraw = False
25.4531 	EXP 	whitesquare: autoDraw = False
25.4696 	EXP 	whitesquare: autoDraw = False
25.4864 	EXP 	whitesquare: autoDraw = False
25.5029 	EXP 	whitesquare: autoDraw = False
25.5199 	EXP 	whitesquare: autoDraw = False
25.5362 	EXP 	whitesquare: autoDraw = False
25.5538 	EXP 	whitesquare: autoDraw = False
25.5699 	EXP 	whitesquare: autoDraw = False
25.5872 	EXP 	whitesquare: autoDraw = False
25.6033 	EXP 	whitesquare: autoDraw = False
25.6200 	EXP 	whitesquare: autoDraw = False
25.6363 	EXP 	whitesquare: autoDraw = False
25.6533 	EXP 	whitesquare: autoDraw = False
25.6699 	EXP 	whitesquare: autoDraw = False
25.6870 	EXP 	whitesquare: autoDraw = False
25.7032 	EXP 	whitesquare: autoDraw = False
25.7202 	EXP 	whitesquare: autoDraw = False
25.7362 	EXP 	whitesquare: autoDraw = False
25.7535 	EXP 	whitesquare: autoDraw = False
25.7696 	EXP 	whitesquare: autoDraw = False
25.7868 	EXP 	whitesquare: autoDraw = False
25.8035 	EXP 	whitesquare: autoDraw = False
25.8208 	EXP 	whitesquare: autoDraw = False
25.8363 	EXP 	whitesquare: autoDraw = False
25.8531 	EXP 	whitesquare: autoDraw = False
25.8699 	EXP 	whitesquare: autoDraw = False
25.8866 	EXP 	whitesquare: autoDraw = False
25.9031 	EXP 	whitesquare: autoDraw = False
25.9200 	EXP 	whitesquare: autoDraw = False
25.9362 	EXP 	whitesquare: autoDraw = False
25.9532 	EXP 	whitesquare: autoDraw = False
25.9697 	EXP 	whitesquare: autoDraw = False
25.9867 	EXP 	whitesquare: autoDraw = False
26.0028 	EXP 	whitesquare: autoDraw = False
26.0200 	EXP 	whitesquare: autoDraw = False
26.0362 	EXP 	whitesquare: autoDraw = False
26.0533 	EXP 	whitesquare: autoDraw = False
26.0695 	EXP 	whitesquare: autoDraw = False
26.0869 	EXP 	whitesquare: autoDraw = False
26.1029 	EXP 	whitesquare: autoDraw = False
26.1200 	EXP 	whitesquare: autoDraw = False
26.1363 	EXP 	whitesquare: autoDraw = False
26.1532 	EXP 	whitesquare: autoDraw = False
26.1696 	EXP 	whitesquare: autoDraw = False
26.1867 	EXP 	whitesquare: autoDraw = False
26.2030 	EXP 	whitesquare: autoDraw = False
26.2200 	EXP 	whitesquare: autoDraw = False
26.2363 	EXP 	whitesquare: autoDraw = False
26.2534 	EXP 	whitesquare: autoDraw = False
26.2696 	EXP 	whitesquare: autoDraw = False
26.2867 	EXP 	whitesquare: autoDraw = False
26.3031 	EXP 	whitesquare: autoDraw = False
26.3201 	EXP 	whitesquare: autoDraw = False
26.3364 	EXP 	whitesquare: autoDraw = False
26.3534 	EXP 	whitesquare: autoDraw = False
26.3698 	EXP 	whitesquare: autoDraw = False
26.3867 	EXP 	whitesquare: autoDraw = False
26.4031 	EXP 	whitesquare: autoDraw = False
26.4201 	EXP 	whitesquare: autoDraw = False
26.4365 	EXP 	whitesquare: autoDraw = False
26.4534 	EXP 	whitesquare: autoDraw = False
26.4697 	EXP 	whitesquare: autoDraw = False
26.4868 	EXP 	whitesquare: autoDraw = False
26.5031 	EXP 	whitesquare: autoDraw = False
26.5201 	EXP 	whitesquare: autoDraw = False
26.5364 	EXP 	whitesquare: autoDraw = False
26.5537 	EXP 	whitesquare: autoDraw = False
26.5699 	EXP 	whitesquare: autoDraw = False
26.5868 	EXP 	whitesquare: autoDraw = False
26.6031 	EXP 	whitesquare: autoDraw = False
26.6202 	EXP 	whitesquare: autoDraw = False
26.6368 	EXP 	whitesquare: autoDraw = False
26.6535 	EXP 	whitesquare: autoDraw = False
26.6699 	EXP 	whitesquare: autoDraw = False
26.6869 	EXP 	whitesquare: autoDraw = False
26.7032 	EXP 	whitesquare: autoDraw = False
26.7202 	EXP 	whitesquare: autoDraw = False
26.7365 	EXP 	whitesquare: autoDraw = False
26.7536 	EXP 	whitesquare: autoDraw = False
26.7699 	EXP 	whitesquare: autoDraw = False
26.7870 	EXP 	whitesquare: autoDraw = False
26.8032 	EXP 	whitesquare: autoDraw = False
26.8203 	EXP 	whitesquare: autoDraw = False
26.8366 	EXP 	whitesquare: autoDraw = False
26.8536 	EXP 	whitesquare: autoDraw = False
26.8699 	EXP 	whitesquare: autoDraw = False
26.8870 	EXP 	whitesquare: autoDraw = False
26.9033 	EXP 	whitesquare: autoDraw = False
26.9204 	EXP 	whitesquare: autoDraw = False
26.9367 	EXP 	whitesquare: autoDraw = False
26.9537 	EXP 	whitesquare: autoDraw = False
26.9702 	EXP 	whitesquare: autoDraw = False
26.9870 	EXP 	whitesquare: autoDraw = False
27.0039 	EXP 	whitesquare: autoDraw = False
27.0204 	EXP 	whitesquare: autoDraw = False
27.0367 	EXP 	whitesquare: autoDraw = False
27.0541 	EXP 	whitesquare: autoDraw = False
27.0702 	EXP 	whitesquare: autoDraw = False
27.0871 	EXP 	whitesquare: autoDraw = False
27.1034 	EXP 	whitesquare: autoDraw = False
27.1204 	EXP 	whitesquare: autoDraw = False
27.1367 	EXP 	whitesquare: autoDraw = False
27.1540 	EXP 	whitesquare: autoDraw = False
27.1703 	EXP 	whitesquare: autoDraw = False
27.1871 	EXP 	whitesquare: autoDraw = False
27.2039 	EXP 	whitesquare: autoDraw = False
27.2205 	EXP 	whitesquare: autoDraw = False
27.2368 	EXP 	whitesquare: autoDraw = False
27.2539 	EXP 	whitesquare: autoDraw = False
27.2701 	EXP 	whitesquare: autoDraw = False
27.2873 	EXP 	whitesquare: autoDraw = False
27.3034 	EXP 	whitesquare: autoDraw = False
27.3205 	EXP 	whitesquare: autoDraw = False
27.3368 	EXP 	whitesquare: autoDraw = False
27.3540 	EXP 	whitesquare: autoDraw = False
27.3702 	EXP 	whitesquare: autoDraw = False
27.3873 	EXP 	whitesquare: autoDraw = False
27.4035 	EXP 	whitesquare: autoDraw = False
27.4205 	EXP 	whitesquare: autoDraw = False
27.4369 	EXP 	whitesquare: autoDraw = False
27.4539 	EXP 	whitesquare: autoDraw = False
27.4705 	EXP 	whitesquare: autoDraw = False
27.4873 	EXP 	whitesquare: autoDraw = False
27.5037 	EXP 	whitesquare: autoDraw = False
27.5206 	EXP 	whitesquare: autoDraw = False
27.5369 	EXP 	whitesquare: autoDraw = False
27.5540 	EXP 	whitesquare: autoDraw = False
27.5703 	EXP 	whitesquare: autoDraw = False
27.5874 	EXP 	whitesquare: autoDraw = False
27.6037 	EXP 	whitesquare: autoDraw = False
27.6207 	EXP 	whitesquare: autoDraw = False
27.6369 	EXP 	whitesquare: autoDraw = False
27.6540 	EXP 	whitesquare: autoDraw = False
27.6703 	EXP 	whitesquare: autoDraw = False
27.6874 	EXP 	whitesquare: autoDraw = False
27.7037 	EXP 	whitesquare: autoDraw = False
27.7207 	EXP 	whitesquare: autoDraw = False
27.7370 	EXP 	whitesquare: autoDraw = False
27.7542 	EXP 	whitesquare: autoDraw = False
27.7703 	EXP 	whitesquare: autoDraw = False
27.7874 	EXP 	whitesquare: autoDraw = False
27.8037 	EXP 	whitesquare: autoDraw = False
27.8209 	EXP 	whitesquare: autoDraw = False
27.8371 	EXP 	whitesquare: autoDraw = False
27.8542 	EXP 	whitesquare: autoDraw = False
27.8704 	EXP 	whitesquare: autoDraw = False
27.8876 	EXP 	whitesquare: autoDraw = False
27.9037 	EXP 	whitesquare: autoDraw = False
27.9211 	EXP 	whitesquare: autoDraw = False
27.9371 	EXP 	whitesquare: autoDraw = False
27.9541 	EXP 	whitesquare: autoDraw = False
27.9706 	EXP 	whitesquare: autoDraw = False
27.9875 	EXP 	whitesquare: autoDraw = False
28.0039 	EXP 	whitesquare: autoDraw = False
28.0208 	EXP 	whitesquare: autoDraw = False
28.0371 	EXP 	whitesquare: autoDraw = False
28.0542 	EXP 	whitesquare: autoDraw = False
28.0705 	EXP 	whitesquare: autoDraw = False
28.0876 	EXP 	whitesquare: autoDraw = False
28.0878 	EXP 	Sound  started
29.5890 	EXP 	Sound  stopped
29.6048 	EXP 	whitesquare: autoDraw = False
29.6048 	EXP 	blank: autoDraw = False
29.6048 	EXP 	close_text: autoDraw = False
29.6048 	EXP 	blank: autoDraw = False
29.6048 	EXP 	gaze_text: autoDraw = True
32.6092 	DATA 	Keypress: escape
32.8917 	EXP 	window1: mouseVisible = True
