5.2184 	WARNING 	User requested fullscreen with size [1024  768], but screen is actually [1280, 800]. Using actual size
5.9181 	EXP 	Created window1 = Window(allowGUI=False, allowStencil=False, args=UNKNOWN, autoLog=True, bitsMode=UNKNOWN, blendMode='avg', color=array([-1., -1., -1.]), colorSpace='rgb', fullscr=UNKNOWN, gamma=None, kwargs=UNKNOWN, lms=UNKNOWN, monitor=<psychopy.monitors.calibTools.Monitor object at 0x112b81518>, multiSample=False, name='window1', numSamples=2, pos=[0.0, 0.0], screen=0, size=array([2560, 1600]), stereo=False, units='norm', useFBO=True, useRetina=True, viewOri=0.0, viewPos=None, viewScale=None, waitBlanking=True, winType='pyglet')
5.9181 	EXP 	window1: recordFrameIntervals = False
6.0833 	EXP 	window1: recordFrameIntervals = True
6.2665 	EXP 	window1: recordFrameIntervals = False
6.2752 	EXP 	<method-wrapper '__getattribute__' of attributeSetter object at 0x103dd00b8>: vertices = array([[-0.25,  0.25],
       [ 0.25,  0.25],
       [ 0.25, -0.25],
       [-0.25, -0.25]])
6.2768 	EXP 	Created whitesquare = Rect(__class__=<class 'psychopy.visual.rect.Rect'>, autoDraw=False, autoLog=True, closeShape=True, contrast=1.0, depth=0.0, fillColor=array([1., 1., 1.]), fillColorSpace='rgb', fillRGB=array([1., 1., 1.]), interpolate=True, lineColor=array([1., 1., 1.]), lineColorSpace='rgb', lineRGB=array([1., 1., 1.]), lineWidth=1, name='whitesquare', opacity=0.9, ori=array(0.), pos=array([14.9, 11.2]), size=array([1., 1.]), units='cm', vertices=ndarray(...), win=Window(...))
6.3821 	EXP 	Created intro_text = TextStim(__class__=<class 'psychopy.visual.text.TextStim'>, alignHoriz='center', alignVert='center', antialias=True, autoLog=True, bold=False, color='white', colorSpace='named', contrast=1.0, depth=0.0, flipHoriz=False, flipVert=False, font='Arial', fontFiles=[], height=0.1, italic=False, name='intro_text', opacity=1.0, ori=0, pos=array([0., 0.]), rgb=array([255., 255., 255.]), text=str(...), units='norm', win=Window(...), wrapWidth=1)
6.4033 	EXP 	Created intro_text = TextStim(__class__=<class 'psychopy.visual.text.TextStim'>, alignHoriz='center', alignVert='center', antialias=True, autoLog=True, bold=False, color='white', colorSpace='named', contrast=1.0, depth=0.0, flipHoriz=False, flipVert=False, font='Arial', fontFiles=[], height=0.1, italic=False, name='intro_text', opacity=1.0, ori=0, pos=array([0., 0.]), rgb=array([255., 255., 255.]), text=str(...), units='norm', win=Window(...), wrapWidth=1)
6.4155 	EXP 	Created open_text = TextStim(__class__=<class 'psychopy.visual.text.TextStim'>, alignHoriz='center', alignVert='center', antialias=True, autoLog=True, bold=False, color='white', colorSpace='named', contrast=1.0, depth=0.0, flipHoriz=False, flipVert=False, font='Arial', fontFiles=[], height=0.1, italic=False, name='open_text', opacity=1.0, ori=0, pos=array([0., 0.]), rgb=array([255., 255., 255.]), text=str(...), units='norm', win=Window(...), wrapWidth=1)
6.4195 	EXP 	Created fixation = TextStim(__class__=<class 'psychopy.visual.text.TextStim'>, alignHoriz='center', alignVert='center', antialias=True, autoLog=True, bold=False, color='white', colorSpace='named', contrast=1.0, depth=-1.0, flipHoriz=False, flipVert=False, font='Arial', fontFiles=[], height=0.1, italic=False, name='fixation', opacity=1.0, ori=0, pos=array([0., 0.]), rgb=array([255., 255., 255.]), text='+\n', units='norm', win=Window(...), wrapWidth=1)
6.4308 	EXP 	Created close_text = TextStim(__class__=<class 'psychopy.visual.text.TextStim'>, alignHoriz='center', alignVert='center', antialias=True, autoLog=True, bold=False, color='white', colorSpace='named', contrast=1.0, depth=0.0, flipHoriz=False, flipVert=False, font='Arial', fontFiles=[], height=0.1, italic=False, name='close_text', opacity=1.0, ori=0, pos=array([0., 0.]), rgb=array([255., 255., 255.]), text=str(...), units='norm', win=Window(...), wrapWidth=1)
6.4334 	EXP 	Created blank = TextStim(__class__=<class 'psychopy.visual.text.TextStim'>, alignHoriz='center', alignVert='center', antialias=True, autoLog=True, bold=False, color='white', colorSpace='named', contrast=1.0, depth=-1.0, flipHoriz=False, flipVert=False, font='Arial', fontFiles=[], height=0.1, italic=False, name='blank', opacity=1.0, ori=0, pos=array([0., 0.]), rgb=array([255., 255., 255.]), text=' ', units='norm', win=Window(...), wrapWidth=1)
6.4931 	EXP 	Set  sound=./sound/open_speak.wav
6.4932 	EXP 	Set Sound  volume=1.000
6.5089 	EXP 	Created gaze_text = TextStim(__class__=<class 'psychopy.visual.text.TextStim'>, alignHoriz='center', alignVert='center', antialias=True, autoLog=True, bold=False, color='white', colorSpace='named', contrast=1.0, depth=0.0, flipHoriz=False, flipVert=False, font='Arial', fontFiles=[], height=0.1, italic=False, name='gaze_text', opacity=1.0, ori=0, pos=array([0., 0.]), rgb=array([255., 255., 255.]), text=str(...), units='norm', win=Window(...), wrapWidth=1)
6.5106 	EXP 	Created center = ShapeStim(__class__=<class 'psychopy.visual.shape.ShapeStim'>, autoDraw=False, autoLog=True, closeShape=True, contrast=1.0, depth=0.0, fillColor=array([1., 1., 1.]), fillColorSpace='rgb', interpolate=True, lineColor=array([1., 1., 1.]), lineColorSpace='rgb', lineWidth=1, name='center', opacity=1.0, ori=array(0.), pos=array([0., 0.]), size=array([0.5, 0.5]), units='cm', vertices=ndarray(...), win=Window(...), windingRule=None)
6.5115 	EXP 	Set  sound=./sound/left_speak.wav
6.5115 	EXP 	Set Sound  volume=1.000
6.5133 	EXP 	Created left = ShapeStim(__class__=<class 'psychopy.visual.shape.ShapeStim'>, autoDraw=False, autoLog=True, closeShape=True, contrast=1.0, depth=0.0, fillColor=array([1., 1., 1.]), fillColorSpace='rgb', interpolate=True, lineColor=array([1., 1., 1.]), lineColorSpace='rgb', lineWidth=1, name='left', opacity=1.0, ori=array(0.), pos=array([-10.,   0.]), size=array([0.5, 0.5]), units='cm', vertices=ndarray(...), win=Window(...), windingRule=None)
6.5142 	EXP 	Set  sound=./sound/right_speak.wav
6.5142 	EXP 	Set Sound  volume=1.000
6.5161 	EXP 	Created right = ShapeStim(__class__=<class 'psychopy.visual.shape.ShapeStim'>, autoDraw=False, autoLog=True, closeShape=True, contrast=1.0, depth=0.0, fillColor=array([1., 1., 1.]), fillColorSpace='rgb', interpolate=True, lineColor=array([1., 1., 1.]), lineColorSpace='rgb', lineWidth=1, name='right', opacity=1.0, ori=array(0.), pos=array([10.,  0.]), size=array([0.5, 0.5]), units='cm', vertices=ndarray(...), win=Window(...), windingRule=None)
6.5170 	EXP 	Set  sound=./sound/up_speak.wav
6.5170 	EXP 	Set Sound  volume=1.000
6.5189 	EXP 	Created up = ShapeStim(__class__=<class 'psychopy.visual.shape.ShapeStim'>, autoDraw=False, autoLog=True, closeShape=True, contrast=1.0, depth=0.0, fillColor=array([1., 1., 1.]), fillColorSpace='rgb', interpolate=True, lineColor=array([1., 1., 1.]), lineColorSpace='rgb', lineWidth=1, name='up', opacity=1.0, ori=array(0.), pos=array([ 0., 10.]), size=array([0.5, 0.5]), units='cm', vertices=ndarray(...), win=Window(...), windingRule=None)
6.5198 	EXP 	Set  sound=./sound/down_speak.wav
6.5199 	EXP 	Set Sound  volume=1.000
6.5217 	EXP 	Created down = ShapeStim(__class__=<class 'psychopy.visual.shape.ShapeStim'>, autoDraw=False, autoLog=True, closeShape=True, contrast=1.0, depth=0.0, fillColor=array([1., 1., 1.]), fillColorSpace='rgb', interpolate=True, lineColor=array([1., 1., 1.]), lineColorSpace='rgb', lineWidth=1, name='down', opacity=1.0, ori=array(0.), pos=array([  0., -10.]), size=array([0.5, 0.5]), units='cm', vertices=ndarray(...), win=Window(...), windingRule=None)
6.5300 	EXP 	Created esc = TextStim(__class__=<class 'psychopy.visual.text.TextStim'>, alignHoriz='center', alignVert='center', antialias=True, autoLog=True, bold=False, color='white', colorSpace='named', contrast=1.0, depth=0.0, flipHoriz=False, flipVert=False, font='Arial', fontFiles=[], height=0.1, italic=False, name='esc', opacity=1.0, ori=0, pos=array([0., 0.]), rgb=array([255., 255., 255.]), text="End of test\n\nPress 'esc'", units='norm', win=Window(...), wrapWidth=1)
6.5511 	EXP 	intro_text: autoDraw = True
6.5511 	EXP 	whitesquare: autoDraw = True
7.6561 	DATA 	Keypress: space
7.6839 	EXP 	intro_text: autoDraw = False
7.6839 	EXP 	whitesquare: autoDraw = False
7.6839 	EXP 	intro_text: autoDraw = True
8.6873 	DATA 	Keypress: space
8.7007 	EXP 	intro_text: autoDraw = False
11.1869 	DATA 	wsqS
11.2019 	EXP 	whitesquare: autoDraw = True
11.2026 	DATA 	wsqS
11.2195 	EXP 	whitesquare: autoDraw = True
11.2195 	EXP 	whitesquare: autoDraw = False
11.2200 	DATA 	wsqS
11.2351 	EXP 	whitesquare: autoDraw = True
11.2351 	EXP 	whitesquare: autoDraw = False
11.2358 	DATA 	wsqS
11.2523 	EXP 	whitesquare: autoDraw = True
11.2523 	EXP 	whitesquare: autoDraw = False
11.2529 	DATA 	wsqS
11.2686 	EXP 	whitesquare: autoDraw = True
11.2686 	EXP 	whitesquare: autoDraw = False
11.2693 	DATA 	wsqS
11.2855 	EXP 	whitesquare: autoDraw = True
11.2855 	EXP 	whitesquare: autoDraw = False
11.2863 	DATA 	wsqS
11.3020 	EXP 	whitesquare: autoDraw = True
11.3020 	EXP 	whitesquare: autoDraw = False
11.3028 	DATA 	wsqS
11.3191 	EXP 	whitesquare: autoDraw = True
11.3191 	EXP 	whitesquare: autoDraw = False
11.3199 	DATA 	wsqS
11.3352 	EXP 	whitesquare: autoDraw = True
11.3352 	EXP 	whitesquare: autoDraw = False
11.3360 	DATA 	wsqS
11.3522 	EXP 	whitesquare: autoDraw = True
11.3522 	EXP 	whitesquare: autoDraw = False
11.3530 	DATA 	wsqS
11.3687 	EXP 	whitesquare: autoDraw = True
11.3687 	EXP 	whitesquare: autoDraw = False
11.3694 	DATA 	wsqS
11.3858 	EXP 	whitesquare: autoDraw = True
11.3858 	EXP 	whitesquare: autoDraw = False
11.3864 	DATA 	wsqS
11.4020 	EXP 	whitesquare: autoDraw = True
11.4020 	EXP 	whitesquare: autoDraw = False
11.4027 	DATA 	wsqS
11.4190 	EXP 	whitesquare: autoDraw = True
11.4190 	EXP 	whitesquare: autoDraw = False
11.4197 	DATA 	wsqS
11.4353 	EXP 	whitesquare: autoDraw = True
11.4353 	EXP 	whitesquare: autoDraw = False
11.4361 	DATA 	wsqS
11.4523 	EXP 	whitesquare: autoDraw = True
11.4523 	EXP 	whitesquare: autoDraw = False
11.4531 	DATA 	wsqS
11.4687 	EXP 	whitesquare: autoDraw = True
11.4687 	EXP 	whitesquare: autoDraw = False
11.4695 	DATA 	wsqS
11.4857 	EXP 	whitesquare: autoDraw = True
11.4857 	EXP 	whitesquare: autoDraw = False
11.4864 	DATA 	wsqS
11.5022 	EXP 	whitesquare: autoDraw = True
11.5022 	EXP 	whitesquare: autoDraw = False
11.5029 	DATA 	wsqS
11.5190 	EXP 	whitesquare: autoDraw = True
11.5190 	EXP 	whitesquare: autoDraw = False
11.5197 	DATA 	wsqS
11.5354 	EXP 	whitesquare: autoDraw = True
11.5354 	EXP 	whitesquare: autoDraw = False
11.5361 	DATA 	wsqS
11.5524 	EXP 	whitesquare: autoDraw = True
11.5524 	EXP 	whitesquare: autoDraw = False
11.5532 	DATA 	wsqS
11.5687 	EXP 	whitesquare: autoDraw = True
11.5687 	EXP 	whitesquare: autoDraw = False
11.5694 	DATA 	wsqS
11.5858 	EXP 	whitesquare: autoDraw = True
11.5858 	EXP 	whitesquare: autoDraw = False
11.5865 	DATA 	wsqS
11.6022 	EXP 	whitesquare: autoDraw = True
11.6022 	EXP 	whitesquare: autoDraw = False
11.6030 	DATA 	wsqS
11.6190 	EXP 	whitesquare: autoDraw = True
11.6190 	EXP 	whitesquare: autoDraw = False
11.6200 	DATA 	wsqS
11.6353 	EXP 	whitesquare: autoDraw = True
11.6353 	EXP 	whitesquare: autoDraw = False
11.6360 	DATA 	wsqS
11.6524 	EXP 	whitesquare: autoDraw = True
11.6524 	EXP 	whitesquare: autoDraw = False
11.6532 	DATA 	wsqS
11.6687 	EXP 	whitesquare: autoDraw = True
11.6687 	EXP 	whitesquare: autoDraw = False
11.6695 	DATA 	wsqS
11.6860 	EXP 	whitesquare: autoDraw = True
11.6860 	EXP 	whitesquare: autoDraw = False
11.6868 	DATA 	wsqS
11.7023 	EXP 	whitesquare: autoDraw = True
11.7023 	EXP 	whitesquare: autoDraw = False
11.7029 	DATA 	wsqS
11.7198 	EXP 	whitesquare: autoDraw = True
11.7198 	EXP 	whitesquare: autoDraw = False
11.7206 	DATA 	wsqS
11.7354 	EXP 	whitesquare: autoDraw = True
11.7354 	EXP 	whitesquare: autoDraw = False
11.7363 	DATA 	wsqS
11.7524 	EXP 	whitesquare: autoDraw = True
11.7524 	EXP 	whitesquare: autoDraw = False
11.7532 	DATA 	wsqS
11.7687 	EXP 	whitesquare: autoDraw = True
11.7687 	EXP 	whitesquare: autoDraw = False
11.7695 	DATA 	wsqS
11.7858 	EXP 	whitesquare: autoDraw = True
11.7858 	EXP 	whitesquare: autoDraw = False
11.7869 	DATA 	wsqS
11.8022 	EXP 	whitesquare: autoDraw = True
11.8022 	EXP 	whitesquare: autoDraw = False
11.8029 	DATA 	wsqS
11.8192 	EXP 	whitesquare: autoDraw = True
11.8192 	EXP 	whitesquare: autoDraw = False
11.8200 	DATA 	wsqS
11.8354 	EXP 	whitesquare: autoDraw = True
11.8354 	EXP 	whitesquare: autoDraw = False
11.8363 	DATA 	wsqS
11.8526 	EXP 	whitesquare: autoDraw = True
11.8526 	EXP 	whitesquare: autoDraw = False
11.8533 	DATA 	wsqS
11.8688 	EXP 	whitesquare: autoDraw = True
11.8688 	EXP 	whitesquare: autoDraw = False
11.8695 	DATA 	wsqS
11.8858 	EXP 	whitesquare: autoDraw = True
11.8858 	EXP 	whitesquare: autoDraw = False
11.8865 	DATA 	wsqS
11.9029 	EXP 	whitesquare: autoDraw = True
11.9029 	EXP 	whitesquare: autoDraw = False
11.9033 	DATA 	wsqS
11.9192 	EXP 	whitesquare: autoDraw = True
11.9192 	EXP 	whitesquare: autoDraw = False
11.9199 	DATA 	wsqS
11.9356 	EXP 	whitesquare: autoDraw = True
11.9356 	EXP 	whitesquare: autoDraw = False
11.9363 	DATA 	wsqS
11.9526 	EXP 	whitesquare: autoDraw = True
11.9526 	EXP 	whitesquare: autoDraw = False
11.9533 	DATA 	wsqS
11.9689 	EXP 	whitesquare: autoDraw = True
11.9689 	EXP 	whitesquare: autoDraw = False
11.9696 	DATA 	wsqS
11.9859 	EXP 	whitesquare: autoDraw = True
11.9859 	EXP 	whitesquare: autoDraw = False
11.9866 	DATA 	wsqS
12.0024 	EXP 	whitesquare: autoDraw = True
12.0024 	EXP 	whitesquare: autoDraw = False
12.0032 	DATA 	wsqS
12.0192 	EXP 	whitesquare: autoDraw = True
12.0192 	EXP 	whitesquare: autoDraw = False
12.0199 	DATA 	wsqS
12.0356 	EXP 	whitesquare: autoDraw = True
12.0356 	EXP 	whitesquare: autoDraw = False
12.0363 	DATA 	wsqS
12.0526 	EXP 	whitesquare: autoDraw = True
12.0526 	EXP 	whitesquare: autoDraw = False
12.0535 	DATA 	wsqS
12.0689 	EXP 	whitesquare: autoDraw = True
12.0689 	EXP 	whitesquare: autoDraw = False
12.0696 	DATA 	wsqS
12.0860 	EXP 	whitesquare: autoDraw = True
12.0860 	EXP 	whitesquare: autoDraw = False
12.0867 	DATA 	wsqS
12.1024 	EXP 	whitesquare: autoDraw = True
12.1024 	EXP 	whitesquare: autoDraw = False
12.1031 	DATA 	wsqS
12.1194 	EXP 	whitesquare: autoDraw = True
12.1194 	EXP 	whitesquare: autoDraw = False
12.1202 	DATA 	wsqS
12.1362 	EXP 	whitesquare: autoDraw = True
12.1362 	EXP 	whitesquare: autoDraw = False
12.1369 	DATA 	wsqS
12.1529 	EXP 	whitesquare: autoDraw = True
12.1529 	EXP 	whitesquare: autoDraw = False
12.1535 	DATA 	wsqS
12.1689 	EXP 	whitesquare: autoDraw = True
12.1689 	EXP 	whitesquare: autoDraw = False
12.1698 	DATA 	wsqS
12.1860 	EXP 	whitesquare: autoDraw = True
12.1860 	EXP 	whitesquare: autoDraw = False
12.1868 	DATA 	wsqS
12.2028 	EXP 	whitesquare: autoDraw = True
12.2028 	EXP 	whitesquare: autoDraw = False
12.2035 	DATA 	wsqS
12.2193 	EXP 	whitesquare: autoDraw = True
12.2193 	EXP 	whitesquare: autoDraw = False
12.2200 	DATA 	wsqS
12.2357 	EXP 	whitesquare: autoDraw = True
12.2357 	EXP 	whitesquare: autoDraw = False
12.2364 	DATA 	wsqS
12.2527 	EXP 	whitesquare: autoDraw = True
12.2527 	EXP 	whitesquare: autoDraw = False
12.2534 	DATA 	wsqS
12.2689 	EXP 	whitesquare: autoDraw = True
12.2689 	EXP 	whitesquare: autoDraw = False
12.2696 	DATA 	wsqS
12.2860 	EXP 	whitesquare: autoDraw = True
12.2860 	EXP 	whitesquare: autoDraw = False
12.2867 	DATA 	wsqS
12.3024 	EXP 	whitesquare: autoDraw = True
12.3024 	EXP 	whitesquare: autoDraw = False
12.3031 	DATA 	wsqS
12.3194 	EXP 	whitesquare: autoDraw = True
12.3194 	EXP 	whitesquare: autoDraw = False
12.3202 	DATA 	wsqS
12.3356 	EXP 	whitesquare: autoDraw = True
12.3356 	EXP 	whitesquare: autoDraw = False
12.3365 	DATA 	wsqS
12.3527 	EXP 	whitesquare: autoDraw = True
12.3527 	EXP 	whitesquare: autoDraw = False
12.3534 	DATA 	wsqS
12.3692 	EXP 	whitesquare: autoDraw = True
12.3692 	EXP 	whitesquare: autoDraw = False
12.3699 	DATA 	wsqS
12.3861 	EXP 	whitesquare: autoDraw = True
12.3861 	EXP 	whitesquare: autoDraw = False
12.3869 	DATA 	wsqS
12.4030 	EXP 	whitesquare: autoDraw = True
12.4030 	EXP 	whitesquare: autoDraw = False
12.4037 	DATA 	wsqS
12.4194 	EXP 	whitesquare: autoDraw = True
12.4194 	EXP 	whitesquare: autoDraw = False
12.4201 	DATA 	wsqS
12.4357 	EXP 	whitesquare: autoDraw = True
12.4357 	EXP 	whitesquare: autoDraw = False
12.4365 	DATA 	wsqS
12.4527 	EXP 	whitesquare: autoDraw = True
12.4527 	EXP 	whitesquare: autoDraw = False
12.4535 	DATA 	wsqS
12.4691 	EXP 	whitesquare: autoDraw = True
12.4691 	EXP 	whitesquare: autoDraw = False
12.4698 	DATA 	wsqS
12.4863 	EXP 	whitesquare: autoDraw = True
12.4863 	EXP 	whitesquare: autoDraw = False
12.4870 	DATA 	wsqS
12.5026 	EXP 	whitesquare: autoDraw = True
12.5026 	EXP 	whitesquare: autoDraw = False
12.5033 	DATA 	wsqS
12.5195 	EXP 	whitesquare: autoDraw = True
12.5195 	EXP 	whitesquare: autoDraw = False
12.5202 	DATA 	wsqS
12.5358 	EXP 	whitesquare: autoDraw = True
12.5358 	EXP 	whitesquare: autoDraw = False
12.5364 	DATA 	wsqS
12.5528 	EXP 	whitesquare: autoDraw = True
12.5528 	EXP 	whitesquare: autoDraw = False
12.5536 	DATA 	wsqS
12.5691 	EXP 	whitesquare: autoDraw = True
12.5691 	EXP 	whitesquare: autoDraw = False
12.5699 	DATA 	wsqS
12.5862 	EXP 	whitesquare: autoDraw = True
12.5862 	EXP 	whitesquare: autoDraw = False
12.5870 	DATA 	wsqS
12.6028 	EXP 	whitesquare: autoDraw = True
12.6028 	EXP 	whitesquare: autoDraw = False
12.6034 	DATA 	wsqS
12.6198 	EXP 	whitesquare: autoDraw = True
12.6198 	EXP 	whitesquare: autoDraw = False
12.6205 	DATA 	wsqS
12.6358 	EXP 	whitesquare: autoDraw = True
12.6358 	EXP 	whitesquare: autoDraw = False
12.6365 	DATA 	wsqS
12.6528 	EXP 	whitesquare: autoDraw = True
12.6528 	EXP 	whitesquare: autoDraw = False
12.6536 	DATA 	wsqS
12.6692 	EXP 	whitesquare: autoDraw = True
12.6692 	EXP 	whitesquare: autoDraw = False
12.6698 	DATA 	wsqS
12.6863 	EXP 	whitesquare: autoDraw = True
12.6863 	EXP 	whitesquare: autoDraw = False
12.6870 	DATA 	wsqS
12.7027 	EXP 	whitesquare: autoDraw = True
12.7027 	EXP 	whitesquare: autoDraw = False
12.7034 	DATA 	wsqS
12.7198 	EXP 	whitesquare: autoDraw = True
12.7198 	EXP 	whitesquare: autoDraw = False
12.7205 	DATA 	wsqS
12.7359 	EXP 	whitesquare: autoDraw = True
12.7359 	EXP 	whitesquare: autoDraw = False
12.7367 	DATA 	wsqS
12.7534 	EXP 	whitesquare: autoDraw = True
12.7534 	EXP 	whitesquare: autoDraw = False
12.7541 	DATA 	wsqS
12.7692 	EXP 	whitesquare: autoDraw = True
12.7692 	EXP 	whitesquare: autoDraw = False
12.7699 	DATA 	wsqS
12.7865 	EXP 	whitesquare: autoDraw = True
12.7865 	EXP 	whitesquare: autoDraw = False
12.7872 	DATA 	wsqS
12.8029 	EXP 	whitesquare: autoDraw = True
12.8029 	EXP 	whitesquare: autoDraw = False
12.8035 	DATA 	wsqS
12.8197 	EXP 	whitesquare: autoDraw = True
12.8197 	EXP 	whitesquare: autoDraw = False
12.8207 	DATA 	wsqS
12.8361 	EXP 	whitesquare: autoDraw = True
12.8361 	EXP 	whitesquare: autoDraw = False
12.8369 	DATA 	wsqS
12.8530 	EXP 	whitesquare: autoDraw = True
12.8530 	EXP 	whitesquare: autoDraw = False
12.8538 	DATA 	wsqS
12.8693 	EXP 	whitesquare: autoDraw = True
12.8693 	EXP 	whitesquare: autoDraw = False
12.8699 	DATA 	wsqS
12.8865 	EXP 	whitesquare: autoDraw = True
12.8865 	EXP 	whitesquare: autoDraw = False
12.8872 	DATA 	wsqS
12.9028 	EXP 	whitesquare: autoDraw = True
12.9028 	EXP 	whitesquare: autoDraw = False
12.9035 	DATA 	wsqS
12.9196 	EXP 	whitesquare: autoDraw = True
12.9196 	EXP 	whitesquare: autoDraw = False
12.9205 	DATA 	wsqS
12.9360 	EXP 	whitesquare: autoDraw = True
12.9360 	EXP 	whitesquare: autoDraw = False
12.9367 	DATA 	wsqS
12.9530 	EXP 	whitesquare: autoDraw = True
12.9530 	EXP 	whitesquare: autoDraw = False
12.9538 	DATA 	wsqS
12.9694 	EXP 	whitesquare: autoDraw = True
12.9694 	EXP 	whitesquare: autoDraw = False
12.9702 	DATA 	wsqS
12.9864 	EXP 	whitesquare: autoDraw = True
12.9864 	EXP 	whitesquare: autoDraw = False
12.9872 	DATA 	wsqS
13.0029 	EXP 	whitesquare: autoDraw = True
13.0029 	EXP 	whitesquare: autoDraw = False
13.0038 	DATA 	wsqS
13.0197 	EXP 	whitesquare: autoDraw = True
13.0197 	EXP 	whitesquare: autoDraw = False
13.0205 	DATA 	wsqS
13.0362 	EXP 	whitesquare: autoDraw = True
13.0362 	EXP 	whitesquare: autoDraw = False
13.0369 	DATA 	wsqS
13.0531 	EXP 	whitesquare: autoDraw = True
13.0531 	EXP 	whitesquare: autoDraw = False
13.0538 	DATA 	wsqS
13.0696 	EXP 	whitesquare: autoDraw = True
13.0696 	EXP 	whitesquare: autoDraw = False
13.0702 	DATA 	wsqS
13.0865 	EXP 	whitesquare: autoDraw = True
13.0865 	EXP 	whitesquare: autoDraw = False
13.0872 	DATA 	wsqS
13.1028 	EXP 	whitesquare: autoDraw = True
13.1028 	EXP 	whitesquare: autoDraw = False
13.1035 	DATA 	wsqS
13.1198 	EXP 	whitesquare: autoDraw = True
13.1198 	EXP 	whitesquare: autoDraw = False
13.1205 	DATA 	wsqS
13.1363 	EXP 	whitesquare: autoDraw = True
13.1363 	EXP 	whitesquare: autoDraw = False
13.1372 	DATA 	wsqS
13.1533 	EXP 	whitesquare: autoDraw = True
13.1533 	EXP 	whitesquare: autoDraw = False
13.1540 	DATA 	wsqS
13.1694 	EXP 	whitesquare: autoDraw = True
13.1694 	EXP 	whitesquare: autoDraw = False
13.1701 	DATA 	wsqS
13.1866 	EXP 	whitesquare: autoDraw = True
13.1866 	EXP 	whitesquare: autoDraw = False
13.1875 	DATA 	wsqS
13.1884 	EXP 	Set  sound=./sound/open_speak.wav
13.2029 	EXP 	whitesquare: autoDraw = True
13.2029 	EXP 	whitesquare: autoDraw = False
15.6890 	DATA 	wsqS
15.7041 	EXP 	whitesquare: autoDraw = True
15.7047 	DATA 	wsqS
15.7210 	EXP 	whitesquare: autoDraw = True
15.7210 	EXP 	whitesquare: autoDraw = False
15.7217 	DATA 	wsqS
15.7373 	EXP 	whitesquare: autoDraw = True
15.7373 	EXP 	whitesquare: autoDraw = False
15.7381 	DATA 	wsqS
15.7544 	EXP 	whitesquare: autoDraw = True
15.7544 	EXP 	whitesquare: autoDraw = False
15.7550 	DATA 	wsqS
15.7707 	EXP 	whitesquare: autoDraw = True
15.7707 	EXP 	whitesquare: autoDraw = False
15.7714 	DATA 	wsqS
15.7877 	EXP 	whitesquare: autoDraw = True
15.7877 	EXP 	whitesquare: autoDraw = False
15.7885 	DATA 	wsqS
15.8043 	EXP 	whitesquare: autoDraw = True
15.8043 	EXP 	whitesquare: autoDraw = False
15.8050 	DATA 	wsqS
15.8211 	EXP 	whitesquare: autoDraw = True
15.8211 	EXP 	whitesquare: autoDraw = False
15.8219 	DATA 	wsqS
15.8374 	EXP 	whitesquare: autoDraw = True
15.8374 	EXP 	whitesquare: autoDraw = False
15.8381 	DATA 	wsqS
15.8544 	EXP 	whitesquare: autoDraw = True
15.8544 	EXP 	whitesquare: autoDraw = False
15.8551 	DATA 	wsqS
15.8707 	EXP 	whitesquare: autoDraw = True
15.8707 	EXP 	whitesquare: autoDraw = False
15.8714 	DATA 	wsqS
15.8877 	EXP 	whitesquare: autoDraw = True
15.8877 	EXP 	whitesquare: autoDraw = False
15.8885 	DATA 	wsqS
15.9045 	EXP 	whitesquare: autoDraw = True
15.9045 	EXP 	whitesquare: autoDraw = False
15.9051 	DATA 	wsqS
15.9212 	EXP 	whitesquare: autoDraw = True
15.9212 	EXP 	whitesquare: autoDraw = False
15.9219 	DATA 	wsqS
15.9375 	EXP 	whitesquare: autoDraw = True
15.9375 	EXP 	whitesquare: autoDraw = False
15.9382 	DATA 	wsqS
15.9545 	EXP 	whitesquare: autoDraw = True
15.9545 	EXP 	whitesquare: autoDraw = False
15.9552 	DATA 	wsqS
15.9707 	EXP 	whitesquare: autoDraw = True
15.9707 	EXP 	whitesquare: autoDraw = False
15.9715 	DATA 	wsqS
15.9879 	EXP 	whitesquare: autoDraw = True
15.9879 	EXP 	whitesquare: autoDraw = False
15.9886 	DATA 	wsqS
16.0044 	EXP 	whitesquare: autoDraw = True
16.0044 	EXP 	whitesquare: autoDraw = False
16.0050 	DATA 	wsqS
16.0214 	EXP 	whitesquare: autoDraw = True
16.0214 	EXP 	whitesquare: autoDraw = False
16.0220 	DATA 	wsqS
16.0380 	EXP 	whitesquare: autoDraw = True
16.0380 	EXP 	whitesquare: autoDraw = False
16.0387 	DATA 	wsqS
16.0545 	EXP 	whitesquare: autoDraw = True
16.0545 	EXP 	whitesquare: autoDraw = False
16.0554 	DATA 	wsqS
16.0708 	EXP 	whitesquare: autoDraw = True
16.0708 	EXP 	whitesquare: autoDraw = False
16.0715 	DATA 	wsqS
16.0881 	EXP 	whitesquare: autoDraw = True
16.0881 	EXP 	whitesquare: autoDraw = False
16.0887 	DATA 	wsqS
16.1045 	EXP 	whitesquare: autoDraw = True
16.1045 	EXP 	whitesquare: autoDraw = False
16.1051 	DATA 	wsqS
16.1214 	EXP 	whitesquare: autoDraw = True
16.1214 	EXP 	whitesquare: autoDraw = False
16.1221 	DATA 	wsqS
16.1376 	EXP 	whitesquare: autoDraw = True
16.1376 	EXP 	whitesquare: autoDraw = False
16.1383 	DATA 	wsqS
16.1546 	EXP 	whitesquare: autoDraw = True
16.1546 	EXP 	whitesquare: autoDraw = False
16.1553 	DATA 	wsqS
16.1709 	EXP 	whitesquare: autoDraw = True
16.1709 	EXP 	whitesquare: autoDraw = False
16.1717 	DATA 	wsqS
16.1879 	EXP 	whitesquare: autoDraw = True
16.1879 	EXP 	whitesquare: autoDraw = False
16.1887 	DATA 	wsqS
16.2045 	EXP 	whitesquare: autoDraw = True
16.2045 	EXP 	whitesquare: autoDraw = False
16.2051 	DATA 	wsqS
16.2214 	EXP 	whitesquare: autoDraw = True
16.2214 	EXP 	whitesquare: autoDraw = False
16.2221 	DATA 	wsqS
16.2375 	EXP 	whitesquare: autoDraw = True
16.2375 	EXP 	whitesquare: autoDraw = False
16.2383 	DATA 	wsqS
16.2546 	EXP 	whitesquare: autoDraw = True
16.2546 	EXP 	whitesquare: autoDraw = False
16.2554 	DATA 	wsqS
16.2708 	EXP 	whitesquare: autoDraw = True
16.2708 	EXP 	whitesquare: autoDraw = False
16.2716 	DATA 	wsqS
16.2879 	EXP 	whitesquare: autoDraw = True
16.2879 	EXP 	whitesquare: autoDraw = False
16.2887 	DATA 	wsqS
16.3044 	EXP 	whitesquare: autoDraw = True
16.3044 	EXP 	whitesquare: autoDraw = False
16.3051 	DATA 	wsqS
16.3213 	EXP 	whitesquare: autoDraw = True
16.3213 	EXP 	whitesquare: autoDraw = False
16.3221 	DATA 	wsqS
16.3376 	EXP 	whitesquare: autoDraw = True
16.3376 	EXP 	whitesquare: autoDraw = False
16.3384 	DATA 	wsqS
16.3547 	EXP 	whitesquare: autoDraw = True
16.3547 	EXP 	whitesquare: autoDraw = False
16.3553 	DATA 	wsqS
16.3709 	EXP 	whitesquare: autoDraw = True
16.3709 	EXP 	whitesquare: autoDraw = False
16.3717 	DATA 	wsqS
16.3879 	EXP 	whitesquare: autoDraw = True
16.3879 	EXP 	whitesquare: autoDraw = False
16.3887 	DATA 	wsqS
16.4046 	EXP 	whitesquare: autoDraw = True
16.4046 	EXP 	whitesquare: autoDraw = False
16.4052 	DATA 	wsqS
16.4214 	EXP 	whitesquare: autoDraw = True
16.4214 	EXP 	whitesquare: autoDraw = False
16.4220 	DATA 	wsqS
16.4377 	EXP 	whitesquare: autoDraw = True
16.4377 	EXP 	whitesquare: autoDraw = False
16.4385 	DATA 	wsqS
16.4550 	EXP 	whitesquare: autoDraw = True
16.4550 	EXP 	whitesquare: autoDraw = False
16.4557 	DATA 	wsqS
16.4710 	EXP 	whitesquare: autoDraw = True
16.4710 	EXP 	whitesquare: autoDraw = False
16.4718 	DATA 	wsqS
16.4881 	EXP 	whitesquare: autoDraw = True
16.4881 	EXP 	whitesquare: autoDraw = False
16.4889 	DATA 	wsqS
16.5046 	EXP 	whitesquare: autoDraw = True
16.5046 	EXP 	whitesquare: autoDraw = False
16.5052 	DATA 	wsqS
16.5215 	EXP 	whitesquare: autoDraw = True
16.5215 	EXP 	whitesquare: autoDraw = False
16.5223 	DATA 	wsqS
16.5377 	EXP 	whitesquare: autoDraw = True
16.5377 	EXP 	whitesquare: autoDraw = False
16.5384 	DATA 	wsqS
16.5548 	EXP 	whitesquare: autoDraw = True
16.5548 	EXP 	whitesquare: autoDraw = False
16.5556 	DATA 	wsqS
16.5711 	EXP 	whitesquare: autoDraw = True
16.5711 	EXP 	whitesquare: autoDraw = False
16.5718 	DATA 	wsqS
16.5881 	EXP 	whitesquare: autoDraw = True
16.5881 	EXP 	whitesquare: autoDraw = False
16.5889 	DATA 	wsqS
16.6045 	EXP 	whitesquare: autoDraw = True
16.6045 	EXP 	whitesquare: autoDraw = False
16.6051 	DATA 	wsqS
16.6214 	EXP 	whitesquare: autoDraw = True
16.6214 	EXP 	whitesquare: autoDraw = False
16.6222 	DATA 	wsqS
16.6377 	EXP 	whitesquare: autoDraw = True
16.6377 	EXP 	whitesquare: autoDraw = False
16.6384 	DATA 	wsqS
16.6548 	EXP 	whitesquare: autoDraw = True
16.6548 	EXP 	whitesquare: autoDraw = False
16.6556 	DATA 	wsqS
16.6712 	EXP 	whitesquare: autoDraw = True
16.6712 	EXP 	whitesquare: autoDraw = False
16.6719 	DATA 	wsqS
16.6882 	EXP 	whitesquare: autoDraw = True
16.6882 	EXP 	whitesquare: autoDraw = False
16.6890 	DATA 	wsqS
16.7047 	EXP 	whitesquare: autoDraw = True
16.7047 	EXP 	whitesquare: autoDraw = False
16.7054 	DATA 	wsqS
16.7215 	EXP 	whitesquare: autoDraw = True
16.7215 	EXP 	whitesquare: autoDraw = False
16.7222 	DATA 	wsqS
16.7378 	EXP 	whitesquare: autoDraw = True
16.7378 	EXP 	whitesquare: autoDraw = False
16.7385 	DATA 	wsqS
16.7549 	EXP 	whitesquare: autoDraw = True
16.7549 	EXP 	whitesquare: autoDraw = False
16.7556 	DATA 	wsqS
16.7711 	EXP 	whitesquare: autoDraw = True
16.7711 	EXP 	whitesquare: autoDraw = False
16.7718 	DATA 	wsqS
16.7882 	EXP 	whitesquare: autoDraw = True
16.7882 	EXP 	whitesquare: autoDraw = False
16.7890 	DATA 	wsqS
16.8046 	EXP 	whitesquare: autoDraw = True
16.8046 	EXP 	whitesquare: autoDraw = False
16.8053 	DATA 	wsqS
16.8217 	EXP 	whitesquare: autoDraw = True
16.8217 	EXP 	whitesquare: autoDraw = False
16.8223 	DATA 	wsqS
16.8378 	EXP 	whitesquare: autoDraw = True
16.8378 	EXP 	whitesquare: autoDraw = False
16.8386 	DATA 	wsqS
16.8549 	EXP 	whitesquare: autoDraw = True
16.8549 	EXP 	whitesquare: autoDraw = False
16.8556 	DATA 	wsqS
16.8712 	EXP 	whitesquare: autoDraw = True
16.8712 	EXP 	whitesquare: autoDraw = False
16.8720 	DATA 	wsqS
16.8882 	EXP 	whitesquare: autoDraw = True
16.8882 	EXP 	whitesquare: autoDraw = False
16.8890 	DATA 	wsqS
16.9048 	EXP 	whitesquare: autoDraw = True
16.9048 	EXP 	whitesquare: autoDraw = False
16.9055 	DATA 	wsqS
16.9215 	EXP 	whitesquare: autoDraw = True
16.9215 	EXP 	whitesquare: autoDraw = False
16.9223 	DATA 	wsqS
16.9381 	EXP 	whitesquare: autoDraw = True
16.9381 	EXP 	whitesquare: autoDraw = False
16.9388 	DATA 	wsqS
16.9550 	EXP 	whitesquare: autoDraw = True
16.9550 	EXP 	whitesquare: autoDraw = False
16.9557 	DATA 	wsqS
16.9712 	EXP 	whitesquare: autoDraw = True
16.9712 	EXP 	whitesquare: autoDraw = False
16.9720 	DATA 	wsqS
16.9883 	EXP 	whitesquare: autoDraw = True
16.9883 	EXP 	whitesquare: autoDraw = False
16.9891 	DATA 	wsqS
17.0048 	EXP 	whitesquare: autoDraw = True
17.0048 	EXP 	whitesquare: autoDraw = False
17.0054 	DATA 	wsqS
17.0217 	EXP 	whitesquare: autoDraw = True
17.0217 	EXP 	whitesquare: autoDraw = False
17.0223 	DATA 	wsqS
17.0379 	EXP 	whitesquare: autoDraw = True
17.0379 	EXP 	whitesquare: autoDraw = False
17.0387 	DATA 	wsqS
17.0550 	EXP 	whitesquare: autoDraw = True
17.0550 	EXP 	whitesquare: autoDraw = False
17.0562 	DATA 	wsqS
17.0713 	EXP 	whitesquare: autoDraw = True
17.0713 	EXP 	whitesquare: autoDraw = False
17.0721 	DATA 	wsqS
17.0884 	EXP 	whitesquare: autoDraw = True
17.0884 	EXP 	whitesquare: autoDraw = False
17.0891 	DATA 	wsqS
17.1049 	EXP 	whitesquare: autoDraw = True
17.1049 	EXP 	whitesquare: autoDraw = False
17.1056 	DATA 	wsqS
17.1218 	EXP 	whitesquare: autoDraw = True
17.1218 	EXP 	whitesquare: autoDraw = False
17.1226 	DATA 	wsqS
17.1380 	EXP 	whitesquare: autoDraw = True
17.1380 	EXP 	whitesquare: autoDraw = False
17.1388 	DATA 	wsqS
17.1550 	EXP 	whitesquare: autoDraw = True
17.1550 	EXP 	whitesquare: autoDraw = False
17.1559 	DATA 	wsqS
17.1713 	EXP 	whitesquare: autoDraw = True
17.1713 	EXP 	whitesquare: autoDraw = False
17.1722 	DATA 	wsqS
17.1888 	EXP 	whitesquare: autoDraw = True
17.1888 	EXP 	whitesquare: autoDraw = False
17.1894 	DATA 	wsqS
17.2050 	EXP 	whitesquare: autoDraw = True
17.2050 	EXP 	whitesquare: autoDraw = False
17.2057 	DATA 	wsqS
17.2219 	EXP 	whitesquare: autoDraw = True
17.2219 	EXP 	whitesquare: autoDraw = False
17.2226 	DATA 	wsqS
17.2381 	EXP 	whitesquare: autoDraw = True
17.2381 	EXP 	whitesquare: autoDraw = False
17.2388 	DATA 	wsqS
17.2550 	EXP 	whitesquare: autoDraw = True
17.2550 	EXP 	whitesquare: autoDraw = False
17.2558 	DATA 	wsqS
17.2714 	EXP 	whitesquare: autoDraw = True
17.2714 	EXP 	whitesquare: autoDraw = False
17.2721 	DATA 	wsqS
17.2885 	EXP 	whitesquare: autoDraw = True
17.2885 	EXP 	whitesquare: autoDraw = False
17.2893 	DATA 	wsqS
17.3050 	EXP 	whitesquare: autoDraw = True
17.3050 	EXP 	whitesquare: autoDraw = False
17.3056 	DATA 	wsqS
17.3219 	EXP 	whitesquare: autoDraw = True
17.3219 	EXP 	whitesquare: autoDraw = False
17.3225 	DATA 	wsqS
17.3381 	EXP 	whitesquare: autoDraw = True
17.3381 	EXP 	whitesquare: autoDraw = False
17.3388 	DATA 	wsqS
17.3553 	EXP 	whitesquare: autoDraw = True
17.3553 	EXP 	whitesquare: autoDraw = False
17.3560 	DATA 	wsqS
17.3714 	EXP 	whitesquare: autoDraw = True
17.3714 	EXP 	whitesquare: autoDraw = False
17.3721 	DATA 	wsqS
17.3884 	EXP 	whitesquare: autoDraw = True
17.3884 	EXP 	whitesquare: autoDraw = False
17.3892 	DATA 	wsqS
17.4051 	EXP 	whitesquare: autoDraw = True
17.4051 	EXP 	whitesquare: autoDraw = False
17.4058 	DATA 	wsqS
17.4218 	EXP 	whitesquare: autoDraw = True
17.4218 	EXP 	whitesquare: autoDraw = False
17.4226 	DATA 	wsqS
17.4382 	EXP 	whitesquare: autoDraw = True
17.4382 	EXP 	whitesquare: autoDraw = False
17.4390 	DATA 	wsqS
17.4552 	EXP 	whitesquare: autoDraw = True
17.4552 	EXP 	whitesquare: autoDraw = False
17.4559 	DATA 	wsqS
17.4718 	EXP 	whitesquare: autoDraw = True
17.4718 	EXP 	whitesquare: autoDraw = False
17.4725 	DATA 	wsqS
17.4885 	EXP 	whitesquare: autoDraw = True
17.4885 	EXP 	whitesquare: autoDraw = False
17.4893 	DATA 	wsqS
17.5051 	EXP 	whitesquare: autoDraw = True
17.5051 	EXP 	whitesquare: autoDraw = False
17.5057 	DATA 	wsqS
17.5218 	EXP 	whitesquare: autoDraw = True
17.5218 	EXP 	whitesquare: autoDraw = False
17.5225 	DATA 	wsqS
17.5381 	EXP 	whitesquare: autoDraw = True
17.5381 	EXP 	whitesquare: autoDraw = False
17.5389 	DATA 	wsqS
17.5552 	EXP 	whitesquare: autoDraw = True
17.5552 	EXP 	whitesquare: autoDraw = False
17.5560 	DATA 	wsqS
17.5715 	EXP 	whitesquare: autoDraw = True
17.5715 	EXP 	whitesquare: autoDraw = False
17.5723 	DATA 	wsqS
17.5886 	EXP 	whitesquare: autoDraw = True
17.5886 	EXP 	whitesquare: autoDraw = False
17.5895 	DATA 	wsqS
17.6052 	EXP 	whitesquare: autoDraw = True
17.6052 	EXP 	whitesquare: autoDraw = False
17.6059 	DATA 	wsqS
17.6220 	EXP 	whitesquare: autoDraw = True
17.6220 	EXP 	whitesquare: autoDraw = False
17.6228 	DATA 	wsqS
17.6386 	EXP 	whitesquare: autoDraw = True
17.6386 	EXP 	whitesquare: autoDraw = False
17.6393 	DATA 	wsqS
17.6552 	EXP 	whitesquare: autoDraw = True
17.6552 	EXP 	whitesquare: autoDraw = False
17.6561 	DATA 	wsqS
17.6716 	EXP 	whitesquare: autoDraw = True
17.6716 	EXP 	whitesquare: autoDraw = False
17.6723 	DATA 	wsqS
17.6886 	EXP 	whitesquare: autoDraw = True
17.6886 	EXP 	whitesquare: autoDraw = False
17.6894 	DATA 	wsqS
17.6894 	EXP 	Sound  started
18.6907 	EXP 	Sound  stopped
18.6910 	EXP 	Set  sound=./sound/left_speak.wav
18.6912 	EXP 	Set  sound=./sound/right_speak.wav
18.6913 	EXP 	Set  sound=./sound/up_speak.wav
18.6914 	EXP 	Set  sound=./sound/down_speak.wav
18.7059 	EXP 	whitesquare: autoDraw = True
18.7059 	EXP 	whitesquare: autoDraw = False
24.1938 	EXP 	Sound  started
27.1940 	EXP 	Sound  stopped
27.1940 	EXP 	Sound  started
30.1953 	EXP 	Sound  stopped
30.1953 	EXP 	Sound  started
33.1965 	EXP 	Sound  stopped
33.1965 	EXP 	Sound  started
36.1978 	EXP 	Sound  stopped
39.2168 	EXP 	Sound  started
42.1150 	DATA 	Keypress: escape
42.2179 	EXP 	Sound  stopped
42.2179 	EXP 	Sound  started
45.2191 	EXP 	Sound  stopped
45.2191 	EXP 	Sound  started
48.0228 	DATA 	Keypress: escape
48.2204 	EXP 	Sound  stopped
48.2204 	EXP 	Sound  started
51.2217 	EXP 	Sound  stopped
51.4985 	EXP 	window1: mouseVisible = True
