4.9068 	WARNING 	User requested fullscreen with size [1024  768], but screen is actually [1280, 800]. Using actual size
5.6157 	EXP 	Created window1 = Window(allowGUI=False, allowStencil=False, args=UNKNOWN, autoLog=True, bitsMode=UNKNOWN, blendMode='avg', color=array([-1., -1., -1.]), colorSpace='rgb', fullscr=UNKNOWN, gamma=None, kwargs=UNKNOWN, lms=UNKNOWN, monitor=<psychopy.monitors.calibTools.Monitor object at 0x1134422b0>, multiSample=False, name='window1', numSamples=2, pos=[0.0, 0.0], screen=0, size=array([2560, 1600]), stereo=False, units='norm', useFBO=True, useRetina=True, viewOri=0.0, viewPos=None, viewScale=None, waitBlanking=True, winType='pyglet')
5.6158 	EXP 	window1: recordFrameIntervals = False
5.7812 	EXP 	window1: recordFrameIntervals = True
5.9646 	EXP 	window1: recordFrameIntervals = False
5.9722 	EXP 	<method-wrapper '__getattribute__' of attributeSetter object at 0x105f8ae48>: vertices = array([[-0.25,  0.25],
       [ 0.25,  0.25],
       [ 0.25, -0.25],
       [-0.25, -0.25]])
5.9737 	EXP 	Created whitesquare = Rect(__class__=<class 'psychopy.visual.rect.Rect'>, autoDraw=False, autoLog=True, closeShape=True, contrast=1.0, depth=0.0, fillColor=array([1., 1., 1.]), fillColorSpace='rgb', fillRGB=array([1., 1., 1.]), interpolate=True, lineColor=array([1., 1., 1.]), lineColorSpace='rgb', lineRGB=array([1., 1., 1.]), lineWidth=1, name='whitesquare', opacity=0.9, ori=array(0.), pos=array([14.9, 11.2]), size=array([1., 1.]), units='cm', vertices=ndarray(...), win=Window(...))
6.0803 	EXP 	Created intro_text = TextStim(__class__=<class 'psychopy.visual.text.TextStim'>, alignHoriz='center', alignVert='center', antialias=True, autoLog=True, bold=False, color='white', colorSpace='named', contrast=1.0, depth=0.0, flipHoriz=False, flipVert=False, font='Arial', fontFiles=[], height=0.1, italic=False, name='intro_text', opacity=1.0, ori=0, pos=array([0., 0.]), rgb=array([255., 255., 255.]), text=str(...), units='norm', win=Window(...), wrapWidth=1)
6.1044 	EXP 	Created intro_text = TextStim(__class__=<class 'psychopy.visual.text.TextStim'>, alignHoriz='center', alignVert='center', antialias=True, autoLog=True, bold=False, color='white', colorSpace='named', contrast=1.0, depth=0.0, flipHoriz=False, flipVert=False, font='Arial', fontFiles=[], height=0.1, italic=False, name='intro_text', opacity=1.0, ori=0, pos=array([0., 0.]), rgb=array([255., 255., 255.]), text=str(...), units='norm', win=Window(...), wrapWidth=1)
6.1161 	EXP 	Created open_text = TextStim(__class__=<class 'psychopy.visual.text.TextStim'>, alignHoriz='center', alignVert='center', antialias=True, autoLog=True, bold=False, color='white', colorSpace='named', contrast=1.0, depth=0.0, flipHoriz=False, flipVert=False, font='Arial', fontFiles=[], height=0.1, italic=False, name='open_text', opacity=1.0, ori=0, pos=array([0., 0.]), rgb=array([255., 255., 255.]), text=str(...), units='norm', win=Window(...), wrapWidth=1)
6.1200 	EXP 	Created fixation = TextStim(__class__=<class 'psychopy.visual.text.TextStim'>, alignHoriz='center', alignVert='center', antialias=True, autoLog=True, bold=False, color='white', colorSpace='named', contrast=1.0, depth=-1.0, flipHoriz=False, flipVert=False, font='Arial', fontFiles=[], height=0.1, italic=False, name='fixation', opacity=1.0, ori=0, pos=array([0., 0.]), rgb=array([255., 255., 255.]), text='+\n', units='norm', win=Window(...), wrapWidth=1)
6.1338 	EXP 	Created close_text = TextStim(__class__=<class 'psychopy.visual.text.TextStim'>, alignHoriz='center', alignVert='center', antialias=True, autoLog=True, bold=False, color='white', colorSpace='named', contrast=1.0, depth=0.0, flipHoriz=False, flipVert=False, font='Arial', fontFiles=[], height=0.1, italic=False, name='close_text', opacity=1.0, ori=0, pos=array([0., 0.]), rgb=array([255., 255., 255.]), text=str(...), units='norm', win=Window(...), wrapWidth=1)
6.1365 	EXP 	Created blank = TextStim(__class__=<class 'psychopy.visual.text.TextStim'>, alignHoriz='center', alignVert='center', antialias=True, autoLog=True, bold=False, color='white', colorSpace='named', contrast=1.0, depth=-1.0, flipHoriz=False, flipVert=False, font='Arial', fontFiles=[], height=0.1, italic=False, name='blank', opacity=1.0, ori=0, pos=array([0., 0.]), rgb=array([255., 255., 255.]), text=' ', units='norm', win=Window(...), wrapWidth=1)
6.1874 	EXP 	Set  sound=./sound/open_speak.wav
6.1875 	EXP 	Set Sound  volume=1.000
6.1981 	EXP 	Created gaze_text = TextStim(__class__=<class 'psychopy.visual.text.TextStim'>, alignHoriz='center', alignVert='center', antialias=True, autoLog=True, bold=False, color='white', colorSpace='named', contrast=1.0, depth=0.0, flipHoriz=False, flipVert=False, font='Arial', fontFiles=[], height=0.1, italic=False, name='gaze_text', opacity=1.0, ori=0, pos=array([0., 0.]), rgb=array([255., 255., 255.]), text=str(...), units='norm', win=Window(...), wrapWidth=1)
6.1998 	EXP 	Created center = ShapeStim(__class__=<class 'psychopy.visual.shape.ShapeStim'>, autoDraw=False, autoLog=True, closeShape=True, contrast=1.0, depth=0.0, fillColor=array([1., 1., 1.]), fillColorSpace='rgb', interpolate=True, lineColor=array([1., 1., 1.]), lineColorSpace='rgb', lineWidth=1, name='center', opacity=1.0, ori=array(0.), pos=array([0., 0.]), size=array([0.5, 0.5]), units='cm', vertices=ndarray(...), win=Window(...), windingRule=None)
6.2008 	EXP 	Set  sound=./sound/left_speak.wav
6.2009 	EXP 	Set Sound  volume=1.000
6.2035 	EXP 	Created left = ShapeStim(__class__=<class 'psychopy.visual.shape.ShapeStim'>, autoDraw=False, autoLog=True, closeShape=True, contrast=1.0, depth=0.0, fillColor=array([1., 1., 1.]), fillColorSpace='rgb', interpolate=True, lineColor=array([1., 1., 1.]), lineColorSpace='rgb', lineWidth=1, name='left', opacity=1.0, ori=array(0.), pos=array([-10.,   0.]), size=array([0.5, 0.5]), units='cm', vertices=ndarray(...), win=Window(...), windingRule=None)
6.2044 	EXP 	Set  sound=./sound/right_speak.wav
6.2044 	EXP 	Set Sound  volume=1.000
6.2064 	EXP 	Created right = ShapeStim(__class__=<class 'psychopy.visual.shape.ShapeStim'>, autoDraw=False, autoLog=True, closeShape=True, contrast=1.0, depth=0.0, fillColor=array([1., 1., 1.]), fillColorSpace='rgb', interpolate=True, lineColor=array([1., 1., 1.]), lineColorSpace='rgb', lineWidth=1, name='right', opacity=1.0, ori=array(0.), pos=array([10.,  0.]), size=array([0.5, 0.5]), units='cm', vertices=ndarray(...), win=Window(...), windingRule=None)
6.2072 	EXP 	Set  sound=./sound/up_speak.wav
6.2073 	EXP 	Set Sound  volume=1.000
6.2092 	EXP 	Created up = ShapeStim(__class__=<class 'psychopy.visual.shape.ShapeStim'>, autoDraw=False, autoLog=True, closeShape=True, contrast=1.0, depth=0.0, fillColor=array([1., 1., 1.]), fillColorSpace='rgb', interpolate=True, lineColor=array([1., 1., 1.]), lineColorSpace='rgb', lineWidth=1, name='up', opacity=1.0, ori=array(0.), pos=array([ 0., 10.]), size=array([0.5, 0.5]), units='cm', vertices=ndarray(...), win=Window(...), windingRule=None)
6.2100 	EXP 	Set  sound=./sound/down_speak.wav
6.2101 	EXP 	Set Sound  volume=1.000
6.2120 	EXP 	Created down = ShapeStim(__class__=<class 'psychopy.visual.shape.ShapeStim'>, autoDraw=False, autoLog=True, closeShape=True, contrast=1.0, depth=0.0, fillColor=array([1., 1., 1.]), fillColorSpace='rgb', interpolate=True, lineColor=array([1., 1., 1.]), lineColorSpace='rgb', lineWidth=1, name='down', opacity=1.0, ori=array(0.), pos=array([  0., -10.]), size=array([0.5, 0.5]), units='cm', vertices=ndarray(...), win=Window(...), windingRule=None)
6.2209 	EXP 	Created esc = TextStim(__class__=<class 'psychopy.visual.text.TextStim'>, alignHoriz='center', alignVert='center', antialias=True, autoLog=True, bold=False, color='white', colorSpace='named', contrast=1.0, depth=0.0, flipHoriz=False, flipVert=False, font='Arial', fontFiles=[], height=0.1, italic=False, name='esc', opacity=1.0, ori=0, pos=array([0., 0.]), rgb=array([255., 255., 255.]), text="End of test\n\nPress 'esc'", units='norm', win=Window(...), wrapWidth=1)
6.2497 	EXP 	intro_text: autoDraw = True
6.2497 	EXP 	whitesquare: autoDraw = True
7.2863 	DATA 	Keypress: space
7.2986 	EXP 	intro_text: autoDraw = False
7.2986 	EXP 	whitesquare: autoDraw = False
7.2986 	EXP 	intro_text: autoDraw = True
7.6008 	DATA 	Keypress: space
7.6158 	EXP 	intro_text: autoDraw = False
10.1012 	DATA 	wsqS
10.1166 	EXP 	whitesquare: autoDraw = True
10.1174 	DATA 	wsqS
10.1329 	EXP 	whitesquare: autoDraw = True
10.1329 	EXP 	whitesquare: autoDraw = False
10.1338 	DATA 	wsqS
10.1499 	EXP 	whitesquare: autoDraw = True
10.1499 	EXP 	whitesquare: autoDraw = False
10.1508 	DATA 	wsqS
10.1663 	EXP 	whitesquare: autoDraw = True
10.1663 	EXP 	whitesquare: autoDraw = False
10.1672 	DATA 	wsqS
10.1833 	EXP 	whitesquare: autoDraw = True
10.1833 	EXP 	whitesquare: autoDraw = False
10.1841 	DATA 	wsqS
10.1996 	EXP 	whitesquare: autoDraw = True
10.1996 	EXP 	whitesquare: autoDraw = False
10.2005 	DATA 	wsqS
10.2166 	EXP 	whitesquare: autoDraw = True
10.2166 	EXP 	whitesquare: autoDraw = False
10.2174 	DATA 	wsqS
10.2329 	EXP 	whitesquare: autoDraw = True
10.2329 	EXP 	whitesquare: autoDraw = False
10.2337 	DATA 	wsqS
10.2504 	EXP 	whitesquare: autoDraw = True
10.2504 	EXP 	whitesquare: autoDraw = False
10.2512 	DATA 	wsqS
10.2665 	EXP 	whitesquare: autoDraw = True
10.2665 	EXP 	whitesquare: autoDraw = False
10.2673 	DATA 	wsqS
10.2834 	EXP 	whitesquare: autoDraw = True
10.2834 	EXP 	whitesquare: autoDraw = False
10.2842 	DATA 	wsqS
10.2996 	EXP 	whitesquare: autoDraw = True
10.2996 	EXP 	whitesquare: autoDraw = False
10.3005 	DATA 	wsqS
10.3168 	EXP 	whitesquare: autoDraw = True
10.3168 	EXP 	whitesquare: autoDraw = False
10.3176 	DATA 	wsqS
10.3330 	EXP 	whitesquare: autoDraw = True
10.3330 	EXP 	whitesquare: autoDraw = False
10.3337 	DATA 	wsqS
10.3504 	EXP 	whitesquare: autoDraw = True
10.3504 	EXP 	whitesquare: autoDraw = False
10.3511 	DATA 	wsqS
10.3663 	EXP 	whitesquare: autoDraw = True
10.3663 	EXP 	whitesquare: autoDraw = False
10.3673 	DATA 	wsqS
10.3834 	EXP 	whitesquare: autoDraw = True
10.3834 	EXP 	whitesquare: autoDraw = False
10.3842 	DATA 	wsqS
10.3998 	EXP 	whitesquare: autoDraw = True
10.3998 	EXP 	whitesquare: autoDraw = False
10.4005 	DATA 	wsqS
10.4167 	EXP 	whitesquare: autoDraw = True
10.4167 	EXP 	whitesquare: autoDraw = False
10.4176 	DATA 	wsqS
10.4331 	EXP 	whitesquare: autoDraw = True
10.4331 	EXP 	whitesquare: autoDraw = False
10.4340 	DATA 	wsqS
10.4502 	EXP 	whitesquare: autoDraw = True
10.4502 	EXP 	whitesquare: autoDraw = False
10.4510 	DATA 	wsqS
10.4664 	EXP 	whitesquare: autoDraw = True
10.4664 	EXP 	whitesquare: autoDraw = False
10.4673 	DATA 	wsqS
10.4835 	EXP 	whitesquare: autoDraw = True
10.4835 	EXP 	whitesquare: autoDraw = False
10.4843 	DATA 	wsqS
10.4997 	EXP 	whitesquare: autoDraw = True
10.4997 	EXP 	whitesquare: autoDraw = False
10.5006 	DATA 	wsqS
10.5168 	EXP 	whitesquare: autoDraw = True
10.5168 	EXP 	whitesquare: autoDraw = False
10.5176 	DATA 	wsqS
10.5331 	EXP 	whitesquare: autoDraw = True
10.5331 	EXP 	whitesquare: autoDraw = False
10.5338 	DATA 	wsqS
10.5503 	EXP 	whitesquare: autoDraw = True
10.5503 	EXP 	whitesquare: autoDraw = False
10.5511 	DATA 	wsqS
10.5665 	EXP 	whitesquare: autoDraw = True
10.5665 	EXP 	whitesquare: autoDraw = False
10.5673 	DATA 	wsqS
10.5835 	EXP 	whitesquare: autoDraw = True
10.5835 	EXP 	whitesquare: autoDraw = False
10.5844 	DATA 	wsqS
10.5998 	EXP 	whitesquare: autoDraw = True
10.5998 	EXP 	whitesquare: autoDraw = False
10.6006 	DATA 	wsqS
10.6168 	EXP 	whitesquare: autoDraw = True
10.6168 	EXP 	whitesquare: autoDraw = False
10.6177 	DATA 	wsqS
10.6331 	EXP 	whitesquare: autoDraw = True
10.6331 	EXP 	whitesquare: autoDraw = False
10.6340 	DATA 	wsqS
10.6501 	EXP 	whitesquare: autoDraw = True
10.6501 	EXP 	whitesquare: autoDraw = False
10.6510 	DATA 	wsqS
10.6666 	EXP 	whitesquare: autoDraw = True
10.6666 	EXP 	whitesquare: autoDraw = False
10.6673 	DATA 	wsqS
10.6835 	EXP 	whitesquare: autoDraw = True
10.6835 	EXP 	whitesquare: autoDraw = False
10.6843 	DATA 	wsqS
10.7000 	EXP 	whitesquare: autoDraw = True
10.7000 	EXP 	whitesquare: autoDraw = False
10.7008 	DATA 	wsqS
10.7169 	EXP 	whitesquare: autoDraw = True
10.7169 	EXP 	whitesquare: autoDraw = False
10.7176 	DATA 	wsqS
10.7332 	EXP 	whitesquare: autoDraw = True
10.7332 	EXP 	whitesquare: autoDraw = False
10.7340 	DATA 	wsqS
10.7504 	EXP 	whitesquare: autoDraw = True
10.7504 	EXP 	whitesquare: autoDraw = False
10.7513 	DATA 	wsqS
10.7665 	EXP 	whitesquare: autoDraw = True
10.7665 	EXP 	whitesquare: autoDraw = False
10.7673 	DATA 	wsqS
10.7840 	EXP 	whitesquare: autoDraw = True
10.7840 	EXP 	whitesquare: autoDraw = False
10.7847 	DATA 	wsqS
10.8000 	EXP 	whitesquare: autoDraw = True
10.8000 	EXP 	whitesquare: autoDraw = False
10.8007 	DATA 	wsqS
10.8170 	EXP 	whitesquare: autoDraw = True
10.8170 	EXP 	whitesquare: autoDraw = False
10.8177 	DATA 	wsqS
10.8332 	EXP 	whitesquare: autoDraw = True
10.8332 	EXP 	whitesquare: autoDraw = False
10.8340 	DATA 	wsqS
10.8503 	EXP 	whitesquare: autoDraw = True
10.8503 	EXP 	whitesquare: autoDraw = False
10.8513 	DATA 	wsqS
10.8669 	EXP 	whitesquare: autoDraw = True
10.8669 	EXP 	whitesquare: autoDraw = False
10.8675 	DATA 	wsqS
10.8839 	EXP 	whitesquare: autoDraw = True
10.8839 	EXP 	whitesquare: autoDraw = False
10.8845 	DATA 	wsqS
10.9003 	EXP 	whitesquare: autoDraw = True
10.9003 	EXP 	whitesquare: autoDraw = False
10.9010 	DATA 	wsqS
10.9172 	EXP 	whitesquare: autoDraw = True
10.9172 	EXP 	whitesquare: autoDraw = False
10.9179 	DATA 	wsqS
10.9335 	EXP 	whitesquare: autoDraw = True
10.9335 	EXP 	whitesquare: autoDraw = False
10.9341 	DATA 	wsqS
10.9507 	EXP 	whitesquare: autoDraw = True
10.9507 	EXP 	whitesquare: autoDraw = False
10.9513 	DATA 	wsqS
10.9669 	EXP 	whitesquare: autoDraw = True
10.9669 	EXP 	whitesquare: autoDraw = False
10.9676 	DATA 	wsqS
10.9840 	EXP 	whitesquare: autoDraw = True
10.9840 	EXP 	whitesquare: autoDraw = False
10.9845 	DATA 	wsqS
11.0009 	EXP 	whitesquare: autoDraw = True
11.0009 	EXP 	whitesquare: autoDraw = False
11.0016 	DATA 	wsqS
11.0174 	EXP 	whitesquare: autoDraw = True
11.0174 	EXP 	whitesquare: autoDraw = False
11.0181 	DATA 	wsqS
11.0336 	EXP 	whitesquare: autoDraw = True
11.0336 	EXP 	whitesquare: autoDraw = False
11.0342 	DATA 	wsqS
11.0509 	EXP 	whitesquare: autoDraw = True
11.0509 	EXP 	whitesquare: autoDraw = False
11.0516 	DATA 	wsqS
11.0669 	EXP 	whitesquare: autoDraw = True
11.0669 	EXP 	whitesquare: autoDraw = False
11.0675 	DATA 	wsqS
11.0847 	EXP 	whitesquare: autoDraw = True
11.0847 	EXP 	whitesquare: autoDraw = False
11.0854 	DATA 	wsqS
11.1009 	EXP 	whitesquare: autoDraw = True
11.1009 	EXP 	whitesquare: autoDraw = False
11.1016 	DATA 	wsqS
11.1177 	EXP 	whitesquare: autoDraw = True
11.1177 	EXP 	whitesquare: autoDraw = False
11.1183 	DATA 	wsqS
11.1336 	EXP 	whitesquare: autoDraw = True
11.1336 	EXP 	whitesquare: autoDraw = False
11.1341 	DATA 	wsqS
11.1508 	EXP 	whitesquare: autoDraw = True
11.1508 	EXP 	whitesquare: autoDraw = False
11.1515 	DATA 	wsqS
11.1671 	EXP 	whitesquare: autoDraw = True
11.1671 	EXP 	whitesquare: autoDraw = False
11.1677 	DATA 	wsqS
11.1840 	EXP 	whitesquare: autoDraw = True
11.1840 	EXP 	whitesquare: autoDraw = False
11.1846 	DATA 	wsqS
11.2004 	EXP 	whitesquare: autoDraw = True
11.2004 	EXP 	whitesquare: autoDraw = False
11.2009 	DATA 	wsqS
11.2174 	EXP 	whitesquare: autoDraw = True
11.2174 	EXP 	whitesquare: autoDraw = False
11.2180 	DATA 	wsqS
11.2340 	EXP 	whitesquare: autoDraw = True
11.2340 	EXP 	whitesquare: autoDraw = False
11.2346 	DATA 	wsqS
11.2521 	EXP 	whitesquare: autoDraw = True
11.2521 	EXP 	whitesquare: autoDraw = False
11.2528 	DATA 	wsqS
11.2672 	EXP 	whitesquare: autoDraw = True
11.2672 	EXP 	whitesquare: autoDraw = False
11.2677 	DATA 	wsqS
11.2840 	EXP 	whitesquare: autoDraw = True
11.2840 	EXP 	whitesquare: autoDraw = False
11.2846 	DATA 	wsqS
11.3004 	EXP 	whitesquare: autoDraw = True
11.3004 	EXP 	whitesquare: autoDraw = False
11.3008 	DATA 	wsqS
11.3176 	EXP 	whitesquare: autoDraw = True
11.3176 	EXP 	whitesquare: autoDraw = False
11.3184 	DATA 	wsqS
11.3337 	EXP 	whitesquare: autoDraw = True
11.3337 	EXP 	whitesquare: autoDraw = False
11.3342 	DATA 	wsqS
11.3514 	EXP 	whitesquare: autoDraw = True
11.3514 	EXP 	whitesquare: autoDraw = False
11.3521 	DATA 	wsqS
11.3668 	EXP 	whitesquare: autoDraw = True
11.3668 	EXP 	whitesquare: autoDraw = False
11.3674 	DATA 	wsqS
11.3843 	EXP 	whitesquare: autoDraw = True
11.3843 	EXP 	whitesquare: autoDraw = False
11.3849 	DATA 	wsqS
11.4006 	EXP 	whitesquare: autoDraw = True
11.4006 	EXP 	whitesquare: autoDraw = False
11.4011 	DATA 	wsqS
11.4178 	EXP 	whitesquare: autoDraw = True
11.4178 	EXP 	whitesquare: autoDraw = False
11.4184 	DATA 	wsqS
11.4337 	EXP 	whitesquare: autoDraw = True
11.4337 	EXP 	whitesquare: autoDraw = False
11.4343 	DATA 	wsqS
11.4509 	EXP 	whitesquare: autoDraw = True
11.4509 	EXP 	whitesquare: autoDraw = False
11.4514 	DATA 	wsqS
11.4671 	EXP 	whitesquare: autoDraw = True
11.4671 	EXP 	whitesquare: autoDraw = False
11.4676 	DATA 	wsqS
11.4847 	EXP 	whitesquare: autoDraw = True
11.4847 	EXP 	whitesquare: autoDraw = False
11.4855 	DATA 	wsqS
11.5009 	EXP 	whitesquare: autoDraw = True
11.5009 	EXP 	whitesquare: autoDraw = False
11.5017 	DATA 	wsqS
11.5182 	EXP 	whitesquare: autoDraw = True
11.5182 	EXP 	whitesquare: autoDraw = False
11.5187 	DATA 	wsqS
11.5336 	EXP 	whitesquare: autoDraw = True
11.5336 	EXP 	whitesquare: autoDraw = False
11.5344 	DATA 	wsqS
11.5506 	EXP 	whitesquare: autoDraw = True
11.5506 	EXP 	whitesquare: autoDraw = False
11.5516 	DATA 	wsqS
11.5672 	EXP 	whitesquare: autoDraw = True
11.5672 	EXP 	whitesquare: autoDraw = False
11.5679 	DATA 	wsqS
11.5841 	EXP 	whitesquare: autoDraw = True
11.5841 	EXP 	whitesquare: autoDraw = False
11.5849 	DATA 	wsqS
11.6003 	EXP 	whitesquare: autoDraw = True
11.6003 	EXP 	whitesquare: autoDraw = False
11.6011 	DATA 	wsqS
11.6175 	EXP 	whitesquare: autoDraw = True
11.6175 	EXP 	whitesquare: autoDraw = False
11.6183 	DATA 	wsqS
11.6336 	EXP 	whitesquare: autoDraw = True
11.6336 	EXP 	whitesquare: autoDraw = False
11.6344 	DATA 	wsqS
11.6507 	EXP 	whitesquare: autoDraw = True
11.6507 	EXP 	whitesquare: autoDraw = False
11.6515 	DATA 	wsqS
11.6672 	EXP 	whitesquare: autoDraw = True
11.6672 	EXP 	whitesquare: autoDraw = False
11.6679 	DATA 	wsqS
11.6842 	EXP 	whitesquare: autoDraw = True
11.6842 	EXP 	whitesquare: autoDraw = False
11.6849 	DATA 	wsqS
11.7003 	EXP 	whitesquare: autoDraw = True
11.7003 	EXP 	whitesquare: autoDraw = False
11.7012 	DATA 	wsqS
11.7174 	EXP 	whitesquare: autoDraw = True
11.7174 	EXP 	whitesquare: autoDraw = False
11.7182 	DATA 	wsqS
11.7338 	EXP 	whitesquare: autoDraw = True
11.7338 	EXP 	whitesquare: autoDraw = False
11.7345 	DATA 	wsqS
11.7507 	EXP 	whitesquare: autoDraw = True
11.7507 	EXP 	whitesquare: autoDraw = False
11.7515 	DATA 	wsqS
11.7671 	EXP 	whitesquare: autoDraw = True
11.7671 	EXP 	whitesquare: autoDraw = False
11.7678 	DATA 	wsqS
11.7840 	EXP 	whitesquare: autoDraw = True
11.7840 	EXP 	whitesquare: autoDraw = False
11.7849 	DATA 	wsqS
11.8003 	EXP 	whitesquare: autoDraw = True
11.8003 	EXP 	whitesquare: autoDraw = False
11.8012 	DATA 	wsqS
11.8174 	EXP 	whitesquare: autoDraw = True
11.8174 	EXP 	whitesquare: autoDraw = False
11.8183 	DATA 	wsqS
11.8337 	EXP 	whitesquare: autoDraw = True
11.8337 	EXP 	whitesquare: autoDraw = False
11.8345 	DATA 	wsqS
11.8508 	EXP 	whitesquare: autoDraw = True
11.8508 	EXP 	whitesquare: autoDraw = False
11.8516 	DATA 	wsqS
11.8672 	EXP 	whitesquare: autoDraw = True
11.8672 	EXP 	whitesquare: autoDraw = False
11.8679 	DATA 	wsqS
11.8841 	EXP 	whitesquare: autoDraw = True
11.8841 	EXP 	whitesquare: autoDraw = False
11.8850 	DATA 	wsqS
11.9004 	EXP 	whitesquare: autoDraw = True
11.9004 	EXP 	whitesquare: autoDraw = False
11.9012 	DATA 	wsqS
11.9176 	EXP 	whitesquare: autoDraw = True
11.9176 	EXP 	whitesquare: autoDraw = False
11.9183 	DATA 	wsqS
11.9337 	EXP 	whitesquare: autoDraw = True
11.9337 	EXP 	whitesquare: autoDraw = False
11.9346 	DATA 	wsqS
11.9510 	EXP 	whitesquare: autoDraw = True
11.9510 	EXP 	whitesquare: autoDraw = False
11.9517 	DATA 	wsqS
11.9671 	EXP 	whitesquare: autoDraw = True
11.9671 	EXP 	whitesquare: autoDraw = False
11.9680 	DATA 	wsqS
11.9841 	EXP 	whitesquare: autoDraw = True
11.9841 	EXP 	whitesquare: autoDraw = False
11.9850 	DATA 	wsqS
12.0009 	EXP 	whitesquare: autoDraw = True
12.0009 	EXP 	whitesquare: autoDraw = False
12.0017 	DATA 	wsqS
12.0178 	EXP 	whitesquare: autoDraw = True
12.0178 	EXP 	whitesquare: autoDraw = False
12.0183 	DATA 	wsqS
12.0342 	EXP 	whitesquare: autoDraw = True
12.0342 	EXP 	whitesquare: autoDraw = False
12.0346 	DATA 	wsqS
12.0514 	EXP 	whitesquare: autoDraw = True
12.0514 	EXP 	whitesquare: autoDraw = False
12.0519 	DATA 	wsqS
12.0675 	EXP 	whitesquare: autoDraw = True
12.0675 	EXP 	whitesquare: autoDraw = False
12.0680 	DATA 	wsqS
12.0860 	EXP 	whitesquare: autoDraw = True
12.0860 	EXP 	whitesquare: autoDraw = False
12.0865 	DATA 	wsqS
12.1005 	EXP 	whitesquare: autoDraw = True
12.1005 	EXP 	whitesquare: autoDraw = False
12.1013 	DATA 	wsqS
12.1022 	EXP 	Set  sound=./sound/open_speak.wav
12.1177 	EXP 	whitesquare: autoDraw = True
12.1177 	EXP 	whitesquare: autoDraw = False
14.6032 	DATA 	wsqS
14.6187 	EXP 	whitesquare: autoDraw = True
14.6196 	DATA 	wsqS
14.6351 	EXP 	whitesquare: autoDraw = True
14.6351 	EXP 	whitesquare: autoDraw = False
14.6359 	DATA 	wsqS
14.6521 	EXP 	whitesquare: autoDraw = True
14.6521 	EXP 	whitesquare: autoDraw = False
14.6529 	DATA 	wsqS
14.6684 	EXP 	whitesquare: autoDraw = True
14.6684 	EXP 	whitesquare: autoDraw = False
14.6692 	DATA 	wsqS
14.6854 	EXP 	whitesquare: autoDraw = True
14.6854 	EXP 	whitesquare: autoDraw = False
14.6862 	DATA 	wsqS
14.7017 	EXP 	whitesquare: autoDraw = True
14.7017 	EXP 	whitesquare: autoDraw = False
14.7025 	DATA 	wsqS
14.7188 	EXP 	whitesquare: autoDraw = True
14.7188 	EXP 	whitesquare: autoDraw = False
14.7199 	DATA 	wsqS
14.7351 	EXP 	whitesquare: autoDraw = True
14.7351 	EXP 	whitesquare: autoDraw = False
14.7359 	DATA 	wsqS
14.7522 	EXP 	whitesquare: autoDraw = True
14.7522 	EXP 	whitesquare: autoDraw = False
14.7530 	DATA 	wsqS
14.7684 	EXP 	whitesquare: autoDraw = True
14.7684 	EXP 	whitesquare: autoDraw = False
14.7692 	DATA 	wsqS
14.7856 	EXP 	whitesquare: autoDraw = True
14.7856 	EXP 	whitesquare: autoDraw = False
14.7863 	DATA 	wsqS
14.8018 	EXP 	whitesquare: autoDraw = True
14.8018 	EXP 	whitesquare: autoDraw = False
14.8026 	DATA 	wsqS
14.8189 	EXP 	whitesquare: autoDraw = True
14.8189 	EXP 	whitesquare: autoDraw = False
14.8197 	DATA 	wsqS
14.8352 	EXP 	whitesquare: autoDraw = True
14.8352 	EXP 	whitesquare: autoDraw = False
14.8360 	DATA 	wsqS
14.8521 	EXP 	whitesquare: autoDraw = True
14.8521 	EXP 	whitesquare: autoDraw = False
14.8530 	DATA 	wsqS
14.8685 	EXP 	whitesquare: autoDraw = True
14.8685 	EXP 	whitesquare: autoDraw = False
14.8692 	DATA 	wsqS
14.8859 	EXP 	whitesquare: autoDraw = True
14.8859 	EXP 	whitesquare: autoDraw = False
14.8867 	DATA 	wsqS
14.9019 	EXP 	whitesquare: autoDraw = True
14.9019 	EXP 	whitesquare: autoDraw = False
14.9026 	DATA 	wsqS
14.9188 	EXP 	whitesquare: autoDraw = True
14.9188 	EXP 	whitesquare: autoDraw = False
14.9196 	DATA 	wsqS
14.9352 	EXP 	whitesquare: autoDraw = True
14.9352 	EXP 	whitesquare: autoDraw = False
14.9361 	DATA 	wsqS
14.9525 	EXP 	whitesquare: autoDraw = True
14.9525 	EXP 	whitesquare: autoDraw = False
14.9532 	DATA 	wsqS
14.9685 	EXP 	whitesquare: autoDraw = True
14.9685 	EXP 	whitesquare: autoDraw = False
14.9693 	DATA 	wsqS
14.9855 	EXP 	whitesquare: autoDraw = True
14.9855 	EXP 	whitesquare: autoDraw = False
14.9866 	DATA 	wsqS
15.0019 	EXP 	whitesquare: autoDraw = True
15.0019 	EXP 	whitesquare: autoDraw = False
15.0026 	DATA 	wsqS
15.0190 	EXP 	whitesquare: autoDraw = True
15.0190 	EXP 	whitesquare: autoDraw = False
15.0198 	DATA 	wsqS
15.0354 	EXP 	whitesquare: autoDraw = True
15.0354 	EXP 	whitesquare: autoDraw = False
15.0358 	DATA 	wsqS
15.0523 	EXP 	whitesquare: autoDraw = True
15.0523 	EXP 	whitesquare: autoDraw = False
15.0531 	DATA 	wsqS
15.0685 	EXP 	whitesquare: autoDraw = True
15.0685 	EXP 	whitesquare: autoDraw = False
15.0700 	DATA 	wsqS
15.0856 	EXP 	whitesquare: autoDraw = True
15.0856 	EXP 	whitesquare: autoDraw = False
15.0865 	DATA 	wsqS
15.1019 	EXP 	whitesquare: autoDraw = True
15.1019 	EXP 	whitesquare: autoDraw = False
15.1027 	DATA 	wsqS
15.1190 	EXP 	whitesquare: autoDraw = True
15.1190 	EXP 	whitesquare: autoDraw = False
15.1199 	DATA 	wsqS
15.1353 	EXP 	whitesquare: autoDraw = True
15.1353 	EXP 	whitesquare: autoDraw = False
15.1361 	DATA 	wsqS
15.1524 	EXP 	whitesquare: autoDraw = True
15.1524 	EXP 	whitesquare: autoDraw = False
15.1530 	DATA 	wsqS
15.1686 	EXP 	whitesquare: autoDraw = True
15.1686 	EXP 	whitesquare: autoDraw = False
15.1695 	DATA 	wsqS
15.1856 	EXP 	whitesquare: autoDraw = True
15.1856 	EXP 	whitesquare: autoDraw = False
15.1865 	DATA 	wsqS
15.2020 	EXP 	whitesquare: autoDraw = True
15.2020 	EXP 	whitesquare: autoDraw = False
15.2029 	DATA 	wsqS
15.2190 	EXP 	whitesquare: autoDraw = True
15.2190 	EXP 	whitesquare: autoDraw = False
15.2199 	DATA 	wsqS
15.2353 	EXP 	whitesquare: autoDraw = True
15.2353 	EXP 	whitesquare: autoDraw = False
15.2361 	DATA 	wsqS
15.2525 	EXP 	whitesquare: autoDraw = True
15.2525 	EXP 	whitesquare: autoDraw = False
15.2533 	DATA 	wsqS
15.2686 	EXP 	whitesquare: autoDraw = True
15.2686 	EXP 	whitesquare: autoDraw = False
15.2695 	DATA 	wsqS
15.2860 	EXP 	whitesquare: autoDraw = True
15.2860 	EXP 	whitesquare: autoDraw = False
15.2868 	DATA 	wsqS
15.3020 	EXP 	whitesquare: autoDraw = True
15.3020 	EXP 	whitesquare: autoDraw = False
15.3028 	DATA 	wsqS
15.3192 	EXP 	whitesquare: autoDraw = True
15.3192 	EXP 	whitesquare: autoDraw = False
15.3199 	DATA 	wsqS
15.3353 	EXP 	whitesquare: autoDraw = True
15.3353 	EXP 	whitesquare: autoDraw = False
15.3362 	DATA 	wsqS
15.3526 	EXP 	whitesquare: autoDraw = True
15.3526 	EXP 	whitesquare: autoDraw = False
15.3533 	DATA 	wsqS
15.3687 	EXP 	whitesquare: autoDraw = True
15.3687 	EXP 	whitesquare: autoDraw = False
15.3695 	DATA 	wsqS
15.3857 	EXP 	whitesquare: autoDraw = True
15.3857 	EXP 	whitesquare: autoDraw = False
15.3865 	DATA 	wsqS
15.4021 	EXP 	whitesquare: autoDraw = True
15.4021 	EXP 	whitesquare: autoDraw = False
15.4028 	DATA 	wsqS
15.4191 	EXP 	whitesquare: autoDraw = True
15.4191 	EXP 	whitesquare: autoDraw = False
15.4200 	DATA 	wsqS
15.4354 	EXP 	whitesquare: autoDraw = True
15.4354 	EXP 	whitesquare: autoDraw = False
15.4363 	DATA 	wsqS
15.4524 	EXP 	whitesquare: autoDraw = True
15.4524 	EXP 	whitesquare: autoDraw = False
15.4532 	DATA 	wsqS
15.4689 	EXP 	whitesquare: autoDraw = True
15.4689 	EXP 	whitesquare: autoDraw = False
15.4697 	DATA 	wsqS
15.4858 	EXP 	whitesquare: autoDraw = True
15.4858 	EXP 	whitesquare: autoDraw = False
15.4866 	DATA 	wsqS
15.5022 	EXP 	whitesquare: autoDraw = True
15.5022 	EXP 	whitesquare: autoDraw = False
15.5030 	DATA 	wsqS
15.5191 	EXP 	whitesquare: autoDraw = True
15.5191 	EXP 	whitesquare: autoDraw = False
15.5201 	DATA 	wsqS
15.5355 	EXP 	whitesquare: autoDraw = True
15.5355 	EXP 	whitesquare: autoDraw = False
15.5363 	DATA 	wsqS
15.5525 	EXP 	whitesquare: autoDraw = True
15.5525 	EXP 	whitesquare: autoDraw = False
15.5535 	DATA 	wsqS
15.5688 	EXP 	whitesquare: autoDraw = True
15.5688 	EXP 	whitesquare: autoDraw = False
15.5696 	DATA 	wsqS
15.5860 	EXP 	whitesquare: autoDraw = True
15.5860 	EXP 	whitesquare: autoDraw = False
15.5868 	DATA 	wsqS
15.6021 	EXP 	whitesquare: autoDraw = True
15.6021 	EXP 	whitesquare: autoDraw = False
15.6029 	DATA 	wsqS
15.6192 	EXP 	whitesquare: autoDraw = True
15.6192 	EXP 	whitesquare: autoDraw = False
15.6201 	DATA 	wsqS
15.6357 	EXP 	whitesquare: autoDraw = True
15.6357 	EXP 	whitesquare: autoDraw = False
15.6366 	DATA 	wsqS
15.6526 	EXP 	whitesquare: autoDraw = True
15.6526 	EXP 	whitesquare: autoDraw = False
15.6534 	DATA 	wsqS
15.6689 	EXP 	whitesquare: autoDraw = True
15.6689 	EXP 	whitesquare: autoDraw = False
15.6697 	DATA 	wsqS
15.6859 	EXP 	whitesquare: autoDraw = True
15.6859 	EXP 	whitesquare: autoDraw = False
15.6867 	DATA 	wsqS
15.7023 	EXP 	whitesquare: autoDraw = True
15.7023 	EXP 	whitesquare: autoDraw = False
15.7028 	DATA 	wsqS
15.7193 	EXP 	whitesquare: autoDraw = True
15.7193 	EXP 	whitesquare: autoDraw = False
15.7202 	DATA 	wsqS
15.7356 	EXP 	whitesquare: autoDraw = True
15.7356 	EXP 	whitesquare: autoDraw = False
15.7364 	DATA 	wsqS
15.7526 	EXP 	whitesquare: autoDraw = True
15.7526 	EXP 	whitesquare: autoDraw = False
15.7534 	DATA 	wsqS
15.7689 	EXP 	whitesquare: autoDraw = True
15.7689 	EXP 	whitesquare: autoDraw = False
15.7697 	DATA 	wsqS
15.7859 	EXP 	whitesquare: autoDraw = True
15.7859 	EXP 	whitesquare: autoDraw = False
15.7867 	DATA 	wsqS
15.8022 	EXP 	whitesquare: autoDraw = True
15.8022 	EXP 	whitesquare: autoDraw = False
15.8030 	DATA 	wsqS
15.8194 	EXP 	whitesquare: autoDraw = True
15.8194 	EXP 	whitesquare: autoDraw = False
15.8202 	DATA 	wsqS
15.8358 	EXP 	whitesquare: autoDraw = True
15.8358 	EXP 	whitesquare: autoDraw = False
15.8364 	DATA 	wsqS
15.8528 	EXP 	whitesquare: autoDraw = True
15.8528 	EXP 	whitesquare: autoDraw = False
15.8534 	DATA 	wsqS
15.8692 	EXP 	whitesquare: autoDraw = True
15.8692 	EXP 	whitesquare: autoDraw = False
15.8700 	DATA 	wsqS
15.8869 	EXP 	whitesquare: autoDraw = True
15.8869 	EXP 	whitesquare: autoDraw = False
15.8876 	DATA 	wsqS
15.9027 	EXP 	whitesquare: autoDraw = True
15.9027 	EXP 	whitesquare: autoDraw = False
15.9033 	DATA 	wsqS
15.9196 	EXP 	whitesquare: autoDraw = True
15.9196 	EXP 	whitesquare: autoDraw = False
15.9204 	DATA 	wsqS
15.9360 	EXP 	whitesquare: autoDraw = True
15.9360 	EXP 	whitesquare: autoDraw = False
15.9366 	DATA 	wsqS
15.9531 	EXP 	whitesquare: autoDraw = True
15.9531 	EXP 	whitesquare: autoDraw = False
15.9537 	DATA 	wsqS
15.9693 	EXP 	whitesquare: autoDraw = True
15.9693 	EXP 	whitesquare: autoDraw = False
15.9698 	DATA 	wsqS
15.9862 	EXP 	whitesquare: autoDraw = True
15.9862 	EXP 	whitesquare: autoDraw = False
15.9868 	DATA 	wsqS
16.0026 	EXP 	whitesquare: autoDraw = True
16.0026 	EXP 	whitesquare: autoDraw = False
16.0032 	DATA 	wsqS
16.0197 	EXP 	whitesquare: autoDraw = True
16.0197 	EXP 	whitesquare: autoDraw = False
16.0203 	DATA 	wsqS
16.0364 	EXP 	whitesquare: autoDraw = True
16.0364 	EXP 	whitesquare: autoDraw = False
16.0372 	DATA 	wsqS
16.0535 	EXP 	whitesquare: autoDraw = True
16.0535 	EXP 	whitesquare: autoDraw = False
16.0541 	DATA 	wsqS
16.0695 	EXP 	whitesquare: autoDraw = True
16.0695 	EXP 	whitesquare: autoDraw = False
16.0701 	DATA 	wsqS
16.0864 	EXP 	whitesquare: autoDraw = True
16.0864 	EXP 	whitesquare: autoDraw = False
16.0870 	DATA 	wsqS
16.1025 	EXP 	whitesquare: autoDraw = True
16.1025 	EXP 	whitesquare: autoDraw = False
16.1030 	DATA 	wsqS
16.1203 	EXP 	whitesquare: autoDraw = True
16.1203 	EXP 	whitesquare: autoDraw = False
16.1211 	DATA 	wsqS
16.1359 	EXP 	whitesquare: autoDraw = True
16.1359 	EXP 	whitesquare: autoDraw = False
16.1365 	DATA 	wsqS
16.1531 	EXP 	whitesquare: autoDraw = True
16.1531 	EXP 	whitesquare: autoDraw = False
16.1537 	DATA 	wsqS
16.1694 	EXP 	whitesquare: autoDraw = True
16.1694 	EXP 	whitesquare: autoDraw = False
16.1699 	DATA 	wsqS
16.1868 	EXP 	whitesquare: autoDraw = True
16.1868 	EXP 	whitesquare: autoDraw = False
16.1874 	DATA 	wsqS
16.2037 	EXP 	whitesquare: autoDraw = True
16.2037 	EXP 	whitesquare: autoDraw = False
16.2043 	DATA 	wsqS
16.2200 	EXP 	whitesquare: autoDraw = True
16.2200 	EXP 	whitesquare: autoDraw = False
16.2207 	DATA 	wsqS
16.2361 	EXP 	whitesquare: autoDraw = True
16.2361 	EXP 	whitesquare: autoDraw = False
16.2366 	DATA 	wsqS
16.2530 	EXP 	whitesquare: autoDraw = True
16.2530 	EXP 	whitesquare: autoDraw = False
16.2539 	DATA 	wsqS
16.2701 	EXP 	whitesquare: autoDraw = True
16.2701 	EXP 	whitesquare: autoDraw = False
16.2709 	DATA 	wsqS
16.2868 	EXP 	whitesquare: autoDraw = True
16.2868 	EXP 	whitesquare: autoDraw = False
16.2875 	DATA 	wsqS
16.3029 	EXP 	whitesquare: autoDraw = True
16.3029 	EXP 	whitesquare: autoDraw = False
16.3035 	DATA 	wsqS
16.3208 	EXP 	whitesquare: autoDraw = True
16.3208 	EXP 	whitesquare: autoDraw = False
16.3215 	DATA 	wsqS
16.3367 	EXP 	whitesquare: autoDraw = True
16.3367 	EXP 	whitesquare: autoDraw = False
16.3373 	DATA 	wsqS
16.3532 	EXP 	whitesquare: autoDraw = True
16.3532 	EXP 	whitesquare: autoDraw = False
16.3538 	DATA 	wsqS
16.3694 	EXP 	whitesquare: autoDraw = True
16.3694 	EXP 	whitesquare: autoDraw = False
16.3700 	DATA 	wsqS
16.3865 	EXP 	whitesquare: autoDraw = True
16.3865 	EXP 	whitesquare: autoDraw = False
16.3871 	DATA 	wsqS
16.4028 	EXP 	whitesquare: autoDraw = True
16.4028 	EXP 	whitesquare: autoDraw = False
16.4034 	DATA 	wsqS
16.4198 	EXP 	whitesquare: autoDraw = True
16.4198 	EXP 	whitesquare: autoDraw = False
16.4206 	DATA 	wsqS
16.4361 	EXP 	whitesquare: autoDraw = True
16.4361 	EXP 	whitesquare: autoDraw = False
16.4368 	DATA 	wsqS
16.4531 	EXP 	whitesquare: autoDraw = True
16.4531 	EXP 	whitesquare: autoDraw = False
16.4537 	DATA 	wsqS
16.4699 	EXP 	whitesquare: autoDraw = True
16.4699 	EXP 	whitesquare: autoDraw = False
16.4707 	DATA 	wsqS
16.4870 	EXP 	whitesquare: autoDraw = True
16.4870 	EXP 	whitesquare: autoDraw = False
16.4876 	DATA 	wsqS
16.5029 	EXP 	whitesquare: autoDraw = True
16.5029 	EXP 	whitesquare: autoDraw = False
16.5035 	DATA 	wsqS
16.5196 	EXP 	whitesquare: autoDraw = True
16.5196 	EXP 	whitesquare: autoDraw = False
16.5205 	DATA 	wsqS
16.5360 	EXP 	whitesquare: autoDraw = True
16.5360 	EXP 	whitesquare: autoDraw = False
16.5367 	DATA 	wsqS
16.5529 	EXP 	whitesquare: autoDraw = True
16.5529 	EXP 	whitesquare: autoDraw = False
16.5539 	DATA 	wsqS
16.5693 	EXP 	whitesquare: autoDraw = True
16.5693 	EXP 	whitesquare: autoDraw = False
16.5702 	DATA 	wsqS
16.5864 	EXP 	whitesquare: autoDraw = True
16.5864 	EXP 	whitesquare: autoDraw = False
16.5872 	DATA 	wsqS
16.6026 	EXP 	whitesquare: autoDraw = True
16.6026 	EXP 	whitesquare: autoDraw = False
16.6033 	DATA 	wsqS
16.6034 	EXP 	Sound  started
17.6047 	EXP 	Sound  stopped
17.6051 	EXP 	Set  sound=./sound/left_speak.wav
17.6052 	EXP 	Set  sound=./sound/right_speak.wav
17.6054 	EXP 	Set  sound=./sound/up_speak.wav
17.6055 	EXP 	Set  sound=./sound/down_speak.wav
17.6204 	EXP 	whitesquare: autoDraw = True
17.6204 	EXP 	whitesquare: autoDraw = False
25.1256 	EXP 	Sound  started
26.1258 	EXP 	Sound  stopped
34.1453 	EXP 	Sound  started
35.1465 	EXP 	Sound  stopped
43.1667 	EXP 	Sound  started
44.1671 	EXP 	Sound  stopped
52.1882 	EXP 	Sound  started
53.1894 	EXP 	Sound  stopped
61.2082 	EXP 	Sound  started
62.2094 	EXP 	Sound  stopped
70.2311 	EXP 	Sound  started
71.2323 	EXP 	Sound  stopped
79.0549 	DATA 	Keypress: escape
79.2518 	EXP 	Sound  started
80.2523 	EXP 	Sound  stopped
83.5294 	EXP 	window1: mouseVisible = True
