4.8370 	WARNING 	User requested fullscreen with size [1024  768], but screen is actually [1280, 800]. Using actual size
5.5343 	EXP 	Created window1 = Window(allowGUI=False, allowStencil=False, args=UNKNOWN, autoLog=True, bitsMode=UNKNOWN, blendMode='avg', color=array([-1., -1., -1.]), colorSpace='rgb', fullscr=UNKNOWN, gamma=None, kwargs=UNKNOWN, lms=UNKNOWN, monitor=<psychopy.monitors.calibTools.Monitor object at 0x1129cb4e0>, multiSample=False, name='window1', numSamples=2, pos=[0.0, 0.0], screen=0, size=array([2560, 1600]), stereo=False, units='norm', useFBO=True, useRetina=True, viewOri=0.0, viewPos=None, viewScale=None, waitBlanking=True, winType='pyglet')
5.5343 	EXP 	window1: recordFrameIntervals = False
5.6999 	EXP 	window1: recordFrameIntervals = True
5.8832 	EXP 	window1: recordFrameIntervals = False
5.8930 	EXP 	<method-wrapper '__getattribute__' of attributeSetter object at 0x103f060b8>: vertices = array([[-0.25,  0.25],
       [ 0.25,  0.25],
       [ 0.25, -0.25],
       [-0.25, -0.25]])
5.8947 	EXP 	Created whitesquare = Rect(__class__=<class 'psychopy.visual.rect.Rect'>, autoDraw=False, autoLog=True, closeShape=True, contrast=1.0, depth=0.0, fillColor=array([1., 1., 1.]), fillColorSpace='rgb', fillRGB=array([1., 1., 1.]), interpolate=True, lineColor=array([1., 1., 1.]), lineColorSpace='rgb', lineRGB=array([1., 1., 1.]), lineWidth=1, name='whitesquare', opacity=0.9, ori=array(0.), pos=array([14.9, 11.2]), size=array([1., 1.]), units='cm', vertices=ndarray(...), win=Window(...))
6.0076 	EXP 	Created intro_text = TextStim(__class__=<class 'psychopy.visual.text.TextStim'>, alignHoriz='center', alignVert='center', antialias=True, autoLog=True, bold=False, color='white', colorSpace='named', contrast=1.0, depth=0.0, flipHoriz=False, flipVert=False, font='Arial', fontFiles=[], height=0.1, italic=False, name='intro_text', opacity=1.0, ori=0, pos=array([0., 0.]), rgb=array([255., 255., 255.]), text=str(...), units='norm', win=Window(...), wrapWidth=1)
6.0290 	EXP 	Created intro_text = TextStim(__class__=<class 'psychopy.visual.text.TextStim'>, alignHoriz='center', alignVert='center', antialias=True, autoLog=True, bold=False, color='white', colorSpace='named', contrast=1.0, depth=0.0, flipHoriz=False, flipVert=False, font='Arial', fontFiles=[], height=0.1, italic=False, name='intro_text', opacity=1.0, ori=0, pos=array([0., 0.]), rgb=array([255., 255., 255.]), text=str(...), units='norm', win=Window(...), wrapWidth=1)
6.0422 	EXP 	Created open_text = TextStim(__class__=<class 'psychopy.visual.text.TextStim'>, alignHoriz='center', alignVert='center', antialias=True, autoLog=True, bold=False, color='white', colorSpace='named', contrast=1.0, depth=0.0, flipHoriz=False, flipVert=False, font='Arial', fontFiles=[], height=0.1, italic=False, name='open_text', opacity=1.0, ori=0, pos=array([0., 0.]), rgb=array([255., 255., 255.]), text=str(...), units='norm', win=Window(...), wrapWidth=1)
6.0469 	EXP 	Created fixation = TextStim(__class__=<class 'psychopy.visual.text.TextStim'>, alignHoriz='center', alignVert='center', antialias=True, autoLog=True, bold=False, color='white', colorSpace='named', contrast=1.0, depth=-1.0, flipHoriz=False, flipVert=False, font='Arial', fontFiles=[], height=0.1, italic=False, name='fixation', opacity=1.0, ori=0, pos=array([0., 0.]), rgb=array([255., 255., 255.]), text='+\n', units='norm', win=Window(...), wrapWidth=1)
6.0598 	EXP 	Created close_text = TextStim(__class__=<class 'psychopy.visual.text.TextStim'>, alignHoriz='center', alignVert='center', antialias=True, autoLog=True, bold=False, color='white', colorSpace='named', contrast=1.0, depth=0.0, flipHoriz=False, flipVert=False, font='Arial', fontFiles=[], height=0.1, italic=False, name='close_text', opacity=1.0, ori=0, pos=array([0., 0.]), rgb=array([255., 255., 255.]), text=str(...), units='norm', win=Window(...), wrapWidth=1)
6.0624 	EXP 	Created blank = TextStim(__class__=<class 'psychopy.visual.text.TextStim'>, alignHoriz='center', alignVert='center', antialias=True, autoLog=True, bold=False, color='white', colorSpace='named', contrast=1.0, depth=-1.0, flipHoriz=False, flipVert=False, font='Arial', fontFiles=[], height=0.1, italic=False, name='blank', opacity=1.0, ori=0, pos=array([0., 0.]), rgb=array([255., 255., 255.]), text=' ', units='norm', win=Window(...), wrapWidth=1)
6.1125 	EXP 	Set  sound=./sound/open_speak.wav
6.1125 	EXP 	Set Sound  volume=1.000
6.1223 	EXP 	Created gaze_text = TextStim(__class__=<class 'psychopy.visual.text.TextStim'>, alignHoriz='center', alignVert='center', antialias=True, autoLog=True, bold=False, color='white', colorSpace='named', contrast=1.0, depth=0.0, flipHoriz=False, flipVert=False, font='Arial', fontFiles=[], height=0.1, italic=False, name='gaze_text', opacity=1.0, ori=0, pos=array([0., 0.]), rgb=array([255., 255., 255.]), text=str(...), units='norm', win=Window(...), wrapWidth=1)
6.1241 	EXP 	Created center = ShapeStim(__class__=<class 'psychopy.visual.shape.ShapeStim'>, autoDraw=False, autoLog=True, closeShape=True, contrast=1.0, depth=0.0, fillColor=array([1., 1., 1.]), fillColorSpace='rgb', interpolate=True, lineColor=array([1., 1., 1.]), lineColorSpace='rgb', lineWidth=1, name='center', opacity=1.0, ori=array(0.), pos=array([0., 0.]), size=array([0.5, 0.5]), units='cm', vertices=ndarray(...), win=Window(...), windingRule=None)
6.1252 	EXP 	Set  sound=./sound/left_speak.wav
6.1252 	EXP 	Set Sound  volume=1.000
6.1271 	EXP 	Created left = ShapeStim(__class__=<class 'psychopy.visual.shape.ShapeStim'>, autoDraw=False, autoLog=True, closeShape=True, contrast=1.0, depth=0.0, fillColor=array([1., 1., 1.]), fillColorSpace='rgb', interpolate=True, lineColor=array([1., 1., 1.]), lineColorSpace='rgb', lineWidth=1, name='left', opacity=1.0, ori=array(0.), pos=array([-10.,   0.]), size=array([0.5, 0.5]), units='cm', vertices=ndarray(...), win=Window(...), windingRule=None)
6.1279 	EXP 	Set  sound=./sound/right_speak.wav
6.1279 	EXP 	Set Sound  volume=1.000
6.1299 	EXP 	Created right = ShapeStim(__class__=<class 'psychopy.visual.shape.ShapeStim'>, autoDraw=False, autoLog=True, closeShape=True, contrast=1.0, depth=0.0, fillColor=array([1., 1., 1.]), fillColorSpace='rgb', interpolate=True, lineColor=array([1., 1., 1.]), lineColorSpace='rgb', lineWidth=1, name='right', opacity=1.0, ori=array(0.), pos=array([10.,  0.]), size=array([0.5, 0.5]), units='cm', vertices=ndarray(...), win=Window(...), windingRule=None)
6.1308 	EXP 	Set  sound=./sound/up_speak.wav
6.1308 	EXP 	Set Sound  volume=1.000
6.1328 	EXP 	Created up = ShapeStim(__class__=<class 'psychopy.visual.shape.ShapeStim'>, autoDraw=False, autoLog=True, closeShape=True, contrast=1.0, depth=0.0, fillColor=array([1., 1., 1.]), fillColorSpace='rgb', interpolate=True, lineColor=array([1., 1., 1.]), lineColorSpace='rgb', lineWidth=1, name='up', opacity=1.0, ori=array(0.), pos=array([ 0., 10.]), size=array([0.5, 0.5]), units='cm', vertices=ndarray(...), win=Window(...), windingRule=None)
6.1338 	EXP 	Set  sound=./sound/down_speak.wav
6.1339 	EXP 	Set Sound  volume=1.000
6.1358 	EXP 	Created down = ShapeStim(__class__=<class 'psychopy.visual.shape.ShapeStim'>, autoDraw=False, autoLog=True, closeShape=True, contrast=1.0, depth=0.0, fillColor=array([1., 1., 1.]), fillColorSpace='rgb', interpolate=True, lineColor=array([1., 1., 1.]), lineColorSpace='rgb', lineWidth=1, name='down', opacity=1.0, ori=array(0.), pos=array([  0., -10.]), size=array([0.5, 0.5]), units='cm', vertices=ndarray(...), win=Window(...), windingRule=None)
6.1441 	EXP 	Created esc = TextStim(__class__=<class 'psychopy.visual.text.TextStim'>, alignHoriz='center', alignVert='center', antialias=True, autoLog=True, bold=False, color='white', colorSpace='named', contrast=1.0, depth=0.0, flipHoriz=False, flipVert=False, font='Arial', fontFiles=[], height=0.1, italic=False, name='esc', opacity=1.0, ori=0, pos=array([0., 0.]), rgb=array([255., 255., 255.]), text="End of test\n\nPress 'esc'", units='norm', win=Window(...), wrapWidth=1)
6.1679 	EXP 	intro_text: autoDraw = True
6.1679 	EXP 	whitesquare: autoDraw = True
6.7045 	DATA 	Keypress: space
6.7167 	EXP 	intro_text: autoDraw = False
6.7167 	EXP 	whitesquare: autoDraw = False
6.7167 	EXP 	intro_text: autoDraw = True
7.3367 	DATA 	Keypress: space
7.3503 	EXP 	intro_text: autoDraw = False
9.8366 	DATA 	wsqS
9.8515 	EXP 	whitesquare: autoDraw = True
9.8521 	DATA 	wsqS
9.8685 	EXP 	whitesquare: autoDraw = True
9.8685 	EXP 	whitesquare: autoDraw = False
9.8692 	DATA 	wsqS
9.8848 	EXP 	whitesquare: autoDraw = True
9.8848 	EXP 	whitesquare: autoDraw = False
9.8855 	DATA 	wsqS
9.9018 	EXP 	whitesquare: autoDraw = True
9.9018 	EXP 	whitesquare: autoDraw = False
9.9026 	DATA 	wsqS
9.9181 	EXP 	whitesquare: autoDraw = True
9.9181 	EXP 	whitesquare: autoDraw = False
9.9188 	DATA 	wsqS
9.9351 	EXP 	whitesquare: autoDraw = True
9.9351 	EXP 	whitesquare: autoDraw = False
9.9358 	DATA 	wsqS
9.9514 	EXP 	whitesquare: autoDraw = True
9.9514 	EXP 	whitesquare: autoDraw = False
9.9522 	DATA 	wsqS
9.9685 	EXP 	whitesquare: autoDraw = True
9.9685 	EXP 	whitesquare: autoDraw = False
9.9693 	DATA 	wsqS
9.9849 	EXP 	whitesquare: autoDraw = True
9.9849 	EXP 	whitesquare: autoDraw = False
9.9855 	DATA 	wsqS
10.0019 	EXP 	whitesquare: autoDraw = True
10.0019 	EXP 	whitesquare: autoDraw = False
10.0026 	DATA 	wsqS
10.0182 	EXP 	whitesquare: autoDraw = True
10.0182 	EXP 	whitesquare: autoDraw = False
10.0189 	DATA 	wsqS
10.0352 	EXP 	whitesquare: autoDraw = True
10.0352 	EXP 	whitesquare: autoDraw = False
10.0360 	DATA 	wsqS
10.0515 	EXP 	whitesquare: autoDraw = True
10.0515 	EXP 	whitesquare: autoDraw = False
10.0521 	DATA 	wsqS
10.0685 	EXP 	whitesquare: autoDraw = True
10.0685 	EXP 	whitesquare: autoDraw = False
10.0693 	DATA 	wsqS
10.0850 	EXP 	whitesquare: autoDraw = True
10.0850 	EXP 	whitesquare: autoDraw = False
10.0856 	DATA 	wsqS
10.1019 	EXP 	whitesquare: autoDraw = True
10.1019 	EXP 	whitesquare: autoDraw = False
10.1026 	DATA 	wsqS
10.1186 	EXP 	whitesquare: autoDraw = True
10.1186 	EXP 	whitesquare: autoDraw = False
10.1192 	DATA 	wsqS
10.1353 	EXP 	whitesquare: autoDraw = True
10.1353 	EXP 	whitesquare: autoDraw = False
10.1360 	DATA 	wsqS
10.1517 	EXP 	whitesquare: autoDraw = True
10.1517 	EXP 	whitesquare: autoDraw = False
10.1523 	DATA 	wsqS
10.1686 	EXP 	whitesquare: autoDraw = True
10.1686 	EXP 	whitesquare: autoDraw = False
10.1693 	DATA 	wsqS
10.1850 	EXP 	whitesquare: autoDraw = True
10.1850 	EXP 	whitesquare: autoDraw = False
10.1858 	DATA 	wsqS
10.2020 	EXP 	whitesquare: autoDraw = True
10.2020 	EXP 	whitesquare: autoDraw = False
10.2026 	DATA 	wsqS
10.2183 	EXP 	whitesquare: autoDraw = True
10.2183 	EXP 	whitesquare: autoDraw = False
10.2190 	DATA 	wsqS
10.2354 	EXP 	whitesquare: autoDraw = True
10.2354 	EXP 	whitesquare: autoDraw = False
10.2362 	DATA 	wsqS
10.2518 	EXP 	whitesquare: autoDraw = True
10.2518 	EXP 	whitesquare: autoDraw = False
10.2525 	DATA 	wsqS
10.2688 	EXP 	whitesquare: autoDraw = True
10.2688 	EXP 	whitesquare: autoDraw = False
10.2695 	DATA 	wsqS
10.2851 	EXP 	whitesquare: autoDraw = True
10.2851 	EXP 	whitesquare: autoDraw = False
10.2858 	DATA 	wsqS
10.3023 	EXP 	whitesquare: autoDraw = True
10.3023 	EXP 	whitesquare: autoDraw = False
10.3029 	DATA 	wsqS
10.3183 	EXP 	whitesquare: autoDraw = True
10.3183 	EXP 	whitesquare: autoDraw = False
10.3190 	DATA 	wsqS
10.3353 	EXP 	whitesquare: autoDraw = True
10.3353 	EXP 	whitesquare: autoDraw = False
10.3361 	DATA 	wsqS
10.3517 	EXP 	whitesquare: autoDraw = True
10.3517 	EXP 	whitesquare: autoDraw = False
10.3525 	DATA 	wsqS
10.3687 	EXP 	whitesquare: autoDraw = True
10.3687 	EXP 	whitesquare: autoDraw = False
10.3696 	DATA 	wsqS
10.3852 	EXP 	whitesquare: autoDraw = True
10.3852 	EXP 	whitesquare: autoDraw = False
10.3859 	DATA 	wsqS
10.4021 	EXP 	whitesquare: autoDraw = True
10.4021 	EXP 	whitesquare: autoDraw = False
10.4027 	DATA 	wsqS
10.4184 	EXP 	whitesquare: autoDraw = True
10.4184 	EXP 	whitesquare: autoDraw = False
10.4191 	DATA 	wsqS
10.4356 	EXP 	whitesquare: autoDraw = True
10.4356 	EXP 	whitesquare: autoDraw = False
10.4363 	DATA 	wsqS
10.4517 	EXP 	whitesquare: autoDraw = True
10.4517 	EXP 	whitesquare: autoDraw = False
10.4524 	DATA 	wsqS
10.4687 	EXP 	whitesquare: autoDraw = True
10.4687 	EXP 	whitesquare: autoDraw = False
10.4695 	DATA 	wsqS
10.4851 	EXP 	whitesquare: autoDraw = True
10.4851 	EXP 	whitesquare: autoDraw = False
10.4859 	DATA 	wsqS
10.5022 	EXP 	whitesquare: autoDraw = True
10.5022 	EXP 	whitesquare: autoDraw = False
10.5029 	DATA 	wsqS
10.5185 	EXP 	whitesquare: autoDraw = True
10.5185 	EXP 	whitesquare: autoDraw = False
10.5191 	DATA 	wsqS
10.5357 	EXP 	whitesquare: autoDraw = True
10.5357 	EXP 	whitesquare: autoDraw = False
10.5365 	DATA 	wsqS
10.5517 	EXP 	whitesquare: autoDraw = True
10.5517 	EXP 	whitesquare: autoDraw = False
10.5524 	DATA 	wsqS
10.5688 	EXP 	whitesquare: autoDraw = True
10.5688 	EXP 	whitesquare: autoDraw = False
10.5700 	DATA 	wsqS
10.5851 	EXP 	whitesquare: autoDraw = True
10.5851 	EXP 	whitesquare: autoDraw = False
10.5859 	DATA 	wsqS
10.6021 	EXP 	whitesquare: autoDraw = True
10.6021 	EXP 	whitesquare: autoDraw = False
10.6029 	DATA 	wsqS
10.6185 	EXP 	whitesquare: autoDraw = True
10.6185 	EXP 	whitesquare: autoDraw = False
10.6192 	DATA 	wsqS
10.6356 	EXP 	whitesquare: autoDraw = True
10.6356 	EXP 	whitesquare: autoDraw = False
10.6364 	DATA 	wsqS
10.6519 	EXP 	whitesquare: autoDraw = True
10.6519 	EXP 	whitesquare: autoDraw = False
10.6526 	DATA 	wsqS
10.6689 	EXP 	whitesquare: autoDraw = True
10.6689 	EXP 	whitesquare: autoDraw = False
10.6696 	DATA 	wsqS
10.6855 	EXP 	whitesquare: autoDraw = True
10.6855 	EXP 	whitesquare: autoDraw = False
10.6864 	DATA 	wsqS
10.7022 	EXP 	whitesquare: autoDraw = True
10.7022 	EXP 	whitesquare: autoDraw = False
10.7029 	DATA 	wsqS
10.7185 	EXP 	whitesquare: autoDraw = True
10.7185 	EXP 	whitesquare: autoDraw = False
10.7192 	DATA 	wsqS
10.7355 	EXP 	whitesquare: autoDraw = True
10.7355 	EXP 	whitesquare: autoDraw = False
10.7363 	DATA 	wsqS
10.7519 	EXP 	whitesquare: autoDraw = True
10.7519 	EXP 	whitesquare: autoDraw = False
10.7526 	DATA 	wsqS
10.7690 	EXP 	whitesquare: autoDraw = True
10.7690 	EXP 	whitesquare: autoDraw = False
10.7696 	DATA 	wsqS
10.7852 	EXP 	whitesquare: autoDraw = True
10.7852 	EXP 	whitesquare: autoDraw = False
10.7859 	DATA 	wsqS
10.8023 	EXP 	whitesquare: autoDraw = True
10.8023 	EXP 	whitesquare: autoDraw = False
10.8030 	DATA 	wsqS
10.8186 	EXP 	whitesquare: autoDraw = True
10.8186 	EXP 	whitesquare: autoDraw = False
10.8192 	DATA 	wsqS
10.8356 	EXP 	whitesquare: autoDraw = True
10.8356 	EXP 	whitesquare: autoDraw = False
10.8364 	DATA 	wsqS
10.8519 	EXP 	whitesquare: autoDraw = True
10.8519 	EXP 	whitesquare: autoDraw = False
10.8526 	DATA 	wsqS
10.8690 	EXP 	whitesquare: autoDraw = True
10.8690 	EXP 	whitesquare: autoDraw = False
10.8697 	DATA 	wsqS
10.8854 	EXP 	whitesquare: autoDraw = True
10.8854 	EXP 	whitesquare: autoDraw = False
10.8861 	DATA 	wsqS
10.9023 	EXP 	whitesquare: autoDraw = True
10.9023 	EXP 	whitesquare: autoDraw = False
10.9031 	DATA 	wsqS
10.9187 	EXP 	whitesquare: autoDraw = True
10.9187 	EXP 	whitesquare: autoDraw = False
10.9194 	DATA 	wsqS
10.9358 	EXP 	whitesquare: autoDraw = True
10.9358 	EXP 	whitesquare: autoDraw = False
10.9367 	DATA 	wsqS
10.9520 	EXP 	whitesquare: autoDraw = True
10.9520 	EXP 	whitesquare: autoDraw = False
10.9528 	DATA 	wsqS
10.9691 	EXP 	whitesquare: autoDraw = True
10.9691 	EXP 	whitesquare: autoDraw = False
10.9698 	DATA 	wsqS
10.9853 	EXP 	whitesquare: autoDraw = True
10.9853 	EXP 	whitesquare: autoDraw = False
10.9860 	DATA 	wsqS
11.0024 	EXP 	whitesquare: autoDraw = True
11.0024 	EXP 	whitesquare: autoDraw = False
11.0032 	DATA 	wsqS
11.0187 	EXP 	whitesquare: autoDraw = True
11.0187 	EXP 	whitesquare: autoDraw = False
11.0194 	DATA 	wsqS
11.0358 	EXP 	whitesquare: autoDraw = True
11.0358 	EXP 	whitesquare: autoDraw = False
11.0364 	DATA 	wsqS
11.0520 	EXP 	whitesquare: autoDraw = True
11.0520 	EXP 	whitesquare: autoDraw = False
11.0527 	DATA 	wsqS
11.0691 	EXP 	whitesquare: autoDraw = True
11.0691 	EXP 	whitesquare: autoDraw = False
11.0697 	DATA 	wsqS
11.0854 	EXP 	whitesquare: autoDraw = True
11.0854 	EXP 	whitesquare: autoDraw = False
11.0860 	DATA 	wsqS
11.1024 	EXP 	whitesquare: autoDraw = True
11.1024 	EXP 	whitesquare: autoDraw = False
11.1032 	DATA 	wsqS
11.1188 	EXP 	whitesquare: autoDraw = True
11.1188 	EXP 	whitesquare: autoDraw = False
11.1194 	DATA 	wsqS
11.1359 	EXP 	whitesquare: autoDraw = True
11.1359 	EXP 	whitesquare: autoDraw = False
11.1366 	DATA 	wsqS
11.1521 	EXP 	whitesquare: autoDraw = True
11.1521 	EXP 	whitesquare: autoDraw = False
11.1528 	DATA 	wsqS
11.1691 	EXP 	whitesquare: autoDraw = True
11.1691 	EXP 	whitesquare: autoDraw = False
11.1698 	DATA 	wsqS
11.1854 	EXP 	whitesquare: autoDraw = True
11.1854 	EXP 	whitesquare: autoDraw = False
11.1862 	DATA 	wsqS
11.2025 	EXP 	whitesquare: autoDraw = True
11.2025 	EXP 	whitesquare: autoDraw = False
11.2031 	DATA 	wsqS
11.2187 	EXP 	whitesquare: autoDraw = True
11.2187 	EXP 	whitesquare: autoDraw = False
11.2195 	DATA 	wsqS
11.2357 	EXP 	whitesquare: autoDraw = True
11.2357 	EXP 	whitesquare: autoDraw = False
11.2366 	DATA 	wsqS
11.2527 	EXP 	whitesquare: autoDraw = True
11.2527 	EXP 	whitesquare: autoDraw = False
11.2533 	DATA 	wsqS
11.2695 	EXP 	whitesquare: autoDraw = True
11.2695 	EXP 	whitesquare: autoDraw = False
11.2699 	DATA 	wsqS
11.2854 	EXP 	whitesquare: autoDraw = True
11.2854 	EXP 	whitesquare: autoDraw = False
11.2862 	DATA 	wsqS
11.3026 	EXP 	whitesquare: autoDraw = True
11.3026 	EXP 	whitesquare: autoDraw = False
11.3033 	DATA 	wsqS
11.3188 	EXP 	whitesquare: autoDraw = True
11.3188 	EXP 	whitesquare: autoDraw = False
11.3195 	DATA 	wsqS
11.3358 	EXP 	whitesquare: autoDraw = True
11.3358 	EXP 	whitesquare: autoDraw = False
11.3367 	DATA 	wsqS
11.3521 	EXP 	whitesquare: autoDraw = True
11.3521 	EXP 	whitesquare: autoDraw = False
11.3528 	DATA 	wsqS
11.3692 	EXP 	whitesquare: autoDraw = True
11.3692 	EXP 	whitesquare: autoDraw = False
11.3701 	DATA 	wsqS
11.3855 	EXP 	whitesquare: autoDraw = True
11.3855 	EXP 	whitesquare: autoDraw = False
11.3862 	DATA 	wsqS
11.4033 	EXP 	whitesquare: autoDraw = True
11.4033 	EXP 	whitesquare: autoDraw = False
11.4038 	DATA 	wsqS
11.4193 	EXP 	whitesquare: autoDraw = True
11.4193 	EXP 	whitesquare: autoDraw = False
11.4200 	DATA 	wsqS
11.4359 	EXP 	whitesquare: autoDraw = True
11.4359 	EXP 	whitesquare: autoDraw = False
11.4366 	DATA 	wsqS
11.4523 	EXP 	whitesquare: autoDraw = True
11.4523 	EXP 	whitesquare: autoDraw = False
11.4529 	DATA 	wsqS
11.4697 	EXP 	whitesquare: autoDraw = True
11.4697 	EXP 	whitesquare: autoDraw = False
11.4705 	DATA 	wsqS
11.4855 	EXP 	whitesquare: autoDraw = True
11.4855 	EXP 	whitesquare: autoDraw = False
11.4864 	DATA 	wsqS
11.5026 	EXP 	whitesquare: autoDraw = True
11.5026 	EXP 	whitesquare: autoDraw = False
11.5035 	DATA 	wsqS
11.5189 	EXP 	whitesquare: autoDraw = True
11.5189 	EXP 	whitesquare: autoDraw = False
11.5199 	DATA 	wsqS
11.5360 	EXP 	whitesquare: autoDraw = True
11.5360 	EXP 	whitesquare: autoDraw = False
11.5369 	DATA 	wsqS
11.5523 	EXP 	whitesquare: autoDraw = True
11.5523 	EXP 	whitesquare: autoDraw = False
11.5530 	DATA 	wsqS
11.5698 	EXP 	whitesquare: autoDraw = True
11.5698 	EXP 	whitesquare: autoDraw = False
11.5704 	DATA 	wsqS
11.5856 	EXP 	whitesquare: autoDraw = True
11.5856 	EXP 	whitesquare: autoDraw = False
11.5863 	DATA 	wsqS
11.6027 	EXP 	whitesquare: autoDraw = True
11.6027 	EXP 	whitesquare: autoDraw = False
11.6035 	DATA 	wsqS
11.6189 	EXP 	whitesquare: autoDraw = True
11.6189 	EXP 	whitesquare: autoDraw = False
11.6197 	DATA 	wsqS
11.6360 	EXP 	whitesquare: autoDraw = True
11.6360 	EXP 	whitesquare: autoDraw = False
11.6368 	DATA 	wsqS
11.6523 	EXP 	whitesquare: autoDraw = True
11.6523 	EXP 	whitesquare: autoDraw = False
11.6531 	DATA 	wsqS
11.6694 	EXP 	whitesquare: autoDraw = True
11.6694 	EXP 	whitesquare: autoDraw = False
11.6701 	DATA 	wsqS
11.6860 	EXP 	whitesquare: autoDraw = True
11.6860 	EXP 	whitesquare: autoDraw = False
11.6867 	DATA 	wsqS
11.7031 	EXP 	whitesquare: autoDraw = True
11.7031 	EXP 	whitesquare: autoDraw = False
11.7037 	DATA 	wsqS
11.7191 	EXP 	whitesquare: autoDraw = True
11.7191 	EXP 	whitesquare: autoDraw = False
11.7199 	DATA 	wsqS
11.7361 	EXP 	whitesquare: autoDraw = True
11.7361 	EXP 	whitesquare: autoDraw = False
11.7368 	DATA 	wsqS
11.7523 	EXP 	whitesquare: autoDraw = True
11.7523 	EXP 	whitesquare: autoDraw = False
11.7533 	DATA 	wsqS
11.7693 	EXP 	whitesquare: autoDraw = True
11.7693 	EXP 	whitesquare: autoDraw = False
11.7702 	DATA 	wsqS
11.7857 	EXP 	whitesquare: autoDraw = True
11.7857 	EXP 	whitesquare: autoDraw = False
11.7863 	DATA 	wsqS
11.8032 	EXP 	whitesquare: autoDraw = True
11.8032 	EXP 	whitesquare: autoDraw = False
11.8039 	DATA 	wsqS
11.8191 	EXP 	whitesquare: autoDraw = True
11.8191 	EXP 	whitesquare: autoDraw = False
11.8196 	DATA 	wsqS
11.8362 	EXP 	whitesquare: autoDraw = True
11.8362 	EXP 	whitesquare: autoDraw = False
11.8369 	DATA 	wsqS
11.8377 	EXP 	Set  sound=./sound/open_speak.wav
11.8524 	EXP 	whitesquare: autoDraw = True
11.8524 	EXP 	whitesquare: autoDraw = False
14.3386 	DATA 	wsqS
14.3535 	EXP 	whitesquare: autoDraw = True
14.3542 	DATA 	wsqS
14.3705 	EXP 	whitesquare: autoDraw = True
14.3705 	EXP 	whitesquare: autoDraw = False
14.3713 	DATA 	wsqS
14.3869 	EXP 	whitesquare: autoDraw = True
14.3869 	EXP 	whitesquare: autoDraw = False
14.3876 	DATA 	wsqS
14.4042 	EXP 	whitesquare: autoDraw = True
14.4042 	EXP 	whitesquare: autoDraw = False
14.4051 	DATA 	wsqS
14.4203 	EXP 	whitesquare: autoDraw = True
14.4203 	EXP 	whitesquare: autoDraw = False
14.4211 	DATA 	wsqS
14.4374 	EXP 	whitesquare: autoDraw = True
14.4374 	EXP 	whitesquare: autoDraw = False
14.4381 	DATA 	wsqS
14.4536 	EXP 	whitesquare: autoDraw = True
14.4536 	EXP 	whitesquare: autoDraw = False
14.4544 	DATA 	wsqS
14.4707 	EXP 	whitesquare: autoDraw = True
14.4707 	EXP 	whitesquare: autoDraw = False
14.4715 	DATA 	wsqS
14.4869 	EXP 	whitesquare: autoDraw = True
14.4869 	EXP 	whitesquare: autoDraw = False
14.4876 	DATA 	wsqS
14.5040 	EXP 	whitesquare: autoDraw = True
14.5040 	EXP 	whitesquare: autoDraw = False
14.5049 	DATA 	wsqS
14.5203 	EXP 	whitesquare: autoDraw = True
14.5203 	EXP 	whitesquare: autoDraw = False
14.5211 	DATA 	wsqS
14.5373 	EXP 	whitesquare: autoDraw = True
14.5373 	EXP 	whitesquare: autoDraw = False
14.5382 	DATA 	wsqS
14.5538 	EXP 	whitesquare: autoDraw = True
14.5538 	EXP 	whitesquare: autoDraw = False
14.5545 	DATA 	wsqS
14.5707 	EXP 	whitesquare: autoDraw = True
14.5707 	EXP 	whitesquare: autoDraw = False
14.5716 	DATA 	wsqS
14.5871 	EXP 	whitesquare: autoDraw = True
14.5871 	EXP 	whitesquare: autoDraw = False
14.5878 	DATA 	wsqS
14.6041 	EXP 	whitesquare: autoDraw = True
14.6041 	EXP 	whitesquare: autoDraw = False
14.6048 	DATA 	wsqS
14.6203 	EXP 	whitesquare: autoDraw = True
14.6203 	EXP 	whitesquare: autoDraw = False
14.6212 	DATA 	wsqS
14.6373 	EXP 	whitesquare: autoDraw = True
14.6373 	EXP 	whitesquare: autoDraw = False
14.6382 	DATA 	wsqS
14.6537 	EXP 	whitesquare: autoDraw = True
14.6537 	EXP 	whitesquare: autoDraw = False
14.6544 	DATA 	wsqS
14.6708 	EXP 	whitesquare: autoDraw = True
14.6708 	EXP 	whitesquare: autoDraw = False
14.6715 	DATA 	wsqS
14.6872 	EXP 	whitesquare: autoDraw = True
14.6872 	EXP 	whitesquare: autoDraw = False
14.6880 	DATA 	wsqS
14.7041 	EXP 	whitesquare: autoDraw = True
14.7041 	EXP 	whitesquare: autoDraw = False
14.7049 	DATA 	wsqS
14.7204 	EXP 	whitesquare: autoDraw = True
14.7204 	EXP 	whitesquare: autoDraw = False
14.7211 	DATA 	wsqS
14.7375 	EXP 	whitesquare: autoDraw = True
14.7375 	EXP 	whitesquare: autoDraw = False
14.7382 	DATA 	wsqS
14.7537 	EXP 	whitesquare: autoDraw = True
14.7537 	EXP 	whitesquare: autoDraw = False
14.7544 	DATA 	wsqS
14.7707 	EXP 	whitesquare: autoDraw = True
14.7707 	EXP 	whitesquare: autoDraw = False
14.7716 	DATA 	wsqS
14.7871 	EXP 	whitesquare: autoDraw = True
14.7871 	EXP 	whitesquare: autoDraw = False
14.7880 	DATA 	wsqS
14.8041 	EXP 	whitesquare: autoDraw = True
14.8041 	EXP 	whitesquare: autoDraw = False
14.8050 	DATA 	wsqS
14.8209 	EXP 	whitesquare: autoDraw = True
14.8209 	EXP 	whitesquare: autoDraw = False
14.8215 	DATA 	wsqS
14.8375 	EXP 	whitesquare: autoDraw = True
14.8375 	EXP 	whitesquare: autoDraw = False
14.8383 	DATA 	wsqS
14.8539 	EXP 	whitesquare: autoDraw = True
14.8539 	EXP 	whitesquare: autoDraw = False
14.8546 	DATA 	wsqS
14.8709 	EXP 	whitesquare: autoDraw = True
14.8709 	EXP 	whitesquare: autoDraw = False
14.8716 	DATA 	wsqS
14.8871 	EXP 	whitesquare: autoDraw = True
14.8871 	EXP 	whitesquare: autoDraw = False
14.8879 	DATA 	wsqS
14.9043 	EXP 	whitesquare: autoDraw = True
14.9043 	EXP 	whitesquare: autoDraw = False
14.9052 	DATA 	wsqS
14.9204 	EXP 	whitesquare: autoDraw = True
14.9204 	EXP 	whitesquare: autoDraw = False
14.9218 	DATA 	wsqS
14.9376 	EXP 	whitesquare: autoDraw = True
14.9376 	EXP 	whitesquare: autoDraw = False
14.9384 	DATA 	wsqS
14.9538 	EXP 	whitesquare: autoDraw = True
14.9538 	EXP 	whitesquare: autoDraw = False
14.9546 	DATA 	wsqS
14.9712 	EXP 	whitesquare: autoDraw = True
14.9712 	EXP 	whitesquare: autoDraw = False
14.9720 	DATA 	wsqS
14.9872 	EXP 	whitesquare: autoDraw = True
14.9872 	EXP 	whitesquare: autoDraw = False
14.9879 	DATA 	wsqS
15.0043 	EXP 	whitesquare: autoDraw = True
15.0043 	EXP 	whitesquare: autoDraw = False
15.0050 	DATA 	wsqS
15.0205 	EXP 	whitesquare: autoDraw = True
15.0205 	EXP 	whitesquare: autoDraw = False
15.0212 	DATA 	wsqS
15.0376 	EXP 	whitesquare: autoDraw = True
15.0376 	EXP 	whitesquare: autoDraw = False
15.0384 	DATA 	wsqS
15.0540 	EXP 	whitesquare: autoDraw = True
15.0540 	EXP 	whitesquare: autoDraw = False
15.0547 	DATA 	wsqS
15.0709 	EXP 	whitesquare: autoDraw = True
15.0709 	EXP 	whitesquare: autoDraw = False
15.0716 	DATA 	wsqS
15.0873 	EXP 	whitesquare: autoDraw = True
15.0873 	EXP 	whitesquare: autoDraw = False
15.0880 	DATA 	wsqS
15.1043 	EXP 	whitesquare: autoDraw = True
15.1043 	EXP 	whitesquare: autoDraw = False
15.1050 	DATA 	wsqS
15.1207 	EXP 	whitesquare: autoDraw = True
15.1207 	EXP 	whitesquare: autoDraw = False
15.1214 	DATA 	wsqS
15.1377 	EXP 	whitesquare: autoDraw = True
15.1377 	EXP 	whitesquare: autoDraw = False
15.1384 	DATA 	wsqS
15.1539 	EXP 	whitesquare: autoDraw = True
15.1539 	EXP 	whitesquare: autoDraw = False
15.1547 	DATA 	wsqS
15.1710 	EXP 	whitesquare: autoDraw = True
15.1710 	EXP 	whitesquare: autoDraw = False
15.1718 	DATA 	wsqS
15.1872 	EXP 	whitesquare: autoDraw = True
15.1872 	EXP 	whitesquare: autoDraw = False
15.1881 	DATA 	wsqS
15.2043 	EXP 	whitesquare: autoDraw = True
15.2043 	EXP 	whitesquare: autoDraw = False
15.2051 	DATA 	wsqS
15.2207 	EXP 	whitesquare: autoDraw = True
15.2207 	EXP 	whitesquare: autoDraw = False
15.2215 	DATA 	wsqS
15.2384 	EXP 	whitesquare: autoDraw = True
15.2384 	EXP 	whitesquare: autoDraw = False
15.2388 	DATA 	wsqS
15.2540 	EXP 	whitesquare: autoDraw = True
15.2540 	EXP 	whitesquare: autoDraw = False
15.2546 	DATA 	wsqS
15.2710 	EXP 	whitesquare: autoDraw = True
15.2710 	EXP 	whitesquare: autoDraw = False
15.2717 	DATA 	wsqS
15.2873 	EXP 	whitesquare: autoDraw = True
15.2873 	EXP 	whitesquare: autoDraw = False
15.2880 	DATA 	wsqS
15.3044 	EXP 	whitesquare: autoDraw = True
15.3044 	EXP 	whitesquare: autoDraw = False
15.3052 	DATA 	wsqS
15.3207 	EXP 	whitesquare: autoDraw = True
15.3207 	EXP 	whitesquare: autoDraw = False
15.3215 	DATA 	wsqS
15.3378 	EXP 	whitesquare: autoDraw = True
15.3378 	EXP 	whitesquare: autoDraw = False
15.3385 	DATA 	wsqS
15.3541 	EXP 	whitesquare: autoDraw = True
15.3541 	EXP 	whitesquare: autoDraw = False
15.3548 	DATA 	wsqS
15.3711 	EXP 	whitesquare: autoDraw = True
15.3711 	EXP 	whitesquare: autoDraw = False
15.3720 	DATA 	wsqS
15.3874 	EXP 	whitesquare: autoDraw = True
15.3874 	EXP 	whitesquare: autoDraw = False
15.3882 	DATA 	wsqS
15.4049 	EXP 	whitesquare: autoDraw = True
15.4049 	EXP 	whitesquare: autoDraw = False
15.4056 	DATA 	wsqS
15.4207 	EXP 	whitesquare: autoDraw = True
15.4207 	EXP 	whitesquare: autoDraw = False
15.4216 	DATA 	wsqS
15.4378 	EXP 	whitesquare: autoDraw = True
15.4378 	EXP 	whitesquare: autoDraw = False
15.4385 	DATA 	wsqS
15.4541 	EXP 	whitesquare: autoDraw = True
15.4541 	EXP 	whitesquare: autoDraw = False
15.4548 	DATA 	wsqS
15.4713 	EXP 	whitesquare: autoDraw = True
15.4713 	EXP 	whitesquare: autoDraw = False
15.4720 	DATA 	wsqS
15.4874 	EXP 	whitesquare: autoDraw = True
15.4874 	EXP 	whitesquare: autoDraw = False
15.4882 	DATA 	wsqS
15.5045 	EXP 	whitesquare: autoDraw = True
15.5045 	EXP 	whitesquare: autoDraw = False
15.5052 	DATA 	wsqS
15.5208 	EXP 	whitesquare: autoDraw = True
15.5208 	EXP 	whitesquare: autoDraw = False
15.5215 	DATA 	wsqS
15.5378 	EXP 	whitesquare: autoDraw = True
15.5378 	EXP 	whitesquare: autoDraw = False
15.5387 	DATA 	wsqS
15.5544 	EXP 	whitesquare: autoDraw = True
15.5544 	EXP 	whitesquare: autoDraw = False
15.5550 	DATA 	wsqS
15.5711 	EXP 	whitesquare: autoDraw = True
15.5711 	EXP 	whitesquare: autoDraw = False
15.5720 	DATA 	wsqS
15.5876 	EXP 	whitesquare: autoDraw = True
15.5876 	EXP 	whitesquare: autoDraw = False
15.5884 	DATA 	wsqS
15.6045 	EXP 	whitesquare: autoDraw = True
15.6045 	EXP 	whitesquare: autoDraw = False
15.6054 	DATA 	wsqS
15.6209 	EXP 	whitesquare: autoDraw = True
15.6209 	EXP 	whitesquare: autoDraw = False
15.6216 	DATA 	wsqS
15.6379 	EXP 	whitesquare: autoDraw = True
15.6379 	EXP 	whitesquare: autoDraw = False
15.6386 	DATA 	wsqS
15.6542 	EXP 	whitesquare: autoDraw = True
15.6542 	EXP 	whitesquare: autoDraw = False
15.6551 	DATA 	wsqS
15.6714 	EXP 	whitesquare: autoDraw = True
15.6714 	EXP 	whitesquare: autoDraw = False
15.6721 	DATA 	wsqS
15.6875 	EXP 	whitesquare: autoDraw = True
15.6875 	EXP 	whitesquare: autoDraw = False
15.6883 	DATA 	wsqS
15.7045 	EXP 	whitesquare: autoDraw = True
15.7045 	EXP 	whitesquare: autoDraw = False
15.7054 	DATA 	wsqS
15.7208 	EXP 	whitesquare: autoDraw = True
15.7208 	EXP 	whitesquare: autoDraw = False
15.7217 	DATA 	wsqS
15.7380 	EXP 	whitesquare: autoDraw = True
15.7380 	EXP 	whitesquare: autoDraw = False
15.7388 	DATA 	wsqS
15.7544 	EXP 	whitesquare: autoDraw = True
15.7544 	EXP 	whitesquare: autoDraw = False
15.7552 	DATA 	wsqS
15.7713 	EXP 	whitesquare: autoDraw = True
15.7713 	EXP 	whitesquare: autoDraw = False
15.7720 	DATA 	wsqS
15.7876 	EXP 	whitesquare: autoDraw = True
15.7876 	EXP 	whitesquare: autoDraw = False
15.7883 	DATA 	wsqS
15.8046 	EXP 	whitesquare: autoDraw = True
15.8046 	EXP 	whitesquare: autoDraw = False
15.8054 	DATA 	wsqS
15.8209 	EXP 	whitesquare: autoDraw = True
15.8209 	EXP 	whitesquare: autoDraw = False
15.8216 	DATA 	wsqS
15.8379 	EXP 	whitesquare: autoDraw = True
15.8379 	EXP 	whitesquare: autoDraw = False
15.8387 	DATA 	wsqS
15.8543 	EXP 	whitesquare: autoDraw = True
15.8543 	EXP 	whitesquare: autoDraw = False
15.8550 	DATA 	wsqS
15.8714 	EXP 	whitesquare: autoDraw = True
15.8714 	EXP 	whitesquare: autoDraw = False
15.8720 	DATA 	wsqS
15.8877 	EXP 	whitesquare: autoDraw = True
15.8877 	EXP 	whitesquare: autoDraw = False
15.8884 	DATA 	wsqS
15.9047 	EXP 	whitesquare: autoDraw = True
15.9047 	EXP 	whitesquare: autoDraw = False
15.9054 	DATA 	wsqS
15.9211 	EXP 	whitesquare: autoDraw = True
15.9211 	EXP 	whitesquare: autoDraw = False
15.9218 	DATA 	wsqS
15.9381 	EXP 	whitesquare: autoDraw = True
15.9381 	EXP 	whitesquare: autoDraw = False
15.9388 	DATA 	wsqS
15.9544 	EXP 	whitesquare: autoDraw = True
15.9544 	EXP 	whitesquare: autoDraw = False
15.9551 	DATA 	wsqS
15.9718 	EXP 	whitesquare: autoDraw = True
15.9718 	EXP 	whitesquare: autoDraw = False
15.9725 	DATA 	wsqS
15.9876 	EXP 	whitesquare: autoDraw = True
15.9876 	EXP 	whitesquare: autoDraw = False
15.9885 	DATA 	wsqS
16.0048 	EXP 	whitesquare: autoDraw = True
16.0048 	EXP 	whitesquare: autoDraw = False
16.0055 	DATA 	wsqS
16.0210 	EXP 	whitesquare: autoDraw = True
16.0210 	EXP 	whitesquare: autoDraw = False
16.0217 	DATA 	wsqS
16.0382 	EXP 	whitesquare: autoDraw = True
16.0382 	EXP 	whitesquare: autoDraw = False
16.0389 	DATA 	wsqS
16.0544 	EXP 	whitesquare: autoDraw = True
16.0544 	EXP 	whitesquare: autoDraw = False
16.0550 	DATA 	wsqS
16.0714 	EXP 	whitesquare: autoDraw = True
16.0714 	EXP 	whitesquare: autoDraw = False
16.0724 	DATA 	wsqS
16.0877 	EXP 	whitesquare: autoDraw = True
16.0877 	EXP 	whitesquare: autoDraw = False
16.0885 	DATA 	wsqS
16.1047 	EXP 	whitesquare: autoDraw = True
16.1047 	EXP 	whitesquare: autoDraw = False
16.1056 	DATA 	wsqS
16.1211 	EXP 	whitesquare: autoDraw = True
16.1211 	EXP 	whitesquare: autoDraw = False
16.1218 	DATA 	wsqS
16.1382 	EXP 	whitesquare: autoDraw = True
16.1382 	EXP 	whitesquare: autoDraw = False
16.1389 	DATA 	wsqS
16.1545 	EXP 	whitesquare: autoDraw = True
16.1545 	EXP 	whitesquare: autoDraw = False
16.1552 	DATA 	wsqS
16.1715 	EXP 	whitesquare: autoDraw = True
16.1715 	EXP 	whitesquare: autoDraw = False
16.1722 	DATA 	wsqS
16.1878 	EXP 	whitesquare: autoDraw = True
16.1878 	EXP 	whitesquare: autoDraw = False
16.1886 	DATA 	wsqS
16.2050 	EXP 	whitesquare: autoDraw = True
16.2050 	EXP 	whitesquare: autoDraw = False
16.2057 	DATA 	wsqS
16.2211 	EXP 	whitesquare: autoDraw = True
16.2211 	EXP 	whitesquare: autoDraw = False
16.2218 	DATA 	wsqS
16.2382 	EXP 	whitesquare: autoDraw = True
16.2382 	EXP 	whitesquare: autoDraw = False
16.2389 	DATA 	wsqS
16.2544 	EXP 	whitesquare: autoDraw = True
16.2544 	EXP 	whitesquare: autoDraw = False
16.2552 	DATA 	wsqS
16.2717 	EXP 	whitesquare: autoDraw = True
16.2717 	EXP 	whitesquare: autoDraw = False
16.2724 	DATA 	wsqS
16.2878 	EXP 	whitesquare: autoDraw = True
16.2878 	EXP 	whitesquare: autoDraw = False
16.2885 	DATA 	wsqS
16.3051 	EXP 	whitesquare: autoDraw = True
16.3051 	EXP 	whitesquare: autoDraw = False
16.3059 	DATA 	wsqS
16.3211 	EXP 	whitesquare: autoDraw = True
16.3211 	EXP 	whitesquare: autoDraw = False
16.3218 	DATA 	wsqS
16.3382 	EXP 	whitesquare: autoDraw = True
16.3382 	EXP 	whitesquare: autoDraw = False
16.3390 	DATA 	wsqS
16.3390 	EXP 	Sound  started
17.3402 	EXP 	Sound  stopped
17.3406 	EXP 	Set  sound=./sound/left_speak.wav
17.3407 	EXP 	Set  sound=./sound/right_speak.wav
17.3408 	EXP 	Set  sound=./sound/up_speak.wav
17.3410 	EXP 	Set  sound=./sound/down_speak.wav
17.3553 	EXP 	whitesquare: autoDraw = True
17.3553 	EXP 	whitesquare: autoDraw = False
19.8431 	EXP 	Sound  started
20.8443 	EXP 	Sound  stopped
20.8444 	EXP 	Sound  started
21.8447 	EXP 	Sound  stopped
21.8448 	EXP 	Sound  started
22.8460 	EXP 	Sound  stopped
22.8460 	EXP 	Sound  started
23.8464 	EXP 	Sound  stopped
23.8464 	EXP 	Sound  started
24.8476 	EXP 	Sound  stopped
24.8476 	EXP 	Sound  started
25.8489 	EXP 	Sound  stopped
25.8489 	EXP 	Sound  started
26.8501 	EXP 	Sound  stopped
26.8501 	EXP 	Sound  started
27.8513 	EXP 	Sound  stopped
27.8790 	EXP 	Sound  started
28.8795 	EXP 	Sound  stopped
28.8795 	EXP 	Sound  started
29.8806 	EXP 	Sound  stopped
29.8807 	EXP 	Sound  started
30.8812 	EXP 	Sound  stopped
30.8812 	EXP 	Sound  started
31.8824 	EXP 	Sound  stopped
31.8824 	EXP 	Sound  started
32.8825 	EXP 	Sound  stopped
32.8826 	EXP 	Sound  started
33.8837 	EXP 	Sound  stopped
33.8837 	EXP 	Sound  started
34.8848 	EXP 	Sound  stopped
34.8849 	EXP 	Sound  started
35.8861 	EXP 	Sound  stopped
35.9008 	EXP 	Sound  started
36.9020 	EXP 	Sound  stopped
36.9020 	EXP 	Sound  started
37.9022 	EXP 	Sound  stopped
37.9022 	EXP 	Sound  started
38.9026 	EXP 	Sound  stopped
38.9026 	EXP 	Sound  started
39.9036 	EXP 	Sound  stopped
39.9036 	EXP 	Sound  started
40.9048 	EXP 	Sound  stopped
40.9048 	EXP 	Sound  started
41.9061 	EXP 	Sound  stopped
41.9062 	EXP 	Sound  started
42.9074 	EXP 	Sound  stopped
42.9074 	EXP 	Sound  started
43.9086 	EXP 	Sound  stopped
43.9385 	EXP 	Sound  started
44.9397 	EXP 	Sound  stopped
44.9397 	EXP 	Sound  started
45.9409 	EXP 	Sound  stopped
45.9409 	EXP 	Sound  started
46.9412 	EXP 	Sound  stopped
46.9412 	EXP 	Sound  started
47.9425 	EXP 	Sound  stopped
47.9425 	EXP 	Sound  started
48.9435 	EXP 	Sound  stopped
48.9435 	EXP 	Sound  started
49.9447 	EXP 	Sound  stopped
49.9447 	EXP 	Sound  started
50.9459 	EXP 	Sound  stopped
50.9459 	EXP 	Sound  started
51.9471 	EXP 	Sound  stopped
51.9752 	EXP 	Sound  started
52.9764 	EXP 	Sound  stopped
52.9765 	EXP 	Sound  started
53.9767 	EXP 	Sound  stopped
53.9767 	EXP 	Sound  started
54.9778 	EXP 	Sound  stopped
54.9778 	EXP 	Sound  started
55.9782 	EXP 	Sound  stopped
55.9782 	EXP 	Sound  started
56.9794 	EXP 	Sound  stopped
56.9795 	EXP 	Sound  started
57.9807 	EXP 	Sound  stopped
57.9807 	EXP 	Sound  started
58.9820 	EXP 	Sound  stopped
58.9820 	EXP 	Sound  started
59.9824 	EXP 	Sound  stopped
60.0124 	EXP 	Sound  started
61.0137 	EXP 	Sound  stopped
61.0137 	EXP 	Sound  started
62.0141 	EXP 	Sound  stopped
62.0141 	EXP 	Sound  started
63.0153 	EXP 	Sound  stopped
63.0154 	EXP 	Sound  started
64.0159 	EXP 	Sound  stopped
64.0160 	EXP 	Sound  started
65.0172 	EXP 	Sound  stopped
65.0172 	EXP 	Sound  started
65.9995 	DATA 	Keypress: escape
66.0183 	EXP 	Sound  stopped
66.0183 	EXP 	Sound  started
67.0193 	EXP 	Sound  stopped
67.0193 	EXP 	Sound  started
68.0194 	EXP 	Sound  stopped
68.2944 	EXP 	window1: mouseVisible = True
