4.6122 	WARNING 	User requested fullscreen with size [1024  768], but screen is actually [1280, 800]. Using actual size
5.3167 	EXP 	Created window1 = Window(allowGUI=False, allowStencil=False, args=UNKNOWN, autoLog=True, bitsMode=UNKNOWN, blendMode='avg', color=array([-1., -1., -1.]), colorSpace='rgb', fullscr=UNKNOWN, gamma=None, kwargs=UNKNOWN, lms=UNKNOWN, monitor=<psychopy.monitors.calibTools.Monitor object at 0x112e41518>, multiSample=False, name='window1', numSamples=2, pos=[0.0, 0.0], screen=0, size=array([2560, 1600]), stereo=False, units='norm', useFBO=True, useRetina=True, viewOri=0.0, viewPos=None, viewScale=None, waitBlanking=True, winType='pyglet')
5.3168 	EXP 	window1: recordFrameIntervals = False
5.4827 	EXP 	window1: recordFrameIntervals = True
5.6656 	EXP 	window1: recordFrameIntervals = False
5.6753 	EXP 	<method-wrapper '__getattribute__' of attributeSetter object at 0x103dd00f0>: vertices = array([[-0.25,  0.25],
       [ 0.25,  0.25],
       [ 0.25, -0.25],
       [-0.25, -0.25]])
5.6769 	EXP 	Created whitesquare = Rect(__class__=<class 'psychopy.visual.rect.Rect'>, autoDraw=False, autoLog=True, closeShape=True, contrast=1.0, depth=0.0, fillColor=array([1., 1., 1.]), fillColorSpace='rgb', fillRGB=array([1., 1., 1.]), interpolate=True, lineColor=array([1., 1., 1.]), lineColorSpace='rgb', lineRGB=array([1., 1., 1.]), lineWidth=1, name='whitesquare', opacity=0.9, ori=array(0.), pos=array([14.9, 11.2]), size=array([1., 1.]), units='cm', vertices=ndarray(...), win=Window(...))
5.7858 	EXP 	Created intro_text = TextStim(__class__=<class 'psychopy.visual.text.TextStim'>, alignHoriz='center', alignVert='center', antialias=True, autoLog=True, bold=False, color='white', colorSpace='named', contrast=1.0, depth=0.0, flipHoriz=False, flipVert=False, font='Arial', fontFiles=[], height=0.1, italic=False, name='intro_text', opacity=1.0, ori=0, pos=array([0., 0.]), rgb=array([255., 255., 255.]), text=str(...), units='norm', win=Window(...), wrapWidth=1)
5.8075 	EXP 	Created intro_text = TextStim(__class__=<class 'psychopy.visual.text.TextStim'>, alignHoriz='center', alignVert='center', antialias=True, autoLog=True, bold=False, color='white', colorSpace='named', contrast=1.0, depth=0.0, flipHoriz=False, flipVert=False, font='Arial', fontFiles=[], height=0.1, italic=False, name='intro_text', opacity=1.0, ori=0, pos=array([0., 0.]), rgb=array([255., 255., 255.]), text=str(...), units='norm', win=Window(...), wrapWidth=1)
5.8208 	EXP 	Created open_text = TextStim(__class__=<class 'psychopy.visual.text.TextStim'>, alignHoriz='center', alignVert='center', antialias=True, autoLog=True, bold=False, color='white', colorSpace='named', contrast=1.0, depth=0.0, flipHoriz=False, flipVert=False, font='Arial', fontFiles=[], height=0.1, italic=False, name='open_text', opacity=1.0, ori=0, pos=array([0., 0.]), rgb=array([255., 255., 255.]), text=str(...), units='norm', win=Window(...), wrapWidth=1)
5.8254 	EXP 	Created fixation = TextStim(__class__=<class 'psychopy.visual.text.TextStim'>, alignHoriz='center', alignVert='center', antialias=True, autoLog=True, bold=False, color='white', colorSpace='named', contrast=1.0, depth=-1.0, flipHoriz=False, flipVert=False, font='Arial', fontFiles=[], height=0.1, italic=False, name='fixation', opacity=1.0, ori=0, pos=array([0., 0.]), rgb=array([255., 255., 255.]), text='+\n', units='norm', win=Window(...), wrapWidth=1)
5.8375 	EXP 	Created close_text = TextStim(__class__=<class 'psychopy.visual.text.TextStim'>, alignHoriz='center', alignVert='center', antialias=True, autoLog=True, bold=False, color='white', colorSpace='named', contrast=1.0, depth=0.0, flipHoriz=False, flipVert=False, font='Arial', fontFiles=[], height=0.1, italic=False, name='close_text', opacity=1.0, ori=0, pos=array([0., 0.]), rgb=array([255., 255., 255.]), text=str(...), units='norm', win=Window(...), wrapWidth=1)
5.8401 	EXP 	Created blank = TextStim(__class__=<class 'psychopy.visual.text.TextStim'>, alignHoriz='center', alignVert='center', antialias=True, autoLog=True, bold=False, color='white', colorSpace='named', contrast=1.0, depth=-1.0, flipHoriz=False, flipVert=False, font='Arial', fontFiles=[], height=0.1, italic=False, name='blank', opacity=1.0, ori=0, pos=array([0., 0.]), rgb=array([255., 255., 255.]), text=' ', units='norm', win=Window(...), wrapWidth=1)
5.8922 	EXP 	Set  sound=./sound/open_speak.wav
5.8923 	EXP 	Set Sound  volume=1.000
5.9014 	EXP 	Created gaze_text = TextStim(__class__=<class 'psychopy.visual.text.TextStim'>, alignHoriz='center', alignVert='center', antialias=True, autoLog=True, bold=False, color='white', colorSpace='named', contrast=1.0, depth=0.0, flipHoriz=False, flipVert=False, font='Arial', fontFiles=[], height=0.1, italic=False, name='gaze_text', opacity=1.0, ori=0, pos=array([0., 0.]), rgb=array([255., 255., 255.]), text=str(...), units='norm', win=Window(...), wrapWidth=1)
5.9032 	EXP 	Created center = ShapeStim(__class__=<class 'psychopy.visual.shape.ShapeStim'>, autoDraw=False, autoLog=True, closeShape=True, contrast=1.0, depth=0.0, fillColor=array([1., 1., 1.]), fillColorSpace='rgb', interpolate=True, lineColor=array([1., 1., 1.]), lineColorSpace='rgb', lineWidth=1, name='center', opacity=1.0, ori=array(0.), pos=array([0., 0.]), size=array([0.5, 0.5]), units='cm', vertices=ndarray(...), win=Window(...), windingRule=None)
5.9040 	EXP 	Set  sound=./sound/left_speak.wav
5.9040 	EXP 	Set Sound  volume=1.000
5.9058 	EXP 	Created left = ShapeStim(__class__=<class 'psychopy.visual.shape.ShapeStim'>, autoDraw=False, autoLog=True, closeShape=True, contrast=1.0, depth=0.0, fillColor=array([1., 1., 1.]), fillColorSpace='rgb', interpolate=True, lineColor=array([1., 1., 1.]), lineColorSpace='rgb', lineWidth=1, name='left', opacity=1.0, ori=array(0.), pos=array([-10.,   0.]), size=array([0.5, 0.5]), units='cm', vertices=ndarray(...), win=Window(...), windingRule=None)
5.9065 	EXP 	Set  sound=./sound/right_speak.wav
5.9066 	EXP 	Set Sound  volume=1.000
5.9086 	EXP 	Created right = ShapeStim(__class__=<class 'psychopy.visual.shape.ShapeStim'>, autoDraw=False, autoLog=True, closeShape=True, contrast=1.0, depth=0.0, fillColor=array([1., 1., 1.]), fillColorSpace='rgb', interpolate=True, lineColor=array([1., 1., 1.]), lineColorSpace='rgb', lineWidth=1, name='right', opacity=1.0, ori=array(0.), pos=array([10.,  0.]), size=array([0.5, 0.5]), units='cm', vertices=ndarray(...), win=Window(...), windingRule=None)
5.9094 	EXP 	Set  sound=./sound/up_speak.wav
5.9094 	EXP 	Set Sound  volume=1.000
5.9114 	EXP 	Created up = ShapeStim(__class__=<class 'psychopy.visual.shape.ShapeStim'>, autoDraw=False, autoLog=True, closeShape=True, contrast=1.0, depth=0.0, fillColor=array([1., 1., 1.]), fillColorSpace='rgb', interpolate=True, lineColor=array([1., 1., 1.]), lineColorSpace='rgb', lineWidth=1, name='up', opacity=1.0, ori=array(0.), pos=array([ 0., 10.]), size=array([0.5, 0.5]), units='cm', vertices=ndarray(...), win=Window(...), windingRule=None)
5.9122 	EXP 	Set  sound=./sound/down_speak.wav
5.9122 	EXP 	Set Sound  volume=1.000
5.9141 	EXP 	Created down = ShapeStim(__class__=<class 'psychopy.visual.shape.ShapeStim'>, autoDraw=False, autoLog=True, closeShape=True, contrast=1.0, depth=0.0, fillColor=array([1., 1., 1.]), fillColorSpace='rgb', interpolate=True, lineColor=array([1., 1., 1.]), lineColorSpace='rgb', lineWidth=1, name='down', opacity=1.0, ori=array(0.), pos=array([  0., -10.]), size=array([0.5, 0.5]), units='cm', vertices=ndarray(...), win=Window(...), windingRule=None)
5.9231 	EXP 	Created esc = TextStim(__class__=<class 'psychopy.visual.text.TextStim'>, alignHoriz='center', alignVert='center', antialias=True, autoLog=True, bold=False, color='white', colorSpace='named', contrast=1.0, depth=0.0, flipHoriz=False, flipVert=False, font='Arial', fontFiles=[], height=0.1, italic=False, name='esc', opacity=1.0, ori=0, pos=array([0., 0.]), rgb=array([255., 255., 255.]), text="End of test\n\nPress 'esc'", units='norm', win=Window(...), wrapWidth=1)
5.9501 	EXP 	intro_text: autoDraw = True
5.9501 	EXP 	whitesquare: autoDraw = True
6.6209 	DATA 	Keypress: space
6.6498 	EXP 	intro_text: autoDraw = False
6.6498 	EXP 	whitesquare: autoDraw = False
6.6498 	EXP 	intro_text: autoDraw = True
6.9355 	DATA 	Keypress: space
6.9496 	EXP 	intro_text: autoDraw = False
9.4351 	DATA 	wsqS
9.4512 	EXP 	whitesquare: autoDraw = True
9.4518 	DATA 	wsqS
9.4675 	EXP 	whitesquare: autoDraw = True
9.4675 	EXP 	whitesquare: autoDraw = False
9.4680 	DATA 	wsqS
9.4846 	EXP 	whitesquare: autoDraw = True
9.4846 	EXP 	whitesquare: autoDraw = False
9.4851 	DATA 	wsqS
9.5021 	EXP 	whitesquare: autoDraw = True
9.5021 	EXP 	whitesquare: autoDraw = False
9.5026 	DATA 	wsqS
9.5175 	EXP 	whitesquare: autoDraw = True
9.5175 	EXP 	whitesquare: autoDraw = False
9.5183 	DATA 	wsqS
9.5337 	EXP 	whitesquare: autoDraw = True
9.5337 	EXP 	whitesquare: autoDraw = False
9.5345 	DATA 	wsqS
9.5509 	EXP 	whitesquare: autoDraw = True
9.5509 	EXP 	whitesquare: autoDraw = False
9.5518 	DATA 	wsqS
9.5670 	EXP 	whitesquare: autoDraw = True
9.5670 	EXP 	whitesquare: autoDraw = False
9.5679 	DATA 	wsqS
9.5842 	EXP 	whitesquare: autoDraw = True
9.5842 	EXP 	whitesquare: autoDraw = False
9.5850 	DATA 	wsqS
9.6004 	EXP 	whitesquare: autoDraw = True
9.6004 	EXP 	whitesquare: autoDraw = False
9.6012 	DATA 	wsqS
9.6175 	EXP 	whitesquare: autoDraw = True
9.6175 	EXP 	whitesquare: autoDraw = False
9.6183 	DATA 	wsqS
9.6337 	EXP 	whitesquare: autoDraw = True
9.6337 	EXP 	whitesquare: autoDraw = False
9.6347 	DATA 	wsqS
9.6508 	EXP 	whitesquare: autoDraw = True
9.6508 	EXP 	whitesquare: autoDraw = False
9.6516 	DATA 	wsqS
9.6671 	EXP 	whitesquare: autoDraw = True
9.6671 	EXP 	whitesquare: autoDraw = False
9.6679 	DATA 	wsqS
9.6843 	EXP 	whitesquare: autoDraw = True
9.6843 	EXP 	whitesquare: autoDraw = False
9.6851 	DATA 	wsqS
9.7005 	EXP 	whitesquare: autoDraw = True
9.7005 	EXP 	whitesquare: autoDraw = False
9.7013 	DATA 	wsqS
9.7179 	EXP 	whitesquare: autoDraw = True
9.7179 	EXP 	whitesquare: autoDraw = False
9.7186 	DATA 	wsqS
9.7339 	EXP 	whitesquare: autoDraw = True
9.7339 	EXP 	whitesquare: autoDraw = False
9.7347 	DATA 	wsqS
9.7508 	EXP 	whitesquare: autoDraw = True
9.7508 	EXP 	whitesquare: autoDraw = False
9.7517 	DATA 	wsqS
9.7671 	EXP 	whitesquare: autoDraw = True
9.7671 	EXP 	whitesquare: autoDraw = False
9.7679 	DATA 	wsqS
9.7843 	EXP 	whitesquare: autoDraw = True
9.7843 	EXP 	whitesquare: autoDraw = False
9.7851 	DATA 	wsqS
9.8005 	EXP 	whitesquare: autoDraw = True
9.8005 	EXP 	whitesquare: autoDraw = False
9.8012 	DATA 	wsqS
9.8176 	EXP 	whitesquare: autoDraw = True
9.8176 	EXP 	whitesquare: autoDraw = False
9.8185 	DATA 	wsqS
9.8341 	EXP 	whitesquare: autoDraw = True
9.8341 	EXP 	whitesquare: autoDraw = False
9.8347 	DATA 	wsqS
9.8509 	EXP 	whitesquare: autoDraw = True
9.8509 	EXP 	whitesquare: autoDraw = False
9.8518 	DATA 	wsqS
9.8672 	EXP 	whitesquare: autoDraw = True
9.8672 	EXP 	whitesquare: autoDraw = False
9.8680 	DATA 	wsqS
9.8843 	EXP 	whitesquare: autoDraw = True
9.8843 	EXP 	whitesquare: autoDraw = False
9.8851 	DATA 	wsqS
9.9005 	EXP 	whitesquare: autoDraw = True
9.9005 	EXP 	whitesquare: autoDraw = False
9.9015 	DATA 	wsqS
9.9176 	EXP 	whitesquare: autoDraw = True
9.9176 	EXP 	whitesquare: autoDraw = False
9.9185 	DATA 	wsqS
9.9339 	EXP 	whitesquare: autoDraw = True
9.9339 	EXP 	whitesquare: autoDraw = False
9.9348 	DATA 	wsqS
9.9509 	EXP 	whitesquare: autoDraw = True
9.9509 	EXP 	whitesquare: autoDraw = False
9.9517 	DATA 	wsqS
9.9674 	EXP 	whitesquare: autoDraw = True
9.9674 	EXP 	whitesquare: autoDraw = False
9.9682 	DATA 	wsqS
9.9842 	EXP 	whitesquare: autoDraw = True
9.9842 	EXP 	whitesquare: autoDraw = False
9.9851 	DATA 	wsqS
10.0007 	EXP 	whitesquare: autoDraw = True
10.0007 	EXP 	whitesquare: autoDraw = False
10.0015 	DATA 	wsqS
10.0180 	EXP 	whitesquare: autoDraw = True
10.0180 	EXP 	whitesquare: autoDraw = False
10.0188 	DATA 	wsqS
10.0339 	EXP 	whitesquare: autoDraw = True
10.0339 	EXP 	whitesquare: autoDraw = False
10.0347 	DATA 	wsqS
10.0512 	EXP 	whitesquare: autoDraw = True
10.0512 	EXP 	whitesquare: autoDraw = False
10.0520 	DATA 	wsqS
10.0672 	EXP 	whitesquare: autoDraw = True
10.0672 	EXP 	whitesquare: autoDraw = False
10.0681 	DATA 	wsqS
10.0844 	EXP 	whitesquare: autoDraw = True
10.0844 	EXP 	whitesquare: autoDraw = False
10.0852 	DATA 	wsqS
10.1008 	EXP 	whitesquare: autoDraw = True
10.1008 	EXP 	whitesquare: autoDraw = False
10.1015 	DATA 	wsqS
10.1179 	EXP 	whitesquare: autoDraw = True
10.1179 	EXP 	whitesquare: autoDraw = False
10.1186 	DATA 	wsqS
10.1340 	EXP 	whitesquare: autoDraw = True
10.1340 	EXP 	whitesquare: autoDraw = False
10.1348 	DATA 	wsqS
10.1510 	EXP 	whitesquare: autoDraw = True
10.1510 	EXP 	whitesquare: autoDraw = False
10.1518 	DATA 	wsqS
10.1673 	EXP 	whitesquare: autoDraw = True
10.1673 	EXP 	whitesquare: autoDraw = False
10.1683 	DATA 	wsqS
10.1844 	EXP 	whitesquare: autoDraw = True
10.1844 	EXP 	whitesquare: autoDraw = False
10.1851 	DATA 	wsqS
10.2007 	EXP 	whitesquare: autoDraw = True
10.2007 	EXP 	whitesquare: autoDraw = False
10.2016 	DATA 	wsqS
10.2177 	EXP 	whitesquare: autoDraw = True
10.2177 	EXP 	whitesquare: autoDraw = False
10.2186 	DATA 	wsqS
10.2345 	EXP 	whitesquare: autoDraw = True
10.2345 	EXP 	whitesquare: autoDraw = False
10.2352 	DATA 	wsqS
10.2510 	EXP 	whitesquare: autoDraw = True
10.2510 	EXP 	whitesquare: autoDraw = False
10.2519 	DATA 	wsqS
10.2674 	EXP 	whitesquare: autoDraw = True
10.2674 	EXP 	whitesquare: autoDraw = False
10.2683 	DATA 	wsqS
10.2844 	EXP 	whitesquare: autoDraw = True
10.2844 	EXP 	whitesquare: autoDraw = False
10.2854 	DATA 	wsqS
10.3007 	EXP 	whitesquare: autoDraw = True
10.3007 	EXP 	whitesquare: autoDraw = False
10.3015 	DATA 	wsqS
10.3178 	EXP 	whitesquare: autoDraw = True
10.3178 	EXP 	whitesquare: autoDraw = False
10.3187 	DATA 	wsqS
10.3341 	EXP 	whitesquare: autoDraw = True
10.3341 	EXP 	whitesquare: autoDraw = False
10.3349 	DATA 	wsqS
10.3512 	EXP 	whitesquare: autoDraw = True
10.3512 	EXP 	whitesquare: autoDraw = False
10.3520 	DATA 	wsqS
10.3674 	EXP 	whitesquare: autoDraw = True
10.3674 	EXP 	whitesquare: autoDraw = False
10.3682 	DATA 	wsqS
10.3845 	EXP 	whitesquare: autoDraw = True
10.3845 	EXP 	whitesquare: autoDraw = False
10.3853 	DATA 	wsqS
10.4008 	EXP 	whitesquare: autoDraw = True
10.4008 	EXP 	whitesquare: autoDraw = False
10.4016 	DATA 	wsqS
10.4178 	EXP 	whitesquare: autoDraw = True
10.4178 	EXP 	whitesquare: autoDraw = False
10.4186 	DATA 	wsqS
10.4341 	EXP 	whitesquare: autoDraw = True
10.4341 	EXP 	whitesquare: autoDraw = False
10.4350 	DATA 	wsqS
10.4512 	EXP 	whitesquare: autoDraw = True
10.4512 	EXP 	whitesquare: autoDraw = False
10.4519 	DATA 	wsqS
10.4675 	EXP 	whitesquare: autoDraw = True
10.4675 	EXP 	whitesquare: autoDraw = False
10.4684 	DATA 	wsqS
10.4845 	EXP 	whitesquare: autoDraw = True
10.4845 	EXP 	whitesquare: autoDraw = False
10.4852 	DATA 	wsqS
10.5009 	EXP 	whitesquare: autoDraw = True
10.5009 	EXP 	whitesquare: autoDraw = False
10.5018 	DATA 	wsqS
10.5179 	EXP 	whitesquare: autoDraw = True
10.5179 	EXP 	whitesquare: autoDraw = False
10.5186 	DATA 	wsqS
10.5342 	EXP 	whitesquare: autoDraw = True
10.5342 	EXP 	whitesquare: autoDraw = False
10.5350 	DATA 	wsqS
10.5512 	EXP 	whitesquare: autoDraw = True
10.5512 	EXP 	whitesquare: autoDraw = False
10.5522 	DATA 	wsqS
10.5675 	EXP 	whitesquare: autoDraw = True
10.5675 	EXP 	whitesquare: autoDraw = False
10.5684 	DATA 	wsqS
10.5846 	EXP 	whitesquare: autoDraw = True
10.5846 	EXP 	whitesquare: autoDraw = False
10.5855 	DATA 	wsqS
10.6009 	EXP 	whitesquare: autoDraw = True
10.6009 	EXP 	whitesquare: autoDraw = False
10.6017 	DATA 	wsqS
10.6179 	EXP 	whitesquare: autoDraw = True
10.6179 	EXP 	whitesquare: autoDraw = False
10.6188 	DATA 	wsqS
10.6342 	EXP 	whitesquare: autoDraw = True
10.6342 	EXP 	whitesquare: autoDraw = False
10.6349 	DATA 	wsqS
10.6513 	EXP 	whitesquare: autoDraw = True
10.6513 	EXP 	whitesquare: autoDraw = False
10.6521 	DATA 	wsqS
10.6675 	EXP 	whitesquare: autoDraw = True
10.6675 	EXP 	whitesquare: autoDraw = False
10.6684 	DATA 	wsqS
10.6846 	EXP 	whitesquare: autoDraw = True
10.6846 	EXP 	whitesquare: autoDraw = False
10.6854 	DATA 	wsqS
10.7009 	EXP 	whitesquare: autoDraw = True
10.7009 	EXP 	whitesquare: autoDraw = False
10.7018 	DATA 	wsqS
10.7179 	EXP 	whitesquare: autoDraw = True
10.7179 	EXP 	whitesquare: autoDraw = False
10.7188 	DATA 	wsqS
10.7343 	EXP 	whitesquare: autoDraw = True
10.7343 	EXP 	whitesquare: autoDraw = False
10.7352 	DATA 	wsqS
10.7513 	EXP 	whitesquare: autoDraw = True
10.7513 	EXP 	whitesquare: autoDraw = False
10.7522 	DATA 	wsqS
10.7676 	EXP 	whitesquare: autoDraw = True
10.7676 	EXP 	whitesquare: autoDraw = False
10.7685 	DATA 	wsqS
10.7846 	EXP 	whitesquare: autoDraw = True
10.7846 	EXP 	whitesquare: autoDraw = False
10.7855 	DATA 	wsqS
10.8010 	EXP 	whitesquare: autoDraw = True
10.8010 	EXP 	whitesquare: autoDraw = False
10.8018 	DATA 	wsqS
10.8180 	EXP 	whitesquare: autoDraw = True
10.8180 	EXP 	whitesquare: autoDraw = False
10.8189 	DATA 	wsqS
10.8344 	EXP 	whitesquare: autoDraw = True
10.8344 	EXP 	whitesquare: autoDraw = False
10.8352 	DATA 	wsqS
10.8516 	EXP 	whitesquare: autoDraw = True
10.8516 	EXP 	whitesquare: autoDraw = False
10.8526 	DATA 	wsqS
10.8677 	EXP 	whitesquare: autoDraw = True
10.8677 	EXP 	whitesquare: autoDraw = False
10.8684 	DATA 	wsqS
10.8849 	EXP 	whitesquare: autoDraw = True
10.8849 	EXP 	whitesquare: autoDraw = False
10.8857 	DATA 	wsqS
10.9011 	EXP 	whitesquare: autoDraw = True
10.9011 	EXP 	whitesquare: autoDraw = False
10.9019 	DATA 	wsqS
10.9181 	EXP 	whitesquare: autoDraw = True
10.9181 	EXP 	whitesquare: autoDraw = False
10.9189 	DATA 	wsqS
10.9344 	EXP 	whitesquare: autoDraw = True
10.9344 	EXP 	whitesquare: autoDraw = False
10.9352 	DATA 	wsqS
10.9514 	EXP 	whitesquare: autoDraw = True
10.9514 	EXP 	whitesquare: autoDraw = False
10.9523 	DATA 	wsqS
10.9678 	EXP 	whitesquare: autoDraw = True
10.9678 	EXP 	whitesquare: autoDraw = False
10.9685 	DATA 	wsqS
10.9848 	EXP 	whitesquare: autoDraw = True
10.9848 	EXP 	whitesquare: autoDraw = False
10.9855 	DATA 	wsqS
11.0011 	EXP 	whitesquare: autoDraw = True
11.0011 	EXP 	whitesquare: autoDraw = False
11.0019 	DATA 	wsqS
11.0181 	EXP 	whitesquare: autoDraw = True
11.0181 	EXP 	whitesquare: autoDraw = False
11.0188 	DATA 	wsqS
11.0345 	EXP 	whitesquare: autoDraw = True
11.0345 	EXP 	whitesquare: autoDraw = False
11.0353 	DATA 	wsqS
11.0514 	EXP 	whitesquare: autoDraw = True
11.0514 	EXP 	whitesquare: autoDraw = False
11.0522 	DATA 	wsqS
11.0677 	EXP 	whitesquare: autoDraw = True
11.0677 	EXP 	whitesquare: autoDraw = False
11.0686 	DATA 	wsqS
11.0848 	EXP 	whitesquare: autoDraw = True
11.0848 	EXP 	whitesquare: autoDraw = False
11.0856 	DATA 	wsqS
11.1011 	EXP 	whitesquare: autoDraw = True
11.1011 	EXP 	whitesquare: autoDraw = False
11.1019 	DATA 	wsqS
11.1182 	EXP 	whitesquare: autoDraw = True
11.1182 	EXP 	whitesquare: autoDraw = False
11.1190 	DATA 	wsqS
11.1346 	EXP 	whitesquare: autoDraw = True
11.1346 	EXP 	whitesquare: autoDraw = False
11.1353 	DATA 	wsqS
11.1519 	EXP 	whitesquare: autoDraw = True
11.1519 	EXP 	whitesquare: autoDraw = False
11.1526 	DATA 	wsqS
11.1678 	EXP 	whitesquare: autoDraw = True
11.1678 	EXP 	whitesquare: autoDraw = False
11.1686 	DATA 	wsqS
11.1849 	EXP 	whitesquare: autoDraw = True
11.1849 	EXP 	whitesquare: autoDraw = False
11.1857 	DATA 	wsqS
11.2012 	EXP 	whitesquare: autoDraw = True
11.2012 	EXP 	whitesquare: autoDraw = False
11.2019 	DATA 	wsqS
11.2182 	EXP 	whitesquare: autoDraw = True
11.2182 	EXP 	whitesquare: autoDraw = False
11.2191 	DATA 	wsqS
11.2345 	EXP 	whitesquare: autoDraw = True
11.2345 	EXP 	whitesquare: autoDraw = False
11.2352 	DATA 	wsqS
11.2515 	EXP 	whitesquare: autoDraw = True
11.2515 	EXP 	whitesquare: autoDraw = False
11.2523 	DATA 	wsqS
11.2681 	EXP 	whitesquare: autoDraw = True
11.2681 	EXP 	whitesquare: autoDraw = False
11.2688 	DATA 	wsqS
11.2849 	EXP 	whitesquare: autoDraw = True
11.2849 	EXP 	whitesquare: autoDraw = False
11.2856 	DATA 	wsqS
11.3012 	EXP 	whitesquare: autoDraw = True
11.3012 	EXP 	whitesquare: autoDraw = False
11.3020 	DATA 	wsqS
11.3182 	EXP 	whitesquare: autoDraw = True
11.3182 	EXP 	whitesquare: autoDraw = False
11.3191 	DATA 	wsqS
11.3345 	EXP 	whitesquare: autoDraw = True
11.3345 	EXP 	whitesquare: autoDraw = False
11.3354 	DATA 	wsqS
11.3516 	EXP 	whitesquare: autoDraw = True
11.3516 	EXP 	whitesquare: autoDraw = False
11.3525 	DATA 	wsqS
11.3679 	EXP 	whitesquare: autoDraw = True
11.3679 	EXP 	whitesquare: autoDraw = False
11.3687 	DATA 	wsqS
11.3852 	EXP 	whitesquare: autoDraw = True
11.3852 	EXP 	whitesquare: autoDraw = False
11.3860 	DATA 	wsqS
11.4012 	EXP 	whitesquare: autoDraw = True
11.4012 	EXP 	whitesquare: autoDraw = False
11.4020 	DATA 	wsqS
11.4184 	EXP 	whitesquare: autoDraw = True
11.4184 	EXP 	whitesquare: autoDraw = False
11.4191 	DATA 	wsqS
11.4347 	EXP 	whitesquare: autoDraw = True
11.4347 	EXP 	whitesquare: autoDraw = False
11.4355 	DATA 	wsqS
11.4364 	EXP 	Set  sound=./sound/open_speak.wav
11.4518 	EXP 	whitesquare: autoDraw = True
11.4518 	EXP 	whitesquare: autoDraw = False
13.9376 	DATA 	wsqS
13.9528 	EXP 	whitesquare: autoDraw = True
13.9536 	DATA 	wsqS
13.9692 	EXP 	whitesquare: autoDraw = True
13.9692 	EXP 	whitesquare: autoDraw = False
13.9700 	DATA 	wsqS
13.9862 	EXP 	whitesquare: autoDraw = True
13.9862 	EXP 	whitesquare: autoDraw = False
13.9870 	DATA 	wsqS
14.0025 	EXP 	whitesquare: autoDraw = True
14.0025 	EXP 	whitesquare: autoDraw = False
14.0032 	DATA 	wsqS
14.0195 	EXP 	whitesquare: autoDraw = True
14.0195 	EXP 	whitesquare: autoDraw = False
14.0204 	DATA 	wsqS
14.0358 	EXP 	whitesquare: autoDraw = True
14.0358 	EXP 	whitesquare: autoDraw = False
14.0366 	DATA 	wsqS
14.0529 	EXP 	whitesquare: autoDraw = True
14.0529 	EXP 	whitesquare: autoDraw = False
14.0538 	DATA 	wsqS
14.0692 	EXP 	whitesquare: autoDraw = True
14.0692 	EXP 	whitesquare: autoDraw = False
14.0701 	DATA 	wsqS
14.0863 	EXP 	whitesquare: autoDraw = True
14.0863 	EXP 	whitesquare: autoDraw = False
14.0871 	DATA 	wsqS
14.1025 	EXP 	whitesquare: autoDraw = True
14.1025 	EXP 	whitesquare: autoDraw = False
14.1032 	DATA 	wsqS
14.1195 	EXP 	whitesquare: autoDraw = True
14.1195 	EXP 	whitesquare: autoDraw = False
14.1204 	DATA 	wsqS
14.1359 	EXP 	whitesquare: autoDraw = True
14.1359 	EXP 	whitesquare: autoDraw = False
14.1367 	DATA 	wsqS
14.1529 	EXP 	whitesquare: autoDraw = True
14.1529 	EXP 	whitesquare: autoDraw = False
14.1537 	DATA 	wsqS
14.1693 	EXP 	whitesquare: autoDraw = True
14.1693 	EXP 	whitesquare: autoDraw = False
14.1701 	DATA 	wsqS
14.1863 	EXP 	whitesquare: autoDraw = True
14.1863 	EXP 	whitesquare: autoDraw = False
14.1871 	DATA 	wsqS
14.2026 	EXP 	whitesquare: autoDraw = True
14.2026 	EXP 	whitesquare: autoDraw = False
14.2034 	DATA 	wsqS
14.2198 	EXP 	whitesquare: autoDraw = True
14.2198 	EXP 	whitesquare: autoDraw = False
14.2205 	DATA 	wsqS
14.2359 	EXP 	whitesquare: autoDraw = True
14.2359 	EXP 	whitesquare: autoDraw = False
14.2367 	DATA 	wsqS
14.2530 	EXP 	whitesquare: autoDraw = True
14.2530 	EXP 	whitesquare: autoDraw = False
14.2539 	DATA 	wsqS
14.2693 	EXP 	whitesquare: autoDraw = True
14.2693 	EXP 	whitesquare: autoDraw = False
14.2701 	DATA 	wsqS
14.2865 	EXP 	whitesquare: autoDraw = True
14.2865 	EXP 	whitesquare: autoDraw = False
14.2874 	DATA 	wsqS
14.3027 	EXP 	whitesquare: autoDraw = True
14.3027 	EXP 	whitesquare: autoDraw = False
14.3032 	DATA 	wsqS
14.3197 	EXP 	whitesquare: autoDraw = True
14.3197 	EXP 	whitesquare: autoDraw = False
14.3205 	DATA 	wsqS
14.3360 	EXP 	whitesquare: autoDraw = True
14.3360 	EXP 	whitesquare: autoDraw = False
14.3368 	DATA 	wsqS
14.3534 	EXP 	whitesquare: autoDraw = True
14.3534 	EXP 	whitesquare: autoDraw = False
14.3542 	DATA 	wsqS
14.3693 	EXP 	whitesquare: autoDraw = True
14.3693 	EXP 	whitesquare: autoDraw = False
14.3701 	DATA 	wsqS
14.3863 	EXP 	whitesquare: autoDraw = True
14.3863 	EXP 	whitesquare: autoDraw = False
14.3872 	DATA 	wsqS
14.4028 	EXP 	whitesquare: autoDraw = True
14.4028 	EXP 	whitesquare: autoDraw = False
14.4036 	DATA 	wsqS
14.4197 	EXP 	whitesquare: autoDraw = True
14.4197 	EXP 	whitesquare: autoDraw = False
14.4212 	DATA 	wsqS
14.4361 	EXP 	whitesquare: autoDraw = True
14.4361 	EXP 	whitesquare: autoDraw = False
14.4368 	DATA 	wsqS
14.4530 	EXP 	whitesquare: autoDraw = True
14.4530 	EXP 	whitesquare: autoDraw = False
14.4539 	DATA 	wsqS
14.4694 	EXP 	whitesquare: autoDraw = True
14.4694 	EXP 	whitesquare: autoDraw = False
14.4701 	DATA 	wsqS
14.4865 	EXP 	whitesquare: autoDraw = True
14.4865 	EXP 	whitesquare: autoDraw = False
14.4874 	DATA 	wsqS
14.5028 	EXP 	whitesquare: autoDraw = True
14.5028 	EXP 	whitesquare: autoDraw = False
14.5035 	DATA 	wsqS
14.5197 	EXP 	whitesquare: autoDraw = True
14.5197 	EXP 	whitesquare: autoDraw = False
14.5206 	DATA 	wsqS
14.5361 	EXP 	whitesquare: autoDraw = True
14.5361 	EXP 	whitesquare: autoDraw = False
14.5369 	DATA 	wsqS
14.5531 	EXP 	whitesquare: autoDraw = True
14.5531 	EXP 	whitesquare: autoDraw = False
14.5540 	DATA 	wsqS
14.5695 	EXP 	whitesquare: autoDraw = True
14.5695 	EXP 	whitesquare: autoDraw = False
14.5703 	DATA 	wsqS
14.5865 	EXP 	whitesquare: autoDraw = True
14.5865 	EXP 	whitesquare: autoDraw = False
14.5873 	DATA 	wsqS
14.6028 	EXP 	whitesquare: autoDraw = True
14.6028 	EXP 	whitesquare: autoDraw = False
14.6036 	DATA 	wsqS
14.6198 	EXP 	whitesquare: autoDraw = True
14.6198 	EXP 	whitesquare: autoDraw = False
14.6207 	DATA 	wsqS
14.6361 	EXP 	whitesquare: autoDraw = True
14.6361 	EXP 	whitesquare: autoDraw = False
14.6369 	DATA 	wsqS
14.6534 	EXP 	whitesquare: autoDraw = True
14.6534 	EXP 	whitesquare: autoDraw = False
14.6541 	DATA 	wsqS
14.6696 	EXP 	whitesquare: autoDraw = True
14.6696 	EXP 	whitesquare: autoDraw = False
14.6703 	DATA 	wsqS
14.6865 	EXP 	whitesquare: autoDraw = True
14.6865 	EXP 	whitesquare: autoDraw = False
14.6873 	DATA 	wsqS
14.7029 	EXP 	whitesquare: autoDraw = True
14.7029 	EXP 	whitesquare: autoDraw = False
14.7036 	DATA 	wsqS
14.7199 	EXP 	whitesquare: autoDraw = True
14.7199 	EXP 	whitesquare: autoDraw = False
14.7206 	DATA 	wsqS
14.7362 	EXP 	whitesquare: autoDraw = True
14.7362 	EXP 	whitesquare: autoDraw = False
14.7370 	DATA 	wsqS
14.7532 	EXP 	whitesquare: autoDraw = True
14.7532 	EXP 	whitesquare: autoDraw = False
14.7540 	DATA 	wsqS
14.7695 	EXP 	whitesquare: autoDraw = True
14.7695 	EXP 	whitesquare: autoDraw = False
14.7705 	DATA 	wsqS
14.7866 	EXP 	whitesquare: autoDraw = True
14.7866 	EXP 	whitesquare: autoDraw = False
14.7874 	DATA 	wsqS
14.8029 	EXP 	whitesquare: autoDraw = True
14.8029 	EXP 	whitesquare: autoDraw = False
14.8037 	DATA 	wsqS
14.8199 	EXP 	whitesquare: autoDraw = True
14.8199 	EXP 	whitesquare: autoDraw = False
14.8208 	DATA 	wsqS
14.8362 	EXP 	whitesquare: autoDraw = True
14.8362 	EXP 	whitesquare: autoDraw = False
14.8370 	DATA 	wsqS
14.8533 	EXP 	whitesquare: autoDraw = True
14.8533 	EXP 	whitesquare: autoDraw = False
14.8541 	DATA 	wsqS
14.8697 	EXP 	whitesquare: autoDraw = True
14.8697 	EXP 	whitesquare: autoDraw = False
14.8707 	DATA 	wsqS
14.8866 	EXP 	whitesquare: autoDraw = True
14.8866 	EXP 	whitesquare: autoDraw = False
14.8874 	DATA 	wsqS
14.9029 	EXP 	whitesquare: autoDraw = True
14.9029 	EXP 	whitesquare: autoDraw = False
14.9039 	DATA 	wsqS
14.9199 	EXP 	whitesquare: autoDraw = True
14.9199 	EXP 	whitesquare: autoDraw = False
14.9208 	DATA 	wsqS
14.9363 	EXP 	whitesquare: autoDraw = True
14.9363 	EXP 	whitesquare: autoDraw = False
14.9371 	DATA 	wsqS
14.9533 	EXP 	whitesquare: autoDraw = True
14.9533 	EXP 	whitesquare: autoDraw = False
14.9540 	DATA 	wsqS
14.9698 	EXP 	whitesquare: autoDraw = True
14.9698 	EXP 	whitesquare: autoDraw = False
14.9706 	DATA 	wsqS
14.9866 	EXP 	whitesquare: autoDraw = True
14.9866 	EXP 	whitesquare: autoDraw = False
14.9875 	DATA 	wsqS
15.0030 	EXP 	whitesquare: autoDraw = True
15.0030 	EXP 	whitesquare: autoDraw = False
15.0039 	DATA 	wsqS
15.0200 	EXP 	whitesquare: autoDraw = True
15.0200 	EXP 	whitesquare: autoDraw = False
15.0208 	DATA 	wsqS
15.0363 	EXP 	whitesquare: autoDraw = True
15.0363 	EXP 	whitesquare: autoDraw = False
15.0371 	DATA 	wsqS
15.0533 	EXP 	whitesquare: autoDraw = True
15.0533 	EXP 	whitesquare: autoDraw = False
15.0542 	DATA 	wsqS
15.0697 	EXP 	whitesquare: autoDraw = True
15.0697 	EXP 	whitesquare: autoDraw = False
15.0706 	DATA 	wsqS
15.0868 	EXP 	whitesquare: autoDraw = True
15.0868 	EXP 	whitesquare: autoDraw = False
15.0876 	DATA 	wsqS
15.1030 	EXP 	whitesquare: autoDraw = True
15.1030 	EXP 	whitesquare: autoDraw = False
15.1037 	DATA 	wsqS
15.1202 	EXP 	whitesquare: autoDraw = True
15.1202 	EXP 	whitesquare: autoDraw = False
15.1210 	DATA 	wsqS
15.1363 	EXP 	whitesquare: autoDraw = True
15.1363 	EXP 	whitesquare: autoDraw = False
15.1371 	DATA 	wsqS
15.1534 	EXP 	whitesquare: autoDraw = True
15.1534 	EXP 	whitesquare: autoDraw = False
15.1543 	DATA 	wsqS
15.1697 	EXP 	whitesquare: autoDraw = True
15.1697 	EXP 	whitesquare: autoDraw = False
15.1707 	DATA 	wsqS
15.1868 	EXP 	whitesquare: autoDraw = True
15.1868 	EXP 	whitesquare: autoDraw = False
15.1876 	DATA 	wsqS
15.2033 	EXP 	whitesquare: autoDraw = True
15.2033 	EXP 	whitesquare: autoDraw = False
15.2040 	DATA 	wsqS
15.2201 	EXP 	whitesquare: autoDraw = True
15.2201 	EXP 	whitesquare: autoDraw = False
15.2208 	DATA 	wsqS
15.2364 	EXP 	whitesquare: autoDraw = True
15.2364 	EXP 	whitesquare: autoDraw = False
15.2373 	DATA 	wsqS
15.2534 	EXP 	whitesquare: autoDraw = True
15.2534 	EXP 	whitesquare: autoDraw = False
15.2542 	DATA 	wsqS
15.2698 	EXP 	whitesquare: autoDraw = True
15.2698 	EXP 	whitesquare: autoDraw = False
15.2707 	DATA 	wsqS
15.2872 	EXP 	whitesquare: autoDraw = True
15.2872 	EXP 	whitesquare: autoDraw = False
15.2880 	DATA 	wsqS
15.3031 	EXP 	whitesquare: autoDraw = True
15.3031 	EXP 	whitesquare: autoDraw = False
15.3039 	DATA 	wsqS
15.3202 	EXP 	whitesquare: autoDraw = True
15.3202 	EXP 	whitesquare: autoDraw = False
15.3210 	DATA 	wsqS
15.3364 	EXP 	whitesquare: autoDraw = True
15.3364 	EXP 	whitesquare: autoDraw = False
15.3372 	DATA 	wsqS
15.3535 	EXP 	whitesquare: autoDraw = True
15.3535 	EXP 	whitesquare: autoDraw = False
15.3544 	DATA 	wsqS
15.3698 	EXP 	whitesquare: autoDraw = True
15.3698 	EXP 	whitesquare: autoDraw = False
15.3707 	DATA 	wsqS
15.3869 	EXP 	whitesquare: autoDraw = True
15.3869 	EXP 	whitesquare: autoDraw = False
15.3880 	DATA 	wsqS
15.4031 	EXP 	whitesquare: autoDraw = True
15.4031 	EXP 	whitesquare: autoDraw = False
15.4040 	DATA 	wsqS
15.4202 	EXP 	whitesquare: autoDraw = True
15.4202 	EXP 	whitesquare: autoDraw = False
15.4210 	DATA 	wsqS
15.4365 	EXP 	whitesquare: autoDraw = True
15.4365 	EXP 	whitesquare: autoDraw = False
15.4374 	DATA 	wsqS
15.4535 	EXP 	whitesquare: autoDraw = True
15.4535 	EXP 	whitesquare: autoDraw = False
15.4543 	DATA 	wsqS
15.4699 	EXP 	whitesquare: autoDraw = True
15.4699 	EXP 	whitesquare: autoDraw = False
15.4708 	DATA 	wsqS
15.4869 	EXP 	whitesquare: autoDraw = True
15.4869 	EXP 	whitesquare: autoDraw = False
15.4876 	DATA 	wsqS
15.5033 	EXP 	whitesquare: autoDraw = True
15.5033 	EXP 	whitesquare: autoDraw = False
15.5040 	DATA 	wsqS
15.5205 	EXP 	whitesquare: autoDraw = True
15.5205 	EXP 	whitesquare: autoDraw = False
15.5214 	DATA 	wsqS
15.5366 	EXP 	whitesquare: autoDraw = True
15.5366 	EXP 	whitesquare: autoDraw = False
15.5374 	DATA 	wsqS
15.5536 	EXP 	whitesquare: autoDraw = True
15.5536 	EXP 	whitesquare: autoDraw = False
15.5545 	DATA 	wsqS
15.5699 	EXP 	whitesquare: autoDraw = True
15.5699 	EXP 	whitesquare: autoDraw = False
15.5708 	DATA 	wsqS
15.5870 	EXP 	whitesquare: autoDraw = True
15.5870 	EXP 	whitesquare: autoDraw = False
15.5878 	DATA 	wsqS
15.6033 	EXP 	whitesquare: autoDraw = True
15.6033 	EXP 	whitesquare: autoDraw = False
15.6041 	DATA 	wsqS
15.6204 	EXP 	whitesquare: autoDraw = True
15.6204 	EXP 	whitesquare: autoDraw = False
15.6212 	DATA 	wsqS
15.6366 	EXP 	whitesquare: autoDraw = True
15.6366 	EXP 	whitesquare: autoDraw = False
15.6374 	DATA 	wsqS
15.6537 	EXP 	whitesquare: autoDraw = True
15.6537 	EXP 	whitesquare: autoDraw = False
15.6546 	DATA 	wsqS
15.6699 	EXP 	whitesquare: autoDraw = True
15.6699 	EXP 	whitesquare: autoDraw = False
15.6708 	DATA 	wsqS
15.6870 	EXP 	whitesquare: autoDraw = True
15.6870 	EXP 	whitesquare: autoDraw = False
15.6878 	DATA 	wsqS
15.7033 	EXP 	whitesquare: autoDraw = True
15.7033 	EXP 	whitesquare: autoDraw = False
15.7041 	DATA 	wsqS
15.7203 	EXP 	whitesquare: autoDraw = True
15.7203 	EXP 	whitesquare: autoDraw = False
15.7212 	DATA 	wsqS
15.7367 	EXP 	whitesquare: autoDraw = True
15.7367 	EXP 	whitesquare: autoDraw = False
15.7374 	DATA 	wsqS
15.7536 	EXP 	whitesquare: autoDraw = True
15.7536 	EXP 	whitesquare: autoDraw = False
15.7545 	DATA 	wsqS
15.7701 	EXP 	whitesquare: autoDraw = True
15.7701 	EXP 	whitesquare: autoDraw = False
15.7710 	DATA 	wsqS
15.7870 	EXP 	whitesquare: autoDraw = True
15.7870 	EXP 	whitesquare: autoDraw = False
15.7879 	DATA 	wsqS
15.8037 	EXP 	whitesquare: autoDraw = True
15.8037 	EXP 	whitesquare: autoDraw = False
15.8045 	DATA 	wsqS
15.8204 	EXP 	whitesquare: autoDraw = True
15.8204 	EXP 	whitesquare: autoDraw = False
15.8212 	DATA 	wsqS
15.8367 	EXP 	whitesquare: autoDraw = True
15.8367 	EXP 	whitesquare: autoDraw = False
15.8375 	DATA 	wsqS
15.8537 	EXP 	whitesquare: autoDraw = True
15.8537 	EXP 	whitesquare: autoDraw = False
15.8546 	DATA 	wsqS
15.8700 	EXP 	whitesquare: autoDraw = True
15.8700 	EXP 	whitesquare: autoDraw = False
15.8709 	DATA 	wsqS
15.8873 	EXP 	whitesquare: autoDraw = True
15.8873 	EXP 	whitesquare: autoDraw = False
15.8880 	DATA 	wsqS
15.9034 	EXP 	whitesquare: autoDraw = True
15.9034 	EXP 	whitesquare: autoDraw = False
15.9043 	DATA 	wsqS
15.9205 	EXP 	whitesquare: autoDraw = True
15.9205 	EXP 	whitesquare: autoDraw = False
15.9213 	DATA 	wsqS
15.9367 	EXP 	whitesquare: autoDraw = True
15.9367 	EXP 	whitesquare: autoDraw = False
15.9375 	DATA 	wsqS
15.9376 	EXP 	Sound  started
16.9385 	EXP 	Sound  stopped
16.9388 	EXP 	Set  sound=./sound/left_speak.wav
16.9390 	EXP 	Set  sound=./sound/right_speak.wav
16.9391 	EXP 	Set  sound=./sound/up_speak.wav
16.9392 	EXP 	Set  sound=./sound/down_speak.wav
16.9547 	EXP 	whitesquare: autoDraw = True
16.9547 	EXP 	whitesquare: autoDraw = False
17.2292 	EXP 	window1: mouseVisible = True
4.7889 	WARNING 	User requested fullscreen with size [1024  768], but screen is actually [1280, 800]. Using actual size
5.4647 	EXP 	Created window1 = Window(allowGUI=False, allowStencil=False, args=UNKNOWN, autoLog=True, bitsMode=UNKNOWN, blendMode='avg', color=array([-1., -1., -1.]), colorSpace='rgb', fullscr=UNKNOWN, gamma=None, kwargs=UNKNOWN, lms=UNKNOWN, monitor=<psychopy.monitors.calibTools.Monitor object at 0x112e884e0>, multiSample=False, name='window1', numSamples=2, pos=[0.0, 0.0], screen=0, size=array([2560, 1600]), stereo=False, units='norm', useFBO=True, useRetina=True, viewOri=0.0, viewPos=None, viewScale=None, waitBlanking=True, winType='pyglet')
5.4648 	EXP 	window1: recordFrameIntervals = False
5.6304 	EXP 	window1: recordFrameIntervals = True
5.8138 	EXP 	window1: recordFrameIntervals = False
5.8227 	EXP 	<method-wrapper '__getattribute__' of attributeSetter object at 0x103f070b8>: vertices = array([[-0.25,  0.25],
       [ 0.25,  0.25],
       [ 0.25, -0.25],
       [-0.25, -0.25]])
5.8243 	EXP 	Created whitesquare = Rect(__class__=<class 'psychopy.visual.rect.Rect'>, autoDraw=False, autoLog=True, closeShape=True, contrast=1.0, depth=0.0, fillColor=array([1., 1., 1.]), fillColorSpace='rgb', fillRGB=array([1., 1., 1.]), interpolate=True, lineColor=array([1., 1., 1.]), lineColorSpace='rgb', lineRGB=array([1., 1., 1.]), lineWidth=1, name='whitesquare', opacity=0.9, ori=array(0.), pos=array([14.9, 11.2]), size=array([1., 1.]), units='cm', vertices=ndarray(...), win=Window(...))
5.9357 	EXP 	Created intro_text = TextStim(__class__=<class 'psychopy.visual.text.TextStim'>, alignHoriz='center', alignVert='center', antialias=True, autoLog=True, bold=False, color='white', colorSpace='named', contrast=1.0, depth=0.0, flipHoriz=False, flipVert=False, font='Arial', fontFiles=[], height=0.1, italic=False, name='intro_text', opacity=1.0, ori=0, pos=array([0., 0.]), rgb=array([255., 255., 255.]), text=str(...), units='norm', win=Window(...), wrapWidth=1)
5.9574 	EXP 	Created intro_text = TextStim(__class__=<class 'psychopy.visual.text.TextStim'>, alignHoriz='center', alignVert='center', antialias=True, autoLog=True, bold=False, color='white', colorSpace='named', contrast=1.0, depth=0.0, flipHoriz=False, flipVert=False, font='Arial', fontFiles=[], height=0.1, italic=False, name='intro_text', opacity=1.0, ori=0, pos=array([0., 0.]), rgb=array([255., 255., 255.]), text=str(...), units='norm', win=Window(...), wrapWidth=1)
5.9696 	EXP 	Created open_text = TextStim(__class__=<class 'psychopy.visual.text.TextStim'>, alignHoriz='center', alignVert='center', antialias=True, autoLog=True, bold=False, color='white', colorSpace='named', contrast=1.0, depth=0.0, flipHoriz=False, flipVert=False, font='Arial', fontFiles=[], height=0.1, italic=False, name='open_text', opacity=1.0, ori=0, pos=array([0., 0.]), rgb=array([255., 255., 255.]), text=str(...), units='norm', win=Window(...), wrapWidth=1)
5.9736 	EXP 	Created fixation = TextStim(__class__=<class 'psychopy.visual.text.TextStim'>, alignHoriz='center', alignVert='center', antialias=True, autoLog=True, bold=False, color='white', colorSpace='named', contrast=1.0, depth=-1.0, flipHoriz=False, flipVert=False, font='Arial', fontFiles=[], height=0.1, italic=False, name='fixation', opacity=1.0, ori=0, pos=array([0., 0.]), rgb=array([255., 255., 255.]), text='+\n', units='norm', win=Window(...), wrapWidth=1)
5.9849 	EXP 	Created close_text = TextStim(__class__=<class 'psychopy.visual.text.TextStim'>, alignHoriz='center', alignVert='center', antialias=True, autoLog=True, bold=False, color='white', colorSpace='named', contrast=1.0, depth=0.0, flipHoriz=False, flipVert=False, font='Arial', fontFiles=[], height=0.1, italic=False, name='close_text', opacity=1.0, ori=0, pos=array([0., 0.]), rgb=array([255., 255., 255.]), text=str(...), units='norm', win=Window(...), wrapWidth=1)
5.9874 	EXP 	Created blank = TextStim(__class__=<class 'psychopy.visual.text.TextStim'>, alignHoriz='center', alignVert='center', antialias=True, autoLog=True, bold=False, color='white', colorSpace='named', contrast=1.0, depth=-1.0, flipHoriz=False, flipVert=False, font='Arial', fontFiles=[], height=0.1, italic=False, name='blank', opacity=1.0, ori=0, pos=array([0., 0.]), rgb=array([255., 255., 255.]), text=' ', units='norm', win=Window(...), wrapWidth=1)
6.0376 	EXP 	Set  sound=./sound/open_speak.wav
6.0377 	EXP 	Set Sound  volume=1.000
6.0464 	EXP 	Created gaze_text = TextStim(__class__=<class 'psychopy.visual.text.TextStim'>, alignHoriz='center', alignVert='center', antialias=True, autoLog=True, bold=False, color='white', colorSpace='named', contrast=1.0, depth=0.0, flipHoriz=False, flipVert=False, font='Arial', fontFiles=[], height=0.1, italic=False, name='gaze_text', opacity=1.0, ori=0, pos=array([0., 0.]), rgb=array([255., 255., 255.]), text=str(...), units='norm', win=Window(...), wrapWidth=1)
6.0482 	EXP 	Created center = ShapeStim(__class__=<class 'psychopy.visual.shape.ShapeStim'>, autoDraw=False, autoLog=True, closeShape=True, contrast=1.0, depth=0.0, fillColor=array([1., 1., 1.]), fillColorSpace='rgb', interpolate=True, lineColor=array([1., 1., 1.]), lineColorSpace='rgb', lineWidth=1, name='center', opacity=1.0, ori=array(0.), pos=array([0., 0.]), size=array([0.5, 0.5]), units='cm', vertices=ndarray(...), win=Window(...), windingRule=None)
6.0491 	EXP 	Set  sound=./sound/left_speak.wav
6.0491 	EXP 	Set Sound  volume=1.000
6.0509 	EXP 	Created left = ShapeStim(__class__=<class 'psychopy.visual.shape.ShapeStim'>, autoDraw=False, autoLog=True, closeShape=True, contrast=1.0, depth=0.0, fillColor=array([1., 1., 1.]), fillColorSpace='rgb', interpolate=True, lineColor=array([1., 1., 1.]), lineColorSpace='rgb', lineWidth=1, name='left', opacity=1.0, ori=array(0.), pos=array([-10.,   0.]), size=array([0.5, 0.5]), units='cm', vertices=ndarray(...), win=Window(...), windingRule=None)
6.0516 	EXP 	Set  sound=./sound/right_speak.wav
6.0516 	EXP 	Set Sound  volume=1.000
6.0534 	EXP 	Created right = ShapeStim(__class__=<class 'psychopy.visual.shape.ShapeStim'>, autoDraw=False, autoLog=True, closeShape=True, contrast=1.0, depth=0.0, fillColor=array([1., 1., 1.]), fillColorSpace='rgb', interpolate=True, lineColor=array([1., 1., 1.]), lineColorSpace='rgb', lineWidth=1, name='right', opacity=1.0, ori=array(0.), pos=array([10.,  0.]), size=array([0.5, 0.5]), units='cm', vertices=ndarray(...), win=Window(...), windingRule=None)
6.0541 	EXP 	Set  sound=./sound/up_speak.wav
6.0541 	EXP 	Set Sound  volume=1.000
6.0559 	EXP 	Created up = ShapeStim(__class__=<class 'psychopy.visual.shape.ShapeStim'>, autoDraw=False, autoLog=True, closeShape=True, contrast=1.0, depth=0.0, fillColor=array([1., 1., 1.]), fillColorSpace='rgb', interpolate=True, lineColor=array([1., 1., 1.]), lineColorSpace='rgb', lineWidth=1, name='up', opacity=1.0, ori=array(0.), pos=array([ 0., 10.]), size=array([0.5, 0.5]), units='cm', vertices=ndarray(...), win=Window(...), windingRule=None)
6.0567 	EXP 	Set  sound=./sound/down_speak.wav
6.0567 	EXP 	Set Sound  volume=1.000
6.0585 	EXP 	Created down = ShapeStim(__class__=<class 'psychopy.visual.shape.ShapeStim'>, autoDraw=False, autoLog=True, closeShape=True, contrast=1.0, depth=0.0, fillColor=array([1., 1., 1.]), fillColorSpace='rgb', interpolate=True, lineColor=array([1., 1., 1.]), lineColorSpace='rgb', lineWidth=1, name='down', opacity=1.0, ori=array(0.), pos=array([  0., -10.]), size=array([0.5, 0.5]), units='cm', vertices=ndarray(...), win=Window(...), windingRule=None)
6.0670 	EXP 	Created esc = TextStim(__class__=<class 'psychopy.visual.text.TextStim'>, alignHoriz='center', alignVert='center', antialias=True, autoLog=True, bold=False, color='white', colorSpace='named', contrast=1.0, depth=0.0, flipHoriz=False, flipVert=False, font='Arial', fontFiles=[], height=0.1, italic=False, name='esc', opacity=1.0, ori=0, pos=array([0., 0.]), rgb=array([255., 255., 255.]), text="End of test\n\nPress 'esc'", units='norm', win=Window(...), wrapWidth=1)
6.0987 	EXP 	intro_text: autoDraw = True
6.0987 	EXP 	whitesquare: autoDraw = True
6.6686 	DATA 	Keypress: space
6.6805 	EXP 	intro_text: autoDraw = False
6.6805 	EXP 	whitesquare: autoDraw = False
6.6805 	EXP 	intro_text: autoDraw = True
6.9007 	DATA 	Keypress: space
6.9140 	EXP 	intro_text: autoDraw = False
9.4005 	DATA 	wsqS
9.4155 	EXP 	whitesquare: autoDraw = True
9.4162 	DATA 	wsqS
9.4321 	EXP 	whitesquare: autoDraw = True
9.4321 	EXP 	whitesquare: autoDraw = False
9.4330 	DATA 	wsqS
9.4485 	EXP 	whitesquare: autoDraw = True
9.4485 	EXP 	whitesquare: autoDraw = False
9.4493 	DATA 	wsqS
9.4657 	EXP 	whitesquare: autoDraw = True
9.4657 	EXP 	whitesquare: autoDraw = False
9.4661 	DATA 	wsqS
9.4819 	EXP 	whitesquare: autoDraw = True
9.4819 	EXP 	whitesquare: autoDraw = False
9.4826 	DATA 	wsqS
9.4992 	EXP 	whitesquare: autoDraw = True
9.4992 	EXP 	whitesquare: autoDraw = False
9.4997 	DATA 	wsqS
9.5155 	EXP 	whitesquare: autoDraw = True
9.5155 	EXP 	whitesquare: autoDraw = False
9.5162 	DATA 	wsqS
9.5322 	EXP 	whitesquare: autoDraw = True
9.5322 	EXP 	whitesquare: autoDraw = False
9.5330 	DATA 	wsqS
9.5486 	EXP 	whitesquare: autoDraw = True
9.5486 	EXP 	whitesquare: autoDraw = False
9.5493 	DATA 	wsqS
9.5659 	EXP 	whitesquare: autoDraw = True
9.5659 	EXP 	whitesquare: autoDraw = False
9.5667 	DATA 	wsqS
9.5818 	EXP 	whitesquare: autoDraw = True
9.5818 	EXP 	whitesquare: autoDraw = False
9.5827 	DATA 	wsqS
9.5991 	EXP 	whitesquare: autoDraw = True
9.5991 	EXP 	whitesquare: autoDraw = False
9.5998 	DATA 	wsqS
9.6152 	EXP 	whitesquare: autoDraw = True
9.6152 	EXP 	whitesquare: autoDraw = False
9.6161 	DATA 	wsqS
9.6323 	EXP 	whitesquare: autoDraw = True
9.6323 	EXP 	whitesquare: autoDraw = False
9.6332 	DATA 	wsqS
9.6487 	EXP 	whitesquare: autoDraw = True
9.6487 	EXP 	whitesquare: autoDraw = False
9.6496 	DATA 	wsqS
9.6657 	EXP 	whitesquare: autoDraw = True
9.6657 	EXP 	whitesquare: autoDraw = False
9.6665 	DATA 	wsqS
9.6820 	EXP 	whitesquare: autoDraw = True
9.6820 	EXP 	whitesquare: autoDraw = False
9.6828 	DATA 	wsqS
9.6992 	EXP 	whitesquare: autoDraw = True
9.6992 	EXP 	whitesquare: autoDraw = False
9.6999 	DATA 	wsqS
9.7152 	EXP 	whitesquare: autoDraw = True
9.7152 	EXP 	whitesquare: autoDraw = False
9.7162 	DATA 	wsqS
9.7323 	EXP 	whitesquare: autoDraw = True
9.7323 	EXP 	whitesquare: autoDraw = False
9.7330 	DATA 	wsqS
9.7487 	EXP 	whitesquare: autoDraw = True
9.7487 	EXP 	whitesquare: autoDraw = False
9.7494 	DATA 	wsqS
9.7656 	EXP 	whitesquare: autoDraw = True
9.7656 	EXP 	whitesquare: autoDraw = False
9.7665 	DATA 	wsqS
9.7821 	EXP 	whitesquare: autoDraw = True
9.7821 	EXP 	whitesquare: autoDraw = False
9.7829 	DATA 	wsqS
9.7990 	EXP 	whitesquare: autoDraw = True
9.7990 	EXP 	whitesquare: autoDraw = False
9.7999 	DATA 	wsqS
9.8153 	EXP 	whitesquare: autoDraw = True
9.8153 	EXP 	whitesquare: autoDraw = False
9.8162 	DATA 	wsqS
9.8323 	EXP 	whitesquare: autoDraw = True
9.8323 	EXP 	whitesquare: autoDraw = False
9.8333 	DATA 	wsqS
9.8486 	EXP 	whitesquare: autoDraw = True
9.8486 	EXP 	whitesquare: autoDraw = False
9.8495 	DATA 	wsqS
9.8657 	EXP 	whitesquare: autoDraw = True
9.8657 	EXP 	whitesquare: autoDraw = False
9.8666 	DATA 	wsqS
9.8820 	EXP 	whitesquare: autoDraw = True
9.8820 	EXP 	whitesquare: autoDraw = False
9.8827 	DATA 	wsqS
9.8994 	EXP 	whitesquare: autoDraw = True
9.8994 	EXP 	whitesquare: autoDraw = False
9.9002 	DATA 	wsqS
9.9153 	EXP 	whitesquare: autoDraw = True
9.9153 	EXP 	whitesquare: autoDraw = False
9.9162 	DATA 	wsqS
9.9325 	EXP 	whitesquare: autoDraw = True
9.9325 	EXP 	whitesquare: autoDraw = False
9.9333 	DATA 	wsqS
9.9487 	EXP 	whitesquare: autoDraw = True
9.9487 	EXP 	whitesquare: autoDraw = False
9.9494 	DATA 	wsqS
9.9659 	EXP 	whitesquare: autoDraw = True
9.9659 	EXP 	whitesquare: autoDraw = False
9.9666 	DATA 	wsqS
9.9821 	EXP 	whitesquare: autoDraw = True
9.9821 	EXP 	whitesquare: autoDraw = False
9.9829 	DATA 	wsqS
9.9992 	EXP 	whitesquare: autoDraw = True
9.9992 	EXP 	whitesquare: autoDraw = False
10.0000 	DATA 	wsqS
10.0155 	EXP 	whitesquare: autoDraw = True
10.0155 	EXP 	whitesquare: autoDraw = False
10.0163 	DATA 	wsqS
10.0325 	EXP 	whitesquare: autoDraw = True
10.0325 	EXP 	whitesquare: autoDraw = False
10.0333 	DATA 	wsqS
10.0488 	EXP 	whitesquare: autoDraw = True
10.0488 	EXP 	whitesquare: autoDraw = False
10.0495 	DATA 	wsqS
10.0658 	EXP 	whitesquare: autoDraw = True
10.0658 	EXP 	whitesquare: autoDraw = False
10.0666 	DATA 	wsqS
10.0822 	EXP 	whitesquare: autoDraw = True
10.0822 	EXP 	whitesquare: autoDraw = False
10.0834 	DATA 	wsqS
10.0993 	EXP 	whitesquare: autoDraw = True
10.0993 	EXP 	whitesquare: autoDraw = False
10.1001 	DATA 	wsqS
10.1156 	EXP 	whitesquare: autoDraw = True
10.1156 	EXP 	whitesquare: autoDraw = False
10.1163 	DATA 	wsqS
10.1328 	EXP 	whitesquare: autoDraw = True
10.1328 	EXP 	whitesquare: autoDraw = False
10.1334 	DATA 	wsqS
10.1488 	EXP 	whitesquare: autoDraw = True
10.1488 	EXP 	whitesquare: autoDraw = False
10.1496 	DATA 	wsqS
10.1659 	EXP 	whitesquare: autoDraw = True
10.1659 	EXP 	whitesquare: autoDraw = False
10.1667 	DATA 	wsqS
10.1822 	EXP 	whitesquare: autoDraw = True
10.1822 	EXP 	whitesquare: autoDraw = False
10.1830 	DATA 	wsqS
10.1993 	EXP 	whitesquare: autoDraw = True
10.1993 	EXP 	whitesquare: autoDraw = False
10.2002 	DATA 	wsqS
10.2155 	EXP 	whitesquare: autoDraw = True
10.2155 	EXP 	whitesquare: autoDraw = False
10.2163 	DATA 	wsqS
10.2325 	EXP 	whitesquare: autoDraw = True
10.2325 	EXP 	whitesquare: autoDraw = False
10.2334 	DATA 	wsqS
10.2489 	EXP 	whitesquare: autoDraw = True
10.2489 	EXP 	whitesquare: autoDraw = False
10.2497 	DATA 	wsqS
10.2659 	EXP 	whitesquare: autoDraw = True
10.2659 	EXP 	whitesquare: autoDraw = False
10.2667 	DATA 	wsqS
10.2823 	EXP 	whitesquare: autoDraw = True
10.2823 	EXP 	whitesquare: autoDraw = False
10.2831 	DATA 	wsqS
10.2992 	EXP 	whitesquare: autoDraw = True
10.2992 	EXP 	whitesquare: autoDraw = False
10.3001 	DATA 	wsqS
10.3156 	EXP 	whitesquare: autoDraw = True
10.3156 	EXP 	whitesquare: autoDraw = False
10.3164 	DATA 	wsqS
10.3326 	EXP 	whitesquare: autoDraw = True
10.3326 	EXP 	whitesquare: autoDraw = False
10.3334 	DATA 	wsqS
10.3489 	EXP 	whitesquare: autoDraw = True
10.3489 	EXP 	whitesquare: autoDraw = False
10.3496 	DATA 	wsqS
10.3659 	EXP 	whitesquare: autoDraw = True
10.3659 	EXP 	whitesquare: autoDraw = False
10.3668 	DATA 	wsqS
10.3822 	EXP 	whitesquare: autoDraw = True
10.3822 	EXP 	whitesquare: autoDraw = False
10.3830 	DATA 	wsqS
10.3993 	EXP 	whitesquare: autoDraw = True
10.3993 	EXP 	whitesquare: autoDraw = False
10.4001 	DATA 	wsqS
10.4156 	EXP 	whitesquare: autoDraw = True
10.4156 	EXP 	whitesquare: autoDraw = False
10.4163 	DATA 	wsqS
10.4327 	EXP 	whitesquare: autoDraw = True
10.4327 	EXP 	whitesquare: autoDraw = False
10.4335 	DATA 	wsqS
10.4490 	EXP 	whitesquare: autoDraw = True
10.4490 	EXP 	whitesquare: autoDraw = False
10.4497 	DATA 	wsqS
10.4660 	EXP 	whitesquare: autoDraw = True
10.4660 	EXP 	whitesquare: autoDraw = False
10.4668 	DATA 	wsqS
10.4823 	EXP 	whitesquare: autoDraw = True
10.4823 	EXP 	whitesquare: autoDraw = False
10.4831 	DATA 	wsqS
10.4993 	EXP 	whitesquare: autoDraw = True
10.4993 	EXP 	whitesquare: autoDraw = False
10.5001 	DATA 	wsqS
10.5157 	EXP 	whitesquare: autoDraw = True
10.5157 	EXP 	whitesquare: autoDraw = False
10.5163 	DATA 	wsqS
10.5326 	EXP 	whitesquare: autoDraw = True
10.5326 	EXP 	whitesquare: autoDraw = False
10.5334 	DATA 	wsqS
10.5491 	EXP 	whitesquare: autoDraw = True
10.5491 	EXP 	whitesquare: autoDraw = False
10.5497 	DATA 	wsqS
10.5660 	EXP 	whitesquare: autoDraw = True
10.5660 	EXP 	whitesquare: autoDraw = False
10.5667 	DATA 	wsqS
10.5824 	EXP 	whitesquare: autoDraw = True
10.5824 	EXP 	whitesquare: autoDraw = False
10.5831 	DATA 	wsqS
10.5993 	EXP 	whitesquare: autoDraw = True
10.5993 	EXP 	whitesquare: autoDraw = False
10.6001 	DATA 	wsqS
10.6156 	EXP 	whitesquare: autoDraw = True
10.6156 	EXP 	whitesquare: autoDraw = False
10.6164 	DATA 	wsqS
10.6327 	EXP 	whitesquare: autoDraw = True
10.6327 	EXP 	whitesquare: autoDraw = False
10.6335 	DATA 	wsqS
10.6491 	EXP 	whitesquare: autoDraw = True
10.6491 	EXP 	whitesquare: autoDraw = False
10.6498 	DATA 	wsqS
10.6660 	EXP 	whitesquare: autoDraw = True
10.6660 	EXP 	whitesquare: autoDraw = False
10.6668 	DATA 	wsqS
10.6824 	EXP 	whitesquare: autoDraw = True
10.6824 	EXP 	whitesquare: autoDraw = False
10.6831 	DATA 	wsqS
10.6994 	EXP 	whitesquare: autoDraw = True
10.6994 	EXP 	whitesquare: autoDraw = False
10.7002 	DATA 	wsqS
10.7157 	EXP 	whitesquare: autoDraw = True
10.7157 	EXP 	whitesquare: autoDraw = False
10.7165 	DATA 	wsqS
10.7328 	EXP 	whitesquare: autoDraw = True
10.7328 	EXP 	whitesquare: autoDraw = False
10.7336 	DATA 	wsqS
10.7491 	EXP 	whitesquare: autoDraw = True
10.7491 	EXP 	whitesquare: autoDraw = False
10.7498 	DATA 	wsqS
10.7661 	EXP 	whitesquare: autoDraw = True
10.7661 	EXP 	whitesquare: autoDraw = False
10.7668 	DATA 	wsqS
10.7824 	EXP 	whitesquare: autoDraw = True
10.7824 	EXP 	whitesquare: autoDraw = False
10.7833 	DATA 	wsqS
10.7994 	EXP 	whitesquare: autoDraw = True
10.7994 	EXP 	whitesquare: autoDraw = False
10.8002 	DATA 	wsqS
10.8158 	EXP 	whitesquare: autoDraw = True
10.8158 	EXP 	whitesquare: autoDraw = False
10.8166 	DATA 	wsqS
10.8328 	EXP 	whitesquare: autoDraw = True
10.8328 	EXP 	whitesquare: autoDraw = False
10.8334 	DATA 	wsqS
10.8494 	EXP 	whitesquare: autoDraw = True
10.8494 	EXP 	whitesquare: autoDraw = False
10.8500 	DATA 	wsqS
10.8661 	EXP 	whitesquare: autoDraw = True
10.8661 	EXP 	whitesquare: autoDraw = False
10.8669 	DATA 	wsqS
10.8825 	EXP 	whitesquare: autoDraw = True
10.8825 	EXP 	whitesquare: autoDraw = False
10.8832 	DATA 	wsqS
10.8994 	EXP 	whitesquare: autoDraw = True
10.8994 	EXP 	whitesquare: autoDraw = False
10.9004 	DATA 	wsqS
10.9158 	EXP 	whitesquare: autoDraw = True
10.9158 	EXP 	whitesquare: autoDraw = False
10.9166 	DATA 	wsqS
10.9329 	EXP 	whitesquare: autoDraw = True
10.9329 	EXP 	whitesquare: autoDraw = False
10.9336 	DATA 	wsqS
10.9492 	EXP 	whitesquare: autoDraw = True
10.9492 	EXP 	whitesquare: autoDraw = False
10.9501 	DATA 	wsqS
10.9663 	EXP 	whitesquare: autoDraw = True
10.9663 	EXP 	whitesquare: autoDraw = False
10.9671 	DATA 	wsqS
10.9825 	EXP 	whitesquare: autoDraw = True
10.9825 	EXP 	whitesquare: autoDraw = False
10.9834 	DATA 	wsqS
10.9996 	EXP 	whitesquare: autoDraw = True
10.9996 	EXP 	whitesquare: autoDraw = False
11.0004 	DATA 	wsqS
11.0159 	EXP 	whitesquare: autoDraw = True
11.0159 	EXP 	whitesquare: autoDraw = False
11.0166 	DATA 	wsqS
11.0331 	EXP 	whitesquare: autoDraw = True
11.0331 	EXP 	whitesquare: autoDraw = False
11.0339 	DATA 	wsqS
11.0492 	EXP 	whitesquare: autoDraw = True
11.0492 	EXP 	whitesquare: autoDraw = False
11.0499 	DATA 	wsqS
11.0662 	EXP 	whitesquare: autoDraw = True
11.0662 	EXP 	whitesquare: autoDraw = False
11.0670 	DATA 	wsqS
11.0827 	EXP 	whitesquare: autoDraw = True
11.0827 	EXP 	whitesquare: autoDraw = False
11.0835 	DATA 	wsqS
11.0999 	EXP 	whitesquare: autoDraw = True
11.0999 	EXP 	whitesquare: autoDraw = False
11.1005 	DATA 	wsqS
11.1160 	EXP 	whitesquare: autoDraw = True
11.1160 	EXP 	whitesquare: autoDraw = False
11.1168 	DATA 	wsqS
11.1329 	EXP 	whitesquare: autoDraw = True
11.1329 	EXP 	whitesquare: autoDraw = False
11.1338 	DATA 	wsqS
11.1493 	EXP 	whitesquare: autoDraw = True
11.1493 	EXP 	whitesquare: autoDraw = False
11.1500 	DATA 	wsqS
11.1663 	EXP 	whitesquare: autoDraw = True
11.1663 	EXP 	whitesquare: autoDraw = False
11.1672 	DATA 	wsqS
11.1828 	EXP 	whitesquare: autoDraw = True
11.1828 	EXP 	whitesquare: autoDraw = False
11.1836 	DATA 	wsqS
11.1997 	EXP 	whitesquare: autoDraw = True
11.1997 	EXP 	whitesquare: autoDraw = False
11.2005 	DATA 	wsqS
11.2159 	EXP 	whitesquare: autoDraw = True
11.2159 	EXP 	whitesquare: autoDraw = False
11.2168 	DATA 	wsqS
11.2330 	EXP 	whitesquare: autoDraw = True
11.2330 	EXP 	whitesquare: autoDraw = False
11.2339 	DATA 	wsqS
11.2493 	EXP 	whitesquare: autoDraw = True
11.2493 	EXP 	whitesquare: autoDraw = False
11.2501 	DATA 	wsqS
11.2664 	EXP 	whitesquare: autoDraw = True
11.2664 	EXP 	whitesquare: autoDraw = False
11.2672 	DATA 	wsqS
11.2826 	EXP 	whitesquare: autoDraw = True
11.2826 	EXP 	whitesquare: autoDraw = False
11.2834 	DATA 	wsqS
11.2996 	EXP 	whitesquare: autoDraw = True
11.2996 	EXP 	whitesquare: autoDraw = False
11.3004 	DATA 	wsqS
11.3161 	EXP 	whitesquare: autoDraw = True
11.3161 	EXP 	whitesquare: autoDraw = False
11.3167 	DATA 	wsqS
11.3330 	EXP 	whitesquare: autoDraw = True
11.3330 	EXP 	whitesquare: autoDraw = False
11.3337 	DATA 	wsqS
11.3494 	EXP 	whitesquare: autoDraw = True
11.3494 	EXP 	whitesquare: autoDraw = False
11.3501 	DATA 	wsqS
11.3667 	EXP 	whitesquare: autoDraw = True
11.3667 	EXP 	whitesquare: autoDraw = False
11.3674 	DATA 	wsqS
11.3827 	EXP 	whitesquare: autoDraw = True
11.3827 	EXP 	whitesquare: autoDraw = False
11.3835 	DATA 	wsqS
11.3997 	EXP 	whitesquare: autoDraw = True
11.3997 	EXP 	whitesquare: autoDraw = False
11.4005 	DATA 	wsqS
11.4015 	EXP 	Set  sound=./sound/open_speak.wav
11.4160 	EXP 	whitesquare: autoDraw = True
11.4160 	EXP 	whitesquare: autoDraw = False
13.9025 	DATA 	wsqS
13.9173 	EXP 	whitesquare: autoDraw = True
13.9180 	DATA 	wsqS
13.9343 	EXP 	whitesquare: autoDraw = True
13.9343 	EXP 	whitesquare: autoDraw = False
13.9350 	DATA 	wsqS
13.9506 	EXP 	whitesquare: autoDraw = True
13.9506 	EXP 	whitesquare: autoDraw = False
13.9513 	DATA 	wsqS
13.9676 	EXP 	whitesquare: autoDraw = True
13.9676 	EXP 	whitesquare: autoDraw = False
13.9685 	DATA 	wsqS
13.9840 	EXP 	whitesquare: autoDraw = True
13.9840 	EXP 	whitesquare: autoDraw = False
13.9849 	DATA 	wsqS
14.0013 	EXP 	whitesquare: autoDraw = True
14.0013 	EXP 	whitesquare: autoDraw = False
14.0020 	DATA 	wsqS
14.0174 	EXP 	whitesquare: autoDraw = True
14.0174 	EXP 	whitesquare: autoDraw = False
14.0183 	DATA 	wsqS
14.0343 	EXP 	whitesquare: autoDraw = True
14.0343 	EXP 	whitesquare: autoDraw = False
14.0352 	DATA 	wsqS
14.0506 	EXP 	whitesquare: autoDraw = True
14.0506 	EXP 	whitesquare: autoDraw = False
14.0514 	DATA 	wsqS
14.0679 	EXP 	whitesquare: autoDraw = True
14.0679 	EXP 	whitesquare: autoDraw = False
14.0685 	DATA 	wsqS
14.0839 	EXP 	whitesquare: autoDraw = True
14.0839 	EXP 	whitesquare: autoDraw = False
14.0848 	DATA 	wsqS
14.1010 	EXP 	whitesquare: autoDraw = True
14.1010 	EXP 	whitesquare: autoDraw = False
14.1019 	DATA 	wsqS
14.1173 	EXP 	whitesquare: autoDraw = True
14.1173 	EXP 	whitesquare: autoDraw = False
14.1181 	DATA 	wsqS
14.1346 	EXP 	whitesquare: autoDraw = True
14.1346 	EXP 	whitesquare: autoDraw = False
14.1354 	DATA 	wsqS
14.1506 	EXP 	whitesquare: autoDraw = True
14.1506 	EXP 	whitesquare: autoDraw = False
14.1515 	DATA 	wsqS
14.1679 	EXP 	whitesquare: autoDraw = True
14.1679 	EXP 	whitesquare: autoDraw = False
14.1687 	DATA 	wsqS
14.1840 	EXP 	whitesquare: autoDraw = True
14.1840 	EXP 	whitesquare: autoDraw = False
14.1849 	DATA 	wsqS
14.2010 	EXP 	whitesquare: autoDraw = True
14.2010 	EXP 	whitesquare: autoDraw = False
14.2019 	DATA 	wsqS
14.2174 	EXP 	whitesquare: autoDraw = True
14.2174 	EXP 	whitesquare: autoDraw = False
14.2182 	DATA 	wsqS
14.2345 	EXP 	whitesquare: autoDraw = True
14.2345 	EXP 	whitesquare: autoDraw = False
14.2353 	DATA 	wsqS
14.2508 	EXP 	whitesquare: autoDraw = True
14.2508 	EXP 	whitesquare: autoDraw = False
14.2516 	DATA 	wsqS
14.2677 	EXP 	whitesquare: autoDraw = True
14.2677 	EXP 	whitesquare: autoDraw = False
14.2686 	DATA 	wsqS
14.2841 	EXP 	whitesquare: autoDraw = True
14.2841 	EXP 	whitesquare: autoDraw = False
14.2856 	DATA 	wsqS
14.3011 	EXP 	whitesquare: autoDraw = True
14.3011 	EXP 	whitesquare: autoDraw = False
14.3018 	DATA 	wsqS
14.3174 	EXP 	whitesquare: autoDraw = True
14.3174 	EXP 	whitesquare: autoDraw = False
14.3181 	DATA 	wsqS
14.3344 	EXP 	whitesquare: autoDraw = True
14.3344 	EXP 	whitesquare: autoDraw = False
14.3353 	DATA 	wsqS
14.3510 	EXP 	whitesquare: autoDraw = True
14.3510 	EXP 	whitesquare: autoDraw = False
14.3517 	DATA 	wsqS
14.3678 	EXP 	whitesquare: autoDraw = True
14.3678 	EXP 	whitesquare: autoDraw = False
14.3686 	DATA 	wsqS
14.3841 	EXP 	whitesquare: autoDraw = True
14.3841 	EXP 	whitesquare: autoDraw = False
14.3848 	DATA 	wsqS
14.4013 	EXP 	whitesquare: autoDraw = True
14.4013 	EXP 	whitesquare: autoDraw = False
14.4020 	DATA 	wsqS
14.4175 	EXP 	whitesquare: autoDraw = True
14.4175 	EXP 	whitesquare: autoDraw = False
14.4182 	DATA 	wsqS
14.4345 	EXP 	whitesquare: autoDraw = True
14.4345 	EXP 	whitesquare: autoDraw = False
14.4354 	DATA 	wsqS
14.4508 	EXP 	whitesquare: autoDraw = True
14.4508 	EXP 	whitesquare: autoDraw = False
14.4515 	DATA 	wsqS
14.4679 	EXP 	whitesquare: autoDraw = True
14.4679 	EXP 	whitesquare: autoDraw = False
14.4687 	DATA 	wsqS
14.4842 	EXP 	whitesquare: autoDraw = True
14.4842 	EXP 	whitesquare: autoDraw = False
14.4850 	DATA 	wsqS
14.5015 	EXP 	whitesquare: autoDraw = True
14.5015 	EXP 	whitesquare: autoDraw = False
14.5021 	DATA 	wsqS
14.5176 	EXP 	whitesquare: autoDraw = True
14.5176 	EXP 	whitesquare: autoDraw = False
14.5184 	DATA 	wsqS
14.5345 	EXP 	whitesquare: autoDraw = True
14.5345 	EXP 	whitesquare: autoDraw = False
14.5353 	DATA 	wsqS
14.5510 	EXP 	whitesquare: autoDraw = True
14.5510 	EXP 	whitesquare: autoDraw = False
14.5518 	DATA 	wsqS
14.5679 	EXP 	whitesquare: autoDraw = True
14.5679 	EXP 	whitesquare: autoDraw = False
14.5687 	DATA 	wsqS
14.5842 	EXP 	whitesquare: autoDraw = True
14.5842 	EXP 	whitesquare: autoDraw = False
14.5850 	DATA 	wsqS
14.6012 	EXP 	whitesquare: autoDraw = True
14.6012 	EXP 	whitesquare: autoDraw = False
14.6021 	DATA 	wsqS
14.6175 	EXP 	whitesquare: autoDraw = True
14.6175 	EXP 	whitesquare: autoDraw = False
14.6184 	DATA 	wsqS
14.6346 	EXP 	whitesquare: autoDraw = True
14.6346 	EXP 	whitesquare: autoDraw = False
14.6355 	DATA 	wsqS
14.6510 	EXP 	whitesquare: autoDraw = True
14.6510 	EXP 	whitesquare: autoDraw = False
14.6518 	DATA 	wsqS
14.6680 	EXP 	whitesquare: autoDraw = True
14.6680 	EXP 	whitesquare: autoDraw = False
14.6689 	DATA 	wsqS
14.6843 	EXP 	whitesquare: autoDraw = True
14.6843 	EXP 	whitesquare: autoDraw = False
14.6851 	DATA 	wsqS
14.7013 	EXP 	whitesquare: autoDraw = True
14.7013 	EXP 	whitesquare: autoDraw = False
14.7021 	DATA 	wsqS
14.7176 	EXP 	whitesquare: autoDraw = True
14.7176 	EXP 	whitesquare: autoDraw = False
14.7185 	DATA 	wsqS
14.7347 	EXP 	whitesquare: autoDraw = True
14.7347 	EXP 	whitesquare: autoDraw = False
14.7355 	DATA 	wsqS
14.7515 	EXP 	whitesquare: autoDraw = True
14.7515 	EXP 	whitesquare: autoDraw = False
14.7522 	DATA 	wsqS
14.7679 	EXP 	whitesquare: autoDraw = True
14.7679 	EXP 	whitesquare: autoDraw = False
14.7688 	DATA 	wsqS
14.7844 	EXP 	whitesquare: autoDraw = True
14.7844 	EXP 	whitesquare: autoDraw = False
14.7851 	DATA 	wsqS
14.8013 	EXP 	whitesquare: autoDraw = True
14.8013 	EXP 	whitesquare: autoDraw = False
14.8021 	DATA 	wsqS
14.8177 	EXP 	whitesquare: autoDraw = True
14.8177 	EXP 	whitesquare: autoDraw = False
14.8185 	DATA 	wsqS
14.8353 	EXP 	whitesquare: autoDraw = True
14.8353 	EXP 	whitesquare: autoDraw = False
14.8360 	DATA 	wsqS
14.8510 	EXP 	whitesquare: autoDraw = True
14.8510 	EXP 	whitesquare: autoDraw = False
14.8519 	DATA 	wsqS
14.8681 	EXP 	whitesquare: autoDraw = True
14.8681 	EXP 	whitesquare: autoDraw = False
14.8688 	DATA 	wsqS
14.8844 	EXP 	whitesquare: autoDraw = True
14.8844 	EXP 	whitesquare: autoDraw = False
14.8852 	DATA 	wsqS
14.9014 	EXP 	whitesquare: autoDraw = True
14.9014 	EXP 	whitesquare: autoDraw = False
14.9022 	DATA 	wsqS
14.9177 	EXP 	whitesquare: autoDraw = True
14.9177 	EXP 	whitesquare: autoDraw = False
14.9184 	DATA 	wsqS
14.9347 	EXP 	whitesquare: autoDraw = True
14.9347 	EXP 	whitesquare: autoDraw = False
14.9355 	DATA 	wsqS
14.9510 	EXP 	whitesquare: autoDraw = True
14.9510 	EXP 	whitesquare: autoDraw = False
14.9517 	DATA 	wsqS
14.9683 	EXP 	whitesquare: autoDraw = True
14.9683 	EXP 	whitesquare: autoDraw = False
14.9690 	DATA 	wsqS
14.9844 	EXP 	whitesquare: autoDraw = True
14.9844 	EXP 	whitesquare: autoDraw = False
14.9853 	DATA 	wsqS
15.0014 	EXP 	whitesquare: autoDraw = True
15.0014 	EXP 	whitesquare: autoDraw = False
15.0022 	DATA 	wsqS
15.0178 	EXP 	whitesquare: autoDraw = True
15.0178 	EXP 	whitesquare: autoDraw = False
15.0184 	DATA 	wsqS
15.0347 	EXP 	whitesquare: autoDraw = True
15.0347 	EXP 	whitesquare: autoDraw = False
15.0355 	DATA 	wsqS
15.0511 	EXP 	whitesquare: autoDraw = True
15.0511 	EXP 	whitesquare: autoDraw = False
15.0519 	DATA 	wsqS
15.0681 	EXP 	whitesquare: autoDraw = True
15.0681 	EXP 	whitesquare: autoDraw = False
15.0688 	DATA 	wsqS
15.0845 	EXP 	whitesquare: autoDraw = True
15.0845 	EXP 	whitesquare: autoDraw = False
15.0853 	DATA 	wsqS
15.1014 	EXP 	whitesquare: autoDraw = True
15.1014 	EXP 	whitesquare: autoDraw = False
15.1022 	DATA 	wsqS
15.1178 	EXP 	whitesquare: autoDraw = True
15.1178 	EXP 	whitesquare: autoDraw = False
15.1186 	DATA 	wsqS
15.1348 	EXP 	whitesquare: autoDraw = True
15.1348 	EXP 	whitesquare: autoDraw = False
15.1356 	DATA 	wsqS
15.1511 	EXP 	whitesquare: autoDraw = True
15.1511 	EXP 	whitesquare: autoDraw = False
15.1519 	DATA 	wsqS
15.1686 	EXP 	whitesquare: autoDraw = True
15.1686 	EXP 	whitesquare: autoDraw = False
15.1694 	DATA 	wsqS
15.1845 	EXP 	whitesquare: autoDraw = True
15.1845 	EXP 	whitesquare: autoDraw = False
15.1853 	DATA 	wsqS
15.2016 	EXP 	whitesquare: autoDraw = True
15.2016 	EXP 	whitesquare: autoDraw = False
15.2024 	DATA 	wsqS
15.2178 	EXP 	whitesquare: autoDraw = True
15.2178 	EXP 	whitesquare: autoDraw = False
15.2187 	DATA 	wsqS
15.2348 	EXP 	whitesquare: autoDraw = True
15.2348 	EXP 	whitesquare: autoDraw = False
15.2357 	DATA 	wsqS
15.2512 	EXP 	whitesquare: autoDraw = True
15.2512 	EXP 	whitesquare: autoDraw = False
15.2520 	DATA 	wsqS
15.2682 	EXP 	whitesquare: autoDraw = True
15.2682 	EXP 	whitesquare: autoDraw = False
15.2692 	DATA 	wsqS
15.2850 	EXP 	whitesquare: autoDraw = True
15.2850 	EXP 	whitesquare: autoDraw = False
15.2855 	DATA 	wsqS
15.3020 	EXP 	whitesquare: autoDraw = True
15.3020 	EXP 	whitesquare: autoDraw = False
15.3025 	DATA 	wsqS
15.3179 	EXP 	whitesquare: autoDraw = True
15.3179 	EXP 	whitesquare: autoDraw = False
15.3187 	DATA 	wsqS
15.3349 	EXP 	whitesquare: autoDraw = True
15.3349 	EXP 	whitesquare: autoDraw = False
15.3357 	DATA 	wsqS
15.3513 	EXP 	whitesquare: autoDraw = True
15.3513 	EXP 	whitesquare: autoDraw = False
15.3519 	DATA 	wsqS
15.3682 	EXP 	whitesquare: autoDraw = True
15.3682 	EXP 	whitesquare: autoDraw = False
15.3692 	DATA 	wsqS
15.3845 	EXP 	whitesquare: autoDraw = True
15.3845 	EXP 	whitesquare: autoDraw = False
15.3853 	DATA 	wsqS
15.4016 	EXP 	whitesquare: autoDraw = True
15.4016 	EXP 	whitesquare: autoDraw = False
15.4024 	DATA 	wsqS
15.4179 	EXP 	whitesquare: autoDraw = True
15.4179 	EXP 	whitesquare: autoDraw = False
15.4187 	DATA 	wsqS
15.4350 	EXP 	whitesquare: autoDraw = True
15.4350 	EXP 	whitesquare: autoDraw = False
15.4358 	DATA 	wsqS
15.4513 	EXP 	whitesquare: autoDraw = True
15.4513 	EXP 	whitesquare: autoDraw = False
15.4520 	DATA 	wsqS
15.4683 	EXP 	whitesquare: autoDraw = True
15.4683 	EXP 	whitesquare: autoDraw = False
15.4691 	DATA 	wsqS
15.4846 	EXP 	whitesquare: autoDraw = True
15.4846 	EXP 	whitesquare: autoDraw = False
15.4854 	DATA 	wsqS
15.5016 	EXP 	whitesquare: autoDraw = True
15.5016 	EXP 	whitesquare: autoDraw = False
15.5024 	DATA 	wsqS
15.5180 	EXP 	whitesquare: autoDraw = True
15.5180 	EXP 	whitesquare: autoDraw = False
15.5188 	DATA 	wsqS
15.5351 	EXP 	whitesquare: autoDraw = True
15.5351 	EXP 	whitesquare: autoDraw = False
15.5359 	DATA 	wsqS
15.5514 	EXP 	whitesquare: autoDraw = True
15.5514 	EXP 	whitesquare: autoDraw = False
15.5521 	DATA 	wsqS
15.5683 	EXP 	whitesquare: autoDraw = True
15.5683 	EXP 	whitesquare: autoDraw = False
15.5691 	DATA 	wsqS
15.5847 	EXP 	whitesquare: autoDraw = True
15.5847 	EXP 	whitesquare: autoDraw = False
15.5856 	DATA 	wsqS
15.6017 	EXP 	whitesquare: autoDraw = True
15.6017 	EXP 	whitesquare: autoDraw = False
15.6025 	DATA 	wsqS
15.6180 	EXP 	whitesquare: autoDraw = True
15.6180 	EXP 	whitesquare: autoDraw = False
15.6188 	DATA 	wsqS
15.6350 	EXP 	whitesquare: autoDraw = True
15.6350 	EXP 	whitesquare: autoDraw = False
15.6360 	DATA 	wsqS
15.6514 	EXP 	whitesquare: autoDraw = True
15.6514 	EXP 	whitesquare: autoDraw = False
15.6520 	DATA 	wsqS
15.6684 	EXP 	whitesquare: autoDraw = True
15.6684 	EXP 	whitesquare: autoDraw = False
15.6692 	DATA 	wsqS
15.6847 	EXP 	whitesquare: autoDraw = True
15.6847 	EXP 	whitesquare: autoDraw = False
15.6854 	DATA 	wsqS
15.7018 	EXP 	whitesquare: autoDraw = True
15.7018 	EXP 	whitesquare: autoDraw = False
15.7026 	DATA 	wsqS
15.7181 	EXP 	whitesquare: autoDraw = True
15.7181 	EXP 	whitesquare: autoDraw = False
15.7188 	DATA 	wsqS
15.7351 	EXP 	whitesquare: autoDraw = True
15.7351 	EXP 	whitesquare: autoDraw = False
15.7359 	DATA 	wsqS
15.7514 	EXP 	whitesquare: autoDraw = True
15.7514 	EXP 	whitesquare: autoDraw = False
15.7522 	DATA 	wsqS
15.7684 	EXP 	whitesquare: autoDraw = True
15.7684 	EXP 	whitesquare: autoDraw = False
15.7691 	DATA 	wsqS
15.7847 	EXP 	whitesquare: autoDraw = True
15.7847 	EXP 	whitesquare: autoDraw = False
15.7857 	DATA 	wsqS
15.8019 	EXP 	whitesquare: autoDraw = True
15.8019 	EXP 	whitesquare: autoDraw = False
15.8026 	DATA 	wsqS
15.8181 	EXP 	whitesquare: autoDraw = True
15.8181 	EXP 	whitesquare: autoDraw = False
15.8189 	DATA 	wsqS
15.8351 	EXP 	whitesquare: autoDraw = True
15.8351 	EXP 	whitesquare: autoDraw = False
15.8359 	DATA 	wsqS
15.8516 	EXP 	whitesquare: autoDraw = True
15.8516 	EXP 	whitesquare: autoDraw = False
15.8523 	DATA 	wsqS
15.8686 	EXP 	whitesquare: autoDraw = True
15.8686 	EXP 	whitesquare: autoDraw = False
15.8693 	DATA 	wsqS
15.8850 	EXP 	whitesquare: autoDraw = True
15.8850 	EXP 	whitesquare: autoDraw = False
15.8857 	DATA 	wsqS
15.9018 	EXP 	whitesquare: autoDraw = True
15.9018 	EXP 	whitesquare: autoDraw = False
15.9028 	DATA 	wsqS
15.9028 	EXP 	Sound  started
16.9041 	EXP 	Sound  stopped
16.9044 	EXP 	Set  sound=./sound/left_speak.wav
16.9045 	EXP 	Set  sound=./sound/right_speak.wav
16.9047 	EXP 	Set  sound=./sound/up_speak.wav
16.9048 	EXP 	Set  sound=./sound/down_speak.wav
16.9189 	EXP 	whitesquare: autoDraw = True
16.9189 	EXP 	whitesquare: autoDraw = False
19.4044 	EXP 	Sound  started
21.7225 	EXP 	Sound  started
24.0241 	EXP 	Sound  started
26.1063 	EXP 	esc: autoDraw = True
27.3714 	EXP 	window1: mouseVisible = True
