5.6675 	WARNING 	User requested fullscreen with size [1024  768], but screen is actually [1280, 800]. Using actual size
6.5381 	EXP 	Created window1 = Window(allowGUI=False, allowStencil=False, args=UNKNOWN, autoLog=True, bitsMode=UNKNOWN, blendMode='avg', color=array([-1., -1., -1.]), colorSpace='rgb', fullscr=UNKNOWN, gamma=None, kwargs=UNKNOWN, lms=UNKNOWN, monitor=<psychopy.monitors.calibTools.Monitor object at 0x112c609e8>, multiSample=False, name='window1', numSamples=2, pos=[0.0, 0.0], screen=0, size=array([2560, 1600]), stereo=False, units='norm', useFBO=True, useRetina=True, viewOri=0.0, viewPos=None, viewScale=None, waitBlanking=True, winType='pyglet')
6.5381 	EXP 	window1: recordFrameIntervals = False
6.7038 	EXP 	window1: recordFrameIntervals = True
6.8870 	EXP 	window1: recordFrameIntervals = False
6.8974 	EXP 	<method-wrapper '__getattribute__' of attributeSetter object at 0x10769de48>: vertices = array([[-0.25,  0.25],
       [ 0.25,  0.25],
       [ 0.25, -0.25],
       [-0.25, -0.25]])
6.8990 	EXP 	Created whitesquare = Rect(__class__=<class 'psychopy.visual.rect.Rect'>, autoDraw=False, autoLog=True, closeShape=True, contrast=1.0, depth=0.0, fillColor=array([1., 1., 1.]), fillColorSpace='rgb', fillRGB=array([1., 1., 1.]), interpolate=True, lineColor=array([1., 1., 1.]), lineColorSpace='rgb', lineRGB=array([1., 1., 1.]), lineWidth=1, name='whitesquare', opacity=0.9, ori=array(0.), pos=array([14.9, 11.2]), size=array([1., 1.]), units='cm', vertices=ndarray(...), win=Window(...))
7.0122 	EXP 	Created intro_text = TextStim(__class__=<class 'psychopy.visual.text.TextStim'>, alignHoriz='center', alignVert='center', antialias=True, autoLog=True, bold=False, color='white', colorSpace='named', contrast=1.0, depth=0.0, flipHoriz=False, flipVert=False, font='Arial', fontFiles=[], height=0.1, italic=False, name='intro_text', opacity=1.0, ori=0, pos=array([0., 0.]), rgb=array([255., 255., 255.]), text=str(...), units='norm', win=Window(...), wrapWidth=1)
7.0339 	EXP 	Created intro_text = TextStim(__class__=<class 'psychopy.visual.text.TextStim'>, alignHoriz='center', alignVert='center', antialias=True, autoLog=True, bold=False, color='white', colorSpace='named', contrast=1.0, depth=0.0, flipHoriz=False, flipVert=False, font='Arial', fontFiles=[], height=0.1, italic=False, name='intro_text', opacity=1.0, ori=0, pos=array([0., 0.]), rgb=array([255., 255., 255.]), text=str(...), units='norm', win=Window(...), wrapWidth=1)
7.0462 	EXP 	Created open_text = TextStim(__class__=<class 'psychopy.visual.text.TextStim'>, alignHoriz='center', alignVert='center', antialias=True, autoLog=True, bold=False, color='white', colorSpace='named', contrast=1.0, depth=0.0, flipHoriz=False, flipVert=False, font='Arial', fontFiles=[], height=0.1, italic=False, name='open_text', opacity=1.0, ori=0, pos=array([0., 0.]), rgb=array([255., 255., 255.]), text=str(...), units='norm', win=Window(...), wrapWidth=1)
7.0502 	EXP 	Created fixation = TextStim(__class__=<class 'psychopy.visual.text.TextStim'>, alignHoriz='center', alignVert='center', antialias=True, autoLog=True, bold=False, color='white', colorSpace='named', contrast=1.0, depth=-1.0, flipHoriz=False, flipVert=False, font='Arial', fontFiles=[], height=0.1, italic=False, name='fixation', opacity=1.0, ori=0, pos=array([0., 0.]), rgb=array([255., 255., 255.]), text='+\n', units='norm', win=Window(...), wrapWidth=1)
7.0616 	EXP 	Created close_text = TextStim(__class__=<class 'psychopy.visual.text.TextStim'>, alignHoriz='center', alignVert='center', antialias=True, autoLog=True, bold=False, color='white', colorSpace='named', contrast=1.0, depth=0.0, flipHoriz=False, flipVert=False, font='Arial', fontFiles=[], height=0.1, italic=False, name='close_text', opacity=1.0, ori=0, pos=array([0., 0.]), rgb=array([255., 255., 255.]), text=str(...), units='norm', win=Window(...), wrapWidth=1)
7.0642 	EXP 	Created blank = TextStim(__class__=<class 'psychopy.visual.text.TextStim'>, alignHoriz='center', alignVert='center', antialias=True, autoLog=True, bold=False, color='white', colorSpace='named', contrast=1.0, depth=-1.0, flipHoriz=False, flipVert=False, font='Arial', fontFiles=[], height=0.1, italic=False, name='blank', opacity=1.0, ori=0, pos=array([0., 0.]), rgb=array([255., 255., 255.]), text=' ', units='norm', win=Window(...), wrapWidth=1)
7.1225 	EXP 	Set  sound=./sound/open_speak.wav
7.1225 	EXP 	Set Sound  volume=1.000
7.1324 	EXP 	Created gaze_text = TextStim(__class__=<class 'psychopy.visual.text.TextStim'>, alignHoriz='center', alignVert='center', antialias=True, autoLog=True, bold=False, color='white', colorSpace='named', contrast=1.0, depth=0.0, flipHoriz=False, flipVert=False, font='Arial', fontFiles=[], height=0.1, italic=False, name='gaze_text', opacity=1.0, ori=0, pos=array([0., 0.]), rgb=array([255., 255., 255.]), text=str(...), units='norm', win=Window(...), wrapWidth=1)
7.1353 	EXP 	Created center = ShapeStim(__class__=<class 'psychopy.visual.shape.ShapeStim'>, autoDraw=False, autoLog=True, closeShape=True, contrast=1.0, depth=0.0, fillColor=array([1., 1., 1.]), fillColorSpace='rgb', interpolate=True, lineColor=array([1., 1., 1.]), lineColorSpace='rgb', lineWidth=1, name='center', opacity=1.0, ori=array(0.), pos=array([0., 0.]), size=array([0.5, 0.5]), units='cm', vertices=ndarray(...), win=Window(...), windingRule=None)
7.1362 	EXP 	Set  sound=./sound/left_speak.wav
7.1362 	EXP 	Set Sound  volume=1.000
7.1382 	EXP 	Created left = ShapeStim(__class__=<class 'psychopy.visual.shape.ShapeStim'>, autoDraw=False, autoLog=True, closeShape=True, contrast=1.0, depth=0.0, fillColor=array([1., 1., 1.]), fillColorSpace='rgb', interpolate=True, lineColor=array([1., 1., 1.]), lineColorSpace='rgb', lineWidth=1, name='left', opacity=1.0, ori=array(0.), pos=array([-10.,   0.]), size=array([0.5, 0.5]), units='cm', vertices=ndarray(...), win=Window(...), windingRule=None)
7.1391 	EXP 	Set  sound=./sound/right_speak.wav
7.1391 	EXP 	Set Sound  volume=1.000
7.1411 	EXP 	Created right = ShapeStim(__class__=<class 'psychopy.visual.shape.ShapeStim'>, autoDraw=False, autoLog=True, closeShape=True, contrast=1.0, depth=0.0, fillColor=array([1., 1., 1.]), fillColorSpace='rgb', interpolate=True, lineColor=array([1., 1., 1.]), lineColorSpace='rgb', lineWidth=1, name='right', opacity=1.0, ori=array(0.), pos=array([10.,  0.]), size=array([0.5, 0.5]), units='cm', vertices=ndarray(...), win=Window(...), windingRule=None)
7.1419 	EXP 	Set  sound=./sound/up_speak.wav
7.1419 	EXP 	Set Sound  volume=1.000
7.1438 	EXP 	Created up = ShapeStim(__class__=<class 'psychopy.visual.shape.ShapeStim'>, autoDraw=False, autoLog=True, closeShape=True, contrast=1.0, depth=0.0, fillColor=array([1., 1., 1.]), fillColorSpace='rgb', interpolate=True, lineColor=array([1., 1., 1.]), lineColorSpace='rgb', lineWidth=1, name='up', opacity=1.0, ori=array(0.), pos=array([ 0., 10.]), size=array([0.5, 0.5]), units='cm', vertices=ndarray(...), win=Window(...), windingRule=None)
7.1448 	EXP 	Set  sound=./sound/down_speak.wav
7.1448 	EXP 	Set Sound  volume=1.000
7.1466 	EXP 	Created down = ShapeStim(__class__=<class 'psychopy.visual.shape.ShapeStim'>, autoDraw=False, autoLog=True, closeShape=True, contrast=1.0, depth=0.0, fillColor=array([1., 1., 1.]), fillColorSpace='rgb', interpolate=True, lineColor=array([1., 1., 1.]), lineColorSpace='rgb', lineWidth=1, name='down', opacity=1.0, ori=array(0.), pos=array([  0., -10.]), size=array([0.5, 0.5]), units='cm', vertices=ndarray(...), win=Window(...), windingRule=None)
7.1551 	EXP 	Created esc = TextStim(__class__=<class 'psychopy.visual.text.TextStim'>, alignHoriz='center', alignVert='center', antialias=True, autoLog=True, bold=False, color='white', colorSpace='named', contrast=1.0, depth=0.0, flipHoriz=False, flipVert=False, font='Arial', fontFiles=[], height=0.1, italic=False, name='esc', opacity=1.0, ori=0, pos=array([0., 0.]), rgb=array([255., 255., 255.]), text="End of test\n\nPress 'esc'", units='norm', win=Window(...), wrapWidth=1)
7.1890 	EXP 	intro_text: autoDraw = True
7.1890 	EXP 	whitesquare: autoDraw = True
7.8930 	DATA 	Keypress: space
7.9207 	EXP 	intro_text: autoDraw = False
7.9207 	EXP 	whitesquare: autoDraw = False
7.9207 	EXP 	intro_text: autoDraw = True
8.2902 	DATA 	Keypress: space
8.3043 	EXP 	intro_text: autoDraw = False
10.7900 	DATA 	wsqS
10.8056 	EXP 	whitesquare: autoDraw = True
10.8062 	DATA 	wsqS
10.8222 	EXP 	whitesquare: autoDraw = True
10.8222 	EXP 	whitesquare: autoDraw = False
10.8228 	DATA 	wsqS
10.8389 	EXP 	whitesquare: autoDraw = True
10.8389 	EXP 	whitesquare: autoDraw = False
10.8396 	DATA 	wsqS
10.8554 	EXP 	whitesquare: autoDraw = True
10.8554 	EXP 	whitesquare: autoDraw = False
10.8561 	DATA 	wsqS
10.8723 	EXP 	whitesquare: autoDraw = True
10.8723 	EXP 	whitesquare: autoDraw = False
10.8731 	DATA 	wsqS
10.8886 	EXP 	whitesquare: autoDraw = True
10.8886 	EXP 	whitesquare: autoDraw = False
10.8893 	DATA 	wsqS
10.9056 	EXP 	whitesquare: autoDraw = True
10.9056 	EXP 	whitesquare: autoDraw = False
10.9064 	DATA 	wsqS
10.9219 	EXP 	whitesquare: autoDraw = True
10.9219 	EXP 	whitesquare: autoDraw = False
10.9226 	DATA 	wsqS
10.9389 	EXP 	whitesquare: autoDraw = True
10.9389 	EXP 	whitesquare: autoDraw = False
10.9397 	DATA 	wsqS
10.9553 	EXP 	whitesquare: autoDraw = True
10.9553 	EXP 	whitesquare: autoDraw = False
10.9560 	DATA 	wsqS
10.9724 	EXP 	whitesquare: autoDraw = True
10.9724 	EXP 	whitesquare: autoDraw = False
10.9730 	DATA 	wsqS
10.9887 	EXP 	whitesquare: autoDraw = True
10.9887 	EXP 	whitesquare: autoDraw = False
10.9894 	DATA 	wsqS
11.0057 	EXP 	whitesquare: autoDraw = True
11.0057 	EXP 	whitesquare: autoDraw = False
11.0064 	DATA 	wsqS
11.0219 	EXP 	whitesquare: autoDraw = True
11.0219 	EXP 	whitesquare: autoDraw = False
11.0227 	DATA 	wsqS
11.0389 	EXP 	whitesquare: autoDraw = True
11.0389 	EXP 	whitesquare: autoDraw = False
11.0397 	DATA 	wsqS
11.0553 	EXP 	whitesquare: autoDraw = True
11.0553 	EXP 	whitesquare: autoDraw = False
11.0561 	DATA 	wsqS
11.0723 	EXP 	whitesquare: autoDraw = True
11.0723 	EXP 	whitesquare: autoDraw = False
11.0731 	DATA 	wsqS
11.0888 	EXP 	whitesquare: autoDraw = True
11.0888 	EXP 	whitesquare: autoDraw = False
11.0894 	DATA 	wsqS
11.1056 	EXP 	whitesquare: autoDraw = True
11.1056 	EXP 	whitesquare: autoDraw = False
11.1064 	DATA 	wsqS
11.1221 	EXP 	whitesquare: autoDraw = True
11.1221 	EXP 	whitesquare: autoDraw = False
11.1228 	DATA 	wsqS
11.1390 	EXP 	whitesquare: autoDraw = True
11.1390 	EXP 	whitesquare: autoDraw = False
11.1398 	DATA 	wsqS
11.1553 	EXP 	whitesquare: autoDraw = True
11.1553 	EXP 	whitesquare: autoDraw = False
11.1562 	DATA 	wsqS
11.1723 	EXP 	whitesquare: autoDraw = True
11.1723 	EXP 	whitesquare: autoDraw = False
11.1731 	DATA 	wsqS
11.1887 	EXP 	whitesquare: autoDraw = True
11.1887 	EXP 	whitesquare: autoDraw = False
11.1894 	DATA 	wsqS
11.2057 	EXP 	whitesquare: autoDraw = True
11.2057 	EXP 	whitesquare: autoDraw = False
11.2065 	DATA 	wsqS
11.2220 	EXP 	whitesquare: autoDraw = True
11.2220 	EXP 	whitesquare: autoDraw = False
11.2227 	DATA 	wsqS
11.2391 	EXP 	whitesquare: autoDraw = True
11.2391 	EXP 	whitesquare: autoDraw = False
11.2399 	DATA 	wsqS
11.2554 	EXP 	whitesquare: autoDraw = True
11.2554 	EXP 	whitesquare: autoDraw = False
11.2560 	DATA 	wsqS
11.2725 	EXP 	whitesquare: autoDraw = True
11.2725 	EXP 	whitesquare: autoDraw = False
11.2732 	DATA 	wsqS
11.2887 	EXP 	whitesquare: autoDraw = True
11.2887 	EXP 	whitesquare: autoDraw = False
11.2895 	DATA 	wsqS
11.3058 	EXP 	whitesquare: autoDraw = True
11.3058 	EXP 	whitesquare: autoDraw = False
11.3065 	DATA 	wsqS
11.3220 	EXP 	whitesquare: autoDraw = True
11.3220 	EXP 	whitesquare: autoDraw = False
11.3229 	DATA 	wsqS
11.3391 	EXP 	whitesquare: autoDraw = True
11.3391 	EXP 	whitesquare: autoDraw = False
11.3399 	DATA 	wsqS
11.3556 	EXP 	whitesquare: autoDraw = True
11.3556 	EXP 	whitesquare: autoDraw = False
11.3563 	DATA 	wsqS
11.3725 	EXP 	whitesquare: autoDraw = True
11.3725 	EXP 	whitesquare: autoDraw = False
11.3733 	DATA 	wsqS
11.3889 	EXP 	whitesquare: autoDraw = True
11.3889 	EXP 	whitesquare: autoDraw = False
11.3896 	DATA 	wsqS
11.4058 	EXP 	whitesquare: autoDraw = True
11.4058 	EXP 	whitesquare: autoDraw = False
11.4066 	DATA 	wsqS
11.4221 	EXP 	whitesquare: autoDraw = True
11.4221 	EXP 	whitesquare: autoDraw = False
11.4229 	DATA 	wsqS
11.4394 	EXP 	whitesquare: autoDraw = True
11.4394 	EXP 	whitesquare: autoDraw = False
11.4402 	DATA 	wsqS
11.4555 	EXP 	whitesquare: autoDraw = True
11.4555 	EXP 	whitesquare: autoDraw = False
11.4562 	DATA 	wsqS
11.4726 	EXP 	whitesquare: autoDraw = True
11.4726 	EXP 	whitesquare: autoDraw = False
11.4733 	DATA 	wsqS
11.4889 	EXP 	whitesquare: autoDraw = True
11.4889 	EXP 	whitesquare: autoDraw = False
11.4897 	DATA 	wsqS
11.5061 	EXP 	whitesquare: autoDraw = True
11.5061 	EXP 	whitesquare: autoDraw = False
11.5068 	DATA 	wsqS
11.5223 	EXP 	whitesquare: autoDraw = True
11.5223 	EXP 	whitesquare: autoDraw = False
11.5229 	DATA 	wsqS
11.5392 	EXP 	whitesquare: autoDraw = True
11.5392 	EXP 	whitesquare: autoDraw = False
11.5400 	DATA 	wsqS
11.5555 	EXP 	whitesquare: autoDraw = True
11.5555 	EXP 	whitesquare: autoDraw = False
11.5562 	DATA 	wsqS
11.5726 	EXP 	whitesquare: autoDraw = True
11.5726 	EXP 	whitesquare: autoDraw = False
11.5733 	DATA 	wsqS
11.5889 	EXP 	whitesquare: autoDraw = True
11.5889 	EXP 	whitesquare: autoDraw = False
11.5897 	DATA 	wsqS
11.6059 	EXP 	whitesquare: autoDraw = True
11.6059 	EXP 	whitesquare: autoDraw = False
11.6067 	DATA 	wsqS
11.6223 	EXP 	whitesquare: autoDraw = True
11.6223 	EXP 	whitesquare: autoDraw = False
11.6231 	DATA 	wsqS
11.6392 	EXP 	whitesquare: autoDraw = True
11.6392 	EXP 	whitesquare: autoDraw = False
11.6400 	DATA 	wsqS
11.6556 	EXP 	whitesquare: autoDraw = True
11.6556 	EXP 	whitesquare: autoDraw = False
11.6563 	DATA 	wsqS
11.6727 	EXP 	whitesquare: autoDraw = True
11.6727 	EXP 	whitesquare: autoDraw = False
11.6733 	DATA 	wsqS
11.6890 	EXP 	whitesquare: autoDraw = True
11.6890 	EXP 	whitesquare: autoDraw = False
11.6898 	DATA 	wsqS
11.7059 	EXP 	whitesquare: autoDraw = True
11.7059 	EXP 	whitesquare: autoDraw = False
11.7067 	DATA 	wsqS
11.7223 	EXP 	whitesquare: autoDraw = True
11.7223 	EXP 	whitesquare: autoDraw = False
11.7231 	DATA 	wsqS
11.7393 	EXP 	whitesquare: autoDraw = True
11.7393 	EXP 	whitesquare: autoDraw = False
11.7401 	DATA 	wsqS
11.7556 	EXP 	whitesquare: autoDraw = True
11.7556 	EXP 	whitesquare: autoDraw = False
11.7563 	DATA 	wsqS
11.7727 	EXP 	whitesquare: autoDraw = True
11.7727 	EXP 	whitesquare: autoDraw = False
11.7735 	DATA 	wsqS
11.7890 	EXP 	whitesquare: autoDraw = True
11.7890 	EXP 	whitesquare: autoDraw = False
11.7897 	DATA 	wsqS
11.8060 	EXP 	whitesquare: autoDraw = True
11.8060 	EXP 	whitesquare: autoDraw = False
11.8068 	DATA 	wsqS
11.8223 	EXP 	whitesquare: autoDraw = True
11.8223 	EXP 	whitesquare: autoDraw = False
11.8230 	DATA 	wsqS
11.8394 	EXP 	whitesquare: autoDraw = True
11.8394 	EXP 	whitesquare: autoDraw = False
11.8400 	DATA 	wsqS
11.8560 	EXP 	whitesquare: autoDraw = True
11.8560 	EXP 	whitesquare: autoDraw = False
11.8567 	DATA 	wsqS
11.8727 	EXP 	whitesquare: autoDraw = True
11.8727 	EXP 	whitesquare: autoDraw = False
11.8735 	DATA 	wsqS
11.8891 	EXP 	whitesquare: autoDraw = True
11.8891 	EXP 	whitesquare: autoDraw = False
11.8898 	DATA 	wsqS
11.9061 	EXP 	whitesquare: autoDraw = True
11.9061 	EXP 	whitesquare: autoDraw = False
11.9068 	DATA 	wsqS
11.9224 	EXP 	whitesquare: autoDraw = True
11.9224 	EXP 	whitesquare: autoDraw = False
11.9231 	DATA 	wsqS
11.9394 	EXP 	whitesquare: autoDraw = True
11.9394 	EXP 	whitesquare: autoDraw = False
11.9402 	DATA 	wsqS
11.9559 	EXP 	whitesquare: autoDraw = True
11.9559 	EXP 	whitesquare: autoDraw = False
11.9564 	DATA 	wsqS
11.9728 	EXP 	whitesquare: autoDraw = True
11.9728 	EXP 	whitesquare: autoDraw = False
11.9737 	DATA 	wsqS
11.9891 	EXP 	whitesquare: autoDraw = True
11.9891 	EXP 	whitesquare: autoDraw = False
11.9898 	DATA 	wsqS
12.0061 	EXP 	whitesquare: autoDraw = True
12.0061 	EXP 	whitesquare: autoDraw = False
12.0068 	DATA 	wsqS
12.0224 	EXP 	whitesquare: autoDraw = True
12.0224 	EXP 	whitesquare: autoDraw = False
12.0231 	DATA 	wsqS
12.0395 	EXP 	whitesquare: autoDraw = True
12.0395 	EXP 	whitesquare: autoDraw = False
12.0402 	DATA 	wsqS
12.0558 	EXP 	whitesquare: autoDraw = True
12.0558 	EXP 	whitesquare: autoDraw = False
12.0564 	DATA 	wsqS
12.0728 	EXP 	whitesquare: autoDraw = True
12.0728 	EXP 	whitesquare: autoDraw = False
12.0736 	DATA 	wsqS
12.0891 	EXP 	whitesquare: autoDraw = True
12.0891 	EXP 	whitesquare: autoDraw = False
12.0899 	DATA 	wsqS
12.1062 	EXP 	whitesquare: autoDraw = True
12.1062 	EXP 	whitesquare: autoDraw = False
12.1069 	DATA 	wsqS
12.1229 	EXP 	whitesquare: autoDraw = True
12.1229 	EXP 	whitesquare: autoDraw = False
12.1237 	DATA 	wsqS
12.1395 	EXP 	whitesquare: autoDraw = True
12.1395 	EXP 	whitesquare: autoDraw = False
12.1402 	DATA 	wsqS
12.1558 	EXP 	whitesquare: autoDraw = True
12.1558 	EXP 	whitesquare: autoDraw = False
12.1566 	DATA 	wsqS
12.1729 	EXP 	whitesquare: autoDraw = True
12.1729 	EXP 	whitesquare: autoDraw = False
12.1736 	DATA 	wsqS
12.1892 	EXP 	whitesquare: autoDraw = True
12.1892 	EXP 	whitesquare: autoDraw = False
12.1900 	DATA 	wsqS
12.2062 	EXP 	whitesquare: autoDraw = True
12.2062 	EXP 	whitesquare: autoDraw = False
12.2070 	DATA 	wsqS
12.2226 	EXP 	whitesquare: autoDraw = True
12.2226 	EXP 	whitesquare: autoDraw = False
12.2233 	DATA 	wsqS
12.2395 	EXP 	whitesquare: autoDraw = True
12.2395 	EXP 	whitesquare: autoDraw = False
12.2405 	DATA 	wsqS
12.2559 	EXP 	whitesquare: autoDraw = True
12.2559 	EXP 	whitesquare: autoDraw = False
12.2565 	DATA 	wsqS
12.2732 	EXP 	whitesquare: autoDraw = True
12.2732 	EXP 	whitesquare: autoDraw = False
12.2739 	DATA 	wsqS
12.2892 	EXP 	whitesquare: autoDraw = True
12.2892 	EXP 	whitesquare: autoDraw = False
12.2899 	DATA 	wsqS
12.3063 	EXP 	whitesquare: autoDraw = True
12.3063 	EXP 	whitesquare: autoDraw = False
12.3071 	DATA 	wsqS
12.3225 	EXP 	whitesquare: autoDraw = True
12.3225 	EXP 	whitesquare: autoDraw = False
12.3233 	DATA 	wsqS
12.3397 	EXP 	whitesquare: autoDraw = True
12.3397 	EXP 	whitesquare: autoDraw = False
12.3403 	DATA 	wsqS
12.3559 	EXP 	whitesquare: autoDraw = True
12.3559 	EXP 	whitesquare: autoDraw = False
12.3566 	DATA 	wsqS
12.3730 	EXP 	whitesquare: autoDraw = True
12.3730 	EXP 	whitesquare: autoDraw = False
12.3738 	DATA 	wsqS
12.3893 	EXP 	whitesquare: autoDraw = True
12.3893 	EXP 	whitesquare: autoDraw = False
12.3900 	DATA 	wsqS
12.4063 	EXP 	whitesquare: autoDraw = True
12.4063 	EXP 	whitesquare: autoDraw = False
12.4071 	DATA 	wsqS
12.4226 	EXP 	whitesquare: autoDraw = True
12.4226 	EXP 	whitesquare: autoDraw = False
12.4233 	DATA 	wsqS
12.4396 	EXP 	whitesquare: autoDraw = True
12.4396 	EXP 	whitesquare: autoDraw = False
12.4404 	DATA 	wsqS
12.4560 	EXP 	whitesquare: autoDraw = True
12.4560 	EXP 	whitesquare: autoDraw = False
12.4567 	DATA 	wsqS
12.4730 	EXP 	whitesquare: autoDraw = True
12.4730 	EXP 	whitesquare: autoDraw = False
12.4737 	DATA 	wsqS
12.4893 	EXP 	whitesquare: autoDraw = True
12.4893 	EXP 	whitesquare: autoDraw = False
12.4901 	DATA 	wsqS
12.5063 	EXP 	whitesquare: autoDraw = True
12.5063 	EXP 	whitesquare: autoDraw = False
12.5072 	DATA 	wsqS
12.5228 	EXP 	whitesquare: autoDraw = True
12.5228 	EXP 	whitesquare: autoDraw = False
12.5234 	DATA 	wsqS
12.5397 	EXP 	whitesquare: autoDraw = True
12.5397 	EXP 	whitesquare: autoDraw = False
12.5405 	DATA 	wsqS
12.5560 	EXP 	whitesquare: autoDraw = True
12.5560 	EXP 	whitesquare: autoDraw = False
12.5567 	DATA 	wsqS
12.5733 	EXP 	whitesquare: autoDraw = True
12.5733 	EXP 	whitesquare: autoDraw = False
12.5740 	DATA 	wsqS
12.5894 	EXP 	whitesquare: autoDraw = True
12.5894 	EXP 	whitesquare: autoDraw = False
12.5901 	DATA 	wsqS
12.6064 	EXP 	whitesquare: autoDraw = True
12.6064 	EXP 	whitesquare: autoDraw = False
12.6073 	DATA 	wsqS
12.6228 	EXP 	whitesquare: autoDraw = True
12.6228 	EXP 	whitesquare: autoDraw = False
12.6235 	DATA 	wsqS
12.6397 	EXP 	whitesquare: autoDraw = True
12.6397 	EXP 	whitesquare: autoDraw = False
12.6405 	DATA 	wsqS
12.6560 	EXP 	whitesquare: autoDraw = True
12.6560 	EXP 	whitesquare: autoDraw = False
12.6568 	DATA 	wsqS
12.6735 	EXP 	whitesquare: autoDraw = True
12.6735 	EXP 	whitesquare: autoDraw = False
12.6741 	DATA 	wsqS
12.6897 	EXP 	whitesquare: autoDraw = True
12.6897 	EXP 	whitesquare: autoDraw = False
12.6903 	DATA 	wsqS
12.7064 	EXP 	whitesquare: autoDraw = True
12.7064 	EXP 	whitesquare: autoDraw = False
12.7071 	DATA 	wsqS
12.7228 	EXP 	whitesquare: autoDraw = True
12.7228 	EXP 	whitesquare: autoDraw = False
12.7235 	DATA 	wsqS
12.7398 	EXP 	whitesquare: autoDraw = True
12.7398 	EXP 	whitesquare: autoDraw = False
12.7406 	DATA 	wsqS
12.7561 	EXP 	whitesquare: autoDraw = True
12.7561 	EXP 	whitesquare: autoDraw = False
12.7568 	DATA 	wsqS
12.7732 	EXP 	whitesquare: autoDraw = True
12.7732 	EXP 	whitesquare: autoDraw = False
12.7740 	DATA 	wsqS
12.7895 	EXP 	whitesquare: autoDraw = True
12.7895 	EXP 	whitesquare: autoDraw = False
12.7903 	DATA 	wsqS
12.7912 	EXP 	Set  sound=./sound/open_speak.wav
12.8065 	EXP 	whitesquare: autoDraw = True
12.8065 	EXP 	whitesquare: autoDraw = False
15.2921 	DATA 	wsqS
15.3077 	EXP 	whitesquare: autoDraw = True
15.3084 	DATA 	wsqS
15.3240 	EXP 	whitesquare: autoDraw = True
15.3240 	EXP 	whitesquare: autoDraw = False
15.3248 	DATA 	wsqS
15.3410 	EXP 	whitesquare: autoDraw = True
15.3410 	EXP 	whitesquare: autoDraw = False
15.3418 	DATA 	wsqS
15.3573 	EXP 	whitesquare: autoDraw = True
15.3573 	EXP 	whitesquare: autoDraw = False
15.3581 	DATA 	wsqS
15.3744 	EXP 	whitesquare: autoDraw = True
15.3744 	EXP 	whitesquare: autoDraw = False
15.3751 	DATA 	wsqS
15.3907 	EXP 	whitesquare: autoDraw = True
15.3907 	EXP 	whitesquare: autoDraw = False
15.3915 	DATA 	wsqS
15.4079 	EXP 	whitesquare: autoDraw = True
15.4079 	EXP 	whitesquare: autoDraw = False
15.4087 	DATA 	wsqS
15.4241 	EXP 	whitesquare: autoDraw = True
15.4241 	EXP 	whitesquare: autoDraw = False
15.4247 	DATA 	wsqS
15.4411 	EXP 	whitesquare: autoDraw = True
15.4411 	EXP 	whitesquare: autoDraw = False
15.4418 	DATA 	wsqS
15.4573 	EXP 	whitesquare: autoDraw = True
15.4573 	EXP 	whitesquare: autoDraw = False
15.4581 	DATA 	wsqS
15.4744 	EXP 	whitesquare: autoDraw = True
15.4744 	EXP 	whitesquare: autoDraw = False
15.4758 	DATA 	wsqS
15.4907 	EXP 	whitesquare: autoDraw = True
15.4907 	EXP 	whitesquare: autoDraw = False
15.4915 	DATA 	wsqS
15.5078 	EXP 	whitesquare: autoDraw = True
15.5078 	EXP 	whitesquare: autoDraw = False
15.5085 	DATA 	wsqS
15.5242 	EXP 	whitesquare: autoDraw = True
15.5242 	EXP 	whitesquare: autoDraw = False
15.5248 	DATA 	wsqS
15.5411 	EXP 	whitesquare: autoDraw = True
15.5411 	EXP 	whitesquare: autoDraw = False
15.5418 	DATA 	wsqS
15.5575 	EXP 	whitesquare: autoDraw = True
15.5575 	EXP 	whitesquare: autoDraw = False
15.5583 	DATA 	wsqS
15.5744 	EXP 	whitesquare: autoDraw = True
15.5744 	EXP 	whitesquare: autoDraw = False
15.5752 	DATA 	wsqS
15.5909 	EXP 	whitesquare: autoDraw = True
15.5909 	EXP 	whitesquare: autoDraw = False
15.5915 	DATA 	wsqS
15.6078 	EXP 	whitesquare: autoDraw = True
15.6078 	EXP 	whitesquare: autoDraw = False
15.6086 	DATA 	wsqS
15.6242 	EXP 	whitesquare: autoDraw = True
15.6242 	EXP 	whitesquare: autoDraw = False
15.6250 	DATA 	wsqS
15.6412 	EXP 	whitesquare: autoDraw = True
15.6412 	EXP 	whitesquare: autoDraw = False
15.6420 	DATA 	wsqS
15.6574 	EXP 	whitesquare: autoDraw = True
15.6574 	EXP 	whitesquare: autoDraw = False
15.6582 	DATA 	wsqS
15.6745 	EXP 	whitesquare: autoDraw = True
15.6745 	EXP 	whitesquare: autoDraw = False
15.6754 	DATA 	wsqS
15.6912 	EXP 	whitesquare: autoDraw = True
15.6912 	EXP 	whitesquare: autoDraw = False
15.6919 	DATA 	wsqS
15.7080 	EXP 	whitesquare: autoDraw = True
15.7080 	EXP 	whitesquare: autoDraw = False
15.7087 	DATA 	wsqS
15.7241 	EXP 	whitesquare: autoDraw = True
15.7241 	EXP 	whitesquare: autoDraw = False
15.7249 	DATA 	wsqS
15.7412 	EXP 	whitesquare: autoDraw = True
15.7412 	EXP 	whitesquare: autoDraw = False
15.7420 	DATA 	wsqS
15.7575 	EXP 	whitesquare: autoDraw = True
15.7575 	EXP 	whitesquare: autoDraw = False
15.7582 	DATA 	wsqS
15.7746 	EXP 	whitesquare: autoDraw = True
15.7746 	EXP 	whitesquare: autoDraw = False
15.7754 	DATA 	wsqS
15.7909 	EXP 	whitesquare: autoDraw = True
15.7909 	EXP 	whitesquare: autoDraw = False
15.7916 	DATA 	wsqS
15.8083 	EXP 	whitesquare: autoDraw = True
15.8083 	EXP 	whitesquare: autoDraw = False
15.8089 	DATA 	wsqS
15.8242 	EXP 	whitesquare: autoDraw = True
15.8242 	EXP 	whitesquare: autoDraw = False
15.8249 	DATA 	wsqS
15.8412 	EXP 	whitesquare: autoDraw = True
15.8412 	EXP 	whitesquare: autoDraw = False
15.8420 	DATA 	wsqS
15.8578 	EXP 	whitesquare: autoDraw = True
15.8578 	EXP 	whitesquare: autoDraw = False
15.8585 	DATA 	wsqS
15.8746 	EXP 	whitesquare: autoDraw = True
15.8746 	EXP 	whitesquare: autoDraw = False
15.8754 	DATA 	wsqS
15.8911 	EXP 	whitesquare: autoDraw = True
15.8911 	EXP 	whitesquare: autoDraw = False
15.8918 	DATA 	wsqS
15.9080 	EXP 	whitesquare: autoDraw = True
15.9080 	EXP 	whitesquare: autoDraw = False
15.9087 	DATA 	wsqS
15.9243 	EXP 	whitesquare: autoDraw = True
15.9243 	EXP 	whitesquare: autoDraw = False
15.9252 	DATA 	wsqS
15.9413 	EXP 	whitesquare: autoDraw = True
15.9413 	EXP 	whitesquare: autoDraw = False
15.9421 	DATA 	wsqS
15.9576 	EXP 	whitesquare: autoDraw = True
15.9576 	EXP 	whitesquare: autoDraw = False
15.9584 	DATA 	wsqS
15.9747 	EXP 	whitesquare: autoDraw = True
15.9747 	EXP 	whitesquare: autoDraw = False
15.9754 	DATA 	wsqS
15.9910 	EXP 	whitesquare: autoDraw = True
15.9910 	EXP 	whitesquare: autoDraw = False
15.9916 	DATA 	wsqS
16.0081 	EXP 	whitesquare: autoDraw = True
16.0081 	EXP 	whitesquare: autoDraw = False
16.0090 	DATA 	wsqS
16.0243 	EXP 	whitesquare: autoDraw = True
16.0243 	EXP 	whitesquare: autoDraw = False
16.0251 	DATA 	wsqS
16.0414 	EXP 	whitesquare: autoDraw = True
16.0414 	EXP 	whitesquare: autoDraw = False
16.0421 	DATA 	wsqS
16.0576 	EXP 	whitesquare: autoDraw = True
16.0576 	EXP 	whitesquare: autoDraw = False
16.0584 	DATA 	wsqS
16.0746 	EXP 	whitesquare: autoDraw = True
16.0746 	EXP 	whitesquare: autoDraw = False
16.0754 	DATA 	wsqS
16.0910 	EXP 	whitesquare: autoDraw = True
16.0910 	EXP 	whitesquare: autoDraw = False
16.0917 	DATA 	wsqS
16.1083 	EXP 	whitesquare: autoDraw = True
16.1083 	EXP 	whitesquare: autoDraw = False
16.1090 	DATA 	wsqS
16.1244 	EXP 	whitesquare: autoDraw = True
16.1244 	EXP 	whitesquare: autoDraw = False
16.1250 	DATA 	wsqS
16.1414 	EXP 	whitesquare: autoDraw = True
16.1414 	EXP 	whitesquare: autoDraw = False
16.1421 	DATA 	wsqS
16.1577 	EXP 	whitesquare: autoDraw = True
16.1577 	EXP 	whitesquare: autoDraw = False
16.1585 	DATA 	wsqS
16.1747 	EXP 	whitesquare: autoDraw = True
16.1747 	EXP 	whitesquare: autoDraw = False
16.1755 	DATA 	wsqS
16.1910 	EXP 	whitesquare: autoDraw = True
16.1910 	EXP 	whitesquare: autoDraw = False
16.1918 	DATA 	wsqS
16.2080 	EXP 	whitesquare: autoDraw = True
16.2080 	EXP 	whitesquare: autoDraw = False
16.2090 	DATA 	wsqS
16.2244 	EXP 	whitesquare: autoDraw = True
16.2244 	EXP 	whitesquare: autoDraw = False
16.2251 	DATA 	wsqS
16.2414 	EXP 	whitesquare: autoDraw = True
16.2414 	EXP 	whitesquare: autoDraw = False
16.2422 	DATA 	wsqS
16.2577 	EXP 	whitesquare: autoDraw = True
16.2577 	EXP 	whitesquare: autoDraw = False
16.2585 	DATA 	wsqS
16.2748 	EXP 	whitesquare: autoDraw = True
16.2748 	EXP 	whitesquare: autoDraw = False
16.2756 	DATA 	wsqS
16.2911 	EXP 	whitesquare: autoDraw = True
16.2911 	EXP 	whitesquare: autoDraw = False
16.2919 	DATA 	wsqS
16.3082 	EXP 	whitesquare: autoDraw = True
16.3082 	EXP 	whitesquare: autoDraw = False
16.3089 	DATA 	wsqS
16.3244 	EXP 	whitesquare: autoDraw = True
16.3244 	EXP 	whitesquare: autoDraw = False
16.3251 	DATA 	wsqS
16.3414 	EXP 	whitesquare: autoDraw = True
16.3414 	EXP 	whitesquare: autoDraw = False
16.3423 	DATA 	wsqS
16.3578 	EXP 	whitesquare: autoDraw = True
16.3578 	EXP 	whitesquare: autoDraw = False
16.3585 	DATA 	wsqS
16.3748 	EXP 	whitesquare: autoDraw = True
16.3748 	EXP 	whitesquare: autoDraw = False
16.3756 	DATA 	wsqS
16.3913 	EXP 	whitesquare: autoDraw = True
16.3913 	EXP 	whitesquare: autoDraw = False
16.3920 	DATA 	wsqS
16.4082 	EXP 	whitesquare: autoDraw = True
16.4082 	EXP 	whitesquare: autoDraw = False
16.4088 	DATA 	wsqS
16.4245 	EXP 	whitesquare: autoDraw = True
16.4245 	EXP 	whitesquare: autoDraw = False
16.4254 	DATA 	wsqS
16.4415 	EXP 	whitesquare: autoDraw = True
16.4415 	EXP 	whitesquare: autoDraw = False
16.4423 	DATA 	wsqS
16.4578 	EXP 	whitesquare: autoDraw = True
16.4578 	EXP 	whitesquare: autoDraw = False
16.4586 	DATA 	wsqS
16.4749 	EXP 	whitesquare: autoDraw = True
16.4749 	EXP 	whitesquare: autoDraw = False
16.4757 	DATA 	wsqS
16.4912 	EXP 	whitesquare: autoDraw = True
16.4912 	EXP 	whitesquare: autoDraw = False
16.4919 	DATA 	wsqS
16.5082 	EXP 	whitesquare: autoDraw = True
16.5082 	EXP 	whitesquare: autoDraw = False
16.5090 	DATA 	wsqS
16.5247 	EXP 	whitesquare: autoDraw = True
16.5247 	EXP 	whitesquare: autoDraw = False
16.5254 	DATA 	wsqS
16.5418 	EXP 	whitesquare: autoDraw = True
16.5418 	EXP 	whitesquare: autoDraw = False
16.5425 	DATA 	wsqS
16.5580 	EXP 	whitesquare: autoDraw = True
16.5580 	EXP 	whitesquare: autoDraw = False
16.5587 	DATA 	wsqS
16.5749 	EXP 	whitesquare: autoDraw = True
16.5749 	EXP 	whitesquare: autoDraw = False
16.5757 	DATA 	wsqS
16.5912 	EXP 	whitesquare: autoDraw = True
16.5912 	EXP 	whitesquare: autoDraw = False
16.5920 	DATA 	wsqS
16.6083 	EXP 	whitesquare: autoDraw = True
16.6083 	EXP 	whitesquare: autoDraw = False
16.6090 	DATA 	wsqS
16.6249 	EXP 	whitesquare: autoDraw = True
16.6249 	EXP 	whitesquare: autoDraw = False
16.6255 	DATA 	wsqS
16.6416 	EXP 	whitesquare: autoDraw = True
16.6416 	EXP 	whitesquare: autoDraw = False
16.6425 	DATA 	wsqS
16.6580 	EXP 	whitesquare: autoDraw = True
16.6580 	EXP 	whitesquare: autoDraw = False
16.6587 	DATA 	wsqS
16.6749 	EXP 	whitesquare: autoDraw = True
16.6749 	EXP 	whitesquare: autoDraw = False
16.6757 	DATA 	wsqS
16.6913 	EXP 	whitesquare: autoDraw = True
16.6913 	EXP 	whitesquare: autoDraw = False
16.6921 	DATA 	wsqS
16.7083 	EXP 	whitesquare: autoDraw = True
16.7083 	EXP 	whitesquare: autoDraw = False
16.7090 	DATA 	wsqS
16.7247 	EXP 	whitesquare: autoDraw = True
16.7247 	EXP 	whitesquare: autoDraw = False
16.7255 	DATA 	wsqS
16.7417 	EXP 	whitesquare: autoDraw = True
16.7417 	EXP 	whitesquare: autoDraw = False
16.7425 	DATA 	wsqS
16.7580 	EXP 	whitesquare: autoDraw = True
16.7580 	EXP 	whitesquare: autoDraw = False
16.7586 	DATA 	wsqS
16.7750 	EXP 	whitesquare: autoDraw = True
16.7750 	EXP 	whitesquare: autoDraw = False
16.7758 	DATA 	wsqS
16.7913 	EXP 	whitesquare: autoDraw = True
16.7913 	EXP 	whitesquare: autoDraw = False
16.7921 	DATA 	wsqS
16.8084 	EXP 	whitesquare: autoDraw = True
16.8084 	EXP 	whitesquare: autoDraw = False
16.8091 	DATA 	wsqS
16.8247 	EXP 	whitesquare: autoDraw = True
16.8247 	EXP 	whitesquare: autoDraw = False
16.8253 	DATA 	wsqS
16.8417 	EXP 	whitesquare: autoDraw = True
16.8417 	EXP 	whitesquare: autoDraw = False
16.8425 	DATA 	wsqS
16.8581 	EXP 	whitesquare: autoDraw = True
16.8581 	EXP 	whitesquare: autoDraw = False
16.8589 	DATA 	wsqS
16.8750 	EXP 	whitesquare: autoDraw = True
16.8750 	EXP 	whitesquare: autoDraw = False
16.8758 	DATA 	wsqS
16.8914 	EXP 	whitesquare: autoDraw = True
16.8914 	EXP 	whitesquare: autoDraw = False
16.8922 	DATA 	wsqS
16.9084 	EXP 	whitesquare: autoDraw = True
16.9084 	EXP 	whitesquare: autoDraw = False
16.9091 	DATA 	wsqS
16.9248 	EXP 	whitesquare: autoDraw = True
16.9248 	EXP 	whitesquare: autoDraw = False
16.9255 	DATA 	wsqS
16.9417 	EXP 	whitesquare: autoDraw = True
16.9417 	EXP 	whitesquare: autoDraw = False
16.9425 	DATA 	wsqS
16.9581 	EXP 	whitesquare: autoDraw = True
16.9581 	EXP 	whitesquare: autoDraw = False
16.9588 	DATA 	wsqS
16.9750 	EXP 	whitesquare: autoDraw = True
16.9750 	EXP 	whitesquare: autoDraw = False
16.9758 	DATA 	wsqS
16.9915 	EXP 	whitesquare: autoDraw = True
16.9915 	EXP 	whitesquare: autoDraw = False
16.9922 	DATA 	wsqS
17.0084 	EXP 	whitesquare: autoDraw = True
17.0084 	EXP 	whitesquare: autoDraw = False
17.0092 	DATA 	wsqS
17.0248 	EXP 	whitesquare: autoDraw = True
17.0248 	EXP 	whitesquare: autoDraw = False
17.0256 	DATA 	wsqS
17.0419 	EXP 	whitesquare: autoDraw = True
17.0419 	EXP 	whitesquare: autoDraw = False
17.0427 	DATA 	wsqS
17.0581 	EXP 	whitesquare: autoDraw = True
17.0581 	EXP 	whitesquare: autoDraw = False
17.0589 	DATA 	wsqS
17.0751 	EXP 	whitesquare: autoDraw = True
17.0751 	EXP 	whitesquare: autoDraw = False
17.0759 	DATA 	wsqS
17.0915 	EXP 	whitesquare: autoDraw = True
17.0915 	EXP 	whitesquare: autoDraw = False
17.0922 	DATA 	wsqS
17.1084 	EXP 	whitesquare: autoDraw = True
17.1084 	EXP 	whitesquare: autoDraw = False
17.1092 	DATA 	wsqS
17.1248 	EXP 	whitesquare: autoDraw = True
17.1248 	EXP 	whitesquare: autoDraw = False
17.1257 	DATA 	wsqS
17.1421 	EXP 	whitesquare: autoDraw = True
17.1421 	EXP 	whitesquare: autoDraw = False
17.1428 	DATA 	wsqS
17.1582 	EXP 	whitesquare: autoDraw = True
17.1582 	EXP 	whitesquare: autoDraw = False
17.1588 	DATA 	wsqS
17.1752 	EXP 	whitesquare: autoDraw = True
17.1752 	EXP 	whitesquare: autoDraw = False
17.1759 	DATA 	wsqS
17.1917 	EXP 	whitesquare: autoDraw = True
17.1917 	EXP 	whitesquare: autoDraw = False
17.1924 	DATA 	wsqS
17.2085 	EXP 	whitesquare: autoDraw = True
17.2085 	EXP 	whitesquare: autoDraw = False
17.2093 	DATA 	wsqS
17.2249 	EXP 	whitesquare: autoDraw = True
17.2249 	EXP 	whitesquare: autoDraw = False
17.2257 	DATA 	wsqS
17.2420 	EXP 	whitesquare: autoDraw = True
17.2420 	EXP 	whitesquare: autoDraw = False
17.2427 	DATA 	wsqS
17.2582 	EXP 	whitesquare: autoDraw = True
17.2582 	EXP 	whitesquare: autoDraw = False
17.2590 	DATA 	wsqS
17.2752 	EXP 	whitesquare: autoDraw = True
17.2752 	EXP 	whitesquare: autoDraw = False
17.2760 	DATA 	wsqS
17.2915 	EXP 	whitesquare: autoDraw = True
17.2915 	EXP 	whitesquare: autoDraw = False
17.2923 	DATA 	wsqS
17.2923 	EXP 	Sound  started
18.2936 	EXP 	Sound  stopped
18.2940 	EXP 	Set  sound=./sound/left_speak.wav
18.2941 	EXP 	Set  sound=./sound/right_speak.wav
18.2942 	EXP 	Set  sound=./sound/up_speak.wav
18.2943 	EXP 	Set  sound=./sound/down_speak.wav
18.3094 	EXP 	whitesquare: autoDraw = True
18.3094 	EXP 	whitesquare: autoDraw = False
23.8141 	EXP 	Sound  started
26.8153 	EXP 	Sound  stopped
29.8321 	EXP 	Sound  started
32.8334 	EXP 	Sound  stopped
35.8526 	EXP 	Sound  started
38.6572 	DATA 	Keypress: escape
38.8538 	EXP 	Sound  stopped
39.1416 	EXP 	window1: mouseVisible = True
