6.1369 	WARNING 	User requested fullscreen with size [1024  768], but screen is actually [1280, 800]. Using actual size
6.8926 	EXP 	Created window1 = Window(allowGUI=False, allowStencil=False, args=UNKNOWN, autoLog=True, bitsMode=UNKNOWN, blendMode='avg', color=array([-1., -1., -1.]), colorSpace='rgb', fullscr=UNKNOWN, gamma=None, kwargs=UNKNOWN, lms=UNKNOWN, monitor=<psychopy.monitors.calibTools.Monitor object at 0x112d025c0>, multiSample=False, name='window1', numSamples=2, pos=[0.0, 0.0], screen=0, size=array([2560, 1600]), stereo=False, units='norm', useFBO=True, useRetina=True, viewOri=0.0, viewPos=None, viewScale=None, waitBlanking=True, winType='pyglet')
6.8927 	EXP 	window1: recordFrameIntervals = False
7.0584 	EXP 	window1: recordFrameIntervals = True
7.2418 	EXP 	window1: recordFrameIntervals = False
7.2506 	EXP 	<method-wrapper '__getattribute__' of attributeSetter object at 0x10446d198>: vertices = array([[-0.25,  0.25],
       [ 0.25,  0.25],
       [ 0.25, -0.25],
       [-0.25, -0.25]])
7.2525 	EXP 	Created whitesquare = Rect(__class__=<class 'psychopy.visual.rect.Rect'>, autoDraw=False, autoLog=True, closeShape=True, contrast=1.0, depth=0.0, fillColor=array([1., 1., 1.]), fillColorSpace='rgb', fillRGB=array([1., 1., 1.]), interpolate=True, lineColor=array([1., 1., 1.]), lineColorSpace='rgb', lineRGB=array([1., 1., 1.]), lineWidth=1, name='whitesquare', opacity=0.9, ori=array(0.), pos=array([14.9, 11.2]), size=array([1., 1.]), units='cm', vertices=ndarray(...), win=Window(...))
7.3763 	EXP 	Created intro_text = TextStim(__class__=<class 'psychopy.visual.text.TextStim'>, alignHoriz='center', alignVert='center', antialias=True, autoLog=True, bold=False, color='white', colorSpace='named', contrast=1.0, depth=0.0, flipHoriz=False, flipVert=False, font='Arial', fontFiles=[], height=0.1, italic=False, name='intro_text', opacity=1.0, ori=0, pos=array([0., 0.]), rgb=array([255., 255., 255.]), text=str(...), units='norm', win=Window(...), wrapWidth=1)
7.3995 	EXP 	Created intro_text = TextStim(__class__=<class 'psychopy.visual.text.TextStim'>, alignHoriz='center', alignVert='center', antialias=True, autoLog=True, bold=False, color='white', colorSpace='named', contrast=1.0, depth=0.0, flipHoriz=False, flipVert=False, font='Arial', fontFiles=[], height=0.1, italic=False, name='intro_text', opacity=1.0, ori=0, pos=array([0., 0.]), rgb=array([255., 255., 255.]), text=str(...), units='norm', win=Window(...), wrapWidth=1)
7.4159 	EXP 	Created open_text = TextStim(__class__=<class 'psychopy.visual.text.TextStim'>, alignHoriz='center', alignVert='center', antialias=True, autoLog=True, bold=False, color='white', colorSpace='named', contrast=1.0, depth=0.0, flipHoriz=False, flipVert=False, font='Arial', fontFiles=[], height=0.1, italic=False, name='open_text', opacity=1.0, ori=0, pos=array([0., 0.]), rgb=array([255., 255., 255.]), text=str(...), units='norm', win=Window(...), wrapWidth=1)
7.4215 	EXP 	Created fixation = TextStim(__class__=<class 'psychopy.visual.text.TextStim'>, alignHoriz='center', alignVert='center', antialias=True, autoLog=True, bold=False, color='white', colorSpace='named', contrast=1.0, depth=-1.0, flipHoriz=False, flipVert=False, font='Arial', fontFiles=[], height=0.1, italic=False, name='fixation', opacity=1.0, ori=0, pos=array([0., 0.]), rgb=array([255., 255., 255.]), text='+\n', units='norm', win=Window(...), wrapWidth=1)
7.4349 	EXP 	Created close_text = TextStim(__class__=<class 'psychopy.visual.text.TextStim'>, alignHoriz='center', alignVert='center', antialias=True, autoLog=True, bold=False, color='white', colorSpace='named', contrast=1.0, depth=0.0, flipHoriz=False, flipVert=False, font='Arial', fontFiles=[], height=0.1, italic=False, name='close_text', opacity=1.0, ori=0, pos=array([0., 0.]), rgb=array([255., 255., 255.]), text=str(...), units='norm', win=Window(...), wrapWidth=1)
7.4385 	EXP 	Created blank = TextStim(__class__=<class 'psychopy.visual.text.TextStim'>, alignHoriz='center', alignVert='center', antialias=True, autoLog=True, bold=False, color='white', colorSpace='named', contrast=1.0, depth=-1.0, flipHoriz=False, flipVert=False, font='Arial', fontFiles=[], height=0.1, italic=False, name='blank', opacity=1.0, ori=0, pos=array([0., 0.]), rgb=array([255., 255., 255.]), text=' ', units='norm', win=Window(...), wrapWidth=1)
7.5012 	EXP 	Set  sound=./sound/open_speak.wav
7.5013 	EXP 	Set Sound  volume=1.000
7.5139 	EXP 	Created gaze_text = TextStim(__class__=<class 'psychopy.visual.text.TextStim'>, alignHoriz='center', alignVert='center', antialias=True, autoLog=True, bold=False, color='white', colorSpace='named', contrast=1.0, depth=0.0, flipHoriz=False, flipVert=False, font='Arial', fontFiles=[], height=0.1, italic=False, name='gaze_text', opacity=1.0, ori=0, pos=array([0., 0.]), rgb=array([255., 255., 255.]), text=str(...), units='norm', win=Window(...), wrapWidth=1)
7.5157 	EXP 	Created center = ShapeStim(__class__=<class 'psychopy.visual.shape.ShapeStim'>, autoDraw=False, autoLog=True, closeShape=True, contrast=1.0, depth=0.0, fillColor=array([1., 1., 1.]), fillColorSpace='rgb', interpolate=True, lineColor=array([1., 1., 1.]), lineColorSpace='rgb', lineWidth=1, name='center', opacity=1.0, ori=array(0.), pos=array([0., 0.]), size=array([0.5, 0.5]), units='cm', vertices=ndarray(...), win=Window(...), windingRule=None)
7.5166 	EXP 	Set  sound=./sound/left_speak.wav
7.5166 	EXP 	Set Sound  volume=1.000
7.5184 	EXP 	Created left = ShapeStim(__class__=<class 'psychopy.visual.shape.ShapeStim'>, autoDraw=False, autoLog=True, closeShape=True, contrast=1.0, depth=0.0, fillColor=array([1., 1., 1.]), fillColorSpace='rgb', interpolate=True, lineColor=array([1., 1., 1.]), lineColorSpace='rgb', lineWidth=1, name='left', opacity=1.0, ori=array(0.), pos=array([-14.,   0.]), size=array([0.5, 0.5]), units='cm', vertices=ndarray(...), win=Window(...), windingRule=None)
7.5192 	EXP 	Set  sound=./sound/right_speak.wav
7.5192 	EXP 	Set Sound  volume=1.000
7.5222 	EXP 	Created right = ShapeStim(__class__=<class 'psychopy.visual.shape.ShapeStim'>, autoDraw=False, autoLog=True, closeShape=True, contrast=1.0, depth=0.0, fillColor=array([1., 1., 1.]), fillColorSpace='rgb', interpolate=True, lineColor=array([1., 1., 1.]), lineColorSpace='rgb', lineWidth=1, name='right', opacity=1.0, ori=array(0.), pos=array([14.,  0.]), size=array([0.5, 0.5]), units='cm', vertices=ndarray(...), win=Window(...), windingRule=None)
7.5232 	EXP 	Set  sound=./sound/up_speak.wav
7.5232 	EXP 	Set Sound  volume=1.000
7.5254 	EXP 	Created up = ShapeStim(__class__=<class 'psychopy.visual.shape.ShapeStim'>, autoDraw=False, autoLog=True, closeShape=True, contrast=1.0, depth=0.0, fillColor=array([1., 1., 1.]), fillColorSpace='rgb', interpolate=True, lineColor=array([1., 1., 1.]), lineColorSpace='rgb', lineWidth=1, name='up', opacity=1.0, ori=array(0.), pos=array([ 0., 14.]), size=array([0.5, 0.5]), units='cm', vertices=ndarray(...), win=Window(...), windingRule=None)
7.5263 	EXP 	Set  sound=./sound/down_speak.wav
7.5264 	EXP 	Set Sound  volume=1.000
7.5283 	EXP 	Created down = ShapeStim(__class__=<class 'psychopy.visual.shape.ShapeStim'>, autoDraw=False, autoLog=True, closeShape=True, contrast=1.0, depth=0.0, fillColor=array([1., 1., 1.]), fillColorSpace='rgb', interpolate=True, lineColor=array([1., 1., 1.]), lineColorSpace='rgb', lineWidth=1, name='down', opacity=1.0, ori=array(0.), pos=array([  0., -14.]), size=array([0.5, 0.5]), units='cm', vertices=ndarray(...), win=Window(...), windingRule=None)
7.5366 	EXP 	Created esc = TextStim(__class__=<class 'psychopy.visual.text.TextStim'>, alignHoriz='center', alignVert='center', antialias=True, autoLog=True, bold=False, color='white', colorSpace='named', contrast=1.0, depth=0.0, flipHoriz=False, flipVert=False, font='Arial', fontFiles=[], height=0.1, italic=False, name='esc', opacity=1.0, ori=0, pos=array([0., 0.]), rgb=array([255., 255., 255.]), text="End of test\n\nPress 'esc'", units='norm', win=Window(...), wrapWidth=1)
7.5592 	EXP 	intro_text: autoDraw = True
7.5592 	EXP 	whitesquare: autoDraw = True
8.1795 	DATA 	Keypress: space
8.2082 	EXP 	intro_text: autoDraw = False
8.2082 	EXP 	whitesquare: autoDraw = False
8.2082 	EXP 	intro_text: autoDraw = True
8.4448 	DATA 	Keypress: space
8.4591 	EXP 	intro_text: autoDraw = False
8.4591 	EXP 	open_text: autoDraw = True
12.4434 	DATA 	wsqS
12.4606 	EXP 	open_text: autoDraw = False
12.4606 	EXP 	fixation: autoDraw = True
12.4606 	EXP 	whitesquare: autoDraw = True
12.4763 	EXP 	whitesquare: autoDraw = False
12.4935 	EXP 	whitesquare: autoDraw = False
12.5099 	EXP 	whitesquare: autoDraw = False
12.5270 	EXP 	whitesquare: autoDraw = False
12.5432 	EXP 	whitesquare: autoDraw = False
12.5607 	EXP 	whitesquare: autoDraw = False
12.5764 	EXP 	whitesquare: autoDraw = False
12.5937 	EXP 	whitesquare: autoDraw = False
12.6102 	EXP 	whitesquare: autoDraw = False
12.6267 	EXP 	whitesquare: autoDraw = False
12.6434 	EXP 	whitesquare: autoDraw = False
12.6606 	EXP 	whitesquare: autoDraw = False
12.6765 	EXP 	whitesquare: autoDraw = False
12.6937 	EXP 	whitesquare: autoDraw = False
12.7100 	EXP 	whitesquare: autoDraw = False
12.7270 	EXP 	whitesquare: autoDraw = False
12.7432 	EXP 	whitesquare: autoDraw = False
12.7608 	EXP 	whitesquare: autoDraw = False
12.7765 	EXP 	whitesquare: autoDraw = False
12.7936 	EXP 	whitesquare: autoDraw = False
12.8102 	EXP 	whitesquare: autoDraw = False
12.8268 	EXP 	whitesquare: autoDraw = False
12.8435 	EXP 	whitesquare: autoDraw = False
12.8608 	EXP 	whitesquare: autoDraw = False
12.8767 	EXP 	whitesquare: autoDraw = False
12.8937 	EXP 	whitesquare: autoDraw = False
12.9102 	EXP 	whitesquare: autoDraw = False
12.9270 	EXP 	whitesquare: autoDraw = False
12.9432 	EXP 	whitesquare: autoDraw = False
12.9608 	EXP 	whitesquare: autoDraw = False
12.9768 	EXP 	whitesquare: autoDraw = False
12.9938 	EXP 	whitesquare: autoDraw = False
13.0103 	EXP 	whitesquare: autoDraw = False
13.0269 	EXP 	whitesquare: autoDraw = False
13.0432 	EXP 	whitesquare: autoDraw = False
13.0608 	EXP 	whitesquare: autoDraw = False
13.0764 	EXP 	whitesquare: autoDraw = False
13.0938 	EXP 	whitesquare: autoDraw = False
13.1104 	EXP 	whitesquare: autoDraw = False
13.1270 	EXP 	whitesquare: autoDraw = False
13.1433 	EXP 	whitesquare: autoDraw = False
13.1608 	EXP 	whitesquare: autoDraw = False
13.1765 	EXP 	whitesquare: autoDraw = False
13.1937 	EXP 	whitesquare: autoDraw = False
13.2104 	EXP 	whitesquare: autoDraw = False
13.2271 	EXP 	whitesquare: autoDraw = False
13.2433 	EXP 	whitesquare: autoDraw = False
13.2610 	EXP 	whitesquare: autoDraw = False
13.2767 	EXP 	whitesquare: autoDraw = False
13.2938 	EXP 	whitesquare: autoDraw = False
13.3105 	EXP 	whitesquare: autoDraw = False
13.3271 	EXP 	whitesquare: autoDraw = False
13.3435 	EXP 	whitesquare: autoDraw = False
13.3609 	EXP 	whitesquare: autoDraw = False
13.3766 	EXP 	whitesquare: autoDraw = False
13.3939 	EXP 	whitesquare: autoDraw = False
13.4105 	EXP 	whitesquare: autoDraw = False
13.4271 	EXP 	whitesquare: autoDraw = False
13.4435 	EXP 	whitesquare: autoDraw = False
13.4610 	EXP 	whitesquare: autoDraw = False
13.4767 	EXP 	whitesquare: autoDraw = False
13.4939 	EXP 	whitesquare: autoDraw = False
13.5104 	EXP 	whitesquare: autoDraw = False
13.5275 	EXP 	whitesquare: autoDraw = False
13.5436 	EXP 	whitesquare: autoDraw = False
13.5610 	EXP 	whitesquare: autoDraw = False
13.5768 	EXP 	whitesquare: autoDraw = False
13.5939 	EXP 	whitesquare: autoDraw = False
13.6106 	EXP 	whitesquare: autoDraw = False
13.6271 	EXP 	whitesquare: autoDraw = False
13.6435 	EXP 	whitesquare: autoDraw = False
13.6612 	EXP 	whitesquare: autoDraw = False
13.6769 	EXP 	whitesquare: autoDraw = False
13.6942 	EXP 	whitesquare: autoDraw = False
13.7105 	EXP 	whitesquare: autoDraw = False
13.7271 	EXP 	whitesquare: autoDraw = False
13.7435 	EXP 	whitesquare: autoDraw = False
13.7612 	EXP 	whitesquare: autoDraw = False
13.7767 	EXP 	whitesquare: autoDraw = False
13.7940 	EXP 	whitesquare: autoDraw = False
13.8105 	EXP 	whitesquare: autoDraw = False
13.8271 	EXP 	whitesquare: autoDraw = False
13.8435 	EXP 	whitesquare: autoDraw = False
13.8613 	EXP 	whitesquare: autoDraw = False
13.8768 	EXP 	whitesquare: autoDraw = False
13.8940 	EXP 	whitesquare: autoDraw = False
13.9104 	EXP 	whitesquare: autoDraw = False
13.9281 	EXP 	whitesquare: autoDraw = False
13.9437 	EXP 	whitesquare: autoDraw = False
13.9623 	EXP 	whitesquare: autoDraw = False
13.9774 	EXP 	whitesquare: autoDraw = False
13.9944 	EXP 	whitesquare: autoDraw = False
14.0108 	EXP 	whitesquare: autoDraw = False
14.0275 	EXP 	whitesquare: autoDraw = False
14.0441 	EXP 	whitesquare: autoDraw = False
14.0619 	EXP 	whitesquare: autoDraw = False
14.0776 	EXP 	whitesquare: autoDraw = False
14.0943 	EXP 	whitesquare: autoDraw = False
14.1110 	EXP 	whitesquare: autoDraw = False
14.1277 	EXP 	whitesquare: autoDraw = False
14.1440 	EXP 	whitesquare: autoDraw = False
14.1612 	EXP 	whitesquare: autoDraw = False
14.1772 	EXP 	whitesquare: autoDraw = False
14.1944 	EXP 	whitesquare: autoDraw = False
14.2111 	EXP 	whitesquare: autoDraw = False
14.2279 	EXP 	whitesquare: autoDraw = False
14.2441 	EXP 	whitesquare: autoDraw = False
14.2613 	EXP 	whitesquare: autoDraw = False
14.2778 	EXP 	whitesquare: autoDraw = False
14.2946 	EXP 	whitesquare: autoDraw = False
14.3120 	EXP 	whitesquare: autoDraw = False
14.3280 	EXP 	whitesquare: autoDraw = False
14.3438 	EXP 	whitesquare: autoDraw = False
14.3616 	EXP 	whitesquare: autoDraw = False
14.3773 	EXP 	whitesquare: autoDraw = False
14.3945 	EXP 	whitesquare: autoDraw = False
14.4113 	EXP 	whitesquare: autoDraw = False
14.4284 	EXP 	whitesquare: autoDraw = False
14.4441 	EXP 	whitesquare: autoDraw = False
14.4620 	EXP 	whitesquare: autoDraw = False
14.4778 	EXP 	whitesquare: autoDraw = False
14.4944 	EXP 	whitesquare: autoDraw = False
14.5120 	EXP 	whitesquare: autoDraw = False
14.5281 	EXP 	whitesquare: autoDraw = False
14.5440 	EXP 	whitesquare: autoDraw = False
14.5616 	EXP 	whitesquare: autoDraw = False
14.5773 	EXP 	whitesquare: autoDraw = False
14.5947 	EXP 	whitesquare: autoDraw = False
14.6121 	EXP 	whitesquare: autoDraw = False
14.6282 	EXP 	whitesquare: autoDraw = False
14.6444 	EXP 	whitesquare: autoDraw = False
14.6618 	EXP 	whitesquare: autoDraw = False
14.6775 	EXP 	whitesquare: autoDraw = False
14.6946 	EXP 	whitesquare: autoDraw = False
14.7116 	EXP 	whitesquare: autoDraw = False
14.7285 	EXP 	whitesquare: autoDraw = False
14.7445 	EXP 	whitesquare: autoDraw = False
14.7617 	EXP 	whitesquare: autoDraw = False
14.7784 	EXP 	whitesquare: autoDraw = False
14.7944 	EXP 	whitesquare: autoDraw = False
14.8111 	EXP 	whitesquare: autoDraw = False
14.8277 	EXP 	whitesquare: autoDraw = False
14.8438 	EXP 	whitesquare: autoDraw = False
14.8622 	EXP 	whitesquare: autoDraw = False
14.8773 	EXP 	whitesquare: autoDraw = False
14.8946 	EXP 	whitesquare: autoDraw = False
14.9110 	EXP 	whitesquare: autoDraw = False
14.9282 	EXP 	whitesquare: autoDraw = False
14.9439 	EXP 	whitesquare: autoDraw = False
14.9621 	EXP 	whitesquare: autoDraw = False
14.9774 	EXP 	whitesquare: autoDraw = False
14.9943 	EXP 	whitesquare: autoDraw = False
15.0110 	EXP 	whitesquare: autoDraw = False
15.0277 	EXP 	whitesquare: autoDraw = False
15.0438 	EXP 	whitesquare: autoDraw = False
15.0615 	EXP 	whitesquare: autoDraw = False
15.0774 	EXP 	whitesquare: autoDraw = False
15.0945 	EXP 	whitesquare: autoDraw = False
15.1111 	EXP 	whitesquare: autoDraw = False
15.1279 	EXP 	whitesquare: autoDraw = False
15.1439 	EXP 	whitesquare: autoDraw = False
15.1624 	EXP 	whitesquare: autoDraw = False
15.1775 	EXP 	whitesquare: autoDraw = False
15.1945 	EXP 	whitesquare: autoDraw = False
15.2112 	EXP 	whitesquare: autoDraw = False
15.2278 	EXP 	whitesquare: autoDraw = False
15.2441 	EXP 	whitesquare: autoDraw = False
15.2624 	EXP 	whitesquare: autoDraw = False
15.2775 	EXP 	whitesquare: autoDraw = False
15.2944 	EXP 	whitesquare: autoDraw = False
15.3111 	EXP 	whitesquare: autoDraw = False
15.3280 	EXP 	whitesquare: autoDraw = False
15.3440 	EXP 	whitesquare: autoDraw = False
15.3619 	EXP 	whitesquare: autoDraw = False
15.3775 	EXP 	whitesquare: autoDraw = False
15.3945 	EXP 	whitesquare: autoDraw = False
15.4112 	EXP 	whitesquare: autoDraw = False
15.4280 	EXP 	whitesquare: autoDraw = False
15.4443 	EXP 	whitesquare: autoDraw = False
15.4619 	EXP 	whitesquare: autoDraw = False
15.4776 	EXP 	whitesquare: autoDraw = False
15.4945 	EXP 	whitesquare: autoDraw = False
15.5120 	EXP 	whitesquare: autoDraw = False
15.5278 	EXP 	whitesquare: autoDraw = False
15.5441 	EXP 	whitesquare: autoDraw = False
15.5621 	EXP 	whitesquare: autoDraw = False
15.5776 	EXP 	whitesquare: autoDraw = False
15.5946 	EXP 	whitesquare: autoDraw = False
15.6121 	EXP 	whitesquare: autoDraw = False
15.6281 	EXP 	whitesquare: autoDraw = False
15.6442 	EXP 	whitesquare: autoDraw = False
15.6620 	EXP 	whitesquare: autoDraw = False
15.6776 	EXP 	whitesquare: autoDraw = False
15.6947 	EXP 	whitesquare: autoDraw = False
15.7121 	EXP 	whitesquare: autoDraw = False
15.7282 	EXP 	whitesquare: autoDraw = False
15.7443 	EXP 	whitesquare: autoDraw = False
15.7618 	EXP 	whitesquare: autoDraw = False
15.7778 	EXP 	whitesquare: autoDraw = False
15.7948 	EXP 	whitesquare: autoDraw = False
15.8115 	EXP 	whitesquare: autoDraw = False
15.8281 	EXP 	whitesquare: autoDraw = False
15.8443 	EXP 	whitesquare: autoDraw = False
15.8621 	EXP 	whitesquare: autoDraw = False
15.8777 	EXP 	whitesquare: autoDraw = False
15.8947 	EXP 	whitesquare: autoDraw = False
15.9115 	EXP 	whitesquare: autoDraw = False
15.9281 	EXP 	whitesquare: autoDraw = False
15.9443 	EXP 	whitesquare: autoDraw = False
15.9625 	EXP 	whitesquare: autoDraw = False
15.9778 	EXP 	whitesquare: autoDraw = False
15.9948 	EXP 	whitesquare: autoDraw = False
16.0122 	EXP 	whitesquare: autoDraw = False
16.0282 	EXP 	whitesquare: autoDraw = False
16.0444 	EXP 	whitesquare: autoDraw = False
16.0623 	EXP 	whitesquare: autoDraw = False
16.0778 	EXP 	whitesquare: autoDraw = False
16.0949 	EXP 	whitesquare: autoDraw = False
16.1116 	EXP 	whitesquare: autoDraw = False
16.1284 	EXP 	whitesquare: autoDraw = False
16.1444 	EXP 	whitesquare: autoDraw = False
16.1620 	EXP 	whitesquare: autoDraw = False
16.1779 	EXP 	whitesquare: autoDraw = False
16.1948 	EXP 	whitesquare: autoDraw = False
16.2116 	EXP 	whitesquare: autoDraw = False
16.2282 	EXP 	whitesquare: autoDraw = False
16.2445 	EXP 	whitesquare: autoDraw = False
16.2621 	EXP 	whitesquare: autoDraw = False
16.2782 	EXP 	whitesquare: autoDraw = False
16.2949 	EXP 	whitesquare: autoDraw = False
16.3122 	EXP 	whitesquare: autoDraw = False
16.3283 	EXP 	whitesquare: autoDraw = False
16.3445 	EXP 	whitesquare: autoDraw = False
16.3621 	EXP 	whitesquare: autoDraw = False
16.3780 	EXP 	whitesquare: autoDraw = False
16.3950 	EXP 	whitesquare: autoDraw = False
16.4123 	EXP 	whitesquare: autoDraw = False
16.4285 	EXP 	whitesquare: autoDraw = False
16.4446 	EXP 	whitesquare: autoDraw = False
16.4623 	EXP 	whitesquare: autoDraw = False
16.4780 	EXP 	whitesquare: autoDraw = False
16.4949 	EXP 	whitesquare: autoDraw = False
16.5125 	EXP 	whitesquare: autoDraw = False
16.5284 	EXP 	whitesquare: autoDraw = False
16.5447 	EXP 	whitesquare: autoDraw = False
16.5623 	EXP 	whitesquare: autoDraw = False
16.5781 	EXP 	whitesquare: autoDraw = False
16.5950 	EXP 	whitesquare: autoDraw = False
16.6118 	EXP 	whitesquare: autoDraw = False
16.6285 	EXP 	whitesquare: autoDraw = False
16.6449 	EXP 	whitesquare: autoDraw = False
16.6623 	EXP 	whitesquare: autoDraw = False
16.6781 	EXP 	whitesquare: autoDraw = False
16.6953 	EXP 	whitesquare: autoDraw = False
16.7119 	EXP 	whitesquare: autoDraw = False
16.7285 	EXP 	whitesquare: autoDraw = False
16.7448 	EXP 	whitesquare: autoDraw = False
16.7623 	EXP 	whitesquare: autoDraw = False
16.7782 	EXP 	whitesquare: autoDraw = False
16.7953 	EXP 	whitesquare: autoDraw = False
16.8127 	EXP 	whitesquare: autoDraw = False
16.8286 	EXP 	whitesquare: autoDraw = False
16.8448 	EXP 	whitesquare: autoDraw = False
16.8623 	EXP 	whitesquare: autoDraw = False
16.8782 	EXP 	whitesquare: autoDraw = False
16.8952 	EXP 	whitesquare: autoDraw = False
16.9121 	EXP 	whitesquare: autoDraw = False
16.9287 	EXP 	whitesquare: autoDraw = False
16.9448 	EXP 	whitesquare: autoDraw = False
16.9625 	EXP 	whitesquare: autoDraw = False
16.9782 	EXP 	whitesquare: autoDraw = False
16.9952 	EXP 	whitesquare: autoDraw = False
17.0121 	EXP 	whitesquare: autoDraw = False
17.0286 	EXP 	whitesquare: autoDraw = False
17.0449 	EXP 	whitesquare: autoDraw = False
17.0625 	EXP 	whitesquare: autoDraw = False
17.0783 	EXP 	whitesquare: autoDraw = False
17.0953 	EXP 	whitesquare: autoDraw = False
17.1120 	EXP 	whitesquare: autoDraw = False
17.1287 	EXP 	whitesquare: autoDraw = False
17.1449 	EXP 	whitesquare: autoDraw = False
17.1626 	EXP 	whitesquare: autoDraw = False
17.1784 	EXP 	whitesquare: autoDraw = False
17.1954 	EXP 	whitesquare: autoDraw = False
17.2121 	EXP 	whitesquare: autoDraw = False
17.2288 	EXP 	whitesquare: autoDraw = False
17.2449 	EXP 	whitesquare: autoDraw = False
17.2626 	EXP 	whitesquare: autoDraw = False
17.2786 	EXP 	whitesquare: autoDraw = False
17.2953 	EXP 	whitesquare: autoDraw = False
17.3124 	EXP 	whitesquare: autoDraw = False
17.3288 	EXP 	whitesquare: autoDraw = False
17.3450 	EXP 	whitesquare: autoDraw = False
17.3627 	EXP 	whitesquare: autoDraw = False
17.3785 	EXP 	whitesquare: autoDraw = False
17.3954 	EXP 	whitesquare: autoDraw = False
17.4121 	EXP 	whitesquare: autoDraw = False
17.4289 	EXP 	whitesquare: autoDraw = False
17.4451 	EXP 	whitesquare: autoDraw = False
17.4461 	EXP 	Set  sound=./sound/open_speak.wav
17.4634 	EXP 	whitesquare: autoDraw = False
17.4634 	EXP 	fixation: autoDraw = False
17.4634 	EXP 	open_text: autoDraw = False
17.4634 	EXP 	fixation: autoDraw = False
17.4634 	EXP 	close_text: autoDraw = True
21.4639 	DATA 	wsqS
21.4815 	EXP 	close_text: autoDraw = False
21.4815 	EXP 	blank: autoDraw = True
21.4815 	EXP 	whitesquare: autoDraw = True
21.4971 	EXP 	whitesquare: autoDraw = False
21.5143 	EXP 	whitesquare: autoDraw = False
21.5309 	EXP 	whitesquare: autoDraw = False
21.5475 	EXP 	whitesquare: autoDraw = False
21.5637 	EXP 	whitesquare: autoDraw = False
21.5817 	EXP 	whitesquare: autoDraw = False
21.5972 	EXP 	whitesquare: autoDraw = False
21.6142 	EXP 	whitesquare: autoDraw = False
21.6310 	EXP 	whitesquare: autoDraw = False
21.6477 	EXP 	whitesquare: autoDraw = False
21.6638 	EXP 	whitesquare: autoDraw = False
21.6817 	EXP 	whitesquare: autoDraw = False
21.6973 	EXP 	whitesquare: autoDraw = False
21.7144 	EXP 	whitesquare: autoDraw = False
21.7312 	EXP 	whitesquare: autoDraw = False
21.7476 	EXP 	whitesquare: autoDraw = False
21.7640 	EXP 	whitesquare: autoDraw = False
21.7817 	EXP 	whitesquare: autoDraw = False
21.7972 	EXP 	whitesquare: autoDraw = False
21.8144 	EXP 	whitesquare: autoDraw = False
21.8311 	EXP 	whitesquare: autoDraw = False
21.8476 	EXP 	whitesquare: autoDraw = False
21.8638 	EXP 	whitesquare: autoDraw = False
21.8819 	EXP 	whitesquare: autoDraw = False
21.8975 	EXP 	whitesquare: autoDraw = False
21.9145 	EXP 	whitesquare: autoDraw = False
21.9312 	EXP 	whitesquare: autoDraw = False
21.9476 	EXP 	whitesquare: autoDraw = False
21.9640 	EXP 	whitesquare: autoDraw = False
21.9818 	EXP 	whitesquare: autoDraw = False
21.9975 	EXP 	whitesquare: autoDraw = False
22.0146 	EXP 	whitesquare: autoDraw = False
22.0311 	EXP 	whitesquare: autoDraw = False
22.0478 	EXP 	whitesquare: autoDraw = False
22.0642 	EXP 	whitesquare: autoDraw = False
22.0818 	EXP 	whitesquare: autoDraw = False
22.0974 	EXP 	whitesquare: autoDraw = False
22.1144 	EXP 	whitesquare: autoDraw = False
22.1311 	EXP 	whitesquare: autoDraw = False
22.1478 	EXP 	whitesquare: autoDraw = False
22.1641 	EXP 	whitesquare: autoDraw = False
22.1820 	EXP 	whitesquare: autoDraw = False
22.1975 	EXP 	whitesquare: autoDraw = False
22.2145 	EXP 	whitesquare: autoDraw = False
22.2311 	EXP 	whitesquare: autoDraw = False
22.2478 	EXP 	whitesquare: autoDraw = False
22.2640 	EXP 	whitesquare: autoDraw = False
22.2818 	EXP 	whitesquare: autoDraw = False
22.2974 	EXP 	whitesquare: autoDraw = False
22.3147 	EXP 	whitesquare: autoDraw = False
22.3312 	EXP 	whitesquare: autoDraw = False
22.3478 	EXP 	whitesquare: autoDraw = False
22.3641 	EXP 	whitesquare: autoDraw = False
22.3818 	EXP 	whitesquare: autoDraw = False
22.3976 	EXP 	whitesquare: autoDraw = False
22.4151 	EXP 	whitesquare: autoDraw = False
22.4313 	EXP 	whitesquare: autoDraw = False
22.4479 	EXP 	whitesquare: autoDraw = False
22.4641 	EXP 	whitesquare: autoDraw = False
22.4820 	EXP 	whitesquare: autoDraw = False
22.4975 	EXP 	whitesquare: autoDraw = False
22.5148 	EXP 	whitesquare: autoDraw = False
22.5313 	EXP 	whitesquare: autoDraw = False
22.5481 	EXP 	whitesquare: autoDraw = False
22.5642 	EXP 	whitesquare: autoDraw = False
22.5819 	EXP 	whitesquare: autoDraw = False
22.5976 	EXP 	whitesquare: autoDraw = False
22.6146 	EXP 	whitesquare: autoDraw = False
22.6314 	EXP 	whitesquare: autoDraw = False
22.6490 	EXP 	whitesquare: autoDraw = False
22.6642 	EXP 	whitesquare: autoDraw = False
22.6818 	EXP 	whitesquare: autoDraw = False
22.6979 	EXP 	whitesquare: autoDraw = False
22.7148 	EXP 	whitesquare: autoDraw = False
22.7319 	EXP 	whitesquare: autoDraw = False
22.7481 	EXP 	whitesquare: autoDraw = False
22.7644 	EXP 	whitesquare: autoDraw = False
22.7820 	EXP 	whitesquare: autoDraw = False
22.7977 	EXP 	whitesquare: autoDraw = False
22.8149 	EXP 	whitesquare: autoDraw = False
22.8317 	EXP 	whitesquare: autoDraw = False
22.8481 	EXP 	whitesquare: autoDraw = False
22.8644 	EXP 	whitesquare: autoDraw = False
22.8820 	EXP 	whitesquare: autoDraw = False
22.8978 	EXP 	whitesquare: autoDraw = False
22.9148 	EXP 	whitesquare: autoDraw = False
22.9317 	EXP 	whitesquare: autoDraw = False
22.9482 	EXP 	whitesquare: autoDraw = False
22.9644 	EXP 	whitesquare: autoDraw = False
22.9820 	EXP 	whitesquare: autoDraw = False
22.9978 	EXP 	whitesquare: autoDraw = False
23.0153 	EXP 	whitesquare: autoDraw = False
23.0318 	EXP 	whitesquare: autoDraw = False
23.0484 	EXP 	whitesquare: autoDraw = False
23.0644 	EXP 	whitesquare: autoDraw = False
23.0822 	EXP 	whitesquare: autoDraw = False
23.0979 	EXP 	whitesquare: autoDraw = False
23.1153 	EXP 	whitesquare: autoDraw = False
23.1322 	EXP 	whitesquare: autoDraw = False
23.1483 	EXP 	whitesquare: autoDraw = False
23.1645 	EXP 	whitesquare: autoDraw = False
23.1822 	EXP 	whitesquare: autoDraw = False
23.1981 	EXP 	whitesquare: autoDraw = False
23.2150 	EXP 	whitesquare: autoDraw = False
23.2318 	EXP 	whitesquare: autoDraw = False
23.2484 	EXP 	whitesquare: autoDraw = False
23.2645 	EXP 	whitesquare: autoDraw = False
23.2825 	EXP 	whitesquare: autoDraw = False
23.2980 	EXP 	whitesquare: autoDraw = False
23.3151 	EXP 	whitesquare: autoDraw = False
23.3322 	EXP 	whitesquare: autoDraw = False
23.3484 	EXP 	whitesquare: autoDraw = False
23.3646 	EXP 	whitesquare: autoDraw = False
23.3823 	EXP 	whitesquare: autoDraw = False
23.3980 	EXP 	whitesquare: autoDraw = False
23.4149 	EXP 	whitesquare: autoDraw = False
23.4317 	EXP 	whitesquare: autoDraw = False
23.4484 	EXP 	whitesquare: autoDraw = False
23.4647 	EXP 	whitesquare: autoDraw = False
23.4829 	EXP 	whitesquare: autoDraw = False
23.4981 	EXP 	whitesquare: autoDraw = False
23.5150 	EXP 	whitesquare: autoDraw = False
23.5321 	EXP 	whitesquare: autoDraw = False
23.5486 	EXP 	whitesquare: autoDraw = False
23.5646 	EXP 	whitesquare: autoDraw = False
23.5827 	EXP 	whitesquare: autoDraw = False
23.5981 	EXP 	whitesquare: autoDraw = False
23.6152 	EXP 	whitesquare: autoDraw = False
23.6319 	EXP 	whitesquare: autoDraw = False
23.6485 	EXP 	whitesquare: autoDraw = False
23.6649 	EXP 	whitesquare: autoDraw = False
23.6826 	EXP 	whitesquare: autoDraw = False
23.6983 	EXP 	whitesquare: autoDraw = False
23.7153 	EXP 	whitesquare: autoDraw = False
23.7321 	EXP 	whitesquare: autoDraw = False
23.7486 	EXP 	whitesquare: autoDraw = False
23.7651 	EXP 	whitesquare: autoDraw = False
23.7829 	EXP 	whitesquare: autoDraw = False
23.7982 	EXP 	whitesquare: autoDraw = False
23.8154 	EXP 	whitesquare: autoDraw = False
23.8319 	EXP 	whitesquare: autoDraw = False
23.8486 	EXP 	whitesquare: autoDraw = False
23.8648 	EXP 	whitesquare: autoDraw = False
23.8828 	EXP 	whitesquare: autoDraw = False
23.8983 	EXP 	whitesquare: autoDraw = False
23.9154 	EXP 	whitesquare: autoDraw = False
23.9322 	EXP 	whitesquare: autoDraw = False
23.9494 	EXP 	whitesquare: autoDraw = False
23.9655 	EXP 	whitesquare: autoDraw = False
23.9826 	EXP 	whitesquare: autoDraw = False
23.9988 	EXP 	whitesquare: autoDraw = False
24.0157 	EXP 	whitesquare: autoDraw = False
24.0326 	EXP 	whitesquare: autoDraw = False
24.0492 	EXP 	whitesquare: autoDraw = False
24.0657 	EXP 	whitesquare: autoDraw = False
24.0831 	EXP 	whitesquare: autoDraw = False
24.0991 	EXP 	whitesquare: autoDraw = False
24.1169 	EXP 	whitesquare: autoDraw = False
24.1326 	EXP 	whitesquare: autoDraw = False
24.1497 	EXP 	whitesquare: autoDraw = False
24.1654 	EXP 	whitesquare: autoDraw = False
24.1838 	EXP 	whitesquare: autoDraw = False
24.1999 	EXP 	whitesquare: autoDraw = False
24.2161 	EXP 	whitesquare: autoDraw = False
24.2321 	EXP 	whitesquare: autoDraw = False
24.2497 	EXP 	whitesquare: autoDraw = False
24.2656 	EXP 	whitesquare: autoDraw = False
24.2833 	EXP 	whitesquare: autoDraw = False
24.2991 	EXP 	whitesquare: autoDraw = False
24.3161 	EXP 	whitesquare: autoDraw = False
24.3325 	EXP 	whitesquare: autoDraw = False
24.3493 	EXP 	whitesquare: autoDraw = False
24.3654 	EXP 	whitesquare: autoDraw = False
24.3831 	EXP 	whitesquare: autoDraw = False
24.3987 	EXP 	whitesquare: autoDraw = False
24.4161 	EXP 	whitesquare: autoDraw = False
24.4323 	EXP 	whitesquare: autoDraw = False
24.4493 	EXP 	whitesquare: autoDraw = False
24.4656 	EXP 	whitesquare: autoDraw = False
24.4833 	EXP 	whitesquare: autoDraw = False
24.4999 	EXP 	whitesquare: autoDraw = False
24.5161 	EXP 	whitesquare: autoDraw = False
24.5325 	EXP 	whitesquare: autoDraw = False
24.5497 	EXP 	whitesquare: autoDraw = False
24.5654 	EXP 	whitesquare: autoDraw = False
24.5834 	EXP 	whitesquare: autoDraw = False
24.5988 	EXP 	whitesquare: autoDraw = False
24.6159 	EXP 	whitesquare: autoDraw = False
24.6325 	EXP 	whitesquare: autoDraw = False
24.6491 	EXP 	whitesquare: autoDraw = False
24.6654 	EXP 	whitesquare: autoDraw = False
24.6831 	EXP 	whitesquare: autoDraw = False
24.6990 	EXP 	whitesquare: autoDraw = False
24.7159 	EXP 	whitesquare: autoDraw = False
24.7328 	EXP 	whitesquare: autoDraw = False
24.7492 	EXP 	whitesquare: autoDraw = False
24.7659 	EXP 	whitesquare: autoDraw = False
24.7832 	EXP 	whitesquare: autoDraw = False
24.7988 	EXP 	whitesquare: autoDraw = False
24.8165 	EXP 	whitesquare: autoDraw = False
24.8331 	EXP 	whitesquare: autoDraw = False
24.8496 	EXP 	whitesquare: autoDraw = False
24.8654 	EXP 	whitesquare: autoDraw = False
24.8831 	EXP 	whitesquare: autoDraw = False
24.8989 	EXP 	whitesquare: autoDraw = False
24.9161 	EXP 	whitesquare: autoDraw = False
24.9326 	EXP 	whitesquare: autoDraw = False
24.9491 	EXP 	whitesquare: autoDraw = False
24.9653 	EXP 	whitesquare: autoDraw = False
24.9829 	EXP 	whitesquare: autoDraw = False
24.9988 	EXP 	whitesquare: autoDraw = False
25.0160 	EXP 	whitesquare: autoDraw = False
25.0326 	EXP 	whitesquare: autoDraw = False
25.0491 	EXP 	whitesquare: autoDraw = False
25.0654 	EXP 	whitesquare: autoDraw = False
25.0830 	EXP 	whitesquare: autoDraw = False
25.0988 	EXP 	whitesquare: autoDraw = False
25.1160 	EXP 	whitesquare: autoDraw = False
25.1332 	EXP 	whitesquare: autoDraw = False
25.1494 	EXP 	whitesquare: autoDraw = False
25.1654 	EXP 	whitesquare: autoDraw = False
25.1831 	EXP 	whitesquare: autoDraw = False
25.1991 	EXP 	whitesquare: autoDraw = False
25.2161 	EXP 	whitesquare: autoDraw = False
25.2327 	EXP 	whitesquare: autoDraw = False
25.2493 	EXP 	whitesquare: autoDraw = False
25.2655 	EXP 	whitesquare: autoDraw = False
25.2830 	EXP 	whitesquare: autoDraw = False
25.2989 	EXP 	whitesquare: autoDraw = False
25.3161 	EXP 	whitesquare: autoDraw = False
25.3328 	EXP 	whitesquare: autoDraw = False
25.3494 	EXP 	whitesquare: autoDraw = False
25.3654 	EXP 	whitesquare: autoDraw = False
25.3832 	EXP 	whitesquare: autoDraw = False
25.3989 	EXP 	whitesquare: autoDraw = False
25.4159 	EXP 	whitesquare: autoDraw = False
25.4327 	EXP 	whitesquare: autoDraw = False
25.4496 	EXP 	whitesquare: autoDraw = False
25.4655 	EXP 	whitesquare: autoDraw = False
25.4832 	EXP 	whitesquare: autoDraw = False
25.4990 	EXP 	whitesquare: autoDraw = False
25.5159 	EXP 	whitesquare: autoDraw = False
25.5328 	EXP 	whitesquare: autoDraw = False
25.5494 	EXP 	whitesquare: autoDraw = False
25.5658 	EXP 	whitesquare: autoDraw = False
25.5834 	EXP 	whitesquare: autoDraw = False
25.5990 	EXP 	whitesquare: autoDraw = False
25.6160 	EXP 	whitesquare: autoDraw = False
25.6326 	EXP 	whitesquare: autoDraw = False
25.6498 	EXP 	whitesquare: autoDraw = False
25.6656 	EXP 	whitesquare: autoDraw = False
25.6833 	EXP 	whitesquare: autoDraw = False
25.6991 	EXP 	whitesquare: autoDraw = False
25.7161 	EXP 	whitesquare: autoDraw = False
25.7329 	EXP 	whitesquare: autoDraw = False
25.7495 	EXP 	whitesquare: autoDraw = False
25.7659 	EXP 	whitesquare: autoDraw = False
25.7837 	EXP 	whitesquare: autoDraw = False
25.7992 	EXP 	whitesquare: autoDraw = False
25.8161 	EXP 	whitesquare: autoDraw = False
25.8327 	EXP 	whitesquare: autoDraw = False
25.8499 	EXP 	whitesquare: autoDraw = False
25.8657 	EXP 	whitesquare: autoDraw = False
25.8834 	EXP 	whitesquare: autoDraw = False
25.8993 	EXP 	whitesquare: autoDraw = False
25.9162 	EXP 	whitesquare: autoDraw = False
25.9329 	EXP 	whitesquare: autoDraw = False
25.9497 	EXP 	whitesquare: autoDraw = False
25.9658 	EXP 	whitesquare: autoDraw = False
25.9835 	EXP 	whitesquare: autoDraw = False
25.9993 	EXP 	whitesquare: autoDraw = False
26.0163 	EXP 	whitesquare: autoDraw = False
26.0330 	EXP 	whitesquare: autoDraw = False
26.0496 	EXP 	whitesquare: autoDraw = False
26.0659 	EXP 	whitesquare: autoDraw = False
26.0834 	EXP 	whitesquare: autoDraw = False
26.0994 	EXP 	whitesquare: autoDraw = False
26.1162 	EXP 	whitesquare: autoDraw = False
26.1328 	EXP 	whitesquare: autoDraw = False
26.1497 	EXP 	whitesquare: autoDraw = False
26.1658 	EXP 	whitesquare: autoDraw = False
26.1837 	EXP 	whitesquare: autoDraw = False
26.1997 	EXP 	whitesquare: autoDraw = False
26.2165 	EXP 	whitesquare: autoDraw = False
26.2331 	EXP 	whitesquare: autoDraw = False
26.2499 	EXP 	whitesquare: autoDraw = False
26.2661 	EXP 	whitesquare: autoDraw = False
26.2836 	EXP 	whitesquare: autoDraw = False
26.2994 	EXP 	whitesquare: autoDraw = False
26.3163 	EXP 	whitesquare: autoDraw = False
26.3330 	EXP 	whitesquare: autoDraw = False
26.3498 	EXP 	whitesquare: autoDraw = False
26.3661 	EXP 	whitesquare: autoDraw = False
26.3839 	EXP 	whitesquare: autoDraw = False
26.3994 	EXP 	whitesquare: autoDraw = False
26.4163 	EXP 	whitesquare: autoDraw = False
26.4333 	EXP 	whitesquare: autoDraw = False
26.4501 	EXP 	whitesquare: autoDraw = False
26.4660 	EXP 	whitesquare: autoDraw = False
26.4662 	EXP 	Sound  started
27.4674 	EXP 	Sound  stopped
27.4679 	EXP 	Set  sound=./sound/left_speak.wav
27.4680 	EXP 	Set  sound=./sound/right_speak.wav
27.4682 	EXP 	Set  sound=./sound/up_speak.wav
27.4684 	EXP 	Set  sound=./sound/down_speak.wav
27.4855 	EXP 	whitesquare: autoDraw = False
27.4855 	EXP 	blank: autoDraw = False
27.4855 	EXP 	close_text: autoDraw = False
27.4855 	EXP 	blank: autoDraw = False
27.4855 	EXP 	gaze_text: autoDraw = True
31.4690 	DATA 	wsqS
31.4865 	EXP 	gaze_text: autoDraw = False
31.4865 	EXP 	left: autoDraw = True
31.4865 	EXP 	whitesquare: autoDraw = True
31.5024 	EXP 	whitesquare: autoDraw = False
31.5024 	EXP 	whitesquare: autoDraw = False
31.5193 	EXP 	whitesquare: autoDraw = False
31.5193 	EXP 	whitesquare: autoDraw = False
31.5360 	EXP 	whitesquare: autoDraw = False
31.5360 	EXP 	whitesquare: autoDraw = False
31.5528 	EXP 	whitesquare: autoDraw = False
31.5528 	EXP 	whitesquare: autoDraw = False
31.5690 	EXP 	whitesquare: autoDraw = False
31.5690 	EXP 	whitesquare: autoDraw = False
31.5864 	EXP 	whitesquare: autoDraw = False
31.5864 	EXP 	whitesquare: autoDraw = False
31.6024 	EXP 	whitesquare: autoDraw = False
31.6024 	EXP 	whitesquare: autoDraw = False
31.6192 	EXP 	whitesquare: autoDraw = False
31.6192 	EXP 	whitesquare: autoDraw = False
31.6360 	EXP 	whitesquare: autoDraw = False
31.6360 	EXP 	whitesquare: autoDraw = False
31.6529 	EXP 	whitesquare: autoDraw = False
31.6529 	EXP 	whitesquare: autoDraw = False
31.6689 	EXP 	whitesquare: autoDraw = False
31.6689 	EXP 	whitesquare: autoDraw = False
31.6867 	EXP 	whitesquare: autoDraw = False
31.6867 	EXP 	whitesquare: autoDraw = False
31.7025 	EXP 	whitesquare: autoDraw = False
31.7025 	EXP 	whitesquare: autoDraw = False
31.7194 	EXP 	whitesquare: autoDraw = False
31.7194 	EXP 	whitesquare: autoDraw = False
31.7360 	EXP 	whitesquare: autoDraw = False
31.7360 	EXP 	whitesquare: autoDraw = False
31.7528 	EXP 	whitesquare: autoDraw = False
31.7528 	EXP 	whitesquare: autoDraw = False
31.7690 	EXP 	whitesquare: autoDraw = False
31.7690 	EXP 	whitesquare: autoDraw = False
31.7865 	EXP 	whitesquare: autoDraw = False
31.7865 	EXP 	whitesquare: autoDraw = False
31.8025 	EXP 	whitesquare: autoDraw = False
31.8025 	EXP 	whitesquare: autoDraw = False
31.8195 	EXP 	whitesquare: autoDraw = False
31.8195 	EXP 	whitesquare: autoDraw = False
31.8360 	EXP 	whitesquare: autoDraw = False
31.8360 	EXP 	whitesquare: autoDraw = False
31.8530 	EXP 	whitesquare: autoDraw = False
31.8530 	EXP 	whitesquare: autoDraw = False
31.8690 	EXP 	whitesquare: autoDraw = False
31.8690 	EXP 	whitesquare: autoDraw = False
31.8865 	EXP 	whitesquare: autoDraw = False
31.8865 	EXP 	whitesquare: autoDraw = False
31.9025 	EXP 	whitesquare: autoDraw = False
31.9025 	EXP 	whitesquare: autoDraw = False
31.9195 	EXP 	whitesquare: autoDraw = False
31.9195 	EXP 	whitesquare: autoDraw = False
31.9361 	EXP 	whitesquare: autoDraw = False
31.9361 	EXP 	whitesquare: autoDraw = False
31.9530 	EXP 	whitesquare: autoDraw = False
31.9530 	EXP 	whitesquare: autoDraw = False
31.9690 	EXP 	whitesquare: autoDraw = False
31.9690 	EXP 	whitesquare: autoDraw = False
31.9866 	EXP 	whitesquare: autoDraw = False
31.9866 	EXP 	whitesquare: autoDraw = False
32.0027 	EXP 	whitesquare: autoDraw = False
32.0027 	EXP 	whitesquare: autoDraw = False
32.0195 	EXP 	whitesquare: autoDraw = False
32.0195 	EXP 	whitesquare: autoDraw = False
32.0362 	EXP 	whitesquare: autoDraw = False
32.0362 	EXP 	whitesquare: autoDraw = False
32.0534 	EXP 	whitesquare: autoDraw = False
32.0534 	EXP 	whitesquare: autoDraw = False
32.0705 	EXP 	whitesquare: autoDraw = False
32.0705 	EXP 	whitesquare: autoDraw = False
32.0865 	EXP 	whitesquare: autoDraw = False
32.0865 	EXP 	whitesquare: autoDraw = False
32.1027 	EXP 	whitesquare: autoDraw = False
32.1027 	EXP 	whitesquare: autoDraw = False
32.1195 	EXP 	whitesquare: autoDraw = False
32.1195 	EXP 	whitesquare: autoDraw = False
32.1363 	EXP 	whitesquare: autoDraw = False
32.1363 	EXP 	whitesquare: autoDraw = False
32.1531 	EXP 	whitesquare: autoDraw = False
32.1531 	EXP 	whitesquare: autoDraw = False
32.1690 	EXP 	whitesquare: autoDraw = False
32.1690 	EXP 	whitesquare: autoDraw = False
32.1867 	EXP 	whitesquare: autoDraw = False
32.1867 	EXP 	whitesquare: autoDraw = False
32.2026 	EXP 	whitesquare: autoDraw = False
32.2026 	EXP 	whitesquare: autoDraw = False
32.2196 	EXP 	whitesquare: autoDraw = False
32.2196 	EXP 	whitesquare: autoDraw = False
32.2362 	EXP 	whitesquare: autoDraw = False
32.2362 	EXP 	whitesquare: autoDraw = False
32.2533 	EXP 	whitesquare: autoDraw = False
32.2533 	EXP 	whitesquare: autoDraw = False
32.2693 	EXP 	whitesquare: autoDraw = False
32.2693 	EXP 	whitesquare: autoDraw = False
32.2866 	EXP 	whitesquare: autoDraw = False
32.2866 	EXP 	whitesquare: autoDraw = False
32.3029 	EXP 	whitesquare: autoDraw = False
32.3029 	EXP 	whitesquare: autoDraw = False
32.3197 	EXP 	whitesquare: autoDraw = False
32.3197 	EXP 	whitesquare: autoDraw = False
32.3364 	EXP 	whitesquare: autoDraw = False
32.3364 	EXP 	whitesquare: autoDraw = False
32.3531 	EXP 	whitesquare: autoDraw = False
32.3531 	EXP 	whitesquare: autoDraw = False
32.3694 	EXP 	whitesquare: autoDraw = False
32.3694 	EXP 	whitesquare: autoDraw = False
32.3868 	EXP 	whitesquare: autoDraw = False
32.3868 	EXP 	whitesquare: autoDraw = False
32.4030 	EXP 	whitesquare: autoDraw = False
32.4030 	EXP 	whitesquare: autoDraw = False
32.4197 	EXP 	whitesquare: autoDraw = False
32.4197 	EXP 	whitesquare: autoDraw = False
32.4363 	EXP 	whitesquare: autoDraw = False
32.4363 	EXP 	whitesquare: autoDraw = False
32.4537 	EXP 	whitesquare: autoDraw = False
32.4537 	EXP 	whitesquare: autoDraw = False
32.4693 	EXP 	whitesquare: autoDraw = False
32.4693 	EXP 	whitesquare: autoDraw = False
32.4866 	EXP 	whitesquare: autoDraw = False
32.4866 	EXP 	whitesquare: autoDraw = False
32.5028 	EXP 	whitesquare: autoDraw = False
32.5028 	EXP 	whitesquare: autoDraw = False
32.5198 	EXP 	whitesquare: autoDraw = False
32.5198 	EXP 	whitesquare: autoDraw = False
32.5365 	EXP 	whitesquare: autoDraw = False
32.5365 	EXP 	whitesquare: autoDraw = False
32.5535 	EXP 	whitesquare: autoDraw = False
32.5535 	EXP 	whitesquare: autoDraw = False
32.5693 	EXP 	whitesquare: autoDraw = False
32.5693 	EXP 	whitesquare: autoDraw = False
32.5869 	EXP 	whitesquare: autoDraw = False
32.5869 	EXP 	whitesquare: autoDraw = False
32.6033 	EXP 	whitesquare: autoDraw = False
32.6033 	EXP 	whitesquare: autoDraw = False
32.6199 	EXP 	whitesquare: autoDraw = False
32.6199 	EXP 	whitesquare: autoDraw = False
32.6364 	EXP 	whitesquare: autoDraw = False
32.6364 	EXP 	whitesquare: autoDraw = False
32.6537 	EXP 	whitesquare: autoDraw = False
32.6537 	EXP 	whitesquare: autoDraw = False
32.6694 	EXP 	whitesquare: autoDraw = False
32.6694 	EXP 	whitesquare: autoDraw = False
32.6868 	EXP 	whitesquare: autoDraw = False
32.6868 	EXP 	whitesquare: autoDraw = False
32.7031 	EXP 	whitesquare: autoDraw = False
32.7031 	EXP 	whitesquare: autoDraw = False
32.7201 	EXP 	whitesquare: autoDraw = False
32.7201 	EXP 	whitesquare: autoDraw = False
32.7366 	EXP 	whitesquare: autoDraw = False
32.7366 	EXP 	whitesquare: autoDraw = False
32.7538 	EXP 	whitesquare: autoDraw = False
32.7538 	EXP 	whitesquare: autoDraw = False
32.7694 	EXP 	whitesquare: autoDraw = False
32.7694 	EXP 	whitesquare: autoDraw = False
32.7870 	EXP 	whitesquare: autoDraw = False
32.7870 	EXP 	whitesquare: autoDraw = False
32.8030 	EXP 	whitesquare: autoDraw = False
32.8030 	EXP 	whitesquare: autoDraw = False
32.8201 	EXP 	whitesquare: autoDraw = False
32.8201 	EXP 	whitesquare: autoDraw = False
32.8364 	EXP 	whitesquare: autoDraw = False
32.8364 	EXP 	whitesquare: autoDraw = False
32.8536 	EXP 	whitesquare: autoDraw = False
32.8536 	EXP 	whitesquare: autoDraw = False
32.8696 	EXP 	whitesquare: autoDraw = False
32.8696 	EXP 	whitesquare: autoDraw = False
32.8871 	EXP 	whitesquare: autoDraw = False
32.8871 	EXP 	whitesquare: autoDraw = False
32.9032 	EXP 	whitesquare: autoDraw = False
32.9032 	EXP 	whitesquare: autoDraw = False
32.9201 	EXP 	whitesquare: autoDraw = False
32.9201 	EXP 	whitesquare: autoDraw = False
32.9366 	EXP 	whitesquare: autoDraw = False
32.9366 	EXP 	whitesquare: autoDraw = False
32.9540 	EXP 	whitesquare: autoDraw = False
32.9540 	EXP 	whitesquare: autoDraw = False
32.9695 	EXP 	whitesquare: autoDraw = False
32.9695 	EXP 	whitesquare: autoDraw = False
32.9871 	EXP 	whitesquare: autoDraw = False
32.9871 	EXP 	whitesquare: autoDraw = False
33.0031 	EXP 	whitesquare: autoDraw = False
33.0031 	EXP 	whitesquare: autoDraw = False
33.0203 	EXP 	whitesquare: autoDraw = False
33.0203 	EXP 	whitesquare: autoDraw = False
33.0367 	EXP 	whitesquare: autoDraw = False
33.0367 	EXP 	whitesquare: autoDraw = False
33.0538 	EXP 	whitesquare: autoDraw = False
33.0538 	EXP 	whitesquare: autoDraw = False
33.0698 	EXP 	whitesquare: autoDraw = False
33.0698 	EXP 	whitesquare: autoDraw = False
33.0869 	EXP 	whitesquare: autoDraw = False
33.0869 	EXP 	whitesquare: autoDraw = False
33.1032 	EXP 	whitesquare: autoDraw = False
33.1032 	EXP 	whitesquare: autoDraw = False
33.1201 	EXP 	whitesquare: autoDraw = False
33.1201 	EXP 	whitesquare: autoDraw = False
33.1368 	EXP 	whitesquare: autoDraw = False
33.1368 	EXP 	whitesquare: autoDraw = False
33.1540 	EXP 	whitesquare: autoDraw = False
33.1540 	EXP 	whitesquare: autoDraw = False
33.1697 	EXP 	whitesquare: autoDraw = False
33.1697 	EXP 	whitesquare: autoDraw = False
33.1872 	EXP 	whitesquare: autoDraw = False
33.1872 	EXP 	whitesquare: autoDraw = False
33.2032 	EXP 	whitesquare: autoDraw = False
33.2032 	EXP 	whitesquare: autoDraw = False
33.2201 	EXP 	whitesquare: autoDraw = False
33.2201 	EXP 	whitesquare: autoDraw = False
33.2368 	EXP 	whitesquare: autoDraw = False
33.2368 	EXP 	whitesquare: autoDraw = False
33.2538 	EXP 	whitesquare: autoDraw = False
33.2538 	EXP 	whitesquare: autoDraw = False
33.2697 	EXP 	whitesquare: autoDraw = False
33.2697 	EXP 	whitesquare: autoDraw = False
33.2872 	EXP 	whitesquare: autoDraw = False
33.2872 	EXP 	whitesquare: autoDraw = False
33.3034 	EXP 	whitesquare: autoDraw = False
33.3034 	EXP 	whitesquare: autoDraw = False
33.3204 	EXP 	whitesquare: autoDraw = False
33.3204 	EXP 	whitesquare: autoDraw = False
33.3367 	EXP 	whitesquare: autoDraw = False
33.3367 	EXP 	whitesquare: autoDraw = False
33.3536 	EXP 	whitesquare: autoDraw = False
33.3536 	EXP 	whitesquare: autoDraw = False
33.3696 	EXP 	whitesquare: autoDraw = False
33.3696 	EXP 	whitesquare: autoDraw = False
33.3874 	EXP 	whitesquare: autoDraw = False
33.3874 	EXP 	whitesquare: autoDraw = False
33.4034 	EXP 	whitesquare: autoDraw = False
33.4034 	EXP 	whitesquare: autoDraw = False
33.4202 	EXP 	whitesquare: autoDraw = False
33.4202 	EXP 	whitesquare: autoDraw = False
33.4368 	EXP 	whitesquare: autoDraw = False
33.4368 	EXP 	whitesquare: autoDraw = False
33.4541 	EXP 	whitesquare: autoDraw = False
33.4541 	EXP 	whitesquare: autoDraw = False
33.4700 	EXP 	whitesquare: autoDraw = False
33.4700 	EXP 	whitesquare: autoDraw = False
33.4874 	EXP 	whitesquare: autoDraw = False
33.4874 	EXP 	whitesquare: autoDraw = False
33.5036 	EXP 	whitesquare: autoDraw = False
33.5036 	EXP 	whitesquare: autoDraw = False
33.5203 	EXP 	whitesquare: autoDraw = False
33.5203 	EXP 	whitesquare: autoDraw = False
33.5370 	EXP 	whitesquare: autoDraw = False
33.5370 	EXP 	whitesquare: autoDraw = False
33.5543 	EXP 	whitesquare: autoDraw = False
33.5543 	EXP 	whitesquare: autoDraw = False
33.5701 	EXP 	whitesquare: autoDraw = False
33.5701 	EXP 	whitesquare: autoDraw = False
33.5873 	EXP 	whitesquare: autoDraw = False
33.5873 	EXP 	whitesquare: autoDraw = False
33.6035 	EXP 	whitesquare: autoDraw = False
33.6035 	EXP 	whitesquare: autoDraw = False
33.6206 	EXP 	whitesquare: autoDraw = False
33.6206 	EXP 	whitesquare: autoDraw = False
33.6370 	EXP 	whitesquare: autoDraw = False
33.6370 	EXP 	whitesquare: autoDraw = False
33.6539 	EXP 	whitesquare: autoDraw = False
33.6539 	EXP 	whitesquare: autoDraw = False
33.6700 	EXP 	whitesquare: autoDraw = False
33.6700 	EXP 	whitesquare: autoDraw = False
33.6874 	EXP 	whitesquare: autoDraw = False
33.6874 	EXP 	whitesquare: autoDraw = False
33.7037 	EXP 	whitesquare: autoDraw = False
33.7037 	EXP 	whitesquare: autoDraw = False
33.7205 	EXP 	whitesquare: autoDraw = False
33.7205 	EXP 	whitesquare: autoDraw = False
33.7370 	EXP 	whitesquare: autoDraw = False
33.7370 	EXP 	whitesquare: autoDraw = False
33.7543 	EXP 	whitesquare: autoDraw = False
33.7543 	EXP 	whitesquare: autoDraw = False
33.7697 	EXP 	whitesquare: autoDraw = False
33.7697 	EXP 	whitesquare: autoDraw = False
33.7877 	EXP 	whitesquare: autoDraw = False
33.7877 	EXP 	whitesquare: autoDraw = False
33.8036 	EXP 	whitesquare: autoDraw = False
33.8036 	EXP 	whitesquare: autoDraw = False
33.8208 	EXP 	whitesquare: autoDraw = False
33.8208 	EXP 	whitesquare: autoDraw = False
33.8371 	EXP 	whitesquare: autoDraw = False
33.8371 	EXP 	whitesquare: autoDraw = False
33.8543 	EXP 	whitesquare: autoDraw = False
33.8543 	EXP 	whitesquare: autoDraw = False
33.8697 	EXP 	whitesquare: autoDraw = False
33.8697 	EXP 	whitesquare: autoDraw = False
33.8876 	EXP 	whitesquare: autoDraw = False
33.8876 	EXP 	whitesquare: autoDraw = False
33.9038 	EXP 	whitesquare: autoDraw = False
33.9038 	EXP 	whitesquare: autoDraw = False
33.9207 	EXP 	whitesquare: autoDraw = False
33.9207 	EXP 	whitesquare: autoDraw = False
33.9371 	EXP 	whitesquare: autoDraw = False
33.9371 	EXP 	whitesquare: autoDraw = False
33.9542 	EXP 	whitesquare: autoDraw = False
33.9542 	EXP 	whitesquare: autoDraw = False
33.9703 	EXP 	whitesquare: autoDraw = False
33.9703 	EXP 	whitesquare: autoDraw = False
33.9878 	EXP 	whitesquare: autoDraw = False
33.9878 	EXP 	whitesquare: autoDraw = False
34.0038 	EXP 	whitesquare: autoDraw = False
34.0038 	EXP 	whitesquare: autoDraw = False
34.0213 	EXP 	whitesquare: autoDraw = False
34.0213 	EXP 	whitesquare: autoDraw = False
34.0364 	EXP 	whitesquare: autoDraw = False
34.0364 	EXP 	whitesquare: autoDraw = False
34.0542 	EXP 	whitesquare: autoDraw = False
34.0542 	EXP 	whitesquare: autoDraw = False
34.0706 	EXP 	whitesquare: autoDraw = False
34.0706 	EXP 	whitesquare: autoDraw = False
34.0876 	EXP 	whitesquare: autoDraw = False
34.0876 	EXP 	whitesquare: autoDraw = False
34.1039 	EXP 	whitesquare: autoDraw = False
34.1039 	EXP 	whitesquare: autoDraw = False
34.1213 	EXP 	whitesquare: autoDraw = False
34.1213 	EXP 	whitesquare: autoDraw = False
34.1375 	EXP 	whitesquare: autoDraw = False
34.1375 	EXP 	whitesquare: autoDraw = False
34.1547 	EXP 	whitesquare: autoDraw = False
34.1547 	EXP 	whitesquare: autoDraw = False
34.1707 	EXP 	whitesquare: autoDraw = False
34.1707 	EXP 	whitesquare: autoDraw = False
34.1878 	EXP 	whitesquare: autoDraw = False
34.1878 	EXP 	whitesquare: autoDraw = False
34.2038 	EXP 	whitesquare: autoDraw = False
34.2038 	EXP 	whitesquare: autoDraw = False
34.2210 	EXP 	whitesquare: autoDraw = False
34.2210 	EXP 	whitesquare: autoDraw = False
34.2375 	EXP 	whitesquare: autoDraw = False
34.2375 	EXP 	whitesquare: autoDraw = False
34.2546 	EXP 	whitesquare: autoDraw = False
34.2546 	EXP 	whitesquare: autoDraw = False
34.2707 	EXP 	whitesquare: autoDraw = False
34.2707 	EXP 	whitesquare: autoDraw = False
34.2879 	EXP 	whitesquare: autoDraw = False
34.2879 	EXP 	whitesquare: autoDraw = False
34.3041 	EXP 	whitesquare: autoDraw = False
34.3041 	EXP 	whitesquare: autoDraw = False
34.3211 	EXP 	whitesquare: autoDraw = False
34.3211 	EXP 	whitesquare: autoDraw = False
34.3367 	EXP 	whitesquare: autoDraw = False
34.3367 	EXP 	whitesquare: autoDraw = False
34.3549 	EXP 	whitesquare: autoDraw = False
34.3549 	EXP 	whitesquare: autoDraw = False
34.3711 	EXP 	whitesquare: autoDraw = False
34.3711 	EXP 	whitesquare: autoDraw = False
34.3882 	EXP 	whitesquare: autoDraw = False
34.3882 	EXP 	whitesquare: autoDraw = False
34.4044 	EXP 	whitesquare: autoDraw = False
34.4044 	EXP 	whitesquare: autoDraw = False
34.4215 	EXP 	whitesquare: autoDraw = False
34.4215 	EXP 	whitesquare: autoDraw = False
34.4376 	EXP 	whitesquare: autoDraw = False
34.4376 	EXP 	whitesquare: autoDraw = False
34.4550 	EXP 	whitesquare: autoDraw = False
34.4550 	EXP 	whitesquare: autoDraw = False
34.4708 	EXP 	whitesquare: autoDraw = False
34.4708 	EXP 	whitesquare: autoDraw = False
34.4882 	EXP 	whitesquare: autoDraw = False
34.4882 	EXP 	whitesquare: autoDraw = False
34.5044 	EXP 	whitesquare: autoDraw = False
34.5044 	EXP 	whitesquare: autoDraw = False
34.5218 	EXP 	whitesquare: autoDraw = False
34.5218 	EXP 	whitesquare: autoDraw = False
34.5375 	EXP 	whitesquare: autoDraw = False
34.5375 	EXP 	whitesquare: autoDraw = False
34.5549 	EXP 	whitesquare: autoDraw = False
34.5549 	EXP 	whitesquare: autoDraw = False
34.5712 	EXP 	whitesquare: autoDraw = False
34.5712 	EXP 	whitesquare: autoDraw = False
34.5879 	EXP 	whitesquare: autoDraw = False
34.5879 	EXP 	whitesquare: autoDraw = False
34.6040 	EXP 	whitesquare: autoDraw = False
34.6040 	EXP 	whitesquare: autoDraw = False
34.6216 	EXP 	whitesquare: autoDraw = False
34.6216 	EXP 	whitesquare: autoDraw = False
34.6375 	EXP 	whitesquare: autoDraw = False
34.6375 	EXP 	whitesquare: autoDraw = False
34.6548 	EXP 	whitesquare: autoDraw = False
34.6548 	EXP 	whitesquare: autoDraw = False
34.6711 	EXP 	whitesquare: autoDraw = False
34.6711 	EXP 	whitesquare: autoDraw = False
34.6877 	EXP 	whitesquare: autoDraw = False
34.6877 	EXP 	whitesquare: autoDraw = False
34.7040 	EXP 	whitesquare: autoDraw = False
34.7040 	EXP 	whitesquare: autoDraw = False
34.7219 	EXP 	whitesquare: autoDraw = False
34.7219 	EXP 	whitesquare: autoDraw = False
34.7370 	EXP 	whitesquare: autoDraw = False
34.7370 	EXP 	whitesquare: autoDraw = False
34.7544 	EXP 	whitesquare: autoDraw = False
34.7544 	EXP 	whitesquare: autoDraw = False
34.7711 	EXP 	whitesquare: autoDraw = False
34.7711 	EXP 	whitesquare: autoDraw = False
34.7888 	EXP 	whitesquare: autoDraw = False
34.7888 	EXP 	whitesquare: autoDraw = False
34.8043 	EXP 	whitesquare: autoDraw = False
34.8043 	EXP 	whitesquare: autoDraw = False
34.8214 	EXP 	whitesquare: autoDraw = False
34.8214 	EXP 	whitesquare: autoDraw = False
34.8378 	EXP 	whitesquare: autoDraw = False
34.8378 	EXP 	whitesquare: autoDraw = False
34.8550 	EXP 	whitesquare: autoDraw = False
34.8550 	EXP 	whitesquare: autoDraw = False
34.8714 	EXP 	whitesquare: autoDraw = False
34.8714 	EXP 	whitesquare: autoDraw = False
34.8882 	EXP 	whitesquare: autoDraw = False
34.8882 	EXP 	whitesquare: autoDraw = False
34.9044 	EXP 	whitesquare: autoDraw = False
34.9044 	EXP 	whitesquare: autoDraw = False
34.9217 	EXP 	whitesquare: autoDraw = False
34.9217 	EXP 	whitesquare: autoDraw = False
34.9378 	EXP 	whitesquare: autoDraw = False
34.9378 	EXP 	whitesquare: autoDraw = False
34.9552 	EXP 	whitesquare: autoDraw = False
34.9552 	EXP 	whitesquare: autoDraw = False
34.9712 	EXP 	whitesquare: autoDraw = False
34.9712 	EXP 	whitesquare: autoDraw = False
34.9883 	EXP 	whitesquare: autoDraw = False
34.9883 	EXP 	whitesquare: autoDraw = False
35.0043 	EXP 	whitesquare: autoDraw = False
35.0043 	EXP 	whitesquare: autoDraw = False
35.0215 	EXP 	whitesquare: autoDraw = False
35.0215 	EXP 	whitesquare: autoDraw = False
35.0376 	EXP 	whitesquare: autoDraw = False
35.0376 	EXP 	whitesquare: autoDraw = False
35.0547 	EXP 	whitesquare: autoDraw = False
35.0547 	EXP 	whitesquare: autoDraw = False
35.0709 	EXP 	whitesquare: autoDraw = False
35.0709 	EXP 	whitesquare: autoDraw = False
35.0883 	EXP 	whitesquare: autoDraw = False
35.0883 	EXP 	whitesquare: autoDraw = False
35.1042 	EXP 	whitesquare: autoDraw = False
35.1042 	EXP 	whitesquare: autoDraw = False
35.1213 	EXP 	whitesquare: autoDraw = False
35.1213 	EXP 	whitesquare: autoDraw = False
35.1377 	EXP 	whitesquare: autoDraw = False
35.1377 	EXP 	whitesquare: autoDraw = False
35.1547 	EXP 	whitesquare: autoDraw = False
35.1547 	EXP 	whitesquare: autoDraw = False
35.1711 	EXP 	whitesquare: autoDraw = False
35.1711 	EXP 	whitesquare: autoDraw = False
35.1883 	EXP 	whitesquare: autoDraw = False
35.1883 	EXP 	whitesquare: autoDraw = False
35.2046 	EXP 	whitesquare: autoDraw = False
35.2046 	EXP 	whitesquare: autoDraw = False
35.2217 	EXP 	whitesquare: autoDraw = False
35.2217 	EXP 	whitesquare: autoDraw = False
35.2378 	EXP 	whitesquare: autoDraw = False
35.2378 	EXP 	whitesquare: autoDraw = False
35.2548 	EXP 	whitesquare: autoDraw = False
35.2548 	EXP 	whitesquare: autoDraw = False
35.2712 	EXP 	whitesquare: autoDraw = False
35.2712 	EXP 	whitesquare: autoDraw = False
35.2882 	EXP 	whitesquare: autoDraw = False
35.2882 	EXP 	whitesquare: autoDraw = False
35.3043 	EXP 	whitesquare: autoDraw = False
35.3043 	EXP 	whitesquare: autoDraw = False
35.3219 	EXP 	whitesquare: autoDraw = False
35.3219 	EXP 	whitesquare: autoDraw = False
35.3376 	EXP 	whitesquare: autoDraw = False
35.3376 	EXP 	whitesquare: autoDraw = False
35.3548 	EXP 	whitesquare: autoDraw = False
35.3548 	EXP 	whitesquare: autoDraw = False
35.3712 	EXP 	whitesquare: autoDraw = False
35.3712 	EXP 	whitesquare: autoDraw = False
35.3882 	EXP 	whitesquare: autoDraw = False
35.3882 	EXP 	whitesquare: autoDraw = False
35.4042 	EXP 	whitesquare: autoDraw = False
35.4042 	EXP 	whitesquare: autoDraw = False
35.4219 	EXP 	whitesquare: autoDraw = False
35.4219 	EXP 	whitesquare: autoDraw = False
35.4376 	EXP 	whitesquare: autoDraw = False
35.4376 	EXP 	whitesquare: autoDraw = False
35.4547 	EXP 	whitesquare: autoDraw = False
35.4547 	EXP 	whitesquare: autoDraw = False
35.4713 	EXP 	whitesquare: autoDraw = False
35.4713 	EXP 	whitesquare: autoDraw = False
35.4881 	EXP 	whitesquare: autoDraw = False
35.4881 	EXP 	whitesquare: autoDraw = False
35.5044 	EXP 	whitesquare: autoDraw = False
35.5044 	EXP 	whitesquare: autoDraw = False
35.5218 	EXP 	whitesquare: autoDraw = False
35.5218 	EXP 	whitesquare: autoDraw = False
35.5377 	EXP 	whitesquare: autoDraw = False
35.5377 	EXP 	whitesquare: autoDraw = False
35.5548 	EXP 	whitesquare: autoDraw = False
35.5548 	EXP 	whitesquare: autoDraw = False
35.5715 	EXP 	whitesquare: autoDraw = False
35.5715 	EXP 	whitesquare: autoDraw = False
35.5884 	EXP 	whitesquare: autoDraw = False
35.5884 	EXP 	whitesquare: autoDraw = False
35.6044 	EXP 	whitesquare: autoDraw = False
35.6044 	EXP 	whitesquare: autoDraw = False
35.6221 	EXP 	whitesquare: autoDraw = False
35.6221 	EXP 	whitesquare: autoDraw = False
35.6376 	EXP 	whitesquare: autoDraw = False
35.6376 	EXP 	whitesquare: autoDraw = False
35.6549 	EXP 	whitesquare: autoDraw = False
35.6549 	EXP 	whitesquare: autoDraw = False
35.6714 	EXP 	whitesquare: autoDraw = False
35.6714 	EXP 	whitesquare: autoDraw = False
35.6884 	EXP 	whitesquare: autoDraw = False
35.6884 	EXP 	whitesquare: autoDraw = False
35.7045 	EXP 	whitesquare: autoDraw = False
35.7045 	EXP 	whitesquare: autoDraw = False
35.7219 	EXP 	whitesquare: autoDraw = False
35.7219 	EXP 	whitesquare: autoDraw = False
35.7378 	EXP 	whitesquare: autoDraw = False
35.7378 	EXP 	whitesquare: autoDraw = False
35.7552 	EXP 	whitesquare: autoDraw = False
35.7552 	EXP 	whitesquare: autoDraw = False
35.7715 	EXP 	whitesquare: autoDraw = False
35.7715 	EXP 	whitesquare: autoDraw = False
35.7881 	EXP 	whitesquare: autoDraw = False
35.7881 	EXP 	whitesquare: autoDraw = False
35.8045 	EXP 	whitesquare: autoDraw = False
35.8045 	EXP 	whitesquare: autoDraw = False
35.8220 	EXP 	whitesquare: autoDraw = False
35.8220 	EXP 	whitesquare: autoDraw = False
35.8377 	EXP 	whitesquare: autoDraw = False
35.8377 	EXP 	whitesquare: autoDraw = False
35.8550 	EXP 	whitesquare: autoDraw = False
35.8550 	EXP 	whitesquare: autoDraw = False
35.8714 	EXP 	whitesquare: autoDraw = False
35.8714 	EXP 	whitesquare: autoDraw = False
35.8883 	EXP 	whitesquare: autoDraw = False
35.8883 	EXP 	whitesquare: autoDraw = False
35.9045 	EXP 	whitesquare: autoDraw = False
35.9045 	EXP 	whitesquare: autoDraw = False
35.9219 	EXP 	whitesquare: autoDraw = False
35.9219 	EXP 	whitesquare: autoDraw = False
35.9379 	EXP 	whitesquare: autoDraw = False
35.9379 	EXP 	whitesquare: autoDraw = False
35.9552 	EXP 	whitesquare: autoDraw = False
35.9552 	EXP 	whitesquare: autoDraw = False
35.9715 	EXP 	whitesquare: autoDraw = False
35.9715 	EXP 	whitesquare: autoDraw = False
35.9886 	EXP 	whitesquare: autoDraw = False
35.9886 	EXP 	whitesquare: autoDraw = False
36.0044 	EXP 	whitesquare: autoDraw = False
36.0044 	EXP 	whitesquare: autoDraw = False
36.0220 	EXP 	whitesquare: autoDraw = False
36.0220 	EXP 	whitesquare: autoDraw = False
36.0382 	EXP 	whitesquare: autoDraw = False
36.0382 	EXP 	whitesquare: autoDraw = False
36.0552 	EXP 	whitesquare: autoDraw = False
36.0552 	EXP 	whitesquare: autoDraw = False
36.0717 	EXP 	whitesquare: autoDraw = False
36.0717 	EXP 	whitesquare: autoDraw = False
36.0885 	EXP 	whitesquare: autoDraw = False
36.0885 	EXP 	whitesquare: autoDraw = False
36.1047 	EXP 	whitesquare: autoDraw = False
36.1047 	EXP 	whitesquare: autoDraw = False
36.1220 	EXP 	whitesquare: autoDraw = False
36.1220 	EXP 	whitesquare: autoDraw = False
36.1378 	EXP 	whitesquare: autoDraw = False
36.1378 	EXP 	whitesquare: autoDraw = False
36.1552 	EXP 	whitesquare: autoDraw = False
36.1552 	EXP 	whitesquare: autoDraw = False
36.1714 	EXP 	whitesquare: autoDraw = False
36.1714 	EXP 	whitesquare: autoDraw = False
36.1884 	EXP 	whitesquare: autoDraw = False
36.1884 	EXP 	whitesquare: autoDraw = False
36.2045 	EXP 	whitesquare: autoDraw = False
36.2045 	EXP 	whitesquare: autoDraw = False
36.2220 	EXP 	whitesquare: autoDraw = False
36.2220 	EXP 	whitesquare: autoDraw = False
36.2380 	EXP 	whitesquare: autoDraw = False
36.2380 	EXP 	whitesquare: autoDraw = False
36.2552 	EXP 	whitesquare: autoDraw = False
36.2552 	EXP 	whitesquare: autoDraw = False
36.2717 	EXP 	whitesquare: autoDraw = False
36.2717 	EXP 	whitesquare: autoDraw = False
36.2884 	EXP 	whitesquare: autoDraw = False
36.2884 	EXP 	whitesquare: autoDraw = False
36.3047 	EXP 	whitesquare: autoDraw = False
36.3047 	EXP 	whitesquare: autoDraw = False
36.3222 	EXP 	whitesquare: autoDraw = False
36.3222 	EXP 	whitesquare: autoDraw = False
36.3380 	EXP 	whitesquare: autoDraw = False
36.3380 	EXP 	whitesquare: autoDraw = False
36.3556 	EXP 	whitesquare: autoDraw = False
36.3556 	EXP 	whitesquare: autoDraw = False
36.3715 	EXP 	whitesquare: autoDraw = False
36.3715 	EXP 	whitesquare: autoDraw = False
36.3886 	EXP 	whitesquare: autoDraw = False
36.3886 	EXP 	whitesquare: autoDraw = False
36.4047 	EXP 	whitesquare: autoDraw = False
36.4047 	EXP 	whitesquare: autoDraw = False
36.4221 	EXP 	whitesquare: autoDraw = False
36.4221 	EXP 	whitesquare: autoDraw = False
36.4381 	EXP 	whitesquare: autoDraw = False
36.4381 	EXP 	whitesquare: autoDraw = False
36.4555 	EXP 	whitesquare: autoDraw = False
36.4555 	EXP 	whitesquare: autoDraw = False
36.4716 	EXP 	whitesquare: autoDraw = False
36.4716 	EXP 	whitesquare: autoDraw = False
36.4885 	EXP 	whitesquare: autoDraw = False
36.4885 	EXP 	left: autoDraw = False
36.4885 	EXP 	whitesquare: autoDraw = False
36.5047 	EXP 	whitesquare: autoDraw = False
36.5047 	EXP 	whitesquare: autoDraw = False
36.5221 	EXP 	whitesquare: autoDraw = False
36.5221 	EXP 	whitesquare: autoDraw = False
36.5381 	EXP 	whitesquare: autoDraw = False
36.5381 	EXP 	whitesquare: autoDraw = False
36.5554 	EXP 	whitesquare: autoDraw = False
36.5554 	EXP 	whitesquare: autoDraw = False
36.5717 	EXP 	whitesquare: autoDraw = False
36.5717 	EXP 	whitesquare: autoDraw = False
36.5885 	EXP 	whitesquare: autoDraw = False
36.5885 	EXP 	whitesquare: autoDraw = False
36.6046 	EXP 	whitesquare: autoDraw = False
36.6046 	EXP 	whitesquare: autoDraw = False
36.6223 	EXP 	whitesquare: autoDraw = False
36.6223 	EXP 	whitesquare: autoDraw = False
36.6381 	EXP 	whitesquare: autoDraw = False
36.6381 	EXP 	whitesquare: autoDraw = False
36.6554 	EXP 	whitesquare: autoDraw = False
36.6554 	EXP 	whitesquare: autoDraw = False
36.6717 	EXP 	whitesquare: autoDraw = False
36.6717 	EXP 	whitesquare: autoDraw = False
36.6886 	EXP 	whitesquare: autoDraw = False
36.6886 	EXP 	whitesquare: autoDraw = False
36.7047 	EXP 	whitesquare: autoDraw = False
36.7047 	EXP 	whitesquare: autoDraw = False
36.7222 	EXP 	whitesquare: autoDraw = False
36.7222 	EXP 	whitesquare: autoDraw = False
36.7381 	EXP 	whitesquare: autoDraw = False
36.7381 	EXP 	whitesquare: autoDraw = False
36.7555 	EXP 	whitesquare: autoDraw = False
36.7555 	EXP 	whitesquare: autoDraw = False
36.7718 	EXP 	whitesquare: autoDraw = False
36.7718 	EXP 	whitesquare: autoDraw = False
36.7886 	EXP 	whitesquare: autoDraw = False
36.7886 	EXP 	whitesquare: autoDraw = False
36.8047 	EXP 	whitesquare: autoDraw = False
36.8047 	EXP 	whitesquare: autoDraw = False
36.8222 	EXP 	whitesquare: autoDraw = False
36.8222 	EXP 	whitesquare: autoDraw = False
36.8382 	EXP 	whitesquare: autoDraw = False
36.8382 	EXP 	whitesquare: autoDraw = False
36.8555 	EXP 	whitesquare: autoDraw = False
36.8555 	EXP 	whitesquare: autoDraw = False
36.8717 	EXP 	whitesquare: autoDraw = False
36.8717 	EXP 	whitesquare: autoDraw = False
36.8888 	EXP 	whitesquare: autoDraw = False
36.8888 	EXP 	whitesquare: autoDraw = False
36.9048 	EXP 	whitesquare: autoDraw = False
36.9048 	EXP 	whitesquare: autoDraw = False
36.9223 	EXP 	whitesquare: autoDraw = False
36.9223 	EXP 	whitesquare: autoDraw = False
36.9381 	EXP 	whitesquare: autoDraw = False
36.9381 	EXP 	whitesquare: autoDraw = False
36.9555 	EXP 	whitesquare: autoDraw = False
36.9555 	EXP 	whitesquare: autoDraw = False
36.9719 	EXP 	whitesquare: autoDraw = False
36.9719 	EXP 	whitesquare: autoDraw = False
36.9886 	EXP 	whitesquare: autoDraw = False
36.9886 	EXP 	whitesquare: autoDraw = False
37.0049 	EXP 	whitesquare: autoDraw = False
37.0049 	EXP 	whitesquare: autoDraw = False
37.0223 	EXP 	whitesquare: autoDraw = False
37.0223 	EXP 	whitesquare: autoDraw = False
37.0384 	EXP 	whitesquare: autoDraw = False
37.0384 	EXP 	whitesquare: autoDraw = False
37.0555 	EXP 	whitesquare: autoDraw = False
37.0555 	EXP 	whitesquare: autoDraw = False
37.0718 	EXP 	whitesquare: autoDraw = False
37.0718 	EXP 	whitesquare: autoDraw = False
37.0887 	EXP 	whitesquare: autoDraw = False
37.0887 	EXP 	whitesquare: autoDraw = False
37.1050 	EXP 	whitesquare: autoDraw = False
37.1050 	EXP 	whitesquare: autoDraw = False
37.1223 	EXP 	whitesquare: autoDraw = False
37.1223 	EXP 	whitesquare: autoDraw = False
37.1383 	EXP 	whitesquare: autoDraw = False
37.1383 	EXP 	whitesquare: autoDraw = False
37.1557 	EXP 	whitesquare: autoDraw = False
37.1557 	EXP 	whitesquare: autoDraw = False
37.1718 	EXP 	whitesquare: autoDraw = False
37.1718 	EXP 	whitesquare: autoDraw = False
37.1887 	EXP 	whitesquare: autoDraw = False
37.1887 	EXP 	whitesquare: autoDraw = False
37.2050 	EXP 	whitesquare: autoDraw = False
37.2050 	EXP 	whitesquare: autoDraw = False
37.2225 	EXP 	whitesquare: autoDraw = False
37.2225 	EXP 	whitesquare: autoDraw = False
37.2383 	EXP 	whitesquare: autoDraw = False
37.2383 	EXP 	whitesquare: autoDraw = False
37.2558 	EXP 	whitesquare: autoDraw = False
37.2558 	EXP 	whitesquare: autoDraw = False
37.2720 	EXP 	whitesquare: autoDraw = False
37.2720 	EXP 	whitesquare: autoDraw = False
37.2889 	EXP 	whitesquare: autoDraw = False
37.2889 	EXP 	whitesquare: autoDraw = False
37.3050 	EXP 	whitesquare: autoDraw = False
37.3050 	EXP 	whitesquare: autoDraw = False
37.3226 	EXP 	whitesquare: autoDraw = False
37.3226 	EXP 	whitesquare: autoDraw = False
37.3384 	EXP 	whitesquare: autoDraw = False
37.3384 	EXP 	whitesquare: autoDraw = False
37.3557 	EXP 	whitesquare: autoDraw = False
37.3557 	EXP 	whitesquare: autoDraw = False
37.3720 	EXP 	whitesquare: autoDraw = False
37.3720 	EXP 	whitesquare: autoDraw = False
37.3888 	EXP 	whitesquare: autoDraw = False
37.3888 	EXP 	whitesquare: autoDraw = False
37.4051 	EXP 	whitesquare: autoDraw = False
37.4051 	EXP 	whitesquare: autoDraw = False
37.4227 	EXP 	whitesquare: autoDraw = False
37.4227 	EXP 	whitesquare: autoDraw = False
37.4383 	EXP 	whitesquare: autoDraw = False
37.4383 	EXP 	whitesquare: autoDraw = False
37.4557 	EXP 	whitesquare: autoDraw = False
37.4557 	EXP 	whitesquare: autoDraw = False
37.4721 	EXP 	whitesquare: autoDraw = False
37.4721 	EXP 	whitesquare: autoDraw = False
37.4889 	EXP 	whitesquare: autoDraw = False
37.4889 	EXP 	whitesquare: autoDraw = False
37.5051 	EXP 	whitesquare: autoDraw = False
37.5051 	EXP 	whitesquare: autoDraw = False
37.5224 	EXP 	whitesquare: autoDraw = False
37.5224 	EXP 	whitesquare: autoDraw = False
37.5384 	EXP 	whitesquare: autoDraw = False
37.5384 	EXP 	whitesquare: autoDraw = False
37.5558 	EXP 	whitesquare: autoDraw = False
37.5558 	EXP 	whitesquare: autoDraw = False
37.5723 	EXP 	whitesquare: autoDraw = False
37.5723 	EXP 	whitesquare: autoDraw = False
37.5889 	EXP 	whitesquare: autoDraw = False
37.5889 	EXP 	whitesquare: autoDraw = False
37.6052 	EXP 	whitesquare: autoDraw = False
37.6052 	EXP 	whitesquare: autoDraw = False
37.6225 	EXP 	whitesquare: autoDraw = False
37.6225 	EXP 	whitesquare: autoDraw = False
37.6386 	EXP 	whitesquare: autoDraw = False
37.6386 	EXP 	whitesquare: autoDraw = False
37.6558 	EXP 	whitesquare: autoDraw = False
37.6558 	EXP 	whitesquare: autoDraw = False
37.6721 	EXP 	whitesquare: autoDraw = False
37.6721 	EXP 	whitesquare: autoDraw = False
37.6891 	EXP 	whitesquare: autoDraw = False
37.6891 	EXP 	whitesquare: autoDraw = False
37.7051 	EXP 	whitesquare: autoDraw = False
37.7051 	EXP 	whitesquare: autoDraw = False
37.7227 	EXP 	whitesquare: autoDraw = False
37.7227 	EXP 	whitesquare: autoDraw = False
37.7385 	EXP 	whitesquare: autoDraw = False
37.7385 	EXP 	whitesquare: autoDraw = False
37.7556 	EXP 	whitesquare: autoDraw = False
37.7556 	EXP 	whitesquare: autoDraw = False
37.7724 	EXP 	whitesquare: autoDraw = False
37.7724 	EXP 	whitesquare: autoDraw = False
37.7892 	EXP 	whitesquare: autoDraw = False
37.7892 	EXP 	whitesquare: autoDraw = False
37.8054 	EXP 	whitesquare: autoDraw = False
37.8054 	EXP 	whitesquare: autoDraw = False
37.8227 	EXP 	whitesquare: autoDraw = False
37.8227 	EXP 	whitesquare: autoDraw = False
37.8385 	EXP 	whitesquare: autoDraw = False
37.8385 	EXP 	whitesquare: autoDraw = False
37.8558 	EXP 	whitesquare: autoDraw = False
37.8558 	EXP 	whitesquare: autoDraw = False
37.8726 	EXP 	whitesquare: autoDraw = False
37.8726 	EXP 	whitesquare: autoDraw = False
37.8890 	EXP 	whitesquare: autoDraw = False
37.8890 	EXP 	whitesquare: autoDraw = False
37.9052 	EXP 	whitesquare: autoDraw = False
37.9052 	EXP 	whitesquare: autoDraw = False
37.9228 	EXP 	whitesquare: autoDraw = False
37.9228 	EXP 	whitesquare: autoDraw = False
37.9385 	EXP 	whitesquare: autoDraw = False
37.9385 	EXP 	whitesquare: autoDraw = False
37.9559 	EXP 	whitesquare: autoDraw = False
37.9559 	EXP 	whitesquare: autoDraw = False
37.9721 	EXP 	whitesquare: autoDraw = False
37.9721 	EXP 	whitesquare: autoDraw = False
37.9890 	EXP 	whitesquare: autoDraw = False
37.9890 	EXP 	whitesquare: autoDraw = False
38.0054 	EXP 	whitesquare: autoDraw = False
38.0054 	EXP 	whitesquare: autoDraw = False
38.0227 	EXP 	whitesquare: autoDraw = False
38.0227 	EXP 	whitesquare: autoDraw = False
38.0389 	EXP 	whitesquare: autoDraw = False
38.0389 	EXP 	whitesquare: autoDraw = False
38.0558 	EXP 	whitesquare: autoDraw = False
38.0558 	EXP 	whitesquare: autoDraw = False
38.0722 	EXP 	whitesquare: autoDraw = False
38.0722 	EXP 	whitesquare: autoDraw = False
38.0890 	EXP 	whitesquare: autoDraw = False
38.0890 	EXP 	whitesquare: autoDraw = False
38.1052 	EXP 	whitesquare: autoDraw = False
38.1052 	EXP 	whitesquare: autoDraw = False
38.1230 	EXP 	whitesquare: autoDraw = False
38.1230 	EXP 	whitesquare: autoDraw = False
38.1386 	EXP 	whitesquare: autoDraw = False
38.1386 	EXP 	whitesquare: autoDraw = False
38.1559 	EXP 	whitesquare: autoDraw = False
38.1559 	EXP 	whitesquare: autoDraw = False
38.1723 	EXP 	whitesquare: autoDraw = False
38.1723 	EXP 	whitesquare: autoDraw = False
38.1891 	EXP 	whitesquare: autoDraw = False
38.1891 	EXP 	whitesquare: autoDraw = False
38.2054 	EXP 	whitesquare: autoDraw = False
38.2054 	EXP 	whitesquare: autoDraw = False
38.2230 	EXP 	whitesquare: autoDraw = False
38.2230 	EXP 	whitesquare: autoDraw = False
38.2386 	EXP 	whitesquare: autoDraw = False
38.2386 	EXP 	whitesquare: autoDraw = False
38.2561 	EXP 	whitesquare: autoDraw = False
38.2561 	EXP 	whitesquare: autoDraw = False
38.2723 	EXP 	whitesquare: autoDraw = False
38.2723 	EXP 	whitesquare: autoDraw = False
38.2892 	EXP 	whitesquare: autoDraw = False
38.2892 	EXP 	whitesquare: autoDraw = False
38.3053 	EXP 	whitesquare: autoDraw = False
38.3053 	EXP 	whitesquare: autoDraw = False
38.3232 	EXP 	whitesquare: autoDraw = False
38.3232 	EXP 	whitesquare: autoDraw = False
38.3388 	EXP 	whitesquare: autoDraw = False
38.3388 	EXP 	whitesquare: autoDraw = False
38.3561 	EXP 	whitesquare: autoDraw = False
38.3561 	EXP 	whitesquare: autoDraw = False
38.3722 	EXP 	whitesquare: autoDraw = False
38.3722 	EXP 	whitesquare: autoDraw = False
38.3891 	EXP 	whitesquare: autoDraw = False
38.3891 	EXP 	whitesquare: autoDraw = False
38.4054 	EXP 	whitesquare: autoDraw = False
38.4054 	EXP 	whitesquare: autoDraw = False
38.4229 	EXP 	whitesquare: autoDraw = False
38.4229 	EXP 	whitesquare: autoDraw = False
38.4389 	EXP 	whitesquare: autoDraw = False
38.4389 	EXP 	whitesquare: autoDraw = False
38.4562 	EXP 	whitesquare: autoDraw = False
38.4562 	EXP 	whitesquare: autoDraw = False
38.4725 	EXP 	whitesquare: autoDraw = False
38.4725 	EXP 	whitesquare: autoDraw = False
38.4893 	EXP 	whitesquare: autoDraw = False
38.4893 	EXP 	whitesquare: autoDraw = False
38.5055 	EXP 	whitesquare: autoDraw = False
38.5055 	EXP 	whitesquare: autoDraw = False
38.5230 	EXP 	whitesquare: autoDraw = False
38.5230 	EXP 	whitesquare: autoDraw = False
38.5392 	EXP 	whitesquare: autoDraw = False
38.5392 	EXP 	whitesquare: autoDraw = False
38.5560 	EXP 	whitesquare: autoDraw = False
38.5560 	EXP 	whitesquare: autoDraw = False
38.5724 	EXP 	whitesquare: autoDraw = False
38.5724 	EXP 	whitesquare: autoDraw = False
38.5892 	EXP 	whitesquare: autoDraw = False
38.5892 	EXP 	whitesquare: autoDraw = False
38.6057 	EXP 	whitesquare: autoDraw = False
38.6057 	EXP 	whitesquare: autoDraw = False
38.6228 	EXP 	whitesquare: autoDraw = False
38.6228 	EXP 	whitesquare: autoDraw = False
38.6388 	EXP 	whitesquare: autoDraw = False
38.6388 	EXP 	whitesquare: autoDraw = False
38.6564 	EXP 	whitesquare: autoDraw = False
38.6564 	EXP 	whitesquare: autoDraw = False
38.6732 	EXP 	whitesquare: autoDraw = False
38.6732 	EXP 	whitesquare: autoDraw = False
38.6893 	EXP 	whitesquare: autoDraw = False
38.6893 	EXP 	whitesquare: autoDraw = False
38.7056 	EXP 	whitesquare: autoDraw = False
38.7056 	EXP 	whitesquare: autoDraw = False
38.7230 	EXP 	whitesquare: autoDraw = False
38.7230 	EXP 	whitesquare: autoDraw = False
38.7388 	EXP 	whitesquare: autoDraw = False
38.7388 	EXP 	whitesquare: autoDraw = False
38.7562 	EXP 	whitesquare: autoDraw = False
38.7562 	EXP 	whitesquare: autoDraw = False
38.7726 	EXP 	whitesquare: autoDraw = False
38.7726 	EXP 	whitesquare: autoDraw = False
38.7893 	EXP 	whitesquare: autoDraw = False
38.7893 	EXP 	whitesquare: autoDraw = False
38.8057 	EXP 	whitesquare: autoDraw = False
38.8057 	EXP 	whitesquare: autoDraw = False
38.8229 	EXP 	whitesquare: autoDraw = False
38.8229 	EXP 	whitesquare: autoDraw = False
38.8391 	EXP 	whitesquare: autoDraw = False
38.8391 	EXP 	whitesquare: autoDraw = False
38.8562 	EXP 	whitesquare: autoDraw = False
38.8562 	EXP 	whitesquare: autoDraw = False
38.8725 	EXP 	whitesquare: autoDraw = False
38.8725 	EXP 	whitesquare: autoDraw = False
38.8893 	EXP 	whitesquare: autoDraw = False
38.8893 	EXP 	whitesquare: autoDraw = False
38.9055 	EXP 	whitesquare: autoDraw = False
38.9055 	EXP 	whitesquare: autoDraw = False
38.9229 	EXP 	whitesquare: autoDraw = False
38.9229 	EXP 	whitesquare: autoDraw = False
38.9397 	EXP 	whitesquare: autoDraw = False
38.9397 	EXP 	whitesquare: autoDraw = False
38.9568 	EXP 	whitesquare: autoDraw = False
38.9568 	EXP 	whitesquare: autoDraw = False
38.9730 	EXP 	whitesquare: autoDraw = False
38.9730 	EXP 	whitesquare: autoDraw = False
38.9899 	EXP 	whitesquare: autoDraw = False
38.9899 	EXP 	whitesquare: autoDraw = False
39.0059 	EXP 	whitesquare: autoDraw = False
39.0059 	EXP 	whitesquare: autoDraw = False
39.0235 	EXP 	whitesquare: autoDraw = False
39.0235 	EXP 	whitesquare: autoDraw = False
39.0395 	EXP 	whitesquare: autoDraw = False
39.0395 	EXP 	whitesquare: autoDraw = False
39.0563 	EXP 	whitesquare: autoDraw = False
39.0563 	EXP 	whitesquare: autoDraw = False
39.0727 	EXP 	whitesquare: autoDraw = False
39.0727 	EXP 	whitesquare: autoDraw = False
39.0901 	EXP 	whitesquare: autoDraw = False
39.0901 	EXP 	whitesquare: autoDraw = False
39.1062 	EXP 	whitesquare: autoDraw = False
39.1062 	EXP 	whitesquare: autoDraw = False
39.1238 	EXP 	whitesquare: autoDraw = False
39.1238 	EXP 	whitesquare: autoDraw = False
39.1395 	EXP 	whitesquare: autoDraw = False
39.1395 	EXP 	whitesquare: autoDraw = False
39.1566 	EXP 	whitesquare: autoDraw = False
39.1566 	EXP 	whitesquare: autoDraw = False
39.1730 	EXP 	whitesquare: autoDraw = False
39.1730 	EXP 	whitesquare: autoDraw = False
39.1896 	EXP 	whitesquare: autoDraw = False
39.1896 	EXP 	whitesquare: autoDraw = False
39.2060 	EXP 	whitesquare: autoDraw = False
39.2060 	EXP 	whitesquare: autoDraw = False
39.2237 	EXP 	whitesquare: autoDraw = False
39.2237 	EXP 	whitesquare: autoDraw = False
39.2396 	EXP 	whitesquare: autoDraw = False
39.2396 	EXP 	whitesquare: autoDraw = False
39.2568 	EXP 	whitesquare: autoDraw = False
39.2568 	EXP 	whitesquare: autoDraw = False
39.2733 	EXP 	whitesquare: autoDraw = False
39.2733 	EXP 	whitesquare: autoDraw = False
39.2895 	EXP 	whitesquare: autoDraw = False
39.2895 	EXP 	whitesquare: autoDraw = False
39.3061 	EXP 	whitesquare: autoDraw = False
39.3061 	EXP 	whitesquare: autoDraw = False
39.3233 	EXP 	whitesquare: autoDraw = False
39.3233 	EXP 	whitesquare: autoDraw = False
39.3401 	EXP 	whitesquare: autoDraw = False
39.3401 	EXP 	whitesquare: autoDraw = False
39.3570 	EXP 	whitesquare: autoDraw = False
39.3570 	EXP 	whitesquare: autoDraw = False
39.3728 	EXP 	whitesquare: autoDraw = False
39.3728 	EXP 	whitesquare: autoDraw = False
39.3904 	EXP 	whitesquare: autoDraw = False
39.3904 	EXP 	whitesquare: autoDraw = False
39.4063 	EXP 	whitesquare: autoDraw = False
39.4063 	EXP 	whitesquare: autoDraw = False
39.4233 	EXP 	whitesquare: autoDraw = False
39.4233 	EXP 	whitesquare: autoDraw = False
39.4401 	EXP 	whitesquare: autoDraw = False
39.4401 	EXP 	whitesquare: autoDraw = False
39.4571 	EXP 	whitesquare: autoDraw = False
39.4571 	EXP 	whitesquare: autoDraw = False
39.4734 	EXP 	whitesquare: autoDraw = False
39.4734 	EXP 	whitesquare: autoDraw = False
39.4905 	EXP 	whitesquare: autoDraw = False
39.4905 	EXP 	whitesquare: autoDraw = False
39.5064 	EXP 	whitesquare: autoDraw = False
39.5064 	EXP 	whitesquare: autoDraw = False
39.5236 	EXP 	whitesquare: autoDraw = False
39.5236 	EXP 	whitesquare: autoDraw = False
39.5403 	EXP 	whitesquare: autoDraw = False
39.5403 	EXP 	whitesquare: autoDraw = False
39.5577 	EXP 	whitesquare: autoDraw = False
39.5577 	EXP 	whitesquare: autoDraw = False
39.5730 	EXP 	whitesquare: autoDraw = False
39.5730 	EXP 	whitesquare: autoDraw = False
39.5902 	EXP 	whitesquare: autoDraw = False
39.5902 	EXP 	whitesquare: autoDraw = False
39.6068 	EXP 	whitesquare: autoDraw = False
39.6068 	EXP 	whitesquare: autoDraw = False
39.6238 	EXP 	whitesquare: autoDraw = False
39.6238 	EXP 	whitesquare: autoDraw = False
39.6398 	EXP 	whitesquare: autoDraw = False
39.6398 	EXP 	whitesquare: autoDraw = False
39.6571 	EXP 	whitesquare: autoDraw = False
39.6571 	EXP 	whitesquare: autoDraw = False
39.6732 	EXP 	whitesquare: autoDraw = False
39.6732 	EXP 	whitesquare: autoDraw = False
39.6904 	EXP 	whitesquare: autoDraw = False
39.6904 	EXP 	whitesquare: autoDraw = False
39.7069 	EXP 	whitesquare: autoDraw = False
39.7069 	EXP 	whitesquare: autoDraw = False
39.7241 	EXP 	whitesquare: autoDraw = False
39.7241 	EXP 	whitesquare: autoDraw = False
39.7402 	EXP 	whitesquare: autoDraw = False
39.7402 	EXP 	whitesquare: autoDraw = False
39.7739 	EXP 	whitesquare: autoDraw = False
39.7739 	EXP 	whitesquare: autoDraw = False
39.7901 	EXP 	whitesquare: autoDraw = False
39.7901 	EXP 	whitesquare: autoDraw = False
39.8075 	EXP 	whitesquare: autoDraw = False
39.8075 	EXP 	whitesquare: autoDraw = False
39.8239 	EXP 	whitesquare: autoDraw = False
39.8239 	EXP 	whitesquare: autoDraw = False
39.8403 	EXP 	whitesquare: autoDraw = False
39.8403 	EXP 	whitesquare: autoDraw = False
39.8569 	EXP 	whitesquare: autoDraw = False
39.8569 	EXP 	whitesquare: autoDraw = False
39.8743 	EXP 	whitesquare: autoDraw = False
39.8743 	EXP 	whitesquare: autoDraw = False
39.8900 	EXP 	whitesquare: autoDraw = False
39.8900 	EXP 	whitesquare: autoDraw = False
39.9079 	EXP 	whitesquare: autoDraw = False
39.9079 	EXP 	whitesquare: autoDraw = False
39.9235 	EXP 	whitesquare: autoDraw = False
39.9235 	EXP 	whitesquare: autoDraw = False
39.9405 	EXP 	whitesquare: autoDraw = False
39.9405 	EXP 	whitesquare: autoDraw = False
39.9579 	EXP 	whitesquare: autoDraw = False
39.9579 	EXP 	whitesquare: autoDraw = False
39.9748 	EXP 	whitesquare: autoDraw = False
39.9748 	EXP 	whitesquare: autoDraw = False
39.9899 	EXP 	whitesquare: autoDraw = False
39.9899 	EXP 	whitesquare: autoDraw = False
40.0075 	EXP 	whitesquare: autoDraw = False
40.0075 	EXP 	whitesquare: autoDraw = False
40.0238 	EXP 	whitesquare: autoDraw = False
40.0238 	EXP 	whitesquare: autoDraw = False
40.0578 	EXP 	whitesquare: autoDraw = False
40.0578 	EXP 	whitesquare: autoDraw = False
40.0898 	EXP 	whitesquare: autoDraw = False
40.0898 	EXP 	whitesquare: autoDraw = False
40.1074 	EXP 	whitesquare: autoDraw = False
40.1074 	EXP 	whitesquare: autoDraw = False
40.1234 	EXP 	whitesquare: autoDraw = False
40.1234 	EXP 	whitesquare: autoDraw = False
40.1405 	EXP 	whitesquare: autoDraw = False
40.1405 	EXP 	whitesquare: autoDraw = False
40.1580 	EXP 	whitesquare: autoDraw = False
40.1580 	EXP 	whitesquare: autoDraw = False
40.1744 	EXP 	whitesquare: autoDraw = False
40.1744 	EXP 	whitesquare: autoDraw = False
40.1894 	EXP 	whitesquare: autoDraw = False
40.1894 	EXP 	whitesquare: autoDraw = False
40.2071 	EXP 	whitesquare: autoDraw = False
40.2071 	EXP 	whitesquare: autoDraw = False
40.2230 	EXP 	whitesquare: autoDraw = False
40.2230 	EXP 	whitesquare: autoDraw = False
40.2401 	EXP 	whitesquare: autoDraw = False
40.2401 	EXP 	whitesquare: autoDraw = False
40.2568 	EXP 	whitesquare: autoDraw = False
40.2568 	EXP 	whitesquare: autoDraw = False
40.2730 	EXP 	whitesquare: autoDraw = False
40.2730 	EXP 	whitesquare: autoDraw = False
40.2895 	EXP 	whitesquare: autoDraw = False
40.2895 	EXP 	whitesquare: autoDraw = False
40.3074 	EXP 	whitesquare: autoDraw = False
40.3074 	EXP 	whitesquare: autoDraw = False
40.3229 	EXP 	whitesquare: autoDraw = False
40.3229 	EXP 	whitesquare: autoDraw = False
40.3398 	EXP 	whitesquare: autoDraw = False
40.3398 	EXP 	whitesquare: autoDraw = False
40.3576 	EXP 	whitesquare: autoDraw = False
40.3576 	EXP 	whitesquare: autoDraw = False
40.3733 	EXP 	whitesquare: autoDraw = False
40.3733 	EXP 	whitesquare: autoDraw = False
40.3895 	EXP 	whitesquare: autoDraw = False
40.3895 	EXP 	whitesquare: autoDraw = False
40.4077 	EXP 	whitesquare: autoDraw = False
40.4077 	EXP 	whitesquare: autoDraw = False
40.4228 	EXP 	whitesquare: autoDraw = False
40.4228 	EXP 	whitesquare: autoDraw = False
40.4400 	EXP 	whitesquare: autoDraw = False
40.4400 	EXP 	whitesquare: autoDraw = False
40.4569 	EXP 	whitesquare: autoDraw = False
40.4569 	EXP 	whitesquare: autoDraw = False
40.4734 	EXP 	whitesquare: autoDraw = False
40.4734 	EXP 	whitesquare: autoDraw = False
40.4895 	EXP 	whitesquare: autoDraw = False
40.4895 	EXP 	whitesquare: autoDraw = False
40.5072 	EXP 	whitesquare: autoDraw = False
40.5072 	EXP 	whitesquare: autoDraw = False
40.5228 	EXP 	whitesquare: autoDraw = False
40.5228 	EXP 	whitesquare: autoDraw = False
40.5400 	EXP 	whitesquare: autoDraw = False
40.5400 	EXP 	whitesquare: autoDraw = False
40.5572 	EXP 	whitesquare: autoDraw = False
40.5572 	EXP 	whitesquare: autoDraw = False
40.5733 	EXP 	whitesquare: autoDraw = False
40.5733 	EXP 	whitesquare: autoDraw = False
40.5896 	EXP 	whitesquare: autoDraw = False
40.5896 	EXP 	whitesquare: autoDraw = False
40.6072 	EXP 	whitesquare: autoDraw = False
40.6072 	EXP 	whitesquare: autoDraw = False
40.6228 	EXP 	whitesquare: autoDraw = False
40.6228 	EXP 	whitesquare: autoDraw = False
40.6400 	EXP 	whitesquare: autoDraw = False
40.6400 	EXP 	whitesquare: autoDraw = False
40.6578 	EXP 	whitesquare: autoDraw = False
40.6578 	EXP 	whitesquare: autoDraw = False
40.6735 	EXP 	whitesquare: autoDraw = False
40.6735 	EXP 	whitesquare: autoDraw = False
40.6906 	EXP 	whitesquare: autoDraw = False
40.6906 	EXP 	whitesquare: autoDraw = False
40.7082 	EXP 	whitesquare: autoDraw = False
40.7082 	EXP 	whitesquare: autoDraw = False
40.7228 	EXP 	whitesquare: autoDraw = False
40.7228 	EXP 	whitesquare: autoDraw = False
40.7400 	EXP 	whitesquare: autoDraw = False
40.7400 	EXP 	whitesquare: autoDraw = False
40.7571 	EXP 	whitesquare: autoDraw = False
40.7571 	EXP 	whitesquare: autoDraw = False
40.7733 	EXP 	whitesquare: autoDraw = False
40.7733 	EXP 	whitesquare: autoDraw = False
40.7896 	EXP 	whitesquare: autoDraw = False
40.7896 	EXP 	whitesquare: autoDraw = False
40.8078 	EXP 	whitesquare: autoDraw = False
40.8078 	EXP 	whitesquare: autoDraw = False
40.8231 	EXP 	whitesquare: autoDraw = False
40.8231 	EXP 	whitesquare: autoDraw = False
40.8402 	EXP 	whitesquare: autoDraw = False
40.8402 	EXP 	whitesquare: autoDraw = False
40.8577 	EXP 	whitesquare: autoDraw = False
40.8577 	EXP 	whitesquare: autoDraw = False
40.8733 	EXP 	whitesquare: autoDraw = False
40.8733 	EXP 	whitesquare: autoDraw = False
40.8895 	EXP 	whitesquare: autoDraw = False
40.8895 	EXP 	whitesquare: autoDraw = False
40.9075 	EXP 	whitesquare: autoDraw = False
40.9075 	EXP 	whitesquare: autoDraw = False
40.9230 	EXP 	whitesquare: autoDraw = False
40.9230 	EXP 	whitesquare: autoDraw = False
40.9402 	EXP 	whitesquare: autoDraw = False
40.9402 	EXP 	whitesquare: autoDraw = False
40.9572 	EXP 	whitesquare: autoDraw = False
40.9572 	EXP 	whitesquare: autoDraw = False
40.9736 	EXP 	whitesquare: autoDraw = False
40.9736 	EXP 	whitesquare: autoDraw = False
40.9897 	EXP 	whitesquare: autoDraw = False
40.9897 	EXP 	whitesquare: autoDraw = False
41.0072 	EXP 	whitesquare: autoDraw = False
41.0072 	EXP 	whitesquare: autoDraw = False
41.0231 	EXP 	whitesquare: autoDraw = False
41.0231 	EXP 	whitesquare: autoDraw = False
41.0402 	EXP 	whitesquare: autoDraw = False
41.0402 	EXP 	whitesquare: autoDraw = False
41.0578 	EXP 	whitesquare: autoDraw = False
41.0578 	EXP 	whitesquare: autoDraw = False
41.0734 	EXP 	whitesquare: autoDraw = False
41.0734 	EXP 	whitesquare: autoDraw = False
41.0898 	EXP 	whitesquare: autoDraw = False
41.0898 	EXP 	whitesquare: autoDraw = False
41.1073 	EXP 	whitesquare: autoDraw = False
41.1073 	EXP 	whitesquare: autoDraw = False
41.1231 	EXP 	whitesquare: autoDraw = False
41.1231 	EXP 	whitesquare: autoDraw = False
41.1402 	EXP 	whitesquare: autoDraw = False
41.1402 	EXP 	whitesquare: autoDraw = False
41.1580 	EXP 	whitesquare: autoDraw = False
41.1580 	EXP 	whitesquare: autoDraw = False
41.1734 	EXP 	whitesquare: autoDraw = False
41.1734 	EXP 	whitesquare: autoDraw = False
41.1902 	EXP 	whitesquare: autoDraw = False
41.1902 	EXP 	whitesquare: autoDraw = False
41.2076 	EXP 	whitesquare: autoDraw = False
41.2076 	EXP 	whitesquare: autoDraw = False
41.2231 	EXP 	whitesquare: autoDraw = False
41.2231 	EXP 	whitesquare: autoDraw = False
41.2401 	EXP 	whitesquare: autoDraw = False
41.2401 	EXP 	whitesquare: autoDraw = False
41.2572 	EXP 	whitesquare: autoDraw = False
41.2572 	EXP 	whitesquare: autoDraw = False
41.2736 	EXP 	whitesquare: autoDraw = False
41.2736 	EXP 	whitesquare: autoDraw = False
41.2897 	EXP 	whitesquare: autoDraw = False
41.2897 	EXP 	whitesquare: autoDraw = False
41.3072 	EXP 	whitesquare: autoDraw = False
41.3072 	EXP 	whitesquare: autoDraw = False
41.3232 	EXP 	whitesquare: autoDraw = False
41.3232 	EXP 	whitesquare: autoDraw = False
41.3402 	EXP 	whitesquare: autoDraw = False
41.3402 	EXP 	whitesquare: autoDraw = False
41.3573 	EXP 	whitesquare: autoDraw = False
41.3573 	EXP 	whitesquare: autoDraw = False
41.3736 	EXP 	whitesquare: autoDraw = False
41.3736 	EXP 	whitesquare: autoDraw = False
41.3898 	EXP 	whitesquare: autoDraw = False
41.3898 	EXP 	whitesquare: autoDraw = False
41.4075 	EXP 	whitesquare: autoDraw = False
41.4075 	EXP 	whitesquare: autoDraw = False
41.4233 	EXP 	whitesquare: autoDraw = False
41.4233 	EXP 	whitesquare: autoDraw = False
41.4403 	EXP 	whitesquare: autoDraw = False
41.4403 	EXP 	whitesquare: autoDraw = False
41.4575 	EXP 	whitesquare: autoDraw = False
41.4575 	EXP 	whitesquare: autoDraw = False
41.4736 	EXP 	whitesquare: autoDraw = False
41.4736 	EXP 	whitesquare: autoDraw = False
41.4901 	EXP 	whitesquare: autoDraw = False
41.4901 	EXP 	whitesquare: autoDraw = False
41.5075 	EXP 	whitesquare: autoDraw = False
41.5075 	EXP 	whitesquare: autoDraw = False
41.5233 	EXP 	whitesquare: autoDraw = False
41.5233 	EXP 	whitesquare: autoDraw = False
41.5401 	EXP 	whitesquare: autoDraw = False
41.5401 	EXP 	whitesquare: autoDraw = False
41.5576 	EXP 	whitesquare: autoDraw = False
41.5576 	EXP 	whitesquare: autoDraw = False
41.5737 	EXP 	whitesquare: autoDraw = False
41.5737 	EXP 	whitesquare: autoDraw = False
41.5899 	EXP 	whitesquare: autoDraw = False
41.5899 	EXP 	whitesquare: autoDraw = False
41.6074 	EXP 	whitesquare: autoDraw = False
41.6074 	EXP 	whitesquare: autoDraw = False
41.6234 	EXP 	whitesquare: autoDraw = False
41.6234 	EXP 	whitesquare: autoDraw = False
41.6403 	EXP 	whitesquare: autoDraw = False
41.6403 	EXP 	whitesquare: autoDraw = False
41.6575 	EXP 	whitesquare: autoDraw = False
41.6575 	EXP 	whitesquare: autoDraw = False
41.6737 	EXP 	whitesquare: autoDraw = False
41.6737 	EXP 	whitesquare: autoDraw = False
41.6900 	EXP 	whitesquare: autoDraw = False
41.6900 	EXP 	whitesquare: autoDraw = False
41.7078 	EXP 	whitesquare: autoDraw = False
41.7078 	EXP 	whitesquare: autoDraw = False
41.7237 	EXP 	whitesquare: autoDraw = False
41.7237 	EXP 	whitesquare: autoDraw = False
41.7407 	EXP 	whitesquare: autoDraw = False
41.7407 	EXP 	whitesquare: autoDraw = False
41.7572 	EXP 	whitesquare: autoDraw = False
41.7572 	EXP 	whitesquare: autoDraw = False
41.7739 	EXP 	whitesquare: autoDraw = False
41.7739 	EXP 	whitesquare: autoDraw = False
41.7899 	EXP 	whitesquare: autoDraw = False
41.7899 	EXP 	whitesquare: autoDraw = False
41.8077 	EXP 	whitesquare: autoDraw = False
41.8077 	EXP 	whitesquare: autoDraw = False
41.8238 	EXP 	whitesquare: autoDraw = False
41.8238 	EXP 	whitesquare: autoDraw = False
41.8409 	EXP 	whitesquare: autoDraw = False
41.8409 	EXP 	whitesquare: autoDraw = False
41.8576 	EXP 	whitesquare: autoDraw = False
41.8576 	EXP 	whitesquare: autoDraw = False
41.8742 	EXP 	whitesquare: autoDraw = False
41.8742 	EXP 	whitesquare: autoDraw = False
41.8904 	EXP 	whitesquare: autoDraw = False
41.8904 	EXP 	whitesquare: autoDraw = False
41.9081 	EXP 	whitesquare: autoDraw = False
41.9081 	EXP 	whitesquare: autoDraw = False
41.9238 	EXP 	whitesquare: autoDraw = False
41.9238 	EXP 	whitesquare: autoDraw = False
41.9413 	EXP 	whitesquare: autoDraw = False
41.9413 	EXP 	whitesquare: autoDraw = False
41.9577 	EXP 	whitesquare: autoDraw = False
41.9577 	EXP 	whitesquare: autoDraw = False
41.9745 	EXP 	whitesquare: autoDraw = False
41.9745 	EXP 	whitesquare: autoDraw = False
41.9905 	EXP 	whitesquare: autoDraw = False
41.9905 	EXP 	whitesquare: autoDraw = False
42.0077 	EXP 	whitesquare: autoDraw = False
42.0077 	EXP 	whitesquare: autoDraw = False
42.0237 	EXP 	whitesquare: autoDraw = False
42.0237 	EXP 	whitesquare: autoDraw = False
42.0408 	EXP 	whitesquare: autoDraw = False
42.0408 	EXP 	whitesquare: autoDraw = False
42.0573 	EXP 	whitesquare: autoDraw = False
42.0573 	EXP 	whitesquare: autoDraw = False
42.0739 	EXP 	whitesquare: autoDraw = False
42.0739 	EXP 	whitesquare: autoDraw = False
42.0903 	EXP 	whitesquare: autoDraw = False
42.0903 	EXP 	whitesquare: autoDraw = False
42.1077 	EXP 	whitesquare: autoDraw = False
42.1077 	EXP 	whitesquare: autoDraw = False
42.1237 	EXP 	whitesquare: autoDraw = False
42.1237 	EXP 	whitesquare: autoDraw = False
42.1404 	EXP 	whitesquare: autoDraw = False
42.1404 	EXP 	whitesquare: autoDraw = False
42.1579 	EXP 	whitesquare: autoDraw = False
42.1579 	EXP 	whitesquare: autoDraw = False
42.1740 	EXP 	whitesquare: autoDraw = False
42.1740 	EXP 	whitesquare: autoDraw = False
42.1906 	EXP 	whitesquare: autoDraw = False
42.1906 	EXP 	whitesquare: autoDraw = False
42.2078 	EXP 	whitesquare: autoDraw = False
42.2078 	EXP 	whitesquare: autoDraw = False
42.2237 	EXP 	whitesquare: autoDraw = False
42.2237 	EXP 	whitesquare: autoDraw = False
42.2406 	EXP 	whitesquare: autoDraw = False
42.2406 	EXP 	whitesquare: autoDraw = False
42.2577 	EXP 	whitesquare: autoDraw = False
42.2577 	EXP 	whitesquare: autoDraw = False
42.2741 	EXP 	whitesquare: autoDraw = False
42.2741 	EXP 	whitesquare: autoDraw = False
42.2902 	EXP 	whitesquare: autoDraw = False
42.2902 	EXP 	whitesquare: autoDraw = False
42.3079 	EXP 	whitesquare: autoDraw = False
42.3079 	EXP 	whitesquare: autoDraw = False
42.3236 	EXP 	whitesquare: autoDraw = False
42.3236 	EXP 	whitesquare: autoDraw = False
42.3405 	EXP 	whitesquare: autoDraw = False
42.3405 	EXP 	whitesquare: autoDraw = False
42.3575 	EXP 	whitesquare: autoDraw = False
42.3575 	EXP 	whitesquare: autoDraw = False
42.3741 	EXP 	whitesquare: autoDraw = False
42.3741 	EXP 	whitesquare: autoDraw = False
42.3906 	EXP 	whitesquare: autoDraw = False
42.3906 	EXP 	whitesquare: autoDraw = False
42.4078 	EXP 	whitesquare: autoDraw = False
42.4078 	EXP 	whitesquare: autoDraw = False
42.4237 	EXP 	whitesquare: autoDraw = False
42.4237 	EXP 	whitesquare: autoDraw = False
42.4407 	EXP 	whitesquare: autoDraw = False
42.4407 	EXP 	whitesquare: autoDraw = False
42.4575 	EXP 	whitesquare: autoDraw = False
42.4575 	EXP 	whitesquare: autoDraw = False
42.4741 	EXP 	whitesquare: autoDraw = False
42.4741 	EXP 	whitesquare: autoDraw = False
42.4903 	EXP 	whitesquare: autoDraw = False
42.4903 	EXP 	whitesquare: autoDraw = False
42.5079 	EXP 	whitesquare: autoDraw = False
42.5079 	EXP 	whitesquare: autoDraw = False
42.5243 	EXP 	whitesquare: autoDraw = False
42.5243 	EXP 	whitesquare: autoDraw = False
42.5408 	EXP 	whitesquare: autoDraw = False
42.5408 	EXP 	whitesquare: autoDraw = False
42.5575 	EXP 	whitesquare: autoDraw = False
42.5575 	EXP 	whitesquare: autoDraw = False
42.5743 	EXP 	whitesquare: autoDraw = False
42.5743 	EXP 	whitesquare: autoDraw = False
42.5904 	EXP 	whitesquare: autoDraw = False
42.5904 	EXP 	whitesquare: autoDraw = False
42.6081 	EXP 	whitesquare: autoDraw = False
42.6081 	EXP 	whitesquare: autoDraw = False
42.6237 	EXP 	whitesquare: autoDraw = False
42.6237 	EXP 	whitesquare: autoDraw = False
42.6407 	EXP 	whitesquare: autoDraw = False
42.6407 	EXP 	whitesquare: autoDraw = False
42.6577 	EXP 	whitesquare: autoDraw = False
42.6577 	EXP 	whitesquare: autoDraw = False
42.6742 	EXP 	whitesquare: autoDraw = False
42.6742 	EXP 	whitesquare: autoDraw = False
42.6909 	EXP 	whitesquare: autoDraw = False
42.6909 	EXP 	whitesquare: autoDraw = False
42.7084 	EXP 	whitesquare: autoDraw = False
42.7084 	EXP 	whitesquare: autoDraw = False
42.7237 	EXP 	whitesquare: autoDraw = False
42.7237 	EXP 	whitesquare: autoDraw = False
42.7407 	EXP 	whitesquare: autoDraw = False
42.7407 	EXP 	whitesquare: autoDraw = False
42.7576 	EXP 	whitesquare: autoDraw = False
42.7576 	EXP 	whitesquare: autoDraw = False
42.7744 	EXP 	whitesquare: autoDraw = False
42.7744 	EXP 	whitesquare: autoDraw = False
42.7787 	DATA 	Keypress: escape
42.7904 	EXP 	whitesquare: autoDraw = False
42.7904 	EXP 	whitesquare: autoDraw = False
43.0877 	EXP 	window1: mouseVisible = True
