4.4847 	WARNING 	User requested fullscreen with size [1024  768], but screen is actually [1280, 800]. Using actual size
5.1901 	EXP 	Created window1 = Window(allowGUI=False, allowStencil=False, args=UNKNOWN, autoLog=True, bitsMode=UNKNOWN, blendMode='avg', color=array([-1., -1., -1.]), colorSpace='rgb', fullscr=UNKNOWN, gamma=None, kwargs=UNKNOWN, lms=UNKNOWN, monitor=<psychopy.monitors.calibTools.Monitor object at 0x113682320>, multiSample=False, name='window1', numSamples=2, pos=[0.0, 0.0], screen=0, size=array([2560, 1600]), stereo=False, units='norm', useFBO=True, useRetina=True, viewOri=0.0, viewPos=None, viewScale=None, waitBlanking=True, winType='pyglet')
5.1901 	EXP 	window1: recordFrameIntervals = False
5.3561 	EXP 	window1: recordFrameIntervals = True
5.5398 	EXP 	window1: recordFrameIntervals = False
5.5481 	EXP 	<method-wrapper '__getattribute__' of attributeSetter object at 0x105f8eeb8>: vertices = array([[-0.25,  0.25],
       [ 0.25,  0.25],
       [ 0.25, -0.25],
       [-0.25, -0.25]])
5.5496 	EXP 	Created whitesquare = Rect(__class__=<class 'psychopy.visual.rect.Rect'>, autoDraw=False, autoLog=True, closeShape=True, contrast=1.0, depth=0.0, fillColor=array([1., 1., 1.]), fillColorSpace='rgb', fillRGB=array([1., 1., 1.]), interpolate=True, lineColor=array([1., 1., 1.]), lineColorSpace='rgb', lineRGB=array([1., 1., 1.]), lineWidth=1, name='whitesquare', opacity=0.9, ori=array(0.), pos=array([14.9, 11.2]), size=array([1., 1.]), units='cm', vertices=ndarray(...), win=Window(...))
5.6747 	EXP 	Created intro_text = TextStim(__class__=<class 'psychopy.visual.text.TextStim'>, alignHoriz='center', alignVert='center', antialias=True, autoLog=True, bold=False, color='white', colorSpace='named', contrast=1.0, depth=0.0, flipHoriz=False, flipVert=False, font='Arial', fontFiles=[], height=0.1, italic=False, name='intro_text', opacity=1.0, ori=0, pos=array([0., 0.]), rgb=array([255., 255., 255.]), text=str(...), units='norm', win=Window(...), wrapWidth=1)
5.6963 	EXP 	Created intro_text = TextStim(__class__=<class 'psychopy.visual.text.TextStim'>, alignHoriz='center', alignVert='center', antialias=True, autoLog=True, bold=False, color='white', colorSpace='named', contrast=1.0, depth=0.0, flipHoriz=False, flipVert=False, font='Arial', fontFiles=[], height=0.1, italic=False, name='intro_text', opacity=1.0, ori=0, pos=array([0., 0.]), rgb=array([255., 255., 255.]), text=str(...), units='norm', win=Window(...), wrapWidth=1)
5.7086 	EXP 	Created open_text = TextStim(__class__=<class 'psychopy.visual.text.TextStim'>, alignHoriz='center', alignVert='center', antialias=True, autoLog=True, bold=False, color='white', colorSpace='named', contrast=1.0, depth=0.0, flipHoriz=False, flipVert=False, font='Arial', fontFiles=[], height=0.1, italic=False, name='open_text', opacity=1.0, ori=0, pos=array([0., 0.]), rgb=array([255., 255., 255.]), text=str(...), units='norm', win=Window(...), wrapWidth=1)
5.7126 	EXP 	Created fixation = TextStim(__class__=<class 'psychopy.visual.text.TextStim'>, alignHoriz='center', alignVert='center', antialias=True, autoLog=True, bold=False, color='white', colorSpace='named', contrast=1.0, depth=-1.0, flipHoriz=False, flipVert=False, font='Arial', fontFiles=[], height=0.1, italic=False, name='fixation', opacity=1.0, ori=0, pos=array([0., 0.]), rgb=array([255., 255., 255.]), text='+\n', units='norm', win=Window(...), wrapWidth=1)
5.7241 	EXP 	Created close_text = TextStim(__class__=<class 'psychopy.visual.text.TextStim'>, alignHoriz='center', alignVert='center', antialias=True, autoLog=True, bold=False, color='white', colorSpace='named', contrast=1.0, depth=0.0, flipHoriz=False, flipVert=False, font='Arial', fontFiles=[], height=0.1, italic=False, name='close_text', opacity=1.0, ori=0, pos=array([0., 0.]), rgb=array([255., 255., 255.]), text=str(...), units='norm', win=Window(...), wrapWidth=1)
5.7272 	EXP 	Created blank = TextStim(__class__=<class 'psychopy.visual.text.TextStim'>, alignHoriz='center', alignVert='center', antialias=True, autoLog=True, bold=False, color='white', colorSpace='named', contrast=1.0, depth=-1.0, flipHoriz=False, flipVert=False, font='Arial', fontFiles=[], height=0.1, italic=False, name='blank', opacity=1.0, ori=0, pos=array([0., 0.]), rgb=array([255., 255., 255.]), text=' ', units='norm', win=Window(...), wrapWidth=1)
5.7787 	EXP 	Set  sound=./sound/open_speak.wav
5.7787 	EXP 	Set Sound  volume=1.000
5.7881 	EXP 	Created gaze_text = TextStim(__class__=<class 'psychopy.visual.text.TextStim'>, alignHoriz='center', alignVert='center', antialias=True, autoLog=True, bold=False, color='white', colorSpace='named', contrast=1.0, depth=0.0, flipHoriz=False, flipVert=False, font='Arial', fontFiles=[], height=0.1, italic=False, name='gaze_text', opacity=1.0, ori=0, pos=array([0., 0.]), rgb=array([255., 255., 255.]), text=str(...), units='norm', win=Window(...), wrapWidth=1)
5.7898 	EXP 	Created center = ShapeStim(__class__=<class 'psychopy.visual.shape.ShapeStim'>, autoDraw=False, autoLog=True, closeShape=True, contrast=1.0, depth=0.0, fillColor=array([1., 1., 1.]), fillColorSpace='rgb', interpolate=True, lineColor=array([1., 1., 1.]), lineColorSpace='rgb', lineWidth=1, name='center', opacity=1.0, ori=array(0.), pos=array([0., 0.]), size=array([0.5, 0.5]), units='cm', vertices=ndarray(...), win=Window(...), windingRule=None)
5.7907 	EXP 	Set  sound=./sound/left_speak.wav
5.7907 	EXP 	Set Sound  volume=1.000
5.7925 	EXP 	Created left = ShapeStim(__class__=<class 'psychopy.visual.shape.ShapeStim'>, autoDraw=False, autoLog=True, closeShape=True, contrast=1.0, depth=0.0, fillColor=array([1., 1., 1.]), fillColorSpace='rgb', interpolate=True, lineColor=array([1., 1., 1.]), lineColorSpace='rgb', lineWidth=1, name='left', opacity=1.0, ori=array(0.), pos=array([-10.,   0.]), size=array([0.5, 0.5]), units='cm', vertices=ndarray(...), win=Window(...), windingRule=None)
5.7933 	EXP 	Set  sound=./sound/right_speak.wav
5.7933 	EXP 	Set Sound  volume=1.000
5.7951 	EXP 	Created right = ShapeStim(__class__=<class 'psychopy.visual.shape.ShapeStim'>, autoDraw=False, autoLog=True, closeShape=True, contrast=1.0, depth=0.0, fillColor=array([1., 1., 1.]), fillColorSpace='rgb', interpolate=True, lineColor=array([1., 1., 1.]), lineColorSpace='rgb', lineWidth=1, name='right', opacity=1.0, ori=array(0.), pos=array([10.,  0.]), size=array([0.5, 0.5]), units='cm', vertices=ndarray(...), win=Window(...), windingRule=None)
5.7958 	EXP 	Set  sound=./sound/up_speak.wav
5.7958 	EXP 	Set Sound  volume=1.000
5.7975 	EXP 	Created up = ShapeStim(__class__=<class 'psychopy.visual.shape.ShapeStim'>, autoDraw=False, autoLog=True, closeShape=True, contrast=1.0, depth=0.0, fillColor=array([1., 1., 1.]), fillColorSpace='rgb', interpolate=True, lineColor=array([1., 1., 1.]), lineColorSpace='rgb', lineWidth=1, name='up', opacity=1.0, ori=array(0.), pos=array([ 0., 10.]), size=array([0.5, 0.5]), units='cm', vertices=ndarray(...), win=Window(...), windingRule=None)
5.7982 	EXP 	Set  sound=./sound/down_speak.wav
5.7982 	EXP 	Set Sound  volume=1.000
5.8000 	EXP 	Created down = ShapeStim(__class__=<class 'psychopy.visual.shape.ShapeStim'>, autoDraw=False, autoLog=True, closeShape=True, contrast=1.0, depth=0.0, fillColor=array([1., 1., 1.]), fillColorSpace='rgb', interpolate=True, lineColor=array([1., 1., 1.]), lineColorSpace='rgb', lineWidth=1, name='down', opacity=1.0, ori=array(0.), pos=array([  0., -10.]), size=array([0.5, 0.5]), units='cm', vertices=ndarray(...), win=Window(...), windingRule=None)
5.8083 	EXP 	Created esc = TextStim(__class__=<class 'psychopy.visual.text.TextStim'>, alignHoriz='center', alignVert='center', antialias=True, autoLog=True, bold=False, color='white', colorSpace='named', contrast=1.0, depth=0.0, flipHoriz=False, flipVert=False, font='Arial', fontFiles=[], height=0.1, italic=False, name='esc', opacity=1.0, ori=0, pos=array([0., 0.]), rgb=array([255., 255., 255.]), text="End of test\n\nPress 'esc'", units='norm', win=Window(...), wrapWidth=1)
5.8410 	EXP 	intro_text: autoDraw = True
5.8410 	EXP 	whitesquare: autoDraw = True
6.2272 	DATA 	Keypress: space
6.2396 	EXP 	intro_text: autoDraw = False
6.2396 	EXP 	whitesquare: autoDraw = False
6.2396 	EXP 	intro_text: autoDraw = True
6.6591 	DATA 	Keypress: space
6.6893 	EXP 	intro_text: autoDraw = False
9.1755 	DATA 	wsqS
9.1908 	EXP 	whitesquare: autoDraw = True
9.1914 	DATA 	wsqS
9.2082 	EXP 	whitesquare: autoDraw = True
9.2082 	EXP 	whitesquare: autoDraw = False
9.2088 	DATA 	wsqS
9.2243 	EXP 	whitesquare: autoDraw = True
9.2243 	EXP 	whitesquare: autoDraw = False
9.2248 	DATA 	wsqS
9.2411 	EXP 	whitesquare: autoDraw = True
9.2411 	EXP 	whitesquare: autoDraw = False
9.2417 	DATA 	wsqS
9.2573 	EXP 	whitesquare: autoDraw = True
9.2573 	EXP 	whitesquare: autoDraw = False
9.2579 	DATA 	wsqS
9.2745 	EXP 	whitesquare: autoDraw = True
9.2745 	EXP 	whitesquare: autoDraw = False
9.2750 	DATA 	wsqS
9.2908 	EXP 	whitesquare: autoDraw = True
9.2908 	EXP 	whitesquare: autoDraw = False
9.2913 	DATA 	wsqS
9.3083 	EXP 	whitesquare: autoDraw = True
9.3083 	EXP 	whitesquare: autoDraw = False
9.3091 	DATA 	wsqS
9.3242 	EXP 	whitesquare: autoDraw = True
9.3242 	EXP 	whitesquare: autoDraw = False
9.3248 	DATA 	wsqS
9.3413 	EXP 	whitesquare: autoDraw = True
9.3413 	EXP 	whitesquare: autoDraw = False
9.3418 	DATA 	wsqS
9.3575 	EXP 	whitesquare: autoDraw = True
9.3575 	EXP 	whitesquare: autoDraw = False
9.3581 	DATA 	wsqS
9.3751 	EXP 	whitesquare: autoDraw = True
9.3751 	EXP 	whitesquare: autoDraw = False
9.3758 	DATA 	wsqS
9.3918 	EXP 	whitesquare: autoDraw = True
9.3918 	EXP 	whitesquare: autoDraw = False
9.3927 	DATA 	wsqS
9.4084 	EXP 	whitesquare: autoDraw = True
9.4084 	EXP 	whitesquare: autoDraw = False
9.4088 	DATA 	wsqS
9.4243 	EXP 	whitesquare: autoDraw = True
9.4243 	EXP 	whitesquare: autoDraw = False
9.4248 	DATA 	wsqS
9.4411 	EXP 	whitesquare: autoDraw = True
9.4411 	EXP 	whitesquare: autoDraw = False
9.4417 	DATA 	wsqS
9.4576 	EXP 	whitesquare: autoDraw = True
9.4576 	EXP 	whitesquare: autoDraw = False
9.4583 	DATA 	wsqS
9.4747 	EXP 	whitesquare: autoDraw = True
9.4747 	EXP 	whitesquare: autoDraw = False
9.4752 	DATA 	wsqS
9.4908 	EXP 	whitesquare: autoDraw = True
9.4908 	EXP 	whitesquare: autoDraw = False
9.4914 	DATA 	wsqS
9.5083 	EXP 	whitesquare: autoDraw = True
9.5083 	EXP 	whitesquare: autoDraw = False
9.5091 	DATA 	wsqS
9.5244 	EXP 	whitesquare: autoDraw = True
9.5244 	EXP 	whitesquare: autoDraw = False
9.5250 	DATA 	wsqS
9.5422 	EXP 	whitesquare: autoDraw = True
9.5422 	EXP 	whitesquare: autoDraw = False
9.5429 	DATA 	wsqS
9.5587 	EXP 	whitesquare: autoDraw = True
9.5587 	EXP 	whitesquare: autoDraw = False
9.5596 	DATA 	wsqS
9.5750 	EXP 	whitesquare: autoDraw = True
9.5750 	EXP 	whitesquare: autoDraw = False
9.5757 	DATA 	wsqS
9.5913 	EXP 	whitesquare: autoDraw = True
9.5913 	EXP 	whitesquare: autoDraw = False
9.5920 	DATA 	wsqS
9.6091 	EXP 	whitesquare: autoDraw = True
9.6091 	EXP 	whitesquare: autoDraw = False
9.6096 	DATA 	wsqS
9.6243 	EXP 	whitesquare: autoDraw = True
9.6243 	EXP 	whitesquare: autoDraw = False
9.6249 	DATA 	wsqS
9.6414 	EXP 	whitesquare: autoDraw = True
9.6414 	EXP 	whitesquare: autoDraw = False
9.6419 	DATA 	wsqS
9.6577 	EXP 	whitesquare: autoDraw = True
9.6577 	EXP 	whitesquare: autoDraw = False
9.6583 	DATA 	wsqS
9.6748 	EXP 	whitesquare: autoDraw = True
9.6748 	EXP 	whitesquare: autoDraw = False
9.6752 	DATA 	wsqS
9.6910 	EXP 	whitesquare: autoDraw = True
9.6910 	EXP 	whitesquare: autoDraw = False
9.6916 	DATA 	wsqS
9.7084 	EXP 	whitesquare: autoDraw = True
9.7084 	EXP 	whitesquare: autoDraw = False
9.7091 	DATA 	wsqS
9.7247 	EXP 	whitesquare: autoDraw = True
9.7247 	EXP 	whitesquare: autoDraw = False
9.7253 	DATA 	wsqS
9.7414 	EXP 	whitesquare: autoDraw = True
9.7414 	EXP 	whitesquare: autoDraw = False
9.7419 	DATA 	wsqS
9.7583 	EXP 	whitesquare: autoDraw = True
9.7583 	EXP 	whitesquare: autoDraw = False
9.7591 	DATA 	wsqS
9.7748 	EXP 	whitesquare: autoDraw = True
9.7748 	EXP 	whitesquare: autoDraw = False
9.7754 	DATA 	wsqS
9.7914 	EXP 	whitesquare: autoDraw = True
9.7914 	EXP 	whitesquare: autoDraw = False
9.7922 	DATA 	wsqS
9.8088 	EXP 	whitesquare: autoDraw = True
9.8088 	EXP 	whitesquare: autoDraw = False
9.8096 	DATA 	wsqS
9.8244 	EXP 	whitesquare: autoDraw = True
9.8244 	EXP 	whitesquare: autoDraw = False
9.8249 	DATA 	wsqS
9.8413 	EXP 	whitesquare: autoDraw = True
9.8413 	EXP 	whitesquare: autoDraw = False
9.8420 	DATA 	wsqS
9.8575 	EXP 	whitesquare: autoDraw = True
9.8575 	EXP 	whitesquare: autoDraw = False
9.8583 	DATA 	wsqS
9.8751 	EXP 	whitesquare: autoDraw = True
9.8751 	EXP 	whitesquare: autoDraw = False
9.8759 	DATA 	wsqS
9.8908 	EXP 	whitesquare: autoDraw = True
9.8908 	EXP 	whitesquare: autoDraw = False
9.8917 	DATA 	wsqS
9.9082 	EXP 	whitesquare: autoDraw = True
9.9082 	EXP 	whitesquare: autoDraw = False
9.9092 	DATA 	wsqS
9.9242 	EXP 	whitesquare: autoDraw = True
9.9242 	EXP 	whitesquare: autoDraw = False
9.9250 	DATA 	wsqS
9.9412 	EXP 	whitesquare: autoDraw = True
9.9412 	EXP 	whitesquare: autoDraw = False
9.9421 	DATA 	wsqS
9.9575 	EXP 	whitesquare: autoDraw = True
9.9575 	EXP 	whitesquare: autoDraw = False
9.9585 	DATA 	wsqS
9.9748 	EXP 	whitesquare: autoDraw = True
9.9748 	EXP 	whitesquare: autoDraw = False
9.9756 	DATA 	wsqS
9.9910 	EXP 	whitesquare: autoDraw = True
9.9910 	EXP 	whitesquare: autoDraw = False
9.9917 	DATA 	wsqS
10.0081 	EXP 	whitesquare: autoDraw = True
10.0081 	EXP 	whitesquare: autoDraw = False
10.0088 	DATA 	wsqS
10.0243 	EXP 	whitesquare: autoDraw = True
10.0243 	EXP 	whitesquare: autoDraw = False
10.0251 	DATA 	wsqS
10.0414 	EXP 	whitesquare: autoDraw = True
10.0414 	EXP 	whitesquare: autoDraw = False
10.0422 	DATA 	wsqS
10.0577 	EXP 	whitesquare: autoDraw = True
10.0577 	EXP 	whitesquare: autoDraw = False
10.0585 	DATA 	wsqS
10.0746 	EXP 	whitesquare: autoDraw = True
10.0746 	EXP 	whitesquare: autoDraw = False
10.0755 	DATA 	wsqS
10.0909 	EXP 	whitesquare: autoDraw = True
10.0909 	EXP 	whitesquare: autoDraw = False
10.0918 	DATA 	wsqS
10.1082 	EXP 	whitesquare: autoDraw = True
10.1082 	EXP 	whitesquare: autoDraw = False
10.1090 	DATA 	wsqS
10.1243 	EXP 	whitesquare: autoDraw = True
10.1243 	EXP 	whitesquare: autoDraw = False
10.1251 	DATA 	wsqS
10.1415 	EXP 	whitesquare: autoDraw = True
10.1415 	EXP 	whitesquare: autoDraw = False
10.1423 	DATA 	wsqS
10.1576 	EXP 	whitesquare: autoDraw = True
10.1576 	EXP 	whitesquare: autoDraw = False
10.1584 	DATA 	wsqS
10.1747 	EXP 	whitesquare: autoDraw = True
10.1747 	EXP 	whitesquare: autoDraw = False
10.1756 	DATA 	wsqS
10.1910 	EXP 	whitesquare: autoDraw = True
10.1910 	EXP 	whitesquare: autoDraw = False
10.1918 	DATA 	wsqS
10.2082 	EXP 	whitesquare: autoDraw = True
10.2082 	EXP 	whitesquare: autoDraw = False
10.2090 	DATA 	wsqS
10.2244 	EXP 	whitesquare: autoDraw = True
10.2244 	EXP 	whitesquare: autoDraw = False
10.2254 	DATA 	wsqS
10.2415 	EXP 	whitesquare: autoDraw = True
10.2415 	EXP 	whitesquare: autoDraw = False
10.2422 	DATA 	wsqS
10.2577 	EXP 	whitesquare: autoDraw = True
10.2577 	EXP 	whitesquare: autoDraw = False
10.2586 	DATA 	wsqS
10.2748 	EXP 	whitesquare: autoDraw = True
10.2748 	EXP 	whitesquare: autoDraw = False
10.2756 	DATA 	wsqS
10.2911 	EXP 	whitesquare: autoDraw = True
10.2911 	EXP 	whitesquare: autoDraw = False
10.2919 	DATA 	wsqS
10.3082 	EXP 	whitesquare: autoDraw = True
10.3082 	EXP 	whitesquare: autoDraw = False
10.3090 	DATA 	wsqS
10.3244 	EXP 	whitesquare: autoDraw = True
10.3244 	EXP 	whitesquare: autoDraw = False
10.3253 	DATA 	wsqS
10.3414 	EXP 	whitesquare: autoDraw = True
10.3414 	EXP 	whitesquare: autoDraw = False
10.3424 	DATA 	wsqS
10.3577 	EXP 	whitesquare: autoDraw = True
10.3577 	EXP 	whitesquare: autoDraw = False
10.3585 	DATA 	wsqS
10.3748 	EXP 	whitesquare: autoDraw = True
10.3748 	EXP 	whitesquare: autoDraw = False
10.3757 	DATA 	wsqS
10.3911 	EXP 	whitesquare: autoDraw = True
10.3911 	EXP 	whitesquare: autoDraw = False
10.3919 	DATA 	wsqS
10.4084 	EXP 	whitesquare: autoDraw = True
10.4084 	EXP 	whitesquare: autoDraw = False
10.4091 	DATA 	wsqS
10.4245 	EXP 	whitesquare: autoDraw = True
10.4245 	EXP 	whitesquare: autoDraw = False
10.4253 	DATA 	wsqS
10.4418 	EXP 	whitesquare: autoDraw = True
10.4418 	EXP 	whitesquare: autoDraw = False
10.4426 	DATA 	wsqS
10.4578 	EXP 	whitesquare: autoDraw = True
10.4578 	EXP 	whitesquare: autoDraw = False
10.4586 	DATA 	wsqS
10.4748 	EXP 	whitesquare: autoDraw = True
10.4748 	EXP 	whitesquare: autoDraw = False
10.4757 	DATA 	wsqS
10.4911 	EXP 	whitesquare: autoDraw = True
10.4911 	EXP 	whitesquare: autoDraw = False
10.4920 	DATA 	wsqS
10.5084 	EXP 	whitesquare: autoDraw = True
10.5084 	EXP 	whitesquare: autoDraw = False
10.5091 	DATA 	wsqS
10.5245 	EXP 	whitesquare: autoDraw = True
10.5245 	EXP 	whitesquare: autoDraw = False
10.5254 	DATA 	wsqS
10.5416 	EXP 	whitesquare: autoDraw = True
10.5416 	EXP 	whitesquare: autoDraw = False
10.5424 	DATA 	wsqS
10.5579 	EXP 	whitesquare: autoDraw = True
10.5579 	EXP 	whitesquare: autoDraw = False
10.5587 	DATA 	wsqS
10.5749 	EXP 	whitesquare: autoDraw = True
10.5749 	EXP 	whitesquare: autoDraw = False
10.5756 	DATA 	wsqS
10.5919 	EXP 	whitesquare: autoDraw = True
10.5919 	EXP 	whitesquare: autoDraw = False
10.5925 	DATA 	wsqS
10.6087 	EXP 	whitesquare: autoDraw = True
10.6087 	EXP 	whitesquare: autoDraw = False
10.6095 	DATA 	wsqS
10.6245 	EXP 	whitesquare: autoDraw = True
10.6245 	EXP 	whitesquare: autoDraw = False
10.6253 	DATA 	wsqS
10.6416 	EXP 	whitesquare: autoDraw = True
10.6416 	EXP 	whitesquare: autoDraw = False
10.6424 	DATA 	wsqS
10.6579 	EXP 	whitesquare: autoDraw = True
10.6579 	EXP 	whitesquare: autoDraw = False
10.6587 	DATA 	wsqS
10.6750 	EXP 	whitesquare: autoDraw = True
10.6750 	EXP 	whitesquare: autoDraw = False
10.6758 	DATA 	wsqS
10.6912 	EXP 	whitesquare: autoDraw = True
10.6912 	EXP 	whitesquare: autoDraw = False
10.6920 	DATA 	wsqS
10.7085 	EXP 	whitesquare: autoDraw = True
10.7085 	EXP 	whitesquare: autoDraw = False
10.7093 	DATA 	wsqS
10.7246 	EXP 	whitesquare: autoDraw = True
10.7246 	EXP 	whitesquare: autoDraw = False
10.7254 	DATA 	wsqS
10.7416 	EXP 	whitesquare: autoDraw = True
10.7416 	EXP 	whitesquare: autoDraw = False
10.7424 	DATA 	wsqS
10.7583 	EXP 	whitesquare: autoDraw = True
10.7583 	EXP 	whitesquare: autoDraw = False
10.7590 	DATA 	wsqS
10.7753 	EXP 	whitesquare: autoDraw = True
10.7753 	EXP 	whitesquare: autoDraw = False
10.7759 	DATA 	wsqS
10.7915 	EXP 	whitesquare: autoDraw = True
10.7915 	EXP 	whitesquare: autoDraw = False
10.7924 	DATA 	wsqS
10.8086 	EXP 	whitesquare: autoDraw = True
10.8086 	EXP 	whitesquare: autoDraw = False
10.8094 	DATA 	wsqS
10.8248 	EXP 	whitesquare: autoDraw = True
10.8248 	EXP 	whitesquare: autoDraw = False
10.8255 	DATA 	wsqS
10.8417 	EXP 	whitesquare: autoDraw = True
10.8417 	EXP 	whitesquare: autoDraw = False
10.8426 	DATA 	wsqS
10.8580 	EXP 	whitesquare: autoDraw = True
10.8580 	EXP 	whitesquare: autoDraw = False
10.8588 	DATA 	wsqS
10.8750 	EXP 	whitesquare: autoDraw = True
10.8750 	EXP 	whitesquare: autoDraw = False
10.8760 	DATA 	wsqS
10.8914 	EXP 	whitesquare: autoDraw = True
10.8914 	EXP 	whitesquare: autoDraw = False
10.8922 	DATA 	wsqS
10.9090 	EXP 	whitesquare: autoDraw = True
10.9090 	EXP 	whitesquare: autoDraw = False
10.9096 	DATA 	wsqS
10.9247 	EXP 	whitesquare: autoDraw = True
10.9247 	EXP 	whitesquare: autoDraw = False
10.9254 	DATA 	wsqS
10.9418 	EXP 	whitesquare: autoDraw = True
10.9418 	EXP 	whitesquare: autoDraw = False
10.9427 	DATA 	wsqS
10.9581 	EXP 	whitesquare: autoDraw = True
10.9581 	EXP 	whitesquare: autoDraw = False
10.9588 	DATA 	wsqS
10.9753 	EXP 	whitesquare: autoDraw = True
10.9753 	EXP 	whitesquare: autoDraw = False
10.9760 	DATA 	wsqS
10.9919 	EXP 	whitesquare: autoDraw = True
10.9919 	EXP 	whitesquare: autoDraw = False
10.9927 	DATA 	wsqS
11.0089 	EXP 	whitesquare: autoDraw = True
11.0089 	EXP 	whitesquare: autoDraw = False
11.0096 	DATA 	wsqS
11.0247 	EXP 	whitesquare: autoDraw = True
11.0247 	EXP 	whitesquare: autoDraw = False
11.0255 	DATA 	wsqS
11.0418 	EXP 	whitesquare: autoDraw = True
11.0418 	EXP 	whitesquare: autoDraw = False
11.0426 	DATA 	wsqS
11.0583 	EXP 	whitesquare: autoDraw = True
11.0583 	EXP 	whitesquare: autoDraw = False
11.0589 	DATA 	wsqS
11.0754 	EXP 	whitesquare: autoDraw = True
11.0754 	EXP 	whitesquare: autoDraw = False
11.0759 	DATA 	wsqS
11.0919 	EXP 	whitesquare: autoDraw = True
11.0919 	EXP 	whitesquare: autoDraw = False
11.0925 	DATA 	wsqS
11.1093 	EXP 	whitesquare: autoDraw = True
11.1093 	EXP 	whitesquare: autoDraw = False
11.1100 	DATA 	wsqS
11.1252 	EXP 	whitesquare: autoDraw = True
11.1252 	EXP 	whitesquare: autoDraw = False
11.1258 	DATA 	wsqS
11.1425 	EXP 	whitesquare: autoDraw = True
11.1425 	EXP 	whitesquare: autoDraw = False
11.1432 	DATA 	wsqS
11.1587 	EXP 	whitesquare: autoDraw = True
11.1587 	EXP 	whitesquare: autoDraw = False
11.1592 	DATA 	wsqS
11.1760 	EXP 	whitesquare: autoDraw = True
11.1760 	EXP 	whitesquare: autoDraw = False
11.1765 	DATA 	wsqS
11.1771 	EXP 	Set  sound=./sound/open_speak.wav
11.1918 	EXP 	whitesquare: autoDraw = True
11.1918 	EXP 	whitesquare: autoDraw = False
13.6779 	DATA 	wsqS
13.6929 	EXP 	whitesquare: autoDraw = True
13.6937 	DATA 	wsqS
13.7100 	EXP 	whitesquare: autoDraw = True
13.7100 	EXP 	whitesquare: autoDraw = False
13.7108 	DATA 	wsqS
13.7261 	EXP 	whitesquare: autoDraw = True
13.7261 	EXP 	whitesquare: autoDraw = False
13.7268 	DATA 	wsqS
13.7430 	EXP 	whitesquare: autoDraw = True
13.7430 	EXP 	whitesquare: autoDraw = False
13.7439 	DATA 	wsqS
13.7594 	EXP 	whitesquare: autoDraw = True
13.7594 	EXP 	whitesquare: autoDraw = False
13.7603 	DATA 	wsqS
13.7765 	EXP 	whitesquare: autoDraw = True
13.7765 	EXP 	whitesquare: autoDraw = False
13.7774 	DATA 	wsqS
13.7927 	EXP 	whitesquare: autoDraw = True
13.7927 	EXP 	whitesquare: autoDraw = False
13.7935 	DATA 	wsqS
13.8102 	EXP 	whitesquare: autoDraw = True
13.8102 	EXP 	whitesquare: autoDraw = False
13.8109 	DATA 	wsqS
13.8260 	EXP 	whitesquare: autoDraw = True
13.8260 	EXP 	whitesquare: autoDraw = False
13.8269 	DATA 	wsqS
13.8434 	EXP 	whitesquare: autoDraw = True
13.8434 	EXP 	whitesquare: autoDraw = False
13.8441 	DATA 	wsqS
13.8594 	EXP 	whitesquare: autoDraw = True
13.8594 	EXP 	whitesquare: autoDraw = False
13.8603 	DATA 	wsqS
13.8765 	EXP 	whitesquare: autoDraw = True
13.8765 	EXP 	whitesquare: autoDraw = False
13.8774 	DATA 	wsqS
13.8928 	EXP 	whitesquare: autoDraw = True
13.8928 	EXP 	whitesquare: autoDraw = False
13.8936 	DATA 	wsqS
13.9101 	EXP 	whitesquare: autoDraw = True
13.9101 	EXP 	whitesquare: autoDraw = False
13.9109 	DATA 	wsqS
13.9261 	EXP 	whitesquare: autoDraw = True
13.9261 	EXP 	whitesquare: autoDraw = False
13.9269 	DATA 	wsqS
13.9431 	EXP 	whitesquare: autoDraw = True
13.9431 	EXP 	whitesquare: autoDraw = False
13.9440 	DATA 	wsqS
13.9595 	EXP 	whitesquare: autoDraw = True
13.9595 	EXP 	whitesquare: autoDraw = False
13.9603 	DATA 	wsqS
13.9765 	EXP 	whitesquare: autoDraw = True
13.9765 	EXP 	whitesquare: autoDraw = False
13.9773 	DATA 	wsqS
13.9929 	EXP 	whitesquare: autoDraw = True
13.9929 	EXP 	whitesquare: autoDraw = False
13.9938 	DATA 	wsqS
14.0102 	EXP 	whitesquare: autoDraw = True
14.0102 	EXP 	whitesquare: autoDraw = False
14.0110 	DATA 	wsqS
14.0262 	EXP 	whitesquare: autoDraw = True
14.0262 	EXP 	whitesquare: autoDraw = False
14.0270 	DATA 	wsqS
14.0432 	EXP 	whitesquare: autoDraw = True
14.0432 	EXP 	whitesquare: autoDraw = False
14.0440 	DATA 	wsqS
14.0595 	EXP 	whitesquare: autoDraw = True
14.0595 	EXP 	whitesquare: autoDraw = False
14.0605 	DATA 	wsqS
14.0768 	EXP 	whitesquare: autoDraw = True
14.0768 	EXP 	whitesquare: autoDraw = False
14.0779 	DATA 	wsqS
14.0928 	EXP 	whitesquare: autoDraw = True
14.0928 	EXP 	whitesquare: autoDraw = False
14.0937 	DATA 	wsqS
14.1106 	EXP 	whitesquare: autoDraw = True
14.1106 	EXP 	whitesquare: autoDraw = False
14.1113 	DATA 	wsqS
14.1262 	EXP 	whitesquare: autoDraw = True
14.1262 	EXP 	whitesquare: autoDraw = False
14.1270 	DATA 	wsqS
14.1433 	EXP 	whitesquare: autoDraw = True
14.1433 	EXP 	whitesquare: autoDraw = False
14.1441 	DATA 	wsqS
14.1595 	EXP 	whitesquare: autoDraw = True
14.1595 	EXP 	whitesquare: autoDraw = False
14.1603 	DATA 	wsqS
14.1766 	EXP 	whitesquare: autoDraw = True
14.1766 	EXP 	whitesquare: autoDraw = False
14.1774 	DATA 	wsqS
14.1932 	EXP 	whitesquare: autoDraw = True
14.1932 	EXP 	whitesquare: autoDraw = False
14.1937 	DATA 	wsqS
14.2109 	EXP 	whitesquare: autoDraw = True
14.2109 	EXP 	whitesquare: autoDraw = False
14.2114 	DATA 	wsqS
14.2265 	EXP 	whitesquare: autoDraw = True
14.2265 	EXP 	whitesquare: autoDraw = False
14.2271 	DATA 	wsqS
14.2435 	EXP 	whitesquare: autoDraw = True
14.2435 	EXP 	whitesquare: autoDraw = False
14.2441 	DATA 	wsqS
14.2598 	EXP 	whitesquare: autoDraw = True
14.2598 	EXP 	whitesquare: autoDraw = False
14.2604 	DATA 	wsqS
14.2768 	EXP 	whitesquare: autoDraw = True
14.2768 	EXP 	whitesquare: autoDraw = False
14.2774 	DATA 	wsqS
14.2931 	EXP 	whitesquare: autoDraw = True
14.2931 	EXP 	whitesquare: autoDraw = False
14.2936 	DATA 	wsqS
14.3107 	EXP 	whitesquare: autoDraw = True
14.3107 	EXP 	whitesquare: autoDraw = False
14.3112 	DATA 	wsqS
14.3266 	EXP 	whitesquare: autoDraw = True
14.3266 	EXP 	whitesquare: autoDraw = False
14.3271 	DATA 	wsqS
14.3438 	EXP 	whitesquare: autoDraw = True
14.3438 	EXP 	whitesquare: autoDraw = False
14.3445 	DATA 	wsqS
14.3599 	EXP 	whitesquare: autoDraw = True
14.3599 	EXP 	whitesquare: autoDraw = False
14.3606 	DATA 	wsqS
14.3770 	EXP 	whitesquare: autoDraw = True
14.3770 	EXP 	whitesquare: autoDraw = False
14.3776 	DATA 	wsqS
14.3932 	EXP 	whitesquare: autoDraw = True
14.3932 	EXP 	whitesquare: autoDraw = False
14.3938 	DATA 	wsqS
14.4108 	EXP 	whitesquare: autoDraw = True
14.4108 	EXP 	whitesquare: autoDraw = False
14.4115 	DATA 	wsqS
14.4271 	EXP 	whitesquare: autoDraw = True
14.4271 	EXP 	whitesquare: autoDraw = False
14.4280 	DATA 	wsqS
14.4439 	EXP 	whitesquare: autoDraw = True
14.4439 	EXP 	whitesquare: autoDraw = False
14.4447 	DATA 	wsqS
14.4599 	EXP 	whitesquare: autoDraw = True
14.4599 	EXP 	whitesquare: autoDraw = False
14.4609 	DATA 	wsqS
14.4772 	EXP 	whitesquare: autoDraw = True
14.4772 	EXP 	whitesquare: autoDraw = False
14.4779 	DATA 	wsqS
14.4936 	EXP 	whitesquare: autoDraw = True
14.4936 	EXP 	whitesquare: autoDraw = False
14.4942 	DATA 	wsqS
14.5106 	EXP 	whitesquare: autoDraw = True
14.5106 	EXP 	whitesquare: autoDraw = False
14.5112 	DATA 	wsqS
14.5267 	EXP 	whitesquare: autoDraw = True
14.5267 	EXP 	whitesquare: autoDraw = False
14.5273 	DATA 	wsqS
14.5437 	EXP 	whitesquare: autoDraw = True
14.5437 	EXP 	whitesquare: autoDraw = False
14.5442 	DATA 	wsqS
14.5603 	EXP 	whitesquare: autoDraw = True
14.5603 	EXP 	whitesquare: autoDraw = False
14.5610 	DATA 	wsqS
14.5779 	EXP 	whitesquare: autoDraw = True
14.5779 	EXP 	whitesquare: autoDraw = False
14.5785 	DATA 	wsqS
14.5935 	EXP 	whitesquare: autoDraw = True
14.5935 	EXP 	whitesquare: autoDraw = False
14.5942 	DATA 	wsqS
14.6109 	EXP 	whitesquare: autoDraw = True
14.6109 	EXP 	whitesquare: autoDraw = False
14.6114 	DATA 	wsqS
14.6266 	EXP 	whitesquare: autoDraw = True
14.6266 	EXP 	whitesquare: autoDraw = False
14.6272 	DATA 	wsqS
14.6438 	EXP 	whitesquare: autoDraw = True
14.6438 	EXP 	whitesquare: autoDraw = False
14.6444 	DATA 	wsqS
14.6599 	EXP 	whitesquare: autoDraw = True
14.6599 	EXP 	whitesquare: autoDraw = False
14.6604 	DATA 	wsqS
14.6775 	EXP 	whitesquare: autoDraw = True
14.6775 	EXP 	whitesquare: autoDraw = False
14.6782 	DATA 	wsqS
14.6932 	EXP 	whitesquare: autoDraw = True
14.6932 	EXP 	whitesquare: autoDraw = False
14.6938 	DATA 	wsqS
14.7108 	EXP 	whitesquare: autoDraw = True
14.7108 	EXP 	whitesquare: autoDraw = False
14.7115 	DATA 	wsqS
14.7269 	EXP 	whitesquare: autoDraw = True
14.7269 	EXP 	whitesquare: autoDraw = False
14.7275 	DATA 	wsqS
14.7437 	EXP 	whitesquare: autoDraw = True
14.7437 	EXP 	whitesquare: autoDraw = False
14.7442 	DATA 	wsqS
14.7601 	EXP 	whitesquare: autoDraw = True
14.7601 	EXP 	whitesquare: autoDraw = False
14.7607 	DATA 	wsqS
14.7772 	EXP 	whitesquare: autoDraw = True
14.7772 	EXP 	whitesquare: autoDraw = False
14.7778 	DATA 	wsqS
14.7934 	EXP 	whitesquare: autoDraw = True
14.7934 	EXP 	whitesquare: autoDraw = False
14.7940 	DATA 	wsqS
14.8111 	EXP 	whitesquare: autoDraw = True
14.8111 	EXP 	whitesquare: autoDraw = False
14.8119 	DATA 	wsqS
14.8273 	EXP 	whitesquare: autoDraw = True
14.8273 	EXP 	whitesquare: autoDraw = False
14.8280 	DATA 	wsqS
14.8439 	EXP 	whitesquare: autoDraw = True
14.8439 	EXP 	whitesquare: autoDraw = False
14.8445 	DATA 	wsqS
14.8601 	EXP 	whitesquare: autoDraw = True
14.8601 	EXP 	whitesquare: autoDraw = False
14.8608 	DATA 	wsqS
14.8770 	EXP 	whitesquare: autoDraw = True
14.8770 	EXP 	whitesquare: autoDraw = False
14.8778 	DATA 	wsqS
14.8932 	EXP 	whitesquare: autoDraw = True
14.8932 	EXP 	whitesquare: autoDraw = False
14.8940 	DATA 	wsqS
14.9107 	EXP 	whitesquare: autoDraw = True
14.9107 	EXP 	whitesquare: autoDraw = False
14.9115 	DATA 	wsqS
14.9269 	EXP 	whitesquare: autoDraw = True
14.9269 	EXP 	whitesquare: autoDraw = False
14.9276 	DATA 	wsqS
14.9436 	EXP 	whitesquare: autoDraw = True
14.9436 	EXP 	whitesquare: autoDraw = False
14.9445 	DATA 	wsqS
14.9599 	EXP 	whitesquare: autoDraw = True
14.9599 	EXP 	whitesquare: autoDraw = False
14.9607 	DATA 	wsqS
14.9770 	EXP 	whitesquare: autoDraw = True
14.9770 	EXP 	whitesquare: autoDraw = False
14.9778 	DATA 	wsqS
14.9934 	EXP 	whitesquare: autoDraw = True
14.9934 	EXP 	whitesquare: autoDraw = False
14.9941 	DATA 	wsqS
15.0108 	EXP 	whitesquare: autoDraw = True
15.0108 	EXP 	whitesquare: autoDraw = False
15.0115 	DATA 	wsqS
15.0270 	EXP 	whitesquare: autoDraw = True
15.0270 	EXP 	whitesquare: autoDraw = False
15.0277 	DATA 	wsqS
15.0436 	EXP 	whitesquare: autoDraw = True
15.0436 	EXP 	whitesquare: autoDraw = False
15.0445 	DATA 	wsqS
15.0600 	EXP 	whitesquare: autoDraw = True
15.0600 	EXP 	whitesquare: autoDraw = False
15.0608 	DATA 	wsqS
15.0770 	EXP 	whitesquare: autoDraw = True
15.0770 	EXP 	whitesquare: autoDraw = False
15.0778 	DATA 	wsqS
15.0933 	EXP 	whitesquare: autoDraw = True
15.0933 	EXP 	whitesquare: autoDraw = False
15.0942 	DATA 	wsqS
15.1108 	EXP 	whitesquare: autoDraw = True
15.1108 	EXP 	whitesquare: autoDraw = False
15.1116 	DATA 	wsqS
15.1266 	EXP 	whitesquare: autoDraw = True
15.1266 	EXP 	whitesquare: autoDraw = False
15.1275 	DATA 	wsqS
15.1437 	EXP 	whitesquare: autoDraw = True
15.1437 	EXP 	whitesquare: autoDraw = False
15.1446 	DATA 	wsqS
15.1600 	EXP 	whitesquare: autoDraw = True
15.1600 	EXP 	whitesquare: autoDraw = False
15.1607 	DATA 	wsqS
15.1771 	EXP 	whitesquare: autoDraw = True
15.1771 	EXP 	whitesquare: autoDraw = False
15.1779 	DATA 	wsqS
15.1934 	EXP 	whitesquare: autoDraw = True
15.1934 	EXP 	whitesquare: autoDraw = False
15.1942 	DATA 	wsqS
15.2107 	EXP 	whitesquare: autoDraw = True
15.2107 	EXP 	whitesquare: autoDraw = False
15.2115 	DATA 	wsqS
15.2267 	EXP 	whitesquare: autoDraw = True
15.2267 	EXP 	whitesquare: autoDraw = False
15.2276 	DATA 	wsqS
15.2437 	EXP 	whitesquare: autoDraw = True
15.2437 	EXP 	whitesquare: autoDraw = False
15.2445 	DATA 	wsqS
15.2603 	EXP 	whitesquare: autoDraw = True
15.2603 	EXP 	whitesquare: autoDraw = False
15.2611 	DATA 	wsqS
15.2772 	EXP 	whitesquare: autoDraw = True
15.2772 	EXP 	whitesquare: autoDraw = False
15.2780 	DATA 	wsqS
15.2935 	EXP 	whitesquare: autoDraw = True
15.2935 	EXP 	whitesquare: autoDraw = False
15.2942 	DATA 	wsqS
15.3106 	EXP 	whitesquare: autoDraw = True
15.3106 	EXP 	whitesquare: autoDraw = False
15.3115 	DATA 	wsqS
15.3268 	EXP 	whitesquare: autoDraw = True
15.3268 	EXP 	whitesquare: autoDraw = False
15.3276 	DATA 	wsqS
15.3438 	EXP 	whitesquare: autoDraw = True
15.3438 	EXP 	whitesquare: autoDraw = False
15.3446 	DATA 	wsqS
15.3601 	EXP 	whitesquare: autoDraw = True
15.3601 	EXP 	whitesquare: autoDraw = False
15.3608 	DATA 	wsqS
15.3772 	EXP 	whitesquare: autoDraw = True
15.3772 	EXP 	whitesquare: autoDraw = False
15.3780 	DATA 	wsqS
15.3935 	EXP 	whitesquare: autoDraw = True
15.3935 	EXP 	whitesquare: autoDraw = False
15.3943 	DATA 	wsqS
15.4110 	EXP 	whitesquare: autoDraw = True
15.4110 	EXP 	whitesquare: autoDraw = False
15.4117 	DATA 	wsqS
15.4268 	EXP 	whitesquare: autoDraw = True
15.4268 	EXP 	whitesquare: autoDraw = False
15.4276 	DATA 	wsqS
15.4439 	EXP 	whitesquare: autoDraw = True
15.4439 	EXP 	whitesquare: autoDraw = False
15.4448 	DATA 	wsqS
15.4602 	EXP 	whitesquare: autoDraw = True
15.4602 	EXP 	whitesquare: autoDraw = False
15.4610 	DATA 	wsqS
15.4772 	EXP 	whitesquare: autoDraw = True
15.4772 	EXP 	whitesquare: autoDraw = False
15.4780 	DATA 	wsqS
15.4935 	EXP 	whitesquare: autoDraw = True
15.4935 	EXP 	whitesquare: autoDraw = False
15.4944 	DATA 	wsqS
15.5111 	EXP 	whitesquare: autoDraw = True
15.5111 	EXP 	whitesquare: autoDraw = False
15.5118 	DATA 	wsqS
15.5269 	EXP 	whitesquare: autoDraw = True
15.5269 	EXP 	whitesquare: autoDraw = False
15.5277 	DATA 	wsqS
15.5439 	EXP 	whitesquare: autoDraw = True
15.5439 	EXP 	whitesquare: autoDraw = False
15.5446 	DATA 	wsqS
15.5603 	EXP 	whitesquare: autoDraw = True
15.5603 	EXP 	whitesquare: autoDraw = False
15.5612 	DATA 	wsqS
15.5777 	EXP 	whitesquare: autoDraw = True
15.5777 	EXP 	whitesquare: autoDraw = False
15.5785 	DATA 	wsqS
15.5941 	EXP 	whitesquare: autoDraw = True
15.5941 	EXP 	whitesquare: autoDraw = False
15.5952 	DATA 	wsqS
15.6125 	EXP 	whitesquare: autoDraw = True
15.6125 	EXP 	whitesquare: autoDraw = False
15.6132 	DATA 	wsqS
15.6273 	EXP 	whitesquare: autoDraw = True
15.6273 	EXP 	whitesquare: autoDraw = False
15.6280 	DATA 	wsqS
15.6448 	EXP 	whitesquare: autoDraw = True
15.6448 	EXP 	whitesquare: autoDraw = False
15.6454 	DATA 	wsqS
15.6614 	EXP 	whitesquare: autoDraw = True
15.6614 	EXP 	whitesquare: autoDraw = False
15.6620 	DATA 	wsqS
15.6778 	EXP 	whitesquare: autoDraw = True
15.6778 	EXP 	whitesquare: autoDraw = False
15.6784 	DATA 	wsqS
15.6785 	EXP 	Sound  started
16.6797 	EXP 	Sound  stopped
16.6803 	EXP 	Set  sound=./sound/left_speak.wav
16.6806 	EXP 	Set  sound=./sound/right_speak.wav
16.6808 	EXP 	Set  sound=./sound/up_speak.wav
16.6810 	EXP 	Set  sound=./sound/down_speak.wav
16.6946 	EXP 	whitesquare: autoDraw = True
16.6946 	EXP 	whitesquare: autoDraw = False
19.1983 	EXP 	Sound  started
19.1984 	EXP 	Sound  stopped
22.2157 	EXP 	Sound  started
22.2158 	EXP 	Sound  stopped
25.2347 	EXP 	Sound  started
25.2348 	EXP 	Sound  stopped
28.2528 	EXP 	Sound  started
28.2529 	EXP 	Sound  stopped
31.2711 	EXP 	Sound  started
31.2712 	EXP 	Sound  stopped
34.2883 	EXP 	Sound  started
34.2883 	EXP 	Sound  stopped
37.3079 	EXP 	Sound  started
37.3079 	EXP 	Sound  stopped
40.3257 	EXP 	Sound  started
40.3257 	EXP 	Sound  stopped
43.3434 	EXP 	Sound  started
43.3434 	EXP 	Sound  stopped
46.3618 	EXP 	Sound  started
46.3618 	EXP 	Sound  stopped
49.3788 	EXP 	Sound  started
49.3788 	EXP 	Sound  stopped
52.3980 	EXP 	Sound  started
52.3981 	EXP 	Sound  stopped
55.4157 	EXP 	Sound  started
55.4158 	EXP 	Sound  stopped
58.2199 	DATA 	Keypress: escape
58.7010 	EXP 	window1: mouseVisible = True
