4.7436 	WARNING 	User requested fullscreen with size [1024  768], but screen is actually [1280, 800]. Using actual size
5.4553 	EXP 	Created window1 = Window(allowGUI=False, allowStencil=False, args=UNKNOWN, autoLog=True, bitsMode=UNKNOWN, blendMode='avg', color=array([-1., -1., -1.]), colorSpace='rgb', fullscr=UNKNOWN, gamma=None, kwargs=UNKNOWN, lms=UNKNOWN, monitor=<psychopy.monitors.calibTools.Monitor object at 0x112b082b0>, multiSample=False, name='window1', numSamples=2, pos=[0.0, 0.0], screen=0, size=array([2560, 1600]), stereo=False, units='norm', useFBO=True, useRetina=True, viewOri=0.0, viewPos=None, viewScale=None, waitBlanking=True, winType='pyglet')
5.4554 	EXP 	window1: recordFrameIntervals = False
5.6210 	EXP 	window1: recordFrameIntervals = True
5.8044 	EXP 	window1: recordFrameIntervals = False
5.8133 	EXP 	<method-wrapper '__getattribute__' of attributeSetter object at 0x106096e48>: vertices = array([[-0.25,  0.25],
       [ 0.25,  0.25],
       [ 0.25, -0.25],
       [-0.25, -0.25]])
5.8150 	EXP 	Created whitesquare = Rect(__class__=<class 'psychopy.visual.rect.Rect'>, autoDraw=False, autoLog=True, closeShape=True, contrast=1.0, depth=0.0, fillColor=array([1., 1., 1.]), fillColorSpace='rgb', fillRGB=array([1., 1., 1.]), interpolate=True, lineColor=array([1., 1., 1.]), lineColorSpace='rgb', lineRGB=array([1., 1., 1.]), lineWidth=1, name='whitesquare', opacity=0.9, ori=array(0.), pos=array([14.9, 11.2]), size=array([1., 1.]), units='cm', vertices=ndarray(...), win=Window(...))
5.9228 	EXP 	Created intro_text = TextStim(__class__=<class 'psychopy.visual.text.TextStim'>, alignHoriz='center', alignVert='center', antialias=True, autoLog=True, bold=False, color='white', colorSpace='named', contrast=1.0, depth=0.0, flipHoriz=False, flipVert=False, font='Arial', fontFiles=[], height=0.1, italic=False, name='intro_text', opacity=1.0, ori=0, pos=array([0., 0.]), rgb=array([255., 255., 255.]), text=str(...), units='norm', win=Window(...), wrapWidth=1)
5.9438 	EXP 	Created intro_text = TextStim(__class__=<class 'psychopy.visual.text.TextStim'>, alignHoriz='center', alignVert='center', antialias=True, autoLog=True, bold=False, color='white', colorSpace='named', contrast=1.0, depth=0.0, flipHoriz=False, flipVert=False, font='Arial', fontFiles=[], height=0.1, italic=False, name='intro_text', opacity=1.0, ori=0, pos=array([0., 0.]), rgb=array([255., 255., 255.]), text=str(...), units='norm', win=Window(...), wrapWidth=1)
5.9576 	EXP 	Created open_text = TextStim(__class__=<class 'psychopy.visual.text.TextStim'>, alignHoriz='center', alignVert='center', antialias=True, autoLog=True, bold=False, color='white', colorSpace='named', contrast=1.0, depth=0.0, flipHoriz=False, flipVert=False, font='Arial', fontFiles=[], height=0.1, italic=False, name='open_text', opacity=1.0, ori=0, pos=array([0., 0.]), rgb=array([255., 255., 255.]), text=str(...), units='norm', win=Window(...), wrapWidth=1)
5.9614 	EXP 	Created fixation = TextStim(__class__=<class 'psychopy.visual.text.TextStim'>, alignHoriz='center', alignVert='center', antialias=True, autoLog=True, bold=False, color='white', colorSpace='named', contrast=1.0, depth=-1.0, flipHoriz=False, flipVert=False, font='Arial', fontFiles=[], height=0.1, italic=False, name='fixation', opacity=1.0, ori=0, pos=array([0., 0.]), rgb=array([255., 255., 255.]), text='+\n', units='norm', win=Window(...), wrapWidth=1)
5.9732 	EXP 	Created close_text = TextStim(__class__=<class 'psychopy.visual.text.TextStim'>, alignHoriz='center', alignVert='center', antialias=True, autoLog=True, bold=False, color='white', colorSpace='named', contrast=1.0, depth=0.0, flipHoriz=False, flipVert=False, font='Arial', fontFiles=[], height=0.1, italic=False, name='close_text', opacity=1.0, ori=0, pos=array([0., 0.]), rgb=array([255., 255., 255.]), text=str(...), units='norm', win=Window(...), wrapWidth=1)
5.9764 	EXP 	Created blank = TextStim(__class__=<class 'psychopy.visual.text.TextStim'>, alignHoriz='center', alignVert='center', antialias=True, autoLog=True, bold=False, color='white', colorSpace='named', contrast=1.0, depth=-1.0, flipHoriz=False, flipVert=False, font='Arial', fontFiles=[], height=0.1, italic=False, name='blank', opacity=1.0, ori=0, pos=array([0., 0.]), rgb=array([255., 255., 255.]), text=' ', units='norm', win=Window(...), wrapWidth=1)
6.0273 	EXP 	Set  sound=./sound/open_speak.wav
6.0273 	EXP 	Set Sound  volume=1.000
6.0380 	EXP 	Created gaze_text = TextStim(__class__=<class 'psychopy.visual.text.TextStim'>, alignHoriz='center', alignVert='center', antialias=True, autoLog=True, bold=False, color='white', colorSpace='named', contrast=1.0, depth=0.0, flipHoriz=False, flipVert=False, font='Arial', fontFiles=[], height=0.1, italic=False, name='gaze_text', opacity=1.0, ori=0, pos=array([0., 0.]), rgb=array([255., 255., 255.]), text=str(...), units='norm', win=Window(...), wrapWidth=1)
6.0406 	EXP 	Created center = ShapeStim(__class__=<class 'psychopy.visual.shape.ShapeStim'>, autoDraw=False, autoLog=True, closeShape=True, contrast=1.0, depth=0.0, fillColor=array([1., 1., 1.]), fillColorSpace='rgb', interpolate=True, lineColor=array([1., 1., 1.]), lineColorSpace='rgb', lineWidth=1, name='center', opacity=1.0, ori=array(0.), pos=array([0., 0.]), size=array([0.5, 0.5]), units='cm', vertices=ndarray(...), win=Window(...), windingRule=None)
6.0415 	EXP 	Set  sound=./sound/left_speak.wav
6.0416 	EXP 	Set Sound  volume=1.000
6.0439 	EXP 	Created left = ShapeStim(__class__=<class 'psychopy.visual.shape.ShapeStim'>, autoDraw=False, autoLog=True, closeShape=True, contrast=1.0, depth=0.0, fillColor=array([1., 1., 1.]), fillColorSpace='rgb', interpolate=True, lineColor=array([1., 1., 1.]), lineColorSpace='rgb', lineWidth=1, name='left', opacity=1.0, ori=array(0.), pos=array([-10.,   0.]), size=array([0.5, 0.5]), units='cm', vertices=ndarray(...), win=Window(...), windingRule=None)
6.0447 	EXP 	Set  sound=./sound/right_speak.wav
6.0448 	EXP 	Set Sound  volume=1.000
6.0468 	EXP 	Created right = ShapeStim(__class__=<class 'psychopy.visual.shape.ShapeStim'>, autoDraw=False, autoLog=True, closeShape=True, contrast=1.0, depth=0.0, fillColor=array([1., 1., 1.]), fillColorSpace='rgb', interpolate=True, lineColor=array([1., 1., 1.]), lineColorSpace='rgb', lineWidth=1, name='right', opacity=1.0, ori=array(0.), pos=array([10.,  0.]), size=array([0.5, 0.5]), units='cm', vertices=ndarray(...), win=Window(...), windingRule=None)
6.0478 	EXP 	Set  sound=./sound/up_speak.wav
6.0479 	EXP 	Set Sound  volume=1.000
6.0509 	EXP 	Created up = ShapeStim(__class__=<class 'psychopy.visual.shape.ShapeStim'>, autoDraw=False, autoLog=True, closeShape=True, contrast=1.0, depth=0.0, fillColor=array([1., 1., 1.]), fillColorSpace='rgb', interpolate=True, lineColor=array([1., 1., 1.]), lineColorSpace='rgb', lineWidth=1, name='up', opacity=1.0, ori=array(0.), pos=array([ 0., 10.]), size=array([0.5, 0.5]), units='cm', vertices=ndarray(...), win=Window(...), windingRule=None)
6.0516 	EXP 	Set  sound=./sound/down_speak.wav
6.0517 	EXP 	Set Sound  volume=1.000
6.0537 	EXP 	Created down = ShapeStim(__class__=<class 'psychopy.visual.shape.ShapeStim'>, autoDraw=False, autoLog=True, closeShape=True, contrast=1.0, depth=0.0, fillColor=array([1., 1., 1.]), fillColorSpace='rgb', interpolate=True, lineColor=array([1., 1., 1.]), lineColorSpace='rgb', lineWidth=1, name='down', opacity=1.0, ori=array(0.), pos=array([  0., -10.]), size=array([0.5, 0.5]), units='cm', vertices=ndarray(...), win=Window(...), windingRule=None)
6.0651 	EXP 	Created esc = TextStim(__class__=<class 'psychopy.visual.text.TextStim'>, alignHoriz='center', alignVert='center', antialias=True, autoLog=True, bold=False, color='white', colorSpace='named', contrast=1.0, depth=0.0, flipHoriz=False, flipVert=False, font='Arial', fontFiles=[], height=0.1, italic=False, name='esc', opacity=1.0, ori=0, pos=array([0., 0.]), rgb=array([255., 255., 255.]), text="End of test\n\nPress 'esc'", units='norm', win=Window(...), wrapWidth=1)
6.0886 	EXP 	intro_text: autoDraw = True
6.0886 	EXP 	whitesquare: autoDraw = True
6.3414 	DATA 	Keypress: space
6.3549 	EXP 	intro_text: autoDraw = False
6.3549 	EXP 	whitesquare: autoDraw = False
6.3549 	EXP 	intro_text: autoDraw = True
6.6576 	DATA 	Keypress: space
6.6719 	EXP 	intro_text: autoDraw = False
9.1574 	DATA 	wsqS
9.1722 	EXP 	whitesquare: autoDraw = True
9.1730 	DATA 	wsqS
9.1892 	EXP 	whitesquare: autoDraw = True
9.1892 	EXP 	whitesquare: autoDraw = False
9.1901 	DATA 	wsqS
9.2056 	EXP 	whitesquare: autoDraw = True
9.2056 	EXP 	whitesquare: autoDraw = False
9.2065 	DATA 	wsqS
9.2226 	EXP 	whitesquare: autoDraw = True
9.2226 	EXP 	whitesquare: autoDraw = False
9.2234 	DATA 	wsqS
9.2390 	EXP 	whitesquare: autoDraw = True
9.2390 	EXP 	whitesquare: autoDraw = False
9.2397 	DATA 	wsqS
9.2559 	EXP 	whitesquare: autoDraw = True
9.2559 	EXP 	whitesquare: autoDraw = False
9.2568 	DATA 	wsqS
9.2723 	EXP 	whitesquare: autoDraw = True
9.2723 	EXP 	whitesquare: autoDraw = False
9.2731 	DATA 	wsqS
9.2893 	EXP 	whitesquare: autoDraw = True
9.2893 	EXP 	whitesquare: autoDraw = False
9.2903 	DATA 	wsqS
9.3056 	EXP 	whitesquare: autoDraw = True
9.3056 	EXP 	whitesquare: autoDraw = False
9.3063 	DATA 	wsqS
9.3227 	EXP 	whitesquare: autoDraw = True
9.3227 	EXP 	whitesquare: autoDraw = False
9.3235 	DATA 	wsqS
9.3389 	EXP 	whitesquare: autoDraw = True
9.3389 	EXP 	whitesquare: autoDraw = False
9.3397 	DATA 	wsqS
9.3560 	EXP 	whitesquare: autoDraw = True
9.3560 	EXP 	whitesquare: autoDraw = False
9.3569 	DATA 	wsqS
9.3725 	EXP 	whitesquare: autoDraw = True
9.3725 	EXP 	whitesquare: autoDraw = False
9.3730 	DATA 	wsqS
9.3895 	EXP 	whitesquare: autoDraw = True
9.3895 	EXP 	whitesquare: autoDraw = False
9.3902 	DATA 	wsqS
9.4056 	EXP 	whitesquare: autoDraw = True
9.4056 	EXP 	whitesquare: autoDraw = False
9.4065 	DATA 	wsqS
9.4227 	EXP 	whitesquare: autoDraw = True
9.4227 	EXP 	whitesquare: autoDraw = False
9.4234 	DATA 	wsqS
9.4390 	EXP 	whitesquare: autoDraw = True
9.4390 	EXP 	whitesquare: autoDraw = False
9.4398 	DATA 	wsqS
9.4560 	EXP 	whitesquare: autoDraw = True
9.4560 	EXP 	whitesquare: autoDraw = False
9.4569 	DATA 	wsqS
9.4727 	EXP 	whitesquare: autoDraw = True
9.4727 	EXP 	whitesquare: autoDraw = False
9.4734 	DATA 	wsqS
9.4894 	EXP 	whitesquare: autoDraw = True
9.4894 	EXP 	whitesquare: autoDraw = False
9.4902 	DATA 	wsqS
9.5058 	EXP 	whitesquare: autoDraw = True
9.5058 	EXP 	whitesquare: autoDraw = False
9.5065 	DATA 	wsqS
9.5228 	EXP 	whitesquare: autoDraw = True
9.5228 	EXP 	whitesquare: autoDraw = False
9.5235 	DATA 	wsqS
9.5390 	EXP 	whitesquare: autoDraw = True
9.5390 	EXP 	whitesquare: autoDraw = False
9.5399 	DATA 	wsqS
9.5561 	EXP 	whitesquare: autoDraw = True
9.5561 	EXP 	whitesquare: autoDraw = False
9.5571 	DATA 	wsqS
9.5724 	EXP 	whitesquare: autoDraw = True
9.5724 	EXP 	whitesquare: autoDraw = False
9.5732 	DATA 	wsqS
9.5895 	EXP 	whitesquare: autoDraw = True
9.5895 	EXP 	whitesquare: autoDraw = False
9.5903 	DATA 	wsqS
9.6059 	EXP 	whitesquare: autoDraw = True
9.6059 	EXP 	whitesquare: autoDraw = False
9.6066 	DATA 	wsqS
9.6232 	EXP 	whitesquare: autoDraw = True
9.6232 	EXP 	whitesquare: autoDraw = False
9.6239 	DATA 	wsqS
9.6391 	EXP 	whitesquare: autoDraw = True
9.6391 	EXP 	whitesquare: autoDraw = False
9.6399 	DATA 	wsqS
9.6562 	EXP 	whitesquare: autoDraw = True
9.6562 	EXP 	whitesquare: autoDraw = False
9.6571 	DATA 	wsqS
9.6724 	EXP 	whitesquare: autoDraw = True
9.6724 	EXP 	whitesquare: autoDraw = False
9.6732 	DATA 	wsqS
9.6897 	EXP 	whitesquare: autoDraw = True
9.6897 	EXP 	whitesquare: autoDraw = False
9.6905 	DATA 	wsqS
9.7059 	EXP 	whitesquare: autoDraw = True
9.7059 	EXP 	whitesquare: autoDraw = False
9.7066 	DATA 	wsqS
9.7229 	EXP 	whitesquare: autoDraw = True
9.7229 	EXP 	whitesquare: autoDraw = False
9.7238 	DATA 	wsqS
9.7394 	EXP 	whitesquare: autoDraw = True
9.7394 	EXP 	whitesquare: autoDraw = False
9.7401 	DATA 	wsqS
9.7561 	EXP 	whitesquare: autoDraw = True
9.7561 	EXP 	whitesquare: autoDraw = False
9.7569 	DATA 	wsqS
9.7725 	EXP 	whitesquare: autoDraw = True
9.7725 	EXP 	whitesquare: autoDraw = False
9.7734 	DATA 	wsqS
9.7896 	EXP 	whitesquare: autoDraw = True
9.7896 	EXP 	whitesquare: autoDraw = False
9.7905 	DATA 	wsqS
9.8058 	EXP 	whitesquare: autoDraw = True
9.8058 	EXP 	whitesquare: autoDraw = False
9.8066 	DATA 	wsqS
9.8229 	EXP 	whitesquare: autoDraw = True
9.8229 	EXP 	whitesquare: autoDraw = False
9.8237 	DATA 	wsqS
9.8392 	EXP 	whitesquare: autoDraw = True
9.8392 	EXP 	whitesquare: autoDraw = False
9.8400 	DATA 	wsqS
9.8563 	EXP 	whitesquare: autoDraw = True
9.8563 	EXP 	whitesquare: autoDraw = False
9.8571 	DATA 	wsqS
9.8725 	EXP 	whitesquare: autoDraw = True
9.8725 	EXP 	whitesquare: autoDraw = False
9.8733 	DATA 	wsqS
9.8898 	EXP 	whitesquare: autoDraw = True
9.8898 	EXP 	whitesquare: autoDraw = False
9.8906 	DATA 	wsqS
9.9059 	EXP 	whitesquare: autoDraw = True
9.9059 	EXP 	whitesquare: autoDraw = False
9.9066 	DATA 	wsqS
9.9230 	EXP 	whitesquare: autoDraw = True
9.9230 	EXP 	whitesquare: autoDraw = False
9.9238 	DATA 	wsqS
9.9392 	EXP 	whitesquare: autoDraw = True
9.9392 	EXP 	whitesquare: autoDraw = False
9.9400 	DATA 	wsqS
9.9563 	EXP 	whitesquare: autoDraw = True
9.9563 	EXP 	whitesquare: autoDraw = False
9.9570 	DATA 	wsqS
9.9728 	EXP 	whitesquare: autoDraw = True
9.9728 	EXP 	whitesquare: autoDraw = False
9.9736 	DATA 	wsqS
9.9898 	EXP 	whitesquare: autoDraw = True
9.9898 	EXP 	whitesquare: autoDraw = False
9.9906 	DATA 	wsqS
10.0060 	EXP 	whitesquare: autoDraw = True
10.0060 	EXP 	whitesquare: autoDraw = False
10.0068 	DATA 	wsqS
10.0230 	EXP 	whitesquare: autoDraw = True
10.0230 	EXP 	whitesquare: autoDraw = False
10.0238 	DATA 	wsqS
10.0394 	EXP 	whitesquare: autoDraw = True
10.0394 	EXP 	whitesquare: autoDraw = False
10.0402 	DATA 	wsqS
10.0563 	EXP 	whitesquare: autoDraw = True
10.0563 	EXP 	whitesquare: autoDraw = False
10.0571 	DATA 	wsqS
10.0726 	EXP 	whitesquare: autoDraw = True
10.0726 	EXP 	whitesquare: autoDraw = False
10.0734 	DATA 	wsqS
10.0901 	EXP 	whitesquare: autoDraw = True
10.0901 	EXP 	whitesquare: autoDraw = False
10.0909 	DATA 	wsqS
10.1060 	EXP 	whitesquare: autoDraw = True
10.1060 	EXP 	whitesquare: autoDraw = False
10.1067 	DATA 	wsqS
10.1231 	EXP 	whitesquare: autoDraw = True
10.1231 	EXP 	whitesquare: autoDraw = False
10.1238 	DATA 	wsqS
10.1393 	EXP 	whitesquare: autoDraw = True
10.1393 	EXP 	whitesquare: autoDraw = False
10.1401 	DATA 	wsqS
10.1566 	EXP 	whitesquare: autoDraw = True
10.1566 	EXP 	whitesquare: autoDraw = False
10.1574 	DATA 	wsqS
10.1727 	EXP 	whitesquare: autoDraw = True
10.1727 	EXP 	whitesquare: autoDraw = False
10.1735 	DATA 	wsqS
10.1897 	EXP 	whitesquare: autoDraw = True
10.1897 	EXP 	whitesquare: autoDraw = False
10.1907 	DATA 	wsqS
10.2060 	EXP 	whitesquare: autoDraw = True
10.2060 	EXP 	whitesquare: autoDraw = False
10.2069 	DATA 	wsqS
10.2233 	EXP 	whitesquare: autoDraw = True
10.2233 	EXP 	whitesquare: autoDraw = False
10.2240 	DATA 	wsqS
10.2394 	EXP 	whitesquare: autoDraw = True
10.2394 	EXP 	whitesquare: autoDraw = False
10.2403 	DATA 	wsqS
10.2565 	EXP 	whitesquare: autoDraw = True
10.2565 	EXP 	whitesquare: autoDraw = False
10.2572 	DATA 	wsqS
10.2728 	EXP 	whitesquare: autoDraw = True
10.2728 	EXP 	whitesquare: autoDraw = False
10.2736 	DATA 	wsqS
10.2897 	EXP 	whitesquare: autoDraw = True
10.2897 	EXP 	whitesquare: autoDraw = False
10.2905 	DATA 	wsqS
10.3061 	EXP 	whitesquare: autoDraw = True
10.3061 	EXP 	whitesquare: autoDraw = False
10.3070 	DATA 	wsqS
10.3231 	EXP 	whitesquare: autoDraw = True
10.3231 	EXP 	whitesquare: autoDraw = False
10.3239 	DATA 	wsqS
10.3394 	EXP 	whitesquare: autoDraw = True
10.3394 	EXP 	whitesquare: autoDraw = False
10.3402 	DATA 	wsqS
10.3565 	EXP 	whitesquare: autoDraw = True
10.3565 	EXP 	whitesquare: autoDraw = False
10.3573 	DATA 	wsqS
10.3728 	EXP 	whitesquare: autoDraw = True
10.3728 	EXP 	whitesquare: autoDraw = False
10.3735 	DATA 	wsqS
10.3899 	EXP 	whitesquare: autoDraw = True
10.3899 	EXP 	whitesquare: autoDraw = False
10.3908 	DATA 	wsqS
10.4063 	EXP 	whitesquare: autoDraw = True
10.4063 	EXP 	whitesquare: autoDraw = False
10.4070 	DATA 	wsqS
10.4233 	EXP 	whitesquare: autoDraw = True
10.4233 	EXP 	whitesquare: autoDraw = False
10.4241 	DATA 	wsqS
10.4395 	EXP 	whitesquare: autoDraw = True
10.4395 	EXP 	whitesquare: autoDraw = False
10.4403 	DATA 	wsqS
10.4565 	EXP 	whitesquare: autoDraw = True
10.4565 	EXP 	whitesquare: autoDraw = False
10.4574 	DATA 	wsqS
10.4730 	EXP 	whitesquare: autoDraw = True
10.4730 	EXP 	whitesquare: autoDraw = False
10.4738 	DATA 	wsqS
10.4898 	EXP 	whitesquare: autoDraw = True
10.4898 	EXP 	whitesquare: autoDraw = False
10.4907 	DATA 	wsqS
10.5063 	EXP 	whitesquare: autoDraw = True
10.5063 	EXP 	whitesquare: autoDraw = False
10.5070 	DATA 	wsqS
10.5232 	EXP 	whitesquare: autoDraw = True
10.5232 	EXP 	whitesquare: autoDraw = False
10.5240 	DATA 	wsqS
10.5396 	EXP 	whitesquare: autoDraw = True
10.5396 	EXP 	whitesquare: autoDraw = False
10.5403 	DATA 	wsqS
10.5565 	EXP 	whitesquare: autoDraw = True
10.5565 	EXP 	whitesquare: autoDraw = False
10.5574 	DATA 	wsqS
10.5729 	EXP 	whitesquare: autoDraw = True
10.5729 	EXP 	whitesquare: autoDraw = False
10.5737 	DATA 	wsqS
10.5899 	EXP 	whitesquare: autoDraw = True
10.5899 	EXP 	whitesquare: autoDraw = False
10.5907 	DATA 	wsqS
10.6062 	EXP 	whitesquare: autoDraw = True
10.6062 	EXP 	whitesquare: autoDraw = False
10.6069 	DATA 	wsqS
10.6233 	EXP 	whitesquare: autoDraw = True
10.6233 	EXP 	whitesquare: autoDraw = False
10.6241 	DATA 	wsqS
10.6397 	EXP 	whitesquare: autoDraw = True
10.6397 	EXP 	whitesquare: autoDraw = False
10.6404 	DATA 	wsqS
10.6566 	EXP 	whitesquare: autoDraw = True
10.6566 	EXP 	whitesquare: autoDraw = False
10.6575 	DATA 	wsqS
10.6729 	EXP 	whitesquare: autoDraw = True
10.6729 	EXP 	whitesquare: autoDraw = False
10.6737 	DATA 	wsqS
10.6900 	EXP 	whitesquare: autoDraw = True
10.6900 	EXP 	whitesquare: autoDraw = False
10.6908 	DATA 	wsqS
10.7066 	EXP 	whitesquare: autoDraw = True
10.7066 	EXP 	whitesquare: autoDraw = False
10.7073 	DATA 	wsqS
10.7236 	EXP 	whitesquare: autoDraw = True
10.7236 	EXP 	whitesquare: autoDraw = False
10.7244 	DATA 	wsqS
10.7396 	EXP 	whitesquare: autoDraw = True
10.7396 	EXP 	whitesquare: autoDraw = False
10.7405 	DATA 	wsqS
10.7566 	EXP 	whitesquare: autoDraw = True
10.7566 	EXP 	whitesquare: autoDraw = False
10.7575 	DATA 	wsqS
10.7730 	EXP 	whitesquare: autoDraw = True
10.7730 	EXP 	whitesquare: autoDraw = False
10.7738 	DATA 	wsqS
10.7900 	EXP 	whitesquare: autoDraw = True
10.7900 	EXP 	whitesquare: autoDraw = False
10.7908 	DATA 	wsqS
10.8068 	EXP 	whitesquare: autoDraw = True
10.8068 	EXP 	whitesquare: autoDraw = False
10.8075 	DATA 	wsqS
10.8233 	EXP 	whitesquare: autoDraw = True
10.8233 	EXP 	whitesquare: autoDraw = False
10.8242 	DATA 	wsqS
10.8398 	EXP 	whitesquare: autoDraw = True
10.8398 	EXP 	whitesquare: autoDraw = False
10.8406 	DATA 	wsqS
10.8567 	EXP 	whitesquare: autoDraw = True
10.8567 	EXP 	whitesquare: autoDraw = False
10.8576 	DATA 	wsqS
10.8730 	EXP 	whitesquare: autoDraw = True
10.8730 	EXP 	whitesquare: autoDraw = False
10.8738 	DATA 	wsqS
10.8901 	EXP 	whitesquare: autoDraw = True
10.8901 	EXP 	whitesquare: autoDraw = False
10.8909 	DATA 	wsqS
10.9064 	EXP 	whitesquare: autoDraw = True
10.9064 	EXP 	whitesquare: autoDraw = False
10.9073 	DATA 	wsqS
10.9235 	EXP 	whitesquare: autoDraw = True
10.9235 	EXP 	whitesquare: autoDraw = False
10.9243 	DATA 	wsqS
10.9398 	EXP 	whitesquare: autoDraw = True
10.9398 	EXP 	whitesquare: autoDraw = False
10.9406 	DATA 	wsqS
10.9575 	EXP 	whitesquare: autoDraw = True
10.9575 	EXP 	whitesquare: autoDraw = False
10.9581 	DATA 	wsqS
10.9735 	EXP 	whitesquare: autoDraw = True
10.9735 	EXP 	whitesquare: autoDraw = False
10.9740 	DATA 	wsqS
10.9904 	EXP 	whitesquare: autoDraw = True
10.9904 	EXP 	whitesquare: autoDraw = False
10.9910 	DATA 	wsqS
11.0067 	EXP 	whitesquare: autoDraw = True
11.0067 	EXP 	whitesquare: autoDraw = False
11.0073 	DATA 	wsqS
11.0237 	EXP 	whitesquare: autoDraw = True
11.0237 	EXP 	whitesquare: autoDraw = False
11.0243 	DATA 	wsqS
11.0402 	EXP 	whitesquare: autoDraw = True
11.0402 	EXP 	whitesquare: autoDraw = False
11.0409 	DATA 	wsqS
11.0571 	EXP 	whitesquare: autoDraw = True
11.0571 	EXP 	whitesquare: autoDraw = False
11.0576 	DATA 	wsqS
11.0734 	EXP 	whitesquare: autoDraw = True
11.0734 	EXP 	whitesquare: autoDraw = False
11.0740 	DATA 	wsqS
11.0905 	EXP 	whitesquare: autoDraw = True
11.0905 	EXP 	whitesquare: autoDraw = False
11.0912 	DATA 	wsqS
11.1067 	EXP 	whitesquare: autoDraw = True
11.1067 	EXP 	whitesquare: autoDraw = False
11.1073 	DATA 	wsqS
11.1236 	EXP 	whitesquare: autoDraw = True
11.1236 	EXP 	whitesquare: autoDraw = False
11.1243 	DATA 	wsqS
11.1403 	EXP 	whitesquare: autoDraw = True
11.1403 	EXP 	whitesquare: autoDraw = False
11.1408 	DATA 	wsqS
11.1573 	EXP 	whitesquare: autoDraw = True
11.1573 	EXP 	whitesquare: autoDraw = False
11.1581 	DATA 	wsqS
11.1590 	EXP 	Set  sound=./sound/open_speak.wav
11.1739 	EXP 	whitesquare: autoDraw = True
11.1739 	EXP 	whitesquare: autoDraw = False
13.6597 	DATA 	wsqS
13.6744 	EXP 	whitesquare: autoDraw = True
13.6752 	DATA 	wsqS
13.6914 	EXP 	whitesquare: autoDraw = True
13.6914 	EXP 	whitesquare: autoDraw = False
13.6922 	DATA 	wsqS
13.7077 	EXP 	whitesquare: autoDraw = True
13.7077 	EXP 	whitesquare: autoDraw = False
13.7086 	DATA 	wsqS
13.7249 	EXP 	whitesquare: autoDraw = True
13.7249 	EXP 	whitesquare: autoDraw = False
13.7257 	DATA 	wsqS
13.7412 	EXP 	whitesquare: autoDraw = True
13.7412 	EXP 	whitesquare: autoDraw = False
13.7420 	DATA 	wsqS
13.7581 	EXP 	whitesquare: autoDraw = True
13.7581 	EXP 	whitesquare: autoDraw = False
13.7590 	DATA 	wsqS
13.7744 	EXP 	whitesquare: autoDraw = True
13.7744 	EXP 	whitesquare: autoDraw = False
13.7752 	DATA 	wsqS
13.7915 	EXP 	whitesquare: autoDraw = True
13.7915 	EXP 	whitesquare: autoDraw = False
13.7923 	DATA 	wsqS
13.8077 	EXP 	whitesquare: autoDraw = True
13.8077 	EXP 	whitesquare: autoDraw = False
13.8086 	DATA 	wsqS
13.8248 	EXP 	whitesquare: autoDraw = True
13.8248 	EXP 	whitesquare: autoDraw = False
13.8257 	DATA 	wsqS
13.8411 	EXP 	whitesquare: autoDraw = True
13.8411 	EXP 	whitesquare: autoDraw = False
13.8419 	DATA 	wsqS
13.8582 	EXP 	whitesquare: autoDraw = True
13.8582 	EXP 	whitesquare: autoDraw = False
13.8590 	DATA 	wsqS
13.8747 	EXP 	whitesquare: autoDraw = True
13.8747 	EXP 	whitesquare: autoDraw = False
13.8754 	DATA 	wsqS
13.8915 	EXP 	whitesquare: autoDraw = True
13.8915 	EXP 	whitesquare: autoDraw = False
13.8923 	DATA 	wsqS
13.9078 	EXP 	whitesquare: autoDraw = True
13.9078 	EXP 	whitesquare: autoDraw = False
13.9089 	DATA 	wsqS
13.9248 	EXP 	whitesquare: autoDraw = True
13.9248 	EXP 	whitesquare: autoDraw = False
13.9257 	DATA 	wsqS
13.9412 	EXP 	whitesquare: autoDraw = True
13.9412 	EXP 	whitesquare: autoDraw = False
13.9420 	DATA 	wsqS
13.9581 	EXP 	whitesquare: autoDraw = True
13.9581 	EXP 	whitesquare: autoDraw = False
13.9590 	DATA 	wsqS
13.9745 	EXP 	whitesquare: autoDraw = True
13.9745 	EXP 	whitesquare: autoDraw = False
13.9753 	DATA 	wsqS
13.9915 	EXP 	whitesquare: autoDraw = True
13.9915 	EXP 	whitesquare: autoDraw = False
13.9924 	DATA 	wsqS
14.0084 	EXP 	whitesquare: autoDraw = True
14.0084 	EXP 	whitesquare: autoDraw = False
14.0092 	DATA 	wsqS
14.0249 	EXP 	whitesquare: autoDraw = True
14.0249 	EXP 	whitesquare: autoDraw = False
14.0259 	DATA 	wsqS
14.0413 	EXP 	whitesquare: autoDraw = True
14.0413 	EXP 	whitesquare: autoDraw = False
14.0421 	DATA 	wsqS
14.0583 	EXP 	whitesquare: autoDraw = True
14.0583 	EXP 	whitesquare: autoDraw = False
14.0591 	DATA 	wsqS
14.0745 	EXP 	whitesquare: autoDraw = True
14.0745 	EXP 	whitesquare: autoDraw = False
14.0752 	DATA 	wsqS
14.0920 	EXP 	whitesquare: autoDraw = True
14.0920 	EXP 	whitesquare: autoDraw = False
14.0927 	DATA 	wsqS
14.1078 	EXP 	whitesquare: autoDraw = True
14.1078 	EXP 	whitesquare: autoDraw = False
14.1087 	DATA 	wsqS
14.1250 	EXP 	whitesquare: autoDraw = True
14.1250 	EXP 	whitesquare: autoDraw = False
14.1259 	DATA 	wsqS
14.1413 	EXP 	whitesquare: autoDraw = True
14.1413 	EXP 	whitesquare: autoDraw = False
14.1421 	DATA 	wsqS
14.1583 	EXP 	whitesquare: autoDraw = True
14.1583 	EXP 	whitesquare: autoDraw = False
14.1591 	DATA 	wsqS
14.1746 	EXP 	whitesquare: autoDraw = True
14.1746 	EXP 	whitesquare: autoDraw = False
14.1758 	DATA 	wsqS
14.1916 	EXP 	whitesquare: autoDraw = True
14.1916 	EXP 	whitesquare: autoDraw = False
14.1926 	DATA 	wsqS
14.2080 	EXP 	whitesquare: autoDraw = True
14.2080 	EXP 	whitesquare: autoDraw = False
14.2096 	DATA 	wsqS
14.2250 	EXP 	whitesquare: autoDraw = True
14.2250 	EXP 	whitesquare: autoDraw = False
14.2257 	DATA 	wsqS
14.2414 	EXP 	whitesquare: autoDraw = True
14.2414 	EXP 	whitesquare: autoDraw = False
14.2423 	DATA 	wsqS
14.2583 	EXP 	whitesquare: autoDraw = True
14.2583 	EXP 	whitesquare: autoDraw = False
14.2591 	DATA 	wsqS
14.2746 	EXP 	whitesquare: autoDraw = True
14.2746 	EXP 	whitesquare: autoDraw = False
14.2755 	DATA 	wsqS
14.2916 	EXP 	whitesquare: autoDraw = True
14.2916 	EXP 	whitesquare: autoDraw = False
14.2927 	DATA 	wsqS
14.3079 	EXP 	whitesquare: autoDraw = True
14.3079 	EXP 	whitesquare: autoDraw = False
14.3088 	DATA 	wsqS
14.3251 	EXP 	whitesquare: autoDraw = True
14.3251 	EXP 	whitesquare: autoDraw = False
14.3259 	DATA 	wsqS
14.3413 	EXP 	whitesquare: autoDraw = True
14.3413 	EXP 	whitesquare: autoDraw = False
14.3422 	DATA 	wsqS
14.3584 	EXP 	whitesquare: autoDraw = True
14.3584 	EXP 	whitesquare: autoDraw = False
14.3592 	DATA 	wsqS
14.3746 	EXP 	whitesquare: autoDraw = True
14.3746 	EXP 	whitesquare: autoDraw = False
14.3755 	DATA 	wsqS
14.3918 	EXP 	whitesquare: autoDraw = True
14.3918 	EXP 	whitesquare: autoDraw = False
14.3927 	DATA 	wsqS
14.4080 	EXP 	whitesquare: autoDraw = True
14.4080 	EXP 	whitesquare: autoDraw = False
14.4088 	DATA 	wsqS
14.4250 	EXP 	whitesquare: autoDraw = True
14.4250 	EXP 	whitesquare: autoDraw = False
14.4259 	DATA 	wsqS
14.4413 	EXP 	whitesquare: autoDraw = True
14.4413 	EXP 	whitesquare: autoDraw = False
14.4423 	DATA 	wsqS
14.4584 	EXP 	whitesquare: autoDraw = True
14.4584 	EXP 	whitesquare: autoDraw = False
14.4592 	DATA 	wsqS
14.4748 	EXP 	whitesquare: autoDraw = True
14.4748 	EXP 	whitesquare: autoDraw = False
14.4756 	DATA 	wsqS
14.4919 	EXP 	whitesquare: autoDraw = True
14.4919 	EXP 	whitesquare: autoDraw = False
14.4926 	DATA 	wsqS
14.5081 	EXP 	whitesquare: autoDraw = True
14.5081 	EXP 	whitesquare: autoDraw = False
14.5089 	DATA 	wsqS
14.5251 	EXP 	whitesquare: autoDraw = True
14.5251 	EXP 	whitesquare: autoDraw = False
14.5259 	DATA 	wsqS
14.5414 	EXP 	whitesquare: autoDraw = True
14.5414 	EXP 	whitesquare: autoDraw = False
14.5422 	DATA 	wsqS
14.5584 	EXP 	whitesquare: autoDraw = True
14.5584 	EXP 	whitesquare: autoDraw = False
14.5595 	DATA 	wsqS
14.5747 	EXP 	whitesquare: autoDraw = True
14.5747 	EXP 	whitesquare: autoDraw = False
14.5756 	DATA 	wsqS
14.5918 	EXP 	whitesquare: autoDraw = True
14.5918 	EXP 	whitesquare: autoDraw = False
14.5927 	DATA 	wsqS
14.6082 	EXP 	whitesquare: autoDraw = True
14.6082 	EXP 	whitesquare: autoDraw = False
14.6090 	DATA 	wsqS
14.6253 	EXP 	whitesquare: autoDraw = True
14.6253 	EXP 	whitesquare: autoDraw = False
14.6260 	DATA 	wsqS
14.6414 	EXP 	whitesquare: autoDraw = True
14.6414 	EXP 	whitesquare: autoDraw = False
14.6423 	DATA 	wsqS
14.6586 	EXP 	whitesquare: autoDraw = True
14.6586 	EXP 	whitesquare: autoDraw = False
14.6596 	DATA 	wsqS
14.6748 	EXP 	whitesquare: autoDraw = True
14.6748 	EXP 	whitesquare: autoDraw = False
14.6756 	DATA 	wsqS
14.6918 	EXP 	whitesquare: autoDraw = True
14.6918 	EXP 	whitesquare: autoDraw = False
14.6927 	DATA 	wsqS
14.7086 	EXP 	whitesquare: autoDraw = True
14.7086 	EXP 	whitesquare: autoDraw = False
14.7093 	DATA 	wsqS
14.7255 	EXP 	whitesquare: autoDraw = True
14.7255 	EXP 	whitesquare: autoDraw = False
14.7262 	DATA 	wsqS
14.7417 	EXP 	whitesquare: autoDraw = True
14.7417 	EXP 	whitesquare: autoDraw = False
14.7425 	DATA 	wsqS
14.7586 	EXP 	whitesquare: autoDraw = True
14.7586 	EXP 	whitesquare: autoDraw = False
14.7594 	DATA 	wsqS
14.7749 	EXP 	whitesquare: autoDraw = True
14.7749 	EXP 	whitesquare: autoDraw = False
14.7757 	DATA 	wsqS
14.7919 	EXP 	whitesquare: autoDraw = True
14.7919 	EXP 	whitesquare: autoDraw = False
14.7927 	DATA 	wsqS
14.8082 	EXP 	whitesquare: autoDraw = True
14.8082 	EXP 	whitesquare: autoDraw = False
14.8091 	DATA 	wsqS
14.8252 	EXP 	whitesquare: autoDraw = True
14.8252 	EXP 	whitesquare: autoDraw = False
14.8263 	DATA 	wsqS
14.8415 	EXP 	whitesquare: autoDraw = True
14.8415 	EXP 	whitesquare: autoDraw = False
14.8424 	DATA 	wsqS
14.8586 	EXP 	whitesquare: autoDraw = True
14.8586 	EXP 	whitesquare: autoDraw = False
14.8595 	DATA 	wsqS
14.8749 	EXP 	whitesquare: autoDraw = True
14.8749 	EXP 	whitesquare: autoDraw = False
14.8756 	DATA 	wsqS
14.8920 	EXP 	whitesquare: autoDraw = True
14.8920 	EXP 	whitesquare: autoDraw = False
14.8928 	DATA 	wsqS
14.9082 	EXP 	whitesquare: autoDraw = True
14.9082 	EXP 	whitesquare: autoDraw = False
14.9091 	DATA 	wsqS
14.9254 	EXP 	whitesquare: autoDraw = True
14.9254 	EXP 	whitesquare: autoDraw = False
14.9261 	DATA 	wsqS
14.9416 	EXP 	whitesquare: autoDraw = True
14.9416 	EXP 	whitesquare: autoDraw = False
14.9424 	DATA 	wsqS
14.9586 	EXP 	whitesquare: autoDraw = True
14.9586 	EXP 	whitesquare: autoDraw = False
14.9595 	DATA 	wsqS
14.9750 	EXP 	whitesquare: autoDraw = True
14.9750 	EXP 	whitesquare: autoDraw = False
14.9758 	DATA 	wsqS
14.9921 	EXP 	whitesquare: autoDraw = True
14.9921 	EXP 	whitesquare: autoDraw = False
14.9930 	DATA 	wsqS
15.0084 	EXP 	whitesquare: autoDraw = True
15.0084 	EXP 	whitesquare: autoDraw = False
15.0093 	DATA 	wsqS
15.0253 	EXP 	whitesquare: autoDraw = True
15.0253 	EXP 	whitesquare: autoDraw = False
15.0261 	DATA 	wsqS
15.0417 	EXP 	whitesquare: autoDraw = True
15.0417 	EXP 	whitesquare: autoDraw = False
15.0425 	DATA 	wsqS
15.0587 	EXP 	whitesquare: autoDraw = True
15.0587 	EXP 	whitesquare: autoDraw = False
15.0594 	DATA 	wsqS
15.0750 	EXP 	whitesquare: autoDraw = True
15.0750 	EXP 	whitesquare: autoDraw = False
15.0757 	DATA 	wsqS
15.0920 	EXP 	whitesquare: autoDraw = True
15.0920 	EXP 	whitesquare: autoDraw = False
15.0930 	DATA 	wsqS
15.1083 	EXP 	whitesquare: autoDraw = True
15.1083 	EXP 	whitesquare: autoDraw = False
15.1092 	DATA 	wsqS
15.1255 	EXP 	whitesquare: autoDraw = True
15.1255 	EXP 	whitesquare: autoDraw = False
15.1263 	DATA 	wsqS
15.1417 	EXP 	whitesquare: autoDraw = True
15.1417 	EXP 	whitesquare: autoDraw = False
15.1425 	DATA 	wsqS
15.1588 	EXP 	whitesquare: autoDraw = True
15.1588 	EXP 	whitesquare: autoDraw = False
15.1595 	DATA 	wsqS
15.1751 	EXP 	whitesquare: autoDraw = True
15.1751 	EXP 	whitesquare: autoDraw = False
15.1758 	DATA 	wsqS
15.1921 	EXP 	whitesquare: autoDraw = True
15.1921 	EXP 	whitesquare: autoDraw = False
15.1930 	DATA 	wsqS
15.2084 	EXP 	whitesquare: autoDraw = True
15.2084 	EXP 	whitesquare: autoDraw = False
15.2092 	DATA 	wsqS
15.2254 	EXP 	whitesquare: autoDraw = True
15.2254 	EXP 	whitesquare: autoDraw = False
15.2263 	DATA 	wsqS
15.2417 	EXP 	whitesquare: autoDraw = True
15.2417 	EXP 	whitesquare: autoDraw = False
15.2424 	DATA 	wsqS
15.2588 	EXP 	whitesquare: autoDraw = True
15.2588 	EXP 	whitesquare: autoDraw = False
15.2596 	DATA 	wsqS
15.2752 	EXP 	whitesquare: autoDraw = True
15.2752 	EXP 	whitesquare: autoDraw = False
15.2757 	DATA 	wsqS
15.2921 	EXP 	whitesquare: autoDraw = True
15.2921 	EXP 	whitesquare: autoDraw = False
15.2927 	DATA 	wsqS
15.3085 	EXP 	whitesquare: autoDraw = True
15.3085 	EXP 	whitesquare: autoDraw = False
15.3095 	DATA 	wsqS
15.3255 	EXP 	whitesquare: autoDraw = True
15.3255 	EXP 	whitesquare: autoDraw = False
15.3263 	DATA 	wsqS
15.3418 	EXP 	whitesquare: autoDraw = True
15.3418 	EXP 	whitesquare: autoDraw = False
15.3426 	DATA 	wsqS
15.3588 	EXP 	whitesquare: autoDraw = True
15.3588 	EXP 	whitesquare: autoDraw = False
15.3597 	DATA 	wsqS
15.3754 	EXP 	whitesquare: autoDraw = True
15.3754 	EXP 	whitesquare: autoDraw = False
15.3762 	DATA 	wsqS
15.3922 	EXP 	whitesquare: autoDraw = True
15.3922 	EXP 	whitesquare: autoDraw = False
15.3931 	DATA 	wsqS
15.4085 	EXP 	whitesquare: autoDraw = True
15.4085 	EXP 	whitesquare: autoDraw = False
15.4093 	DATA 	wsqS
15.4259 	EXP 	whitesquare: autoDraw = True
15.4259 	EXP 	whitesquare: autoDraw = False
15.4265 	DATA 	wsqS
15.4419 	EXP 	whitesquare: autoDraw = True
15.4419 	EXP 	whitesquare: autoDraw = False
15.4426 	DATA 	wsqS
15.4590 	EXP 	whitesquare: autoDraw = True
15.4590 	EXP 	whitesquare: autoDraw = False
15.4598 	DATA 	wsqS
15.4752 	EXP 	whitesquare: autoDraw = True
15.4752 	EXP 	whitesquare: autoDraw = False
15.4759 	DATA 	wsqS
15.4923 	EXP 	whitesquare: autoDraw = True
15.4923 	EXP 	whitesquare: autoDraw = False
15.4931 	DATA 	wsqS
15.5086 	EXP 	whitesquare: autoDraw = True
15.5086 	EXP 	whitesquare: autoDraw = False
15.5093 	DATA 	wsqS
15.5256 	EXP 	whitesquare: autoDraw = True
15.5256 	EXP 	whitesquare: autoDraw = False
15.5266 	DATA 	wsqS
15.5420 	EXP 	whitesquare: autoDraw = True
15.5420 	EXP 	whitesquare: autoDraw = False
15.5428 	DATA 	wsqS
15.5589 	EXP 	whitesquare: autoDraw = True
15.5589 	EXP 	whitesquare: autoDraw = False
15.5598 	DATA 	wsqS
15.5753 	EXP 	whitesquare: autoDraw = True
15.5753 	EXP 	whitesquare: autoDraw = False
15.5761 	DATA 	wsqS
15.5923 	EXP 	whitesquare: autoDraw = True
15.5923 	EXP 	whitesquare: autoDraw = False
15.5931 	DATA 	wsqS
15.6086 	EXP 	whitesquare: autoDraw = True
15.6086 	EXP 	whitesquare: autoDraw = False
15.6094 	DATA 	wsqS
15.6257 	EXP 	whitesquare: autoDraw = True
15.6257 	EXP 	whitesquare: autoDraw = False
15.6265 	DATA 	wsqS
15.6419 	EXP 	whitesquare: autoDraw = True
15.6419 	EXP 	whitesquare: autoDraw = False
15.6426 	DATA 	wsqS
15.6592 	EXP 	whitesquare: autoDraw = True
15.6592 	EXP 	whitesquare: autoDraw = False
15.6600 	DATA 	wsqS
15.6601 	EXP 	Sound  started
16.6613 	EXP 	Sound  stopped
16.6616 	EXP 	Set  sound=./sound/left_speak.wav
16.6617 	EXP 	Set  sound=./sound/right_speak.wav
16.6619 	EXP 	Set  sound=./sound/up_speak.wav
16.6620 	EXP 	Set  sound=./sound/down_speak.wav
16.6760 	EXP 	whitesquare: autoDraw = True
16.6760 	EXP 	whitesquare: autoDraw = False
19.1773 	EXP 	Sound  started
20.1777 	EXP 	Sound  stopped
23.1966 	EXP 	center: autoDraw = True
23.1966 	EXP 	left: autoDraw = True
23.1966 	EXP 	right: autoDraw = True
23.1966 	EXP 	up: autoDraw = True
23.1966 	EXP 	down: autoDraw = True
23.1969 	EXP 	Sound  started
24.1981 	EXP 	Sound  stopped
27.2166 	EXP 	center: autoDraw = True
27.2166 	EXP 	left: autoDraw = True
27.2166 	EXP 	right: autoDraw = True
27.2166 	EXP 	up: autoDraw = True
27.2166 	EXP 	down: autoDraw = True
27.2171 	EXP 	Sound  started
28.2183 	EXP 	Sound  stopped
31.0208 	DATA 	Keypress: escape
31.5018 	EXP 	window1: mouseVisible = True
