4.9787 	WARNING 	User requested fullscreen with size [1024  768], but screen is actually [1280, 800]. Using actual size
5.6692 	EXP 	Created window1 = Window(allowGUI=False, allowStencil=False, args=UNKNOWN, autoLog=True, bitsMode=UNKNOWN, blendMode='avg', color=array([-1., -1., -1.]), colorSpace='rgb', fullscr=UNKNOWN, gamma=None, kwargs=UNKNOWN, lms=UNKNOWN, monitor=<psychopy.monitors.calibTools.Monitor object at 0x112c42320>, multiSample=False, name='window1', numSamples=2, pos=[0.0, 0.0], screen=0, size=array([2560, 1600]), stereo=False, units='norm', useFBO=True, useRetina=True, viewOri=0.0, viewPos=None, viewScale=None, waitBlanking=True, winType='pyglet')
5.6692 	EXP 	window1: recordFrameIntervals = False
5.8349 	EXP 	window1: recordFrameIntervals = True
6.0183 	EXP 	window1: recordFrameIntervals = False
6.0273 	EXP 	<method-wrapper '__getattribute__' of attributeSetter object at 0x105f8feb8>: vertices = array([[-0.25,  0.25],
       [ 0.25,  0.25],
       [ 0.25, -0.25],
       [-0.25, -0.25]])
6.0289 	EXP 	Created whitesquare = Rect(__class__=<class 'psychopy.visual.rect.Rect'>, autoDraw=False, autoLog=True, closeShape=True, contrast=1.0, depth=0.0, fillColor=array([1., 1., 1.]), fillColorSpace='rgb', fillRGB=array([1., 1., 1.]), interpolate=True, lineColor=array([1., 1., 1.]), lineColorSpace='rgb', lineRGB=array([1., 1., 1.]), lineWidth=1, name='whitesquare', opacity=0.9, ori=array(0.), pos=array([14.9, 11.2]), size=array([1., 1.]), units='cm', vertices=ndarray(...), win=Window(...))
6.1351 	EXP 	Created intro_text = TextStim(__class__=<class 'psychopy.visual.text.TextStim'>, alignHoriz='center', alignVert='center', antialias=True, autoLog=True, bold=False, color='white', colorSpace='named', contrast=1.0, depth=0.0, flipHoriz=False, flipVert=False, font='Arial', fontFiles=[], height=0.1, italic=False, name='intro_text', opacity=1.0, ori=0, pos=array([0., 0.]), rgb=array([255., 255., 255.]), text=str(...), units='norm', win=Window(...), wrapWidth=1)
6.1579 	EXP 	Created intro_text = TextStim(__class__=<class 'psychopy.visual.text.TextStim'>, alignHoriz='center', alignVert='center', antialias=True, autoLog=True, bold=False, color='white', colorSpace='named', contrast=1.0, depth=0.0, flipHoriz=False, flipVert=False, font='Arial', fontFiles=[], height=0.1, italic=False, name='intro_text', opacity=1.0, ori=0, pos=array([0., 0.]), rgb=array([255., 255., 255.]), text=str(...), units='norm', win=Window(...), wrapWidth=1)
6.1708 	EXP 	Created open_text = TextStim(__class__=<class 'psychopy.visual.text.TextStim'>, alignHoriz='center', alignVert='center', antialias=True, autoLog=True, bold=False, color='white', colorSpace='named', contrast=1.0, depth=0.0, flipHoriz=False, flipVert=False, font='Arial', fontFiles=[], height=0.1, italic=False, name='open_text', opacity=1.0, ori=0, pos=array([0., 0.]), rgb=array([255., 255., 255.]), text=str(...), units='norm', win=Window(...), wrapWidth=1)
6.1750 	EXP 	Created fixation = TextStim(__class__=<class 'psychopy.visual.text.TextStim'>, alignHoriz='center', alignVert='center', antialias=True, autoLog=True, bold=False, color='white', colorSpace='named', contrast=1.0, depth=-1.0, flipHoriz=False, flipVert=False, font='Arial', fontFiles=[], height=0.1, italic=False, name='fixation', opacity=1.0, ori=0, pos=array([0., 0.]), rgb=array([255., 255., 255.]), text='+\n', units='norm', win=Window(...), wrapWidth=1)
6.1864 	EXP 	Created close_text = TextStim(__class__=<class 'psychopy.visual.text.TextStim'>, alignHoriz='center', alignVert='center', antialias=True, autoLog=True, bold=False, color='white', colorSpace='named', contrast=1.0, depth=0.0, flipHoriz=False, flipVert=False, font='Arial', fontFiles=[], height=0.1, italic=False, name='close_text', opacity=1.0, ori=0, pos=array([0., 0.]), rgb=array([255., 255., 255.]), text=str(...), units='norm', win=Window(...), wrapWidth=1)
6.1890 	EXP 	Created blank = TextStim(__class__=<class 'psychopy.visual.text.TextStim'>, alignHoriz='center', alignVert='center', antialias=True, autoLog=True, bold=False, color='white', colorSpace='named', contrast=1.0, depth=-1.0, flipHoriz=False, flipVert=False, font='Arial', fontFiles=[], height=0.1, italic=False, name='blank', opacity=1.0, ori=0, pos=array([0., 0.]), rgb=array([255., 255., 255.]), text=' ', units='norm', win=Window(...), wrapWidth=1)
6.2445 	EXP 	Set  sound=./sound/open_speak.wav
6.2445 	EXP 	Set Sound  volume=1.000
6.2573 	EXP 	Created gaze_text = TextStim(__class__=<class 'psychopy.visual.text.TextStim'>, alignHoriz='center', alignVert='center', antialias=True, autoLog=True, bold=False, color='white', colorSpace='named', contrast=1.0, depth=0.0, flipHoriz=False, flipVert=False, font='Arial', fontFiles=[], height=0.1, italic=False, name='gaze_text', opacity=1.0, ori=0, pos=array([0., 0.]), rgb=array([255., 255., 255.]), text=str(...), units='norm', win=Window(...), wrapWidth=1)
6.2590 	EXP 	Created center = ShapeStim(__class__=<class 'psychopy.visual.shape.ShapeStim'>, autoDraw=False, autoLog=True, closeShape=True, contrast=1.0, depth=0.0, fillColor=array([1., 1., 1.]), fillColorSpace='rgb', interpolate=True, lineColor=array([1., 1., 1.]), lineColorSpace='rgb', lineWidth=1, name='center', opacity=1.0, ori=array(0.), pos=array([0., 0.]), size=array([0.5, 0.5]), units='cm', vertices=ndarray(...), win=Window(...), windingRule=None)
6.2600 	EXP 	Set  sound=./sound/left_speak.wav
6.2600 	EXP 	Set Sound  volume=1.000
6.2618 	EXP 	Created left = ShapeStim(__class__=<class 'psychopy.visual.shape.ShapeStim'>, autoDraw=False, autoLog=True, closeShape=True, contrast=1.0, depth=0.0, fillColor=array([1., 1., 1.]), fillColorSpace='rgb', interpolate=True, lineColor=array([1., 1., 1.]), lineColorSpace='rgb', lineWidth=1, name='left', opacity=1.0, ori=array(0.), pos=array([-14.,   0.]), size=array([0.5, 0.5]), units='cm', vertices=ndarray(...), win=Window(...), windingRule=None)
6.2626 	EXP 	Set  sound=./sound/right_speak.wav
6.2627 	EXP 	Set Sound  volume=1.000
6.2647 	EXP 	Created right = ShapeStim(__class__=<class 'psychopy.visual.shape.ShapeStim'>, autoDraw=False, autoLog=True, closeShape=True, contrast=1.0, depth=0.0, fillColor=array([1., 1., 1.]), fillColorSpace='rgb', interpolate=True, lineColor=array([1., 1., 1.]), lineColorSpace='rgb', lineWidth=1, name='right', opacity=1.0, ori=array(0.), pos=array([14.,  0.]), size=array([0.5, 0.5]), units='cm', vertices=ndarray(...), win=Window(...), windingRule=None)
6.2656 	EXP 	Set  sound=./sound/up_speak.wav
6.2656 	EXP 	Set Sound  volume=1.000
6.2675 	EXP 	Created up = ShapeStim(__class__=<class 'psychopy.visual.shape.ShapeStim'>, autoDraw=False, autoLog=True, closeShape=True, contrast=1.0, depth=0.0, fillColor=array([1., 1., 1.]), fillColorSpace='rgb', interpolate=True, lineColor=array([1., 1., 1.]), lineColorSpace='rgb', lineWidth=1, name='up', opacity=1.0, ori=array(0.), pos=array([ 0., 14.]), size=array([0.5, 0.5]), units='cm', vertices=ndarray(...), win=Window(...), windingRule=None)
6.2685 	EXP 	Set  sound=./sound/down_speak.wav
6.2685 	EXP 	Set Sound  volume=1.000
6.2703 	EXP 	Created down = ShapeStim(__class__=<class 'psychopy.visual.shape.ShapeStim'>, autoDraw=False, autoLog=True, closeShape=True, contrast=1.0, depth=0.0, fillColor=array([1., 1., 1.]), fillColorSpace='rgb', interpolate=True, lineColor=array([1., 1., 1.]), lineColorSpace='rgb', lineWidth=1, name='down', opacity=1.0, ori=array(0.), pos=array([  0., -14.]), size=array([0.5, 0.5]), units='cm', vertices=ndarray(...), win=Window(...), windingRule=None)
6.2799 	EXP 	Created esc = TextStim(__class__=<class 'psychopy.visual.text.TextStim'>, alignHoriz='center', alignVert='center', antialias=True, autoLog=True, bold=False, color='white', colorSpace='named', contrast=1.0, depth=0.0, flipHoriz=False, flipVert=False, font='Arial', fontFiles=[], height=0.1, italic=False, name='esc', opacity=1.0, ori=0, pos=array([0., 0.]), rgb=array([255., 255., 255.]), text="End of test\n\nPress 'esc'", units='norm', win=Window(...), wrapWidth=1)
6.3031 	EXP 	intro_text: autoDraw = True
6.3031 	EXP 	whitesquare: autoDraw = True
8.4396 	DATA 	Keypress: space
8.4694 	EXP 	intro_text: autoDraw = False
8.4694 	EXP 	whitesquare: autoDraw = False
8.4694 	EXP 	intro_text: autoDraw = True
11.6905 	DATA 	Keypress: space
11.7041 	EXP 	intro_text: autoDraw = False
14.1904 	DATA 	wsqS
14.2051 	EXP 	whitesquare: autoDraw = True
14.2058 	DATA 	wsqS
14.2222 	EXP 	whitesquare: autoDraw = True
14.2222 	EXP 	whitesquare: autoDraw = False
14.2230 	DATA 	wsqS
14.2385 	EXP 	whitesquare: autoDraw = True
14.2385 	EXP 	whitesquare: autoDraw = False
14.2393 	DATA 	wsqS
14.2556 	EXP 	whitesquare: autoDraw = True
14.2556 	EXP 	whitesquare: autoDraw = False
14.2564 	DATA 	wsqS
14.2718 	EXP 	whitesquare: autoDraw = True
14.2718 	EXP 	whitesquare: autoDraw = False
14.2726 	DATA 	wsqS
14.2890 	EXP 	whitesquare: autoDraw = True
14.2890 	EXP 	whitesquare: autoDraw = False
14.2898 	DATA 	wsqS
14.3052 	EXP 	whitesquare: autoDraw = True
14.3052 	EXP 	whitesquare: autoDraw = False
14.3059 	DATA 	wsqS
14.3224 	EXP 	whitesquare: autoDraw = True
14.3224 	EXP 	whitesquare: autoDraw = False
14.3231 	DATA 	wsqS
14.3387 	EXP 	whitesquare: autoDraw = True
14.3387 	EXP 	whitesquare: autoDraw = False
14.3395 	DATA 	wsqS
14.3556 	EXP 	whitesquare: autoDraw = True
14.3556 	EXP 	whitesquare: autoDraw = False
14.3565 	DATA 	wsqS
14.3719 	EXP 	whitesquare: autoDraw = True
14.3719 	EXP 	whitesquare: autoDraw = False
14.3726 	DATA 	wsqS
14.3889 	EXP 	whitesquare: autoDraw = True
14.3889 	EXP 	whitesquare: autoDraw = False
14.3898 	DATA 	wsqS
14.4053 	EXP 	whitesquare: autoDraw = True
14.4053 	EXP 	whitesquare: autoDraw = False
14.4061 	DATA 	wsqS
14.4223 	EXP 	whitesquare: autoDraw = True
14.4223 	EXP 	whitesquare: autoDraw = False
14.4231 	DATA 	wsqS
14.4387 	EXP 	whitesquare: autoDraw = True
14.4387 	EXP 	whitesquare: autoDraw = False
14.4395 	DATA 	wsqS
14.4558 	EXP 	whitesquare: autoDraw = True
14.4558 	EXP 	whitesquare: autoDraw = False
14.4565 	DATA 	wsqS
14.4719 	EXP 	whitesquare: autoDraw = True
14.4719 	EXP 	whitesquare: autoDraw = False
14.4728 	DATA 	wsqS
14.4890 	EXP 	whitesquare: autoDraw = True
14.4890 	EXP 	whitesquare: autoDraw = False
14.4898 	DATA 	wsqS
14.5053 	EXP 	whitesquare: autoDraw = True
14.5053 	EXP 	whitesquare: autoDraw = False
14.5060 	DATA 	wsqS
14.5224 	EXP 	whitesquare: autoDraw = True
14.5224 	EXP 	whitesquare: autoDraw = False
14.5232 	DATA 	wsqS
14.5387 	EXP 	whitesquare: autoDraw = True
14.5387 	EXP 	whitesquare: autoDraw = False
14.5401 	DATA 	wsqS
14.5561 	EXP 	whitesquare: autoDraw = True
14.5561 	EXP 	whitesquare: autoDraw = False
14.5569 	DATA 	wsqS
14.5720 	EXP 	whitesquare: autoDraw = True
14.5720 	EXP 	whitesquare: autoDraw = False
14.5728 	DATA 	wsqS
14.5891 	EXP 	whitesquare: autoDraw = True
14.5891 	EXP 	whitesquare: autoDraw = False
14.5898 	DATA 	wsqS
14.6054 	EXP 	whitesquare: autoDraw = True
14.6054 	EXP 	whitesquare: autoDraw = False
14.6061 	DATA 	wsqS
14.6224 	EXP 	whitesquare: autoDraw = True
14.6224 	EXP 	whitesquare: autoDraw = False
14.6233 	DATA 	wsqS
14.6387 	EXP 	whitesquare: autoDraw = True
14.6387 	EXP 	whitesquare: autoDraw = False
14.6396 	DATA 	wsqS
14.6558 	EXP 	whitesquare: autoDraw = True
14.6558 	EXP 	whitesquare: autoDraw = False
14.6566 	DATA 	wsqS
14.6721 	EXP 	whitesquare: autoDraw = True
14.6721 	EXP 	whitesquare: autoDraw = False
14.6728 	DATA 	wsqS
14.6891 	EXP 	whitesquare: autoDraw = True
14.6891 	EXP 	whitesquare: autoDraw = False
14.6900 	DATA 	wsqS
14.7054 	EXP 	whitesquare: autoDraw = True
14.7054 	EXP 	whitesquare: autoDraw = False
14.7063 	DATA 	wsqS
14.7224 	EXP 	whitesquare: autoDraw = True
14.7224 	EXP 	whitesquare: autoDraw = False
14.7232 	DATA 	wsqS
14.7389 	EXP 	whitesquare: autoDraw = True
14.7389 	EXP 	whitesquare: autoDraw = False
14.7398 	DATA 	wsqS
14.7562 	EXP 	whitesquare: autoDraw = True
14.7562 	EXP 	whitesquare: autoDraw = False
14.7568 	DATA 	wsqS
14.7723 	EXP 	whitesquare: autoDraw = True
14.7723 	EXP 	whitesquare: autoDraw = False
14.7732 	DATA 	wsqS
14.7892 	EXP 	whitesquare: autoDraw = True
14.7892 	EXP 	whitesquare: autoDraw = False
14.7900 	DATA 	wsqS
14.8054 	EXP 	whitesquare: autoDraw = True
14.8054 	EXP 	whitesquare: autoDraw = False
14.8062 	DATA 	wsqS
14.8226 	EXP 	whitesquare: autoDraw = True
14.8226 	EXP 	whitesquare: autoDraw = False
14.8233 	DATA 	wsqS
14.8389 	EXP 	whitesquare: autoDraw = True
14.8389 	EXP 	whitesquare: autoDraw = False
14.8396 	DATA 	wsqS
14.8561 	EXP 	whitesquare: autoDraw = True
14.8561 	EXP 	whitesquare: autoDraw = False
14.8568 	DATA 	wsqS
14.8721 	EXP 	whitesquare: autoDraw = True
14.8721 	EXP 	whitesquare: autoDraw = False
14.8729 	DATA 	wsqS
14.8892 	EXP 	whitesquare: autoDraw = True
14.8892 	EXP 	whitesquare: autoDraw = False
14.8900 	DATA 	wsqS
14.9055 	EXP 	whitesquare: autoDraw = True
14.9055 	EXP 	whitesquare: autoDraw = False
14.9064 	DATA 	wsqS
14.9225 	EXP 	whitesquare: autoDraw = True
14.9225 	EXP 	whitesquare: autoDraw = False
14.9234 	DATA 	wsqS
14.9389 	EXP 	whitesquare: autoDraw = True
14.9389 	EXP 	whitesquare: autoDraw = False
14.9398 	DATA 	wsqS
14.9559 	EXP 	whitesquare: autoDraw = True
14.9559 	EXP 	whitesquare: autoDraw = False
14.9567 	DATA 	wsqS
14.9724 	EXP 	whitesquare: autoDraw = True
14.9724 	EXP 	whitesquare: autoDraw = False
14.9731 	DATA 	wsqS
14.9893 	EXP 	whitesquare: autoDraw = True
14.9893 	EXP 	whitesquare: autoDraw = False
14.9900 	DATA 	wsqS
15.0055 	EXP 	whitesquare: autoDraw = True
15.0055 	EXP 	whitesquare: autoDraw = False
15.0064 	DATA 	wsqS
15.0225 	EXP 	whitesquare: autoDraw = True
15.0225 	EXP 	whitesquare: autoDraw = False
15.0233 	DATA 	wsqS
15.0389 	EXP 	whitesquare: autoDraw = True
15.0389 	EXP 	whitesquare: autoDraw = False
15.0397 	DATA 	wsqS
15.0559 	EXP 	whitesquare: autoDraw = True
15.0559 	EXP 	whitesquare: autoDraw = False
15.0568 	DATA 	wsqS
15.0723 	EXP 	whitesquare: autoDraw = True
15.0723 	EXP 	whitesquare: autoDraw = False
15.0732 	DATA 	wsqS
15.0894 	EXP 	whitesquare: autoDraw = True
15.0894 	EXP 	whitesquare: autoDraw = False
15.0901 	DATA 	wsqS
15.1057 	EXP 	whitesquare: autoDraw = True
15.1057 	EXP 	whitesquare: autoDraw = False
15.1065 	DATA 	wsqS
15.1229 	EXP 	whitesquare: autoDraw = True
15.1229 	EXP 	whitesquare: autoDraw = False
15.1236 	DATA 	wsqS
15.1390 	EXP 	whitesquare: autoDraw = True
15.1390 	EXP 	whitesquare: autoDraw = False
15.1398 	DATA 	wsqS
15.1559 	EXP 	whitesquare: autoDraw = True
15.1559 	EXP 	whitesquare: autoDraw = False
15.1568 	DATA 	wsqS
15.1723 	EXP 	whitesquare: autoDraw = True
15.1723 	EXP 	whitesquare: autoDraw = False
15.1731 	DATA 	wsqS
15.1893 	EXP 	whitesquare: autoDraw = True
15.1893 	EXP 	whitesquare: autoDraw = False
15.1901 	DATA 	wsqS
15.2057 	EXP 	whitesquare: autoDraw = True
15.2057 	EXP 	whitesquare: autoDraw = False
15.2064 	DATA 	wsqS
15.2227 	EXP 	whitesquare: autoDraw = True
15.2227 	EXP 	whitesquare: autoDraw = False
15.2234 	DATA 	wsqS
15.2391 	EXP 	whitesquare: autoDraw = True
15.2391 	EXP 	whitesquare: autoDraw = False
15.2398 	DATA 	wsqS
15.2560 	EXP 	whitesquare: autoDraw = True
15.2560 	EXP 	whitesquare: autoDraw = False
15.2568 	DATA 	wsqS
15.2723 	EXP 	whitesquare: autoDraw = True
15.2723 	EXP 	whitesquare: autoDraw = False
15.2730 	DATA 	wsqS
15.2895 	EXP 	whitesquare: autoDraw = True
15.2895 	EXP 	whitesquare: autoDraw = False
15.2903 	DATA 	wsqS
15.3056 	EXP 	whitesquare: autoDraw = True
15.3056 	EXP 	whitesquare: autoDraw = False
15.3065 	DATA 	wsqS
15.3229 	EXP 	whitesquare: autoDraw = True
15.3229 	EXP 	whitesquare: autoDraw = False
15.3237 	DATA 	wsqS
15.3391 	EXP 	whitesquare: autoDraw = True
15.3391 	EXP 	whitesquare: autoDraw = False
15.3399 	DATA 	wsqS
15.3562 	EXP 	whitesquare: autoDraw = True
15.3562 	EXP 	whitesquare: autoDraw = False
15.3569 	DATA 	wsqS
15.3725 	EXP 	whitesquare: autoDraw = True
15.3725 	EXP 	whitesquare: autoDraw = False
15.3733 	DATA 	wsqS
15.3895 	EXP 	whitesquare: autoDraw = True
15.3895 	EXP 	whitesquare: autoDraw = False
15.3904 	DATA 	wsqS
15.4060 	EXP 	whitesquare: autoDraw = True
15.4060 	EXP 	whitesquare: autoDraw = False
15.4068 	DATA 	wsqS
15.4227 	EXP 	whitesquare: autoDraw = True
15.4227 	EXP 	whitesquare: autoDraw = False
15.4236 	DATA 	wsqS
15.4391 	EXP 	whitesquare: autoDraw = True
15.4391 	EXP 	whitesquare: autoDraw = False
15.4400 	DATA 	wsqS
15.4561 	EXP 	whitesquare: autoDraw = True
15.4561 	EXP 	whitesquare: autoDraw = False
15.4569 	DATA 	wsqS
15.4725 	EXP 	whitesquare: autoDraw = True
15.4725 	EXP 	whitesquare: autoDraw = False
15.4732 	DATA 	wsqS
15.4895 	EXP 	whitesquare: autoDraw = True
15.4895 	EXP 	whitesquare: autoDraw = False
15.4902 	DATA 	wsqS
15.5060 	EXP 	whitesquare: autoDraw = True
15.5060 	EXP 	whitesquare: autoDraw = False
15.5067 	DATA 	wsqS
15.5228 	EXP 	whitesquare: autoDraw = True
15.5228 	EXP 	whitesquare: autoDraw = False
15.5236 	DATA 	wsqS
15.5391 	EXP 	whitesquare: autoDraw = True
15.5391 	EXP 	whitesquare: autoDraw = False
15.5399 	DATA 	wsqS
15.5561 	EXP 	whitesquare: autoDraw = True
15.5561 	EXP 	whitesquare: autoDraw = False
15.5569 	DATA 	wsqS
15.5725 	EXP 	whitesquare: autoDraw = True
15.5725 	EXP 	whitesquare: autoDraw = False
15.5733 	DATA 	wsqS
15.5895 	EXP 	whitesquare: autoDraw = True
15.5895 	EXP 	whitesquare: autoDraw = False
15.5904 	DATA 	wsqS
15.6059 	EXP 	whitesquare: autoDraw = True
15.6059 	EXP 	whitesquare: autoDraw = False
15.6066 	DATA 	wsqS
15.6231 	EXP 	whitesquare: autoDraw = True
15.6231 	EXP 	whitesquare: autoDraw = False
15.6238 	DATA 	wsqS
15.6395 	EXP 	whitesquare: autoDraw = True
15.6395 	EXP 	whitesquare: autoDraw = False
15.6403 	DATA 	wsqS
15.6563 	EXP 	whitesquare: autoDraw = True
15.6563 	EXP 	whitesquare: autoDraw = False
15.6572 	DATA 	wsqS
15.6725 	EXP 	whitesquare: autoDraw = True
15.6725 	EXP 	whitesquare: autoDraw = False
15.6732 	DATA 	wsqS
15.6895 	EXP 	whitesquare: autoDraw = True
15.6895 	EXP 	whitesquare: autoDraw = False
15.6904 	DATA 	wsqS
15.7063 	EXP 	whitesquare: autoDraw = True
15.7063 	EXP 	whitesquare: autoDraw = False
15.7071 	DATA 	wsqS
15.7229 	EXP 	whitesquare: autoDraw = True
15.7229 	EXP 	whitesquare: autoDraw = False
15.7237 	DATA 	wsqS
15.7394 	EXP 	whitesquare: autoDraw = True
15.7394 	EXP 	whitesquare: autoDraw = False
15.7401 	DATA 	wsqS
15.7563 	EXP 	whitesquare: autoDraw = True
15.7563 	EXP 	whitesquare: autoDraw = False
15.7570 	DATA 	wsqS
15.7726 	EXP 	whitesquare: autoDraw = True
15.7726 	EXP 	whitesquare: autoDraw = False
15.7733 	DATA 	wsqS
15.7896 	EXP 	whitesquare: autoDraw = True
15.7896 	EXP 	whitesquare: autoDraw = False
15.7904 	DATA 	wsqS
15.8059 	EXP 	whitesquare: autoDraw = True
15.8059 	EXP 	whitesquare: autoDraw = False
15.8067 	DATA 	wsqS
15.8230 	EXP 	whitesquare: autoDraw = True
15.8230 	EXP 	whitesquare: autoDraw = False
15.8239 	DATA 	wsqS
15.8393 	EXP 	whitesquare: autoDraw = True
15.8393 	EXP 	whitesquare: autoDraw = False
15.8401 	DATA 	wsqS
15.8564 	EXP 	whitesquare: autoDraw = True
15.8564 	EXP 	whitesquare: autoDraw = False
15.8571 	DATA 	wsqS
15.8726 	EXP 	whitesquare: autoDraw = True
15.8726 	EXP 	whitesquare: autoDraw = False
15.8737 	DATA 	wsqS
15.8897 	EXP 	whitesquare: autoDraw = True
15.8897 	EXP 	whitesquare: autoDraw = False
15.8905 	DATA 	wsqS
15.9063 	EXP 	whitesquare: autoDraw = True
15.9063 	EXP 	whitesquare: autoDraw = False
15.9072 	DATA 	wsqS
15.9230 	EXP 	whitesquare: autoDraw = True
15.9230 	EXP 	whitesquare: autoDraw = False
15.9239 	DATA 	wsqS
15.9393 	EXP 	whitesquare: autoDraw = True
15.9393 	EXP 	whitesquare: autoDraw = False
15.9401 	DATA 	wsqS
15.9563 	EXP 	whitesquare: autoDraw = True
15.9563 	EXP 	whitesquare: autoDraw = False
15.9572 	DATA 	wsqS
15.9727 	EXP 	whitesquare: autoDraw = True
15.9727 	EXP 	whitesquare: autoDraw = False
15.9735 	DATA 	wsqS
15.9897 	EXP 	whitesquare: autoDraw = True
15.9897 	EXP 	whitesquare: autoDraw = False
15.9905 	DATA 	wsqS
16.0063 	EXP 	whitesquare: autoDraw = True
16.0063 	EXP 	whitesquare: autoDraw = False
16.0071 	DATA 	wsqS
16.0231 	EXP 	whitesquare: autoDraw = True
16.0231 	EXP 	whitesquare: autoDraw = False
16.0239 	DATA 	wsqS
16.0395 	EXP 	whitesquare: autoDraw = True
16.0395 	EXP 	whitesquare: autoDraw = False
16.0403 	DATA 	wsqS
16.0564 	EXP 	whitesquare: autoDraw = True
16.0564 	EXP 	whitesquare: autoDraw = False
16.0572 	DATA 	wsqS
16.0727 	EXP 	whitesquare: autoDraw = True
16.0727 	EXP 	whitesquare: autoDraw = False
16.0735 	DATA 	wsqS
16.0898 	EXP 	whitesquare: autoDraw = True
16.0898 	EXP 	whitesquare: autoDraw = False
16.0905 	DATA 	wsqS
16.1061 	EXP 	whitesquare: autoDraw = True
16.1061 	EXP 	whitesquare: autoDraw = False
16.1068 	DATA 	wsqS
16.1234 	EXP 	whitesquare: autoDraw = True
16.1234 	EXP 	whitesquare: autoDraw = False
16.1241 	DATA 	wsqS
16.1396 	EXP 	whitesquare: autoDraw = True
16.1396 	EXP 	whitesquare: autoDraw = False
16.1404 	DATA 	wsqS
16.1565 	EXP 	whitesquare: autoDraw = True
16.1565 	EXP 	whitesquare: autoDraw = False
16.1573 	DATA 	wsqS
16.1728 	EXP 	whitesquare: autoDraw = True
16.1728 	EXP 	whitesquare: autoDraw = False
16.1735 	DATA 	wsqS
16.1898 	EXP 	whitesquare: autoDraw = True
16.1898 	EXP 	whitesquare: autoDraw = False
16.1907 	DATA 	wsqS
16.1915 	EXP 	Set  sound=./sound/open_speak.wav
16.2061 	EXP 	whitesquare: autoDraw = True
16.2061 	EXP 	whitesquare: autoDraw = False
18.6923 	DATA 	wsqS
18.7073 	EXP 	whitesquare: autoDraw = True
18.7079 	DATA 	wsqS
18.7244 	EXP 	whitesquare: autoDraw = True
18.7244 	EXP 	whitesquare: autoDraw = False
18.7252 	DATA 	wsqS
18.7408 	EXP 	whitesquare: autoDraw = True
18.7408 	EXP 	whitesquare: autoDraw = False
18.7415 	DATA 	wsqS
18.7577 	EXP 	whitesquare: autoDraw = True
18.7577 	EXP 	whitesquare: autoDraw = False
18.7585 	DATA 	wsqS
18.7741 	EXP 	whitesquare: autoDraw = True
18.7741 	EXP 	whitesquare: autoDraw = False
18.7747 	DATA 	wsqS
18.7912 	EXP 	whitesquare: autoDraw = True
18.7912 	EXP 	whitesquare: autoDraw = False
18.7920 	DATA 	wsqS
18.8073 	EXP 	whitesquare: autoDraw = True
18.8073 	EXP 	whitesquare: autoDraw = False
18.8081 	DATA 	wsqS
18.8244 	EXP 	whitesquare: autoDraw = True
18.8244 	EXP 	whitesquare: autoDraw = False
18.8251 	DATA 	wsqS
18.8409 	EXP 	whitesquare: autoDraw = True
18.8409 	EXP 	whitesquare: autoDraw = False
18.8416 	DATA 	wsqS
18.8580 	EXP 	whitesquare: autoDraw = True
18.8580 	EXP 	whitesquare: autoDraw = False
18.8587 	DATA 	wsqS
18.8740 	EXP 	whitesquare: autoDraw = True
18.8740 	EXP 	whitesquare: autoDraw = False
18.8748 	DATA 	wsqS
18.8911 	EXP 	whitesquare: autoDraw = True
18.8911 	EXP 	whitesquare: autoDraw = False
18.8918 	DATA 	wsqS
18.9074 	EXP 	whitesquare: autoDraw = True
18.9074 	EXP 	whitesquare: autoDraw = False
18.9082 	DATA 	wsqS
18.9245 	EXP 	whitesquare: autoDraw = True
18.9245 	EXP 	whitesquare: autoDraw = False
18.9252 	DATA 	wsqS
18.9410 	EXP 	whitesquare: autoDraw = True
18.9410 	EXP 	whitesquare: autoDraw = False
18.9416 	DATA 	wsqS
18.9577 	EXP 	whitesquare: autoDraw = True
18.9577 	EXP 	whitesquare: autoDraw = False
18.9586 	DATA 	wsqS
18.9741 	EXP 	whitesquare: autoDraw = True
18.9741 	EXP 	whitesquare: autoDraw = False
18.9750 	DATA 	wsqS
18.9912 	EXP 	whitesquare: autoDraw = True
18.9912 	EXP 	whitesquare: autoDraw = False
18.9920 	DATA 	wsqS
19.0075 	EXP 	whitesquare: autoDraw = True
19.0075 	EXP 	whitesquare: autoDraw = False
19.0083 	DATA 	wsqS
19.0246 	EXP 	whitesquare: autoDraw = True
19.0246 	EXP 	whitesquare: autoDraw = False
19.0255 	DATA 	wsqS
19.0411 	EXP 	whitesquare: autoDraw = True
19.0411 	EXP 	whitesquare: autoDraw = False
19.0418 	DATA 	wsqS
19.0579 	EXP 	whitesquare: autoDraw = True
19.0579 	EXP 	whitesquare: autoDraw = False
19.0587 	DATA 	wsqS
19.0741 	EXP 	whitesquare: autoDraw = True
19.0741 	EXP 	whitesquare: autoDraw = False
19.0749 	DATA 	wsqS
19.0911 	EXP 	whitesquare: autoDraw = True
19.0911 	EXP 	whitesquare: autoDraw = False
19.0920 	DATA 	wsqS
19.1077 	EXP 	whitesquare: autoDraw = True
19.1077 	EXP 	whitesquare: autoDraw = False
19.1085 	DATA 	wsqS
19.1245 	EXP 	whitesquare: autoDraw = True
19.1245 	EXP 	whitesquare: autoDraw = False
19.1254 	DATA 	wsqS
19.1414 	EXP 	whitesquare: autoDraw = True
19.1414 	EXP 	whitesquare: autoDraw = False
19.1422 	DATA 	wsqS
19.1582 	EXP 	whitesquare: autoDraw = True
19.1582 	EXP 	whitesquare: autoDraw = False
19.1587 	DATA 	wsqS
19.1746 	EXP 	whitesquare: autoDraw = True
19.1746 	EXP 	whitesquare: autoDraw = False
19.1750 	DATA 	wsqS
19.1916 	EXP 	whitesquare: autoDraw = True
19.1916 	EXP 	whitesquare: autoDraw = False
19.1924 	DATA 	wsqS
19.2078 	EXP 	whitesquare: autoDraw = True
19.2078 	EXP 	whitesquare: autoDraw = False
19.2084 	DATA 	wsqS
19.2249 	EXP 	whitesquare: autoDraw = True
19.2249 	EXP 	whitesquare: autoDraw = False
19.2255 	DATA 	wsqS
19.2419 	EXP 	whitesquare: autoDraw = True
19.2419 	EXP 	whitesquare: autoDraw = False
19.2427 	DATA 	wsqS
19.2580 	EXP 	whitesquare: autoDraw = True
19.2580 	EXP 	whitesquare: autoDraw = False
19.2587 	DATA 	wsqS
19.2745 	EXP 	whitesquare: autoDraw = True
19.2745 	EXP 	whitesquare: autoDraw = False
19.2750 	DATA 	wsqS
19.2917 	EXP 	whitesquare: autoDraw = True
19.2917 	EXP 	whitesquare: autoDraw = False
19.2922 	DATA 	wsqS
19.3081 	EXP 	whitesquare: autoDraw = True
19.3081 	EXP 	whitesquare: autoDraw = False
19.3085 	DATA 	wsqS
19.3250 	EXP 	whitesquare: autoDraw = True
19.3250 	EXP 	whitesquare: autoDraw = False
19.3257 	DATA 	wsqS
19.3414 	EXP 	whitesquare: autoDraw = True
19.3414 	EXP 	whitesquare: autoDraw = False
19.3419 	DATA 	wsqS
19.3581 	EXP 	whitesquare: autoDraw = True
19.3581 	EXP 	whitesquare: autoDraw = False
19.3588 	DATA 	wsqS
19.3745 	EXP 	whitesquare: autoDraw = True
19.3745 	EXP 	whitesquare: autoDraw = False
19.3750 	DATA 	wsqS
19.3919 	EXP 	whitesquare: autoDraw = True
19.3919 	EXP 	whitesquare: autoDraw = False
19.3928 	DATA 	wsqS
19.4088 	EXP 	whitesquare: autoDraw = True
19.4088 	EXP 	whitesquare: autoDraw = False
19.4092 	DATA 	wsqS
19.4252 	EXP 	whitesquare: autoDraw = True
19.4252 	EXP 	whitesquare: autoDraw = False
19.4259 	DATA 	wsqS
19.4415 	EXP 	whitesquare: autoDraw = True
19.4415 	EXP 	whitesquare: autoDraw = False
19.4421 	DATA 	wsqS
19.4583 	EXP 	whitesquare: autoDraw = True
19.4583 	EXP 	whitesquare: autoDraw = False
19.4589 	DATA 	wsqS
19.4746 	EXP 	whitesquare: autoDraw = True
19.4746 	EXP 	whitesquare: autoDraw = False
19.4751 	DATA 	wsqS
19.4915 	EXP 	whitesquare: autoDraw = True
19.4915 	EXP 	whitesquare: autoDraw = False
19.4921 	DATA 	wsqS
19.5077 	EXP 	whitesquare: autoDraw = True
19.5077 	EXP 	whitesquare: autoDraw = False
19.5084 	DATA 	wsqS
19.5252 	EXP 	whitesquare: autoDraw = True
19.5252 	EXP 	whitesquare: autoDraw = False
19.5258 	DATA 	wsqS
19.5417 	EXP 	whitesquare: autoDraw = True
19.5417 	EXP 	whitesquare: autoDraw = False
19.5423 	DATA 	wsqS
19.5584 	EXP 	whitesquare: autoDraw = True
19.5584 	EXP 	whitesquare: autoDraw = False
19.5589 	DATA 	wsqS
19.5751 	EXP 	whitesquare: autoDraw = True
19.5751 	EXP 	whitesquare: autoDraw = False
19.5757 	DATA 	wsqS
19.5921 	EXP 	whitesquare: autoDraw = True
19.5921 	EXP 	whitesquare: autoDraw = False
19.5930 	DATA 	wsqS
19.6081 	EXP 	whitesquare: autoDraw = True
19.6081 	EXP 	whitesquare: autoDraw = False
19.6088 	DATA 	wsqS
19.6250 	EXP 	whitesquare: autoDraw = True
19.6250 	EXP 	whitesquare: autoDraw = False
19.6255 	DATA 	wsqS
19.6415 	EXP 	whitesquare: autoDraw = True
19.6415 	EXP 	whitesquare: autoDraw = False
19.6420 	DATA 	wsqS
19.6585 	EXP 	whitesquare: autoDraw = True
19.6585 	EXP 	whitesquare: autoDraw = False
19.6591 	DATA 	wsqS
19.6748 	EXP 	whitesquare: autoDraw = True
19.6748 	EXP 	whitesquare: autoDraw = False
19.6753 	DATA 	wsqS
19.6921 	EXP 	whitesquare: autoDraw = True
19.6921 	EXP 	whitesquare: autoDraw = False
19.6927 	DATA 	wsqS
19.7078 	EXP 	whitesquare: autoDraw = True
19.7078 	EXP 	whitesquare: autoDraw = False
19.7084 	DATA 	wsqS
19.7255 	EXP 	whitesquare: autoDraw = True
19.7255 	EXP 	whitesquare: autoDraw = False
19.7260 	DATA 	wsqS
19.7417 	EXP 	whitesquare: autoDraw = True
19.7417 	EXP 	whitesquare: autoDraw = False
19.7422 	DATA 	wsqS
19.7589 	EXP 	whitesquare: autoDraw = True
19.7589 	EXP 	whitesquare: autoDraw = False
19.7594 	DATA 	wsqS
19.7748 	EXP 	whitesquare: autoDraw = True
19.7748 	EXP 	whitesquare: autoDraw = False
19.7752 	DATA 	wsqS
19.7917 	EXP 	whitesquare: autoDraw = True
19.7917 	EXP 	whitesquare: autoDraw = False
19.7922 	DATA 	wsqS
19.8081 	EXP 	whitesquare: autoDraw = True
19.8081 	EXP 	whitesquare: autoDraw = False
19.8087 	DATA 	wsqS
19.8251 	EXP 	whitesquare: autoDraw = True
19.8251 	EXP 	whitesquare: autoDraw = False
19.8256 	DATA 	wsqS
19.8422 	EXP 	whitesquare: autoDraw = True
19.8422 	EXP 	whitesquare: autoDraw = False
19.8430 	DATA 	wsqS
19.8588 	EXP 	whitesquare: autoDraw = True
19.8588 	EXP 	whitesquare: autoDraw = False
19.8596 	DATA 	wsqS
19.8751 	EXP 	whitesquare: autoDraw = True
19.8751 	EXP 	whitesquare: autoDraw = False
19.8755 	DATA 	wsqS
19.8917 	EXP 	whitesquare: autoDraw = True
19.8917 	EXP 	whitesquare: autoDraw = False
19.8928 	DATA 	wsqS
19.9082 	EXP 	whitesquare: autoDraw = True
19.9082 	EXP 	whitesquare: autoDraw = False
19.9088 	DATA 	wsqS
19.9249 	EXP 	whitesquare: autoDraw = True
19.9249 	EXP 	whitesquare: autoDraw = False
19.9256 	DATA 	wsqS
19.9414 	EXP 	whitesquare: autoDraw = True
19.9414 	EXP 	whitesquare: autoDraw = False
19.9424 	DATA 	wsqS
19.9583 	EXP 	whitesquare: autoDraw = True
19.9583 	EXP 	whitesquare: autoDraw = False
19.9589 	DATA 	wsqS
19.9746 	EXP 	whitesquare: autoDraw = True
19.9746 	EXP 	whitesquare: autoDraw = False
19.9755 	DATA 	wsqS
19.9916 	EXP 	whitesquare: autoDraw = True
19.9916 	EXP 	whitesquare: autoDraw = False
19.9923 	DATA 	wsqS
20.0080 	EXP 	whitesquare: autoDraw = True
20.0080 	EXP 	whitesquare: autoDraw = False
20.0086 	DATA 	wsqS
20.0250 	EXP 	whitesquare: autoDraw = True
20.0250 	EXP 	whitesquare: autoDraw = False
20.0258 	DATA 	wsqS
20.0582 	EXP 	whitesquare: autoDraw = True
20.0582 	EXP 	whitesquare: autoDraw = False
20.0589 	DATA 	wsqS
20.0750 	EXP 	whitesquare: autoDraw = True
20.0750 	EXP 	whitesquare: autoDraw = False
20.0758 	DATA 	wsqS
20.0913 	EXP 	whitesquare: autoDraw = True
20.0913 	EXP 	whitesquare: autoDraw = False
20.0921 	DATA 	wsqS
20.1085 	EXP 	whitesquare: autoDraw = True
20.1085 	EXP 	whitesquare: autoDraw = False
20.1092 	DATA 	wsqS
20.1246 	EXP 	whitesquare: autoDraw = True
20.1246 	EXP 	whitesquare: autoDraw = False
20.1254 	DATA 	wsqS
20.1422 	EXP 	whitesquare: autoDraw = True
20.1422 	EXP 	whitesquare: autoDraw = False
20.1427 	DATA 	wsqS
20.1579 	EXP 	whitesquare: autoDraw = True
20.1579 	EXP 	whitesquare: autoDraw = False
20.1588 	DATA 	wsqS
20.1755 	EXP 	whitesquare: autoDraw = True
20.1755 	EXP 	whitesquare: autoDraw = False
20.1762 	DATA 	wsqS
20.1913 	EXP 	whitesquare: autoDraw = True
20.1913 	EXP 	whitesquare: autoDraw = False
20.1921 	DATA 	wsqS
20.2086 	EXP 	whitesquare: autoDraw = True
20.2086 	EXP 	whitesquare: autoDraw = False
20.2093 	DATA 	wsqS
20.2247 	EXP 	whitesquare: autoDraw = True
20.2247 	EXP 	whitesquare: autoDraw = False
20.2254 	DATA 	wsqS
20.2419 	EXP 	whitesquare: autoDraw = True
20.2419 	EXP 	whitesquare: autoDraw = False
20.2427 	DATA 	wsqS
20.2580 	EXP 	whitesquare: autoDraw = True
20.2580 	EXP 	whitesquare: autoDraw = False
20.2586 	DATA 	wsqS
20.2751 	EXP 	whitesquare: autoDraw = True
20.2751 	EXP 	whitesquare: autoDraw = False
20.2757 	DATA 	wsqS
20.2914 	EXP 	whitesquare: autoDraw = True
20.2914 	EXP 	whitesquare: autoDraw = False
20.2921 	DATA 	wsqS
20.3084 	EXP 	whitesquare: autoDraw = True
20.3084 	EXP 	whitesquare: autoDraw = False
20.3093 	DATA 	wsqS
20.3248 	EXP 	whitesquare: autoDraw = True
20.3248 	EXP 	whitesquare: autoDraw = False
20.3256 	DATA 	wsqS
20.3421 	EXP 	whitesquare: autoDraw = True
20.3421 	EXP 	whitesquare: autoDraw = False
20.3428 	DATA 	wsqS
20.3582 	EXP 	whitesquare: autoDraw = True
20.3582 	EXP 	whitesquare: autoDraw = False
20.3591 	DATA 	wsqS
20.3751 	EXP 	whitesquare: autoDraw = True
20.3751 	EXP 	whitesquare: autoDraw = False
20.3759 	DATA 	wsqS
20.3916 	EXP 	whitesquare: autoDraw = True
20.3916 	EXP 	whitesquare: autoDraw = False
20.3923 	DATA 	wsqS
20.4085 	EXP 	whitesquare: autoDraw = True
20.4085 	EXP 	whitesquare: autoDraw = False
20.4094 	DATA 	wsqS
20.4247 	EXP 	whitesquare: autoDraw = True
20.4247 	EXP 	whitesquare: autoDraw = False
20.4255 	DATA 	wsqS
20.4423 	EXP 	whitesquare: autoDraw = True
20.4423 	EXP 	whitesquare: autoDraw = False
20.4430 	DATA 	wsqS
20.4581 	EXP 	whitesquare: autoDraw = True
20.4581 	EXP 	whitesquare: autoDraw = False
20.4588 	DATA 	wsqS
20.4753 	EXP 	whitesquare: autoDraw = True
20.4753 	EXP 	whitesquare: autoDraw = False
20.4760 	DATA 	wsqS
20.4915 	EXP 	whitesquare: autoDraw = True
20.4915 	EXP 	whitesquare: autoDraw = False
20.4923 	DATA 	wsqS
20.5085 	EXP 	whitesquare: autoDraw = True
20.5085 	EXP 	whitesquare: autoDraw = False
20.5092 	DATA 	wsqS
20.5248 	EXP 	whitesquare: autoDraw = True
20.5248 	EXP 	whitesquare: autoDraw = False
20.5255 	DATA 	wsqS
20.5421 	EXP 	whitesquare: autoDraw = True
20.5421 	EXP 	whitesquare: autoDraw = False
20.5428 	DATA 	wsqS
20.5582 	EXP 	whitesquare: autoDraw = True
20.5582 	EXP 	whitesquare: autoDraw = False
20.5589 	DATA 	wsqS
20.5752 	EXP 	whitesquare: autoDraw = True
20.5752 	EXP 	whitesquare: autoDraw = False
20.5760 	DATA 	wsqS
20.5917 	EXP 	whitesquare: autoDraw = True
20.5917 	EXP 	whitesquare: autoDraw = False
20.5928 	DATA 	wsqS
20.6086 	EXP 	whitesquare: autoDraw = True
20.6086 	EXP 	whitesquare: autoDraw = False
20.6093 	DATA 	wsqS
20.6249 	EXP 	whitesquare: autoDraw = True
20.6249 	EXP 	whitesquare: autoDraw = False
20.6258 	DATA 	wsqS
20.6422 	EXP 	whitesquare: autoDraw = True
20.6422 	EXP 	whitesquare: autoDraw = False
20.6430 	DATA 	wsqS
20.6582 	EXP 	whitesquare: autoDraw = True
20.6582 	EXP 	whitesquare: autoDraw = False
20.6590 	DATA 	wsqS
20.6755 	EXP 	whitesquare: autoDraw = True
20.6755 	EXP 	whitesquare: autoDraw = False
20.6762 	DATA 	wsqS
20.6916 	EXP 	whitesquare: autoDraw = True
20.6916 	EXP 	whitesquare: autoDraw = False
20.6924 	DATA 	wsqS
20.7087 	EXP 	whitesquare: autoDraw = True
20.7087 	EXP 	whitesquare: autoDraw = False
20.7094 	DATA 	wsqS
20.7095 	EXP 	Sound  started
21.7108 	EXP 	Sound  stopped
21.7112 	EXP 	Set  sound=./sound/left_speak.wav
21.7113 	EXP 	Set  sound=./sound/right_speak.wav
21.7114 	EXP 	Set  sound=./sound/up_speak.wav
21.7115 	EXP 	Set  sound=./sound/down_speak.wav
21.7258 	EXP 	whitesquare: autoDraw = True
21.7258 	EXP 	whitesquare: autoDraw = False
30.8963 	EXP 	esc: autoDraw = True
32.1696 	EXP 	window1: mouseVisible = True
