5.6289 	WARNING 	User requested fullscreen with size [1024  768], but screen is actually [1280, 800]. Using actual size
6.3592 	EXP 	Created window1 = Window(allowGUI=False, allowStencil=False, args=UNKNOWN, autoLog=True, bitsMode=UNKNOWN, blendMode='avg', color=array([-1., -1., -1.]), colorSpace='rgb', fullscr=UNKNOWN, gamma=None, kwargs=UNKNOWN, lms=UNKNOWN, monitor=<psychopy.monitors.calibTools.Monitor object at 0x112c07518>, multiSample=False, name='window1', numSamples=2, pos=[0.0, 0.0], screen=0, size=array([2560, 1600]), stereo=False, units='norm', useFBO=True, useRetina=True, viewOri=0.0, viewPos=None, viewScale=None, waitBlanking=True, winType='pyglet')
6.3593 	EXP 	window1: recordFrameIntervals = False
6.5244 	EXP 	window1: recordFrameIntervals = True
6.7082 	EXP 	window1: recordFrameIntervals = False
6.7162 	EXP 	<method-wrapper '__getattribute__' of attributeSetter object at 0x103dcd0f0>: vertices = array([[-0.25,  0.25],
       [ 0.25,  0.25],
       [ 0.25, -0.25],
       [-0.25, -0.25]])
6.7177 	EXP 	Created whitesquare = Rect(__class__=<class 'psychopy.visual.rect.Rect'>, autoDraw=False, autoLog=True, closeShape=True, contrast=1.0, depth=0.0, fillColor=array([1., 1., 1.]), fillColorSpace='rgb', fillRGB=array([1., 1., 1.]), interpolate=True, lineColor=array([1., 1., 1.]), lineColorSpace='rgb', lineRGB=array([1., 1., 1.]), lineWidth=1, name='whitesquare', opacity=0.9, ori=array(0.), pos=array([14.9, 11.2]), size=array([1., 1.]), units='cm', vertices=ndarray(...), win=Window(...))
6.8426 	EXP 	Created intro_text = TextStim(__class__=<class 'psychopy.visual.text.TextStim'>, alignHoriz='center', alignVert='center', antialias=True, autoLog=True, bold=False, color='white', colorSpace='named', contrast=1.0, depth=0.0, flipHoriz=False, flipVert=False, font='Arial', fontFiles=[], height=0.1, italic=False, name='intro_text', opacity=1.0, ori=0, pos=array([0., 0.]), rgb=array([255., 255., 255.]), text=str(...), units='norm', win=Window(...), wrapWidth=1)
6.8689 	EXP 	Created intro_text = TextStim(__class__=<class 'psychopy.visual.text.TextStim'>, alignHoriz='center', alignVert='center', antialias=True, autoLog=True, bold=False, color='white', colorSpace='named', contrast=1.0, depth=0.0, flipHoriz=False, flipVert=False, font='Arial', fontFiles=[], height=0.1, italic=False, name='intro_text', opacity=1.0, ori=0, pos=array([0., 0.]), rgb=array([255., 255., 255.]), text=str(...), units='norm', win=Window(...), wrapWidth=1)
6.8831 	EXP 	Created open_text = TextStim(__class__=<class 'psychopy.visual.text.TextStim'>, alignHoriz='center', alignVert='center', antialias=True, autoLog=True, bold=False, color='white', colorSpace='named', contrast=1.0, depth=0.0, flipHoriz=False, flipVert=False, font='Arial', fontFiles=[], height=0.1, italic=False, name='open_text', opacity=1.0, ori=0, pos=array([0., 0.]), rgb=array([255., 255., 255.]), text=str(...), units='norm', win=Window(...), wrapWidth=1)
6.8873 	EXP 	Created fixation = TextStim(__class__=<class 'psychopy.visual.text.TextStim'>, alignHoriz='center', alignVert='center', antialias=True, autoLog=True, bold=False, color='white', colorSpace='named', contrast=1.0, depth=-1.0, flipHoriz=False, flipVert=False, font='Arial', fontFiles=[], height=0.1, italic=False, name='fixation', opacity=1.0, ori=0, pos=array([0., 0.]), rgb=array([255., 255., 255.]), text='+\n', units='norm', win=Window(...), wrapWidth=1)
6.8988 	EXP 	Created close_text = TextStim(__class__=<class 'psychopy.visual.text.TextStim'>, alignHoriz='center', alignVert='center', antialias=True, autoLog=True, bold=False, color='white', colorSpace='named', contrast=1.0, depth=0.0, flipHoriz=False, flipVert=False, font='Arial', fontFiles=[], height=0.1, italic=False, name='close_text', opacity=1.0, ori=0, pos=array([0., 0.]), rgb=array([255., 255., 255.]), text=str(...), units='norm', win=Window(...), wrapWidth=1)
6.9033 	EXP 	Created blank = TextStim(__class__=<class 'psychopy.visual.text.TextStim'>, alignHoriz='center', alignVert='center', antialias=True, autoLog=True, bold=False, color='white', colorSpace='named', contrast=1.0, depth=-1.0, flipHoriz=False, flipVert=False, font='Arial', fontFiles=[], height=0.1, italic=False, name='blank', opacity=1.0, ori=0, pos=array([0., 0.]), rgb=array([255., 255., 255.]), text=' ', units='norm', win=Window(...), wrapWidth=1)
6.9673 	EXP 	Set  sound=./sound/open_speak.wav
6.9673 	EXP 	Set Sound  volume=1.000
6.9792 	EXP 	Created gaze_text = TextStim(__class__=<class 'psychopy.visual.text.TextStim'>, alignHoriz='center', alignVert='center', antialias=True, autoLog=True, bold=False, color='white', colorSpace='named', contrast=1.0, depth=0.0, flipHoriz=False, flipVert=False, font='Arial', fontFiles=[], height=0.1, italic=False, name='gaze_text', opacity=1.0, ori=0, pos=array([0., 0.]), rgb=array([255., 255., 255.]), text=str(...), units='norm', win=Window(...), wrapWidth=1)
6.9809 	EXP 	Created center = ShapeStim(__class__=<class 'psychopy.visual.shape.ShapeStim'>, autoDraw=False, autoLog=True, closeShape=True, contrast=1.0, depth=0.0, fillColor=array([1., 1., 1.]), fillColorSpace='rgb', interpolate=True, lineColor=array([1., 1., 1.]), lineColorSpace='rgb', lineWidth=1, name='center', opacity=1.0, ori=array(0.), pos=array([0., 0.]), size=array([0.5, 0.5]), units='cm', vertices=ndarray(...), win=Window(...), windingRule=None)
6.9817 	EXP 	Set  sound=./sound/left_speak.wav
6.9818 	EXP 	Set Sound  volume=1.000
6.9836 	EXP 	Created left = ShapeStim(__class__=<class 'psychopy.visual.shape.ShapeStim'>, autoDraw=False, autoLog=True, closeShape=True, contrast=1.0, depth=0.0, fillColor=array([1., 1., 1.]), fillColorSpace='rgb', interpolate=True, lineColor=array([1., 1., 1.]), lineColorSpace='rgb', lineWidth=1, name='left', opacity=1.0, ori=array(0.), pos=array([-14.,   0.]), size=array([0.5, 0.5]), units='cm', vertices=ndarray(...), win=Window(...), windingRule=None)
6.9845 	EXP 	Set  sound=./sound/right_speak.wav
6.9845 	EXP 	Set Sound  volume=1.000
6.9865 	EXP 	Created right = ShapeStim(__class__=<class 'psychopy.visual.shape.ShapeStim'>, autoDraw=False, autoLog=True, closeShape=True, contrast=1.0, depth=0.0, fillColor=array([1., 1., 1.]), fillColorSpace='rgb', interpolate=True, lineColor=array([1., 1., 1.]), lineColorSpace='rgb', lineWidth=1, name='right', opacity=1.0, ori=array(0.), pos=array([14.,  0.]), size=array([0.5, 0.5]), units='cm', vertices=ndarray(...), win=Window(...), windingRule=None)
6.9874 	EXP 	Set  sound=./sound/up_speak.wav
6.9874 	EXP 	Set Sound  volume=1.000
6.9895 	EXP 	Created up = ShapeStim(__class__=<class 'psychopy.visual.shape.ShapeStim'>, autoDraw=False, autoLog=True, closeShape=True, contrast=1.0, depth=0.0, fillColor=array([1., 1., 1.]), fillColorSpace='rgb', interpolate=True, lineColor=array([1., 1., 1.]), lineColorSpace='rgb', lineWidth=1, name='up', opacity=1.0, ori=array(0.), pos=array([ 0., 14.]), size=array([0.5, 0.5]), units='cm', vertices=ndarray(...), win=Window(...), windingRule=None)
6.9904 	EXP 	Set  sound=./sound/down_speak.wav
6.9905 	EXP 	Set Sound  volume=1.000
6.9923 	EXP 	Created down = ShapeStim(__class__=<class 'psychopy.visual.shape.ShapeStim'>, autoDraw=False, autoLog=True, closeShape=True, contrast=1.0, depth=0.0, fillColor=array([1., 1., 1.]), fillColorSpace='rgb', interpolate=True, lineColor=array([1., 1., 1.]), lineColorSpace='rgb', lineWidth=1, name='down', opacity=1.0, ori=array(0.), pos=array([  0., -14.]), size=array([0.5, 0.5]), units='cm', vertices=ndarray(...), win=Window(...), windingRule=None)
7.0012 	EXP 	Created esc = TextStim(__class__=<class 'psychopy.visual.text.TextStim'>, alignHoriz='center', alignVert='center', antialias=True, autoLog=True, bold=False, color='white', colorSpace='named', contrast=1.0, depth=0.0, flipHoriz=False, flipVert=False, font='Arial', fontFiles=[], height=0.1, italic=False, name='esc', opacity=1.0, ori=0, pos=array([0., 0.]), rgb=array([255., 255., 255.]), text="End of test\n\nPress 'esc'", units='norm', win=Window(...), wrapWidth=1)
7.0251 	EXP 	intro_text: autoDraw = True
7.0251 	EXP 	whitesquare: autoDraw = True
7.5783 	DATA 	Keypress: space
7.5906 	EXP 	intro_text: autoDraw = False
7.5906 	EXP 	whitesquare: autoDraw = False
7.5906 	EXP 	intro_text: autoDraw = True
7.8433 	DATA 	Keypress: space
7.8581 	EXP 	intro_text: autoDraw = False
7.8581 	EXP 	open_text: autoDraw = True
11.8432 	DATA 	wsqS
11.8603 	EXP 	open_text: autoDraw = False
11.8603 	EXP 	fixation: autoDraw = True
11.8603 	EXP 	whitesquare: autoDraw = True
11.8763 	EXP 	whitesquare: autoDraw = False
11.8932 	EXP 	whitesquare: autoDraw = False
11.9098 	EXP 	whitesquare: autoDraw = False
11.9265 	EXP 	whitesquare: autoDraw = False
11.9427 	EXP 	whitesquare: autoDraw = False
11.9602 	EXP 	whitesquare: autoDraw = False
11.9767 	EXP 	whitesquare: autoDraw = False
11.9932 	EXP 	whitesquare: autoDraw = False
12.0099 	EXP 	whitesquare: autoDraw = False
12.0267 	EXP 	whitesquare: autoDraw = False
12.0425 	EXP 	whitesquare: autoDraw = False
12.0604 	EXP 	whitesquare: autoDraw = False
12.0763 	EXP 	whitesquare: autoDraw = False
12.0932 	EXP 	whitesquare: autoDraw = False
12.1099 	EXP 	whitesquare: autoDraw = False
12.1274 	EXP 	whitesquare: autoDraw = False
12.1943 	EXP 	whitesquare: autoDraw = False
12.2115 	EXP 	whitesquare: autoDraw = False
12.2272 	EXP 	whitesquare: autoDraw = False
12.2434 	EXP 	whitesquare: autoDraw = False
12.2598 	EXP 	whitesquare: autoDraw = False
12.2771 	EXP 	whitesquare: autoDraw = False
12.2930 	EXP 	whitesquare: autoDraw = False
12.3105 	EXP 	whitesquare: autoDraw = False
12.3264 	EXP 	whitesquare: autoDraw = False
12.3434 	EXP 	whitesquare: autoDraw = False
12.3600 	EXP 	whitesquare: autoDraw = False
12.3772 	EXP 	whitesquare: autoDraw = False
12.3928 	EXP 	whitesquare: autoDraw = False
12.4105 	EXP 	whitesquare: autoDraw = False
12.4266 	EXP 	whitesquare: autoDraw = False
12.4431 	EXP 	whitesquare: autoDraw = False
12.4603 	EXP 	whitesquare: autoDraw = False
12.4770 	EXP 	whitesquare: autoDraw = False
12.4931 	EXP 	whitesquare: autoDraw = False
12.5105 	EXP 	whitesquare: autoDraw = False
12.5267 	EXP 	whitesquare: autoDraw = False
12.5438 	EXP 	whitesquare: autoDraw = False
12.5600 	EXP 	whitesquare: autoDraw = False
12.5772 	EXP 	whitesquare: autoDraw = False
12.5930 	EXP 	whitesquare: autoDraw = False
12.6105 	EXP 	whitesquare: autoDraw = False
12.6267 	EXP 	whitesquare: autoDraw = False
12.6436 	EXP 	whitesquare: autoDraw = False
12.6600 	EXP 	whitesquare: autoDraw = False
12.6772 	EXP 	whitesquare: autoDraw = False
12.6933 	EXP 	whitesquare: autoDraw = False
12.7108 	EXP 	whitesquare: autoDraw = False
12.7266 	EXP 	whitesquare: autoDraw = False
12.7437 	EXP 	whitesquare: autoDraw = False
12.7602 	EXP 	whitesquare: autoDraw = False
12.7773 	EXP 	whitesquare: autoDraw = False
12.7933 	EXP 	whitesquare: autoDraw = False
12.8107 	EXP 	whitesquare: autoDraw = False
12.8267 	EXP 	whitesquare: autoDraw = False
12.8438 	EXP 	whitesquare: autoDraw = False
12.8602 	EXP 	whitesquare: autoDraw = False
12.8772 	EXP 	whitesquare: autoDraw = False
12.8934 	EXP 	whitesquare: autoDraw = False
12.9107 	EXP 	whitesquare: autoDraw = False
12.9270 	EXP 	whitesquare: autoDraw = False
12.9439 	EXP 	whitesquare: autoDraw = False
12.9605 	EXP 	whitesquare: autoDraw = False
12.9774 	EXP 	whitesquare: autoDraw = False
12.9936 	EXP 	whitesquare: autoDraw = False
13.0106 	EXP 	whitesquare: autoDraw = False
13.0270 	EXP 	whitesquare: autoDraw = False
13.0435 	EXP 	whitesquare: autoDraw = False
13.0603 	EXP 	whitesquare: autoDraw = False
13.0776 	EXP 	whitesquare: autoDraw = False
13.0937 	EXP 	whitesquare: autoDraw = False
13.1107 	EXP 	whitesquare: autoDraw = False
13.1268 	EXP 	whitesquare: autoDraw = False
13.1439 	EXP 	whitesquare: autoDraw = False
13.1604 	EXP 	whitesquare: autoDraw = False
13.1776 	EXP 	whitesquare: autoDraw = False
13.1936 	EXP 	whitesquare: autoDraw = False
13.2102 	EXP 	whitesquare: autoDraw = False
13.2271 	EXP 	whitesquare: autoDraw = False
13.2442 	EXP 	whitesquare: autoDraw = False
13.2607 	EXP 	whitesquare: autoDraw = False
13.2777 	EXP 	whitesquare: autoDraw = False
13.2941 	EXP 	whitesquare: autoDraw = False
13.3111 	EXP 	whitesquare: autoDraw = False
13.3278 	EXP 	whitesquare: autoDraw = False
13.3437 	EXP 	whitesquare: autoDraw = False
13.3604 	EXP 	whitesquare: autoDraw = False
13.3776 	EXP 	whitesquare: autoDraw = False
13.3938 	EXP 	whitesquare: autoDraw = False
13.4112 	EXP 	whitesquare: autoDraw = False
13.4276 	EXP 	whitesquare: autoDraw = False
13.4446 	EXP 	whitesquare: autoDraw = False
13.4607 	EXP 	whitesquare: autoDraw = False
13.4777 	EXP 	whitesquare: autoDraw = False
13.4941 	EXP 	whitesquare: autoDraw = False
13.5114 	EXP 	whitesquare: autoDraw = False
13.5276 	EXP 	whitesquare: autoDraw = False
13.5443 	EXP 	whitesquare: autoDraw = False
13.5605 	EXP 	whitesquare: autoDraw = False
13.5777 	EXP 	whitesquare: autoDraw = False
13.5940 	EXP 	whitesquare: autoDraw = False
13.6113 	EXP 	whitesquare: autoDraw = False
13.6274 	EXP 	whitesquare: autoDraw = False
13.6448 	EXP 	whitesquare: autoDraw = False
13.6607 	EXP 	whitesquare: autoDraw = False
13.6783 	EXP 	whitesquare: autoDraw = False
13.6942 	EXP 	whitesquare: autoDraw = False
13.7115 	EXP 	whitesquare: autoDraw = False
13.7277 	EXP 	whitesquare: autoDraw = False
13.7445 	EXP 	whitesquare: autoDraw = False
13.7609 	EXP 	whitesquare: autoDraw = False
13.7782 	EXP 	whitesquare: autoDraw = False
13.7942 	EXP 	whitesquare: autoDraw = False
13.8112 	EXP 	whitesquare: autoDraw = False
13.8277 	EXP 	whitesquare: autoDraw = False
13.8444 	EXP 	whitesquare: autoDraw = False
13.8611 	EXP 	whitesquare: autoDraw = False
13.8782 	EXP 	whitesquare: autoDraw = False
13.8943 	EXP 	whitesquare: autoDraw = False
13.9109 	EXP 	whitesquare: autoDraw = False
13.9275 	EXP 	whitesquare: autoDraw = False
13.9450 	EXP 	whitesquare: autoDraw = False
13.9609 	EXP 	whitesquare: autoDraw = False
13.9783 	EXP 	whitesquare: autoDraw = False
13.9944 	EXP 	whitesquare: autoDraw = False
14.0113 	EXP 	whitesquare: autoDraw = False
14.0279 	EXP 	whitesquare: autoDraw = False
14.0448 	EXP 	whitesquare: autoDraw = False
14.0610 	EXP 	whitesquare: autoDraw = False
14.0786 	EXP 	whitesquare: autoDraw = False
14.0946 	EXP 	whitesquare: autoDraw = False
14.1118 	EXP 	whitesquare: autoDraw = False
14.1283 	EXP 	whitesquare: autoDraw = False
14.1454 	EXP 	whitesquare: autoDraw = False
14.1611 	EXP 	whitesquare: autoDraw = False
14.1783 	EXP 	whitesquare: autoDraw = False
14.1941 	EXP 	whitesquare: autoDraw = False
14.2108 	EXP 	whitesquare: autoDraw = False
14.2271 	EXP 	whitesquare: autoDraw = False
14.2443 	EXP 	whitesquare: autoDraw = False
14.2608 	EXP 	whitesquare: autoDraw = False
14.2778 	EXP 	whitesquare: autoDraw = False
14.2940 	EXP 	whitesquare: autoDraw = False
14.3117 	EXP 	whitesquare: autoDraw = False
14.3276 	EXP 	whitesquare: autoDraw = False
14.3445 	EXP 	whitesquare: autoDraw = False
14.3613 	EXP 	whitesquare: autoDraw = False
14.3782 	EXP 	whitesquare: autoDraw = False
14.3941 	EXP 	whitesquare: autoDraw = False
14.4117 	EXP 	whitesquare: autoDraw = False
14.4278 	EXP 	whitesquare: autoDraw = False
14.4446 	EXP 	whitesquare: autoDraw = False
14.4613 	EXP 	whitesquare: autoDraw = False
14.4784 	EXP 	whitesquare: autoDraw = False
14.4942 	EXP 	whitesquare: autoDraw = False
14.5118 	EXP 	whitesquare: autoDraw = False
14.5277 	EXP 	whitesquare: autoDraw = False
14.5445 	EXP 	whitesquare: autoDraw = False
14.5613 	EXP 	whitesquare: autoDraw = False
14.5782 	EXP 	whitesquare: autoDraw = False
14.5942 	EXP 	whitesquare: autoDraw = False
14.6120 	EXP 	whitesquare: autoDraw = False
14.6278 	EXP 	whitesquare: autoDraw = False
14.6448 	EXP 	whitesquare: autoDraw = False
14.6612 	EXP 	whitesquare: autoDraw = False
14.6782 	EXP 	whitesquare: autoDraw = False
14.6946 	EXP 	whitesquare: autoDraw = False
14.7119 	EXP 	whitesquare: autoDraw = False
14.7276 	EXP 	whitesquare: autoDraw = False
14.7451 	EXP 	whitesquare: autoDraw = False
14.7615 	EXP 	whitesquare: autoDraw = False
14.7783 	EXP 	whitesquare: autoDraw = False
14.7943 	EXP 	whitesquare: autoDraw = False
14.8118 	EXP 	whitesquare: autoDraw = False
14.8278 	EXP 	whitesquare: autoDraw = False
14.8450 	EXP 	whitesquare: autoDraw = False
14.8613 	EXP 	whitesquare: autoDraw = False
14.8782 	EXP 	whitesquare: autoDraw = False
14.8945 	EXP 	whitesquare: autoDraw = False
14.9120 	EXP 	whitesquare: autoDraw = False
14.9278 	EXP 	whitesquare: autoDraw = False
14.9455 	EXP 	whitesquare: autoDraw = False
14.9614 	EXP 	whitesquare: autoDraw = False
14.9782 	EXP 	whitesquare: autoDraw = False
14.9945 	EXP 	whitesquare: autoDraw = False
15.0117 	EXP 	whitesquare: autoDraw = False
15.0280 	EXP 	whitesquare: autoDraw = False
15.0450 	EXP 	whitesquare: autoDraw = False
15.0614 	EXP 	whitesquare: autoDraw = False
15.0783 	EXP 	whitesquare: autoDraw = False
15.0945 	EXP 	whitesquare: autoDraw = False
15.1123 	EXP 	whitesquare: autoDraw = False
15.1279 	EXP 	whitesquare: autoDraw = False
15.1450 	EXP 	whitesquare: autoDraw = False
15.1615 	EXP 	whitesquare: autoDraw = False
15.1784 	EXP 	whitesquare: autoDraw = False
15.1945 	EXP 	whitesquare: autoDraw = False
15.2120 	EXP 	whitesquare: autoDraw = False
15.2279 	EXP 	whitesquare: autoDraw = False
15.2452 	EXP 	whitesquare: autoDraw = False
15.2616 	EXP 	whitesquare: autoDraw = False
15.2784 	EXP 	whitesquare: autoDraw = False
15.2947 	EXP 	whitesquare: autoDraw = False
15.3121 	EXP 	whitesquare: autoDraw = False
15.3280 	EXP 	whitesquare: autoDraw = False
15.3450 	EXP 	whitesquare: autoDraw = False
15.3618 	EXP 	whitesquare: autoDraw = False
15.3785 	EXP 	whitesquare: autoDraw = False
15.3947 	EXP 	whitesquare: autoDraw = False
15.4121 	EXP 	whitesquare: autoDraw = False
15.4280 	EXP 	whitesquare: autoDraw = False
15.4451 	EXP 	whitesquare: autoDraw = False
15.4617 	EXP 	whitesquare: autoDraw = False
15.4785 	EXP 	whitesquare: autoDraw = False
15.4947 	EXP 	whitesquare: autoDraw = False
15.5122 	EXP 	whitesquare: autoDraw = False
15.5280 	EXP 	whitesquare: autoDraw = False
15.5452 	EXP 	whitesquare: autoDraw = False
15.5619 	EXP 	whitesquare: autoDraw = False
15.5786 	EXP 	whitesquare: autoDraw = False
15.5946 	EXP 	whitesquare: autoDraw = False
15.6122 	EXP 	whitesquare: autoDraw = False
15.6284 	EXP 	whitesquare: autoDraw = False
15.6452 	EXP 	whitesquare: autoDraw = False
15.6618 	EXP 	whitesquare: autoDraw = False
15.6786 	EXP 	whitesquare: autoDraw = False
15.6948 	EXP 	whitesquare: autoDraw = False
15.7123 	EXP 	whitesquare: autoDraw = False
15.7283 	EXP 	whitesquare: autoDraw = False
15.7452 	EXP 	whitesquare: autoDraw = False
15.7618 	EXP 	whitesquare: autoDraw = False
15.7787 	EXP 	whitesquare: autoDraw = False
15.7949 	EXP 	whitesquare: autoDraw = False
15.8123 	EXP 	whitesquare: autoDraw = False
15.8284 	EXP 	whitesquare: autoDraw = False
15.8453 	EXP 	whitesquare: autoDraw = False
15.8618 	EXP 	whitesquare: autoDraw = False
15.8787 	EXP 	whitesquare: autoDraw = False
15.8948 	EXP 	whitesquare: autoDraw = False
15.9125 	EXP 	whitesquare: autoDraw = False
15.9281 	EXP 	whitesquare: autoDraw = False
15.9456 	EXP 	whitesquare: autoDraw = False
15.9619 	EXP 	whitesquare: autoDraw = False
15.9787 	EXP 	whitesquare: autoDraw = False
15.9949 	EXP 	whitesquare: autoDraw = False
16.0126 	EXP 	whitesquare: autoDraw = False
16.0281 	EXP 	whitesquare: autoDraw = False
16.0454 	EXP 	whitesquare: autoDraw = False
16.0619 	EXP 	whitesquare: autoDraw = False
16.0787 	EXP 	whitesquare: autoDraw = False
16.0950 	EXP 	whitesquare: autoDraw = False
16.1125 	EXP 	whitesquare: autoDraw = False
16.1283 	EXP 	whitesquare: autoDraw = False
16.1454 	EXP 	whitesquare: autoDraw = False
16.1620 	EXP 	whitesquare: autoDraw = False
16.1789 	EXP 	whitesquare: autoDraw = False
16.1950 	EXP 	whitesquare: autoDraw = False
16.2125 	EXP 	whitesquare: autoDraw = False
16.2283 	EXP 	whitesquare: autoDraw = False
16.2454 	EXP 	whitesquare: autoDraw = False
16.2619 	EXP 	whitesquare: autoDraw = False
16.2791 	EXP 	whitesquare: autoDraw = False
16.2950 	EXP 	whitesquare: autoDraw = False
16.3126 	EXP 	whitesquare: autoDraw = False
16.3284 	EXP 	whitesquare: autoDraw = False
16.3454 	EXP 	whitesquare: autoDraw = False
16.3622 	EXP 	whitesquare: autoDraw = False
16.3788 	EXP 	whitesquare: autoDraw = False
16.3950 	EXP 	whitesquare: autoDraw = False
16.4125 	EXP 	whitesquare: autoDraw = False
16.4286 	EXP 	whitesquare: autoDraw = False
16.4454 	EXP 	whitesquare: autoDraw = False
16.4621 	EXP 	whitesquare: autoDraw = False
16.4791 	EXP 	whitesquare: autoDraw = False
16.4951 	EXP 	whitesquare: autoDraw = False
16.5126 	EXP 	whitesquare: autoDraw = False
16.5284 	EXP 	whitesquare: autoDraw = False
16.5455 	EXP 	whitesquare: autoDraw = False
16.5622 	EXP 	whitesquare: autoDraw = False
16.5790 	EXP 	whitesquare: autoDraw = False
16.5951 	EXP 	whitesquare: autoDraw = False
16.6127 	EXP 	whitesquare: autoDraw = False
16.6287 	EXP 	whitesquare: autoDraw = False
16.6455 	EXP 	whitesquare: autoDraw = False
16.6621 	EXP 	whitesquare: autoDraw = False
16.6789 	EXP 	whitesquare: autoDraw = False
16.6952 	EXP 	whitesquare: autoDraw = False
16.7126 	EXP 	whitesquare: autoDraw = False
16.7284 	EXP 	whitesquare: autoDraw = False
16.7460 	EXP 	whitesquare: autoDraw = False
16.7621 	EXP 	whitesquare: autoDraw = False
16.7790 	EXP 	whitesquare: autoDraw = False
16.7952 	EXP 	whitesquare: autoDraw = False
16.8127 	EXP 	whitesquare: autoDraw = False
16.8285 	EXP 	whitesquare: autoDraw = False
16.8455 	EXP 	whitesquare: autoDraw = False
16.8623 	EXP 	whitesquare: autoDraw = False
16.8791 	EXP 	whitesquare: autoDraw = False
16.8953 	EXP 	whitesquare: autoDraw = False
16.8968 	EXP 	Set  sound=./sound/open_speak.wav
16.9127 	EXP 	whitesquare: autoDraw = False
16.9127 	EXP 	fixation: autoDraw = False
16.9127 	EXP 	open_text: autoDraw = False
16.9127 	EXP 	fixation: autoDraw = False
16.9127 	EXP 	close_text: autoDraw = True
20.9149 	DATA 	wsqS
20.9305 	EXP 	close_text: autoDraw = False
20.9305 	EXP 	blank: autoDraw = True
20.9305 	EXP 	whitesquare: autoDraw = True
20.9468 	EXP 	whitesquare: autoDraw = False
20.9643 	EXP 	whitesquare: autoDraw = False
20.9801 	EXP 	whitesquare: autoDraw = False
20.9970 	EXP 	whitesquare: autoDraw = False
21.0140 	EXP 	whitesquare: autoDraw = False
21.0305 	EXP 	whitesquare: autoDraw = False
21.0467 	EXP 	whitesquare: autoDraw = False
21.0646 	EXP 	whitesquare: autoDraw = False
21.0801 	EXP 	whitesquare: autoDraw = False
21.0971 	EXP 	whitesquare: autoDraw = False
21.1141 	EXP 	whitesquare: autoDraw = False
21.1305 	EXP 	whitesquare: autoDraw = False
21.1470 	EXP 	whitesquare: autoDraw = False
21.1644 	EXP 	whitesquare: autoDraw = False
21.1803 	EXP 	whitesquare: autoDraw = False
21.1971 	EXP 	whitesquare: autoDraw = False
21.2143 	EXP 	whitesquare: autoDraw = False
21.2306 	EXP 	whitesquare: autoDraw = False
21.2469 	EXP 	whitesquare: autoDraw = False
21.2645 	EXP 	whitesquare: autoDraw = False
21.2802 	EXP 	whitesquare: autoDraw = False
21.2972 	EXP 	whitesquare: autoDraw = False
21.3142 	EXP 	whitesquare: autoDraw = False
21.3307 	EXP 	whitesquare: autoDraw = False
21.3468 	EXP 	whitesquare: autoDraw = False
21.3649 	EXP 	whitesquare: autoDraw = False
21.3802 	EXP 	whitesquare: autoDraw = False
21.3972 	EXP 	whitesquare: autoDraw = False
21.4143 	EXP 	whitesquare: autoDraw = False
21.4307 	EXP 	whitesquare: autoDraw = False
21.4469 	EXP 	whitesquare: autoDraw = False
21.4647 	EXP 	whitesquare: autoDraw = False
21.4804 	EXP 	whitesquare: autoDraw = False
21.4972 	EXP 	whitesquare: autoDraw = False
21.5147 	EXP 	whitesquare: autoDraw = False
21.5308 	EXP 	whitesquare: autoDraw = False
21.5469 	EXP 	whitesquare: autoDraw = False
21.5646 	EXP 	whitesquare: autoDraw = False
21.5804 	EXP 	whitesquare: autoDraw = False
21.5974 	EXP 	whitesquare: autoDraw = False
21.6144 	EXP 	whitesquare: autoDraw = False
21.6308 	EXP 	whitesquare: autoDraw = False
21.6470 	EXP 	whitesquare: autoDraw = False
21.6648 	EXP 	whitesquare: autoDraw = False
21.6804 	EXP 	whitesquare: autoDraw = False
21.6974 	EXP 	whitesquare: autoDraw = False
21.7151 	EXP 	whitesquare: autoDraw = False
21.7308 	EXP 	whitesquare: autoDraw = False
21.7472 	EXP 	whitesquare: autoDraw = False
21.7647 	EXP 	whitesquare: autoDraw = False
21.7805 	EXP 	whitesquare: autoDraw = False
21.7974 	EXP 	whitesquare: autoDraw = False
21.8150 	EXP 	whitesquare: autoDraw = False
21.8309 	EXP 	whitesquare: autoDraw = False
21.8471 	EXP 	whitesquare: autoDraw = False
21.8649 	EXP 	whitesquare: autoDraw = False
21.8806 	EXP 	whitesquare: autoDraw = False
21.8977 	EXP 	whitesquare: autoDraw = False
21.9146 	EXP 	whitesquare: autoDraw = False
21.9309 	EXP 	whitesquare: autoDraw = False
21.9478 	EXP 	whitesquare: autoDraw = False
21.9648 	EXP 	whitesquare: autoDraw = False
21.9807 	EXP 	whitesquare: autoDraw = False
21.9977 	EXP 	whitesquare: autoDraw = False
22.0147 	EXP 	whitesquare: autoDraw = False
22.0312 	EXP 	whitesquare: autoDraw = False
22.0471 	EXP 	whitesquare: autoDraw = False
22.0652 	EXP 	whitesquare: autoDraw = False
22.0806 	EXP 	whitesquare: autoDraw = False
22.0977 	EXP 	whitesquare: autoDraw = False
22.1145 	EXP 	whitesquare: autoDraw = False
22.1311 	EXP 	whitesquare: autoDraw = False
22.1472 	EXP 	whitesquare: autoDraw = False
22.1650 	EXP 	whitesquare: autoDraw = False
22.1807 	EXP 	whitesquare: autoDraw = False
22.1976 	EXP 	whitesquare: autoDraw = False
22.2148 	EXP 	whitesquare: autoDraw = False
22.2311 	EXP 	whitesquare: autoDraw = False
22.2474 	EXP 	whitesquare: autoDraw = False
22.2649 	EXP 	whitesquare: autoDraw = False
22.2810 	EXP 	whitesquare: autoDraw = False
22.2976 	EXP 	whitesquare: autoDraw = False
22.3150 	EXP 	whitesquare: autoDraw = False
22.3311 	EXP 	whitesquare: autoDraw = False
22.3473 	EXP 	whitesquare: autoDraw = False
22.3651 	EXP 	whitesquare: autoDraw = False
22.3808 	EXP 	whitesquare: autoDraw = False
22.3978 	EXP 	whitesquare: autoDraw = False
22.4150 	EXP 	whitesquare: autoDraw = False
22.4312 	EXP 	whitesquare: autoDraw = False
22.4474 	EXP 	whitesquare: autoDraw = False
22.4650 	EXP 	whitesquare: autoDraw = False
22.4809 	EXP 	whitesquare: autoDraw = False
22.4978 	EXP 	whitesquare: autoDraw = False
22.5150 	EXP 	whitesquare: autoDraw = False
22.5312 	EXP 	whitesquare: autoDraw = False
22.5475 	EXP 	whitesquare: autoDraw = False
22.5650 	EXP 	whitesquare: autoDraw = False
22.5809 	EXP 	whitesquare: autoDraw = False
22.5982 	EXP 	whitesquare: autoDraw = False
22.6151 	EXP 	whitesquare: autoDraw = False
22.6314 	EXP 	whitesquare: autoDraw = False
22.6475 	EXP 	whitesquare: autoDraw = False
22.6652 	EXP 	whitesquare: autoDraw = False
22.6809 	EXP 	whitesquare: autoDraw = False
22.6979 	EXP 	whitesquare: autoDraw = False
22.7152 	EXP 	whitesquare: autoDraw = False
22.7313 	EXP 	whitesquare: autoDraw = False
22.7475 	EXP 	whitesquare: autoDraw = False
22.7652 	EXP 	whitesquare: autoDraw = False
22.7811 	EXP 	whitesquare: autoDraw = False
22.7979 	EXP 	whitesquare: autoDraw = False
22.8153 	EXP 	whitesquare: autoDraw = False
22.8313 	EXP 	whitesquare: autoDraw = False
22.8476 	EXP 	whitesquare: autoDraw = False
22.8652 	EXP 	whitesquare: autoDraw = False
22.8810 	EXP 	whitesquare: autoDraw = False
22.8980 	EXP 	whitesquare: autoDraw = False
22.9152 	EXP 	whitesquare: autoDraw = False
22.9316 	EXP 	whitesquare: autoDraw = False
22.9477 	EXP 	whitesquare: autoDraw = False
22.9653 	EXP 	whitesquare: autoDraw = False
22.9811 	EXP 	whitesquare: autoDraw = False
22.9980 	EXP 	whitesquare: autoDraw = False
23.0155 	EXP 	whitesquare: autoDraw = False
23.0315 	EXP 	whitesquare: autoDraw = False
23.0477 	EXP 	whitesquare: autoDraw = False
23.0657 	EXP 	whitesquare: autoDraw = False
23.0810 	EXP 	whitesquare: autoDraw = False
23.0980 	EXP 	whitesquare: autoDraw = False
23.1155 	EXP 	whitesquare: autoDraw = False
23.1318 	EXP 	whitesquare: autoDraw = False
23.1476 	EXP 	whitesquare: autoDraw = False
23.1654 	EXP 	whitesquare: autoDraw = False
23.1812 	EXP 	whitesquare: autoDraw = False
23.1981 	EXP 	whitesquare: autoDraw = False
23.2153 	EXP 	whitesquare: autoDraw = False
23.2323 	EXP 	whitesquare: autoDraw = False
23.2480 	EXP 	whitesquare: autoDraw = False
23.2659 	EXP 	whitesquare: autoDraw = False
23.2814 	EXP 	whitesquare: autoDraw = False
23.2985 	EXP 	whitesquare: autoDraw = False
23.3157 	EXP 	whitesquare: autoDraw = False
23.3321 	EXP 	whitesquare: autoDraw = False
23.3483 	EXP 	whitesquare: autoDraw = False
23.3651 	EXP 	whitesquare: autoDraw = False
23.3821 	EXP 	whitesquare: autoDraw = False
23.3990 	EXP 	whitesquare: autoDraw = False
23.4155 	EXP 	whitesquare: autoDraw = False
23.4323 	EXP 	whitesquare: autoDraw = False
23.4481 	EXP 	whitesquare: autoDraw = False
23.4663 	EXP 	whitesquare: autoDraw = False
23.4820 	EXP 	whitesquare: autoDraw = False
23.4987 	EXP 	whitesquare: autoDraw = False
23.5155 	EXP 	whitesquare: autoDraw = False
23.5325 	EXP 	whitesquare: autoDraw = False
23.5481 	EXP 	whitesquare: autoDraw = False
23.5660 	EXP 	whitesquare: autoDraw = False
23.5821 	EXP 	whitesquare: autoDraw = False
23.5992 	EXP 	whitesquare: autoDraw = False
23.6155 	EXP 	whitesquare: autoDraw = False
23.6326 	EXP 	whitesquare: autoDraw = False
23.6483 	EXP 	whitesquare: autoDraw = False
23.6659 	EXP 	whitesquare: autoDraw = False
23.6818 	EXP 	whitesquare: autoDraw = False
23.6987 	EXP 	whitesquare: autoDraw = False
23.7159 	EXP 	whitesquare: autoDraw = False
23.7322 	EXP 	whitesquare: autoDraw = False
23.7482 	EXP 	whitesquare: autoDraw = False
23.7659 	EXP 	whitesquare: autoDraw = False
23.7823 	EXP 	whitesquare: autoDraw = False
23.7992 	EXP 	whitesquare: autoDraw = False
23.8163 	EXP 	whitesquare: autoDraw = False
23.8325 	EXP 	whitesquare: autoDraw = False
23.8489 	EXP 	whitesquare: autoDraw = False
23.8661 	EXP 	whitesquare: autoDraw = False
23.8823 	EXP 	whitesquare: autoDraw = False
23.8992 	EXP 	whitesquare: autoDraw = False
23.9162 	EXP 	whitesquare: autoDraw = False
23.9323 	EXP 	whitesquare: autoDraw = False
23.9489 	EXP 	whitesquare: autoDraw = False
23.9668 	EXP 	whitesquare: autoDraw = False
23.9816 	EXP 	whitesquare: autoDraw = False
23.9993 	EXP 	whitesquare: autoDraw = False
24.0159 	EXP 	whitesquare: autoDraw = False
24.0321 	EXP 	whitesquare: autoDraw = False
24.0483 	EXP 	whitesquare: autoDraw = False
24.0667 	EXP 	whitesquare: autoDraw = False
24.0818 	EXP 	whitesquare: autoDraw = False
24.0988 	EXP 	whitesquare: autoDraw = False
24.1163 	EXP 	whitesquare: autoDraw = False
24.1322 	EXP 	whitesquare: autoDraw = False
24.1483 	EXP 	whitesquare: autoDraw = False
24.1661 	EXP 	whitesquare: autoDraw = False
24.1824 	EXP 	whitesquare: autoDraw = False
24.1995 	EXP 	whitesquare: autoDraw = False
24.2163 	EXP 	whitesquare: autoDraw = False
24.2324 	EXP 	whitesquare: autoDraw = False
24.2483 	EXP 	whitesquare: autoDraw = False
24.2660 	EXP 	whitesquare: autoDraw = False
24.2816 	EXP 	whitesquare: autoDraw = False
24.2986 	EXP 	whitesquare: autoDraw = False
24.3158 	EXP 	whitesquare: autoDraw = False
24.3320 	EXP 	whitesquare: autoDraw = False
24.3483 	EXP 	whitesquare: autoDraw = False
24.3659 	EXP 	whitesquare: autoDraw = False
24.3818 	EXP 	whitesquare: autoDraw = False
24.3986 	EXP 	whitesquare: autoDraw = False
24.4160 	EXP 	whitesquare: autoDraw = False
24.4321 	EXP 	whitesquare: autoDraw = False
24.4483 	EXP 	whitesquare: autoDraw = False
24.4659 	EXP 	whitesquare: autoDraw = False
24.4818 	EXP 	whitesquare: autoDraw = False
24.4987 	EXP 	whitesquare: autoDraw = False
24.5159 	EXP 	whitesquare: autoDraw = False
24.5322 	EXP 	whitesquare: autoDraw = False
24.5486 	EXP 	whitesquare: autoDraw = False
24.5659 	EXP 	whitesquare: autoDraw = False
24.5823 	EXP 	whitesquare: autoDraw = False
24.5988 	EXP 	whitesquare: autoDraw = False
24.6162 	EXP 	whitesquare: autoDraw = False
24.6322 	EXP 	whitesquare: autoDraw = False
24.6484 	EXP 	whitesquare: autoDraw = False
24.6661 	EXP 	whitesquare: autoDraw = False
24.6819 	EXP 	whitesquare: autoDraw = False
24.6987 	EXP 	whitesquare: autoDraw = False
24.7159 	EXP 	whitesquare: autoDraw = False
24.7323 	EXP 	whitesquare: autoDraw = False
24.7485 	EXP 	whitesquare: autoDraw = False
24.7663 	EXP 	whitesquare: autoDraw = False
24.7819 	EXP 	whitesquare: autoDraw = False
24.7989 	EXP 	whitesquare: autoDraw = False
24.8162 	EXP 	whitesquare: autoDraw = False
24.8323 	EXP 	whitesquare: autoDraw = False
24.8486 	EXP 	whitesquare: autoDraw = False
24.8662 	EXP 	whitesquare: autoDraw = False
24.8820 	EXP 	whitesquare: autoDraw = False
24.8989 	EXP 	whitesquare: autoDraw = False
24.9159 	EXP 	whitesquare: autoDraw = False
24.9323 	EXP 	whitesquare: autoDraw = False
24.9485 	EXP 	whitesquare: autoDraw = False
24.9663 	EXP 	whitesquare: autoDraw = False
24.9820 	EXP 	whitesquare: autoDraw = False
24.9993 	EXP 	whitesquare: autoDraw = False
25.0162 	EXP 	whitesquare: autoDraw = False
25.0325 	EXP 	whitesquare: autoDraw = False
25.0486 	EXP 	whitesquare: autoDraw = False
25.0665 	EXP 	whitesquare: autoDraw = False
25.0821 	EXP 	whitesquare: autoDraw = False
25.0990 	EXP 	whitesquare: autoDraw = False
25.1161 	EXP 	whitesquare: autoDraw = False
25.1324 	EXP 	whitesquare: autoDraw = False
25.1487 	EXP 	whitesquare: autoDraw = False
25.1664 	EXP 	whitesquare: autoDraw = False
25.1821 	EXP 	whitesquare: autoDraw = False
25.1990 	EXP 	whitesquare: autoDraw = False
25.2160 	EXP 	whitesquare: autoDraw = False
25.2325 	EXP 	whitesquare: autoDraw = False
25.2487 	EXP 	whitesquare: autoDraw = False
25.2664 	EXP 	whitesquare: autoDraw = False
25.2821 	EXP 	whitesquare: autoDraw = False
25.2991 	EXP 	whitesquare: autoDraw = False
25.3165 	EXP 	whitesquare: autoDraw = False
25.3325 	EXP 	whitesquare: autoDraw = False
25.3489 	EXP 	whitesquare: autoDraw = False
25.3666 	EXP 	whitesquare: autoDraw = False
25.3823 	EXP 	whitesquare: autoDraw = False
25.3992 	EXP 	whitesquare: autoDraw = False
25.4166 	EXP 	whitesquare: autoDraw = False
25.4326 	EXP 	whitesquare: autoDraw = False
25.4488 	EXP 	whitesquare: autoDraw = False
25.4664 	EXP 	whitesquare: autoDraw = False
25.4822 	EXP 	whitesquare: autoDraw = False
25.4994 	EXP 	whitesquare: autoDraw = False
25.5161 	EXP 	whitesquare: autoDraw = False
25.5327 	EXP 	whitesquare: autoDraw = False
25.5488 	EXP 	whitesquare: autoDraw = False
25.5665 	EXP 	whitesquare: autoDraw = False
25.5823 	EXP 	whitesquare: autoDraw = False
25.5993 	EXP 	whitesquare: autoDraw = False
25.6161 	EXP 	whitesquare: autoDraw = False
25.6327 	EXP 	whitesquare: autoDraw = False
25.6489 	EXP 	whitesquare: autoDraw = False
25.6667 	EXP 	whitesquare: autoDraw = False
25.6824 	EXP 	whitesquare: autoDraw = False
25.6993 	EXP 	whitesquare: autoDraw = False
25.7163 	EXP 	whitesquare: autoDraw = False
25.7328 	EXP 	whitesquare: autoDraw = False
25.7489 	EXP 	whitesquare: autoDraw = False
25.7666 	EXP 	whitesquare: autoDraw = False
25.7824 	EXP 	whitesquare: autoDraw = False
25.7994 	EXP 	whitesquare: autoDraw = False
25.8162 	EXP 	whitesquare: autoDraw = False
25.8328 	EXP 	whitesquare: autoDraw = False
25.8491 	EXP 	whitesquare: autoDraw = False
25.8666 	EXP 	whitesquare: autoDraw = False
25.8825 	EXP 	whitesquare: autoDraw = False
25.8993 	EXP 	whitesquare: autoDraw = False
25.9164 	EXP 	whitesquare: autoDraw = False
25.9167 	EXP 	Sound  started
26.9170 	EXP 	Sound  stopped
26.9180 	EXP 	Set  sound=./sound/left_speak.wav
26.9183 	EXP 	Set  sound=./sound/right_speak.wav
26.9184 	EXP 	Set  sound=./sound/up_speak.wav
26.9186 	EXP 	Set  sound=./sound/down_speak.wav
26.9354 	EXP 	whitesquare: autoDraw = False
26.9354 	EXP 	blank: autoDraw = False
26.9354 	EXP 	close_text: autoDraw = False
26.9354 	EXP 	blank: autoDraw = False
26.9354 	EXP 	gaze_text: autoDraw = True
30.9355 	EXP 	gaze_text: autoDraw = False
30.9515 	EXP 	whitesquare: autoDraw = False
30.9684 	EXP 	whitesquare: autoDraw = False
30.9852 	EXP 	whitesquare: autoDraw = False
31.0020 	EXP 	whitesquare: autoDraw = False
31.0181 	EXP 	whitesquare: autoDraw = False
31.0356 	EXP 	whitesquare: autoDraw = False
31.0517 	EXP 	whitesquare: autoDraw = False
31.0686 	EXP 	whitesquare: autoDraw = False
31.0854 	EXP 	whitesquare: autoDraw = False
31.1019 	EXP 	whitesquare: autoDraw = False
31.1183 	EXP 	whitesquare: autoDraw = False
31.1356 	EXP 	whitesquare: autoDraw = False
31.1516 	EXP 	whitesquare: autoDraw = False
31.1686 	EXP 	whitesquare: autoDraw = False
31.1855 	EXP 	whitesquare: autoDraw = False
31.2020 	EXP 	whitesquare: autoDraw = False
31.2184 	EXP 	whitesquare: autoDraw = False
31.2359 	EXP 	whitesquare: autoDraw = False
31.2523 	EXP 	whitesquare: autoDraw = False
31.2687 	EXP 	whitesquare: autoDraw = False
31.2854 	EXP 	whitesquare: autoDraw = False
31.3022 	EXP 	whitesquare: autoDraw = False
31.3183 	EXP 	whitesquare: autoDraw = False
31.3358 	EXP 	whitesquare: autoDraw = False
31.3517 	EXP 	whitesquare: autoDraw = False
31.3686 	EXP 	whitesquare: autoDraw = False
31.3855 	EXP 	whitesquare: autoDraw = False
31.4021 	EXP 	whitesquare: autoDraw = False
31.4184 	EXP 	whitesquare: autoDraw = False
31.4359 	EXP 	whitesquare: autoDraw = False
31.4518 	EXP 	whitesquare: autoDraw = False
31.4686 	EXP 	whitesquare: autoDraw = False
31.4858 	EXP 	whitesquare: autoDraw = False
31.5026 	EXP 	whitesquare: autoDraw = False
31.5184 	EXP 	whitesquare: autoDraw = False
31.5360 	EXP 	whitesquare: autoDraw = False
31.5519 	EXP 	whitesquare: autoDraw = False
31.5689 	EXP 	whitesquare: autoDraw = False
31.5858 	EXP 	whitesquare: autoDraw = False
31.6025 	EXP 	whitesquare: autoDraw = False
31.6184 	EXP 	whitesquare: autoDraw = False
31.6357 	EXP 	whitesquare: autoDraw = False
31.6519 	EXP 	whitesquare: autoDraw = False
31.6693 	EXP 	whitesquare: autoDraw = False
31.6856 	EXP 	whitesquare: autoDraw = False
31.7023 	EXP 	whitesquare: autoDraw = False
31.7184 	EXP 	whitesquare: autoDraw = False
31.7364 	EXP 	whitesquare: autoDraw = False
31.7523 	EXP 	whitesquare: autoDraw = False
31.7689 	EXP 	whitesquare: autoDraw = False
31.7856 	EXP 	whitesquare: autoDraw = False
31.8024 	EXP 	whitesquare: autoDraw = False
31.8185 	EXP 	whitesquare: autoDraw = False
31.8364 	EXP 	whitesquare: autoDraw = False
31.8524 	EXP 	whitesquare: autoDraw = False
31.8689 	EXP 	whitesquare: autoDraw = False
31.8857 	EXP 	whitesquare: autoDraw = False
31.9025 	EXP 	whitesquare: autoDraw = False
31.9186 	EXP 	whitesquare: autoDraw = False
31.9364 	EXP 	whitesquare: autoDraw = False
31.9524 	EXP 	whitesquare: autoDraw = False
31.9689 	EXP 	whitesquare: autoDraw = False
31.9861 	EXP 	whitesquare: autoDraw = False
32.0024 	EXP 	whitesquare: autoDraw = False
32.0186 	EXP 	whitesquare: autoDraw = False
32.0368 	EXP 	whitesquare: autoDraw = False
32.0525 	EXP 	whitesquare: autoDraw = False
32.0692 	EXP 	whitesquare: autoDraw = False
32.0861 	EXP 	whitesquare: autoDraw = False
32.1026 	EXP 	whitesquare: autoDraw = False
32.1186 	EXP 	whitesquare: autoDraw = False
32.1366 	EXP 	whitesquare: autoDraw = False
32.1521 	EXP 	whitesquare: autoDraw = False
32.1690 	EXP 	whitesquare: autoDraw = False
32.1862 	EXP 	whitesquare: autoDraw = False
32.2027 	EXP 	whitesquare: autoDraw = False
32.2188 	EXP 	whitesquare: autoDraw = False
32.2367 	EXP 	whitesquare: autoDraw = False
32.2525 	EXP 	whitesquare: autoDraw = False
32.2690 	EXP 	whitesquare: autoDraw = False
32.2861 	EXP 	whitesquare: autoDraw = False
32.3029 	EXP 	whitesquare: autoDraw = False
32.3187 	EXP 	whitesquare: autoDraw = False
32.3367 	EXP 	whitesquare: autoDraw = False
32.3524 	EXP 	whitesquare: autoDraw = False
32.3692 	EXP 	whitesquare: autoDraw = False
32.3860 	EXP 	whitesquare: autoDraw = False
32.4026 	EXP 	whitesquare: autoDraw = False
32.4191 	EXP 	whitesquare: autoDraw = False
32.4368 	EXP 	whitesquare: autoDraw = False
32.4526 	EXP 	whitesquare: autoDraw = False
32.4693 	EXP 	whitesquare: autoDraw = False
32.4861 	EXP 	whitesquare: autoDraw = False
32.5032 	EXP 	whitesquare: autoDraw = False
32.5189 	EXP 	whitesquare: autoDraw = False
32.5367 	EXP 	whitesquare: autoDraw = False
32.5524 	EXP 	whitesquare: autoDraw = False
32.5693 	EXP 	whitesquare: autoDraw = False
32.5862 	EXP 	whitesquare: autoDraw = False
32.6033 	EXP 	whitesquare: autoDraw = False
32.6189 	EXP 	whitesquare: autoDraw = False
32.6368 	EXP 	whitesquare: autoDraw = False
32.6525 	EXP 	whitesquare: autoDraw = False
32.6692 	EXP 	whitesquare: autoDraw = False
32.6861 	EXP 	whitesquare: autoDraw = False
32.7033 	EXP 	whitesquare: autoDraw = False
32.7190 	EXP 	whitesquare: autoDraw = False
32.7367 	EXP 	whitesquare: autoDraw = False
32.7526 	EXP 	whitesquare: autoDraw = False
32.7693 	EXP 	whitesquare: autoDraw = False
32.7862 	EXP 	whitesquare: autoDraw = False
32.8028 	EXP 	whitesquare: autoDraw = False
32.8194 	EXP 	whitesquare: autoDraw = False
32.8367 	EXP 	whitesquare: autoDraw = False
32.8526 	EXP 	whitesquare: autoDraw = False
32.8695 	EXP 	whitesquare: autoDraw = False
32.8863 	EXP 	whitesquare: autoDraw = False
32.9031 	EXP 	whitesquare: autoDraw = False
32.9190 	EXP 	whitesquare: autoDraw = False
32.9367 	EXP 	whitesquare: autoDraw = False
32.9527 	EXP 	whitesquare: autoDraw = False
32.9694 	EXP 	whitesquare: autoDraw = False
32.9865 	EXP 	whitesquare: autoDraw = False
33.0035 	EXP 	whitesquare: autoDraw = False
33.0190 	EXP 	whitesquare: autoDraw = False
33.0370 	EXP 	whitesquare: autoDraw = False
33.0528 	EXP 	whitesquare: autoDraw = False
33.0694 	EXP 	whitesquare: autoDraw = False
33.0865 	EXP 	whitesquare: autoDraw = False
33.1032 	EXP 	whitesquare: autoDraw = False
33.1191 	EXP 	whitesquare: autoDraw = False
33.1365 	EXP 	whitesquare: autoDraw = False
33.1527 	EXP 	whitesquare: autoDraw = False
33.1695 	EXP 	whitesquare: autoDraw = False
33.1863 	EXP 	whitesquare: autoDraw = False
33.2034 	EXP 	whitesquare: autoDraw = False
33.2193 	EXP 	whitesquare: autoDraw = False
33.2370 	EXP 	whitesquare: autoDraw = False
33.2534 	EXP 	whitesquare: autoDraw = False
33.2700 	EXP 	whitesquare: autoDraw = False
33.2869 	EXP 	whitesquare: autoDraw = False
33.3034 	EXP 	whitesquare: autoDraw = False
33.3193 	EXP 	whitesquare: autoDraw = False
33.3376 	EXP 	whitesquare: autoDraw = False
33.3530 	EXP 	whitesquare: autoDraw = False
33.3699 	EXP 	whitesquare: autoDraw = False
33.3867 	EXP 	whitesquare: autoDraw = False
33.4040 	EXP 	whitesquare: autoDraw = False
33.4194 	EXP 	whitesquare: autoDraw = False
33.4375 	EXP 	whitesquare: autoDraw = False
33.4534 	EXP 	whitesquare: autoDraw = False
33.4699 	EXP 	whitesquare: autoDraw = False
33.4868 	EXP 	whitesquare: autoDraw = False
33.5042 	EXP 	whitesquare: autoDraw = False
33.5199 	EXP 	whitesquare: autoDraw = False
33.5373 	EXP 	whitesquare: autoDraw = False
33.5535 	EXP 	whitesquare: autoDraw = False
33.5703 	EXP 	whitesquare: autoDraw = False
33.5869 	EXP 	whitesquare: autoDraw = False
33.6041 	EXP 	whitesquare: autoDraw = False
33.6196 	EXP 	whitesquare: autoDraw = False
33.6376 	EXP 	whitesquare: autoDraw = False
33.6535 	EXP 	whitesquare: autoDraw = False
33.6701 	EXP 	whitesquare: autoDraw = False
33.6871 	EXP 	whitesquare: autoDraw = False
33.7037 	EXP 	whitesquare: autoDraw = False
33.7195 	EXP 	whitesquare: autoDraw = False
33.7377 	EXP 	whitesquare: autoDraw = False
33.7536 	EXP 	whitesquare: autoDraw = False
33.7703 	EXP 	whitesquare: autoDraw = False
33.7866 	EXP 	whitesquare: autoDraw = False
33.8042 	EXP 	whitesquare: autoDraw = False
33.8205 	EXP 	whitesquare: autoDraw = False
33.8377 	EXP 	whitesquare: autoDraw = False
33.8536 	EXP 	whitesquare: autoDraw = False
33.8704 	EXP 	whitesquare: autoDraw = False
33.8873 	EXP 	whitesquare: autoDraw = False
33.9041 	EXP 	whitesquare: autoDraw = False
33.9203 	EXP 	whitesquare: autoDraw = False
33.9366 	EXP 	whitesquare: autoDraw = False
33.9535 	EXP 	whitesquare: autoDraw = False
33.9706 	EXP 	whitesquare: autoDraw = False
33.9870 	EXP 	whitesquare: autoDraw = False
34.0040 	EXP 	whitesquare: autoDraw = False
34.0197 	EXP 	whitesquare: autoDraw = False
34.0372 	EXP 	whitesquare: autoDraw = False
34.0537 	EXP 	whitesquare: autoDraw = False
34.0702 	EXP 	whitesquare: autoDraw = False
34.0870 	EXP 	whitesquare: autoDraw = False
34.1044 	EXP 	whitesquare: autoDraw = False
34.1205 	EXP 	whitesquare: autoDraw = False
34.1389 	EXP 	whitesquare: autoDraw = False
34.1549 	EXP 	whitesquare: autoDraw = False
34.1707 	EXP 	whitesquare: autoDraw = False
34.1870 	EXP 	whitesquare: autoDraw = False
34.2035 	EXP 	whitesquare: autoDraw = False
34.2196 	EXP 	whitesquare: autoDraw = False
34.2372 	EXP 	whitesquare: autoDraw = False
34.2535 	EXP 	whitesquare: autoDraw = False
34.2700 	EXP 	whitesquare: autoDraw = False
34.2871 	EXP 	whitesquare: autoDraw = False
34.3038 	EXP 	whitesquare: autoDraw = False
34.3198 	EXP 	whitesquare: autoDraw = False
34.3372 	EXP 	whitesquare: autoDraw = False
34.3534 	EXP 	whitesquare: autoDraw = False
34.3700 	EXP 	whitesquare: autoDraw = False
34.3872 	EXP 	whitesquare: autoDraw = False
34.4038 	EXP 	whitesquare: autoDraw = False
34.4198 	EXP 	whitesquare: autoDraw = False
34.4375 	EXP 	whitesquare: autoDraw = False
34.4534 	EXP 	whitesquare: autoDraw = False
34.4702 	EXP 	whitesquare: autoDraw = False
34.4870 	EXP 	whitesquare: autoDraw = False
34.5036 	EXP 	whitesquare: autoDraw = False
34.5198 	EXP 	whitesquare: autoDraw = False
34.5374 	EXP 	whitesquare: autoDraw = False
34.5535 	EXP 	whitesquare: autoDraw = False
34.5702 	EXP 	whitesquare: autoDraw = False
34.5872 	EXP 	whitesquare: autoDraw = False
34.6040 	EXP 	whitesquare: autoDraw = False
34.6198 	EXP 	whitesquare: autoDraw = False
34.6375 	EXP 	whitesquare: autoDraw = False
34.6534 	EXP 	whitesquare: autoDraw = False
34.6703 	EXP 	whitesquare: autoDraw = False
34.6872 	EXP 	whitesquare: autoDraw = False
34.7041 	EXP 	whitesquare: autoDraw = False
34.7199 	EXP 	whitesquare: autoDraw = False
34.7375 	EXP 	whitesquare: autoDraw = False
34.7534 	EXP 	whitesquare: autoDraw = False
34.7702 	EXP 	whitesquare: autoDraw = False
34.7873 	EXP 	whitesquare: autoDraw = False
34.8040 	EXP 	whitesquare: autoDraw = False
34.8200 	EXP 	whitesquare: autoDraw = False
34.8376 	EXP 	whitesquare: autoDraw = False
34.8538 	EXP 	whitesquare: autoDraw = False
34.8703 	EXP 	whitesquare: autoDraw = False
34.8872 	EXP 	whitesquare: autoDraw = False
34.9044 	EXP 	whitesquare: autoDraw = False
34.9200 	EXP 	whitesquare: autoDraw = False
34.9376 	EXP 	whitesquare: autoDraw = False
34.9537 	EXP 	whitesquare: autoDraw = False
34.9704 	EXP 	whitesquare: autoDraw = False
34.9873 	EXP 	whitesquare: autoDraw = False
35.0041 	EXP 	whitesquare: autoDraw = False
35.0200 	EXP 	whitesquare: autoDraw = False
35.0378 	EXP 	whitesquare: autoDraw = False
35.0538 	EXP 	whitesquare: autoDraw = False
35.0704 	EXP 	whitesquare: autoDraw = False
35.0872 	EXP 	whitesquare: autoDraw = False
35.1041 	EXP 	whitesquare: autoDraw = False
35.1202 	EXP 	whitesquare: autoDraw = False
35.1375 	EXP 	whitesquare: autoDraw = False
35.1536 	EXP 	whitesquare: autoDraw = False
35.1706 	EXP 	whitesquare: autoDraw = False
35.1874 	EXP 	whitesquare: autoDraw = False
35.2042 	EXP 	whitesquare: autoDraw = False
35.2202 	EXP 	whitesquare: autoDraw = False
35.2379 	EXP 	whitesquare: autoDraw = False
35.2537 	EXP 	whitesquare: autoDraw = False
35.2724 	EXP 	whitesquare: autoDraw = False
35.2875 	EXP 	whitesquare: autoDraw = False
35.3044 	EXP 	whitesquare: autoDraw = False
35.3205 	EXP 	whitesquare: autoDraw = False
35.3378 	EXP 	whitesquare: autoDraw = False
35.3539 	EXP 	whitesquare: autoDraw = False
35.3705 	EXP 	whitesquare: autoDraw = False
35.3876 	EXP 	whitesquare: autoDraw = False
35.4042 	EXP 	whitesquare: autoDraw = False
35.4203 	EXP 	whitesquare: autoDraw = False
35.4376 	EXP 	whitesquare: autoDraw = False
35.4539 	EXP 	whitesquare: autoDraw = False
35.4706 	EXP 	whitesquare: autoDraw = False
35.4876 	EXP 	whitesquare: autoDraw = False
35.5045 	EXP 	whitesquare: autoDraw = False
35.5202 	EXP 	whitesquare: autoDraw = False
35.5380 	EXP 	whitesquare: autoDraw = False
35.5541 	EXP 	whitesquare: autoDraw = False
35.5707 	EXP 	whitesquare: autoDraw = False
35.5877 	EXP 	whitesquare: autoDraw = False
35.6043 	EXP 	whitesquare: autoDraw = False
35.6204 	EXP 	whitesquare: autoDraw = False
35.6380 	EXP 	whitesquare: autoDraw = False
35.6538 	EXP 	whitesquare: autoDraw = False
35.6708 	EXP 	whitesquare: autoDraw = False
35.6875 	EXP 	whitesquare: autoDraw = False
35.7045 	EXP 	whitesquare: autoDraw = False
35.7204 	EXP 	whitesquare: autoDraw = False
35.7384 	EXP 	whitesquare: autoDraw = False
35.7540 	EXP 	whitesquare: autoDraw = False
35.7709 	EXP 	whitesquare: autoDraw = False
35.7877 	EXP 	whitesquare: autoDraw = False
35.8043 	EXP 	whitesquare: autoDraw = False
35.8204 	EXP 	whitesquare: autoDraw = False
35.8382 	EXP 	whitesquare: autoDraw = False
35.8541 	EXP 	whitesquare: autoDraw = False
35.8708 	EXP 	whitesquare: autoDraw = False
35.8877 	EXP 	whitesquare: autoDraw = False
35.9044 	EXP 	whitesquare: autoDraw = False
35.9204 	EXP 	whitesquare: autoDraw = False
35.9382 	EXP 	whitesquare: autoDraw = False
35.9541 	EXP 	whitesquare: autoDraw = False
35.9710 	EXP 	whitesquare: autoDraw = False
35.9878 	EXP 	whitesquare: autoDraw = False
36.0046 	EXP 	whitesquare: autoDraw = False
36.0206 	EXP 	whitesquare: autoDraw = False
36.0383 	EXP 	whitesquare: autoDraw = False
36.0541 	EXP 	whitesquare: autoDraw = False
36.0709 	EXP 	whitesquare: autoDraw = False
36.0879 	EXP 	whitesquare: autoDraw = False
36.1049 	EXP 	whitesquare: autoDraw = False
36.1207 	EXP 	whitesquare: autoDraw = False
36.1381 	EXP 	whitesquare: autoDraw = False
36.1543 	EXP 	whitesquare: autoDraw = False
36.1710 	EXP 	whitesquare: autoDraw = False
36.1879 	EXP 	whitesquare: autoDraw = False
36.2045 	EXP 	whitesquare: autoDraw = False
36.2207 	EXP 	whitesquare: autoDraw = False
36.2384 	EXP 	whitesquare: autoDraw = False
36.2543 	EXP 	whitesquare: autoDraw = False
36.2712 	EXP 	whitesquare: autoDraw = False
36.2878 	EXP 	whitesquare: autoDraw = False
36.3047 	EXP 	whitesquare: autoDraw = False
36.3207 	EXP 	whitesquare: autoDraw = False
36.3383 	EXP 	whitesquare: autoDraw = False
36.3544 	EXP 	whitesquare: autoDraw = False
36.3711 	EXP 	whitesquare: autoDraw = False
36.3881 	EXP 	whitesquare: autoDraw = False
36.4048 	EXP 	whitesquare: autoDraw = False
36.4207 	EXP 	whitesquare: autoDraw = False
36.4384 	EXP 	whitesquare: autoDraw = False
36.4544 	EXP 	whitesquare: autoDraw = False
36.4716 	EXP 	whitesquare: autoDraw = False
36.4881 	EXP 	whitesquare: autoDraw = False
36.5051 	EXP 	whitesquare: autoDraw = False
36.5208 	EXP 	whitesquare: autoDraw = False
36.5385 	EXP 	whitesquare: autoDraw = False
36.5544 	EXP 	whitesquare: autoDraw = False
36.5712 	EXP 	whitesquare: autoDraw = False
36.5880 	EXP 	whitesquare: autoDraw = False
36.6048 	EXP 	whitesquare: autoDraw = False
36.6209 	EXP 	whitesquare: autoDraw = False
36.6386 	EXP 	whitesquare: autoDraw = False
36.6545 	EXP 	whitesquare: autoDraw = False
36.6713 	EXP 	whitesquare: autoDraw = False
36.6879 	EXP 	whitesquare: autoDraw = False
36.7049 	EXP 	whitesquare: autoDraw = False
36.7210 	EXP 	whitesquare: autoDraw = False
36.7386 	EXP 	whitesquare: autoDraw = False
36.7544 	EXP 	whitesquare: autoDraw = False
36.7714 	EXP 	whitesquare: autoDraw = False
36.7881 	EXP 	whitesquare: autoDraw = False
36.8050 	EXP 	whitesquare: autoDraw = False
36.8209 	EXP 	whitesquare: autoDraw = False
36.8386 	EXP 	whitesquare: autoDraw = False
36.8545 	EXP 	whitesquare: autoDraw = False
36.8717 	EXP 	whitesquare: autoDraw = False
36.8886 	EXP 	whitesquare: autoDraw = False
36.9051 	EXP 	whitesquare: autoDraw = False
36.9210 	EXP 	whitesquare: autoDraw = False
36.9389 	EXP 	whitesquare: autoDraw = False
36.9547 	EXP 	whitesquare: autoDraw = False
36.9713 	EXP 	whitesquare: autoDraw = False
36.9883 	EXP 	whitesquare: autoDraw = False
37.0050 	EXP 	whitesquare: autoDraw = False
37.0210 	EXP 	whitesquare: autoDraw = False
37.0387 	EXP 	whitesquare: autoDraw = False
37.0547 	EXP 	whitesquare: autoDraw = False
37.0715 	EXP 	whitesquare: autoDraw = False
37.0882 	EXP 	whitesquare: autoDraw = False
37.1051 	EXP 	whitesquare: autoDraw = False
37.1210 	EXP 	whitesquare: autoDraw = False
37.1387 	EXP 	whitesquare: autoDraw = False
37.1547 	EXP 	whitesquare: autoDraw = False
37.1715 	EXP 	whitesquare: autoDraw = False
37.1883 	EXP 	whitesquare: autoDraw = False
37.2053 	EXP 	whitesquare: autoDraw = False
37.2212 	EXP 	whitesquare: autoDraw = False
37.2387 	EXP 	whitesquare: autoDraw = False
37.2547 	EXP 	whitesquare: autoDraw = False
37.2716 	EXP 	whitesquare: autoDraw = False
37.2884 	EXP 	whitesquare: autoDraw = False
37.3055 	EXP 	whitesquare: autoDraw = False
37.3212 	EXP 	whitesquare: autoDraw = False
37.3390 	EXP 	whitesquare: autoDraw = False
37.3548 	EXP 	whitesquare: autoDraw = False
37.3716 	EXP 	whitesquare: autoDraw = False
37.3885 	EXP 	whitesquare: autoDraw = False
37.4051 	EXP 	whitesquare: autoDraw = False
37.4212 	EXP 	whitesquare: autoDraw = False
37.4390 	EXP 	whitesquare: autoDraw = False
37.4551 	EXP 	whitesquare: autoDraw = False
37.4716 	EXP 	whitesquare: autoDraw = False
37.4886 	EXP 	whitesquare: autoDraw = False
37.5054 	EXP 	whitesquare: autoDraw = False
37.5213 	EXP 	whitesquare: autoDraw = False
37.5390 	EXP 	whitesquare: autoDraw = False
37.5549 	EXP 	whitesquare: autoDraw = False
37.5718 	EXP 	whitesquare: autoDraw = False
37.5884 	EXP 	whitesquare: autoDraw = False
37.6054 	EXP 	whitesquare: autoDraw = False
37.6214 	EXP 	whitesquare: autoDraw = False
37.6389 	EXP 	whitesquare: autoDraw = False
37.6551 	EXP 	whitesquare: autoDraw = False
37.6717 	EXP 	whitesquare: autoDraw = False
37.6887 	EXP 	whitesquare: autoDraw = False
37.7054 	EXP 	whitesquare: autoDraw = False
37.7215 	EXP 	whitesquare: autoDraw = False
37.7390 	EXP 	whitesquare: autoDraw = False
37.7551 	EXP 	whitesquare: autoDraw = False
37.7735 	EXP 	whitesquare: autoDraw = False
37.7885 	EXP 	whitesquare: autoDraw = False
37.8055 	EXP 	whitesquare: autoDraw = False
37.8214 	EXP 	whitesquare: autoDraw = False
37.8391 	EXP 	whitesquare: autoDraw = False
37.8551 	EXP 	whitesquare: autoDraw = False
37.8719 	EXP 	whitesquare: autoDraw = False
37.8887 	EXP 	whitesquare: autoDraw = False
37.9055 	EXP 	whitesquare: autoDraw = False
37.9219 	EXP 	whitesquare: autoDraw = False
37.9391 	EXP 	whitesquare: autoDraw = False
37.9551 	EXP 	whitesquare: autoDraw = False
37.9719 	EXP 	whitesquare: autoDraw = False
37.9887 	EXP 	whitesquare: autoDraw = False
38.0058 	EXP 	whitesquare: autoDraw = False
38.0216 	EXP 	whitesquare: autoDraw = False
38.0395 	EXP 	whitesquare: autoDraw = False
38.0551 	EXP 	whitesquare: autoDraw = False
38.0721 	EXP 	whitesquare: autoDraw = False
38.0887 	EXP 	whitesquare: autoDraw = False
38.1058 	EXP 	whitesquare: autoDraw = False
38.1216 	EXP 	whitesquare: autoDraw = False
38.1391 	EXP 	whitesquare: autoDraw = False
38.1552 	EXP 	whitesquare: autoDraw = False
38.1721 	EXP 	whitesquare: autoDraw = False
38.1887 	EXP 	whitesquare: autoDraw = False
38.2062 	EXP 	whitesquare: autoDraw = False
38.2222 	EXP 	whitesquare: autoDraw = False
38.2395 	EXP 	whitesquare: autoDraw = False
38.2554 	EXP 	whitesquare: autoDraw = False
38.2724 	EXP 	whitesquare: autoDraw = False
38.2891 	EXP 	whitesquare: autoDraw = False
38.3057 	EXP 	whitesquare: autoDraw = False
38.3220 	EXP 	whitesquare: autoDraw = False
38.3393 	EXP 	whitesquare: autoDraw = False
38.3557 	EXP 	whitesquare: autoDraw = False
38.3727 	EXP 	whitesquare: autoDraw = False
38.3891 	EXP 	whitesquare: autoDraw = False
38.4067 	EXP 	whitesquare: autoDraw = False
38.4220 	EXP 	whitesquare: autoDraw = False
38.4398 	EXP 	whitesquare: autoDraw = False
38.4560 	EXP 	whitesquare: autoDraw = False
38.4725 	EXP 	whitesquare: autoDraw = False
38.4895 	EXP 	whitesquare: autoDraw = False
38.5063 	EXP 	whitesquare: autoDraw = False
38.5228 	EXP 	whitesquare: autoDraw = False
38.5400 	EXP 	whitesquare: autoDraw = False
38.5564 	EXP 	whitesquare: autoDraw = False
38.5727 	EXP 	whitesquare: autoDraw = False
38.5891 	EXP 	whitesquare: autoDraw = False
38.6065 	EXP 	whitesquare: autoDraw = False
38.6221 	EXP 	whitesquare: autoDraw = False
38.6399 	EXP 	whitesquare: autoDraw = False
38.6555 	EXP 	whitesquare: autoDraw = False
38.6727 	EXP 	whitesquare: autoDraw = False
38.6894 	EXP 	whitesquare: autoDraw = False
38.7066 	EXP 	whitesquare: autoDraw = False
38.7224 	EXP 	whitesquare: autoDraw = False
38.7398 	EXP 	whitesquare: autoDraw = False
38.7560 	EXP 	whitesquare: autoDraw = False
38.7726 	EXP 	whitesquare: autoDraw = False
38.7895 	EXP 	whitesquare: autoDraw = False
38.8071 	EXP 	whitesquare: autoDraw = False
38.8230 	EXP 	whitesquare: autoDraw = False
38.8402 	EXP 	whitesquare: autoDraw = False
38.8565 	EXP 	whitesquare: autoDraw = False
38.8734 	EXP 	whitesquare: autoDraw = False
38.8891 	EXP 	whitesquare: autoDraw = False
38.9075 	EXP 	whitesquare: autoDraw = False
38.9229 	EXP 	whitesquare: autoDraw = False
38.9401 	EXP 	whitesquare: autoDraw = False
38.9565 	EXP 	whitesquare: autoDraw = False
38.9738 	EXP 	whitesquare: autoDraw = False
38.9895 	EXP 	whitesquare: autoDraw = False
39.0071 	EXP 	whitesquare: autoDraw = False
39.0232 	EXP 	whitesquare: autoDraw = False
39.0392 	EXP 	whitesquare: autoDraw = False
39.0566 	EXP 	whitesquare: autoDraw = False
39.0745 	EXP 	whitesquare: autoDraw = False
39.0895 	EXP 	whitesquare: autoDraw = False
39.1068 	EXP 	whitesquare: autoDraw = False
39.1227 	EXP 	whitesquare: autoDraw = False
39.1402 	EXP 	whitesquare: autoDraw = False
39.1563 	EXP 	whitesquare: autoDraw = False
39.1735 	EXP 	whitesquare: autoDraw = False
39.1899 	EXP 	whitesquare: autoDraw = False
39.2063 	EXP 	whitesquare: autoDraw = False
39.2230 	EXP 	whitesquare: autoDraw = False
39.2403 	EXP 	whitesquare: autoDraw = False
39.2566 	EXP 	whitesquare: autoDraw = False
39.2731 	EXP 	whitesquare: autoDraw = False
39.2894 	EXP 	whitesquare: autoDraw = False
39.3070 	EXP 	whitesquare: autoDraw = False
39.3230 	EXP 	whitesquare: autoDraw = False
39.3398 	EXP 	whitesquare: autoDraw = False
39.3560 	EXP 	whitesquare: autoDraw = False
39.3733 	EXP 	whitesquare: autoDraw = False
39.3894 	EXP 	whitesquare: autoDraw = False
39.4065 	EXP 	whitesquare: autoDraw = False
39.4228 	EXP 	whitesquare: autoDraw = False
39.4399 	EXP 	whitesquare: autoDraw = False
39.4560 	EXP 	whitesquare: autoDraw = False
39.4732 	EXP 	whitesquare: autoDraw = False
39.4894 	EXP 	whitesquare: autoDraw = False
39.5063 	EXP 	whitesquare: autoDraw = False
39.5229 	EXP 	whitesquare: autoDraw = False
39.5399 	EXP 	whitesquare: autoDraw = False
39.5561 	EXP 	whitesquare: autoDraw = False
39.5734 	EXP 	whitesquare: autoDraw = False
39.5894 	EXP 	whitesquare: autoDraw = False
39.6070 	EXP 	whitesquare: autoDraw = False
39.6223 	EXP 	whitesquare: autoDraw = False
39.6400 	EXP 	whitesquare: autoDraw = False
39.6563 	EXP 	whitesquare: autoDraw = False
39.6731 	EXP 	whitesquare: autoDraw = False
39.6896 	EXP 	whitesquare: autoDraw = False
39.7070 	EXP 	whitesquare: autoDraw = False
39.7226 	EXP 	whitesquare: autoDraw = False
39.7399 	EXP 	whitesquare: autoDraw = False
39.7565 	EXP 	whitesquare: autoDraw = False
39.7735 	EXP 	whitesquare: autoDraw = False
39.7899 	EXP 	whitesquare: autoDraw = False
39.8070 	EXP 	whitesquare: autoDraw = False
39.8233 	EXP 	whitesquare: autoDraw = False
39.8401 	EXP 	whitesquare: autoDraw = False
39.8566 	EXP 	whitesquare: autoDraw = False
39.8736 	EXP 	whitesquare: autoDraw = False
39.8897 	EXP 	whitesquare: autoDraw = False
39.9073 	EXP 	whitesquare: autoDraw = False
39.9228 	EXP 	whitesquare: autoDraw = False
39.9400 	EXP 	whitesquare: autoDraw = False
39.9562 	EXP 	whitesquare: autoDraw = False
39.9736 	EXP 	whitesquare: autoDraw = False
39.9896 	EXP 	whitesquare: autoDraw = False
40.0070 	EXP 	whitesquare: autoDraw = False
40.0234 	EXP 	whitesquare: autoDraw = False
40.0402 	EXP 	whitesquare: autoDraw = False
40.0567 	EXP 	whitesquare: autoDraw = False
40.0735 	EXP 	whitesquare: autoDraw = False
40.0900 	EXP 	whitesquare: autoDraw = False
40.1074 	EXP 	whitesquare: autoDraw = False
40.1233 	EXP 	whitesquare: autoDraw = False
40.1404 	EXP 	whitesquare: autoDraw = False
40.1566 	EXP 	whitesquare: autoDraw = False
40.1737 	EXP 	whitesquare: autoDraw = False
40.1900 	EXP 	whitesquare: autoDraw = False
40.2073 	EXP 	whitesquare: autoDraw = False
40.2234 	EXP 	whitesquare: autoDraw = False
40.2404 	EXP 	whitesquare: autoDraw = False
40.2567 	EXP 	whitesquare: autoDraw = False
40.2737 	EXP 	whitesquare: autoDraw = False
40.2899 	EXP 	whitesquare: autoDraw = False
40.3072 	EXP 	whitesquare: autoDraw = False
40.3233 	EXP 	whitesquare: autoDraw = False
40.3405 	EXP 	whitesquare: autoDraw = False
40.3571 	EXP 	whitesquare: autoDraw = False
40.3738 	EXP 	whitesquare: autoDraw = False
40.3898 	EXP 	whitesquare: autoDraw = False
40.4072 	EXP 	whitesquare: autoDraw = False
40.4228 	EXP 	whitesquare: autoDraw = False
40.4405 	EXP 	whitesquare: autoDraw = False
40.4567 	EXP 	whitesquare: autoDraw = False
40.4737 	EXP 	whitesquare: autoDraw = False
40.4901 	EXP 	whitesquare: autoDraw = False
40.5072 	EXP 	whitesquare: autoDraw = False
40.5236 	EXP 	whitesquare: autoDraw = False
40.5403 	EXP 	whitesquare: autoDraw = False
40.5570 	EXP 	whitesquare: autoDraw = False
40.5739 	EXP 	whitesquare: autoDraw = False
40.5902 	EXP 	whitesquare: autoDraw = False
40.6072 	EXP 	whitesquare: autoDraw = False
40.6239 	EXP 	whitesquare: autoDraw = False
40.6405 	EXP 	whitesquare: autoDraw = False
40.6570 	EXP 	whitesquare: autoDraw = False
40.6740 	EXP 	whitesquare: autoDraw = False
40.6900 	EXP 	whitesquare: autoDraw = False
40.7074 	EXP 	whitesquare: autoDraw = False
40.7234 	EXP 	whitesquare: autoDraw = False
40.7405 	EXP 	whitesquare: autoDraw = False
40.7570 	EXP 	whitesquare: autoDraw = False
40.7740 	EXP 	whitesquare: autoDraw = False
40.7902 	EXP 	whitesquare: autoDraw = False
40.8076 	EXP 	whitesquare: autoDraw = False
40.8235 	EXP 	whitesquare: autoDraw = False
40.8406 	EXP 	whitesquare: autoDraw = False
40.8570 	EXP 	whitesquare: autoDraw = False
40.8740 	EXP 	whitesquare: autoDraw = False
40.8902 	EXP 	whitesquare: autoDraw = False
40.9074 	EXP 	whitesquare: autoDraw = False
40.9236 	EXP 	whitesquare: autoDraw = False
40.9406 	EXP 	whitesquare: autoDraw = False
40.9571 	EXP 	whitesquare: autoDraw = False
40.9740 	EXP 	whitesquare: autoDraw = False
40.9901 	EXP 	whitesquare: autoDraw = False
41.0076 	EXP 	whitesquare: autoDraw = False
41.0237 	EXP 	whitesquare: autoDraw = False
41.0406 	EXP 	whitesquare: autoDraw = False
41.0571 	EXP 	whitesquare: autoDraw = False
41.0741 	EXP 	whitesquare: autoDraw = False
41.0901 	EXP 	whitesquare: autoDraw = False
41.1080 	EXP 	whitesquare: autoDraw = False
41.1235 	EXP 	whitesquare: autoDraw = False
41.1408 	EXP 	whitesquare: autoDraw = False
41.1572 	EXP 	whitesquare: autoDraw = False
41.1740 	EXP 	whitesquare: autoDraw = False
41.1903 	EXP 	whitesquare: autoDraw = False
41.2076 	EXP 	whitesquare: autoDraw = False
41.2236 	EXP 	whitesquare: autoDraw = False
41.2407 	EXP 	whitesquare: autoDraw = False
41.2574 	EXP 	whitesquare: autoDraw = False
41.2741 	EXP 	whitesquare: autoDraw = False
41.2903 	EXP 	whitesquare: autoDraw = False
41.3078 	EXP 	whitesquare: autoDraw = False
41.3238 	EXP 	whitesquare: autoDraw = False
41.3409 	EXP 	whitesquare: autoDraw = False
41.3575 	EXP 	whitesquare: autoDraw = False
41.3743 	EXP 	whitesquare: autoDraw = False
41.3903 	EXP 	whitesquare: autoDraw = False
41.4076 	EXP 	whitesquare: autoDraw = False
41.4238 	EXP 	whitesquare: autoDraw = False
41.4409 	EXP 	whitesquare: autoDraw = False
41.4573 	EXP 	whitesquare: autoDraw = False
41.4742 	EXP 	whitesquare: autoDraw = False
41.4903 	EXP 	whitesquare: autoDraw = False
41.5077 	EXP 	whitesquare: autoDraw = False
41.5239 	EXP 	whitesquare: autoDraw = False
41.5411 	EXP 	whitesquare: autoDraw = False
41.5573 	EXP 	whitesquare: autoDraw = False
41.5742 	EXP 	whitesquare: autoDraw = False
41.5903 	EXP 	whitesquare: autoDraw = False
41.6080 	EXP 	whitesquare: autoDraw = False
41.6239 	EXP 	whitesquare: autoDraw = False
41.6408 	EXP 	whitesquare: autoDraw = False
41.6573 	EXP 	whitesquare: autoDraw = False
41.6742 	EXP 	whitesquare: autoDraw = False
41.6904 	EXP 	whitesquare: autoDraw = False
41.7078 	EXP 	whitesquare: autoDraw = False
41.7237 	EXP 	whitesquare: autoDraw = False
41.7409 	EXP 	whitesquare: autoDraw = False
41.7576 	EXP 	whitesquare: autoDraw = False
41.7744 	EXP 	whitesquare: autoDraw = False
41.7905 	EXP 	whitesquare: autoDraw = False
41.8079 	EXP 	whitesquare: autoDraw = False
41.8240 	EXP 	whitesquare: autoDraw = False
41.8411 	EXP 	whitesquare: autoDraw = False
41.8575 	EXP 	whitesquare: autoDraw = False
41.8744 	EXP 	whitesquare: autoDraw = False
41.8905 	EXP 	whitesquare: autoDraw = False
41.9080 	EXP 	whitesquare: autoDraw = False
41.9239 	EXP 	whitesquare: autoDraw = False
41.9411 	EXP 	whitesquare: autoDraw = False
41.9575 	EXP 	whitesquare: autoDraw = False
41.9744 	EXP 	whitesquare: autoDraw = False
41.9905 	EXP 	whitesquare: autoDraw = False
42.0083 	EXP 	whitesquare: autoDraw = False
42.0239 	EXP 	whitesquare: autoDraw = False
42.0412 	EXP 	whitesquare: autoDraw = False
42.0575 	EXP 	whitesquare: autoDraw = False
42.0744 	EXP 	whitesquare: autoDraw = False
42.0906 	EXP 	whitesquare: autoDraw = False
42.1079 	EXP 	whitesquare: autoDraw = False
42.1241 	EXP 	whitesquare: autoDraw = False
42.1410 	EXP 	whitesquare: autoDraw = False
42.1576 	EXP 	whitesquare: autoDraw = False
42.1745 	EXP 	whitesquare: autoDraw = False
42.1907 	EXP 	whitesquare: autoDraw = False
42.2081 	EXP 	whitesquare: autoDraw = False
42.2240 	EXP 	whitesquare: autoDraw = False
42.2412 	EXP 	whitesquare: autoDraw = False
42.2575 	EXP 	whitesquare: autoDraw = False
42.2745 	EXP 	whitesquare: autoDraw = False
42.2906 	EXP 	whitesquare: autoDraw = False
42.3081 	EXP 	whitesquare: autoDraw = False
42.3243 	EXP 	whitesquare: autoDraw = False
42.3411 	EXP 	whitesquare: autoDraw = False
42.3579 	EXP 	whitesquare: autoDraw = False
42.3745 	EXP 	whitesquare: autoDraw = False
42.3908 	EXP 	whitesquare: autoDraw = False
42.4084 	EXP 	whitesquare: autoDraw = False
42.4243 	EXP 	whitesquare: autoDraw = False
42.4412 	EXP 	whitesquare: autoDraw = False
42.4576 	EXP 	whitesquare: autoDraw = False
42.4746 	EXP 	whitesquare: autoDraw = False
42.4907 	EXP 	whitesquare: autoDraw = False
42.5084 	EXP 	whitesquare: autoDraw = False
42.5241 	EXP 	whitesquare: autoDraw = False
42.5414 	EXP 	whitesquare: autoDraw = False
42.5579 	EXP 	whitesquare: autoDraw = False
42.5746 	EXP 	whitesquare: autoDraw = False
42.5908 	EXP 	whitesquare: autoDraw = False
42.6082 	EXP 	whitesquare: autoDraw = False
42.6243 	EXP 	whitesquare: autoDraw = False
42.6413 	EXP 	whitesquare: autoDraw = False
42.6578 	EXP 	whitesquare: autoDraw = False
42.6747 	EXP 	whitesquare: autoDraw = False
42.6908 	EXP 	whitesquare: autoDraw = False
42.7084 	EXP 	whitesquare: autoDraw = False
42.7244 	EXP 	whitesquare: autoDraw = False
42.7413 	EXP 	whitesquare: autoDraw = False
42.7579 	EXP 	whitesquare: autoDraw = False
42.7747 	EXP 	whitesquare: autoDraw = False
42.7909 	EXP 	whitesquare: autoDraw = False
42.8084 	EXP 	whitesquare: autoDraw = False
42.8244 	EXP 	whitesquare: autoDraw = False
42.8413 	EXP 	whitesquare: autoDraw = False
42.8577 	EXP 	whitesquare: autoDraw = False
42.8748 	EXP 	whitesquare: autoDraw = False
42.8909 	EXP 	whitesquare: autoDraw = False
42.9084 	EXP 	whitesquare: autoDraw = False
42.9245 	EXP 	whitesquare: autoDraw = False
42.9414 	EXP 	whitesquare: autoDraw = False
42.9580 	EXP 	whitesquare: autoDraw = False
42.9748 	EXP 	whitesquare: autoDraw = False
42.9909 	EXP 	whitesquare: autoDraw = False
43.0085 	EXP 	whitesquare: autoDraw = False
43.0244 	EXP 	whitesquare: autoDraw = False
43.0415 	EXP 	whitesquare: autoDraw = False
43.0578 	EXP 	whitesquare: autoDraw = False
43.0749 	EXP 	whitesquare: autoDraw = False
43.0910 	EXP 	whitesquare: autoDraw = False
43.1085 	EXP 	whitesquare: autoDraw = False
43.1245 	EXP 	whitesquare: autoDraw = False
43.1414 	EXP 	whitesquare: autoDraw = False
43.1581 	EXP 	whitesquare: autoDraw = False
43.1750 	EXP 	whitesquare: autoDraw = False
43.1911 	EXP 	whitesquare: autoDraw = False
43.2084 	EXP 	whitesquare: autoDraw = False
43.2249 	EXP 	whitesquare: autoDraw = False
43.2417 	EXP 	whitesquare: autoDraw = False
43.2583 	EXP 	whitesquare: autoDraw = False
43.2750 	EXP 	whitesquare: autoDraw = False
43.2911 	EXP 	whitesquare: autoDraw = False
43.3097 	EXP 	whitesquare: autoDraw = False
43.3247 	EXP 	whitesquare: autoDraw = False
43.3414 	EXP 	whitesquare: autoDraw = False
43.3579 	EXP 	whitesquare: autoDraw = False
43.3762 	EXP 	whitesquare: autoDraw = False
43.3914 	EXP 	whitesquare: autoDraw = False
43.4091 	EXP 	whitesquare: autoDraw = False
43.4251 	EXP 	whitesquare: autoDraw = False
43.4419 	EXP 	whitesquare: autoDraw = False
43.4585 	EXP 	whitesquare: autoDraw = False
43.4757 	EXP 	whitesquare: autoDraw = False
43.4916 	EXP 	whitesquare: autoDraw = False
43.5088 	EXP 	whitesquare: autoDraw = False
43.5250 	EXP 	whitesquare: autoDraw = False
43.5422 	EXP 	whitesquare: autoDraw = False
43.5585 	EXP 	whitesquare: autoDraw = False
43.5759 	EXP 	whitesquare: autoDraw = False
43.5914 	EXP 	whitesquare: autoDraw = False
43.6086 	EXP 	whitesquare: autoDraw = False
43.6253 	EXP 	whitesquare: autoDraw = False
43.6425 	EXP 	whitesquare: autoDraw = False
43.6586 	EXP 	whitesquare: autoDraw = False
43.6757 	EXP 	whitesquare: autoDraw = False
43.6918 	EXP 	whitesquare: autoDraw = False
43.7098 	EXP 	whitesquare: autoDraw = False
43.7252 	EXP 	whitesquare: autoDraw = False
43.7421 	EXP 	whitesquare: autoDraw = False
43.7583 	EXP 	whitesquare: autoDraw = False
43.7757 	EXP 	whitesquare: autoDraw = False
43.7916 	EXP 	whitesquare: autoDraw = False
43.8089 	EXP 	whitesquare: autoDraw = False
43.8254 	EXP 	whitesquare: autoDraw = False
43.8421 	EXP 	whitesquare: autoDraw = False
43.8588 	EXP 	whitesquare: autoDraw = False
43.8759 	EXP 	whitesquare: autoDraw = False
43.8918 	EXP 	whitesquare: autoDraw = False
43.9087 	EXP 	whitesquare: autoDraw = False
43.9254 	EXP 	whitesquare: autoDraw = False
43.9429 	EXP 	whitesquare: autoDraw = False
43.9586 	EXP 	whitesquare: autoDraw = False
43.9756 	EXP 	whitesquare: autoDraw = False
43.9918 	EXP 	whitesquare: autoDraw = False
44.0089 	EXP 	whitesquare: autoDraw = False
44.0253 	EXP 	whitesquare: autoDraw = False
44.0421 	EXP 	whitesquare: autoDraw = False
44.0589 	EXP 	whitesquare: autoDraw = False
44.0765 	EXP 	whitesquare: autoDraw = False
44.0917 	EXP 	whitesquare: autoDraw = False
44.1089 	EXP 	whitesquare: autoDraw = False
44.1254 	EXP 	whitesquare: autoDraw = False
44.1421 	EXP 	whitesquare: autoDraw = False
44.1584 	EXP 	whitesquare: autoDraw = False
44.1758 	EXP 	whitesquare: autoDraw = False
44.1915 	EXP 	whitesquare: autoDraw = False
44.2089 	EXP 	whitesquare: autoDraw = False
44.2256 	EXP 	whitesquare: autoDraw = False
44.2421 	EXP 	whitesquare: autoDraw = False
44.2587 	EXP 	whitesquare: autoDraw = False
44.2762 	EXP 	whitesquare: autoDraw = False
44.2921 	EXP 	whitesquare: autoDraw = False
44.3095 	EXP 	whitesquare: autoDraw = False
44.3257 	EXP 	whitesquare: autoDraw = False
44.3426 	EXP 	whitesquare: autoDraw = False
44.3580 	EXP 	whitesquare: autoDraw = False
44.3757 	EXP 	whitesquare: autoDraw = False
44.3915 	EXP 	whitesquare: autoDraw = False
44.4089 	EXP 	whitesquare: autoDraw = False
44.4251 	EXP 	whitesquare: autoDraw = False
44.4418 	EXP 	whitesquare: autoDraw = False
44.4585 	EXP 	whitesquare: autoDraw = False
44.4756 	EXP 	whitesquare: autoDraw = False
44.4917 	EXP 	whitesquare: autoDraw = False
44.5088 	EXP 	whitesquare: autoDraw = False
44.5252 	EXP 	whitesquare: autoDraw = False
44.5421 	EXP 	whitesquare: autoDraw = False
44.5581 	EXP 	whitesquare: autoDraw = False
44.5757 	EXP 	whitesquare: autoDraw = False
44.5914 	EXP 	whitesquare: autoDraw = False
44.6086 	EXP 	whitesquare: autoDraw = False
44.6257 	EXP 	whitesquare: autoDraw = False
44.6420 	EXP 	whitesquare: autoDraw = False
44.6582 	EXP 	whitesquare: autoDraw = False
44.6765 	EXP 	whitesquare: autoDraw = False
44.6915 	EXP 	whitesquare: autoDraw = False
44.7087 	EXP 	whitesquare: autoDraw = False
44.7252 	EXP 	whitesquare: autoDraw = False
44.7418 	EXP 	whitesquare: autoDraw = False
44.7583 	EXP 	whitesquare: autoDraw = False
44.7765 	EXP 	whitesquare: autoDraw = False
44.7914 	EXP 	whitesquare: autoDraw = False
44.8087 	EXP 	whitesquare: autoDraw = False
44.8253 	EXP 	whitesquare: autoDraw = False
44.8420 	EXP 	whitesquare: autoDraw = False
44.8583 	EXP 	whitesquare: autoDraw = False
44.8765 	EXP 	whitesquare: autoDraw = False
44.8915 	EXP 	whitesquare: autoDraw = False
44.9087 	EXP 	whitesquare: autoDraw = False
44.9256 	EXP 	whitesquare: autoDraw = False
44.9424 	EXP 	whitesquare: autoDraw = False
44.9583 	EXP 	whitesquare: autoDraw = False
44.9765 	EXP 	whitesquare: autoDraw = False
44.9915 	EXP 	whitesquare: autoDraw = False
45.0087 	EXP 	whitesquare: autoDraw = False
45.0255 	EXP 	whitesquare: autoDraw = False
45.0422 	EXP 	whitesquare: autoDraw = False
45.0585 	EXP 	whitesquare: autoDraw = False
45.0758 	EXP 	whitesquare: autoDraw = False
45.0915 	EXP 	whitesquare: autoDraw = False
45.1089 	EXP 	whitesquare: autoDraw = False
45.1254 	EXP 	whitesquare: autoDraw = False
45.1421 	EXP 	whitesquare: autoDraw = False
45.1585 	EXP 	whitesquare: autoDraw = False
45.1765 	EXP 	whitesquare: autoDraw = False
45.1915 	EXP 	whitesquare: autoDraw = False
45.2089 	EXP 	whitesquare: autoDraw = False
45.2264 	EXP 	whitesquare: autoDraw = False
45.2421 	EXP 	whitesquare: autoDraw = False
45.2585 	EXP 	whitesquare: autoDraw = False
45.2759 	EXP 	whitesquare: autoDraw = False
45.2918 	EXP 	whitesquare: autoDraw = False
45.3088 	EXP 	whitesquare: autoDraw = False
45.3255 	EXP 	whitesquare: autoDraw = False
45.3421 	EXP 	whitesquare: autoDraw = False
45.3588 	EXP 	whitesquare: autoDraw = False
45.3761 	EXP 	whitesquare: autoDraw = False
45.3916 	EXP 	whitesquare: autoDraw = False
45.4090 	EXP 	whitesquare: autoDraw = False
45.4255 	EXP 	whitesquare: autoDraw = False
45.4422 	EXP 	whitesquare: autoDraw = False
45.4585 	EXP 	whitesquare: autoDraw = False
45.4761 	EXP 	whitesquare: autoDraw = False
45.4919 	EXP 	whitesquare: autoDraw = False
45.5089 	EXP 	whitesquare: autoDraw = False
45.5257 	EXP 	whitesquare: autoDraw = False
45.5422 	EXP 	whitesquare: autoDraw = False
45.5586 	EXP 	whitesquare: autoDraw = False
45.5762 	EXP 	whitesquare: autoDraw = False
45.5918 	EXP 	whitesquare: autoDraw = False
45.6090 	EXP 	whitesquare: autoDraw = False
45.6257 	EXP 	whitesquare: autoDraw = False
45.6427 	EXP 	whitesquare: autoDraw = False
45.6585 	EXP 	whitesquare: autoDraw = False
45.6762 	EXP 	whitesquare: autoDraw = False
45.6918 	EXP 	whitesquare: autoDraw = False
45.7093 	EXP 	whitesquare: autoDraw = False
45.7256 	EXP 	whitesquare: autoDraw = False
45.7424 	EXP 	whitesquare: autoDraw = False
45.7584 	EXP 	whitesquare: autoDraw = False
45.7763 	EXP 	whitesquare: autoDraw = False
45.7919 	EXP 	whitesquare: autoDraw = False
45.8090 	EXP 	whitesquare: autoDraw = False
45.8264 	EXP 	whitesquare: autoDraw = False
45.8422 	EXP 	whitesquare: autoDraw = False
45.8586 	EXP 	whitesquare: autoDraw = False
45.8760 	EXP 	whitesquare: autoDraw = False
45.8919 	EXP 	whitesquare: autoDraw = False
45.9092 	EXP 	whitesquare: autoDraw = False
45.9258 	EXP 	whitesquare: autoDraw = False
45.9425 	EXP 	whitesquare: autoDraw = False
45.9587 	EXP 	whitesquare: autoDraw = False
45.9763 	EXP 	whitesquare: autoDraw = False
45.9920 	EXP 	whitesquare: autoDraw = False
46.0092 	EXP 	whitesquare: autoDraw = False
46.0259 	EXP 	whitesquare: autoDraw = False
46.0423 	EXP 	whitesquare: autoDraw = False
46.0589 	EXP 	whitesquare: autoDraw = False
46.0763 	EXP 	whitesquare: autoDraw = False
46.0920 	EXP 	whitesquare: autoDraw = False
46.1092 	EXP 	whitesquare: autoDraw = False
46.1257 	EXP 	whitesquare: autoDraw = False
46.1426 	EXP 	whitesquare: autoDraw = False
46.1586 	EXP 	whitesquare: autoDraw = False
46.1762 	EXP 	whitesquare: autoDraw = False
46.1920 	EXP 	whitesquare: autoDraw = False
46.2092 	EXP 	whitesquare: autoDraw = False
46.2260 	EXP 	whitesquare: autoDraw = False
46.2425 	EXP 	whitesquare: autoDraw = False
46.2591 	EXP 	whitesquare: autoDraw = False
46.2766 	EXP 	whitesquare: autoDraw = False
46.2921 	EXP 	whitesquare: autoDraw = False
46.3092 	EXP 	whitesquare: autoDraw = False
46.3260 	EXP 	whitesquare: autoDraw = False
46.3425 	EXP 	whitesquare: autoDraw = False
46.3595 	EXP 	whitesquare: autoDraw = False
46.3634 	DATA 	Keypress: escape
46.6486 	EXP 	window1: mouseVisible = True
