6.3482 	WARNING 	User requested fullscreen with size [1024  768], but screen is actually [1280, 800]. Using actual size
7.1900 	EXP 	Created window1 = Window(allowGUI=False, allowStencil=False, args=UNKNOWN, autoLog=True, bitsMode=UNKNOWN, blendMode='avg', color=array([-1., -1., -1.]), colorSpace='rgb', fullscr=UNKNOWN, gamma=None, kwargs=UNKNOWN, lms=UNKNOWN, monitor=<psychopy.monitors.calibTools.Monitor object at 0x11241fc50>, multiSample=False, name='window1', numSamples=2, pos=[0.0, 0.0], screen=0, size=array([2560, 1600]), stereo=False, units='norm', useFBO=True, useRetina=True, viewOri=0.0, viewPos=None, viewScale=None, waitBlanking=True, winType='pyglet')
7.1901 	EXP 	window1: recordFrameIntervals = False
7.3549 	EXP 	window1: recordFrameIntervals = True
7.5387 	EXP 	window1: recordFrameIntervals = False
7.5471 	EXP 	<method-wrapper '__getattribute__' of attributeSetter object at 0x103dca0f0>: vertices = array([[-0.25,  0.25],
       [ 0.25,  0.25],
       [ 0.25, -0.25],
       [-0.25, -0.25]])
7.5497 	EXP 	Created whitesquare = Rect(__class__=<class 'psychopy.visual.rect.Rect'>, autoDraw=False, autoLog=True, closeShape=True, contrast=1.0, depth=0.0, fillColor=array([1., 1., 1.]), fillColorSpace='rgb', fillRGB=array([1., 1., 1.]), interpolate=True, lineColor=array([1., 1., 1.]), lineColorSpace='rgb', lineRGB=array([1., 1., 1.]), lineWidth=1, name='whitesquare', opacity=0.9, ori=array(0.), pos=array([14.9, 11.2]), size=array([1., 1.]), units='cm', vertices=ndarray(...), win=Window(...))
7.7025 	EXP 	Created intro_text = TextStim(__class__=<class 'psychopy.visual.text.TextStim'>, alignHoriz='center', alignVert='center', antialias=True, autoLog=True, bold=False, color='white', colorSpace='named', contrast=1.0, depth=0.0, flipHoriz=False, flipVert=False, font='Arial', fontFiles=[], height=0.1, italic=False, name='intro_text', opacity=1.0, ori=0, pos=array([0., 0.]), rgb=array([255., 255., 255.]), text=str(...), units='norm', win=Window(...), wrapWidth=1)
7.7267 	EXP 	Created intro_text = TextStim(__class__=<class 'psychopy.visual.text.TextStim'>, alignHoriz='center', alignVert='center', antialias=True, autoLog=True, bold=False, color='white', colorSpace='named', contrast=1.0, depth=0.0, flipHoriz=False, flipVert=False, font='Arial', fontFiles=[], height=0.1, italic=False, name='intro_text', opacity=1.0, ori=0, pos=array([0., 0.]), rgb=array([255., 255., 255.]), text=str(...), units='norm', win=Window(...), wrapWidth=1)
7.7418 	EXP 	Created open_text = TextStim(__class__=<class 'psychopy.visual.text.TextStim'>, alignHoriz='center', alignVert='center', antialias=True, autoLog=True, bold=False, color='white', colorSpace='named', contrast=1.0, depth=0.0, flipHoriz=False, flipVert=False, font='Arial', fontFiles=[], height=0.1, italic=False, name='open_text', opacity=1.0, ori=0, pos=array([0., 0.]), rgb=array([255., 255., 255.]), text=str(...), units='norm', win=Window(...), wrapWidth=1)
7.7460 	EXP 	Created fixation = TextStim(__class__=<class 'psychopy.visual.text.TextStim'>, alignHoriz='center', alignVert='center', antialias=True, autoLog=True, bold=False, color='white', colorSpace='named', contrast=1.0, depth=-1.0, flipHoriz=False, flipVert=False, font='Arial', fontFiles=[], height=0.1, italic=False, name='fixation', opacity=1.0, ori=0, pos=array([0., 0.]), rgb=array([255., 255., 255.]), text='+\n', units='norm', win=Window(...), wrapWidth=1)
7.7606 	EXP 	Created close_text = TextStim(__class__=<class 'psychopy.visual.text.TextStim'>, alignHoriz='center', alignVert='center', antialias=True, autoLog=True, bold=False, color='white', colorSpace='named', contrast=1.0, depth=0.0, flipHoriz=False, flipVert=False, font='Arial', fontFiles=[], height=0.1, italic=False, name='close_text', opacity=1.0, ori=0, pos=array([0., 0.]), rgb=array([255., 255., 255.]), text=str(...), units='norm', win=Window(...), wrapWidth=1)
7.7632 	EXP 	Created blank = TextStim(__class__=<class 'psychopy.visual.text.TextStim'>, alignHoriz='center', alignVert='center', antialias=True, autoLog=True, bold=False, color='white', colorSpace='named', contrast=1.0, depth=-1.0, flipHoriz=False, flipVert=False, font='Arial', fontFiles=[], height=0.1, italic=False, name='blank', opacity=1.0, ori=0, pos=array([0., 0.]), rgb=array([255., 255., 255.]), text=' ', units='norm', win=Window(...), wrapWidth=1)
7.8228 	EXP 	Set  sound=./sound/open_speak.wav
7.8229 	EXP 	Set Sound  volume=1.000
7.8326 	EXP 	Created gaze_text = TextStim(__class__=<class 'psychopy.visual.text.TextStim'>, alignHoriz='center', alignVert='center', antialias=True, autoLog=True, bold=False, color='white', colorSpace='named', contrast=1.0, depth=0.0, flipHoriz=False, flipVert=False, font='Arial', fontFiles=[], height=0.1, italic=False, name='gaze_text', opacity=1.0, ori=0, pos=array([0., 0.]), rgb=array([255., 255., 255.]), text=str(...), units='norm', win=Window(...), wrapWidth=1)
7.8370 	EXP 	Created center = ShapeStim(__class__=<class 'psychopy.visual.shape.ShapeStim'>, autoDraw=False, autoLog=True, closeShape=True, contrast=1.0, depth=0.0, fillColor=array([1., 1., 1.]), fillColorSpace='rgb', interpolate=True, lineColor=array([1., 1., 1.]), lineColorSpace='rgb', lineWidth=1, name='center', opacity=1.0, ori=array(0.), pos=array([0., 0.]), size=array([0.5, 0.5]), units='cm', vertices=ndarray(...), win=Window(...), windingRule=None)
7.8380 	EXP 	Set  sound=./sound/left_speak.wav
7.8380 	EXP 	Set Sound  volume=1.000
7.8400 	EXP 	Created left = ShapeStim(__class__=<class 'psychopy.visual.shape.ShapeStim'>, autoDraw=False, autoLog=True, closeShape=True, contrast=1.0, depth=0.0, fillColor=array([1., 1., 1.]), fillColorSpace='rgb', interpolate=True, lineColor=array([1., 1., 1.]), lineColorSpace='rgb', lineWidth=1, name='left', opacity=1.0, ori=array(0.), pos=array([-14.,   0.]), size=array([0.5, 0.5]), units='cm', vertices=ndarray(...), win=Window(...), windingRule=None)
7.8408 	EXP 	Set  sound=./sound/right_speak.wav
7.8408 	EXP 	Set Sound  volume=1.000
7.8427 	EXP 	Created right = ShapeStim(__class__=<class 'psychopy.visual.shape.ShapeStim'>, autoDraw=False, autoLog=True, closeShape=True, contrast=1.0, depth=0.0, fillColor=array([1., 1., 1.]), fillColorSpace='rgb', interpolate=True, lineColor=array([1., 1., 1.]), lineColorSpace='rgb', lineWidth=1, name='right', opacity=1.0, ori=array(0.), pos=array([14.,  0.]), size=array([0.5, 0.5]), units='cm', vertices=ndarray(...), win=Window(...), windingRule=None)
7.8438 	EXP 	Set  sound=./sound/up_speak.wav
7.8438 	EXP 	Set Sound  volume=1.000
7.8457 	EXP 	Created up = ShapeStim(__class__=<class 'psychopy.visual.shape.ShapeStim'>, autoDraw=False, autoLog=True, closeShape=True, contrast=1.0, depth=0.0, fillColor=array([1., 1., 1.]), fillColorSpace='rgb', interpolate=True, lineColor=array([1., 1., 1.]), lineColorSpace='rgb', lineWidth=1, name='up', opacity=1.0, ori=array(0.), pos=array([ 0., 14.]), size=array([0.5, 0.5]), units='cm', vertices=ndarray(...), win=Window(...), windingRule=None)
7.8466 	EXP 	Set  sound=./sound/down_speak.wav
7.8466 	EXP 	Set Sound  volume=1.000
7.8488 	EXP 	Created down = ShapeStim(__class__=<class 'psychopy.visual.shape.ShapeStim'>, autoDraw=False, autoLog=True, closeShape=True, contrast=1.0, depth=0.0, fillColor=array([1., 1., 1.]), fillColorSpace='rgb', interpolate=True, lineColor=array([1., 1., 1.]), lineColorSpace='rgb', lineWidth=1, name='down', opacity=1.0, ori=array(0.), pos=array([  0., -14.]), size=array([0.5, 0.5]), units='cm', vertices=ndarray(...), win=Window(...), windingRule=None)
7.8596 	EXP 	Created esc = TextStim(__class__=<class 'psychopy.visual.text.TextStim'>, alignHoriz='center', alignVert='center', antialias=True, autoLog=True, bold=False, color='white', colorSpace='named', contrast=1.0, depth=0.0, flipHoriz=False, flipVert=False, font='Arial', fontFiles=[], height=0.1, italic=False, name='esc', opacity=1.0, ori=0, pos=array([0., 0.]), rgb=array([255., 255., 255.]), text="End of test\n\nPress 'esc'", units='norm', win=Window(...), wrapWidth=1)
7.8897 	EXP 	intro_text: autoDraw = True
7.8897 	EXP 	whitesquare: autoDraw = True
8.8985 	DATA 	Keypress: space
8.9216 	EXP 	intro_text: autoDraw = False
8.9216 	EXP 	whitesquare: autoDraw = False
8.9216 	EXP 	intro_text: autoDraw = True
9.2415 	DATA 	Keypress: space
9.2553 	EXP 	intro_text: autoDraw = False
9.2553 	EXP 	open_text: autoDraw = True
13.2404 	DATA 	wsqS
13.2577 	EXP 	open_text: autoDraw = False
13.2577 	EXP 	fixation: autoDraw = True
13.2577 	EXP 	whitesquare: autoDraw = True
13.2735 	EXP 	whitesquare: autoDraw = False
13.2906 	EXP 	whitesquare: autoDraw = False
13.3071 	EXP 	whitesquare: autoDraw = False
13.3241 	EXP 	whitesquare: autoDraw = False
13.3402 	EXP 	whitesquare: autoDraw = False
13.3575 	EXP 	whitesquare: autoDraw = False
13.3736 	EXP 	whitesquare: autoDraw = False
13.3906 	EXP 	whitesquare: autoDraw = False
13.4072 	EXP 	whitesquare: autoDraw = False
13.4240 	EXP 	whitesquare: autoDraw = False
13.4401 	EXP 	whitesquare: autoDraw = False
13.4575 	EXP 	whitesquare: autoDraw = False
13.4735 	EXP 	whitesquare: autoDraw = False
13.4907 	EXP 	whitesquare: autoDraw = False
13.5072 	EXP 	whitesquare: autoDraw = False
13.5242 	EXP 	whitesquare: autoDraw = False
13.5403 	EXP 	whitesquare: autoDraw = False
13.5575 	EXP 	whitesquare: autoDraw = False
13.5735 	EXP 	whitesquare: autoDraw = False
13.5907 	EXP 	whitesquare: autoDraw = False
13.6072 	EXP 	whitesquare: autoDraw = False
13.6241 	EXP 	whitesquare: autoDraw = False
13.6403 	EXP 	whitesquare: autoDraw = False
13.6575 	EXP 	whitesquare: autoDraw = False
13.6738 	EXP 	whitesquare: autoDraw = False
13.6907 	EXP 	whitesquare: autoDraw = False
13.7072 	EXP 	whitesquare: autoDraw = False
13.7242 	EXP 	whitesquare: autoDraw = False
13.7402 	EXP 	whitesquare: autoDraw = False
13.7576 	EXP 	whitesquare: autoDraw = False
13.7737 	EXP 	whitesquare: autoDraw = False
13.7908 	EXP 	whitesquare: autoDraw = False
13.8073 	EXP 	whitesquare: autoDraw = False
13.8242 	EXP 	whitesquare: autoDraw = False
13.8404 	EXP 	whitesquare: autoDraw = False
13.8578 	EXP 	whitesquare: autoDraw = False
13.8740 	EXP 	whitesquare: autoDraw = False
13.8909 	EXP 	whitesquare: autoDraw = False
13.9073 	EXP 	whitesquare: autoDraw = False
13.9244 	EXP 	whitesquare: autoDraw = False
13.9404 	EXP 	whitesquare: autoDraw = False
13.9578 	EXP 	whitesquare: autoDraw = False
13.9738 	EXP 	whitesquare: autoDraw = False
13.9908 	EXP 	whitesquare: autoDraw = False
14.0075 	EXP 	whitesquare: autoDraw = False
14.0246 	EXP 	whitesquare: autoDraw = False
14.0404 	EXP 	whitesquare: autoDraw = False
14.0579 	EXP 	whitesquare: autoDraw = False
14.0737 	EXP 	whitesquare: autoDraw = False
14.0910 	EXP 	whitesquare: autoDraw = False
14.1074 	EXP 	whitesquare: autoDraw = False
14.1244 	EXP 	whitesquare: autoDraw = False
14.1405 	EXP 	whitesquare: autoDraw = False
14.1580 	EXP 	whitesquare: autoDraw = False
14.1743 	EXP 	whitesquare: autoDraw = False
14.1909 	EXP 	whitesquare: autoDraw = False
14.2075 	EXP 	whitesquare: autoDraw = False
14.2244 	EXP 	whitesquare: autoDraw = False
14.2405 	EXP 	whitesquare: autoDraw = False
14.2579 	EXP 	whitesquare: autoDraw = False
14.2740 	EXP 	whitesquare: autoDraw = False
14.2909 	EXP 	whitesquare: autoDraw = False
14.3074 	EXP 	whitesquare: autoDraw = False
14.3244 	EXP 	whitesquare: autoDraw = False
14.3406 	EXP 	whitesquare: autoDraw = False
14.3580 	EXP 	whitesquare: autoDraw = False
14.3741 	EXP 	whitesquare: autoDraw = False
14.3910 	EXP 	whitesquare: autoDraw = False
14.4077 	EXP 	whitesquare: autoDraw = False
14.4245 	EXP 	whitesquare: autoDraw = False
14.4406 	EXP 	whitesquare: autoDraw = False
14.4580 	EXP 	whitesquare: autoDraw = False
14.4738 	EXP 	whitesquare: autoDraw = False
14.4911 	EXP 	whitesquare: autoDraw = False
14.5078 	EXP 	whitesquare: autoDraw = False
14.5245 	EXP 	whitesquare: autoDraw = False
14.5406 	EXP 	whitesquare: autoDraw = False
14.5582 	EXP 	whitesquare: autoDraw = False
14.5738 	EXP 	whitesquare: autoDraw = False
14.5911 	EXP 	whitesquare: autoDraw = False
14.6076 	EXP 	whitesquare: autoDraw = False
14.6245 	EXP 	whitesquare: autoDraw = False
14.6408 	EXP 	whitesquare: autoDraw = False
14.6581 	EXP 	whitesquare: autoDraw = False
14.6740 	EXP 	whitesquare: autoDraw = False
14.6911 	EXP 	whitesquare: autoDraw = False
14.7076 	EXP 	whitesquare: autoDraw = False
14.7251 	EXP 	whitesquare: autoDraw = False
14.7408 	EXP 	whitesquare: autoDraw = False
14.7581 	EXP 	whitesquare: autoDraw = False
14.7740 	EXP 	whitesquare: autoDraw = False
14.7919 	EXP 	whitesquare: autoDraw = False
14.8077 	EXP 	whitesquare: autoDraw = False
14.8249 	EXP 	whitesquare: autoDraw = False
14.8411 	EXP 	whitesquare: autoDraw = False
14.8584 	EXP 	whitesquare: autoDraw = False
14.8741 	EXP 	whitesquare: autoDraw = False
14.8912 	EXP 	whitesquare: autoDraw = False
14.9076 	EXP 	whitesquare: autoDraw = False
14.9247 	EXP 	whitesquare: autoDraw = False
14.9408 	EXP 	whitesquare: autoDraw = False
14.9584 	EXP 	whitesquare: autoDraw = False
14.9741 	EXP 	whitesquare: autoDraw = False
14.9913 	EXP 	whitesquare: autoDraw = False
15.0078 	EXP 	whitesquare: autoDraw = False
15.0248 	EXP 	whitesquare: autoDraw = False
15.0407 	EXP 	whitesquare: autoDraw = False
15.0584 	EXP 	whitesquare: autoDraw = False
15.0741 	EXP 	whitesquare: autoDraw = False
15.0914 	EXP 	whitesquare: autoDraw = False
15.1077 	EXP 	whitesquare: autoDraw = False
15.1249 	EXP 	whitesquare: autoDraw = False
15.1408 	EXP 	whitesquare: autoDraw = False
15.1581 	EXP 	whitesquare: autoDraw = False
15.1742 	EXP 	whitesquare: autoDraw = False
15.1912 	EXP 	whitesquare: autoDraw = False
15.2080 	EXP 	whitesquare: autoDraw = False
15.2248 	EXP 	whitesquare: autoDraw = False
15.2409 	EXP 	whitesquare: autoDraw = False
15.2584 	EXP 	whitesquare: autoDraw = False
15.2743 	EXP 	whitesquare: autoDraw = False
15.2912 	EXP 	whitesquare: autoDraw = False
15.3079 	EXP 	whitesquare: autoDraw = False
15.3248 	EXP 	whitesquare: autoDraw = False
15.3407 	EXP 	whitesquare: autoDraw = False
15.3583 	EXP 	whitesquare: autoDraw = False
15.3740 	EXP 	whitesquare: autoDraw = False
15.3914 	EXP 	whitesquare: autoDraw = False
15.4079 	EXP 	whitesquare: autoDraw = False
15.4249 	EXP 	whitesquare: autoDraw = False
15.4410 	EXP 	whitesquare: autoDraw = False
15.4584 	EXP 	whitesquare: autoDraw = False
15.4743 	EXP 	whitesquare: autoDraw = False
15.4915 	EXP 	whitesquare: autoDraw = False
15.5079 	EXP 	whitesquare: autoDraw = False
15.5249 	EXP 	whitesquare: autoDraw = False
15.5410 	EXP 	whitesquare: autoDraw = False
15.5585 	EXP 	whitesquare: autoDraw = False
15.5742 	EXP 	whitesquare: autoDraw = False
15.5915 	EXP 	whitesquare: autoDraw = False
15.6080 	EXP 	whitesquare: autoDraw = False
15.6252 	EXP 	whitesquare: autoDraw = False
15.6409 	EXP 	whitesquare: autoDraw = False
15.6586 	EXP 	whitesquare: autoDraw = False
15.6743 	EXP 	whitesquare: autoDraw = False
15.6914 	EXP 	whitesquare: autoDraw = False
15.7080 	EXP 	whitesquare: autoDraw = False
15.7251 	EXP 	whitesquare: autoDraw = False
15.7411 	EXP 	whitesquare: autoDraw = False
15.7584 	EXP 	whitesquare: autoDraw = False
15.7744 	EXP 	whitesquare: autoDraw = False
15.7915 	EXP 	whitesquare: autoDraw = False
15.8082 	EXP 	whitesquare: autoDraw = False
15.8252 	EXP 	whitesquare: autoDraw = False
15.8410 	EXP 	whitesquare: autoDraw = False
15.8586 	EXP 	whitesquare: autoDraw = False
15.8743 	EXP 	whitesquare: autoDraw = False
15.8916 	EXP 	whitesquare: autoDraw = False
15.9081 	EXP 	whitesquare: autoDraw = False
15.9253 	EXP 	whitesquare: autoDraw = False
15.9411 	EXP 	whitesquare: autoDraw = False
15.9585 	EXP 	whitesquare: autoDraw = False
15.9745 	EXP 	whitesquare: autoDraw = False
15.9917 	EXP 	whitesquare: autoDraw = False
16.0081 	EXP 	whitesquare: autoDraw = False
16.0251 	EXP 	whitesquare: autoDraw = False
16.0410 	EXP 	whitesquare: autoDraw = False
16.0588 	EXP 	whitesquare: autoDraw = False
16.0744 	EXP 	whitesquare: autoDraw = False
16.0918 	EXP 	whitesquare: autoDraw = False
16.1082 	EXP 	whitesquare: autoDraw = False
16.1252 	EXP 	whitesquare: autoDraw = False
16.1409 	EXP 	whitesquare: autoDraw = False
16.1588 	EXP 	whitesquare: autoDraw = False
16.1744 	EXP 	whitesquare: autoDraw = False
16.1917 	EXP 	whitesquare: autoDraw = False
16.2083 	EXP 	whitesquare: autoDraw = False
16.2253 	EXP 	whitesquare: autoDraw = False
16.2412 	EXP 	whitesquare: autoDraw = False
16.2588 	EXP 	whitesquare: autoDraw = False
16.2748 	EXP 	whitesquare: autoDraw = False
16.2917 	EXP 	whitesquare: autoDraw = False
16.3083 	EXP 	whitesquare: autoDraw = False
16.3256 	EXP 	whitesquare: autoDraw = False
16.3412 	EXP 	whitesquare: autoDraw = False
16.3592 	EXP 	whitesquare: autoDraw = False
16.3745 	EXP 	whitesquare: autoDraw = False
16.3918 	EXP 	whitesquare: autoDraw = False
16.4083 	EXP 	whitesquare: autoDraw = False
16.4253 	EXP 	whitesquare: autoDraw = False
16.4412 	EXP 	whitesquare: autoDraw = False
16.4586 	EXP 	whitesquare: autoDraw = False
16.4745 	EXP 	whitesquare: autoDraw = False
16.4918 	EXP 	whitesquare: autoDraw = False
16.5085 	EXP 	whitesquare: autoDraw = False
16.5254 	EXP 	whitesquare: autoDraw = False
16.5413 	EXP 	whitesquare: autoDraw = False
16.5589 	EXP 	whitesquare: autoDraw = False
16.5746 	EXP 	whitesquare: autoDraw = False
16.5917 	EXP 	whitesquare: autoDraw = False
16.6085 	EXP 	whitesquare: autoDraw = False
16.6255 	EXP 	whitesquare: autoDraw = False
16.6413 	EXP 	whitesquare: autoDraw = False
16.6590 	EXP 	whitesquare: autoDraw = False
16.6746 	EXP 	whitesquare: autoDraw = False
16.6917 	EXP 	whitesquare: autoDraw = False
16.7083 	EXP 	whitesquare: autoDraw = False
16.7253 	EXP 	whitesquare: autoDraw = False
16.7413 	EXP 	whitesquare: autoDraw = False
16.7588 	EXP 	whitesquare: autoDraw = False
16.7752 	EXP 	whitesquare: autoDraw = False
16.7920 	EXP 	whitesquare: autoDraw = False
16.8088 	EXP 	whitesquare: autoDraw = False
16.8260 	EXP 	whitesquare: autoDraw = False
16.8417 	EXP 	whitesquare: autoDraw = False
16.8594 	EXP 	whitesquare: autoDraw = False
16.8751 	EXP 	whitesquare: autoDraw = False
16.8923 	EXP 	whitesquare: autoDraw = False
16.9083 	EXP 	whitesquare: autoDraw = False
16.9271 	EXP 	whitesquare: autoDraw = False
16.9416 	EXP 	whitesquare: autoDraw = False
16.9593 	EXP 	whitesquare: autoDraw = False
16.9750 	EXP 	whitesquare: autoDraw = False
16.9923 	EXP 	whitesquare: autoDraw = False
17.0090 	EXP 	whitesquare: autoDraw = False
17.0258 	EXP 	whitesquare: autoDraw = False
17.0417 	EXP 	whitesquare: autoDraw = False
17.0595 	EXP 	whitesquare: autoDraw = False
17.0757 	EXP 	whitesquare: autoDraw = False
17.0924 	EXP 	whitesquare: autoDraw = False
17.1100 	EXP 	whitesquare: autoDraw = False
17.1257 	EXP 	whitesquare: autoDraw = False
17.1421 	EXP 	whitesquare: autoDraw = False
17.1603 	EXP 	whitesquare: autoDraw = False
17.1750 	EXP 	whitesquare: autoDraw = False
17.1921 	EXP 	whitesquare: autoDraw = False
17.2091 	EXP 	whitesquare: autoDraw = False
17.2260 	EXP 	whitesquare: autoDraw = False
17.2419 	EXP 	whitesquare: autoDraw = False
17.2604 	EXP 	whitesquare: autoDraw = False
17.2750 	EXP 	whitesquare: autoDraw = False
17.2925 	EXP 	whitesquare: autoDraw = False
17.3090 	EXP 	whitesquare: autoDraw = False
17.3261 	EXP 	whitesquare: autoDraw = False
17.3423 	EXP 	whitesquare: autoDraw = False
17.3600 	EXP 	whitesquare: autoDraw = False
17.3751 	EXP 	whitesquare: autoDraw = False
17.3928 	EXP 	whitesquare: autoDraw = False
17.4093 	EXP 	whitesquare: autoDraw = False
17.4264 	EXP 	whitesquare: autoDraw = False
17.4420 	EXP 	whitesquare: autoDraw = False
17.4597 	EXP 	whitesquare: autoDraw = False
17.4753 	EXP 	whitesquare: autoDraw = False
17.4925 	EXP 	whitesquare: autoDraw = False
17.5088 	EXP 	whitesquare: autoDraw = False
17.5259 	EXP 	whitesquare: autoDraw = False
17.5418 	EXP 	whitesquare: autoDraw = False
17.5597 	EXP 	whitesquare: autoDraw = False
17.5756 	EXP 	whitesquare: autoDraw = False
17.5924 	EXP 	whitesquare: autoDraw = False
17.6094 	EXP 	whitesquare: autoDraw = False
17.6264 	EXP 	whitesquare: autoDraw = False
17.6419 	EXP 	whitesquare: autoDraw = False
17.6599 	EXP 	whitesquare: autoDraw = False
17.6755 	EXP 	whitesquare: autoDraw = False
17.6933 	EXP 	whitesquare: autoDraw = False
17.7094 	EXP 	whitesquare: autoDraw = False
17.7265 	EXP 	whitesquare: autoDraw = False
17.7421 	EXP 	whitesquare: autoDraw = False
17.7597 	EXP 	whitesquare: autoDraw = False
17.7752 	EXP 	whitesquare: autoDraw = False
17.7921 	EXP 	whitesquare: autoDraw = False
17.8095 	EXP 	whitesquare: autoDraw = False
17.8258 	EXP 	whitesquare: autoDraw = False
17.8419 	EXP 	whitesquare: autoDraw = False
17.8596 	EXP 	whitesquare: autoDraw = False
17.8751 	EXP 	whitesquare: autoDraw = False
17.8923 	EXP 	whitesquare: autoDraw = False
17.9089 	EXP 	whitesquare: autoDraw = False
17.9260 	EXP 	whitesquare: autoDraw = False
17.9418 	EXP 	whitesquare: autoDraw = False
17.9602 	EXP 	whitesquare: autoDraw = False
17.9753 	EXP 	whitesquare: autoDraw = False
17.9926 	EXP 	whitesquare: autoDraw = False
18.0096 	EXP 	whitesquare: autoDraw = False
18.0258 	EXP 	whitesquare: autoDraw = False
18.0418 	EXP 	whitesquare: autoDraw = False
18.0595 	EXP 	whitesquare: autoDraw = False
18.0754 	EXP 	whitesquare: autoDraw = False
18.0923 	EXP 	whitesquare: autoDraw = False
18.1091 	EXP 	whitesquare: autoDraw = False
18.1263 	EXP 	whitesquare: autoDraw = False
18.1418 	EXP 	whitesquare: autoDraw = False
18.1602 	EXP 	whitesquare: autoDraw = False
18.1754 	EXP 	whitesquare: autoDraw = False
18.1924 	EXP 	whitesquare: autoDraw = False
18.2092 	EXP 	whitesquare: autoDraw = False
18.2261 	EXP 	whitesquare: autoDraw = False
18.2419 	EXP 	whitesquare: autoDraw = False
18.2435 	EXP 	Set  sound=./sound/open_speak.wav
18.2596 	EXP 	whitesquare: autoDraw = False
18.2596 	EXP 	fixation: autoDraw = False
18.2596 	EXP 	open_text: autoDraw = False
18.2596 	EXP 	fixation: autoDraw = False
18.2596 	EXP 	close_text: autoDraw = True
22.2621 	DATA 	wsqS
22.2784 	EXP 	close_text: autoDraw = False
22.2784 	EXP 	blank: autoDraw = True
22.2784 	EXP 	whitesquare: autoDraw = True
22.2944 	EXP 	whitesquare: autoDraw = False
22.3119 	EXP 	whitesquare: autoDraw = False
22.3277 	EXP 	whitesquare: autoDraw = False
22.3450 	EXP 	whitesquare: autoDraw = False
22.3622 	EXP 	whitesquare: autoDraw = False
22.3784 	EXP 	whitesquare: autoDraw = False
22.3950 	EXP 	whitesquare: autoDraw = False
22.4122 	EXP 	whitesquare: autoDraw = False
22.4279 	EXP 	whitesquare: autoDraw = False
22.4450 	EXP 	whitesquare: autoDraw = False
22.4615 	EXP 	whitesquare: autoDraw = False
22.4782 	EXP 	whitesquare: autoDraw = False
22.4944 	EXP 	whitesquare: autoDraw = False
22.5122 	EXP 	whitesquare: autoDraw = False
22.5276 	EXP 	whitesquare: autoDraw = False
22.5450 	EXP 	whitesquare: autoDraw = False
22.5616 	EXP 	whitesquare: autoDraw = False
22.5785 	EXP 	whitesquare: autoDraw = False
22.5946 	EXP 	whitesquare: autoDraw = False
22.6120 	EXP 	whitesquare: autoDraw = False
22.6284 	EXP 	whitesquare: autoDraw = False
22.6450 	EXP 	whitesquare: autoDraw = False
22.6612 	EXP 	whitesquare: autoDraw = False
22.6788 	EXP 	whitesquare: autoDraw = False
22.6945 	EXP 	whitesquare: autoDraw = False
22.7121 	EXP 	whitesquare: autoDraw = False
22.7280 	EXP 	whitesquare: autoDraw = False
22.7455 	EXP 	whitesquare: autoDraw = False
22.7613 	EXP 	whitesquare: autoDraw = False
22.7784 	EXP 	whitesquare: autoDraw = False
22.7943 	EXP 	whitesquare: autoDraw = False
22.8120 	EXP 	whitesquare: autoDraw = False
22.8276 	EXP 	whitesquare: autoDraw = False
22.8446 	EXP 	whitesquare: autoDraw = False
22.8614 	EXP 	whitesquare: autoDraw = False
22.8785 	EXP 	whitesquare: autoDraw = False
22.8942 	EXP 	whitesquare: autoDraw = False
22.9119 	EXP 	whitesquare: autoDraw = False
22.9278 	EXP 	whitesquare: autoDraw = False
22.9446 	EXP 	whitesquare: autoDraw = False
22.9615 	EXP 	whitesquare: autoDraw = False
22.9784 	EXP 	whitesquare: autoDraw = False
22.9942 	EXP 	whitesquare: autoDraw = False
23.0119 	EXP 	whitesquare: autoDraw = False
23.0279 	EXP 	whitesquare: autoDraw = False
23.0450 	EXP 	whitesquare: autoDraw = False
23.0616 	EXP 	whitesquare: autoDraw = False
23.0785 	EXP 	whitesquare: autoDraw = False
23.0944 	EXP 	whitesquare: autoDraw = False
23.1121 	EXP 	whitesquare: autoDraw = False
23.1278 	EXP 	whitesquare: autoDraw = False
23.1448 	EXP 	whitesquare: autoDraw = False
23.1618 	EXP 	whitesquare: autoDraw = False
23.1785 	EXP 	whitesquare: autoDraw = False
23.1945 	EXP 	whitesquare: autoDraw = False
23.2123 	EXP 	whitesquare: autoDraw = False
23.2278 	EXP 	whitesquare: autoDraw = False
23.2447 	EXP 	whitesquare: autoDraw = False
23.2615 	EXP 	whitesquare: autoDraw = False
23.2784 	EXP 	whitesquare: autoDraw = False
23.2944 	EXP 	whitesquare: autoDraw = False
23.3121 	EXP 	whitesquare: autoDraw = False
23.3279 	EXP 	whitesquare: autoDraw = False
23.3449 	EXP 	whitesquare: autoDraw = False
23.3616 	EXP 	whitesquare: autoDraw = False
23.3783 	EXP 	whitesquare: autoDraw = False
23.3947 	EXP 	whitesquare: autoDraw = False
23.4122 	EXP 	whitesquare: autoDraw = False
23.4282 	EXP 	whitesquare: autoDraw = False
23.4450 	EXP 	whitesquare: autoDraw = False
23.4618 	EXP 	whitesquare: autoDraw = False
23.4787 	EXP 	whitesquare: autoDraw = False
23.4946 	EXP 	whitesquare: autoDraw = False
23.5124 	EXP 	whitesquare: autoDraw = False
23.5279 	EXP 	whitesquare: autoDraw = False
23.5452 	EXP 	whitesquare: autoDraw = False
23.5616 	EXP 	whitesquare: autoDraw = False
23.5786 	EXP 	whitesquare: autoDraw = False
23.5945 	EXP 	whitesquare: autoDraw = False
23.6124 	EXP 	whitesquare: autoDraw = False
23.6282 	EXP 	whitesquare: autoDraw = False
23.6449 	EXP 	whitesquare: autoDraw = False
23.6618 	EXP 	whitesquare: autoDraw = False
23.6786 	EXP 	whitesquare: autoDraw = False
23.6948 	EXP 	whitesquare: autoDraw = False
23.7124 	EXP 	whitesquare: autoDraw = False
23.7281 	EXP 	whitesquare: autoDraw = False
23.7451 	EXP 	whitesquare: autoDraw = False
23.7619 	EXP 	whitesquare: autoDraw = False
23.7786 	EXP 	whitesquare: autoDraw = False
23.7947 	EXP 	whitesquare: autoDraw = False
23.8125 	EXP 	whitesquare: autoDraw = False
23.8283 	EXP 	whitesquare: autoDraw = False
23.8452 	EXP 	whitesquare: autoDraw = False
23.8619 	EXP 	whitesquare: autoDraw = False
23.8786 	EXP 	whitesquare: autoDraw = False
23.8946 	EXP 	whitesquare: autoDraw = False
23.9124 	EXP 	whitesquare: autoDraw = False
23.9281 	EXP 	whitesquare: autoDraw = False
23.9450 	EXP 	whitesquare: autoDraw = False
23.9623 	EXP 	whitesquare: autoDraw = False
23.9788 	EXP 	whitesquare: autoDraw = False
23.9947 	EXP 	whitesquare: autoDraw = False
24.0124 	EXP 	whitesquare: autoDraw = False
24.0281 	EXP 	whitesquare: autoDraw = False
24.0451 	EXP 	whitesquare: autoDraw = False
24.0620 	EXP 	whitesquare: autoDraw = False
24.0790 	EXP 	whitesquare: autoDraw = False
24.0948 	EXP 	whitesquare: autoDraw = False
24.1125 	EXP 	whitesquare: autoDraw = False
24.1284 	EXP 	whitesquare: autoDraw = False
24.1454 	EXP 	whitesquare: autoDraw = False
24.1622 	EXP 	whitesquare: autoDraw = False
24.1788 	EXP 	whitesquare: autoDraw = False
24.1950 	EXP 	whitesquare: autoDraw = False
24.2127 	EXP 	whitesquare: autoDraw = False
24.2284 	EXP 	whitesquare: autoDraw = False
24.2452 	EXP 	whitesquare: autoDraw = False
24.2621 	EXP 	whitesquare: autoDraw = False
24.2786 	EXP 	whitesquare: autoDraw = False
24.2948 	EXP 	whitesquare: autoDraw = False
24.3125 	EXP 	whitesquare: autoDraw = False
24.3283 	EXP 	whitesquare: autoDraw = False
24.3453 	EXP 	whitesquare: autoDraw = False
24.3620 	EXP 	whitesquare: autoDraw = False
24.3793 	EXP 	whitesquare: autoDraw = False
24.3949 	EXP 	whitesquare: autoDraw = False
24.4130 	EXP 	whitesquare: autoDraw = False
24.4283 	EXP 	whitesquare: autoDraw = False
24.4454 	EXP 	whitesquare: autoDraw = False
24.4624 	EXP 	whitesquare: autoDraw = False
24.4790 	EXP 	whitesquare: autoDraw = False
24.4951 	EXP 	whitesquare: autoDraw = False
24.5129 	EXP 	whitesquare: autoDraw = False
24.5286 	EXP 	whitesquare: autoDraw = False
24.5455 	EXP 	whitesquare: autoDraw = False
24.5623 	EXP 	whitesquare: autoDraw = False
24.5789 	EXP 	whitesquare: autoDraw = False
24.5950 	EXP 	whitesquare: autoDraw = False
24.6127 	EXP 	whitesquare: autoDraw = False
24.6286 	EXP 	whitesquare: autoDraw = False
24.6454 	EXP 	whitesquare: autoDraw = False
24.6623 	EXP 	whitesquare: autoDraw = False
24.6791 	EXP 	whitesquare: autoDraw = False
24.6950 	EXP 	whitesquare: autoDraw = False
24.7126 	EXP 	whitesquare: autoDraw = False
24.7285 	EXP 	whitesquare: autoDraw = False
24.7455 	EXP 	whitesquare: autoDraw = False
24.7623 	EXP 	whitesquare: autoDraw = False
24.7790 	EXP 	whitesquare: autoDraw = False
24.7952 	EXP 	whitesquare: autoDraw = False
24.8129 	EXP 	whitesquare: autoDraw = False
24.8287 	EXP 	whitesquare: autoDraw = False
24.8456 	EXP 	whitesquare: autoDraw = False
24.8626 	EXP 	whitesquare: autoDraw = False
24.8794 	EXP 	whitesquare: autoDraw = False
24.8953 	EXP 	whitesquare: autoDraw = False
24.9129 	EXP 	whitesquare: autoDraw = False
24.9287 	EXP 	whitesquare: autoDraw = False
24.9455 	EXP 	whitesquare: autoDraw = False
24.9625 	EXP 	whitesquare: autoDraw = False
24.9792 	EXP 	whitesquare: autoDraw = False
24.9953 	EXP 	whitesquare: autoDraw = False
25.0132 	EXP 	whitesquare: autoDraw = False
25.0288 	EXP 	whitesquare: autoDraw = False
25.0456 	EXP 	whitesquare: autoDraw = False
25.0626 	EXP 	whitesquare: autoDraw = False
25.0793 	EXP 	whitesquare: autoDraw = False
25.0952 	EXP 	whitesquare: autoDraw = False
25.1134 	EXP 	whitesquare: autoDraw = False
25.1286 	EXP 	whitesquare: autoDraw = False
25.1458 	EXP 	whitesquare: autoDraw = False
25.1628 	EXP 	whitesquare: autoDraw = False
25.1795 	EXP 	whitesquare: autoDraw = False
25.1954 	EXP 	whitesquare: autoDraw = False
25.2131 	EXP 	whitesquare: autoDraw = False
25.2288 	EXP 	whitesquare: autoDraw = False
25.2458 	EXP 	whitesquare: autoDraw = False
25.2627 	EXP 	whitesquare: autoDraw = False
25.2792 	EXP 	whitesquare: autoDraw = False
25.2954 	EXP 	whitesquare: autoDraw = False
25.3131 	EXP 	whitesquare: autoDraw = False
25.3288 	EXP 	whitesquare: autoDraw = False
25.3457 	EXP 	whitesquare: autoDraw = False
25.3628 	EXP 	whitesquare: autoDraw = False
25.3792 	EXP 	whitesquare: autoDraw = False
25.3954 	EXP 	whitesquare: autoDraw = False
25.4132 	EXP 	whitesquare: autoDraw = False
25.4289 	EXP 	whitesquare: autoDraw = False
25.4457 	EXP 	whitesquare: autoDraw = False
25.4627 	EXP 	whitesquare: autoDraw = False
25.4796 	EXP 	whitesquare: autoDraw = False
25.4954 	EXP 	whitesquare: autoDraw = False
25.5131 	EXP 	whitesquare: autoDraw = False
25.5293 	EXP 	whitesquare: autoDraw = False
25.5460 	EXP 	whitesquare: autoDraw = False
25.5628 	EXP 	whitesquare: autoDraw = False
25.5797 	EXP 	whitesquare: autoDraw = False
25.5956 	EXP 	whitesquare: autoDraw = False
25.6131 	EXP 	whitesquare: autoDraw = False
25.6291 	EXP 	whitesquare: autoDraw = False
25.6460 	EXP 	whitesquare: autoDraw = False
25.6627 	EXP 	whitesquare: autoDraw = False
25.6796 	EXP 	whitesquare: autoDraw = False
25.6955 	EXP 	whitesquare: autoDraw = False
25.7132 	EXP 	whitesquare: autoDraw = False
25.7289 	EXP 	whitesquare: autoDraw = False
25.7459 	EXP 	whitesquare: autoDraw = False
25.7628 	EXP 	whitesquare: autoDraw = False
25.7794 	EXP 	whitesquare: autoDraw = False
25.7956 	EXP 	whitesquare: autoDraw = False
25.8132 	EXP 	whitesquare: autoDraw = False
25.8291 	EXP 	whitesquare: autoDraw = False
25.8461 	EXP 	whitesquare: autoDraw = False
25.8629 	EXP 	whitesquare: autoDraw = False
25.8796 	EXP 	whitesquare: autoDraw = False
25.8957 	EXP 	whitesquare: autoDraw = False
25.9136 	EXP 	whitesquare: autoDraw = False
25.9292 	EXP 	whitesquare: autoDraw = False
25.9465 	EXP 	whitesquare: autoDraw = False
25.9629 	EXP 	whitesquare: autoDraw = False
25.9799 	EXP 	whitesquare: autoDraw = False
25.9957 	EXP 	whitesquare: autoDraw = False
26.0133 	EXP 	whitesquare: autoDraw = False
26.0291 	EXP 	whitesquare: autoDraw = False
26.0461 	EXP 	whitesquare: autoDraw = False
26.0630 	EXP 	whitesquare: autoDraw = False
26.0796 	EXP 	whitesquare: autoDraw = False
26.0958 	EXP 	whitesquare: autoDraw = False
26.1133 	EXP 	whitesquare: autoDraw = False
26.1291 	EXP 	whitesquare: autoDraw = False
26.1460 	EXP 	whitesquare: autoDraw = False
26.1628 	EXP 	whitesquare: autoDraw = False
26.1797 	EXP 	whitesquare: autoDraw = False
26.1957 	EXP 	whitesquare: autoDraw = False
26.2136 	EXP 	whitesquare: autoDraw = False
26.2295 	EXP 	whitesquare: autoDraw = False
26.2463 	EXP 	whitesquare: autoDraw = False
26.2632 	EXP 	whitesquare: autoDraw = False
26.2797 	EXP 	whitesquare: autoDraw = False
26.2960 	EXP 	whitesquare: autoDraw = False
26.3136 	EXP 	whitesquare: autoDraw = False
26.3295 	EXP 	whitesquare: autoDraw = False
26.3463 	EXP 	whitesquare: autoDraw = False
26.3633 	EXP 	whitesquare: autoDraw = False
26.3796 	EXP 	whitesquare: autoDraw = False
26.3958 	EXP 	whitesquare: autoDraw = False
26.4136 	EXP 	whitesquare: autoDraw = False
26.4294 	EXP 	whitesquare: autoDraw = False
26.4463 	EXP 	whitesquare: autoDraw = False
26.4628 	EXP 	whitesquare: autoDraw = False
26.4798 	EXP 	whitesquare: autoDraw = False
26.4959 	EXP 	whitesquare: autoDraw = False
26.5136 	EXP 	whitesquare: autoDraw = False
26.5293 	EXP 	whitesquare: autoDraw = False
26.5463 	EXP 	whitesquare: autoDraw = False
26.5635 	EXP 	whitesquare: autoDraw = False
26.5802 	EXP 	whitesquare: autoDraw = False
26.5961 	EXP 	whitesquare: autoDraw = False
26.6137 	EXP 	whitesquare: autoDraw = False
26.6295 	EXP 	whitesquare: autoDraw = False
26.6465 	EXP 	whitesquare: autoDraw = False
26.6634 	EXP 	whitesquare: autoDraw = False
26.6805 	EXP 	whitesquare: autoDraw = False
26.6960 	EXP 	whitesquare: autoDraw = False
26.7137 	EXP 	whitesquare: autoDraw = False
26.7294 	EXP 	whitesquare: autoDraw = False
26.7465 	EXP 	whitesquare: autoDraw = False
26.7639 	EXP 	whitesquare: autoDraw = False
26.7800 	EXP 	whitesquare: autoDraw = False
26.7962 	EXP 	whitesquare: autoDraw = False
26.8141 	EXP 	whitesquare: autoDraw = False
26.8301 	EXP 	whitesquare: autoDraw = False
26.8467 	EXP 	whitesquare: autoDraw = False
26.8633 	EXP 	whitesquare: autoDraw = False
26.8806 	EXP 	whitesquare: autoDraw = False
26.8964 	EXP 	whitesquare: autoDraw = False
26.9135 	EXP 	whitesquare: autoDraw = False
26.9303 	EXP 	whitesquare: autoDraw = False
26.9471 	EXP 	whitesquare: autoDraw = False
26.9638 	EXP 	whitesquare: autoDraw = False
26.9805 	EXP 	whitesquare: autoDraw = False
26.9963 	EXP 	whitesquare: autoDraw = False
27.0142 	EXP 	whitesquare: autoDraw = False
27.0300 	EXP 	whitesquare: autoDraw = False
27.0468 	EXP 	whitesquare: autoDraw = False
27.0635 	EXP 	whitesquare: autoDraw = False
27.0811 	EXP 	whitesquare: autoDraw = False
27.0968 	EXP 	whitesquare: autoDraw = False
27.1146 	EXP 	whitesquare: autoDraw = False
27.1299 	EXP 	whitesquare: autoDraw = False
27.1477 	EXP 	whitesquare: autoDraw = False
27.1639 	EXP 	whitesquare: autoDraw = False
27.1808 	EXP 	whitesquare: autoDraw = False
27.1965 	EXP 	whitesquare: autoDraw = False
27.2145 	EXP 	whitesquare: autoDraw = False
27.2300 	EXP 	whitesquare: autoDraw = False
27.2470 	EXP 	whitesquare: autoDraw = False
27.2643 	EXP 	whitesquare: autoDraw = False
27.2646 	EXP 	Sound  started
28.2656 	EXP 	Sound  stopped
28.2663 	EXP 	Set  sound=./sound/left_speak.wav
28.2666 	EXP 	Set  sound=./sound/right_speak.wav
28.2668 	EXP 	Set  sound=./sound/up_speak.wav
28.2670 	EXP 	Set  sound=./sound/down_speak.wav
28.2826 	EXP 	whitesquare: autoDraw = False
28.2826 	EXP 	blank: autoDraw = False
28.2826 	EXP 	close_text: autoDraw = False
28.2826 	EXP 	blank: autoDraw = False
28.2826 	EXP 	gaze_text: autoDraw = True
32.2832 	EXP 	gaze_text: autoDraw = False
32.2992 	EXP 	whitesquare: autoDraw = False
32.3165 	EXP 	whitesquare: autoDraw = False
32.3330 	EXP 	whitesquare: autoDraw = False
32.3496 	EXP 	whitesquare: autoDraw = False
32.3663 	EXP 	whitesquare: autoDraw = False
32.3837 	EXP 	whitesquare: autoDraw = False
32.3989 	EXP 	whitesquare: autoDraw = False
32.4167 	EXP 	whitesquare: autoDraw = False
32.4331 	EXP 	whitesquare: autoDraw = False
32.4492 	EXP 	whitesquare: autoDraw = False
32.4661 	EXP 	whitesquare: autoDraw = False
32.4832 	EXP 	whitesquare: autoDraw = False
32.4990 	EXP 	whitesquare: autoDraw = False
32.5168 	EXP 	whitesquare: autoDraw = False
32.5326 	EXP 	whitesquare: autoDraw = False
32.5494 	EXP 	whitesquare: autoDraw = False
32.5662 	EXP 	whitesquare: autoDraw = False
32.5834 	EXP 	whitesquare: autoDraw = False
32.5991 	EXP 	whitesquare: autoDraw = False
32.6169 	EXP 	whitesquare: autoDraw = False
32.6328 	EXP 	whitesquare: autoDraw = False
32.6502 	EXP 	whitesquare: autoDraw = False
32.6660 	EXP 	whitesquare: autoDraw = False
32.6829 	EXP 	whitesquare: autoDraw = False
32.6995 	EXP 	whitesquare: autoDraw = False
32.7165 	EXP 	whitesquare: autoDraw = False
32.7325 	EXP 	whitesquare: autoDraw = False
32.7495 	EXP 	whitesquare: autoDraw = False
32.7667 	EXP 	whitesquare: autoDraw = False
32.7831 	EXP 	whitesquare: autoDraw = False
32.7989 	EXP 	whitesquare: autoDraw = False
32.8172 	EXP 	whitesquare: autoDraw = False
32.8325 	EXP 	whitesquare: autoDraw = False
32.8494 	EXP 	whitesquare: autoDraw = False
32.8661 	EXP 	whitesquare: autoDraw = False
32.8832 	EXP 	whitesquare: autoDraw = False
32.8993 	EXP 	whitesquare: autoDraw = False
32.9167 	EXP 	whitesquare: autoDraw = False
32.9327 	EXP 	whitesquare: autoDraw = False
32.9494 	EXP 	whitesquare: autoDraw = False
32.9662 	EXP 	whitesquare: autoDraw = False
32.9830 	EXP 	whitesquare: autoDraw = False
32.9991 	EXP 	whitesquare: autoDraw = False
33.0167 	EXP 	whitesquare: autoDraw = False
33.0328 	EXP 	whitesquare: autoDraw = False
33.0495 	EXP 	whitesquare: autoDraw = False
33.0663 	EXP 	whitesquare: autoDraw = False
33.0831 	EXP 	whitesquare: autoDraw = False
33.0991 	EXP 	whitesquare: autoDraw = False
33.1166 	EXP 	whitesquare: autoDraw = False
33.1328 	EXP 	whitesquare: autoDraw = False
33.1496 	EXP 	whitesquare: autoDraw = False
33.1662 	EXP 	whitesquare: autoDraw = False
33.1834 	EXP 	whitesquare: autoDraw = False
33.1992 	EXP 	whitesquare: autoDraw = False
33.2169 	EXP 	whitesquare: autoDraw = False
33.2327 	EXP 	whitesquare: autoDraw = False
33.2495 	EXP 	whitesquare: autoDraw = False
33.2664 	EXP 	whitesquare: autoDraw = False
33.2836 	EXP 	whitesquare: autoDraw = False
33.2991 	EXP 	whitesquare: autoDraw = False
33.3171 	EXP 	whitesquare: autoDraw = False
33.3327 	EXP 	whitesquare: autoDraw = False
33.3495 	EXP 	whitesquare: autoDraw = False
33.3664 	EXP 	whitesquare: autoDraw = False
33.3833 	EXP 	whitesquare: autoDraw = False
33.3993 	EXP 	whitesquare: autoDraw = False
33.4170 	EXP 	whitesquare: autoDraw = False
33.4328 	EXP 	whitesquare: autoDraw = False
33.4496 	EXP 	whitesquare: autoDraw = False
33.4666 	EXP 	whitesquare: autoDraw = False
33.4834 	EXP 	whitesquare: autoDraw = False
33.4996 	EXP 	whitesquare: autoDraw = False
33.5170 	EXP 	whitesquare: autoDraw = False
33.5330 	EXP 	whitesquare: autoDraw = False
33.5498 	EXP 	whitesquare: autoDraw = False
33.5665 	EXP 	whitesquare: autoDraw = False
33.5835 	EXP 	whitesquare: autoDraw = False
33.5996 	EXP 	whitesquare: autoDraw = False
33.6171 	EXP 	whitesquare: autoDraw = False
33.6332 	EXP 	whitesquare: autoDraw = False
33.6498 	EXP 	whitesquare: autoDraw = False
33.6666 	EXP 	whitesquare: autoDraw = False
33.6836 	EXP 	whitesquare: autoDraw = False
33.6994 	EXP 	whitesquare: autoDraw = False
33.7171 	EXP 	whitesquare: autoDraw = False
33.7331 	EXP 	whitesquare: autoDraw = False
33.7500 	EXP 	whitesquare: autoDraw = False
33.7666 	EXP 	whitesquare: autoDraw = False
33.7835 	EXP 	whitesquare: autoDraw = False
33.7995 	EXP 	whitesquare: autoDraw = False
33.8171 	EXP 	whitesquare: autoDraw = False
33.8332 	EXP 	whitesquare: autoDraw = False
33.8499 	EXP 	whitesquare: autoDraw = False
33.8666 	EXP 	whitesquare: autoDraw = False
33.8835 	EXP 	whitesquare: autoDraw = False
33.8995 	EXP 	whitesquare: autoDraw = False
33.9171 	EXP 	whitesquare: autoDraw = False
33.9332 	EXP 	whitesquare: autoDraw = False
33.9500 	EXP 	whitesquare: autoDraw = False
33.9668 	EXP 	whitesquare: autoDraw = False
33.9836 	EXP 	whitesquare: autoDraw = False
33.9995 	EXP 	whitesquare: autoDraw = False
34.0173 	EXP 	whitesquare: autoDraw = False
34.0331 	EXP 	whitesquare: autoDraw = False
34.0501 	EXP 	whitesquare: autoDraw = False
34.0669 	EXP 	whitesquare: autoDraw = False
34.0837 	EXP 	whitesquare: autoDraw = False
34.0996 	EXP 	whitesquare: autoDraw = False
34.1174 	EXP 	whitesquare: autoDraw = False
34.1333 	EXP 	whitesquare: autoDraw = False
34.1502 	EXP 	whitesquare: autoDraw = False
34.1668 	EXP 	whitesquare: autoDraw = False
34.1837 	EXP 	whitesquare: autoDraw = False
34.1998 	EXP 	whitesquare: autoDraw = False
34.2171 	EXP 	whitesquare: autoDraw = False
34.2333 	EXP 	whitesquare: autoDraw = False
34.2499 	EXP 	whitesquare: autoDraw = False
34.2669 	EXP 	whitesquare: autoDraw = False
34.2838 	EXP 	whitesquare: autoDraw = False
34.2997 	EXP 	whitesquare: autoDraw = False
34.3174 	EXP 	whitesquare: autoDraw = False
34.3333 	EXP 	whitesquare: autoDraw = False
34.3502 	EXP 	whitesquare: autoDraw = False
34.3669 	EXP 	whitesquare: autoDraw = False
34.3838 	EXP 	whitesquare: autoDraw = False
34.4000 	EXP 	whitesquare: autoDraw = False
34.4175 	EXP 	whitesquare: autoDraw = False
34.4333 	EXP 	whitesquare: autoDraw = False
34.4502 	EXP 	whitesquare: autoDraw = False
34.4669 	EXP 	whitesquare: autoDraw = False
34.4841 	EXP 	whitesquare: autoDraw = False
34.4998 	EXP 	whitesquare: autoDraw = False
34.5173 	EXP 	whitesquare: autoDraw = False
34.5335 	EXP 	whitesquare: autoDraw = False
34.5502 	EXP 	whitesquare: autoDraw = False
34.5670 	EXP 	whitesquare: autoDraw = False
34.5840 	EXP 	whitesquare: autoDraw = False
34.5999 	EXP 	whitesquare: autoDraw = False
34.6175 	EXP 	whitesquare: autoDraw = False
34.6334 	EXP 	whitesquare: autoDraw = False
34.6502 	EXP 	whitesquare: autoDraw = False
34.6670 	EXP 	whitesquare: autoDraw = False
34.6839 	EXP 	whitesquare: autoDraw = False
34.7002 	EXP 	whitesquare: autoDraw = False
34.7174 	EXP 	whitesquare: autoDraw = False
34.7336 	EXP 	whitesquare: autoDraw = False
34.7503 	EXP 	whitesquare: autoDraw = False
34.7672 	EXP 	whitesquare: autoDraw = False
34.7844 	EXP 	whitesquare: autoDraw = False
34.7999 	EXP 	whitesquare: autoDraw = False
34.8176 	EXP 	whitesquare: autoDraw = False
34.8335 	EXP 	whitesquare: autoDraw = False
34.8506 	EXP 	whitesquare: autoDraw = False
34.8671 	EXP 	whitesquare: autoDraw = False
34.8848 	EXP 	whitesquare: autoDraw = False
34.9000 	EXP 	whitesquare: autoDraw = False
34.9176 	EXP 	whitesquare: autoDraw = False
34.9337 	EXP 	whitesquare: autoDraw = False
34.9505 	EXP 	whitesquare: autoDraw = False
34.9671 	EXP 	whitesquare: autoDraw = False
34.9841 	EXP 	whitesquare: autoDraw = False
35.0001 	EXP 	whitesquare: autoDraw = False
35.0176 	EXP 	whitesquare: autoDraw = False
35.0337 	EXP 	whitesquare: autoDraw = False
35.0508 	EXP 	whitesquare: autoDraw = False
35.0673 	EXP 	whitesquare: autoDraw = False
35.0843 	EXP 	whitesquare: autoDraw = False
35.1001 	EXP 	whitesquare: autoDraw = False
35.1177 	EXP 	whitesquare: autoDraw = False
35.1338 	EXP 	whitesquare: autoDraw = False
35.1507 	EXP 	whitesquare: autoDraw = False
35.1672 	EXP 	whitesquare: autoDraw = False
35.1843 	EXP 	whitesquare: autoDraw = False
35.2006 	EXP 	whitesquare: autoDraw = False
35.2177 	EXP 	whitesquare: autoDraw = False
35.2340 	EXP 	whitesquare: autoDraw = False
35.2506 	EXP 	whitesquare: autoDraw = False
35.2673 	EXP 	whitesquare: autoDraw = False
35.2843 	EXP 	whitesquare: autoDraw = False
35.3004 	EXP 	whitesquare: autoDraw = False
35.3178 	EXP 	whitesquare: autoDraw = False
35.3339 	EXP 	whitesquare: autoDraw = False
35.3511 	EXP 	whitesquare: autoDraw = False
35.3674 	EXP 	whitesquare: autoDraw = False
35.3846 	EXP 	whitesquare: autoDraw = False
35.4002 	EXP 	whitesquare: autoDraw = False
35.4180 	EXP 	whitesquare: autoDraw = False
35.4340 	EXP 	whitesquare: autoDraw = False
35.4507 	EXP 	whitesquare: autoDraw = False
35.4675 	EXP 	whitesquare: autoDraw = False
35.4844 	EXP 	whitesquare: autoDraw = False
35.5004 	EXP 	whitesquare: autoDraw = False
35.5182 	EXP 	whitesquare: autoDraw = False
35.5340 	EXP 	whitesquare: autoDraw = False
35.5508 	EXP 	whitesquare: autoDraw = False
35.5674 	EXP 	whitesquare: autoDraw = False
35.5847 	EXP 	whitesquare: autoDraw = False
35.6004 	EXP 	whitesquare: autoDraw = False
35.6183 	EXP 	whitesquare: autoDraw = False
35.6341 	EXP 	whitesquare: autoDraw = False
35.6509 	EXP 	whitesquare: autoDraw = False
35.6675 	EXP 	whitesquare: autoDraw = False
35.6846 	EXP 	whitesquare: autoDraw = False
35.7008 	EXP 	whitesquare: autoDraw = False
35.7178 	EXP 	whitesquare: autoDraw = False
35.7342 	EXP 	whitesquare: autoDraw = False
35.7510 	EXP 	whitesquare: autoDraw = False
35.7676 	EXP 	whitesquare: autoDraw = False
35.7847 	EXP 	whitesquare: autoDraw = False
35.8007 	EXP 	whitesquare: autoDraw = False
35.8182 	EXP 	whitesquare: autoDraw = False
35.8341 	EXP 	whitesquare: autoDraw = False
35.8511 	EXP 	whitesquare: autoDraw = False
35.8676 	EXP 	whitesquare: autoDraw = False
35.8846 	EXP 	whitesquare: autoDraw = False
35.9008 	EXP 	whitesquare: autoDraw = False
35.9181 	EXP 	whitesquare: autoDraw = False
35.9342 	EXP 	whitesquare: autoDraw = False
35.9512 	EXP 	whitesquare: autoDraw = False
35.9676 	EXP 	whitesquare: autoDraw = False
35.9849 	EXP 	whitesquare: autoDraw = False
36.0009 	EXP 	whitesquare: autoDraw = False
36.0182 	EXP 	whitesquare: autoDraw = False
36.0345 	EXP 	whitesquare: autoDraw = False
36.0513 	EXP 	whitesquare: autoDraw = False
36.0679 	EXP 	whitesquare: autoDraw = False
36.0851 	EXP 	whitesquare: autoDraw = False
36.1009 	EXP 	whitesquare: autoDraw = False
36.1183 	EXP 	whitesquare: autoDraw = False
36.1342 	EXP 	whitesquare: autoDraw = False
36.1516 	EXP 	whitesquare: autoDraw = False
36.1680 	EXP 	whitesquare: autoDraw = False
36.1851 	EXP 	whitesquare: autoDraw = False
36.2008 	EXP 	whitesquare: autoDraw = False
36.2184 	EXP 	whitesquare: autoDraw = False
36.2345 	EXP 	whitesquare: autoDraw = False
36.2513 	EXP 	whitesquare: autoDraw = False
36.2679 	EXP 	whitesquare: autoDraw = False
36.2849 	EXP 	whitesquare: autoDraw = False
36.3011 	EXP 	whitesquare: autoDraw = False
36.3184 	EXP 	whitesquare: autoDraw = False
36.3343 	EXP 	whitesquare: autoDraw = False
36.3513 	EXP 	whitesquare: autoDraw = False
36.3681 	EXP 	whitesquare: autoDraw = False
36.3851 	EXP 	whitesquare: autoDraw = False
36.4010 	EXP 	whitesquare: autoDraw = False
36.4185 	EXP 	whitesquare: autoDraw = False
36.4344 	EXP 	whitesquare: autoDraw = False
36.4518 	EXP 	whitesquare: autoDraw = False
36.4681 	EXP 	whitesquare: autoDraw = False
36.4850 	EXP 	whitesquare: autoDraw = False
36.5012 	EXP 	whitesquare: autoDraw = False
36.5184 	EXP 	whitesquare: autoDraw = False
36.5345 	EXP 	whitesquare: autoDraw = False
36.5521 	EXP 	whitesquare: autoDraw = False
36.5682 	EXP 	whitesquare: autoDraw = False
36.5854 	EXP 	whitesquare: autoDraw = False
36.6014 	EXP 	whitesquare: autoDraw = False
36.6185 	EXP 	whitesquare: autoDraw = False
36.6348 	EXP 	whitesquare: autoDraw = False
36.6515 	EXP 	whitesquare: autoDraw = False
36.6682 	EXP 	whitesquare: autoDraw = False
36.6852 	EXP 	whitesquare: autoDraw = False
36.7015 	EXP 	whitesquare: autoDraw = False
36.7186 	EXP 	whitesquare: autoDraw = False
36.7346 	EXP 	whitesquare: autoDraw = False
36.7519 	EXP 	whitesquare: autoDraw = False
36.7677 	EXP 	whitesquare: autoDraw = False
36.7849 	EXP 	whitesquare: autoDraw = False
36.8020 	EXP 	whitesquare: autoDraw = False
36.8190 	EXP 	whitesquare: autoDraw = False
36.8353 	EXP 	whitesquare: autoDraw = False
36.8522 	EXP 	whitesquare: autoDraw = False
36.8685 	EXP 	whitesquare: autoDraw = False
36.8860 	EXP 	whitesquare: autoDraw = False
36.9010 	EXP 	whitesquare: autoDraw = False
36.9188 	EXP 	whitesquare: autoDraw = False
36.9351 	EXP 	whitesquare: autoDraw = False
36.9524 	EXP 	whitesquare: autoDraw = False
36.9687 	EXP 	whitesquare: autoDraw = False
36.9858 	EXP 	whitesquare: autoDraw = False
37.0013 	EXP 	whitesquare: autoDraw = False
37.0189 	EXP 	whitesquare: autoDraw = False
37.0347 	EXP 	whitesquare: autoDraw = False
37.0524 	EXP 	whitesquare: autoDraw = False
37.0687 	EXP 	whitesquare: autoDraw = False
37.0860 	EXP 	whitesquare: autoDraw = False
37.1023 	EXP 	whitesquare: autoDraw = False
37.1180 	EXP 	whitesquare: autoDraw = False
37.1351 	EXP 	whitesquare: autoDraw = False
37.1526 	EXP 	whitesquare: autoDraw = False
37.1687 	EXP 	whitesquare: autoDraw = False
37.1855 	EXP 	whitesquare: autoDraw = False
37.2018 	EXP 	whitesquare: autoDraw = False
37.2189 	EXP 	whitesquare: autoDraw = False
37.2352 	EXP 	whitesquare: autoDraw = False
37.2525 	EXP 	whitesquare: autoDraw = False
37.2687 	EXP 	whitesquare: autoDraw = False
37.2859 	EXP 	whitesquare: autoDraw = False
37.3019 	EXP 	whitesquare: autoDraw = False
37.3199 	EXP 	whitesquare: autoDraw = False
37.3351 	EXP 	whitesquare: autoDraw = False
37.3526 	EXP 	whitesquare: autoDraw = False
37.3686 	EXP 	whitesquare: autoDraw = False
37.3861 	EXP 	whitesquare: autoDraw = False
37.4017 	EXP 	whitesquare: autoDraw = False
37.4192 	EXP 	whitesquare: autoDraw = False
37.4355 	EXP 	whitesquare: autoDraw = False
37.4522 	EXP 	whitesquare: autoDraw = False
37.4678 	EXP 	whitesquare: autoDraw = False
37.4856 	EXP 	whitesquare: autoDraw = False
37.5023 	EXP 	whitesquare: autoDraw = False
37.5193 	EXP 	whitesquare: autoDraw = False
37.5355 	EXP 	whitesquare: autoDraw = False
37.5525 	EXP 	whitesquare: autoDraw = False
37.5687 	EXP 	whitesquare: autoDraw = False
37.5857 	EXP 	whitesquare: autoDraw = False
37.6020 	EXP 	whitesquare: autoDraw = False
37.6191 	EXP 	whitesquare: autoDraw = False
37.6354 	EXP 	whitesquare: autoDraw = False
37.6527 	EXP 	whitesquare: autoDraw = False
37.6691 	EXP 	whitesquare: autoDraw = False
37.6861 	EXP 	whitesquare: autoDraw = False
37.7019 	EXP 	whitesquare: autoDraw = False
37.7189 	EXP 	whitesquare: autoDraw = False
37.7355 	EXP 	whitesquare: autoDraw = False
37.7523 	EXP 	whitesquare: autoDraw = False
37.7684 	EXP 	whitesquare: autoDraw = False
37.7862 	EXP 	whitesquare: autoDraw = False
37.8021 	EXP 	whitesquare: autoDraw = False
37.8193 	EXP 	whitesquare: autoDraw = False
37.8354 	EXP 	whitesquare: autoDraw = False
37.8524 	EXP 	whitesquare: autoDraw = False
37.8688 	EXP 	whitesquare: autoDraw = False
37.8860 	EXP 	whitesquare: autoDraw = False
37.9019 	EXP 	whitesquare: autoDraw = False
37.9194 	EXP 	whitesquare: autoDraw = False
37.9356 	EXP 	whitesquare: autoDraw = False
37.9526 	EXP 	whitesquare: autoDraw = False
37.9685 	EXP 	whitesquare: autoDraw = False
37.9860 	EXP 	whitesquare: autoDraw = False
38.0020 	EXP 	whitesquare: autoDraw = False
38.0192 	EXP 	whitesquare: autoDraw = False
38.0355 	EXP 	whitesquare: autoDraw = False
38.0525 	EXP 	whitesquare: autoDraw = False
38.0686 	EXP 	whitesquare: autoDraw = False
38.0863 	EXP 	whitesquare: autoDraw = False
38.1020 	EXP 	whitesquare: autoDraw = False
38.1192 	EXP 	whitesquare: autoDraw = False
38.1355 	EXP 	whitesquare: autoDraw = False
38.1526 	EXP 	whitesquare: autoDraw = False
38.1687 	EXP 	whitesquare: autoDraw = False
38.1862 	EXP 	whitesquare: autoDraw = False
38.2020 	EXP 	whitesquare: autoDraw = False
38.2194 	EXP 	whitesquare: autoDraw = False
38.2355 	EXP 	whitesquare: autoDraw = False
38.2527 	EXP 	whitesquare: autoDraw = False
38.2688 	EXP 	whitesquare: autoDraw = False
38.2862 	EXP 	whitesquare: autoDraw = False
38.3021 	EXP 	whitesquare: autoDraw = False
38.3191 	EXP 	whitesquare: autoDraw = False
38.3357 	EXP 	whitesquare: autoDraw = False
38.3526 	EXP 	whitesquare: autoDraw = False
38.3689 	EXP 	whitesquare: autoDraw = False
38.3862 	EXP 	whitesquare: autoDraw = False
38.4023 	EXP 	whitesquare: autoDraw = False
38.4193 	EXP 	whitesquare: autoDraw = False
38.4356 	EXP 	whitesquare: autoDraw = False
38.4527 	EXP 	whitesquare: autoDraw = False
38.4689 	EXP 	whitesquare: autoDraw = False
38.4861 	EXP 	whitesquare: autoDraw = False
38.5021 	EXP 	whitesquare: autoDraw = False
38.5195 	EXP 	whitesquare: autoDraw = False
38.5357 	EXP 	whitesquare: autoDraw = False
38.5526 	EXP 	whitesquare: autoDraw = False
38.5689 	EXP 	whitesquare: autoDraw = False
38.5862 	EXP 	whitesquare: autoDraw = False
38.6022 	EXP 	whitesquare: autoDraw = False
38.6192 	EXP 	whitesquare: autoDraw = False
38.6358 	EXP 	whitesquare: autoDraw = False
38.6526 	EXP 	whitesquare: autoDraw = False
38.6688 	EXP 	whitesquare: autoDraw = False
38.6862 	EXP 	whitesquare: autoDraw = False
38.7022 	EXP 	whitesquare: autoDraw = False
38.7195 	EXP 	whitesquare: autoDraw = False
38.7359 	EXP 	whitesquare: autoDraw = False
38.7529 	EXP 	whitesquare: autoDraw = False
38.7689 	EXP 	whitesquare: autoDraw = False
38.7867 	EXP 	whitesquare: autoDraw = False
38.8022 	EXP 	whitesquare: autoDraw = False
38.8195 	EXP 	whitesquare: autoDraw = False
38.8358 	EXP 	whitesquare: autoDraw = False
38.8528 	EXP 	whitesquare: autoDraw = False
38.8692 	EXP 	whitesquare: autoDraw = False
38.8864 	EXP 	whitesquare: autoDraw = False
38.9024 	EXP 	whitesquare: autoDraw = False
38.9195 	EXP 	whitesquare: autoDraw = False
38.9361 	EXP 	whitesquare: autoDraw = False
38.9528 	EXP 	whitesquare: autoDraw = False
38.9691 	EXP 	whitesquare: autoDraw = False
38.9865 	EXP 	whitesquare: autoDraw = False
39.0023 	EXP 	whitesquare: autoDraw = False
39.0195 	EXP 	whitesquare: autoDraw = False
39.0359 	EXP 	whitesquare: autoDraw = False
39.0530 	EXP 	whitesquare: autoDraw = False
39.0694 	EXP 	whitesquare: autoDraw = False
39.0869 	EXP 	whitesquare: autoDraw = False
39.1027 	EXP 	whitesquare: autoDraw = False
39.1196 	EXP 	whitesquare: autoDraw = False
39.1361 	EXP 	whitesquare: autoDraw = False
39.1529 	EXP 	whitesquare: autoDraw = False
39.1691 	EXP 	whitesquare: autoDraw = False
39.1867 	EXP 	whitesquare: autoDraw = False
39.2026 	EXP 	whitesquare: autoDraw = False
39.2195 	EXP 	whitesquare: autoDraw = False
39.2360 	EXP 	whitesquare: autoDraw = False
39.2531 	EXP 	whitesquare: autoDraw = False
39.2692 	EXP 	whitesquare: autoDraw = False
39.2867 	EXP 	whitesquare: autoDraw = False
39.3026 	EXP 	whitesquare: autoDraw = False
39.3196 	EXP 	whitesquare: autoDraw = False
39.3362 	EXP 	whitesquare: autoDraw = False
39.3532 	EXP 	whitesquare: autoDraw = False
39.3693 	EXP 	whitesquare: autoDraw = False
39.3866 	EXP 	whitesquare: autoDraw = False
39.4026 	EXP 	whitesquare: autoDraw = False
39.4196 	EXP 	whitesquare: autoDraw = False
39.4362 	EXP 	whitesquare: autoDraw = False
39.4530 	EXP 	whitesquare: autoDraw = False
39.4693 	EXP 	whitesquare: autoDraw = False
39.4867 	EXP 	whitesquare: autoDraw = False
39.5027 	EXP 	whitesquare: autoDraw = False
39.5197 	EXP 	whitesquare: autoDraw = False
39.5362 	EXP 	whitesquare: autoDraw = False
39.5533 	EXP 	whitesquare: autoDraw = False
39.5694 	EXP 	whitesquare: autoDraw = False
39.5867 	EXP 	whitesquare: autoDraw = False
39.6026 	EXP 	whitesquare: autoDraw = False
39.6199 	EXP 	whitesquare: autoDraw = False
39.6361 	EXP 	whitesquare: autoDraw = False
39.6531 	EXP 	whitesquare: autoDraw = False
39.6693 	EXP 	whitesquare: autoDraw = False
39.6869 	EXP 	whitesquare: autoDraw = False
39.7027 	EXP 	whitesquare: autoDraw = False
39.7197 	EXP 	whitesquare: autoDraw = False
39.7362 	EXP 	whitesquare: autoDraw = False
39.7531 	EXP 	whitesquare: autoDraw = False
39.7694 	EXP 	whitesquare: autoDraw = False
39.7869 	EXP 	whitesquare: autoDraw = False
39.8026 	EXP 	whitesquare: autoDraw = False
39.8199 	EXP 	whitesquare: autoDraw = False
39.8364 	EXP 	whitesquare: autoDraw = False
39.8532 	EXP 	whitesquare: autoDraw = False
39.8694 	EXP 	whitesquare: autoDraw = False
39.8867 	EXP 	whitesquare: autoDraw = False
39.9029 	EXP 	whitesquare: autoDraw = False
39.9199 	EXP 	whitesquare: autoDraw = False
39.9364 	EXP 	whitesquare: autoDraw = False
39.9532 	EXP 	whitesquare: autoDraw = False
39.9694 	EXP 	whitesquare: autoDraw = False
39.9870 	EXP 	whitesquare: autoDraw = False
40.0028 	EXP 	whitesquare: autoDraw = False
40.0199 	EXP 	whitesquare: autoDraw = False
40.0364 	EXP 	whitesquare: autoDraw = False
40.0534 	EXP 	whitesquare: autoDraw = False
40.0695 	EXP 	whitesquare: autoDraw = False
40.0868 	EXP 	whitesquare: autoDraw = False
40.1028 	EXP 	whitesquare: autoDraw = False
40.1199 	EXP 	whitesquare: autoDraw = False
40.1363 	EXP 	whitesquare: autoDraw = False
40.1532 	EXP 	whitesquare: autoDraw = False
40.1695 	EXP 	whitesquare: autoDraw = False
40.1869 	EXP 	whitesquare: autoDraw = False
40.2030 	EXP 	whitesquare: autoDraw = False
40.2199 	EXP 	whitesquare: autoDraw = False
40.2364 	EXP 	whitesquare: autoDraw = False
40.2534 	EXP 	whitesquare: autoDraw = False
40.2693 	EXP 	whitesquare: autoDraw = False
40.2871 	EXP 	whitesquare: autoDraw = False
40.3030 	EXP 	whitesquare: autoDraw = False
40.3200 	EXP 	whitesquare: autoDraw = False
40.3367 	EXP 	whitesquare: autoDraw = False
40.3536 	EXP 	whitesquare: autoDraw = False
40.3695 	EXP 	whitesquare: autoDraw = False
40.3874 	EXP 	whitesquare: autoDraw = False
40.4030 	EXP 	whitesquare: autoDraw = False
40.4202 	EXP 	whitesquare: autoDraw = False
40.4367 	EXP 	whitesquare: autoDraw = False
40.4534 	EXP 	whitesquare: autoDraw = False
40.4696 	EXP 	whitesquare: autoDraw = False
40.4872 	EXP 	whitesquare: autoDraw = False
40.5030 	EXP 	whitesquare: autoDraw = False
40.5201 	EXP 	whitesquare: autoDraw = False
40.5369 	EXP 	whitesquare: autoDraw = False
40.5534 	EXP 	whitesquare: autoDraw = False
40.5696 	EXP 	whitesquare: autoDraw = False
40.5875 	EXP 	whitesquare: autoDraw = False
40.6029 	EXP 	whitesquare: autoDraw = False
40.6201 	EXP 	whitesquare: autoDraw = False
40.6366 	EXP 	whitesquare: autoDraw = False
40.6534 	EXP 	whitesquare: autoDraw = False
40.6698 	EXP 	whitesquare: autoDraw = False
40.6870 	EXP 	whitesquare: autoDraw = False
40.7033 	EXP 	whitesquare: autoDraw = False
40.7202 	EXP 	whitesquare: autoDraw = False
40.7367 	EXP 	whitesquare: autoDraw = False
40.7535 	EXP 	whitesquare: autoDraw = False
40.7697 	EXP 	whitesquare: autoDraw = False
40.7870 	EXP 	whitesquare: autoDraw = False
40.8032 	EXP 	whitesquare: autoDraw = False
40.8206 	EXP 	whitesquare: autoDraw = False
40.8368 	EXP 	whitesquare: autoDraw = False
40.8535 	EXP 	whitesquare: autoDraw = False
40.8697 	EXP 	whitesquare: autoDraw = False
40.8871 	EXP 	whitesquare: autoDraw = False
40.9032 	EXP 	whitesquare: autoDraw = False
40.9202 	EXP 	whitesquare: autoDraw = False
40.9367 	EXP 	whitesquare: autoDraw = False
40.9535 	EXP 	whitesquare: autoDraw = False
40.9699 	EXP 	whitesquare: autoDraw = False
40.9873 	EXP 	whitesquare: autoDraw = False
41.0031 	EXP 	whitesquare: autoDraw = False
41.0203 	EXP 	whitesquare: autoDraw = False
41.0367 	EXP 	whitesquare: autoDraw = False
41.0537 	EXP 	whitesquare: autoDraw = False
41.0698 	EXP 	whitesquare: autoDraw = False
41.0873 	EXP 	whitesquare: autoDraw = False
41.1032 	EXP 	whitesquare: autoDraw = False
41.1201 	EXP 	whitesquare: autoDraw = False
41.1368 	EXP 	whitesquare: autoDraw = False
41.1535 	EXP 	whitesquare: autoDraw = False
41.1698 	EXP 	whitesquare: autoDraw = False
41.1875 	EXP 	whitesquare: autoDraw = False
41.2031 	EXP 	whitesquare: autoDraw = False
41.2205 	EXP 	whitesquare: autoDraw = False
41.2371 	EXP 	whitesquare: autoDraw = False
41.2535 	EXP 	whitesquare: autoDraw = False
41.2699 	EXP 	whitesquare: autoDraw = False
41.2874 	EXP 	whitesquare: autoDraw = False
41.3032 	EXP 	whitesquare: autoDraw = False
41.3204 	EXP 	whitesquare: autoDraw = False
41.3370 	EXP 	whitesquare: autoDraw = False
41.3540 	EXP 	whitesquare: autoDraw = False
41.3700 	EXP 	whitesquare: autoDraw = False
41.3877 	EXP 	whitesquare: autoDraw = False
41.4032 	EXP 	whitesquare: autoDraw = False
41.4205 	EXP 	whitesquare: autoDraw = False
41.4371 	EXP 	whitesquare: autoDraw = False
41.4538 	EXP 	whitesquare: autoDraw = False
41.4701 	EXP 	whitesquare: autoDraw = False
41.4875 	EXP 	whitesquare: autoDraw = False
41.5034 	EXP 	whitesquare: autoDraw = False
41.5204 	EXP 	whitesquare: autoDraw = False
41.5368 	EXP 	whitesquare: autoDraw = False
41.5540 	EXP 	whitesquare: autoDraw = False
41.5701 	EXP 	whitesquare: autoDraw = False
41.5877 	EXP 	whitesquare: autoDraw = False
41.6032 	EXP 	whitesquare: autoDraw = False
41.6206 	EXP 	whitesquare: autoDraw = False
41.6368 	EXP 	whitesquare: autoDraw = False
41.6537 	EXP 	whitesquare: autoDraw = False
41.6700 	EXP 	whitesquare: autoDraw = False
41.6874 	EXP 	whitesquare: autoDraw = False
41.7035 	EXP 	whitesquare: autoDraw = False
41.7207 	EXP 	whitesquare: autoDraw = False
41.7371 	EXP 	whitesquare: autoDraw = False
41.7538 	EXP 	whitesquare: autoDraw = False
41.7699 	EXP 	whitesquare: autoDraw = False
41.7878 	EXP 	whitesquare: autoDraw = False
41.8041 	EXP 	whitesquare: autoDraw = False
41.8211 	EXP 	whitesquare: autoDraw = False
41.8375 	EXP 	whitesquare: autoDraw = False
41.8541 	EXP 	whitesquare: autoDraw = False
41.8702 	EXP 	whitesquare: autoDraw = False
41.8879 	EXP 	whitesquare: autoDraw = False
41.9037 	EXP 	whitesquare: autoDraw = False
41.9208 	EXP 	whitesquare: autoDraw = False
41.9375 	EXP 	whitesquare: autoDraw = False
41.9545 	EXP 	whitesquare: autoDraw = False
41.9705 	EXP 	whitesquare: autoDraw = False
41.9880 	EXP 	whitesquare: autoDraw = False
42.0039 	EXP 	whitesquare: autoDraw = False
42.0206 	EXP 	whitesquare: autoDraw = False
42.0375 	EXP 	whitesquare: autoDraw = False
42.0543 	EXP 	whitesquare: autoDraw = False
42.0707 	EXP 	whitesquare: autoDraw = False
42.0894 	EXP 	whitesquare: autoDraw = False
42.1035 	EXP 	whitesquare: autoDraw = False
42.1210 	EXP 	whitesquare: autoDraw = False
42.1379 	EXP 	whitesquare: autoDraw = False
42.1549 	EXP 	whitesquare: autoDraw = False
42.1703 	EXP 	whitesquare: autoDraw = False
42.1883 	EXP 	whitesquare: autoDraw = False
42.2039 	EXP 	whitesquare: autoDraw = False
42.2211 	EXP 	whitesquare: autoDraw = False
42.2374 	EXP 	whitesquare: autoDraw = False
42.2547 	EXP 	whitesquare: autoDraw = False
42.2707 	EXP 	whitesquare: autoDraw = False
42.2887 	EXP 	whitesquare: autoDraw = False
42.3041 	EXP 	whitesquare: autoDraw = False
42.3206 	EXP 	whitesquare: autoDraw = False
42.3373 	EXP 	whitesquare: autoDraw = False
42.3550 	EXP 	whitesquare: autoDraw = False
42.3712 	EXP 	whitesquare: autoDraw = False
42.3882 	EXP 	whitesquare: autoDraw = False
42.4039 	EXP 	whitesquare: autoDraw = False
42.4208 	EXP 	whitesquare: autoDraw = False
42.4384 	EXP 	whitesquare: autoDraw = False
42.4541 	EXP 	whitesquare: autoDraw = False
42.4708 	EXP 	whitesquare: autoDraw = False
42.4883 	EXP 	whitesquare: autoDraw = False
42.5044 	EXP 	whitesquare: autoDraw = False
42.5209 	EXP 	whitesquare: autoDraw = False
42.5377 	EXP 	whitesquare: autoDraw = False
42.5546 	EXP 	whitesquare: autoDraw = False
42.5706 	EXP 	whitesquare: autoDraw = False
42.5886 	EXP 	whitesquare: autoDraw = False
42.6039 	EXP 	whitesquare: autoDraw = False
42.6212 	EXP 	whitesquare: autoDraw = False
42.6376 	EXP 	whitesquare: autoDraw = False
42.6547 	EXP 	whitesquare: autoDraw = False
42.6704 	EXP 	whitesquare: autoDraw = False
42.6885 	EXP 	whitesquare: autoDraw = False
42.7039 	EXP 	whitesquare: autoDraw = False
42.7210 	EXP 	whitesquare: autoDraw = False
42.7381 	EXP 	whitesquare: autoDraw = False
42.7540 	EXP 	whitesquare: autoDraw = False
42.7705 	EXP 	whitesquare: autoDraw = False
42.7881 	EXP 	whitesquare: autoDraw = False
42.8040 	EXP 	whitesquare: autoDraw = False
42.8211 	EXP 	whitesquare: autoDraw = False
42.8383 	EXP 	whitesquare: autoDraw = False
42.8541 	EXP 	whitesquare: autoDraw = False
42.8705 	EXP 	whitesquare: autoDraw = False
42.8880 	EXP 	whitesquare: autoDraw = False
42.9039 	EXP 	whitesquare: autoDraw = False
42.9212 	EXP 	whitesquare: autoDraw = False
42.9376 	EXP 	whitesquare: autoDraw = False
42.9544 	EXP 	whitesquare: autoDraw = False
42.9704 	EXP 	whitesquare: autoDraw = False
42.9882 	EXP 	whitesquare: autoDraw = False
43.0038 	EXP 	whitesquare: autoDraw = False
43.0210 	EXP 	whitesquare: autoDraw = False
43.0383 	EXP 	whitesquare: autoDraw = False
43.0545 	EXP 	whitesquare: autoDraw = False
43.0706 	EXP 	whitesquare: autoDraw = False
43.0882 	EXP 	whitesquare: autoDraw = False
43.1039 	EXP 	whitesquare: autoDraw = False
43.1210 	EXP 	whitesquare: autoDraw = False
43.1379 	EXP 	whitesquare: autoDraw = False
43.1543 	EXP 	whitesquare: autoDraw = False
43.1706 	EXP 	whitesquare: autoDraw = False
43.1881 	EXP 	whitesquare: autoDraw = False
43.2039 	EXP 	whitesquare: autoDraw = False
43.2210 	EXP 	whitesquare: autoDraw = False
43.2379 	EXP 	whitesquare: autoDraw = False
43.2544 	EXP 	whitesquare: autoDraw = False
43.2706 	EXP 	whitesquare: autoDraw = False
43.2881 	EXP 	whitesquare: autoDraw = False
43.3040 	EXP 	whitesquare: autoDraw = False
43.3212 	EXP 	whitesquare: autoDraw = False
43.3377 	EXP 	whitesquare: autoDraw = False
43.3545 	EXP 	whitesquare: autoDraw = False
43.3706 	EXP 	whitesquare: autoDraw = False
43.3884 	EXP 	whitesquare: autoDraw = False
43.4040 	EXP 	whitesquare: autoDraw = False
43.4215 	EXP 	whitesquare: autoDraw = False
43.4379 	EXP 	whitesquare: autoDraw = False
43.4545 	EXP 	whitesquare: autoDraw = False
43.4706 	EXP 	whitesquare: autoDraw = False
43.4886 	EXP 	whitesquare: autoDraw = False
43.5041 	EXP 	whitesquare: autoDraw = False
43.5211 	EXP 	whitesquare: autoDraw = False
43.5379 	EXP 	whitesquare: autoDraw = False
43.5545 	EXP 	whitesquare: autoDraw = False
43.5707 	EXP 	whitesquare: autoDraw = False
43.5882 	EXP 	whitesquare: autoDraw = False
43.6043 	EXP 	whitesquare: autoDraw = False
43.6214 	EXP 	whitesquare: autoDraw = False
43.6380 	EXP 	whitesquare: autoDraw = False
43.6545 	EXP 	whitesquare: autoDraw = False
43.6707 	EXP 	whitesquare: autoDraw = False
43.6884 	EXP 	whitesquare: autoDraw = False
43.7042 	EXP 	whitesquare: autoDraw = False
43.7212 	EXP 	whitesquare: autoDraw = False
43.7380 	EXP 	whitesquare: autoDraw = False
43.7547 	EXP 	whitesquare: autoDraw = False
43.7708 	EXP 	whitesquare: autoDraw = False
43.7884 	EXP 	whitesquare: autoDraw = False
43.8042 	EXP 	whitesquare: autoDraw = False
43.8213 	EXP 	whitesquare: autoDraw = False
43.8384 	EXP 	whitesquare: autoDraw = False
43.8548 	EXP 	whitesquare: autoDraw = False
43.8708 	EXP 	whitesquare: autoDraw = False
43.8885 	EXP 	whitesquare: autoDraw = False
43.9042 	EXP 	whitesquare: autoDraw = False
43.9213 	EXP 	whitesquare: autoDraw = False
43.9381 	EXP 	whitesquare: autoDraw = False
43.9547 	EXP 	whitesquare: autoDraw = False
43.9708 	EXP 	whitesquare: autoDraw = False
43.9887 	EXP 	whitesquare: autoDraw = False
44.0043 	EXP 	whitesquare: autoDraw = False
44.0213 	EXP 	whitesquare: autoDraw = False
44.0381 	EXP 	whitesquare: autoDraw = False
44.0547 	EXP 	whitesquare: autoDraw = False
44.0709 	EXP 	whitesquare: autoDraw = False
44.0884 	EXP 	whitesquare: autoDraw = False
44.1044 	EXP 	whitesquare: autoDraw = False
44.1214 	EXP 	whitesquare: autoDraw = False
44.1380 	EXP 	whitesquare: autoDraw = False
44.1548 	EXP 	whitesquare: autoDraw = False
44.1710 	EXP 	whitesquare: autoDraw = False
44.1887 	EXP 	whitesquare: autoDraw = False
44.2044 	EXP 	whitesquare: autoDraw = False
44.2215 	EXP 	whitesquare: autoDraw = False
44.2381 	EXP 	whitesquare: autoDraw = False
44.2554 	EXP 	whitesquare: autoDraw = False
44.2709 	EXP 	whitesquare: autoDraw = False
44.2886 	EXP 	whitesquare: autoDraw = False
44.3044 	EXP 	whitesquare: autoDraw = False
44.3213 	EXP 	whitesquare: autoDraw = False
44.3382 	EXP 	whitesquare: autoDraw = False
44.3550 	EXP 	whitesquare: autoDraw = False
44.3710 	EXP 	whitesquare: autoDraw = False
44.3887 	EXP 	whitesquare: autoDraw = False
44.4045 	EXP 	whitesquare: autoDraw = False
44.4214 	EXP 	whitesquare: autoDraw = False
44.4381 	EXP 	whitesquare: autoDraw = False
44.4549 	EXP 	whitesquare: autoDraw = False
44.4711 	EXP 	whitesquare: autoDraw = False
44.4887 	EXP 	whitesquare: autoDraw = False
44.5045 	EXP 	whitesquare: autoDraw = False
44.5215 	EXP 	whitesquare: autoDraw = False
44.5383 	EXP 	whitesquare: autoDraw = False
44.5549 	EXP 	whitesquare: autoDraw = False
44.5711 	EXP 	whitesquare: autoDraw = False
44.5888 	EXP 	whitesquare: autoDraw = False
44.6048 	EXP 	whitesquare: autoDraw = False
44.6215 	EXP 	whitesquare: autoDraw = False
44.6382 	EXP 	whitesquare: autoDraw = False
44.6549 	EXP 	whitesquare: autoDraw = False
44.6712 	EXP 	whitesquare: autoDraw = False
44.6889 	EXP 	whitesquare: autoDraw = False
44.7046 	EXP 	whitesquare: autoDraw = False
44.7217 	EXP 	whitesquare: autoDraw = False
44.7385 	EXP 	whitesquare: autoDraw = False
44.7551 	EXP 	whitesquare: autoDraw = False
44.7711 	EXP 	whitesquare: autoDraw = False
44.7889 	EXP 	whitesquare: autoDraw = False
44.8047 	EXP 	whitesquare: autoDraw = False
44.8219 	EXP 	whitesquare: autoDraw = False
44.8385 	EXP 	whitesquare: autoDraw = False
44.8551 	EXP 	whitesquare: autoDraw = False
44.8713 	EXP 	whitesquare: autoDraw = False
44.8888 	EXP 	whitesquare: autoDraw = False
44.9047 	EXP 	whitesquare: autoDraw = False
44.9216 	EXP 	whitesquare: autoDraw = False
44.9385 	EXP 	whitesquare: autoDraw = False
44.9551 	EXP 	whitesquare: autoDraw = False
44.9713 	EXP 	whitesquare: autoDraw = False
44.9892 	EXP 	whitesquare: autoDraw = False
45.0047 	EXP 	whitesquare: autoDraw = False
45.0218 	EXP 	whitesquare: autoDraw = False
45.0385 	EXP 	whitesquare: autoDraw = False
45.0552 	EXP 	whitesquare: autoDraw = False
45.0713 	EXP 	whitesquare: autoDraw = False
45.0892 	EXP 	whitesquare: autoDraw = False
45.1048 	EXP 	whitesquare: autoDraw = False
45.1217 	EXP 	whitesquare: autoDraw = False
45.1386 	EXP 	whitesquare: autoDraw = False
45.1552 	EXP 	whitesquare: autoDraw = False
45.1714 	EXP 	whitesquare: autoDraw = False
45.1890 	EXP 	whitesquare: autoDraw = False
45.2048 	EXP 	whitesquare: autoDraw = False
45.2218 	EXP 	whitesquare: autoDraw = False
45.2388 	EXP 	whitesquare: autoDraw = False
45.2553 	EXP 	whitesquare: autoDraw = False
45.2715 	EXP 	whitesquare: autoDraw = False
45.2893 	EXP 	whitesquare: autoDraw = False
45.3049 	EXP 	whitesquare: autoDraw = False
45.3219 	EXP 	whitesquare: autoDraw = False
45.3386 	EXP 	whitesquare: autoDraw = False
45.3554 	EXP 	whitesquare: autoDraw = False
45.3715 	EXP 	whitesquare: autoDraw = False
45.3893 	EXP 	whitesquare: autoDraw = False
45.4050 	EXP 	whitesquare: autoDraw = False
45.4219 	EXP 	whitesquare: autoDraw = False
45.4388 	EXP 	whitesquare: autoDraw = False
45.4553 	EXP 	whitesquare: autoDraw = False
45.4715 	EXP 	whitesquare: autoDraw = False
45.4892 	EXP 	whitesquare: autoDraw = False
45.5053 	EXP 	whitesquare: autoDraw = False
45.5220 	EXP 	whitesquare: autoDraw = False
45.5388 	EXP 	whitesquare: autoDraw = False
45.5554 	EXP 	whitesquare: autoDraw = False
45.5715 	EXP 	whitesquare: autoDraw = False
45.5892 	EXP 	whitesquare: autoDraw = False
45.6050 	EXP 	whitesquare: autoDraw = False
45.6220 	EXP 	whitesquare: autoDraw = False
45.6389 	EXP 	whitesquare: autoDraw = False
45.6555 	EXP 	whitesquare: autoDraw = False
45.6717 	EXP 	whitesquare: autoDraw = False
45.6894 	EXP 	whitesquare: autoDraw = False
45.7054 	EXP 	whitesquare: autoDraw = False
45.7223 	EXP 	whitesquare: autoDraw = False
45.7390 	EXP 	whitesquare: autoDraw = False
45.7555 	EXP 	whitesquare: autoDraw = False
45.7717 	EXP 	whitesquare: autoDraw = False
45.7898 	EXP 	whitesquare: autoDraw = False
45.8052 	EXP 	whitesquare: autoDraw = False
45.8222 	EXP 	whitesquare: autoDraw = False
45.8389 	EXP 	whitesquare: autoDraw = False
45.8556 	EXP 	whitesquare: autoDraw = False
45.8717 	EXP 	whitesquare: autoDraw = False
45.8894 	EXP 	whitesquare: autoDraw = False
45.9053 	EXP 	whitesquare: autoDraw = False
45.9224 	EXP 	whitesquare: autoDraw = False
45.9391 	EXP 	whitesquare: autoDraw = False
45.9556 	EXP 	whitesquare: autoDraw = False
45.9717 	EXP 	whitesquare: autoDraw = False
45.9894 	EXP 	whitesquare: autoDraw = False
46.0052 	EXP 	whitesquare: autoDraw = False
46.0222 	EXP 	whitesquare: autoDraw = False
46.0390 	EXP 	whitesquare: autoDraw = False
46.0558 	EXP 	whitesquare: autoDraw = False
46.0718 	EXP 	whitesquare: autoDraw = False
46.0895 	EXP 	whitesquare: autoDraw = False
46.1052 	EXP 	whitesquare: autoDraw = False
46.1222 	EXP 	whitesquare: autoDraw = False
46.1391 	EXP 	whitesquare: autoDraw = False
46.1556 	EXP 	whitesquare: autoDraw = False
46.1724 	EXP 	whitesquare: autoDraw = False
46.1896 	EXP 	whitesquare: autoDraw = False
46.2054 	EXP 	whitesquare: autoDraw = False
46.2222 	EXP 	whitesquare: autoDraw = False
46.2392 	EXP 	whitesquare: autoDraw = False
46.2557 	EXP 	whitesquare: autoDraw = False
46.2721 	EXP 	whitesquare: autoDraw = False
46.2897 	EXP 	whitesquare: autoDraw = False
46.3053 	EXP 	whitesquare: autoDraw = False
46.3225 	EXP 	whitesquare: autoDraw = False
46.3393 	EXP 	whitesquare: autoDraw = False
46.3559 	EXP 	whitesquare: autoDraw = False
46.3720 	EXP 	whitesquare: autoDraw = False
46.3897 	EXP 	whitesquare: autoDraw = False
46.4054 	EXP 	whitesquare: autoDraw = False
46.4223 	EXP 	whitesquare: autoDraw = False
46.4395 	EXP 	whitesquare: autoDraw = False
46.4558 	EXP 	whitesquare: autoDraw = False
46.4720 	EXP 	whitesquare: autoDraw = False
46.4897 	EXP 	whitesquare: autoDraw = False
46.5054 	EXP 	whitesquare: autoDraw = False
46.5225 	EXP 	whitesquare: autoDraw = False
46.5393 	EXP 	whitesquare: autoDraw = False
46.5560 	EXP 	whitesquare: autoDraw = False
46.5721 	EXP 	whitesquare: autoDraw = False
46.5897 	EXP 	whitesquare: autoDraw = False
46.6055 	EXP 	whitesquare: autoDraw = False
46.6227 	EXP 	whitesquare: autoDraw = False
46.6393 	EXP 	whitesquare: autoDraw = False
46.6559 	EXP 	whitesquare: autoDraw = False
46.6721 	EXP 	whitesquare: autoDraw = False
46.6898 	EXP 	whitesquare: autoDraw = False
46.7056 	EXP 	whitesquare: autoDraw = False
46.7225 	EXP 	whitesquare: autoDraw = False
46.7394 	EXP 	whitesquare: autoDraw = False
46.7563 	EXP 	whitesquare: autoDraw = False
46.7721 	EXP 	whitesquare: autoDraw = False
46.7900 	EXP 	whitesquare: autoDraw = False
46.8061 	EXP 	whitesquare: autoDraw = False
46.8230 	EXP 	whitesquare: autoDraw = False
46.8397 	EXP 	whitesquare: autoDraw = False
46.8566 	EXP 	whitesquare: autoDraw = False
46.8724 	EXP 	whitesquare: autoDraw = False
46.8901 	EXP 	whitesquare: autoDraw = False
46.9061 	EXP 	whitesquare: autoDraw = False
46.9234 	EXP 	whitesquare: autoDraw = False
46.9396 	EXP 	whitesquare: autoDraw = False
46.9564 	EXP 	whitesquare: autoDraw = False
46.9725 	EXP 	whitesquare: autoDraw = False
46.9903 	EXP 	whitesquare: autoDraw = False
47.0059 	EXP 	whitesquare: autoDraw = False
47.0228 	EXP 	whitesquare: autoDraw = False
47.0397 	EXP 	whitesquare: autoDraw = False
47.0565 	EXP 	whitesquare: autoDraw = False
47.0730 	EXP 	whitesquare: autoDraw = False
47.0909 	EXP 	whitesquare: autoDraw = False
47.1066 	EXP 	whitesquare: autoDraw = False
47.1236 	EXP 	whitesquare: autoDraw = False
47.1402 	EXP 	whitesquare: autoDraw = False
47.1570 	EXP 	whitesquare: autoDraw = False
47.1727 	EXP 	whitesquare: autoDraw = False
47.1905 	EXP 	whitesquare: autoDraw = False
47.2060 	EXP 	whitesquare: autoDraw = False
47.2232 	EXP 	whitesquare: autoDraw = False
47.2397 	EXP 	whitesquare: autoDraw = False
47.2565 	EXP 	whitesquare: autoDraw = False
47.2727 	EXP 	whitesquare: autoDraw = False
47.2907 	EXP 	whitesquare: autoDraw = False
47.3066 	EXP 	whitesquare: autoDraw = False
47.3238 	EXP 	whitesquare: autoDraw = False
47.3401 	EXP 	whitesquare: autoDraw = False
47.3571 	EXP 	whitesquare: autoDraw = False
47.3727 	EXP 	whitesquare: autoDraw = False
47.3905 	EXP 	whitesquare: autoDraw = False
47.4061 	EXP 	whitesquare: autoDraw = False
47.4230 	EXP 	whitesquare: autoDraw = False
47.4400 	EXP 	whitesquare: autoDraw = False
47.4565 	EXP 	whitesquare: autoDraw = False
47.4728 	EXP 	whitesquare: autoDraw = False
47.4905 	EXP 	whitesquare: autoDraw = False
47.5061 	EXP 	whitesquare: autoDraw = False
47.5236 	EXP 	whitesquare: autoDraw = False
47.5401 	EXP 	whitesquare: autoDraw = False
47.5567 	EXP 	whitesquare: autoDraw = False
47.5728 	EXP 	whitesquare: autoDraw = False
47.5903 	EXP 	whitesquare: autoDraw = False
47.6064 	EXP 	whitesquare: autoDraw = False
47.6233 	EXP 	whitesquare: autoDraw = False
47.6402 	EXP 	whitesquare: autoDraw = False
47.6570 	EXP 	whitesquare: autoDraw = False
47.6733 	EXP 	whitesquare: autoDraw = False
47.6909 	EXP 	whitesquare: autoDraw = False
47.7062 	EXP 	whitesquare: autoDraw = False
47.7233 	EXP 	whitesquare: autoDraw = False
47.7398 	EXP 	whitesquare: autoDraw = False
47.7565 	EXP 	whitesquare: autoDraw = False
47.7727 	EXP 	whitesquare: autoDraw = False
47.7903 	EXP 	whitesquare: autoDraw = False
47.8061 	EXP 	whitesquare: autoDraw = False
47.8231 	EXP 	whitesquare: autoDraw = False
47.8399 	EXP 	whitesquare: autoDraw = False
47.8565 	EXP 	whitesquare: autoDraw = False
47.8727 	EXP 	whitesquare: autoDraw = False
47.8905 	EXP 	whitesquare: autoDraw = False
47.9061 	EXP 	whitesquare: autoDraw = False
47.9234 	EXP 	whitesquare: autoDraw = False
47.9400 	EXP 	whitesquare: autoDraw = False
47.9565 	EXP 	whitesquare: autoDraw = False
47.9727 	EXP 	whitesquare: autoDraw = False
47.9905 	EXP 	whitesquare: autoDraw = False
48.0063 	EXP 	whitesquare: autoDraw = False
48.0232 	EXP 	whitesquare: autoDraw = False
48.0400 	EXP 	whitesquare: autoDraw = False
48.0566 	EXP 	whitesquare: autoDraw = False
48.0727 	EXP 	whitesquare: autoDraw = False
48.0905 	EXP 	whitesquare: autoDraw = False
48.1062 	EXP 	whitesquare: autoDraw = False
48.1234 	EXP 	whitesquare: autoDraw = False
48.1400 	EXP 	whitesquare: autoDraw = False
48.1567 	EXP 	whitesquare: autoDraw = False
48.1728 	EXP 	whitesquare: autoDraw = False
48.1908 	EXP 	whitesquare: autoDraw = False
48.2063 	EXP 	whitesquare: autoDraw = False
48.2233 	EXP 	whitesquare: autoDraw = False
48.2401 	EXP 	whitesquare: autoDraw = False
48.2566 	EXP 	whitesquare: autoDraw = False
48.2729 	EXP 	whitesquare: autoDraw = False
48.2906 	EXP 	whitesquare: autoDraw = False
48.3063 	EXP 	whitesquare: autoDraw = False
48.3235 	EXP 	whitesquare: autoDraw = False
48.3401 	EXP 	whitesquare: autoDraw = False
48.3569 	EXP 	whitesquare: autoDraw = False
48.3729 	EXP 	whitesquare: autoDraw = False
48.3907 	EXP 	whitesquare: autoDraw = False
48.4064 	EXP 	whitesquare: autoDraw = False
48.4236 	EXP 	whitesquare: autoDraw = False
48.4401 	EXP 	whitesquare: autoDraw = False
48.4568 	EXP 	whitesquare: autoDraw = False
48.4730 	EXP 	whitesquare: autoDraw = False
48.4906 	EXP 	whitesquare: autoDraw = False
48.5068 	EXP 	whitesquare: autoDraw = False
48.5236 	EXP 	whitesquare: autoDraw = False
48.5409 	EXP 	whitesquare: autoDraw = False
48.5568 	EXP 	whitesquare: autoDraw = False
48.5731 	EXP 	whitesquare: autoDraw = False
48.5907 	EXP 	whitesquare: autoDraw = False
48.6064 	EXP 	whitesquare: autoDraw = False
48.6243 	EXP 	whitesquare: autoDraw = False
48.6266 	DATA 	Keypress: escape
48.9155 	EXP 	window1: mouseVisible = True
