5.1030 	WARNING 	User requested fullscreen with size [1024  768], but screen is actually [1280, 800]. Using actual size
5.8113 	EXP 	Created window1 = Window(allowGUI=False, allowStencil=False, args=UNKNOWN, autoLog=True, bitsMode=UNKNOWN, blendMode='avg', color=array([-1., -1., -1.]), colorSpace='rgb', fullscr=UNKNOWN, gamma=None, kwargs=UNKNOWN, lms=UNKNOWN, monitor=<psychopy.monitors.calibTools.Monitor object at 0x112ac24e0>, multiSample=False, name='window1', numSamples=2, pos=[0.0, 0.0], screen=0, size=array([2560, 1600]), stereo=False, units='norm', useFBO=True, useRetina=True, viewOri=0.0, viewPos=None, viewScale=None, waitBlanking=True, winType='pyglet')
5.8113 	EXP 	window1: recordFrameIntervals = False
5.9776 	EXP 	window1: recordFrameIntervals = True
6.1611 	EXP 	window1: recordFrameIntervals = False
6.1682 	EXP 	<method-wrapper '__getattribute__' of attributeSetter object at 0x103dd00f0>: vertices = array([[-0.25,  0.25],
       [ 0.25,  0.25],
       [ 0.25, -0.25],
       [-0.25, -0.25]])
6.1697 	EXP 	Created whitesquare = Rect(__class__=<class 'psychopy.visual.rect.Rect'>, autoDraw=False, autoLog=True, closeShape=True, contrast=1.0, depth=0.0, fillColor=array([1., 1., 1.]), fillColorSpace='rgb', fillRGB=array([1., 1., 1.]), interpolate=True, lineColor=array([1., 1., 1.]), lineColorSpace='rgb', lineRGB=array([1., 1., 1.]), lineWidth=1, name='whitesquare', opacity=0.9, ori=array(0.), pos=array([14.9, 11.2]), size=array([1., 1.]), units='cm', vertices=ndarray(...), win=Window(...))
6.2996 	EXP 	Created intro_text = TextStim(__class__=<class 'psychopy.visual.text.TextStim'>, alignHoriz='center', alignVert='center', antialias=True, autoLog=True, bold=False, color='white', colorSpace='named', contrast=1.0, depth=0.0, flipHoriz=False, flipVert=False, font='Arial', fontFiles=[], height=0.1, italic=False, name='intro_text', opacity=1.0, ori=0, pos=array([0., 0.]), rgb=array([255., 255., 255.]), text=str(...), units='norm', win=Window(...), wrapWidth=1)
6.3343 	EXP 	Created intro_text = TextStim(__class__=<class 'psychopy.visual.text.TextStim'>, alignHoriz='center', alignVert='center', antialias=True, autoLog=True, bold=False, color='white', colorSpace='named', contrast=1.0, depth=0.0, flipHoriz=False, flipVert=False, font='Arial', fontFiles=[], height=0.1, italic=False, name='intro_text', opacity=1.0, ori=0, pos=array([0., 0.]), rgb=array([255., 255., 255.]), text=str(...), units='norm', win=Window(...), wrapWidth=1)
6.3468 	EXP 	Created open_text = TextStim(__class__=<class 'psychopy.visual.text.TextStim'>, alignHoriz='center', alignVert='center', antialias=True, autoLog=True, bold=False, color='white', colorSpace='named', contrast=1.0, depth=0.0, flipHoriz=False, flipVert=False, font='Arial', fontFiles=[], height=0.1, italic=False, name='open_text', opacity=1.0, ori=0, pos=array([0., 0.]), rgb=array([255., 255., 255.]), text=str(...), units='norm', win=Window(...), wrapWidth=1)
6.3506 	EXP 	Created fixation = TextStim(__class__=<class 'psychopy.visual.text.TextStim'>, alignHoriz='center', alignVert='center', antialias=True, autoLog=True, bold=False, color='white', colorSpace='named', contrast=1.0, depth=-1.0, flipHoriz=False, flipVert=False, font='Arial', fontFiles=[], height=0.1, italic=False, name='fixation', opacity=1.0, ori=0, pos=array([0., 0.]), rgb=array([255., 255., 255.]), text='+\n', units='norm', win=Window(...), wrapWidth=1)
6.3620 	EXP 	Created close_text = TextStim(__class__=<class 'psychopy.visual.text.TextStim'>, alignHoriz='center', alignVert='center', antialias=True, autoLog=True, bold=False, color='white', colorSpace='named', contrast=1.0, depth=0.0, flipHoriz=False, flipVert=False, font='Arial', fontFiles=[], height=0.1, italic=False, name='close_text', opacity=1.0, ori=0, pos=array([0., 0.]), rgb=array([255., 255., 255.]), text=str(...), units='norm', win=Window(...), wrapWidth=1)
6.3645 	EXP 	Created blank = TextStim(__class__=<class 'psychopy.visual.text.TextStim'>, alignHoriz='center', alignVert='center', antialias=True, autoLog=True, bold=False, color='white', colorSpace='named', contrast=1.0, depth=-1.0, flipHoriz=False, flipVert=False, font='Arial', fontFiles=[], height=0.1, italic=False, name='blank', opacity=1.0, ori=0, pos=array([0., 0.]), rgb=array([255., 255., 255.]), text=' ', units='norm', win=Window(...), wrapWidth=1)
6.4200 	EXP 	Set  sound=./sound/open_speak.wav
6.4201 	EXP 	Set Sound  volume=1.000
6.4292 	EXP 	Created gaze_text = TextStim(__class__=<class 'psychopy.visual.text.TextStim'>, alignHoriz='center', alignVert='center', antialias=True, autoLog=True, bold=False, color='white', colorSpace='named', contrast=1.0, depth=0.0, flipHoriz=False, flipVert=False, font='Arial', fontFiles=[], height=0.1, italic=False, name='gaze_text', opacity=1.0, ori=0, pos=array([0., 0.]), rgb=array([255., 255., 255.]), text=str(...), units='norm', win=Window(...), wrapWidth=1)
6.4311 	EXP 	Created center = ShapeStim(__class__=<class 'psychopy.visual.shape.ShapeStim'>, autoDraw=False, autoLog=True, closeShape=True, contrast=1.0, depth=0.0, fillColor=array([1., 1., 1.]), fillColorSpace='rgb', interpolate=True, lineColor=array([1., 1., 1.]), lineColorSpace='rgb', lineWidth=1, name='center', opacity=1.0, ori=array(0.), pos=array([0., 0.]), size=array([0.5, 0.5]), units='cm', vertices=ndarray(...), win=Window(...), windingRule=None)
6.4320 	EXP 	Set  sound=./sound/left_speak.wav
6.4320 	EXP 	Set Sound  volume=1.000
6.4339 	EXP 	Created left = ShapeStim(__class__=<class 'psychopy.visual.shape.ShapeStim'>, autoDraw=False, autoLog=True, closeShape=True, contrast=1.0, depth=0.0, fillColor=array([1., 1., 1.]), fillColorSpace='rgb', interpolate=True, lineColor=array([1., 1., 1.]), lineColorSpace='rgb', lineWidth=1, name='left', opacity=1.0, ori=array(0.), pos=array([-10.,   0.]), size=array([0.5, 0.5]), units='cm', vertices=ndarray(...), win=Window(...), windingRule=None)
6.4346 	EXP 	Set  sound=./sound/right_speak.wav
6.4347 	EXP 	Set Sound  volume=1.000
6.4365 	EXP 	Created right = ShapeStim(__class__=<class 'psychopy.visual.shape.ShapeStim'>, autoDraw=False, autoLog=True, closeShape=True, contrast=1.0, depth=0.0, fillColor=array([1., 1., 1.]), fillColorSpace='rgb', interpolate=True, lineColor=array([1., 1., 1.]), lineColorSpace='rgb', lineWidth=1, name='right', opacity=1.0, ori=array(0.), pos=array([10.,  0.]), size=array([0.5, 0.5]), units='cm', vertices=ndarray(...), win=Window(...), windingRule=None)
6.4373 	EXP 	Set  sound=./sound/up_speak.wav
6.4373 	EXP 	Set Sound  volume=1.000
6.4390 	EXP 	Created up = ShapeStim(__class__=<class 'psychopy.visual.shape.ShapeStim'>, autoDraw=False, autoLog=True, closeShape=True, contrast=1.0, depth=0.0, fillColor=array([1., 1., 1.]), fillColorSpace='rgb', interpolate=True, lineColor=array([1., 1., 1.]), lineColorSpace='rgb', lineWidth=1, name='up', opacity=1.0, ori=array(0.), pos=array([ 0., 10.]), size=array([0.5, 0.5]), units='cm', vertices=ndarray(...), win=Window(...), windingRule=None)
6.4398 	EXP 	Set  sound=./sound/down_speak.wav
6.4398 	EXP 	Set Sound  volume=1.000
6.4417 	EXP 	Created down = ShapeStim(__class__=<class 'psychopy.visual.shape.ShapeStim'>, autoDraw=False, autoLog=True, closeShape=True, contrast=1.0, depth=0.0, fillColor=array([1., 1., 1.]), fillColorSpace='rgb', interpolate=True, lineColor=array([1., 1., 1.]), lineColorSpace='rgb', lineWidth=1, name='down', opacity=1.0, ori=array(0.), pos=array([  0., -10.]), size=array([0.5, 0.5]), units='cm', vertices=ndarray(...), win=Window(...), windingRule=None)
6.4505 	EXP 	Created esc = TextStim(__class__=<class 'psychopy.visual.text.TextStim'>, alignHoriz='center', alignVert='center', antialias=True, autoLog=True, bold=False, color='white', colorSpace='named', contrast=1.0, depth=0.0, flipHoriz=False, flipVert=False, font='Arial', fontFiles=[], height=0.1, italic=False, name='esc', opacity=1.0, ori=0, pos=array([0., 0.]), rgb=array([255., 255., 255.]), text="End of test\n\nPress 'esc'", units='norm', win=Window(...), wrapWidth=1)
6.4785 	EXP 	intro_text: autoDraw = True
6.4785 	EXP 	whitesquare: autoDraw = True
7.5481 	DATA 	Keypress: space
7.5606 	EXP 	intro_text: autoDraw = False
7.5606 	EXP 	whitesquare: autoDraw = False
7.5606 	EXP 	intro_text: autoDraw = True
7.8807 	DATA 	Keypress: space
7.8818 	EXP 	Set  sound=./sound/left_speak.wav
7.8820 	EXP 	Set  sound=./sound/right_speak.wav
7.8821 	EXP 	Set  sound=./sound/up_speak.wav
7.8823 	EXP 	Set  sound=./sound/down_speak.wav
7.8942 	EXP 	intro_text: autoDraw = False
10.3795 	EXP 	Sound  started
11.5302 	EXP 	Sound  started
12.6810 	EXP 	Sound  started
13.8312 	EXP 	Sound  started
14.9821 	EXP 	Sound  started
16.1323 	EXP 	Sound  started
19.5512 	DATA 	wsqS
19.5662 	EXP 	whitesquare: autoDraw = True
19.5668 	DATA 	wsqS
19.5832 	EXP 	whitesquare: autoDraw = True
19.5832 	EXP 	whitesquare: autoDraw = False
19.5840 	DATA 	wsqS
19.5995 	EXP 	whitesquare: autoDraw = True
19.5995 	EXP 	whitesquare: autoDraw = False
19.6003 	DATA 	wsqS
19.6166 	EXP 	whitesquare: autoDraw = True
19.6166 	EXP 	whitesquare: autoDraw = False
19.6173 	DATA 	wsqS
19.6329 	EXP 	whitesquare: autoDraw = True
19.6329 	EXP 	whitesquare: autoDraw = False
19.6337 	DATA 	wsqS
19.6500 	EXP 	whitesquare: autoDraw = True
19.6500 	EXP 	whitesquare: autoDraw = False
19.6506 	DATA 	wsqS
19.6663 	EXP 	whitesquare: autoDraw = True
19.6663 	EXP 	whitesquare: autoDraw = False
19.6669 	DATA 	wsqS
19.6832 	EXP 	whitesquare: autoDraw = True
19.6832 	EXP 	whitesquare: autoDraw = False
19.6840 	DATA 	wsqS
19.6995 	EXP 	whitesquare: autoDraw = True
19.6995 	EXP 	whitesquare: autoDraw = False
19.7004 	DATA 	wsqS
19.7166 	EXP 	whitesquare: autoDraw = True
19.7166 	EXP 	whitesquare: autoDraw = False
19.7174 	DATA 	wsqS
19.7329 	EXP 	whitesquare: autoDraw = True
19.7329 	EXP 	whitesquare: autoDraw = False
19.7337 	DATA 	wsqS
19.7500 	EXP 	whitesquare: autoDraw = True
19.7500 	EXP 	whitesquare: autoDraw = False
19.7508 	DATA 	wsqS
19.7665 	EXP 	whitesquare: autoDraw = True
19.7665 	EXP 	whitesquare: autoDraw = False
19.7672 	DATA 	wsqS
19.7834 	EXP 	whitesquare: autoDraw = True
19.7834 	EXP 	whitesquare: autoDraw = False
19.7842 	DATA 	wsqS
19.7996 	EXP 	whitesquare: autoDraw = True
19.7996 	EXP 	whitesquare: autoDraw = False
19.8003 	DATA 	wsqS
19.8169 	EXP 	whitesquare: autoDraw = True
19.8169 	EXP 	whitesquare: autoDraw = False
19.8177 	DATA 	wsqS
19.8329 	EXP 	whitesquare: autoDraw = True
19.8329 	EXP 	whitesquare: autoDraw = False
19.8337 	DATA 	wsqS
19.8500 	EXP 	whitesquare: autoDraw = True
19.8500 	EXP 	whitesquare: autoDraw = False
19.8507 	DATA 	wsqS
19.8663 	EXP 	whitesquare: autoDraw = True
19.8663 	EXP 	whitesquare: autoDraw = False
19.8671 	DATA 	wsqS
19.8834 	EXP 	whitesquare: autoDraw = True
19.8834 	EXP 	whitesquare: autoDraw = False
19.8841 	DATA 	wsqS
19.8997 	EXP 	whitesquare: autoDraw = True
19.8997 	EXP 	whitesquare: autoDraw = False
19.9005 	DATA 	wsqS
19.9167 	EXP 	whitesquare: autoDraw = True
19.9167 	EXP 	whitesquare: autoDraw = False
19.9175 	DATA 	wsqS
19.9330 	EXP 	whitesquare: autoDraw = True
19.9330 	EXP 	whitesquare: autoDraw = False
19.9338 	DATA 	wsqS
19.9503 	EXP 	whitesquare: autoDraw = True
19.9503 	EXP 	whitesquare: autoDraw = False
19.9509 	DATA 	wsqS
19.9663 	EXP 	whitesquare: autoDraw = True
19.9663 	EXP 	whitesquare: autoDraw = False
19.9672 	DATA 	wsqS
19.9834 	EXP 	whitesquare: autoDraw = True
19.9834 	EXP 	whitesquare: autoDraw = False
19.9843 	DATA 	wsqS
19.9997 	EXP 	whitesquare: autoDraw = True
19.9997 	EXP 	whitesquare: autoDraw = False
20.0004 	DATA 	wsqS
20.0168 	EXP 	whitesquare: autoDraw = True
20.0168 	EXP 	whitesquare: autoDraw = False
20.0176 	DATA 	wsqS
20.0331 	EXP 	whitesquare: autoDraw = True
20.0331 	EXP 	whitesquare: autoDraw = False
20.0338 	DATA 	wsqS
20.0501 	EXP 	whitesquare: autoDraw = True
20.0501 	EXP 	whitesquare: autoDraw = False
20.0509 	DATA 	wsqS
20.0664 	EXP 	whitesquare: autoDraw = True
20.0664 	EXP 	whitesquare: autoDraw = False
20.0672 	DATA 	wsqS
20.0835 	EXP 	whitesquare: autoDraw = True
20.0835 	EXP 	whitesquare: autoDraw = False
20.0843 	DATA 	wsqS
20.1002 	EXP 	whitesquare: autoDraw = True
20.1002 	EXP 	whitesquare: autoDraw = False
20.1008 	DATA 	wsqS
20.1171 	EXP 	whitesquare: autoDraw = True
20.1171 	EXP 	whitesquare: autoDraw = False
20.1176 	DATA 	wsqS
20.1335 	EXP 	whitesquare: autoDraw = True
20.1335 	EXP 	whitesquare: autoDraw = False
20.1339 	DATA 	wsqS
20.1505 	EXP 	whitesquare: autoDraw = True
20.1505 	EXP 	whitesquare: autoDraw = False
20.1510 	DATA 	wsqS
20.1666 	EXP 	whitesquare: autoDraw = True
20.1666 	EXP 	whitesquare: autoDraw = False
20.1671 	DATA 	wsqS
20.1845 	EXP 	whitesquare: autoDraw = True
20.1845 	EXP 	whitesquare: autoDraw = False
20.1851 	DATA 	wsqS
20.1999 	EXP 	whitesquare: autoDraw = True
20.1999 	EXP 	whitesquare: autoDraw = False
20.2005 	DATA 	wsqS
20.2171 	EXP 	whitesquare: autoDraw = True
20.2171 	EXP 	whitesquare: autoDraw = False
20.2176 	DATA 	wsqS
20.2337 	EXP 	whitesquare: autoDraw = True
20.2337 	EXP 	whitesquare: autoDraw = False
20.2343 	DATA 	wsqS
20.2504 	EXP 	whitesquare: autoDraw = True
20.2504 	EXP 	whitesquare: autoDraw = False
20.2508 	DATA 	wsqS
20.2667 	EXP 	whitesquare: autoDraw = True
20.2667 	EXP 	whitesquare: autoDraw = False
20.2672 	DATA 	wsqS
20.2836 	EXP 	whitesquare: autoDraw = True
20.2836 	EXP 	whitesquare: autoDraw = False
20.2842 	DATA 	wsqS
20.3005 	EXP 	whitesquare: autoDraw = True
20.3005 	EXP 	whitesquare: autoDraw = False
20.3012 	DATA 	wsqS
20.3176 	EXP 	whitesquare: autoDraw = True
20.3176 	EXP 	whitesquare: autoDraw = False
20.3184 	DATA 	wsqS
20.3335 	EXP 	whitesquare: autoDraw = True
20.3335 	EXP 	whitesquare: autoDraw = False
20.3339 	DATA 	wsqS
20.3504 	EXP 	whitesquare: autoDraw = True
20.3504 	EXP 	whitesquare: autoDraw = False
20.3509 	DATA 	wsqS
20.3669 	EXP 	whitesquare: autoDraw = True
20.3669 	EXP 	whitesquare: autoDraw = False
20.3674 	DATA 	wsqS
20.3836 	EXP 	whitesquare: autoDraw = True
20.3836 	EXP 	whitesquare: autoDraw = False
20.3841 	DATA 	wsqS
20.4001 	EXP 	whitesquare: autoDraw = True
20.4001 	EXP 	whitesquare: autoDraw = False
20.4008 	DATA 	wsqS
20.4171 	EXP 	whitesquare: autoDraw = True
20.4171 	EXP 	whitesquare: autoDraw = False
20.4176 	DATA 	wsqS
20.4340 	EXP 	whitesquare: autoDraw = True
20.4340 	EXP 	whitesquare: autoDraw = False
20.4347 	DATA 	wsqS
20.4513 	EXP 	whitesquare: autoDraw = True
20.4513 	EXP 	whitesquare: autoDraw = False
20.4520 	DATA 	wsqS
20.4671 	EXP 	whitesquare: autoDraw = True
20.4671 	EXP 	whitesquare: autoDraw = False
20.4676 	DATA 	wsqS
20.4838 	EXP 	whitesquare: autoDraw = True
20.4838 	EXP 	whitesquare: autoDraw = False
20.4843 	DATA 	wsqS
20.5004 	EXP 	whitesquare: autoDraw = True
20.5004 	EXP 	whitesquare: autoDraw = False
20.5008 	DATA 	wsqS
20.5172 	EXP 	whitesquare: autoDraw = True
20.5172 	EXP 	whitesquare: autoDraw = False
20.5177 	DATA 	wsqS
20.5336 	EXP 	whitesquare: autoDraw = True
20.5336 	EXP 	whitesquare: autoDraw = False
20.5341 	DATA 	wsqS
20.5505 	EXP 	whitesquare: autoDraw = True
20.5505 	EXP 	whitesquare: autoDraw = False
20.5510 	DATA 	wsqS
20.5669 	EXP 	whitesquare: autoDraw = True
20.5669 	EXP 	whitesquare: autoDraw = False
20.5674 	DATA 	wsqS
20.5839 	EXP 	whitesquare: autoDraw = True
20.5839 	EXP 	whitesquare: autoDraw = False
20.5844 	DATA 	wsqS
20.6002 	EXP 	whitesquare: autoDraw = True
20.6002 	EXP 	whitesquare: autoDraw = False
20.6006 	DATA 	wsqS
20.6173 	EXP 	whitesquare: autoDraw = True
20.6173 	EXP 	whitesquare: autoDraw = False
20.6179 	DATA 	wsqS
20.6336 	EXP 	whitesquare: autoDraw = True
20.6336 	EXP 	whitesquare: autoDraw = False
20.6341 	DATA 	wsqS
20.6514 	EXP 	whitesquare: autoDraw = True
20.6514 	EXP 	whitesquare: autoDraw = False
20.6521 	DATA 	wsqS
20.6672 	EXP 	whitesquare: autoDraw = True
20.6672 	EXP 	whitesquare: autoDraw = False
20.6677 	DATA 	wsqS
20.6839 	EXP 	whitesquare: autoDraw = True
20.6839 	EXP 	whitesquare: autoDraw = False
20.6844 	DATA 	wsqS
20.7002 	EXP 	whitesquare: autoDraw = True
20.7002 	EXP 	whitesquare: autoDraw = False
20.7009 	DATA 	wsqS
20.7171 	EXP 	whitesquare: autoDraw = True
20.7171 	EXP 	whitesquare: autoDraw = False
20.7178 	DATA 	wsqS
20.7334 	EXP 	whitesquare: autoDraw = True
20.7334 	EXP 	whitesquare: autoDraw = False
20.7342 	DATA 	wsqS
20.7508 	EXP 	whitesquare: autoDraw = True
20.7508 	EXP 	whitesquare: autoDraw = False
20.7514 	DATA 	wsqS
20.7668 	EXP 	whitesquare: autoDraw = True
20.7668 	EXP 	whitesquare: autoDraw = False
20.7675 	DATA 	wsqS
20.7838 	EXP 	whitesquare: autoDraw = True
20.7838 	EXP 	whitesquare: autoDraw = False
20.7846 	DATA 	wsqS
20.8001 	EXP 	whitesquare: autoDraw = True
20.8001 	EXP 	whitesquare: autoDraw = False
20.8008 	DATA 	wsqS
20.8172 	EXP 	whitesquare: autoDraw = True
20.8172 	EXP 	whitesquare: autoDraw = False
20.8179 	DATA 	wsqS
20.8334 	EXP 	whitesquare: autoDraw = True
20.8334 	EXP 	whitesquare: autoDraw = False
20.8342 	DATA 	wsqS
20.8507 	EXP 	whitesquare: autoDraw = True
20.8507 	EXP 	whitesquare: autoDraw = False
20.8515 	DATA 	wsqS
20.8668 	EXP 	whitesquare: autoDraw = True
20.8668 	EXP 	whitesquare: autoDraw = False
20.8675 	DATA 	wsqS
20.8838 	EXP 	whitesquare: autoDraw = True
20.8838 	EXP 	whitesquare: autoDraw = False
20.8847 	DATA 	wsqS
20.9001 	EXP 	whitesquare: autoDraw = True
20.9001 	EXP 	whitesquare: autoDraw = False
20.9009 	DATA 	wsqS
20.9173 	EXP 	whitesquare: autoDraw = True
20.9173 	EXP 	whitesquare: autoDraw = False
20.9181 	DATA 	wsqS
20.9337 	EXP 	whitesquare: autoDraw = True
20.9337 	EXP 	whitesquare: autoDraw = False
20.9344 	DATA 	wsqS
20.9505 	EXP 	whitesquare: autoDraw = True
20.9505 	EXP 	whitesquare: autoDraw = False
20.9513 	DATA 	wsqS
20.9669 	EXP 	whitesquare: autoDraw = True
20.9669 	EXP 	whitesquare: autoDraw = False
20.9677 	DATA 	wsqS
20.9839 	EXP 	whitesquare: autoDraw = True
20.9839 	EXP 	whitesquare: autoDraw = False
20.9846 	DATA 	wsqS
21.0003 	EXP 	whitesquare: autoDraw = True
21.0003 	EXP 	whitesquare: autoDraw = False
21.0010 	DATA 	wsqS
21.0172 	EXP 	whitesquare: autoDraw = True
21.0172 	EXP 	whitesquare: autoDraw = False
21.0180 	DATA 	wsqS
21.0335 	EXP 	whitesquare: autoDraw = True
21.0335 	EXP 	whitesquare: autoDraw = False
21.0343 	DATA 	wsqS
21.0507 	EXP 	whitesquare: autoDraw = True
21.0507 	EXP 	whitesquare: autoDraw = False
21.0515 	DATA 	wsqS
21.0669 	EXP 	whitesquare: autoDraw = True
21.0669 	EXP 	whitesquare: autoDraw = False
21.0676 	DATA 	wsqS
21.0840 	EXP 	whitesquare: autoDraw = True
21.0840 	EXP 	whitesquare: autoDraw = False
21.0846 	DATA 	wsqS
21.1003 	EXP 	whitesquare: autoDraw = True
21.1003 	EXP 	whitesquare: autoDraw = False
21.1009 	DATA 	wsqS
21.1173 	EXP 	whitesquare: autoDraw = True
21.1173 	EXP 	whitesquare: autoDraw = False
21.1181 	DATA 	wsqS
21.1336 	EXP 	whitesquare: autoDraw = True
21.1336 	EXP 	whitesquare: autoDraw = False
21.1343 	DATA 	wsqS
21.1507 	EXP 	whitesquare: autoDraw = True
21.1507 	EXP 	whitesquare: autoDraw = False
21.1514 	DATA 	wsqS
21.1671 	EXP 	whitesquare: autoDraw = True
21.1671 	EXP 	whitesquare: autoDraw = False
21.1677 	DATA 	wsqS
21.1840 	EXP 	whitesquare: autoDraw = True
21.1840 	EXP 	whitesquare: autoDraw = False
21.1847 	DATA 	wsqS
21.2003 	EXP 	whitesquare: autoDraw = True
21.2003 	EXP 	whitesquare: autoDraw = False
21.2011 	DATA 	wsqS
21.2173 	EXP 	whitesquare: autoDraw = True
21.2173 	EXP 	whitesquare: autoDraw = False
21.2181 	DATA 	wsqS
21.2336 	EXP 	whitesquare: autoDraw = True
21.2336 	EXP 	whitesquare: autoDraw = False
21.2344 	DATA 	wsqS
21.2511 	EXP 	whitesquare: autoDraw = True
21.2511 	EXP 	whitesquare: autoDraw = False
21.2518 	DATA 	wsqS
21.2670 	EXP 	whitesquare: autoDraw = True
21.2670 	EXP 	whitesquare: autoDraw = False
21.2679 	DATA 	wsqS
21.2840 	EXP 	whitesquare: autoDraw = True
21.2840 	EXP 	whitesquare: autoDraw = False
21.2848 	DATA 	wsqS
21.3003 	EXP 	whitesquare: autoDraw = True
21.3003 	EXP 	whitesquare: autoDraw = False
21.3011 	DATA 	wsqS
21.3175 	EXP 	whitesquare: autoDraw = True
21.3175 	EXP 	whitesquare: autoDraw = False
21.3182 	DATA 	wsqS
21.3337 	EXP 	whitesquare: autoDraw = True
21.3337 	EXP 	whitesquare: autoDraw = False
21.3344 	DATA 	wsqS
21.3507 	EXP 	whitesquare: autoDraw = True
21.3507 	EXP 	whitesquare: autoDraw = False
21.3515 	DATA 	wsqS
21.3670 	EXP 	whitesquare: autoDraw = True
21.3670 	EXP 	whitesquare: autoDraw = False
21.3678 	DATA 	wsqS
21.3842 	EXP 	whitesquare: autoDraw = True
21.3842 	EXP 	whitesquare: autoDraw = False
21.3850 	DATA 	wsqS
21.4007 	EXP 	whitesquare: autoDraw = True
21.4007 	EXP 	whitesquare: autoDraw = False
21.4013 	DATA 	wsqS
21.4174 	EXP 	whitesquare: autoDraw = True
21.4174 	EXP 	whitesquare: autoDraw = False
21.4182 	DATA 	wsqS
21.4337 	EXP 	whitesquare: autoDraw = True
21.4337 	EXP 	whitesquare: autoDraw = False
21.4345 	DATA 	wsqS
21.4512 	EXP 	whitesquare: autoDraw = True
21.4512 	EXP 	whitesquare: autoDraw = False
21.4519 	DATA 	wsqS
21.4671 	EXP 	whitesquare: autoDraw = True
21.4671 	EXP 	whitesquare: autoDraw = False
21.4679 	DATA 	wsqS
21.4842 	EXP 	whitesquare: autoDraw = True
21.4842 	EXP 	whitesquare: autoDraw = False
21.4848 	DATA 	wsqS
21.5005 	EXP 	whitesquare: autoDraw = True
21.5005 	EXP 	whitesquare: autoDraw = False
21.5012 	DATA 	wsqS
21.5175 	EXP 	whitesquare: autoDraw = True
21.5175 	EXP 	whitesquare: autoDraw = False
21.5181 	DATA 	wsqS
21.5338 	EXP 	whitesquare: autoDraw = True
21.5338 	EXP 	whitesquare: autoDraw = False
21.5346 	DATA 	wsqS
21.5508 	EXP 	whitesquare: autoDraw = True
21.5508 	EXP 	whitesquare: autoDraw = False
21.5516 	DATA 	wsqS
21.5524 	EXP 	Set  sound=./sound/open_speak.wav
21.5671 	EXP 	whitesquare: autoDraw = True
21.5671 	EXP 	whitesquare: autoDraw = False
24.0535 	DATA 	wsqS
24.0683 	EXP 	whitesquare: autoDraw = True
24.0691 	DATA 	wsqS
24.0854 	EXP 	whitesquare: autoDraw = True
24.0854 	EXP 	whitesquare: autoDraw = False
24.0862 	DATA 	wsqS
24.1017 	EXP 	whitesquare: autoDraw = True
24.1017 	EXP 	whitesquare: autoDraw = False
24.1025 	DATA 	wsqS
24.1187 	EXP 	whitesquare: autoDraw = True
24.1187 	EXP 	whitesquare: autoDraw = False
24.1195 	DATA 	wsqS
24.1350 	EXP 	whitesquare: autoDraw = True
24.1350 	EXP 	whitesquare: autoDraw = False
24.1357 	DATA 	wsqS
24.1521 	EXP 	whitesquare: autoDraw = True
24.1521 	EXP 	whitesquare: autoDraw = False
24.1529 	DATA 	wsqS
24.1683 	EXP 	whitesquare: autoDraw = True
24.1683 	EXP 	whitesquare: autoDraw = False
24.1691 	DATA 	wsqS
24.1854 	EXP 	whitesquare: autoDraw = True
24.1854 	EXP 	whitesquare: autoDraw = False
24.1859 	DATA 	wsqS
24.2016 	EXP 	whitesquare: autoDraw = True
24.2016 	EXP 	whitesquare: autoDraw = False
24.2021 	DATA 	wsqS
24.2196 	EXP 	whitesquare: autoDraw = True
24.2196 	EXP 	whitesquare: autoDraw = False
24.2201 	DATA 	wsqS
24.2350 	EXP 	whitesquare: autoDraw = True
24.2350 	EXP 	whitesquare: autoDraw = False
24.2358 	DATA 	wsqS
24.2521 	EXP 	whitesquare: autoDraw = True
24.2521 	EXP 	whitesquare: autoDraw = False
24.2529 	DATA 	wsqS
24.2684 	EXP 	whitesquare: autoDraw = True
24.2684 	EXP 	whitesquare: autoDraw = False
24.2691 	DATA 	wsqS
24.2854 	EXP 	whitesquare: autoDraw = True
24.2854 	EXP 	whitesquare: autoDraw = False
24.2862 	DATA 	wsqS
24.3018 	EXP 	whitesquare: autoDraw = True
24.3018 	EXP 	whitesquare: autoDraw = False
24.3025 	DATA 	wsqS
24.3188 	EXP 	whitesquare: autoDraw = True
24.3188 	EXP 	whitesquare: autoDraw = False
24.3196 	DATA 	wsqS
24.3351 	EXP 	whitesquare: autoDraw = True
24.3351 	EXP 	whitesquare: autoDraw = False
24.3359 	DATA 	wsqS
24.3521 	EXP 	whitesquare: autoDraw = True
24.3521 	EXP 	whitesquare: autoDraw = False
24.3529 	DATA 	wsqS
24.3685 	EXP 	whitesquare: autoDraw = True
24.3685 	EXP 	whitesquare: autoDraw = False
24.3692 	DATA 	wsqS
24.3855 	EXP 	whitesquare: autoDraw = True
24.3855 	EXP 	whitesquare: autoDraw = False
24.3863 	DATA 	wsqS
24.4022 	EXP 	whitesquare: autoDraw = True
24.4022 	EXP 	whitesquare: autoDraw = False
24.4030 	DATA 	wsqS
24.4189 	EXP 	whitesquare: autoDraw = True
24.4189 	EXP 	whitesquare: autoDraw = False
24.4196 	DATA 	wsqS
24.4352 	EXP 	whitesquare: autoDraw = True
24.4352 	EXP 	whitesquare: autoDraw = False
24.4360 	DATA 	wsqS
24.4523 	EXP 	whitesquare: autoDraw = True
24.4523 	EXP 	whitesquare: autoDraw = False
24.4529 	DATA 	wsqS
24.4685 	EXP 	whitesquare: autoDraw = True
24.4685 	EXP 	whitesquare: autoDraw = False
24.4693 	DATA 	wsqS
24.4856 	EXP 	whitesquare: autoDraw = True
24.4856 	EXP 	whitesquare: autoDraw = False
24.4865 	DATA 	wsqS
24.5019 	EXP 	whitesquare: autoDraw = True
24.5019 	EXP 	whitesquare: autoDraw = False
24.5028 	DATA 	wsqS
24.5190 	EXP 	whitesquare: autoDraw = True
24.5190 	EXP 	whitesquare: autoDraw = False
24.5197 	DATA 	wsqS
24.5352 	EXP 	whitesquare: autoDraw = True
24.5352 	EXP 	whitesquare: autoDraw = False
24.5360 	DATA 	wsqS
24.5522 	EXP 	whitesquare: autoDraw = True
24.5522 	EXP 	whitesquare: autoDraw = False
24.5530 	DATA 	wsqS
24.5685 	EXP 	whitesquare: autoDraw = True
24.5685 	EXP 	whitesquare: autoDraw = False
24.5692 	DATA 	wsqS
24.5856 	EXP 	whitesquare: autoDraw = True
24.5856 	EXP 	whitesquare: autoDraw = False
24.5864 	DATA 	wsqS
24.6020 	EXP 	whitesquare: autoDraw = True
24.6020 	EXP 	whitesquare: autoDraw = False
24.6028 	DATA 	wsqS
24.6189 	EXP 	whitesquare: autoDraw = True
24.6189 	EXP 	whitesquare: autoDraw = False
24.6197 	DATA 	wsqS
24.6353 	EXP 	whitesquare: autoDraw = True
24.6353 	EXP 	whitesquare: autoDraw = False
24.6361 	DATA 	wsqS
24.6523 	EXP 	whitesquare: autoDraw = True
24.6523 	EXP 	whitesquare: autoDraw = False
24.6531 	DATA 	wsqS
24.6686 	EXP 	whitesquare: autoDraw = True
24.6686 	EXP 	whitesquare: autoDraw = False
24.6694 	DATA 	wsqS
24.6858 	EXP 	whitesquare: autoDraw = True
24.6858 	EXP 	whitesquare: autoDraw = False
24.6865 	DATA 	wsqS
24.7019 	EXP 	whitesquare: autoDraw = True
24.7019 	EXP 	whitesquare: autoDraw = False
24.7027 	DATA 	wsqS
24.7190 	EXP 	whitesquare: autoDraw = True
24.7190 	EXP 	whitesquare: autoDraw = False
24.7198 	DATA 	wsqS
24.7353 	EXP 	whitesquare: autoDraw = True
24.7353 	EXP 	whitesquare: autoDraw = False
24.7360 	DATA 	wsqS
24.7524 	EXP 	whitesquare: autoDraw = True
24.7524 	EXP 	whitesquare: autoDraw = False
24.7531 	DATA 	wsqS
24.7689 	EXP 	whitesquare: autoDraw = True
24.7689 	EXP 	whitesquare: autoDraw = False
24.7696 	DATA 	wsqS
24.7860 	EXP 	whitesquare: autoDraw = True
24.7860 	EXP 	whitesquare: autoDraw = False
24.7871 	DATA 	wsqS
24.8020 	EXP 	whitesquare: autoDraw = True
24.8020 	EXP 	whitesquare: autoDraw = False
24.8027 	DATA 	wsqS
24.8190 	EXP 	whitesquare: autoDraw = True
24.8190 	EXP 	whitesquare: autoDraw = False
24.8198 	DATA 	wsqS
24.8354 	EXP 	whitesquare: autoDraw = True
24.8354 	EXP 	whitesquare: autoDraw = False
24.8362 	DATA 	wsqS
24.8524 	EXP 	whitesquare: autoDraw = True
24.8524 	EXP 	whitesquare: autoDraw = False
24.8531 	DATA 	wsqS
24.8688 	EXP 	whitesquare: autoDraw = True
24.8688 	EXP 	whitesquare: autoDraw = False
24.8696 	DATA 	wsqS
24.8860 	EXP 	whitesquare: autoDraw = True
24.8860 	EXP 	whitesquare: autoDraw = False
24.8868 	DATA 	wsqS
24.9021 	EXP 	whitesquare: autoDraw = True
24.9021 	EXP 	whitesquare: autoDraw = False
24.9029 	DATA 	wsqS
24.9191 	EXP 	whitesquare: autoDraw = True
24.9191 	EXP 	whitesquare: autoDraw = False
24.9199 	DATA 	wsqS
24.9354 	EXP 	whitesquare: autoDraw = True
24.9354 	EXP 	whitesquare: autoDraw = False
24.9362 	DATA 	wsqS
24.9524 	EXP 	whitesquare: autoDraw = True
24.9524 	EXP 	whitesquare: autoDraw = False
24.9532 	DATA 	wsqS
24.9687 	EXP 	whitesquare: autoDraw = True
24.9687 	EXP 	whitesquare: autoDraw = False
24.9695 	DATA 	wsqS
24.9859 	EXP 	whitesquare: autoDraw = True
24.9859 	EXP 	whitesquare: autoDraw = False
24.9867 	DATA 	wsqS
25.0021 	EXP 	whitesquare: autoDraw = True
25.0021 	EXP 	whitesquare: autoDraw = False
25.0033 	DATA 	wsqS
25.0194 	EXP 	whitesquare: autoDraw = True
25.0194 	EXP 	whitesquare: autoDraw = False
25.0202 	DATA 	wsqS
25.0354 	EXP 	whitesquare: autoDraw = True
25.0354 	EXP 	whitesquare: autoDraw = False
25.0361 	DATA 	wsqS
25.0525 	EXP 	whitesquare: autoDraw = True
25.0525 	EXP 	whitesquare: autoDraw = False
25.0533 	DATA 	wsqS
25.0688 	EXP 	whitesquare: autoDraw = True
25.0688 	EXP 	whitesquare: autoDraw = False
25.0696 	DATA 	wsqS
25.0859 	EXP 	whitesquare: autoDraw = True
25.0859 	EXP 	whitesquare: autoDraw = False
25.0867 	DATA 	wsqS
25.1023 	EXP 	whitesquare: autoDraw = True
25.1023 	EXP 	whitesquare: autoDraw = False
25.1027 	DATA 	wsqS
25.1194 	EXP 	whitesquare: autoDraw = True
25.1194 	EXP 	whitesquare: autoDraw = False
25.1201 	DATA 	wsqS
25.1357 	EXP 	whitesquare: autoDraw = True
25.1357 	EXP 	whitesquare: autoDraw = False
25.1361 	DATA 	wsqS
25.1529 	EXP 	whitesquare: autoDraw = True
25.1529 	EXP 	whitesquare: autoDraw = False
25.1535 	DATA 	wsqS
25.1690 	EXP 	whitesquare: autoDraw = True
25.1690 	EXP 	whitesquare: autoDraw = False
25.1694 	DATA 	wsqS
25.1860 	EXP 	whitesquare: autoDraw = True
25.1860 	EXP 	whitesquare: autoDraw = False
25.1866 	DATA 	wsqS
25.2024 	EXP 	whitesquare: autoDraw = True
25.2024 	EXP 	whitesquare: autoDraw = False
25.2029 	DATA 	wsqS
25.2195 	EXP 	whitesquare: autoDraw = True
25.2195 	EXP 	whitesquare: autoDraw = False
25.2200 	DATA 	wsqS
25.2360 	EXP 	whitesquare: autoDraw = True
25.2360 	EXP 	whitesquare: autoDraw = False
25.2364 	DATA 	wsqS
25.2530 	EXP 	whitesquare: autoDraw = True
25.2530 	EXP 	whitesquare: autoDraw = False
25.2535 	DATA 	wsqS
25.2691 	EXP 	whitesquare: autoDraw = True
25.2691 	EXP 	whitesquare: autoDraw = False
25.2698 	DATA 	wsqS
25.2868 	EXP 	whitesquare: autoDraw = True
25.2868 	EXP 	whitesquare: autoDraw = False
25.2875 	DATA 	wsqS
25.3029 	EXP 	whitesquare: autoDraw = True
25.3029 	EXP 	whitesquare: autoDraw = False
25.3035 	DATA 	wsqS
25.3198 	EXP 	whitesquare: autoDraw = True
25.3198 	EXP 	whitesquare: autoDraw = False
25.3204 	DATA 	wsqS
25.3362 	EXP 	whitesquare: autoDraw = True
25.3362 	EXP 	whitesquare: autoDraw = False
25.3368 	DATA 	wsqS
25.3534 	EXP 	whitesquare: autoDraw = True
25.3534 	EXP 	whitesquare: autoDraw = False
25.3541 	DATA 	wsqS
25.3699 	EXP 	whitesquare: autoDraw = True
25.3699 	EXP 	whitesquare: autoDraw = False
25.3706 	DATA 	wsqS
25.3868 	EXP 	whitesquare: autoDraw = True
25.3868 	EXP 	whitesquare: autoDraw = False
25.3873 	DATA 	wsqS
25.4029 	EXP 	whitesquare: autoDraw = True
25.4029 	EXP 	whitesquare: autoDraw = False
25.4036 	DATA 	wsqS
25.4202 	EXP 	whitesquare: autoDraw = True
25.4202 	EXP 	whitesquare: autoDraw = False
25.4209 	DATA 	wsqS
25.4366 	EXP 	whitesquare: autoDraw = True
25.4366 	EXP 	whitesquare: autoDraw = False
25.4373 	DATA 	wsqS
25.4540 	EXP 	whitesquare: autoDraw = True
25.4540 	EXP 	whitesquare: autoDraw = False
25.4545 	DATA 	wsqS
25.4694 	EXP 	whitesquare: autoDraw = True
25.4694 	EXP 	whitesquare: autoDraw = False
25.4700 	DATA 	wsqS
25.4864 	EXP 	whitesquare: autoDraw = True
25.4864 	EXP 	whitesquare: autoDraw = False
25.4868 	DATA 	wsqS
25.5027 	EXP 	whitesquare: autoDraw = True
25.5027 	EXP 	whitesquare: autoDraw = False
25.5032 	DATA 	wsqS
25.5197 	EXP 	whitesquare: autoDraw = True
25.5197 	EXP 	whitesquare: autoDraw = False
25.5202 	DATA 	wsqS
25.5360 	EXP 	whitesquare: autoDraw = True
25.5360 	EXP 	whitesquare: autoDraw = False
25.5365 	DATA 	wsqS
25.5534 	EXP 	whitesquare: autoDraw = True
25.5534 	EXP 	whitesquare: autoDraw = False
25.5539 	DATA 	wsqS
25.5693 	EXP 	whitesquare: autoDraw = True
25.5693 	EXP 	whitesquare: autoDraw = False
25.5698 	DATA 	wsqS
25.5866 	EXP 	whitesquare: autoDraw = True
25.5866 	EXP 	whitesquare: autoDraw = False
25.5871 	DATA 	wsqS
25.6026 	EXP 	whitesquare: autoDraw = True
25.6026 	EXP 	whitesquare: autoDraw = False
25.6031 	DATA 	wsqS
25.6196 	EXP 	whitesquare: autoDraw = True
25.6196 	EXP 	whitesquare: autoDraw = False
25.6202 	DATA 	wsqS
25.6362 	EXP 	whitesquare: autoDraw = True
25.6362 	EXP 	whitesquare: autoDraw = False
25.6367 	DATA 	wsqS
25.6531 	EXP 	whitesquare: autoDraw = True
25.6531 	EXP 	whitesquare: autoDraw = False
25.6536 	DATA 	wsqS
25.6698 	EXP 	whitesquare: autoDraw = True
25.6698 	EXP 	whitesquare: autoDraw = False
25.6703 	DATA 	wsqS
25.6866 	EXP 	whitesquare: autoDraw = True
25.6866 	EXP 	whitesquare: autoDraw = False
25.6872 	DATA 	wsqS
25.7029 	EXP 	whitesquare: autoDraw = True
25.7029 	EXP 	whitesquare: autoDraw = False
25.7034 	DATA 	wsqS
25.7195 	EXP 	whitesquare: autoDraw = True
25.7195 	EXP 	whitesquare: autoDraw = False
25.7202 	DATA 	wsqS
25.7358 	EXP 	whitesquare: autoDraw = True
25.7358 	EXP 	whitesquare: autoDraw = False
25.7365 	DATA 	wsqS
25.7532 	EXP 	whitesquare: autoDraw = True
25.7532 	EXP 	whitesquare: autoDraw = False
25.7538 	DATA 	wsqS
25.7692 	EXP 	whitesquare: autoDraw = True
25.7692 	EXP 	whitesquare: autoDraw = False
25.7700 	DATA 	wsqS
25.7868 	EXP 	whitesquare: autoDraw = True
25.7868 	EXP 	whitesquare: autoDraw = False
25.7878 	DATA 	wsqS
25.8025 	EXP 	whitesquare: autoDraw = True
25.8025 	EXP 	whitesquare: autoDraw = False
25.8031 	DATA 	wsqS
25.8196 	EXP 	whitesquare: autoDraw = True
25.8196 	EXP 	whitesquare: autoDraw = False
25.8203 	DATA 	wsqS
25.8360 	EXP 	whitesquare: autoDraw = True
25.8360 	EXP 	whitesquare: autoDraw = False
25.8367 	DATA 	wsqS
25.8528 	EXP 	whitesquare: autoDraw = True
25.8528 	EXP 	whitesquare: autoDraw = False
25.8538 	DATA 	wsqS
25.8692 	EXP 	whitesquare: autoDraw = True
25.8692 	EXP 	whitesquare: autoDraw = False
25.8699 	DATA 	wsqS
25.8863 	EXP 	whitesquare: autoDraw = True
25.8863 	EXP 	whitesquare: autoDraw = False
25.8870 	DATA 	wsqS
25.9026 	EXP 	whitesquare: autoDraw = True
25.9026 	EXP 	whitesquare: autoDraw = False
25.9033 	DATA 	wsqS
25.9196 	EXP 	whitesquare: autoDraw = True
25.9196 	EXP 	whitesquare: autoDraw = False
25.9206 	DATA 	wsqS
25.9359 	EXP 	whitesquare: autoDraw = True
25.9359 	EXP 	whitesquare: autoDraw = False
25.9366 	DATA 	wsqS
25.9529 	EXP 	whitesquare: autoDraw = True
25.9529 	EXP 	whitesquare: autoDraw = False
25.9537 	DATA 	wsqS
25.9692 	EXP 	whitesquare: autoDraw = True
25.9692 	EXP 	whitesquare: autoDraw = False
25.9701 	DATA 	wsqS
25.9864 	EXP 	whitesquare: autoDraw = True
25.9864 	EXP 	whitesquare: autoDraw = False
25.9871 	DATA 	wsqS
26.0026 	EXP 	whitesquare: autoDraw = True
26.0026 	EXP 	whitesquare: autoDraw = False
26.0033 	DATA 	wsqS
26.0196 	EXP 	whitesquare: autoDraw = True
26.0196 	EXP 	whitesquare: autoDraw = False
26.0204 	DATA 	wsqS
26.0359 	EXP 	whitesquare: autoDraw = True
26.0359 	EXP 	whitesquare: autoDraw = False
26.0367 	DATA 	wsqS
26.0530 	EXP 	whitesquare: autoDraw = True
26.0530 	EXP 	whitesquare: autoDraw = False
26.0537 	DATA 	wsqS
26.0538 	EXP 	Sound  started
27.0554 	EXP 	Set  sound=./sound/left_speak.wav
27.0555 	EXP 	Set  sound=./sound/right_speak.wav
27.0556 	EXP 	Set  sound=./sound/up_speak.wav
27.0557 	EXP 	Set  sound=./sound/down_speak.wav
27.0700 	EXP 	whitesquare: autoDraw = True
27.0700 	EXP 	whitesquare: autoDraw = False
29.5557 	EXP 	Sound  started
30.7059 	EXP 	Sound  started
31.8570 	EXP 	Sound  started
33.0069 	EXP 	Sound  started
34.1579 	EXP 	Sound  started
35.3086 	EXP 	Sound  started
38.7268 	DATA 	wsqS
38.7420 	EXP 	whitesquare: autoDraw = True
38.7427 	DATA 	wsqS
38.7590 	EXP 	whitesquare: autoDraw = True
38.7590 	EXP 	whitesquare: autoDraw = False
38.7598 	DATA 	wsqS
38.7753 	EXP 	whitesquare: autoDraw = True
38.7753 	EXP 	whitesquare: autoDraw = False
38.7761 	DATA 	wsqS
38.7924 	EXP 	whitesquare: autoDraw = True
38.7924 	EXP 	whitesquare: autoDraw = False
38.7931 	DATA 	wsqS
38.8086 	EXP 	whitesquare: autoDraw = True
38.8086 	EXP 	whitesquare: autoDraw = False
38.8094 	DATA 	wsqS
38.8261 	EXP 	whitesquare: autoDraw = True
38.8261 	EXP 	whitesquare: autoDraw = False
38.8268 	DATA 	wsqS
38.8420 	EXP 	whitesquare: autoDraw = True
38.8420 	EXP 	whitesquare: autoDraw = False
38.8427 	DATA 	wsqS
38.8590 	EXP 	whitesquare: autoDraw = True
38.8590 	EXP 	whitesquare: autoDraw = False
38.8598 	DATA 	wsqS
38.8753 	EXP 	whitesquare: autoDraw = True
38.8753 	EXP 	whitesquare: autoDraw = False
38.8761 	DATA 	wsqS
38.8925 	EXP 	whitesquare: autoDraw = True
38.8925 	EXP 	whitesquare: autoDraw = False
38.8931 	DATA 	wsqS
38.9087 	EXP 	whitesquare: autoDraw = True
38.9087 	EXP 	whitesquare: autoDraw = False
38.9095 	DATA 	wsqS
38.9258 	EXP 	whitesquare: autoDraw = True
38.9258 	EXP 	whitesquare: autoDraw = False
38.9267 	DATA 	wsqS
38.9420 	EXP 	whitesquare: autoDraw = True
38.9420 	EXP 	whitesquare: autoDraw = False
38.9428 	DATA 	wsqS
38.9591 	EXP 	whitesquare: autoDraw = True
38.9591 	EXP 	whitesquare: autoDraw = False
38.9598 	DATA 	wsqS
38.9754 	EXP 	whitesquare: autoDraw = True
38.9754 	EXP 	whitesquare: autoDraw = False
38.9762 	DATA 	wsqS
38.9924 	EXP 	whitesquare: autoDraw = True
38.9924 	EXP 	whitesquare: autoDraw = False
38.9931 	DATA 	wsqS
39.0088 	EXP 	whitesquare: autoDraw = True
39.0088 	EXP 	whitesquare: autoDraw = False
39.0094 	DATA 	wsqS
39.0258 	EXP 	whitesquare: autoDraw = True
39.0258 	EXP 	whitesquare: autoDraw = False
39.0265 	DATA 	wsqS
39.0421 	EXP 	whitesquare: autoDraw = True
39.0421 	EXP 	whitesquare: autoDraw = False
39.0430 	DATA 	wsqS
39.0591 	EXP 	whitesquare: autoDraw = True
39.0591 	EXP 	whitesquare: autoDraw = False
39.0599 	DATA 	wsqS
39.0755 	EXP 	whitesquare: autoDraw = True
39.0755 	EXP 	whitesquare: autoDraw = False
39.0765 	DATA 	wsqS
39.0925 	EXP 	whitesquare: autoDraw = True
39.0925 	EXP 	whitesquare: autoDraw = False
39.0932 	DATA 	wsqS
39.1088 	EXP 	whitesquare: autoDraw = True
39.1088 	EXP 	whitesquare: autoDraw = False
39.1095 	DATA 	wsqS
39.1258 	EXP 	whitesquare: autoDraw = True
39.1258 	EXP 	whitesquare: autoDraw = False
39.1267 	DATA 	wsqS
39.1421 	EXP 	whitesquare: autoDraw = True
39.1421 	EXP 	whitesquare: autoDraw = False
39.1428 	DATA 	wsqS
39.1593 	EXP 	whitesquare: autoDraw = True
39.1593 	EXP 	whitesquare: autoDraw = False
39.1601 	DATA 	wsqS
39.1755 	EXP 	whitesquare: autoDraw = True
39.1755 	EXP 	whitesquare: autoDraw = False
39.1762 	DATA 	wsqS
39.1925 	EXP 	whitesquare: autoDraw = True
39.1925 	EXP 	whitesquare: autoDraw = False
39.1932 	DATA 	wsqS
39.2088 	EXP 	whitesquare: autoDraw = True
39.2088 	EXP 	whitesquare: autoDraw = False
39.2096 	DATA 	wsqS
39.2258 	EXP 	whitesquare: autoDraw = True
39.2258 	EXP 	whitesquare: autoDraw = False
39.2266 	DATA 	wsqS
39.2425 	EXP 	whitesquare: autoDraw = True
39.2425 	EXP 	whitesquare: autoDraw = False
39.2432 	DATA 	wsqS
39.2592 	EXP 	whitesquare: autoDraw = True
39.2592 	EXP 	whitesquare: autoDraw = False
39.2600 	DATA 	wsqS
39.2756 	EXP 	whitesquare: autoDraw = True
39.2756 	EXP 	whitesquare: autoDraw = False
39.2763 	DATA 	wsqS
39.2926 	EXP 	whitesquare: autoDraw = True
39.2926 	EXP 	whitesquare: autoDraw = False
39.2933 	DATA 	wsqS
39.3088 	EXP 	whitesquare: autoDraw = True
39.3088 	EXP 	whitesquare: autoDraw = False
39.3097 	DATA 	wsqS
39.3259 	EXP 	whitesquare: autoDraw = True
39.3259 	EXP 	whitesquare: autoDraw = False
39.3267 	DATA 	wsqS
39.3422 	EXP 	whitesquare: autoDraw = True
39.3422 	EXP 	whitesquare: autoDraw = False
39.3430 	DATA 	wsqS
39.3593 	EXP 	whitesquare: autoDraw = True
39.3593 	EXP 	whitesquare: autoDraw = False
39.3601 	DATA 	wsqS
39.3756 	EXP 	whitesquare: autoDraw = True
39.3756 	EXP 	whitesquare: autoDraw = False
39.3763 	DATA 	wsqS
39.3928 	EXP 	whitesquare: autoDraw = True
39.3928 	EXP 	whitesquare: autoDraw = False
39.3935 	DATA 	wsqS
39.4091 	EXP 	whitesquare: autoDraw = True
39.4091 	EXP 	whitesquare: autoDraw = False
39.4097 	DATA 	wsqS
39.4260 	EXP 	whitesquare: autoDraw = True
39.4260 	EXP 	whitesquare: autoDraw = False
39.4268 	DATA 	wsqS
39.4423 	EXP 	whitesquare: autoDraw = True
39.4423 	EXP 	whitesquare: autoDraw = False
39.4431 	DATA 	wsqS
39.4593 	EXP 	whitesquare: autoDraw = True
39.4593 	EXP 	whitesquare: autoDraw = False
39.4601 	DATA 	wsqS
39.4756 	EXP 	whitesquare: autoDraw = True
39.4756 	EXP 	whitesquare: autoDraw = False
39.4764 	DATA 	wsqS
39.4927 	EXP 	whitesquare: autoDraw = True
39.4927 	EXP 	whitesquare: autoDraw = False
39.4933 	DATA 	wsqS
39.5090 	EXP 	whitesquare: autoDraw = True
39.5090 	EXP 	whitesquare: autoDraw = False
39.5098 	DATA 	wsqS
39.5260 	EXP 	whitesquare: autoDraw = True
39.5260 	EXP 	whitesquare: autoDraw = False
39.5268 	DATA 	wsqS
39.5423 	EXP 	whitesquare: autoDraw = True
39.5423 	EXP 	whitesquare: autoDraw = False
39.5431 	DATA 	wsqS
39.5593 	EXP 	whitesquare: autoDraw = True
39.5593 	EXP 	whitesquare: autoDraw = False
39.5601 	DATA 	wsqS
39.5756 	EXP 	whitesquare: autoDraw = True
39.5756 	EXP 	whitesquare: autoDraw = False
39.5765 	DATA 	wsqS
39.5927 	EXP 	whitesquare: autoDraw = True
39.5927 	EXP 	whitesquare: autoDraw = False
39.5934 	DATA 	wsqS
39.6090 	EXP 	whitesquare: autoDraw = True
39.6090 	EXP 	whitesquare: autoDraw = False
39.6097 	DATA 	wsqS
39.6261 	EXP 	whitesquare: autoDraw = True
39.6261 	EXP 	whitesquare: autoDraw = False
39.6268 	DATA 	wsqS
39.6426 	EXP 	whitesquare: autoDraw = True
39.6426 	EXP 	whitesquare: autoDraw = False
39.6433 	DATA 	wsqS
39.6597 	EXP 	whitesquare: autoDraw = True
39.6597 	EXP 	whitesquare: autoDraw = False
39.6605 	DATA 	wsqS
39.6758 	EXP 	whitesquare: autoDraw = True
39.6758 	EXP 	whitesquare: autoDraw = False
39.6765 	DATA 	wsqS
39.6928 	EXP 	whitesquare: autoDraw = True
39.6928 	EXP 	whitesquare: autoDraw = False
39.6935 	DATA 	wsqS
39.7090 	EXP 	whitesquare: autoDraw = True
39.7090 	EXP 	whitesquare: autoDraw = False
39.7098 	DATA 	wsqS
39.7261 	EXP 	whitesquare: autoDraw = True
39.7261 	EXP 	whitesquare: autoDraw = False
39.7269 	DATA 	wsqS
39.7425 	EXP 	whitesquare: autoDraw = True
39.7425 	EXP 	whitesquare: autoDraw = False
39.7432 	DATA 	wsqS
39.7594 	EXP 	whitesquare: autoDraw = True
39.7594 	EXP 	whitesquare: autoDraw = False
39.7602 	DATA 	wsqS
39.7759 	EXP 	whitesquare: autoDraw = True
39.7759 	EXP 	whitesquare: autoDraw = False
39.7767 	DATA 	wsqS
39.7931 	EXP 	whitesquare: autoDraw = True
39.7931 	EXP 	whitesquare: autoDraw = False
39.7936 	DATA 	wsqS
39.8092 	EXP 	whitesquare: autoDraw = True
39.8092 	EXP 	whitesquare: autoDraw = False
39.8099 	DATA 	wsqS
39.8261 	EXP 	whitesquare: autoDraw = True
39.8261 	EXP 	whitesquare: autoDraw = False
39.8269 	DATA 	wsqS
39.8424 	EXP 	whitesquare: autoDraw = True
39.8424 	EXP 	whitesquare: autoDraw = False
39.8431 	DATA 	wsqS
39.8595 	EXP 	whitesquare: autoDraw = True
39.8595 	EXP 	whitesquare: autoDraw = False
39.8604 	DATA 	wsqS
39.8758 	EXP 	whitesquare: autoDraw = True
39.8758 	EXP 	whitesquare: autoDraw = False
39.8766 	DATA 	wsqS
39.8929 	EXP 	whitesquare: autoDraw = True
39.8929 	EXP 	whitesquare: autoDraw = False
39.8936 	DATA 	wsqS
39.9092 	EXP 	whitesquare: autoDraw = True
39.9092 	EXP 	whitesquare: autoDraw = False
39.9098 	DATA 	wsqS
39.9263 	EXP 	whitesquare: autoDraw = True
39.9263 	EXP 	whitesquare: autoDraw = False
39.9269 	DATA 	wsqS
39.9425 	EXP 	whitesquare: autoDraw = True
39.9425 	EXP 	whitesquare: autoDraw = False
39.9432 	DATA 	wsqS
39.9596 	EXP 	whitesquare: autoDraw = True
39.9596 	EXP 	whitesquare: autoDraw = False
39.9604 	DATA 	wsqS
39.9759 	EXP 	whitesquare: autoDraw = True
39.9759 	EXP 	whitesquare: autoDraw = False
39.9767 	DATA 	wsqS
39.9929 	EXP 	whitesquare: autoDraw = True
39.9929 	EXP 	whitesquare: autoDraw = False
39.9936 	DATA 	wsqS
40.0093 	EXP 	whitesquare: autoDraw = True
40.0093 	EXP 	whitesquare: autoDraw = False
40.0101 	DATA 	wsqS
40.0262 	EXP 	whitesquare: autoDraw = True
40.0262 	EXP 	whitesquare: autoDraw = False
40.0270 	DATA 	wsqS
40.0426 	EXP 	whitesquare: autoDraw = True
40.0426 	EXP 	whitesquare: autoDraw = False
40.0433 	DATA 	wsqS
40.0596 	EXP 	whitesquare: autoDraw = True
40.0596 	EXP 	whitesquare: autoDraw = False
40.0603 	DATA 	wsqS
40.0759 	EXP 	whitesquare: autoDraw = True
40.0759 	EXP 	whitesquare: autoDraw = False
40.0768 	DATA 	wsqS
40.0929 	EXP 	whitesquare: autoDraw = True
40.0929 	EXP 	whitesquare: autoDraw = False
40.0937 	DATA 	wsqS
40.1094 	EXP 	whitesquare: autoDraw = True
40.1094 	EXP 	whitesquare: autoDraw = False
40.1101 	DATA 	wsqS
40.1272 	EXP 	whitesquare: autoDraw = True
40.1272 	EXP 	whitesquare: autoDraw = False
40.1277 	DATA 	wsqS
40.1430 	EXP 	whitesquare: autoDraw = True
40.1430 	EXP 	whitesquare: autoDraw = False
40.1434 	DATA 	wsqS
40.1599 	EXP 	whitesquare: autoDraw = True
40.1599 	EXP 	whitesquare: autoDraw = False
40.1604 	DATA 	wsqS
40.1764 	EXP 	whitesquare: autoDraw = True
40.1764 	EXP 	whitesquare: autoDraw = False
40.1770 	DATA 	wsqS
40.1932 	EXP 	whitesquare: autoDraw = True
40.1932 	EXP 	whitesquare: autoDraw = False
40.1938 	DATA 	wsqS
40.2096 	EXP 	whitesquare: autoDraw = True
40.2096 	EXP 	whitesquare: autoDraw = False
40.2101 	DATA 	wsqS
40.2267 	EXP 	whitesquare: autoDraw = True
40.2267 	EXP 	whitesquare: autoDraw = False
40.2272 	DATA 	wsqS
40.2428 	EXP 	whitesquare: autoDraw = True
40.2428 	EXP 	whitesquare: autoDraw = False
40.2433 	DATA 	wsqS
40.2600 	EXP 	whitesquare: autoDraw = True
40.2600 	EXP 	whitesquare: autoDraw = False
40.2604 	DATA 	wsqS
40.2762 	EXP 	whitesquare: autoDraw = True
40.2762 	EXP 	whitesquare: autoDraw = False
40.2767 	DATA 	wsqS
40.2932 	EXP 	whitesquare: autoDraw = True
40.2932 	EXP 	whitesquare: autoDraw = False
40.2937 	DATA 	wsqS
40.3099 	EXP 	whitesquare: autoDraw = True
40.3099 	EXP 	whitesquare: autoDraw = False
40.3105 	DATA 	wsqS
40.3269 	EXP 	whitesquare: autoDraw = True
40.3269 	EXP 	whitesquare: autoDraw = False
40.3276 	DATA 	wsqS
40.3430 	EXP 	whitesquare: autoDraw = True
40.3430 	EXP 	whitesquare: autoDraw = False
40.3434 	DATA 	wsqS
40.3600 	EXP 	whitesquare: autoDraw = True
40.3600 	EXP 	whitesquare: autoDraw = False
40.3604 	DATA 	wsqS
40.3766 	EXP 	whitesquare: autoDraw = True
40.3766 	EXP 	whitesquare: autoDraw = False
40.3770 	DATA 	wsqS
40.3936 	EXP 	whitesquare: autoDraw = True
40.3936 	EXP 	whitesquare: autoDraw = False
40.3940 	DATA 	wsqS
40.4100 	EXP 	whitesquare: autoDraw = True
40.4100 	EXP 	whitesquare: autoDraw = False
40.4107 	DATA 	wsqS
40.4272 	EXP 	whitesquare: autoDraw = True
40.4272 	EXP 	whitesquare: autoDraw = False
40.4279 	DATA 	wsqS
40.4434 	EXP 	whitesquare: autoDraw = True
40.4434 	EXP 	whitesquare: autoDraw = False
40.4441 	DATA 	wsqS
40.4605 	EXP 	whitesquare: autoDraw = True
40.4605 	EXP 	whitesquare: autoDraw = False
40.4611 	DATA 	wsqS
40.4769 	EXP 	whitesquare: autoDraw = True
40.4769 	EXP 	whitesquare: autoDraw = False
40.4776 	DATA 	wsqS
40.4937 	EXP 	whitesquare: autoDraw = True
40.4937 	EXP 	whitesquare: autoDraw = False
40.4943 	DATA 	wsqS
40.5101 	EXP 	whitesquare: autoDraw = True
40.5101 	EXP 	whitesquare: autoDraw = False
40.5108 	DATA 	wsqS
40.5278 	EXP 	whitesquare: autoDraw = True
40.5278 	EXP 	whitesquare: autoDraw = False
40.5285 	DATA 	wsqS
40.5432 	EXP 	whitesquare: autoDraw = True
40.5432 	EXP 	whitesquare: autoDraw = False
40.5437 	DATA 	wsqS
40.5605 	EXP 	whitesquare: autoDraw = True
40.5605 	EXP 	whitesquare: autoDraw = False
40.5611 	DATA 	wsqS
40.5762 	EXP 	whitesquare: autoDraw = True
40.5762 	EXP 	whitesquare: autoDraw = False
40.5767 	DATA 	wsqS
40.5934 	EXP 	whitesquare: autoDraw = True
40.5934 	EXP 	whitesquare: autoDraw = False
40.5938 	DATA 	wsqS
40.6098 	EXP 	whitesquare: autoDraw = True
40.6098 	EXP 	whitesquare: autoDraw = False
40.6103 	DATA 	wsqS
40.6266 	EXP 	whitesquare: autoDraw = True
40.6266 	EXP 	whitesquare: autoDraw = False
40.6271 	DATA 	wsqS
40.6431 	EXP 	whitesquare: autoDraw = True
40.6431 	EXP 	whitesquare: autoDraw = False
40.6436 	DATA 	wsqS
40.6601 	EXP 	whitesquare: autoDraw = True
40.6601 	EXP 	whitesquare: autoDraw = False
40.6606 	DATA 	wsqS
40.6768 	EXP 	whitesquare: autoDraw = True
40.6768 	EXP 	whitesquare: autoDraw = False
40.6775 	DATA 	wsqS
40.6934 	EXP 	whitesquare: autoDraw = True
40.6934 	EXP 	whitesquare: autoDraw = False
40.6941 	DATA 	wsqS
40.7097 	EXP 	whitesquare: autoDraw = True
40.7097 	EXP 	whitesquare: autoDraw = False
40.7102 	DATA 	wsqS
40.7269 	EXP 	whitesquare: autoDraw = True
40.7269 	EXP 	whitesquare: autoDraw = False
40.7276 	DATA 	wsqS
40.7285 	EXP 	Set  sound=./sound/open_speak.wav
40.7429 	EXP 	whitesquare: autoDraw = True
40.7429 	EXP 	whitesquare: autoDraw = False
43.2288 	DATA 	wsqS
43.2441 	EXP 	whitesquare: autoDraw = True
43.2448 	DATA 	wsqS
43.2611 	EXP 	whitesquare: autoDraw = True
43.2611 	EXP 	whitesquare: autoDraw = False
43.2619 	DATA 	wsqS
43.2774 	EXP 	whitesquare: autoDraw = True
43.2774 	EXP 	whitesquare: autoDraw = False
43.2782 	DATA 	wsqS
43.2945 	EXP 	whitesquare: autoDraw = True
43.2945 	EXP 	whitesquare: autoDraw = False
43.2952 	DATA 	wsqS
43.3107 	EXP 	whitesquare: autoDraw = True
43.3107 	EXP 	whitesquare: autoDraw = False
43.3115 	DATA 	wsqS
43.3279 	EXP 	whitesquare: autoDraw = True
43.3279 	EXP 	whitesquare: autoDraw = False
43.3286 	DATA 	wsqS
43.3441 	EXP 	whitesquare: autoDraw = True
43.3441 	EXP 	whitesquare: autoDraw = False
43.3449 	DATA 	wsqS
43.3612 	EXP 	whitesquare: autoDraw = True
43.3612 	EXP 	whitesquare: autoDraw = False
43.3619 	DATA 	wsqS
43.3776 	EXP 	whitesquare: autoDraw = True
43.3776 	EXP 	whitesquare: autoDraw = False
43.3784 	DATA 	wsqS
43.3945 	EXP 	whitesquare: autoDraw = True
43.3945 	EXP 	whitesquare: autoDraw = False
43.3953 	DATA 	wsqS
43.4110 	EXP 	whitesquare: autoDraw = True
43.4110 	EXP 	whitesquare: autoDraw = False
43.4117 	DATA 	wsqS
43.4279 	EXP 	whitesquare: autoDraw = True
43.4279 	EXP 	whitesquare: autoDraw = False
43.4286 	DATA 	wsqS
43.4442 	EXP 	whitesquare: autoDraw = True
43.4442 	EXP 	whitesquare: autoDraw = False
43.4450 	DATA 	wsqS
43.4612 	EXP 	whitesquare: autoDraw = True
43.4612 	EXP 	whitesquare: autoDraw = False
43.4620 	DATA 	wsqS
43.4776 	EXP 	whitesquare: autoDraw = True
43.4776 	EXP 	whitesquare: autoDraw = False
43.4783 	DATA 	wsqS
43.4945 	EXP 	whitesquare: autoDraw = True
43.4945 	EXP 	whitesquare: autoDraw = False
43.4953 	DATA 	wsqS
43.5108 	EXP 	whitesquare: autoDraw = True
43.5108 	EXP 	whitesquare: autoDraw = False
43.5116 	DATA 	wsqS
43.5282 	EXP 	whitesquare: autoDraw = True
43.5282 	EXP 	whitesquare: autoDraw = False
43.5290 	DATA 	wsqS
43.5442 	EXP 	whitesquare: autoDraw = True
43.5442 	EXP 	whitesquare: autoDraw = False
43.5450 	DATA 	wsqS
43.5613 	EXP 	whitesquare: autoDraw = True
43.5613 	EXP 	whitesquare: autoDraw = False
43.5619 	DATA 	wsqS
43.5775 	EXP 	whitesquare: autoDraw = True
43.5775 	EXP 	whitesquare: autoDraw = False
43.5783 	DATA 	wsqS
43.5946 	EXP 	whitesquare: autoDraw = True
43.5946 	EXP 	whitesquare: autoDraw = False
43.5954 	DATA 	wsqS
43.6109 	EXP 	whitesquare: autoDraw = True
43.6109 	EXP 	whitesquare: autoDraw = False
43.6117 	DATA 	wsqS
43.6279 	EXP 	whitesquare: autoDraw = True
43.6279 	EXP 	whitesquare: autoDraw = False
43.6288 	DATA 	wsqS
43.6442 	EXP 	whitesquare: autoDraw = True
43.6442 	EXP 	whitesquare: autoDraw = False
43.6450 	DATA 	wsqS
43.6613 	EXP 	whitesquare: autoDraw = True
43.6613 	EXP 	whitesquare: autoDraw = False
43.6621 	DATA 	wsqS
43.6777 	EXP 	whitesquare: autoDraw = True
43.6777 	EXP 	whitesquare: autoDraw = False
43.6785 	DATA 	wsqS
43.6946 	EXP 	whitesquare: autoDraw = True
43.6946 	EXP 	whitesquare: autoDraw = False
43.6954 	DATA 	wsqS
43.7110 	EXP 	whitesquare: autoDraw = True
43.7110 	EXP 	whitesquare: autoDraw = False
43.7117 	DATA 	wsqS
43.7280 	EXP 	whitesquare: autoDraw = True
43.7280 	EXP 	whitesquare: autoDraw = False
43.7289 	DATA 	wsqS
43.7443 	EXP 	whitesquare: autoDraw = True
43.7443 	EXP 	whitesquare: autoDraw = False
43.7452 	DATA 	wsqS
43.7614 	EXP 	whitesquare: autoDraw = True
43.7614 	EXP 	whitesquare: autoDraw = False
43.7621 	DATA 	wsqS
43.7778 	EXP 	whitesquare: autoDraw = True
43.7778 	EXP 	whitesquare: autoDraw = False
43.7785 	DATA 	wsqS
43.7818 	DATA 	Keypress: escape
44.0619 	EXP 	window1: mouseVisible = True
